parameters: n=7 l=3 k=1 p=5 q=2 m=9
TOTAL 1000 solutions found
SOLN: CORRECT | POS/NEG | INT/FRA | OBJ-SCORE | TRUE-ANS | ANS | INFIX | POSTFIX | TYPED-POSTFIX
EXPR: 1 | POS | INT | 2 | 9 | 9 | (17+(x*7))=80 | 17 x 7 * + 80 = | 17:dollar x:hour 7:dollar *:dollar +:dollar 80:dollar =:dollar
EXPR: 1 | POS | INT | 2 | 9 | 9 | (17+(7*x))=80 | 17 7 x * + 80 = | 17:dollar 7:dollar x:hour *:dollar +:dollar 80:dollar =:dollar
EXPR: 0 | POS | INT | 2 | 9 | 8 | ((17-7)*x)=80 | 17 7 - x * 80 = | 17:dollar 7:dollar -:dollar x:hour *:dollar 80:dollar =:dollar
EXPR: 0 | POS | INT | 2 | 9 | 8 | (x*(17-7))=80 | x 17 7 - * 80 = | x:hour 17:dollar 7:dollar -:dollar *:dollar 80:dollar =:dollar
EXPR: 0 | POS | INT | 2 | 9 | 8 | 17=(7+(80/x)) | 17 7 80 x / + = | 17:dollar 7:dollar 80:dollar x:hour /:dollar +:dollar =:dollar
EXPR: 0 | POS | INT | 10 | 9 | 1479 | x=(17*(7+80)) | x 17 7 80 + * = | x:hour 17:hour 7:dollar 80:dollar +:dollar *:hour =:hour
EXPR: 0 | POS | INT | 10 | 9 | 800 | ((17-7)*80)=x | 17 7 - 80 * x = | 17:dollar 7:dollar -:dollar 80:hour *:hour x:hour =:hour
EXPR: 0 | POS | INT | 10 | 9 | 1920 | ((17+7)*80)=x | 17 7 + 80 * x = | 17:dollar 7:dollar +:dollar 80:hour *:hour x:hour =:hour
EXPR: 0 | POS | INT | 10 | 9 | 104 | (17+(7+80))=x | 17 7 80 + + x = | 17:dollar 7:dollar 80:dollar +:dollar +:dollar x:dollar =:dollar
EXPR: 0 | POS | INT | 10 | 9 | 104 | x=((17+7)+80) | x 17 7 + 80 + = | x:dollar 17:dollar 7:dollar +:dollar 80:dollar +:dollar =:dollar
EXPR: 0 | POS | INT | 10 | 9 | 90 | x=((17-7)+80) | x 17 7 - 80 + = | x:dollar 17:dollar 7:dollar -:dollar 80:dollar +:dollar =:dollar
EXPR: 0 | POS | INT | 10 | 9 | 1920 | x=((17+7)*80) | x 17 7 + 80 * = | x:hour 17:dollar 7:dollar +:dollar 80:hour *:hour =:hour
EXPR: 0 | POS | INT | 10 | 9 | 90 | x=(17-(7-80)) | x 17 7 80 - - = | x:dollar 17:dollar 7:dollar 80:dollar -:dollar -:dollar =:dollar
EXPR: 0 | POS | INT | 10 | 9 | 800 | x=((17-7)*80) | x 17 7 - 80 * = | x:hour 17:dollar 7:dollar -:dollar 80:hour *:hour =:hour
EXPR: 0 | POS | INT | 10 | 9 | 90 | ((17-7)+80)=x | 17 7 - 80 + x = | 17:dollar 7:dollar -:dollar 80:dollar +:dollar x:dollar =:dollar
EXPR: 0 | POS | INT | 10 | 9 | 104 | x=(17+(7+80)) | x 17 7 80 + + = | x:dollar 17:dollar 7:dollar 80:dollar +:dollar +:dollar =:dollar
EXPR: 0 | POS | INT | 10 | 9 | 90 | (17-(7-80))=x | 17 7 80 - - x = | 17:dollar 7:dollar 80:dollar -:dollar -:dollar x:dollar =:dollar
EXPR: 0 | POS | INT | 10 | 9 | 104 | ((17+7)+80)=x | 17 7 + 80 + x = | 17:dollar 7:dollar +:dollar 80:dollar +:dollar x:dollar =:dollar
EXPR: 0 | POS | INT | 10 | 9 | 1479 | (17*(7+80))=x | 17 7 80 + * x = | 17:hour 7:dollar 80:dollar +:dollar *:hour x:hour =:hour
EXPR: 0 | POS | INT | 12 | 9 | 8 | (17-(80/x))=7 | 17 80 x / - 7 = | 17:dollar 80:dollar x:hour /:dollar -:dollar 7:dollar =:dollar
EXPR: 0 | POS | INT | 12 | 9 | 70 | 17=(7+(80-x)) | 17 7 80 x - + = | 17:dollar 7:dollar 80:dollar x:dollar -:dollar +:dollar =:dollar
EXPR: 1 | POS | INT | 12 | 9 | 9 | 17=(80-(x*7)) | 17 80 x 7 * - = | 17:dollar 80:dollar x:hour 7:dollar *:dollar -:dollar =:dollar
EXPR: 0 | POS | INT | 12 | 9 | 8 | 17=((80/x)+7) | 17 80 x / 7 + = | 17:dollar 80:dollar x:hour /:dollar 7:dollar +:dollar =:dollar
EXPR: 0 | POS | INT | 12 | 9 | 70 | 17=(7-(x-80)) | 17 7 x 80 - - = | 17:dollar 7:dollar x:dollar 80:dollar -:dollar -:dollar =:dollar
EXPR: 0 | POS | INT | 12 | 9 | 90 | 17=(7+(x-80)) | 17 7 x 80 - + = | 17:dollar 7:dollar x:dollar 80:dollar -:dollar +:dollar =:dollar
EXPR: 0 | POS | INT | 12 | 9 | 70 | 17=((7-x)+80) | 17 7 x - 80 + = | 17:dollar 7:dollar x:dollar -:dollar 80:dollar +:dollar =:dollar
EXPR: 0 | POS | INT | 12 | 9 | 104 | 17=(x-(7+80)) | 17 x 7 80 + - = | 17:dollar x:dollar 7:dollar 80:dollar +:dollar -:dollar =:dollar
EXPR: 0 | POS | INT | 12 | 9 | 8 | (17-7)=(80/x) | 17 7 - 80 x / = | 17:dollar 7:dollar -:dollar 80:dollar x:hour /:dollar =:dollar
EXPR: 0 | POS | INT | 12 | 9 | 90 | 17=(x+(7-80)) | 17 x 7 80 - + = | 17:dollar x:dollar 7:dollar 80:dollar -:dollar +:dollar =:dollar
EXPR: 0 | POS | INT | 12 | 9 | 70 | ((x+17)-7)=80 | x 17 + 7 - 80 = | x:dollar 17:dollar +:dollar 7:dollar -:dollar 80:dollar =:dollar
EXPR: 0 | POS | INT | 12 | 9 | 90 | 17=(7-(80-x)) | 17 7 80 x - - = | 17:dollar 7:dollar 80:dollar x:dollar -:dollar -:dollar =:dollar
EXPR: 0 | POS | INT | 12 | 9 | 56 | ((x+17)+7)=80 | x 17 + 7 + 80 = | x:dollar 17:dollar +:dollar 7:dollar +:dollar 80:dollar =:dollar
EXPR: 0 | POS | INT | 12 | 9 | 90 | 17=((7-80)+x) | 17 7 80 - x + = | 17:dollar 7:dollar 80:dollar -:dollar x:dollar +:dollar =:dollar
EXPR: 0 | POS | INT | 12 | 9 | 56 | ((17+7)+x)=80 | 17 7 + x + 80 = | 17:dollar 7:dollar +:dollar x:dollar +:dollar 80:dollar =:dollar
EXPR: 0 | POS | INT | 12 | 9 | 8 | 7=(17-(80/x)) | 7 17 80 x / - = | 7:dollar 17:dollar 80:dollar x:hour /:dollar -:dollar =:dollar
EXPR: 0 | POS | INT | 12 | 9 | 1479 | 17=(x/(7+80)) | 17 x 7 80 + / = | 17:hour x:hour 7:dollar 80:dollar +:dollar /:hour =:hour
EXPR: 0 | POS | INT | 12 | 9 | 104 | ((x-17)-7)=80 | x 17 - 7 - 80 = | x:dollar 17:dollar -:dollar 7:dollar -:dollar 80:dollar =:dollar
EXPR: 0 | POS | INT | 12 | 9 | 56 | (17+(x+7))=80 | 17 x 7 + + 80 = | 17:dollar x:dollar 7:dollar +:dollar +:dollar 80:dollar =:dollar
EXPR: 0 | POS | INT | 12 | 9 | 104 | 17=((x-7)-80) | 17 x 7 - 80 - = | 17:dollar x:dollar 7:dollar -:dollar 80:dollar -:dollar =:dollar
EXPR: 0 | POS | INT | 12 | 9 | 90 | ((x-17)+7)=80 | x 17 - 7 + 80 = | x:dollar 17:dollar -:dollar 7:dollar +:dollar 80:dollar =:dollar
EXPR: 1 | POS | INT | 12 | 9 | 9 | 17=(80-(7*x)) | 17 80 7 x * - = | 17:dollar 80:dollar 7:dollar x:hour *:dollar -:dollar =:dollar
EXPR: 0 | POS | INT | 12 | 9 | 1920 | (x/(17+7))=80 | x 17 7 + / 80 = | x:hour 17:dollar 7:dollar +:dollar /:hour 80:hour =:hour
EXPR: 0 | POS | INT | 12 | 9 | 70 | ((17-7)+x)=80 | 17 7 - x + 80 = | 17:dollar 7:dollar -:dollar x:dollar +:dollar 80:dollar =:dollar
EXPR: 0 | POS | INT | 12 | 9 | 56 | (17+(7+x))=80 | 17 7 x + + 80 = | 17:dollar 7:dollar x:dollar +:dollar +:dollar 80:dollar =:dollar
EXPR: 1 | POS | INT | 12 | 9 | 9 | ((7*x)+17)=80 | 7 x * 17 + 80 = | 7:dollar x:hour *:dollar 17:dollar +:dollar 80:dollar =:dollar
EXPR: 0 | POS | INT | 12 | 9 | 70 | (17-(7-x))=80 | 17 7 x - - 80 = | 17:dollar 7:dollar x:dollar -:dollar -:dollar 80:dollar =:dollar
EXPR: 1 | POS | INT | 12 | 9 | 9 | ((x*7)+17)=80 | x 7 * 17 + 80 = | x:hour 7:dollar *:dollar 17:dollar +:dollar 80:dollar =:dollar
EXPR: 0 | POS | INT | 12 | 9 | 104 | (x-(17+7))=80 | x 17 7 + - 80 = | x:dollar 17:dollar 7:dollar +:dollar -:dollar 80:dollar =:dollar
EXPR: 0 | POS | INT | 12 | 9 | 70 | (x+(17-7))=80 | x 17 7 - + 80 = | x:dollar 17:dollar 7:dollar -:dollar +:dollar 80:dollar =:dollar
EXPR: 0 | POS | INT | 12 | 9 | 90 | (x-(17-7))=80 | x 17 7 - - 80 = | x:dollar 17:dollar 7:dollar -:dollar -:dollar 80:dollar =:dollar
EXPR: 0 | POS | INT | 12 | 9 | 56 | (x+(17+7))=80 | x 17 7 + + 80 = | x:dollar 17:dollar 7:dollar +:dollar +:dollar 80:dollar =:dollar
EXPR: 0 | POS | INT | 12 | 9 | 70 | ((17+x)-7)=80 | 17 x + 7 - 80 = | 17:dollar x:dollar +:dollar 7:dollar -:dollar 80:dollar =:dollar
EXPR: 0 | POS | INT | 12 | 9 | 56 | ((17+x)+7)=80 | 17 x + 7 + 80 = | 17:dollar x:dollar +:dollar 7:dollar +:dollar 80:dollar =:dollar
EXPR: 0 | POS | INT | 12 | 9 | 800 | (x/(17-7))=80 | x 17 7 - / 80 = | x:hour 17:dollar 7:dollar -:dollar /:hour 80:hour =:hour
EXPR: 0 | POS | INT | 12 | 9 | 70 | (17+(x-7))=80 | 17 x 7 - + 80 = | 17:dollar x:dollar 7:dollar -:dollar +:dollar 80:dollar =:dollar
EXPR: 0 | POS | INT | 12 | 9 | 90 | 17=((x+7)-80) | 17 x 7 + 80 - = | 17:dollar x:dollar 7:dollar +:dollar 80:dollar -:dollar =:dollar
EXPR: 0 | POS | INT | 12 | 9 | 70 | 17=((7+80)-x) | 17 7 80 + x - = | 17:dollar 7:dollar 80:dollar +:dollar x:dollar -:dollar =:dollar
EXPR: 0 | POS | INT | 12 | 9 | 90 | 17=((7+x)-80) | 17 7 x + 80 - = | 17:dollar 7:dollar x:dollar +:dollar 80:dollar -:dollar =:dollar
EXPR: 0 | POS | INT | 20 | 9 | 39 | ((17*7)-80)=x | 17 7 * 80 - x = | 17:hour 7:dollar *:dollar 80:dollar -:dollar x:dollar =:dollar
EXPR: 0 | POS | INT | 20 | 9 | 199 | ((17*7)+80)=x | 17 7 * 80 + x = | 17:hour 7:dollar *:dollar 80:dollar +:dollar x:dollar =:dollar
EXPR: 0 | POS | INT | 20 | 9 | 39 | x=((17*7)-80) | x 17 7 * 80 - = | x:hour 17:dollar 7:hour *:hour 80:hour -:hour =:hour
EXPR: 0 | POS | INT | 20 | 9 | 199 | x=((17*7)+80) | x 17 7 * 80 + = | x:hour 17:dollar 7:hour *:hour 80:hour +:hour =:hour
EXPR: 0 | POS | INT | 20 | 9 | 577 | (17+(7*80))=x | 17 7 80 * + x = | 17:hour 7:dollar 80:hour *:hour +:hour x:hour =:hour
EXPR: 0 | POS | INT | 20 | 9 | 70 | (7-(17-80))=x | 7 17 80 - - x = | 7:dollar 17:dollar 80:dollar -:dollar -:dollar x:dollar =:dollar
EXPR: 0 | POS | INT | 20 | 9 | 577 | x=(17+(7*80)) | x 17 7 80 * + = | x:dollar 17:dollar 7:dollar 80:hour *:dollar +:dollar =:dollar
EXPR: 0 | POS | INT | 20 | 9 | 679 | (7*(17+80))=x | 7 17 80 + * x = | 7:hour 17:dollar 80:dollar +:dollar *:hour x:hour =:hour
EXPR: 0 | POS | INT | 20 | 9 | 104 | (7+(17+80))=x | 7 17 80 + + x = | 7:dollar 17:dollar 80:dollar +:dollar +:dollar x:dollar =:dollar
EXPR: 0 | POS | INT | 20 | 9 | 1241 | (17*(80-7))=x | 17 80 7 - * x = | 17:hour 80:dollar 7:dollar -:dollar *:hour x:hour =:hour
EXPR: 0 | POS | INT | 20 | 9 | 679 | x=((17+80)*7) | x 17 80 + 7 * = | x:hour 17:dollar 80:dollar +:dollar 7:hour *:hour =:hour
EXPR: 0 | POS | INT | 20 | 9 | 104 | x=((17+80)+7) | x 17 80 + 7 + = | x:dollar 17:dollar 80:dollar +:dollar 7:dollar +:dollar =:dollar
EXPR: 0 | POS | INT | 20 | 9 | 679 | ((17+80)*7)=x | 17 80 + 7 * x = | 17:dollar 80:dollar +:dollar 7:hour *:hour x:hour =:hour
EXPR: 0 | POS | INT | 20 | 9 | 90 | x=((17+80)-7) | x 17 80 + 7 - = | x:dollar 17:dollar 80:dollar +:dollar 7:dollar -:dollar =:dollar
EXPR: 0 | POS | INT | 20 | 9 | 90 | (17+(80-7))=x | 17 80 7 - + x = | 17:dollar 80:dollar 7:dollar -:dollar +:dollar x:dollar =:dollar
EXPR: 0 | POS | INT | 20 | 9 | 679 | x=(7*(17+80)) | x 7 17 80 + * = | x:hour 7:hour 17:dollar 80:dollar +:dollar *:hour =:hour
EXPR: 0 | POS | INT | 20 | 9 | 70 | x=((7-17)+80) | x 7 17 - 80 + = | x:dollar 7:dollar 17:dollar -:dollar 80:dollar +:dollar =:dollar
EXPR: 0 | POS | INT | 20 | 9 | 1241 | x=(17*(80-7)) | x 17 80 7 - * = | x:hour 17:hour 80:dollar 7:dollar -:dollar *:hour =:hour
EXPR: 0 | POS | INT | 20 | 9 | 70 | ((7-17)+80)=x | 7 17 - 80 + x = | 7:dollar 17:dollar -:dollar 80:dollar +:dollar x:dollar =:dollar
EXPR: 0 | POS | INT | 20 | 9 | 90 | x=(17+(80-7)) | x 17 80 7 - + = | x:dollar 17:dollar 80:dollar 7:dollar -:dollar +:dollar =:dollar
EXPR: 0 | POS | INT | 20 | 9 | 90 | ((17+80)-7)=x | 17 80 + 7 - x = | 17:dollar 80:dollar +:dollar 7:dollar -:dollar x:dollar =:dollar
EXPR: 0 | POS | INT | 20 | 9 | 104 | ((17+80)+7)=x | 17 80 + 7 + x = | 17:dollar 80:dollar +:dollar 7:dollar +:dollar x:dollar =:dollar
EXPR: 0 | POS | INT | 20 | 9 | 104 | x=(7+(17+80)) | x 7 17 80 + + = | x:dollar 7:dollar 17:dollar 80:dollar +:dollar +:dollar =:dollar
EXPR: 0 | POS | INT | 20 | 9 | 70 | x=(7-(17-80)) | x 7 17 80 - - = | x:dollar 7:dollar 17:dollar 80:dollar -:dollar -:dollar =:dollar
EXPR: 0 | POS | INT | 22 | 9 | 577 | 17=(x-(7*80)) | 17 x 7 80 * - = | 17:dollar x:dollar 7:hour 80:dollar *:dollar -:dollar =:dollar
EXPR: 0 | POS | INT | 22 | 9 | 199 | (x-(17*7))=80 | x 17 7 * - 80 = | x:dollar 17:hour 7:dollar *:dollar -:dollar 80:dollar =:dollar
EXPR: 0 | POS | INT | 22 | 9 | 679 | 17=((x/7)-80) | 17 x 7 / 80 - = | 17:dollar x:dollar 7:hour /:dollar 80:dollar -:dollar =:dollar
EXPR: 0 | POS | INT | 22 | 9 | 1353 | 17=((x+7)/80) | 17 x 7 + 80 / = | 17:dollar x:dollar 7:dollar +:dollar 80:hour /:dollar =:dollar
EXPR: 0 | POS | INT | 22 | 9 | 441 | (17+(x/7))=80 | 17 x 7 / + 80 = | 17:dollar x:dollar 7:hour /:dollar +:dollar 80:dollar =:dollar
EXPR: 0 | POS | INT | 22 | 9 | 543 | 17=((7*80)-x) | 17 7 80 * x - = | 17:dollar 7:dollar 80:hour *:dollar x:dollar -:dollar =:dollar
EXPR: 0 | POS | INT | 22 | 9 | 39 | ((17*7)-x)=80 | 17 7 * x - 80 = | 17:dollar 7:hour *:hour x:hour -:hour 80:hour =:hour
EXPR: 0 | POS | INT | 22 | 9 | 90 | 17=((x-80)+7) | 17 x 80 - 7 + = | 17:dollar x:dollar 80:dollar -:dollar 7:dollar +:dollar =:dollar
EXPR: 0 | POS | INT | 22 | 9 | 90 | ((7-17)+x)=80 | 7 17 - x + 80 = | 7:dollar 17:dollar -:dollar x:dollar +:dollar 80:dollar =:dollar
EXPR: 0 | POS | INT | 22 | 9 | 56 | (7+(17+x))=80 | 7 17 x + + 80 = | 7:dollar 17:dollar x:dollar +:dollar +:dollar 80:dollar =:dollar
EXPR: 0 | POS | INT | 22 | 9 | 1353 | 17=((7+x)/80) | 17 7 x + 80 / = | 17:dollar 7:dollar x:dollar +:dollar 80:hour /:dollar =:dollar
EXPR: 0 | POS | INT | 22 | 9 | 90 | ((17+80)-x)=7 | 17 80 + x - 7 = | 17:dollar 80:dollar +:dollar x:dollar -:dollar 7:dollar =:dollar
EXPR: 0 | POS | INT | 22 | 9 | 679 | 7=(x/(17+80)) | 7 x 17 80 + / = | 7:hour x:hour 17:dollar 80:dollar +:dollar /:hour =:hour
EXPR: 0 | POS | INT | 22 | 9 | 90 | (7-(17-x))=80 | 7 17 x - - 80 = | 7:dollar 17:dollar x:dollar -:dollar -:dollar 80:dollar =:dollar
EXPR: 0 | POS | INT | 22 | 9 | 9520 | (x/17)=(7*80) | x 17 / 7 80 * = | x:hour 17:dollar /:hour 7:dollar 80:hour *:hour =:hour
EXPR: 0 | POS | INT | 22 | 9 | 1367 | 17=((x-7)/80) | 17 x 7 - 80 / = | 17:dollar x:dollar 7:dollar -:dollar 80:hour /:dollar =:dollar
EXPR: 0 | POS | INT | 22 | 9 | 70 | ((17-80)+x)=7 | 17 80 - x + 7 = | 17:dollar 80:dollar -:dollar x:dollar +:dollar 7:dollar =:dollar
EXPR: 0 | POS | INT | 22 | 9 | 9520 | (17*7)=(x/80) | 17 7 * x 80 / = | 17:hour 7:dollar *:hour x:hour 80:dollar /:hour =:hour
EXPR: 0 | POS | INT | 22 | 9 | 800 | 17=(7+(x/80)) | 17 7 x 80 / + = | 17:hour 7:hour x:hour 80:dollar /:hour +:hour =:hour
EXPR: 0 | POS | INT | 22 | 9 | 70 | (x+17)=(7+80) | x 17 + 7 80 + = | x:dollar 17:dollar +:dollar 7:dollar 80:dollar +:dollar =:dollar
EXPR: 0 | POS | INT | 22 | 9 | 70 | 17=(80-(x-7)) | 17 80 x 7 - - = | 17:dollar 80:dollar x:dollar 7:dollar -:dollar -:dollar =:dollar
EXPR: 0 | POS | INT | 22 | 9 | 543 | ((17+x)/7)=80 | 17 x + 7 / 80 = | 17:dollar x:dollar +:dollar 7:hour /:dollar 80:dollar =:dollar
EXPR: 0 | POS | INT | 22 | 9 | 56 | 17=(80-(7+x)) | 17 80 7 x + - = | 17:dollar 80:dollar 7:dollar x:dollar +:dollar -:dollar =:dollar
EXPR: 0 | POS | INT | 22 | 9 | 70 | 17=(80+(7-x)) | 17 80 7 x - + = | 17:dollar 80:dollar 7:dollar x:dollar -:dollar +:dollar =:dollar
EXPR: 0 | POS | INT | 22 | 9 | 70 | 17=((80-x)+7) | 17 80 x - 7 + = | 17:dollar 80:dollar x:dollar -:dollar 7:dollar +:dollar =:dollar
EXPR: 0 | POS | INT | 22 | 9 | 90 | (x+(7-17))=80 | x 7 17 - + 80 = | x:dollar 7:dollar 17:dollar -:dollar +:dollar 80:dollar =:dollar
EXPR: 0 | POS | INT | 22 | 9 | 56 | 17=(80-(x+7)) | 17 80 x 7 + - = | 17:dollar 80:dollar x:dollar 7:dollar +:dollar -:dollar =:dollar
EXPR: 0 | POS | INT | 22 | 9 | 70 | (x-(7-17))=80 | x 7 17 - - 80 = | x:dollar 7:dollar 17:dollar -:dollar -:dollar 80:dollar =:dollar
EXPR: 0 | POS | INT | 22 | 9 | 90 | (17-x)=(7-80) | 17 x - 7 80 - = | 17:dollar x:dollar -:dollar 7:dollar 80:dollar -:dollar =:dollar
EXPR: 0 | POS | INT | 22 | 9 | 104 | (x-17)=(7+80) | x 17 - 7 80 + = | x:dollar 17:dollar -:dollar 7:dollar 80:dollar +:dollar =:dollar
EXPR: 0 | POS | INT | 22 | 9 | 56 | 17=((80-7)-x) | 17 80 7 - x - = | 17:dollar 80:dollar 7:dollar -:dollar x:dollar -:dollar =:dollar
EXPR: 0 | POS | INT | 22 | 9 | 90 | (17-7)=(x-80) | 17 7 - x 80 - = | 17:dollar 7:dollar -:dollar x:dollar 80:dollar -:dollar =:dollar
EXPR: 0 | POS | INT | 22 | 9 | 104 | (17+7)=(x-80) | 17 7 + x 80 - = | 17:dollar 7:dollar +:dollar x:dollar 80:dollar -:dollar =:dollar
EXPR: 0 | POS | INT | 22 | 9 | 56 | 17=((80-x)-7) | 17 80 x - 7 - = | 17:dollar 80:dollar x:dollar -:dollar 7:dollar -:dollar =:dollar
EXPR: 0 | POS | INT | 22 | 9 | 104 | 17=((x-80)-7) | 17 x 80 - 7 - = | 17:dollar x:dollar 80:dollar -:dollar 7:dollar -:dollar =:dollar
EXPR: 0 | POS | INT | 22 | 9 | 70 | (17+x)=(7+80) | 17 x + 7 80 + = | 17:dollar x:dollar +:dollar 7:dollar 80:dollar +:dollar =:dollar
EXPR: 0 | POS | INT | 22 | 9 | 70 | (17-7)=(80-x) | 17 7 - 80 x - = | 17:dollar 7:dollar -:dollar 80:dollar x:dollar -:dollar =:dollar
EXPR: 0 | POS | INT | 22 | 9 | 90 | 17=(x-(80-7)) | 17 x 80 7 - - = | 17:dollar x:dollar 80:dollar 7:dollar -:dollar -:dollar =:dollar
EXPR: 0 | POS | INT | 22 | 9 | 56 | (7+(x+17))=80 | 7 x 17 + + 80 = | 7:dollar x:dollar 17:dollar +:dollar +:dollar 80:dollar =:dollar
EXPR: 0 | POS | INT | 22 | 9 | 56 | ((x+7)+17)=80 | x 7 + 17 + 80 = | x:dollar 7:dollar +:dollar 17:dollar +:dollar 80:dollar =:dollar
EXPR: 0 | POS | INT | 22 | 9 | 70 | 7=((17+x)-80) | 7 17 x + 80 - = | 7:dollar 17:dollar x:dollar +:dollar 80:dollar -:dollar =:dollar
EXPR: 0 | POS | INT | 22 | 9 | 1241 | 17=(x/(80-7)) | 17 x 80 7 - / = | 17:hour x:hour 80:dollar 7:dollar -:dollar /:hour =:hour
EXPR: 0 | POS | INT | 22 | 9 | 104 | ((x-7)-17)=80 | x 7 - 17 - 80 = | x:dollar 7:dollar -:dollar 17:dollar -:dollar 80:dollar =:dollar
EXPR: 0 | POS | INT | 22 | 9 | 679 | (x/(17+80))=7 | x 17 80 + / 7 = | x:hour 17:dollar 80:dollar +:dollar /:hour 7:hour =:hour
EXPR: 0 | POS | INT | 22 | 9 | 70 | ((x+17)-80)=7 | x 17 + 80 - 7 = | x:dollar 17:dollar +:dollar 80:dollar -:dollar 7:dollar =:dollar
EXPR: 0 | POS | INT | 22 | 9 | 90 | 7=((17-x)+80) | 7 17 x - 80 + = | 7:dollar 17:dollar x:dollar -:dollar 80:dollar +:dollar =:dollar
EXPR: 0 | POS | INT | 22 | 9 | 104 | 7=((x-17)-80) | 7 x 17 - 80 - = | 7:dollar x:dollar 17:dollar -:dollar 80:dollar -:dollar =:dollar
EXPR: 0 | POS | INT | 22 | 9 | 90 | (17+(80-x))=7 | 17 80 x - + 7 = | 17:dollar 80:dollar x:dollar -:dollar +:dollar 7:dollar =:dollar
EXPR: 0 | POS | INT | 22 | 9 | 70 | (17-(80-x))=7 | 17 80 x - - 7 = | 17:dollar 80:dollar x:dollar -:dollar -:dollar 7:dollar =:dollar
EXPR: 0 | POS | INT | 22 | 9 | 90 | (7+(x-17))=80 | 7 x 17 - + 80 = | 7:dollar x:dollar 17:dollar -:dollar +:dollar 80:dollar =:dollar
EXPR: 0 | POS | INT | 22 | 9 | 70 | ((x-7)+17)=80 | x 7 - 17 + 80 = | x:dollar 7:dollar -:dollar 17:dollar +:dollar 80:dollar =:dollar
EXPR: 0 | POS | INT | 22 | 9 | 1479 | ((x/17)-7)=80 | x 17 / 7 - 80 = | x:hour 17:dollar /:hour 7:hour -:hour 80:hour =:hour
EXPR: 0 | POS | INT | 22 | 9 | 1241 | ((x/17)+7)=80 | x 17 / 7 + 80 = | x:hour 17:dollar /:hour 7:hour +:hour 80:hour =:hour
EXPR: 0 | POS | INT | 22 | 9 | 577 | ((x-17)/7)=80 | x 17 - 7 / 80 = | x:hour 17:hour -:hour 7:dollar /:hour 80:hour =:hour
EXPR: 0 | POS | INT | 22 | 9 | 543 | ((x+17)/7)=80 | x 17 + 7 / 80 = | x:hour 17:hour +:hour 7:dollar /:hour 80:hour =:hour
EXPR: 0 | POS | INT | 22 | 9 | 104 | ((x-17)-80)=7 | x 17 - 80 - 7 = | x:dollar 17:dollar -:dollar 80:dollar -:dollar 7:dollar =:dollar
EXPR: 0 | POS | INT | 22 | 9 | 56 | (17+7)=(80-x) | 17 7 + 80 x - = | 17:dollar 7:dollar +:dollar 80:dollar x:dollar -:dollar =:dollar
EXPR: 0 | POS | INT | 22 | 9 | 90 | ((17-x)+80)=7 | 17 x - 80 + 7 = | 17:dollar x:dollar -:dollar 80:dollar +:dollar 7:dollar =:dollar
EXPR: 0 | POS | INT | 22 | 9 | 104 | (x-(17+80))=7 | x 17 80 + - 7 = | x:dollar 17:dollar 80:dollar +:dollar -:dollar 7:dollar =:dollar
EXPR: 0 | POS | INT | 22 | 9 | 70 | (x+(17-80))=7 | x 17 80 - + 7 = | x:dollar 17:dollar 80:dollar -:dollar +:dollar 7:dollar =:dollar
EXPR: 0 | POS | INT | 22 | 9 | 70 | 7=(17-(80-x)) | 7 17 80 x - - = | 7:dollar 17:dollar 80:dollar x:dollar -:dollar -:dollar =:dollar
EXPR: 0 | POS | INT | 22 | 9 | 70 | (17+(x-80))=7 | 17 x 80 - + 7 = | 17:dollar x:dollar 80:dollar -:dollar +:dollar 7:dollar =:dollar
EXPR: 0 | POS | INT | 22 | 9 | 90 | ((x+7)-17)=80 | x 7 + 17 - 80 = | x:dollar 7:dollar +:dollar 17:dollar -:dollar 80:dollar =:dollar
EXPR: 0 | POS | INT | 22 | 9 | 70 | 7=(17+(x-80)) | 7 17 x 80 - + = | 7:dollar 17:dollar x:dollar 80:dollar -:dollar +:dollar =:dollar
EXPR: 0 | POS | INT | 22 | 9 | 90 | 7=(17+(80-x)) | 7 17 80 x - + = | 7:dollar 17:dollar 80:dollar x:dollar -:dollar +:dollar =:dollar
EXPR: 0 | POS | INT | 22 | 9 | 90 | 7=((17+80)-x) | 7 17 80 + x - = | 7:dollar 17:dollar 80:dollar +:dollar x:dollar -:dollar =:dollar
EXPR: 0 | POS | INT | 22 | 9 | 90 | 7=(17-(x-80)) | 7 17 x 80 - - = | 7:dollar 17:dollar x:dollar 80:dollar -:dollar -:dollar =:dollar
EXPR: 0 | POS | INT | 22 | 9 | 90 | (17-(x-80))=7 | 17 x 80 - - 7 = | 17:dollar x:dollar 80:dollar -:dollar -:dollar 7:dollar =:dollar
EXPR: 0 | POS | INT | 22 | 9 | 90 | ((7+x)-17)=80 | 7 x + 17 - 80 = | 7:dollar x:dollar +:dollar 17:dollar -:dollar 80:dollar =:dollar
EXPR: 0 | POS | INT | 22 | 9 | 56 | ((7+x)+17)=80 | 7 x + 17 + 80 = | 7:dollar x:dollar +:dollar 17:dollar +:dollar 80:dollar =:dollar
EXPR: 0 | POS | INT | 22 | 9 | 70 | 7=((17-80)+x) | 7 17 80 - x + = | 7:dollar 17:dollar 80:dollar -:dollar x:dollar +:dollar =:dollar
EXPR: 0 | POS | INT | 22 | 9 | 104 | 7=(x-(17+80)) | 7 x 17 80 + - = | 7:dollar x:dollar 17:dollar 80:dollar +:dollar -:dollar =:dollar
EXPR: 0 | POS | INT | 22 | 9 | 70 | ((17+x)-80)=7 | 17 x + 80 - 7 = | 17:dollar x:dollar +:dollar 80:dollar -:dollar 7:dollar =:dollar
EXPR: 0 | POS | INT | 22 | 9 | 70 | 7=(x+(17-80)) | 7 x 17 80 - + = | 7:dollar x:dollar 17:dollar 80:dollar -:dollar +:dollar =:dollar
EXPR: 0 | POS | INT | 22 | 9 | 70 | 7=((x+17)-80) | 7 x 17 + 80 - = | 7:dollar x:dollar 17:dollar +:dollar 80:dollar -:dollar =:dollar
EXPR: 1 | POS | INT | 27 | 9 | 9 | 80=(17+(7*x)) | 80 17 7 x * + = | 80:dollar 17:dollar 7:dollar x:hour *:dollar +:dollar =:dollar
EXPR: 1 | POS | INT | 27 | 9 | 9 | ((80-17)/x)=7 | 80 17 - x / 7 = | 80:dollar 17:dollar -:dollar x:hour /:dollar 7:dollar =:dollar
EXPR: 0 | POS | INT | 27 | 9 | 8 | 80=(x*(17-7)) | 80 x 17 7 - * = | 80:dollar x:hour 17:dollar 7:dollar -:dollar *:dollar =:dollar
EXPR: 0 | POS | INT | 27 | 9 | 8 | (7+(80/x))=17 | 7 80 x / + 17 = | 7:dollar 80:dollar x:hour /:dollar +:dollar 17:dollar =:dollar
EXPR: 0 | POS | INT | 27 | 9 | 8 | 80=((17-7)*x) | 80 17 7 - x * = | 80:dollar 17:dollar 7:dollar -:dollar x:hour *:dollar =:dollar
EXPR: 1 | POS | INT | 27 | 9 | 9 | 7=((80-17)/x) | 7 80 17 - x / = | 7:dollar 80:dollar 17:dollar -:dollar x:hour /:dollar =:dollar
EXPR: 1 | POS | INT | 27 | 9 | 9 | 80=(17+(x*7)) | 80 17 x 7 * + = | 80:dollar 17:dollar x:hour 7:dollar *:dollar +:dollar =:dollar
EXPR: 0 | POS | INT | 30 | 9 | 1367 | ((17*80)+7)=x | 17 80 * 7 + x = | 17:hour 80:dollar *:dollar 7:dollar +:dollar x:dollar =:dollar
EXPR: 0 | POS | INT | 30 | 9 | 1367 | (7+(17*80))=x | 7 17 80 * + x = | 7:dollar 17:hour 80:dollar *:dollar +:dollar x:dollar =:dollar
EXPR: 0 | POS | INT | 30 | 9 | 1353 | ((17*80)-7)=x | 17 80 * 7 - x = | 17:dollar 80:hour *:dollar 7:dollar -:dollar x:dollar =:dollar
EXPR: 0 | POS | INT | 30 | 9 | 1367 | x=((17*80)+7) | x 17 80 * 7 + = | x:hour 17:dollar 80:hour *:hour 7:hour +:hour =:hour
EXPR: 0 | POS | INT | 30 | 9 | 1367 | x=(7+(17*80)) | x 7 17 80 * + = | x:dollar 7:dollar 17:dollar 80:hour *:dollar +:dollar =:dollar
EXPR: 0 | POS | INT | 30 | 9 | 1353 | x=((17*80)-7) | x 17 80 * 7 - = | x:dollar 17:dollar 80:hour *:dollar 7:dollar -:dollar =:dollar
NET 170 unique, non-negative, integer-valued solutions found out of 1000 total solutions
