parameters: n=7 l=3 k=1 p=5 q=1 m=9
TOTAL 480 solutions found
SOLN: CORRECT | POS/NEG | INT/FRA | OBJ-SCORE | TRUE-ANS | ANS | INFIX | POSTFIX | TYPED-POSTFIX
EXPR: 1 | POS | INT | 0 | 14 | 14 | (5+(6+3))=x | 5 6 3 + + x = | 5:cake 6:cake 3:cake +:cake +:cake x:cake =:cake
EXPR: 0 | POS | INT | 0 | 14 | 8 | x=((5+6)-3) | x 5 6 + 3 - = | x:cake 5:cake 6:cake +:cake 3:cake -:cake =:cake
EXPR: 0 | POS | INT | 0 | 14 | 2 | x=((5-6)+3) | x 5 6 - 3 + = | x:cake 5:cake 6:cake -:cake 3:cake +:cake =:cake
EXPR: 0 | POS | INT | 0 | 14 | 2 | x=(5-(6-3)) | x 5 6 3 - - = | x:cake 5:cake 6:cake 3:cake -:cake -:cake =:cake
EXPR: 1 | POS | INT | 0 | 14 | 14 | x=(5+(6+3)) | x 5 6 3 + + = | x:cake 5:cake 6:cake 3:cake +:cake +:cake =:cake
EXPR: 0 | POS | INT | 0 | 14 | 8 | x=(5+(6-3)) | x 5 6 3 - + = | x:cake 5:cake 6:cake 3:cake -:cake +:cake =:cake
EXPR: 1 | POS | INT | 0 | 14 | 14 | x=((5+6)+3) | x 5 6 + 3 + = | x:cake 5:cake 6:cake +:cake 3:cake +:cake =:cake
EXPR: 0 | POS | INT | 0 | 14 | 8 | ((5+6)-3)=x | 5 6 + 3 - x = | 5:cake 6:cake +:cake 3:cake -:cake x:cake =:cake
EXPR: 0 | POS | INT | 0 | 14 | 2 | (5-(6-3))=x | 5 6 3 - - x = | 5:cake 6:cake 3:cake -:cake -:cake x:cake =:cake
EXPR: 0 | POS | INT | 0 | 14 | 8 | (5+(6-3))=x | 5 6 3 - + x = | 5:cake 6:cake 3:cake -:cake +:cake x:cake =:cake
EXPR: 0 | POS | INT | 0 | 14 | 2 | ((5-6)+3)=x | 5 6 - 3 + x = | 5:cake 6:cake -:cake 3:cake +:cake x:cake =:cake
EXPR: 1 | POS | INT | 0 | 14 | 14 | ((5+6)+3)=x | 5 6 + 3 + x = | 5:cake 6:cake +:cake 3:cake +:cake x:cake =:cake
EXPR: 1 | POS | INT | 2 | 14 | 14 | 5=((x-6)-3) | 5 x 6 - 3 - = | 5:cake x:cake 6:cake -:cake 3:cake -:cake =:cake
EXPR: 0 | POS | INT | 2 | 14 | 4 | 5=(6+(3-x)) | 5 6 3 x - + = | 5:cake 6:cake 3:cake x:cake -:cake +:cake =:cake
EXPR: 0 | POS | INT | 2 | 14 | 2 | 5=(6-(3-x)) | 5 6 3 x - - = | 5:cake 6:cake 3:cake x:cake -:cake -:cake =:cake
EXPR: 0 | POS | INT | 2 | 14 | 4 | 5=((6+3)-x) | 5 6 3 + x - = | 5:cake 6:cake 3:cake +:cake x:cake -:cake =:cake
EXPR: 0 | POS | INT | 2 | 14 | 2 | 5=((6+x)-3) | 5 6 x + 3 - = | 5:cake 6:cake x:cake +:cake 3:cake -:cake =:cake
EXPR: 0 | POS | INT | 2 | 14 | 4 | ((5-6)+x)=3 | 5 6 - x + 3 = | 5:cake 6:cake -:cake x:cake +:cake 3:cake =:cake
EXPR: 0 | POS | INT | 2 | 14 | 8 | ((5+6)-x)=3 | 5 6 + x - 3 = | 5:cake 6:cake +:cake x:cake -:cake 3:cake =:cake
EXPR: 1 | POS | INT | 2 | 14 | 14 | 5=(x-(6+3)) | 5 x 6 3 + - = | 5:cake x:cake 6:cake 3:cake +:cake -:cake =:cake
EXPR: 0 | POS | INT | 2 | 14 | 8 | 5=(x-(6-3)) | 5 x 6 3 - - = | 5:cake x:cake 6:cake 3:cake -:cake -:cake =:cake
EXPR: 0 | POS | INT | 2 | 14 | 2 | 5=((6-3)+x) | 5 6 3 - x + = | 5:cake 6:cake 3:cake -:cake x:cake +:cake =:cake
EXPR: 0 | POS | INT | 2 | 14 | 2 | 5=(x+(6-3)) | 5 x 6 3 - + = | 5:cake x:cake 6:cake 3:cake -:cake +:cake =:cake
EXPR: 0 | POS | INT | 2 | 14 | 2 | 5=((x+6)-3) | 5 x 6 + 3 - = | 5:cake x:cake 6:cake +:cake 3:cake -:cake =:cake
EXPR: 0 | POS | INT | 2 | 14 | 8 | 5=((x-6)+3) | 5 x 6 - 3 + = | 5:cake x:cake 6:cake -:cake 3:cake +:cake =:cake
EXPR: 0 | POS | INT | 2 | 14 | 4 | 5=((6-x)+3) | 5 6 x - 3 + = | 5:cake 6:cake x:cake -:cake 3:cake +:cake =:cake
EXPR: 0 | POS | INT | 2 | 14 | 4 | (5-(6-x))=3 | 5 6 x - - 3 = | 5:cake 6:cake x:cake -:cake -:cake 3:cake =:cake
EXPR: 1 | POS | INT | 2 | 14 | 14 | (x-(5+6))=3 | x 5 6 + - 3 = | x:cake 5:cake 6:cake +:cake -:cake 3:cake =:cake
EXPR: 0 | POS | INT | 2 | 14 | 2 | ((x-5)+6)=3 | x 5 - 6 + 3 = | x:cake 5:cake -:cake 6:cake +:cake 3:cake =:cake
EXPR: 0 | POS | INT | 2 | 14 | 4 | ((5+x)-6)=3 | 5 x + 6 - 3 = | 5:cake x:cake +:cake 6:cake -:cake 3:cake =:cake
EXPR: 0 | POS | INT | 2 | 14 | 4 | ((x+5)-6)=3 | x 5 + 6 - 3 = | x:cake 5:cake +:cake 6:cake -:cake 3:cake =:cake
EXPR: 0 | POS | INT | 2 | 14 | 8 | (5+(6-x))=3 | 5 6 x - + 3 = | 5:cake 6:cake x:cake -:cake +:cake 3:cake =:cake
EXPR: 1 | POS | INT | 2 | 14 | 14 | ((x-5)-6)=3 | x 5 - 6 - 3 = | x:cake 5:cake -:cake 6:cake -:cake 3:cake =:cake
EXPR: 0 | POS | INT | 2 | 14 | 2 | (x-(5-6))=3 | x 5 6 - - 3 = | x:cake 5:cake 6:cake -:cake -:cake 3:cake =:cake
EXPR: 0 | POS | INT | 2 | 14 | 4 | (5+(x-6))=3 | 5 x 6 - + 3 = | 5:cake x:cake 6:cake -:cake +:cake 3:cake =:cake
EXPR: 0 | POS | INT | 2 | 14 | 8 | ((5-x)+6)=3 | 5 x - 6 + 3 = | 5:cake x:cake -:cake 6:cake +:cake 3:cake =:cake
EXPR: 0 | POS | INT | 2 | 14 | 8 | (5-(x-6))=3 | 5 x 6 - - 3 = | 5:cake x:cake 6:cake -:cake -:cake 3:cake =:cake
EXPR: 0 | POS | INT | 2 | 14 | 4 | 5=(6-(x-3)) | 5 6 x 3 - - = | 5:cake 6:cake x:cake 3:cake -:cake -:cake =:cake
EXPR: 0 | POS | INT | 2 | 14 | 2 | 5=(6+(x-3)) | 5 6 x 3 - + = | 5:cake 6:cake x:cake 3:cake -:cake +:cake =:cake
EXPR: 0 | POS | INT | 2 | 14 | 4 | (x+(5-6))=3 | x 5 6 - + 3 = | x:cake 5:cake 6:cake -:cake +:cake 3:cake =:cake
EXPR: 1 | POS | INT | 10 | 14 | 14 | x=(6+(5+3)) | x 6 5 3 + + = | x:cake 6:cake 5:cake 3:cake +:cake +:cake =:cake
EXPR: 0 | POS | INT | 10 | 14 | 2 | (5+(3-6))=x | 5 3 6 - + x = | 5:cake 3:cake 6:cake -:cake +:cake x:cake =:cake
EXPR: 0 | POS | INT | 10 | 14 | 8 | (5-(3-6))=x | 5 3 6 - - x = | 5:cake 3:cake 6:cake -:cake -:cake x:cake =:cake
EXPR: 0 | POS | INT | 10 | 14 | 2 | x=((5+3)-6) | x 5 3 + 6 - = | x:cake 5:cake 3:cake +:cake 6:cake -:cake =:cake
EXPR: 0 | POS | INT | 10 | 14 | 4 | x=((6-5)+3) | x 6 5 - 3 + = | x:cake 6:cake 5:cake -:cake 3:cake +:cake =:cake
EXPR: 0 | POS | INT | 10 | 14 | 8 | x=(5-(3-6)) | x 5 3 6 - - = | x:cake 5:cake 3:cake 6:cake -:cake -:cake =:cake
EXPR: 0 | POS | INT | 10 | 14 | 8 | ((5-3)+6)=x | 5 3 - 6 + x = | 5:cake 3:cake -:cake 6:cake +:cake x:cake =:cake
EXPR: 0 | POS | INT | 10 | 14 | 2 | ((5+3)-6)=x | 5 3 + 6 - x = | 5:cake 3:cake +:cake 6:cake -:cake x:cake =:cake
EXPR: 0 | POS | INT | 10 | 14 | 4 | ((6-5)+3)=x | 6 5 - 3 + x = | 6:cake 5:cake -:cake 3:cake +:cake x:cake =:cake
EXPR: 1 | POS | INT | 10 | 14 | 14 | ((5+3)+6)=x | 5 3 + 6 + x = | 5:cake 3:cake +:cake 6:cake +:cake x:cake =:cake
EXPR: 1 | POS | INT | 10 | 14 | 14 | x=((5+3)+6) | x 5 3 + 6 + = | x:cake 5:cake 3:cake +:cake 6:cake +:cake =:cake
EXPR: 0 | POS | INT | 10 | 14 | 2 | x=(5+(3-6)) | x 5 3 6 - + = | x:cake 5:cake 3:cake 6:cake -:cake +:cake =:cake
EXPR: 0 | POS | INT | 10 | 14 | 4 | (6-(5-3))=x | 6 5 3 - - x = | 6:cake 5:cake 3:cake -:cake -:cake x:cake =:cake
EXPR: 0 | POS | INT | 10 | 14 | 8 | (6+(5-3))=x | 6 5 3 - + x = | 6:cake 5:cake 3:cake -:cake +:cake x:cake =:cake
EXPR: 0 | POS | INT | 10 | 14 | 8 | x=((5-3)+6) | x 5 3 - 6 + = | x:cake 5:cake 3:cake -:cake 6:cake +:cake =:cake
EXPR: 0 | POS | INT | 10 | 14 | 4 | x=(6-(5-3)) | x 6 5 3 - - = | x:cake 6:cake 5:cake 3:cake -:cake -:cake =:cake
EXPR: 1 | POS | INT | 10 | 14 | 14 | (6+(5+3))=x | 6 5 3 + + x = | 6:cake 5:cake 3:cake +:cake +:cake x:cake =:cake
EXPR: 0 | POS | INT | 10 | 14 | 8 | x=(6+(5-3)) | x 6 5 3 - + = | x:cake 6:cake 5:cake 3:cake -:cake +:cake =:cake
EXPR: 0 | POS | INT | 12 | 14 | 2 | (5-x)=(6-3) | 5 x - 6 3 - = | 5:cake x:cake -:cake 6:cake 3:cake -:cake =:cake
EXPR: 0 | POS | INT | 12 | 14 | 8 | 6=((x-5)+3) | 6 x 5 - 3 + = | 6:cake x:cake 5:cake -:cake 3:cake +:cake =:cake
EXPR: 0 | POS | INT | 12 | 14 | 2 | 6=(5-(x-3)) | 6 5 x 3 - - = | 6:cake 5:cake x:cake 3:cake -:cake -:cake =:cake
EXPR: 0 | POS | INT | 12 | 14 | 8 | ((x-5)+3)=6 | x 5 - 3 + 6 = | x:cake 5:cake -:cake 3:cake +:cake 6:cake =:cake
EXPR: 0 | POS | INT | 12 | 14 | 2 | 5=(x-(3-6)) | 5 x 3 6 - - = | 5:cake x:cake 3:cake 6:cake -:cake -:cake =:cake
EXPR: 0 | POS | INT | 12 | 14 | 2 | (6-(5-x))=3 | 6 5 x - - 3 = | 6:cake 5:cake x:cake -:cake -:cake 3:cake =:cake
EXPR: 0 | POS | INT | 12 | 14 | 4 | 6=(5+(x-3)) | 6 5 x 3 - + = | 6:cake 5:cake x:cake 3:cake -:cake +:cake =:cake
EXPR: 0 | POS | INT | 12 | 14 | 2 | 6=((5-x)+3) | 6 5 x - 3 + = | 6:cake 5:cake x:cake -:cake 3:cake +:cake =:cake
EXPR: 0 | POS | INT | 12 | 14 | 4 | 5=(3-(x-6)) | 5 3 x 6 - - = | 5:cake 3:cake x:cake 6:cake -:cake -:cake =:cake
EXPR: 0 | POS | INT | 12 | 14 | 4 | ((5+x)-3)=6 | 5 x + 3 - 6 = | 5:cake x:cake +:cake 3:cake -:cake 6:cake =:cake
EXPR: 1 | POS | INT | 12 | 14 | 14 | (x-5)=(6+3) | x 5 - 6 3 + = | x:cake 5:cake -:cake 6:cake 3:cake +:cake =:cake
EXPR: 0 | POS | INT | 12 | 14 | 4 | (5-(3-x))=6 | 5 3 x - - 6 = | 5:cake 3:cake x:cake -:cake -:cake 6:cake =:cake
EXPR: 0 | POS | INT | 12 | 14 | 2 | (5+(3-x))=6 | 5 3 x - + 6 = | 5:cake 3:cake x:cake -:cake +:cake 6:cake =:cake
EXPR: 0 | POS | INT | 12 | 14 | 4 | 6=(5-(3-x)) | 6 5 3 x - - = | 6:cake 5:cake 3:cake x:cake -:cake -:cake =:cake
EXPR: 0 | POS | INT | 12 | 14 | 8 | 5=((3+x)-6) | 5 3 x + 6 - = | 5:cake 3:cake x:cake +:cake 6:cake -:cake =:cake
EXPR: 0 | POS | INT | 12 | 14 | 4 | (5-6)=(3-x) | 5 6 - 3 x - = | 5:cake 6:cake -:cake 3:cake x:cake -:cake =:cake
EXPR: 0 | POS | INT | 12 | 14 | 2 | ((6-5)+x)=3 | 6 5 - x + 3 = | 6:cake 5:cake -:cake x:cake +:cake 3:cake =:cake
EXPR: 0 | POS | INT | 12 | 14 | 8 | (6+(5-x))=3 | 6 5 x - + 3 = | 6:cake 5:cake x:cake -:cake +:cake 3:cake =:cake
EXPR: 0 | POS | INT | 12 | 14 | 4 | ((5-3)+x)=6 | 5 3 - x + 6 = | 5:cake 3:cake -:cake x:cake +:cake 6:cake =:cake
EXPR: 0 | POS | INT | 12 | 14 | 2 | (x+(6-5))=3 | x 6 5 - + 3 = | x:cake 6:cake 5:cake -:cake +:cake 3:cake =:cake
EXPR: 0 | POS | INT | 12 | 14 | 4 | (5+x)=(6+3) | 5 x + 6 3 + = | 5:cake x:cake +:cake 6:cake 3:cake +:cake =:cake
EXPR: 1 | POS | INT | 12 | 14 | 14 | 6=((x-5)-3) | 6 x 5 - 3 - = | 6:cake x:cake 5:cake -:cake 3:cake -:cake =:cake
EXPR: 0 | POS | INT | 12 | 14 | 4 | 6=((5+x)-3) | 6 5 x + 3 - = | 6:cake 5:cake x:cake +:cake 3:cake -:cake =:cake
EXPR: 0 | POS | INT | 12 | 14 | 4 | (x+(5-3))=6 | x 5 3 - + 6 = | x:cake 5:cake 3:cake -:cake +:cake 6:cake =:cake
EXPR: 0 | POS | INT | 12 | 14 | 8 | 5=((x+3)-6) | 5 x 3 + 6 - = | 5:cake x:cake 3:cake +:cake 6:cake -:cake =:cake
EXPR: 0 | POS | INT | 12 | 14 | 8 | 5=(x+(3-6)) | 5 x 3 6 - + = | 5:cake x:cake 3:cake 6:cake -:cake +:cake =:cake
EXPR: 0 | POS | INT | 12 | 14 | 8 | (x-(5-3))=6 | x 5 3 - - 6 = | x:cake 5:cake 3:cake -:cake -:cake 6:cake =:cake
EXPR: 0 | POS | INT | 12 | 14 | 4 | (x-(6-5))=3 | x 6 5 - - 3 = | x:cake 6:cake 5:cake -:cake -:cake 3:cake =:cake
EXPR: 0 | POS | INT | 12 | 14 | 4 | ((x-6)+5)=3 | x 6 - 5 + 3 = | x:cake 6:cake -:cake 5:cake +:cake 3:cake =:cake
EXPR: 0 | POS | INT | 12 | 14 | 4 | 6=((x+5)-3) | 6 x 5 + 3 - = | 6:cake x:cake 5:cake +:cake 3:cake -:cake =:cake
EXPR: 0 | POS | INT | 12 | 14 | 8 | 5=((3-6)+x) | 5 3 6 - x + = | 5:cake 3:cake 6:cake -:cake x:cake +:cake =:cake
EXPR: 0 | POS | INT | 12 | 14 | 4 | ((x+5)-3)=6 | x 5 + 3 - 6 = | x:cake 5:cake +:cake 3:cake -:cake 6:cake =:cake
EXPR: 0 | POS | INT | 12 | 14 | 2 | ((x+6)-5)=3 | x 6 + 5 - 3 = | x:cake 6:cake +:cake 5:cake -:cake 3:cake =:cake
EXPR: 0 | POS | INT | 12 | 14 | 4 | 5=((3-x)+6) | 5 3 x - 6 + = | 5:cake 3:cake x:cake -:cake 6:cake +:cake =:cake
EXPR: 1 | POS | INT | 12 | 14 | 14 | 6=(x-(5+3)) | 6 x 5 3 + - = | 6:cake x:cake 5:cake 3:cake +:cake -:cake =:cake
EXPR: 0 | POS | INT | 12 | 14 | 2 | ((5-x)+3)=6 | 5 x - 3 + 6 = | 5:cake x:cake -:cake 3:cake +:cake 6:cake =:cake
EXPR: 0 | POS | INT | 12 | 14 | 2 | 6=((5+3)-x) | 6 5 3 + x - = | 6:cake 5:cake 3:cake +:cake x:cake -:cake =:cake
EXPR: 0 | POS | INT | 12 | 14 | 8 | (x-5)=(6-3) | x 5 - 6 3 - = | x:cake 5:cake -:cake 6:cake 3:cake -:cake =:cake
EXPR: 0 | POS | INT | 12 | 14 | 2 | (5-(x-3))=6 | 5 x 3 - - 6 = | 5:cake x:cake 3:cake -:cake -:cake 6:cake =:cake
EXPR: 1 | POS | INT | 12 | 14 | 14 | (x-(5+3))=6 | x 5 3 + - 6 = | x:cake 5:cake 3:cake +:cake -:cake 6:cake =:cake
EXPR: 1 | POS | INT | 12 | 14 | 14 | ((x-6)-5)=3 | x 6 - 5 - 3 = | x:cake 6:cake -:cake 5:cake -:cake 3:cake =:cake
EXPR: 0 | POS | INT | 12 | 14 | 4 | (5+(x-3))=6 | 5 x 3 - + 6 = | 5:cake x:cake 3:cake -:cake +:cake 6:cake =:cake
EXPR: 0 | POS | INT | 12 | 14 | 8 | 5=(3-(6-x)) | 5 3 6 x - - = | 5:cake 3:cake 6:cake x:cake -:cake -:cake =:cake
EXPR: 0 | POS | INT | 12 | 14 | 8 | 5=(3+(x-6)) | 5 3 x 6 - + = | 5:cake 3:cake x:cake 6:cake -:cake +:cake =:cake
EXPR: 0 | POS | INT | 12 | 14 | 8 | 6=(x-(5-3)) | 6 x 5 3 - - = | 6:cake x:cake 5:cake 3:cake -:cake -:cake =:cake
EXPR: 0 | POS | INT | 12 | 14 | 4 | 6=(x+(5-3)) | 6 x 5 3 - + = | 6:cake x:cake 5:cake 3:cake -:cake +:cake =:cake
EXPR: 0 | POS | INT | 12 | 14 | 4 | (x+5)=(6+3) | x 5 + 6 3 + = | x:cake 5:cake +:cake 6:cake 3:cake +:cake =:cake
EXPR: 0 | POS | INT | 12 | 14 | 2 | ((6+x)-5)=3 | 6 x + 5 - 3 = | 6:cake x:cake +:cake 5:cake -:cake 3:cake =:cake
EXPR: 0 | POS | INT | 12 | 14 | 2 | 6=(5+(3-x)) | 6 5 3 x - + = | 6:cake 5:cake 3:cake x:cake -:cake +:cake =:cake
EXPR: 1 | POS | INT | 12 | 14 | 14 | ((x-5)-3)=6 | x 5 - 3 - 6 = | x:cake 5:cake -:cake 3:cake -:cake 6:cake =:cake
EXPR: 1 | POS | INT | 12 | 14 | 14 | 5=((x-3)-6) | 5 x 3 - 6 - = | 5:cake x:cake 3:cake -:cake 6:cake -:cake =:cake
EXPR: 0 | POS | INT | 12 | 14 | 4 | 6=((5-3)+x) | 6 5 3 - x + = | 6:cake 5:cake 3:cake -:cake x:cake +:cake =:cake
EXPR: 0 | POS | INT | 12 | 14 | 8 | ((6-x)+5)=3 | 6 x - 5 + 3 = | 6:cake x:cake -:cake 5:cake +:cake 3:cake =:cake
EXPR: 0 | POS | INT | 12 | 14 | 8 | (6-(x-5))=3 | 6 x 5 - - 3 = | 6:cake x:cake 5:cake -:cake -:cake 3:cake =:cake
EXPR: 0 | POS | INT | 12 | 14 | 2 | ((5+3)-x)=6 | 5 3 + x - 6 = | 5:cake 3:cake +:cake x:cake -:cake 6:cake =:cake
EXPR: 0 | POS | INT | 12 | 14 | 2 | (6+(x-5))=3 | 6 x 5 - + 3 = | 6:cake x:cake 5:cake -:cake +:cake 3:cake =:cake
EXPR: 0 | POS | INT | 12 | 14 | 8 | (5+6)=(3+x) | 5 6 + 3 x + = | 5:cake 6:cake +:cake 3:cake x:cake +:cake =:cake
EXPR: 0 | POS | INT | 12 | 14 | 4 | 5=(3+(6-x)) | 5 3 6 x - + = | 5:cake 3:cake 6:cake x:cake -:cake +:cake =:cake
EXPR: 0 | POS | INT | 12 | 14 | 2 | (5-6)=(x-3) | 5 6 - x 3 - = | 5:cake 6:cake -:cake x:cake 3:cake -:cake =:cake
EXPR: 1 | POS | INT | 12 | 14 | 14 | (5+6)=(x-3) | 5 6 + x 3 - = | 5:cake 6:cake +:cake x:cake 3:cake -:cake =:cake
EXPR: 0 | POS | INT | 12 | 14 | 8 | (5+6)=(x+3) | 5 6 + x 3 + = | 5:cake 6:cake +:cake x:cake 3:cake +:cake =:cake
EXPR: 0 | POS | INT | 12 | 14 | 2 | 5=((x-3)+6) | 5 x 3 - 6 + = | 5:cake x:cake 3:cake -:cake 6:cake +:cake =:cake
EXPR: 1 | POS | INT | 22 | 14 | 14 | (x-6)=(5+3) | x 6 - 5 3 + = | x:cake 6:cake -:cake 5:cake 3:cake +:cake =:cake
EXPR: 0 | POS | INT | 22 | 14 | 8 | (x-6)=(5-3) | x 6 - 5 3 - = | x:cake 6:cake -:cake 5:cake 3:cake -:cake =:cake
EXPR: 0 | POS | INT | 22 | 14 | 2 | (x-5)=(3-6) | x 5 - 3 6 - = | x:cake 5:cake -:cake 3:cake 6:cake -:cake =:cake
EXPR: 0 | POS | INT | 22 | 14 | 8 | (5-x)=(3-6) | 5 x - 3 6 - = | 5:cake x:cake -:cake 3:cake 6:cake -:cake =:cake
EXPR: 0 | POS | INT | 22 | 14 | 4 | (5-3)=(6-x) | 5 3 - 6 x - = | 5:cake 3:cake -:cake 6:cake x:cake -:cake =:cake
EXPR: 0 | POS | INT | 22 | 14 | 4 | (6-x)=(5-3) | 6 x - 5 3 - = | 6:cake x:cake -:cake 5:cake 3:cake -:cake =:cake
EXPR: 0 | POS | INT | 22 | 14 | 8 | (5-3)=(x-6) | 5 3 - x 6 - = | 5:cake 3:cake -:cake x:cake 6:cake -:cake =:cake
EXPR: 0 | POS | INT | 22 | 14 | 4 | (6-5)=(x-3) | 6 5 - x 3 - = | 6:cake 5:cake -:cake x:cake 3:cake -:cake =:cake
EXPR: 1 | POS | INT | 22 | 14 | 14 | (5+3)=(x-6) | 5 3 + x 6 - = | 5:cake 3:cake +:cake x:cake 6:cake -:cake =:cake
EXPR: 0 | POS | INT | 22 | 14 | 2 | (5+3)=(6+x) | 5 3 + 6 x + = | 5:cake 3:cake +:cake 6:cake x:cake +:cake =:cake
EXPR: 0 | POS | INT | 22 | 14 | 2 | (6+x)=(5+3) | 6 x + 5 3 + = | 6:cake x:cake +:cake 5:cake 3:cake +:cake =:cake
EXPR: 0 | POS | INT | 22 | 14 | 2 | (5+3)=(x+6) | 5 3 + x 6 + = | 5:cake 3:cake +:cake x:cake 6:cake +:cake =:cake
EXPR: 0 | POS | INT | 22 | 14 | 2 | (x+6)=(5+3) | x 6 + 5 3 + = | x:cake 6:cake +:cake 5:cake 3:cake +:cake =:cake
EXPR: 0 | POS | INT | 22 | 14 | 2 | (6-5)=(3-x) | 6 5 - 3 x - = | 6:cake 5:cake -:cake 3:cake x:cake -:cake =:cake
EXPR: 0 | POS | INT | 25 | 14 | 4 | x=((6+3)-5) | x 6 3 + 5 - = | x:cake 6:cake 3:cake +:cake 5:cake -:cake =:cake
EXPR: 0 | POS | INT | 25 | 14 | 8 | x=((6-3)+5) | x 6 3 - 5 + = | x:cake 6:cake 3:cake -:cake 5:cake +:cake =:cake
EXPR: 1 | POS | INT | 25 | 14 | 14 | (3+(5+6))=x | 3 5 6 + + x = | 3:cake 5:cake 6:cake +:cake +:cake x:cake =:cake
EXPR: 0 | POS | INT | 25 | 14 | 4 | ((3-5)+6)=x | 3 5 - 6 + x = | 3:cake 5:cake -:cake 6:cake +:cake x:cake =:cake
EXPR: 0 | POS | INT | 25 | 14 | 8 | x=(6-(3-5)) | x 6 3 5 - - = | x:cake 6:cake 3:cake 5:cake -:cake -:cake =:cake
EXPR: 0 | POS | INT | 25 | 14 | 2 | x=(3+(5-6)) | x 3 5 6 - + = | x:cake 3:cake 5:cake 6:cake -:cake +:cake =:cake
EXPR: 0 | POS | INT | 25 | 14 | 8 | (6-(3-5))=x | 6 3 5 - - x = | 6:cake 3:cake 5:cake -:cake -:cake x:cake =:cake
EXPR: 0 | POS | INT | 25 | 14 | 4 | (6+(3-5))=x | 6 3 5 - + x = | 6:cake 3:cake 5:cake -:cake +:cake x:cake =:cake
EXPR: 0 | POS | INT | 25 | 14 | 4 | x=(6+(3-5)) | x 6 3 5 - + = | x:cake 6:cake 3:cake 5:cake -:cake +:cake =:cake
EXPR: 0 | POS | INT | 25 | 14 | 2 | (3+(5-6))=x | 3 5 6 - + x = | 3:cake 5:cake 6:cake -:cake +:cake x:cake =:cake
EXPR: 1 | POS | INT | 25 | 14 | 14 | x=((6+3)+5) | x 6 3 + 5 + = | x:cake 6:cake 3:cake +:cake 5:cake +:cake =:cake
EXPR: 0 | POS | INT | 25 | 14 | 4 | x=(3-(5-6)) | x 3 5 6 - - = | x:cake 3:cake 5:cake 6:cake -:cake -:cake =:cake
EXPR: 1 | POS | INT | 25 | 14 | 14 | ((6+3)+5)=x | 6 3 + 5 + x = | 6:cake 3:cake +:cake 5:cake +:cake x:cake =:cake
EXPR: 1 | POS | INT | 25 | 14 | 14 | x=(3+(5+6)) | x 3 5 6 + + = | x:cake 3:cake 5:cake 6:cake +:cake +:cake =:cake
EXPR: 0 | POS | INT | 25 | 14 | 4 | x=((3-5)+6) | x 3 5 - 6 + = | x:cake 3:cake 5:cake -:cake 6:cake +:cake =:cake
EXPR: 0 | POS | INT | 25 | 14 | 8 | ((6-3)+5)=x | 6 3 - 5 + x = | 6:cake 3:cake -:cake 5:cake +:cake x:cake =:cake
EXPR: 0 | POS | INT | 25 | 14 | 4 | ((6+3)-5)=x | 6 3 + 5 - x = | 6:cake 3:cake +:cake 5:cake -:cake x:cake =:cake
EXPR: 0 | POS | INT | 25 | 14 | 4 | (3-(5-6))=x | 3 5 6 - - x = | 3:cake 5:cake 6:cake -:cake -:cake x:cake =:cake
EXPR: 1 | POS | INT | 27 | 14 | 14 | 3=((x-5)-6) | 3 x 5 - 6 - = | 3:cake x:cake 5:cake -:cake 6:cake -:cake =:cake
EXPR: 0 | POS | INT | 27 | 14 | 2 | ((x+6)-3)=5 | x 6 + 3 - 5 = | x:cake 6:cake +:cake 3:cake -:cake 5:cake =:cake
EXPR: 0 | POS | INT | 27 | 14 | 8 | ((x-6)+3)=5 | x 6 - 3 + 5 = | x:cake 6:cake -:cake 3:cake +:cake 5:cake =:cake
EXPR: 0 | POS | INT | 27 | 14 | 8 | ((x+3)-5)=6 | x 3 + 5 - 6 = | x:cake 3:cake +:cake 5:cake -:cake 6:cake =:cake
EXPR: 0 | POS | INT | 27 | 14 | 2 | ((6+x)-3)=5 | 6 x + 3 - 5 = | 6:cake x:cake +:cake 3:cake -:cake 5:cake =:cake
EXPR: 1 | POS | INT | 27 | 14 | 14 | ((x-6)-3)=5 | x 6 - 3 - 5 = | x:cake 6:cake -:cake 3:cake -:cake 5:cake =:cake
EXPR: 0 | POS | INT | 27 | 14 | 4 | 6=(x-(3-5)) | 6 x 3 5 - - = | 6:cake x:cake 3:cake 5:cake -:cake -:cake =:cake
EXPR: 0 | POS | INT | 27 | 14 | 8 | 6=(x+(3-5)) | 6 x 3 5 - + = | 6:cake x:cake 3:cake 5:cake -:cake +:cake =:cake
EXPR: 0 | POS | INT | 27 | 14 | 8 | 3=(5+(6-x)) | 3 5 6 x - + = | 3:cake 5:cake 6:cake x:cake -:cake +:cake =:cake
EXPR: 0 | POS | INT | 27 | 14 | 8 | 6=((3-5)+x) | 6 3 5 - x + = | 6:cake 3:cake 5:cake -:cake x:cake +:cake =:cake
EXPR: 0 | POS | INT | 27 | 14 | 8 | (3-(5-x))=6 | 3 5 x - - 6 = | 3:cake 5:cake x:cake -:cake -:cake 6:cake =:cake
EXPR: 0 | POS | INT | 27 | 14 | 2 | (3+(5-x))=6 | 3 5 x - + 6 = | 3:cake 5:cake x:cake -:cake +:cake 6:cake =:cake
EXPR: 0 | POS | INT | 27 | 14 | 8 | 6=((x+3)-5) | 6 x 3 + 5 - = | 6:cake x:cake 3:cake +:cake 5:cake -:cake =:cake
EXPR: 0 | POS | INT | 27 | 14 | 4 | 3=((x+5)-6) | 3 x 5 + 6 - = | 3:cake x:cake 5:cake +:cake 6:cake -:cake =:cake
EXPR: 0 | POS | INT | 27 | 14 | 8 | (x-(6-3))=5 | x 6 3 - - 5 = | x:cake 6:cake 3:cake -:cake -:cake 5:cake =:cake
EXPR: 0 | POS | INT | 27 | 14 | 2 | ((6-3)+x)=5 | 6 3 - x + 5 = | 6:cake 3:cake -:cake x:cake +:cake 5:cake =:cake
EXPR: 0 | POS | INT | 27 | 14 | 8 | 6=(3-(5-x)) | 6 3 5 x - - = | 6:cake 3:cake 5:cake x:cake -:cake -:cake =:cake
EXPR: 0 | POS | INT | 27 | 14 | 2 | 6=((3-x)+5) | 6 3 x - 5 + = | 6:cake 3:cake x:cake -:cake 5:cake +:cake =:cake
EXPR: 1 | POS | INT | 27 | 14 | 14 | ((x-3)-5)=6 | x 3 - 5 - 6 = | x:cake 3:cake -:cake 5:cake -:cake 6:cake =:cake
EXPR: 0 | POS | INT | 27 | 14 | 4 | ((6-x)+3)=5 | 6 x - 3 + 5 = | 6:cake x:cake -:cake 3:cake +:cake 5:cake =:cake
EXPR: 0 | POS | INT | 27 | 14 | 2 | 6=(3-(x-5)) | 6 3 x 5 - - = | 6:cake 3:cake x:cake 5:cake -:cake -:cake =:cake
EXPR: 0 | POS | INT | 27 | 14 | 8 | 6=((3+x)-5) | 6 3 x + 5 - = | 6:cake 3:cake x:cake +:cake 5:cake -:cake =:cake
EXPR: 0 | POS | INT | 27 | 14 | 4 | 3=((5-6)+x) | 3 5 6 - x + = | 3:cake 5:cake 6:cake -:cake x:cake +:cake =:cake
EXPR: 0 | POS | INT | 27 | 14 | 4 | ((x-3)+5)=6 | x 3 - 5 + 6 = | x:cake 3:cake -:cake 5:cake +:cake 6:cake =:cake
EXPR: 0 | POS | INT | 27 | 14 | 8 | 3=((5+6)-x) | 3 5 6 + x - = | 3:cake 5:cake 6:cake +:cake x:cake -:cake =:cake
EXPR: 0 | POS | INT | 27 | 14 | 4 | ((6+3)-x)=5 | 6 3 + x - 5 = | 6:cake 3:cake +:cake x:cake -:cake 5:cake =:cake
EXPR: 0 | POS | INT | 27 | 14 | 8 | ((3-5)+x)=6 | 3 5 - x + 6 = | 3:cake 5:cake -:cake x:cake +:cake 6:cake =:cake
EXPR: 1 | POS | INT | 27 | 14 | 14 | (x-(6+3))=5 | x 6 3 + - 5 = | x:cake 6:cake 3:cake +:cake -:cake 5:cake =:cake
EXPR: 0 | POS | INT | 27 | 14 | 2 | 3=((x-5)+6) | 3 x 5 - 6 + = | 3:cake x:cake 5:cake -:cake 6:cake +:cake =:cake
EXPR: 0 | POS | INT | 27 | 14 | 2 | (6-(3-x))=5 | 6 3 x - - 5 = | 6:cake 3:cake x:cake -:cake -:cake 5:cake =:cake
EXPR: 0 | POS | INT | 27 | 14 | 8 | 6=(3+(x-5)) | 6 3 x 5 - + = | 6:cake 3:cake x:cake 5:cake -:cake +:cake =:cake
EXPR: 0 | POS | INT | 27 | 14 | 4 | (6-(x-3))=5 | 6 x 3 - - 5 = | 6:cake x:cake 3:cake -:cake -:cake 5:cake =:cake
EXPR: 0 | POS | INT | 27 | 14 | 2 | (x+(6-3))=5 | x 6 3 - + 5 = | x:cake 6:cake 3:cake -:cake +:cake 5:cake =:cake
EXPR: 0 | POS | INT | 27 | 14 | 8 | ((3+x)-5)=6 | 3 x + 5 - 6 = | 3:cake x:cake +:cake 5:cake -:cake 6:cake =:cake
EXPR: 0 | POS | INT | 27 | 14 | 4 | (6+(3-x))=5 | 6 3 x - + 5 = | 6:cake 3:cake x:cake -:cake +:cake 5:cake =:cake
EXPR: 1 | POS | INT | 27 | 14 | 14 | 6=((x-3)-5) | 6 x 3 - 5 - = | 6:cake x:cake 3:cake -:cake 5:cake -:cake =:cake
EXPR: 0 | POS | INT | 27 | 14 | 4 | 6=((x-3)+5) | 6 x 3 - 5 + = | 6:cake x:cake 3:cake -:cake 5:cake +:cake =:cake
EXPR: 1 | POS | INT | 27 | 14 | 14 | 3=(x-(5+6)) | 3 x 5 6 + - = | 3:cake x:cake 5:cake 6:cake +:cake -:cake =:cake
EXPR: 0 | POS | INT | 27 | 14 | 2 | 3=(x-(5-6)) | 3 x 5 6 - - = | 3:cake x:cake 5:cake 6:cake -:cake -:cake =:cake
EXPR: 0 | POS | INT | 27 | 14 | 4 | 3=((5+x)-6) | 3 5 x + 6 - = | 3:cake 5:cake x:cake +:cake 6:cake -:cake =:cake
EXPR: 0 | POS | INT | 27 | 14 | 4 | 3=(5-(6-x)) | 3 5 6 x - - = | 3:cake 5:cake 6:cake x:cake -:cake -:cake =:cake
EXPR: 0 | POS | INT | 27 | 14 | 4 | 3=(x+(5-6)) | 3 x 5 6 - + = | 3:cake x:cake 5:cake 6:cake -:cake +:cake =:cake
EXPR: 0 | POS | INT | 27 | 14 | 2 | ((3-x)+5)=6 | 3 x - 5 + 6 = | 3:cake x:cake -:cake 5:cake +:cake 6:cake =:cake
EXPR: 0 | POS | INT | 27 | 14 | 2 | 6=(3+(5-x)) | 6 3 5 x - + = | 6:cake 3:cake 5:cake x:cake -:cake +:cake =:cake
EXPR: 0 | POS | INT | 27 | 14 | 8 | 3=(5-(x-6)) | 3 5 x 6 - - = | 3:cake 5:cake x:cake 6:cake -:cake -:cake =:cake
EXPR: 0 | POS | INT | 27 | 14 | 8 | 3=((5-x)+6) | 3 5 x - 6 + = | 3:cake 5:cake x:cake -:cake 6:cake +:cake =:cake
EXPR: 0 | POS | INT | 27 | 14 | 4 | (x-(3-5))=6 | x 3 5 - - 6 = | x:cake 3:cake 5:cake -:cake -:cake 6:cake =:cake
EXPR: 0 | POS | INT | 27 | 14 | 8 | (x+(3-5))=6 | x 3 5 - + 6 = | x:cake 3:cake 5:cake -:cake +:cake 6:cake =:cake
EXPR: 0 | POS | INT | 27 | 14 | 2 | (3-(x-5))=6 | 3 x 5 - - 6 = | 3:cake x:cake 5:cake -:cake -:cake 6:cake =:cake
EXPR: 0 | POS | INT | 27 | 14 | 2 | (6+(x-3))=5 | 6 x 3 - + 5 = | 6:cake x:cake 3:cake -:cake +:cake 5:cake =:cake
EXPR: 0 | POS | INT | 27 | 14 | 4 | 3=(5+(x-6)) | 3 5 x 6 - + = | 3:cake 5:cake x:cake 6:cake -:cake +:cake =:cake
EXPR: 0 | POS | INT | 27 | 14 | 8 | (3+(x-5))=6 | 3 x 5 - + 6 = | 3:cake x:cake 5:cake -:cake +:cake 6:cake =:cake
EXPR: 0 | POS | INT | 35 | 14 | 2 | x=(3-(6-5)) | x 3 6 5 - - = | x:cake 3:cake 6:cake 5:cake -:cake -:cake =:cake
EXPR: 0 | POS | INT | 35 | 14 | 2 | (3-(6-5))=x | 3 6 5 - - x = | 3:cake 6:cake 5:cake -:cake -:cake x:cake =:cake
EXPR: 0 | POS | INT | 35 | 14 | 2 | ((3-6)+5)=x | 3 6 - 5 + x = | 3:cake 6:cake -:cake 5:cake +:cake x:cake =:cake
EXPR: 0 | POS | INT | 35 | 14 | 4 | (3+(6-5))=x | 3 6 5 - + x = | 3:cake 6:cake 5:cake -:cake +:cake x:cake =:cake
EXPR: 0 | POS | INT | 35 | 14 | 4 | x=(3+(6-5)) | x 3 6 5 - + = | x:cake 3:cake 6:cake 5:cake -:cake +:cake =:cake
EXPR: 0 | POS | INT | 35 | 14 | 2 | x=((3-6)+5) | x 3 6 - 5 + = | x:cake 3:cake 6:cake -:cake 5:cake +:cake =:cake
EXPR: 0 | POS | INT | 37 | 14 | 8 | (3+(x-6))=5 | 3 x 6 - + 5 = | 3:cake x:cake 6:cake -:cake +:cake 5:cake =:cake
EXPR: 0 | POS | INT | 37 | 14 | 8 | (3-(6-x))=5 | 3 6 x - - 5 = | 3:cake 6:cake x:cake -:cake -:cake 5:cake =:cake
EXPR: 0 | POS | INT | 37 | 14 | 8 | ((x+3)-6)=5 | x 3 + 6 - 5 = | x:cake 3:cake +:cake 6:cake -:cake 5:cake =:cake
EXPR: 0 | POS | INT | 37 | 14 | 2 | 3=((6+x)-5) | 3 6 x + 5 - = | 3:cake 6:cake x:cake +:cake 5:cake -:cake =:cake
EXPR: 0 | POS | INT | 37 | 14 | 8 | (6-x)=(3-5) | 6 x - 3 5 - = | 6:cake x:cake -:cake 3:cake 5:cake -:cake =:cake
EXPR: 0 | POS | INT | 37 | 14 | 8 | (x+(3-6))=5 | x 3 6 - + 5 = | x:cake 3:cake 6:cake -:cake +:cake 5:cake =:cake
EXPR: 0 | POS | INT | 37 | 14 | 4 | (x-6)=(3-5) | x 6 - 3 5 - = | x:cake 6:cake -:cake 3:cake 5:cake -:cake =:cake
EXPR: 0 | POS | INT | 37 | 14 | 4 | 3=(x-(6-5)) | 3 x 6 5 - - = | 3:cake x:cake 6:cake 5:cake -:cake -:cake =:cake
EXPR: 0 | POS | INT | 37 | 14 | 8 | 3=(6+(5-x)) | 3 6 5 x - + = | 3:cake 6:cake 5:cake x:cake -:cake +:cake =:cake
EXPR: 0 | POS | INT | 37 | 14 | 2 | 3=((x+6)-5) | 3 x 6 + 5 - = | 3:cake x:cake 6:cake +:cake 5:cake -:cake =:cake
EXPR: 0 | POS | INT | 37 | 14 | 2 | 3=((6-5)+x) | 3 6 5 - x + = | 3:cake 6:cake 5:cake -:cake x:cake +:cake =:cake
EXPR: 0 | POS | INT | 37 | 14 | 2 | 3=(x+(6-5)) | 3 x 6 5 - + = | 3:cake x:cake 6:cake 5:cake -:cake +:cake =:cake
EXPR: 1 | POS | INT | 37 | 14 | 14 | ((x-3)-6)=5 | x 3 - 6 - 5 = | x:cake 3:cake -:cake 6:cake -:cake 5:cake =:cake
EXPR: 0 | POS | INT | 37 | 14 | 2 | (x-(3-6))=5 | x 3 6 - - 5 = | x:cake 3:cake 6:cake -:cake -:cake 5:cake =:cake
EXPR: 0 | POS | INT | 37 | 14 | 4 | (3-x)=(5-6) | 3 x - 5 6 - = | 3:cake x:cake -:cake 5:cake 6:cake -:cake =:cake
EXPR: 0 | POS | INT | 37 | 14 | 4 | (3-(x-6))=5 | 3 x 6 - - 5 = | 3:cake x:cake 6:cake -:cake -:cake 5:cake =:cake
EXPR: 1 | POS | INT | 37 | 14 | 14 | (x-3)=(5+6) | x 3 - 5 6 + = | x:cake 3:cake -:cake 5:cake 6:cake +:cake =:cake
EXPR: 0 | POS | INT | 37 | 14 | 2 | ((x-3)+6)=5 | x 3 - 6 + 5 = | x:cake 3:cake -:cake 6:cake +:cake 5:cake =:cake
EXPR: 0 | POS | INT | 37 | 14 | 2 | 3=(6-(5-x)) | 3 6 5 x - - = | 3:cake 6:cake 5:cake x:cake -:cake -:cake =:cake
EXPR: 0 | POS | INT | 37 | 14 | 8 | ((3-6)+x)=5 | 3 6 - x + 5 = | 3:cake 6:cake -:cake x:cake +:cake 5:cake =:cake
EXPR: 0 | POS | INT | 37 | 14 | 8 | (3+x)=(5+6) | 3 x + 5 6 + = | 3:cake x:cake +:cake 5:cake 6:cake +:cake =:cake
EXPR: 1 | POS | INT | 37 | 14 | 14 | 3=((x-6)-5) | 3 x 6 - 5 - = | 3:cake x:cake 6:cake -:cake 5:cake -:cake =:cake
EXPR: 0 | POS | INT | 37 | 14 | 4 | 3=((x-6)+5) | 3 x 6 - 5 + = | 3:cake x:cake 6:cake -:cake 5:cake +:cake =:cake
EXPR: 0 | POS | INT | 37 | 14 | 4 | (3-5)=(x-6) | 3 5 - x 6 - = | 3:cake 5:cake -:cake x:cake 6:cake -:cake =:cake
EXPR: 0 | POS | INT | 37 | 14 | 8 | ((3+x)-6)=5 | 3 x + 6 - 5 = | 3:cake x:cake +:cake 6:cake -:cake 5:cake =:cake
EXPR: 0 | POS | INT | 37 | 14 | 4 | (3+(6-x))=5 | 3 6 x - + 5 = | 3:cake 6:cake x:cake -:cake +:cake 5:cake =:cake
EXPR: 0 | POS | INT | 37 | 14 | 2 | (6-3)=(5-x) | 6 3 - 5 x - = | 6:cake 3:cake -:cake 5:cake x:cake -:cake =:cake
EXPR: 0 | POS | INT | 37 | 14 | 8 | 3=((6-x)+5) | 3 6 x - 5 + = | 3:cake 6:cake x:cake -:cake 5:cake +:cake =:cake
EXPR: 0 | POS | INT | 37 | 14 | 4 | ((3-x)+6)=5 | 3 x - 6 + 5 = | 3:cake x:cake -:cake 6:cake +:cake 5:cake =:cake
EXPR: 0 | POS | INT | 37 | 14 | 8 | (x+3)=(5+6) | x 3 + 5 6 + = | x:cake 3:cake +:cake 5:cake 6:cake +:cake =:cake
EXPR: 0 | POS | INT | 37 | 14 | 8 | 3=(6-(x-5)) | 3 6 x 5 - - = | 3:cake 6:cake x:cake 5:cake -:cake -:cake =:cake
EXPR: 0 | POS | INT | 37 | 14 | 8 | (6-3)=(x-5) | 6 3 - x 5 - = | 6:cake 3:cake -:cake x:cake 5:cake -:cake =:cake
EXPR: 1 | POS | INT | 37 | 14 | 14 | (6+3)=(x-5) | 6 3 + x 5 - = | 6:cake 3:cake +:cake x:cake 5:cake -:cake =:cake
EXPR: 0 | POS | INT | 37 | 14 | 4 | (6+3)=(5+x) | 6 3 + 5 x + = | 6:cake 3:cake +:cake 5:cake x:cake +:cake =:cake
EXPR: 0 | POS | INT | 37 | 14 | 2 | (x-3)=(5-6) | x 3 - 5 6 - = | x:cake 3:cake -:cake 5:cake 6:cake -:cake =:cake
EXPR: 0 | POS | INT | 37 | 14 | 8 | (3-5)=(6-x) | 3 5 - 6 x - = | 3:cake 5:cake -:cake 6:cake x:cake -:cake =:cake
EXPR: 0 | POS | INT | 37 | 14 | 4 | (6+3)=(x+5) | 6 3 + x 5 + = | 6:cake 3:cake +:cake x:cake 5:cake +:cake =:cake
EXPR: 0 | POS | INT | 37 | 14 | 2 | 3=(6+(x-5)) | 3 6 x 5 - + = | 3:cake 6:cake x:cake 5:cake -:cake +:cake =:cake
EXPR: 0 | POS | INT | 47 | 14 | 4 | (x-3)=(6-5) | x 3 - 6 5 - = | x:cake 3:cake -:cake 6:cake 5:cake -:cake =:cake
EXPR: 0 | POS | INT | 47 | 14 | 8 | (3-6)=(5-x) | 3 6 - 5 x - = | 3:cake 6:cake -:cake 5:cake x:cake -:cake =:cake
EXPR: 0 | POS | INT | 47 | 14 | 2 | (3-x)=(6-5) | 3 x - 6 5 - = | 3:cake x:cake -:cake 6:cake 5:cake -:cake =:cake
EXPR: 0 | POS | INT | 47 | 14 | 2 | (3-6)=(x-5) | 3 6 - x 5 - = | 3:cake 6:cake -:cake x:cake 5:cake -:cake =:cake
NET 252 unique, non-negative, integer-valued solutions found out of 480 total solutions
