parameters: n=7 l=3 k=1 p=5 q=2 m=9
TOTAL 1000 solutions found
SOLN: CORRECT | POS/NEG | INT/FRA | OBJ-SCORE | TRUE-ANS | ANS | INFIX | POSTFIX | TYPED-POSTFIX
EXPR: 0 | POS | INT | 2 | 12 | 7 | 7=(x*(3-2)) | 7 x 3 2 - * = | 7:tree x:dogwood 3:tree 2:tree -:tree *:tree =:tree
EXPR: 0 | POS | INT | 2 | 12 | 3 | 7=((x*3)-2) | 7 x 3 * 2 - = | 7:tree x:dogwood 3:tree *:tree 2:tree -:tree =:tree
EXPR: 0 | POS | INT | 2 | 12 | 7 | 7=((3-2)*x) | 7 3 2 - x * = | 7:tree 3:tree 2:tree -:tree x:dogwood *:tree =:tree
EXPR: 0 | POS | INT | 2 | 12 | 5 | ((7+3)/x)=2 | 7 3 + x / 2 = | 7:tree 3:tree +:tree x:dogwood /:tree 2:tree =:tree
EXPR: 0 | POS | INT | 2 | 12 | 2 | ((7-3)/x)=2 | 7 3 - x / 2 = | 7:tree 3:tree -:tree x:dogwood /:tree 2:tree =:tree
EXPR: 0 | POS | INT | 2 | 12 | 3 | 7=((3*x)-2) | 7 3 x * 2 - = | 7:tree 3:tree x:dogwood *:tree 2:tree -:tree =:tree
EXPR: 0 | POS | INT | 2 | 12 | 2 | 7=(3+(x*2)) | 7 3 x 2 * + = | 7:tree 3:tree x:dogwood 2:tree *:tree +:tree =:tree
EXPR: 0 | POS | INT | 2 | 12 | 2 | 7=(3+(2*x)) | 7 3 2 x * + = | 7:tree 3:tree 2:tree x:dogwood *:tree +:tree =:tree
EXPR: 0 | POS | INT | 10 | 12 | 7 | x=(7/(3-2)) | x 7 3 2 - / = | x:dogwood 7:dogwood 3:tree 2:tree -:tree /:dogwood =:dogwood
EXPR: 0 | POS | INT | 10 | 12 | 35 | x=(7*(3+2)) | x 7 3 2 + * = | x:dogwood 7:dogwood 3:tree 2:tree +:tree *:dogwood =:dogwood
EXPR: 0 | POS | INT | 10 | 12 | 7 | x=(7*(3-2)) | x 7 3 2 - * = | x:dogwood 7:dogwood 3:tree 2:tree -:tree *:dogwood =:dogwood
EXPR: 0 | POS | INT | 10 | 12 | 8 | ((7-3)*2)=x | 7 3 - 2 * x = | 7:tree 3:tree -:tree 2:dogwood *:dogwood x:dogwood =:dogwood
EXPR: 0 | POS | INT | 10 | 12 | 20 | ((7+3)*2)=x | 7 3 + 2 * x = | 7:tree 3:tree +:tree 2:dogwood *:dogwood x:dogwood =:dogwood
EXPR: 0 | POS | INT | 10 | 12 | 7 | (7*(3-2))=x | 7 3 2 - * x = | 7:dogwood 3:tree 2:tree -:tree *:dogwood x:dogwood =:dogwood
EXPR: 0 | POS | INT | 10 | 12 | 2 | (7-(3+2))=x | 7 3 2 + - x = | 7:tree 3:tree 2:tree +:tree -:tree x:tree =:tree
EXPR: 1 | POS | INT | 10 | 12 | 12 | (7+(3+2))=x | 7 3 2 + + x = | 7:tree 3:tree 2:tree +:tree +:tree x:tree =:tree
EXPR: 1 | POS | INT | 10 | 12 | 12 | x=((7+3)+2) | x 7 3 + 2 + = | x:tree 7:tree 3:tree +:tree 2:tree +:tree =:tree
EXPR: 0 | POS | INT | 10 | 12 | 8 | x=((7+3)-2) | x 7 3 + 2 - = | x:tree 7:tree 3:tree +:tree 2:tree -:tree =:tree
EXPR: 0 | POS | INT | 10 | 12 | 2 | x=((7-3)-2) | x 7 3 - 2 - = | x:tree 7:tree 3:tree -:tree 2:tree -:tree =:tree
EXPR: 0 | POS | INT | 10 | 12 | 2 | x=(7-(3+2)) | x 7 3 2 + - = | x:tree 7:tree 3:tree 2:tree +:tree -:tree =:tree
EXPR: 0 | POS | INT | 10 | 12 | 6 | x=((7-3)+2) | x 7 3 - 2 + = | x:tree 7:tree 3:tree -:tree 2:tree +:tree =:tree
EXPR: 0 | POS | INT | 10 | 12 | 2 | ((7-3)-2)=x | 7 3 - 2 - x = | 7:tree 3:tree -:tree 2:tree -:tree x:tree =:tree
EXPR: 0 | POS | INT | 10 | 12 | 8 | (7+(3-2))=x | 7 3 2 - + x = | 7:tree 3:tree 2:tree -:tree +:tree x:tree =:tree
EXPR: 0 | POS | INT | 10 | 12 | 20 | x=((7+3)*2) | x 7 3 + 2 * = | x:dogwood 7:tree 3:tree +:tree 2:dogwood *:dogwood =:dogwood
EXPR: 0 | POS | INT | 10 | 12 | 6 | x=(7-(3-2)) | x 7 3 2 - - = | x:tree 7:tree 3:tree 2:tree -:tree -:tree =:tree
EXPR: 0 | POS | INT | 10 | 12 | 8 | x=((7-3)*2) | x 7 3 - 2 * = | x:dogwood 7:tree 3:tree -:tree 2:dogwood *:dogwood =:dogwood
EXPR: 0 | POS | INT | 10 | 12 | 6 | ((7-3)+2)=x | 7 3 - 2 + x = | 7:tree 3:tree -:tree 2:tree +:tree x:tree =:tree
EXPR: 1 | POS | INT | 10 | 12 | 12 | x=(7+(3+2)) | x 7 3 2 + + = | x:tree 7:tree 3:tree 2:tree +:tree +:tree =:tree
EXPR: 0 | POS | INT | 10 | 12 | 8 | x=(7+(3-2)) | x 7 3 2 - + = | x:tree 7:tree 3:tree 2:tree -:tree +:tree =:tree
EXPR: 0 | POS | INT | 10 | 12 | 6 | (7-(3-2))=x | 7 3 2 - - x = | 7:tree 3:tree 2:tree -:tree -:tree x:tree =:tree
EXPR: 0 | POS | INT | 10 | 12 | 8 | ((7+3)-2)=x | 7 3 + 2 - x = | 7:tree 3:tree +:tree 2:tree -:tree x:tree =:tree
EXPR: 1 | POS | INT | 10 | 12 | 12 | ((7+3)+2)=x | 7 3 + 2 + x = | 7:tree 3:tree +:tree 2:tree +:tree x:tree =:tree
EXPR: 0 | POS | INT | 10 | 12 | 7 | (7/(3-2))=x | 7 3 2 - / x = | 7:dogwood 3:tree 2:tree -:tree /:dogwood x:dogwood =:dogwood
EXPR: 0 | POS | INT | 10 | 12 | 35 | (7*(3+2))=x | 7 3 2 + * x = | 7:dogwood 3:tree 2:tree +:tree *:dogwood x:dogwood =:dogwood
EXPR: 0 | POS | INT | 12 | 12 | 5 | 7=((x*2)-3) | 7 x 2 * 3 - = | 7:tree x:dogwood 2:tree *:tree 3:tree -:tree =:tree
EXPR: 0 | POS | INT | 12 | 12 | 3 | ((x*3)-7)=2 | x 3 * 7 - 2 = | x:dogwood 3:tree *:tree 7:tree -:tree 2:tree =:tree
EXPR: 0 | POS | INT | 12 | 12 | 2 | (7-(2*x))=3 | 7 2 x * - 3 = | 7:tree 2:tree x:dogwood *:tree -:tree 3:tree =:tree
EXPR: 0 | POS | INT | 12 | 12 | 2 | 7=((x*2)+3) | 7 x 2 * 3 + = | 7:tree x:dogwood 2:tree *:tree 3:tree +:tree =:tree
EXPR: 0 | POS | INT | 12 | 12 | 2 | (7-(x*2))=3 | 7 x 2 * - 3 = | 7:tree x:dogwood 2:tree *:tree -:tree 3:tree =:tree
EXPR: 0 | POS | INT | 12 | 12 | 5 | 7=((2*x)-3) | 7 2 x * 3 - = | 7:tree 2:tree x:dogwood *:tree 3:tree -:tree =:tree
EXPR: 0 | POS | INT | 12 | 12 | 2 | 7=((2*x)+3) | 7 2 x * 3 + = | 7:tree 2:tree x:dogwood *:tree 3:tree +:tree =:tree
EXPR: 0 | POS | INT | 12 | 12 | 7 | ((7/x)+2)=3 | 7 x / 2 + 3 = | 7:tree x:dogwood /:tree 2:tree +:tree 3:tree =:tree
EXPR: 0 | POS | INT | 12 | 12 | 2 | 7=(3+(2+x)) | 7 3 2 x + + = | 7:tree 3:tree 2:tree x:tree +:tree +:tree =:tree
EXPR: 0 | POS | INT | 12 | 12 | 2 | 7=(3+(x+2)) | 7 3 x 2 + + = | 7:tree 3:tree x:tree 2:tree +:tree +:tree =:tree
EXPR: 0 | POS | INT | 12 | 12 | 6 | 7=(3+(x-2)) | 7 3 x 2 - + = | 7:tree 3:tree x:tree 2:tree -:tree +:tree =:tree
EXPR: 0 | POS | INT | 12 | 12 | 8 | 7=(x-(3-2)) | 7 x 3 2 - - = | 7:tree x:tree 3:tree 2:tree -:tree -:tree =:tree
EXPR: 1 | POS | INT | 12 | 12 | 12 | 7=(x-(3+2)) | 7 x 3 2 + - = | 7:tree x:tree 3:tree 2:tree +:tree -:tree =:tree
EXPR: 0 | POS | INT | 12 | 12 | 7 | (3-(7/x))=2 | 3 7 x / - 2 = | 3:tree 7:tree x:dogwood /:tree -:tree 2:tree =:tree
EXPR: 0 | POS | INT | 12 | 12 | 6 | 7=(x+(3-2)) | 7 x 3 2 - + = | 7:tree x:tree 3:tree 2:tree -:tree +:tree =:tree
EXPR: 0 | POS | INT | 12 | 12 | 6 | 7=(3-(2-x)) | 7 3 2 x - - = | 7:tree 3:tree 2:tree x:tree -:tree -:tree =:tree
EXPR: 0 | POS | INT | 12 | 12 | 7 | 7=(x/(3-2)) | 7 x 3 2 - / = | 7:dogwood x:dogwood 3:tree 2:tree -:tree /:dogwood =:dogwood
EXPR: 0 | POS | INT | 12 | 12 | 6 | 7=((3-2)+x) | 7 3 2 - x + = | 7:tree 3:tree 2:tree -:tree x:tree +:tree =:tree
EXPR: 0 | POS | INT | 12 | 12 | 5 | (7+3)=(x*2) | 7 3 + x 2 * = | 7:tree 3:tree +:tree x:dogwood 2:tree *:tree =:tree
EXPR: 0 | POS | INT | 12 | 12 | 2 | (7-3)=(x*2) | 7 3 - x 2 * = | 7:tree 3:tree -:tree x:dogwood 2:tree *:tree =:tree
EXPR: 0 | POS | INT | 12 | 12 | 2 | ((7-3)-x)=2 | 7 3 - x - 2 = | 7:tree 3:tree -:tree x:tree -:tree 2:tree =:tree
EXPR: 0 | POS | INT | 12 | 12 | 8 | ((7+3)-x)=2 | 7 3 + x - 2 = | 7:tree 3:tree +:tree x:tree -:tree 2:tree =:tree
EXPR: 0 | POS | INT | 12 | 12 | 35 | 7=(x/(3+2)) | 7 x 3 2 + / = | 7:dogwood x:dogwood 3:tree 2:tree +:tree /:dogwood =:dogwood
EXPR: 1 | POS | INT | 12 | 12 | 12 | ((x-7)-3)=2 | x 7 - 3 - 2 = | x:tree 7:tree -:tree 3:tree -:tree 2:tree =:tree
EXPR: 0 | POS | INT | 12 | 12 | 7 | 3=((7/x)+2) | 3 7 x / 2 + = | 3:tree 7:tree x:dogwood /:tree 2:tree +:tree =:tree
EXPR: 0 | POS | INT | 12 | 12 | 2 | (7-(x+3))=2 | 7 x 3 + - 2 = | 7:tree x:tree 3:tree +:tree -:tree 2:tree =:tree
EXPR: 1 | POS | INT | 12 | 12 | 12 | 7=((x-3)-2) | 7 x 3 - 2 - = | 7:tree x:tree 3:tree -:tree 2:tree -:tree =:tree
EXPR: 0 | POS | INT | 12 | 12 | 2 | (7-3)=(2*x) | 7 3 - 2 x * = | 7:tree 3:tree -:tree 2:tree x:dogwood *:tree =:tree
EXPR: 0 | POS | INT | 12 | 12 | 5 | (7+3)=(2*x) | 7 3 + 2 x * = | 7:tree 3:tree +:tree 2:tree x:dogwood *:tree =:tree
EXPR: 0 | POS | INT | 12 | 12 | 6 | ((x-7)+3)=2 | x 7 - 3 + 2 = | x:tree 7:tree -:tree 3:tree +:tree 2:tree =:tree
EXPR: 0 | POS | INT | 12 | 12 | 3 | ((7+2)/x)=3 | 7 2 + x / 3 = | 7:tree 2:tree +:tree x:dogwood /:tree 3:tree =:tree
EXPR: 0 | POS | INT | 12 | 12 | 20 | (x/(7+3))=2 | x 7 3 + / 2 = | x:dogwood 7:tree 3:tree +:tree /:dogwood 2:dogwood =:dogwood
EXPR: 0 | POS | INT | 12 | 12 | 2 | (7-(3+x))=2 | 7 3 x + - 2 = | 7:tree 3:tree x:tree +:tree -:tree 2:tree =:tree
EXPR: 0 | POS | INT | 12 | 12 | 3 | ((3*x)-7)=2 | 3 x * 7 - 2 = | 3:tree x:dogwood *:tree 7:tree -:tree 2:tree =:tree
EXPR: 0 | POS | INT | 12 | 12 | 2 | 3=(7-(2*x)) | 3 7 2 x * - = | 3:tree 7:tree 2:tree x:dogwood *:tree -:tree =:tree
EXPR: 0 | POS | INT | 12 | 12 | 8 | ((7-x)+3)=2 | 7 x - 3 + 2 = | 7:tree x:tree -:tree 3:tree +:tree 2:tree =:tree
EXPR: 0 | POS | INT | 12 | 12 | 8 | (7+(3-x))=2 | 7 3 x - + 2 = | 7:tree 3:tree x:tree -:tree +:tree 2:tree =:tree
EXPR: 0 | POS | INT | 12 | 12 | 3 | 3=((7+2)/x) | 3 7 2 + x / = | 3:tree 7:tree 2:tree +:tree x:dogwood /:tree =:tree
EXPR: 0 | POS | INT | 12 | 12 | 2 | ((7-x)-3)=2 | 7 x - 3 - 2 = | 7:tree x:tree -:tree 3:tree -:tree 2:tree =:tree
EXPR: 0 | POS | INT | 12 | 12 | 8 | 7=((x-3)+2) | 7 x 3 - 2 + = | 7:tree x:tree 3:tree -:tree 2:tree +:tree =:tree
EXPR: 0 | POS | INT | 12 | 12 | 2 | 7=(x+(3+2)) | 7 x 3 2 + + = | 7:tree x:tree 3:tree 2:tree +:tree +:tree =:tree
EXPR: 1 | POS | INT | 12 | 12 | 12 | (x-(7+3))=2 | x 7 3 + - 2 = | x:tree 7:tree 3:tree +:tree -:tree 2:tree =:tree
EXPR: 0 | POS | INT | 12 | 12 | 6 | (x-(7-3))=2 | x 7 3 - - 2 = | x:tree 7:tree 3:tree -:tree -:tree 2:tree =:tree
EXPR: 0 | POS | INT | 12 | 12 | 8 | (7-(x-3))=2 | 7 x 3 - - 2 = | 7:tree x:tree 3:tree -:tree -:tree 2:tree =:tree
EXPR: 0 | POS | INT | 12 | 12 | 7 | (7/x)=(3-2) | 7 x / 3 2 - = | 7:tree x:dogwood /:tree 3:tree 2:tree -:tree =:tree
EXPR: 0 | POS | INT | 12 | 12 | 8 | (x/(7-3))=2 | x 7 3 - / 2 = | x:dogwood 7:tree 3:tree -:tree /:dogwood 2:dogwood =:dogwood
EXPR: 0 | POS | INT | 12 | 12 | 2 | 3=(7-(x*2)) | 3 7 x 2 * - = | 3:tree 7:tree x:dogwood 2:tree *:tree -:tree =:tree
EXPR: 0 | POS | INT | 12 | 12 | 6 | 7=((x+3)-2) | 7 x 3 + 2 - = | 7:tree x:tree 3:tree +:tree 2:tree -:tree =:tree
EXPR: 0 | POS | INT | 12 | 12 | 2 | 7=((x+3)+2) | 7 x 3 + 2 + = | 7:tree x:tree 3:tree +:tree 2:tree +:tree =:tree
EXPR: 0 | POS | INT | 12 | 12 | 2 | 7=((3+2)+x) | 7 3 2 + x + = | 7:tree 3:tree 2:tree +:tree x:tree +:tree =:tree
EXPR: 0 | POS | INT | 12 | 12 | 6 | 7=((3+x)-2) | 7 3 x + 2 - = | 7:tree 3:tree x:tree +:tree 2:tree -:tree =:tree
EXPR: 0 | POS | INT | 12 | 12 | 2 | 7=((3+x)+2) | 7 3 x + 2 + = | 7:tree 3:tree x:tree +:tree 2:tree +:tree =:tree
EXPR: 0 | POS | INT | 20 | 12 | 19 | ((7*3)-2)=x | 7 3 * 2 - x = | 7:dogwood 3:tree *:tree 2:tree -:tree x:tree =:tree
EXPR: 0 | POS | INT | 20 | 12 | 23 | ((7*3)+2)=x | 7 3 * 2 + x = | 7:dogwood 3:tree *:tree 2:tree +:tree x:tree =:tree
EXPR: 0 | POS | INT | 20 | 12 | 1 | (7-(3*2))=x | 7 3 2 * - x = | 7:tree 3:dogwood 2:tree *:tree -:tree x:tree =:tree
EXPR: 0 | POS | INT | 20 | 12 | 19 | x=((7*3)-2) | x 7 3 * 2 - = | x:dogwood 7:tree 3:dogwood *:dogwood 2:dogwood -:dogwood =:dogwood
EXPR: 0 | POS | INT | 20 | 12 | 23 | x=((7*3)+2) | x 7 3 * 2 + = | x:dogwood 7:tree 3:dogwood *:dogwood 2:dogwood +:dogwood =:dogwood
EXPR: 0 | POS | INT | 20 | 12 | 13 | (7+(3*2))=x | 7 3 2 * + x = | 7:dogwood 3:tree 2:dogwood *:dogwood +:dogwood x:dogwood =:dogwood
EXPR: 0 | POS | INT | 20 | 12 | 15 | (3*(7-2))=x | 3 7 2 - * x = | 3:dogwood 7:tree 2:tree -:tree *:dogwood x:dogwood =:dogwood
EXPR: 0 | POS | INT | 20 | 12 | 5 | ((7+3)/2)=x | 7 3 + 2 / x = | 7:dogwood 3:dogwood +:dogwood 2:tree /:dogwood x:dogwood =:dogwood
EXPR: 0 | POS | INT | 20 | 12 | 2 | ((7-3)/2)=x | 7 3 - 2 / x = | 7:tree 3:tree -:tree 2:dogwood /:tree x:tree =:tree
EXPR: 0 | POS | INT | 20 | 12 | 1 | x=(7-(3*2)) | x 7 3 2 * - = | x:tree 7:tree 3:tree 2:dogwood *:tree -:tree =:tree
EXPR: 0 | POS | INT | 20 | 12 | 13 | x=(7+(3*2)) | x 7 3 2 * + = | x:tree 7:tree 3:tree 2:dogwood *:tree +:tree =:tree
EXPR: 0 | POS | INT | 20 | 12 | 27 | (3*(7+2))=x | 3 7 2 + * x = | 3:dogwood 7:tree 2:tree +:tree *:dogwood x:dogwood =:dogwood
EXPR: 1 | POS | INT | 20 | 12 | 12 | (3+(7+2))=x | 3 7 2 + + x = | 3:tree 7:tree 2:tree +:tree +:tree x:tree =:tree
EXPR: 0 | POS | INT | 20 | 12 | 27 | x=((7+2)*3) | x 7 2 + 3 * = | x:dogwood 7:tree 2:tree +:tree 3:dogwood *:dogwood =:dogwood
EXPR: 0 | POS | INT | 20 | 12 | 15 | ((7-2)*3)=x | 7 2 - 3 * x = | 7:tree 2:tree -:tree 3:dogwood *:dogwood x:dogwood =:dogwood
EXPR: 1 | POS | INT | 20 | 12 | 12 | x=((7+2)+3) | x 7 2 + 3 + = | x:tree 7:tree 2:tree +:tree 3:tree +:tree =:tree
EXPR: 0 | POS | INT | 20 | 12 | 5 | x=((7+3)/2) | x 7 3 + 2 / = | x:tree 7:tree 3:tree +:tree 2:dogwood /:tree =:tree
EXPR: 0 | POS | INT | 20 | 12 | 27 | ((7+2)*3)=x | 7 2 + 3 * x = | 7:tree 2:tree +:tree 3:dogwood *:dogwood x:dogwood =:dogwood
EXPR: 0 | POS | INT | 20 | 12 | 6 | x=((7+2)-3) | x 7 2 + 3 - = | x:tree 7:tree 2:tree +:tree 3:tree -:tree =:tree
EXPR: 0 | POS | INT | 20 | 12 | 6 | (7+(2-3))=x | 7 2 3 - + x = | 7:tree 2:tree 3:tree -:tree +:tree x:tree =:tree
EXPR: 0 | POS | INT | 20 | 12 | 8 | (3+(7-2))=x | 3 7 2 - + x = | 3:tree 7:tree 2:tree -:tree +:tree x:tree =:tree
EXPR: 0 | POS | INT | 20 | 12 | 2 | x=((7-3)/2) | x 7 3 - 2 / = | x:dogwood 7:dogwood 3:dogwood -:dogwood 2:tree /:dogwood =:dogwood
EXPR: 0 | POS | INT | 20 | 12 | 8 | (7-(2-3))=x | 7 2 3 - - x = | 7:tree 2:tree 3:tree -:tree -:tree x:tree =:tree
EXPR: 0 | POS | INT | 20 | 12 | 27 | x=(3*(7+2)) | x 3 7 2 + * = | x:dogwood 3:dogwood 7:tree 2:tree +:tree *:dogwood =:dogwood
EXPR: 0 | POS | INT | 20 | 12 | 15 | x=(3*(7-2)) | x 3 7 2 - * = | x:dogwood 3:dogwood 7:tree 2:tree -:tree *:dogwood =:dogwood
EXPR: 0 | POS | INT | 20 | 12 | 15 | x=((7-2)*3) | x 7 2 - 3 * = | x:dogwood 7:tree 2:tree -:tree 3:dogwood *:dogwood =:dogwood
EXPR: 0 | POS | INT | 20 | 12 | 2 | x=((7-2)-3) | x 7 2 - 3 - = | x:tree 7:tree 2:tree -:tree 3:tree -:tree =:tree
EXPR: 0 | POS | INT | 20 | 12 | 8 | x=((7-2)+3) | x 7 2 - 3 + = | x:tree 7:tree 2:tree -:tree 3:tree +:tree =:tree
EXPR: 0 | POS | INT | 20 | 12 | 2 | ((7-2)-3)=x | 7 2 - 3 - x = | 7:tree 2:tree -:tree 3:tree -:tree x:tree =:tree
EXPR: 0 | POS | INT | 20 | 12 | 8 | ((7-2)+3)=x | 7 2 - 3 + x = | 7:tree 2:tree -:tree 3:tree +:tree x:tree =:tree
EXPR: 0 | POS | INT | 20 | 12 | 8 | x=(7-(2-3)) | x 7 2 3 - - = | x:tree 7:tree 2:tree 3:tree -:tree -:tree =:tree
EXPR: 0 | POS | INT | 20 | 12 | 6 | x=(7+(2-3)) | x 7 2 3 - + = | x:tree 7:tree 2:tree 3:tree -:tree +:tree =:tree
EXPR: 0 | POS | INT | 20 | 12 | 6 | ((7+2)-3)=x | 7 2 + 3 - x = | 7:tree 2:tree +:tree 3:tree -:tree x:tree =:tree
EXPR: 1 | POS | INT | 20 | 12 | 12 | ((7+2)+3)=x | 7 2 + 3 + x = | 7:tree 2:tree +:tree 3:tree +:tree x:tree =:tree
EXPR: 1 | POS | INT | 20 | 12 | 12 | x=(3+(7+2)) | x 3 7 2 + + = | x:tree 3:tree 7:tree 2:tree +:tree +:tree =:tree
EXPR: 0 | POS | INT | 20 | 12 | 8 | x=(3+(7-2)) | x 3 7 2 - + = | x:tree 3:tree 7:tree 2:tree -:tree +:tree =:tree
EXPR: 0 | POS | INT | 22 | 12 | 1 | 7=(x+(3*2)) | 7 x 3 2 * + = | 7:tree x:tree 3:dogwood 2:tree *:tree +:tree =:tree
EXPR: 0 | POS | INT | 22 | 12 | 13 | 7=(x-(3*2)) | 7 x 3 2 * - = | 7:tree x:tree 3:dogwood 2:tree *:tree -:tree =:tree
EXPR: 0 | POS | INT | 22 | 12 | 23 | (x-(7*3))=2 | x 7 3 * - 2 = | x:tree 7:dogwood 3:tree *:tree -:tree 2:tree =:tree
EXPR: 0 | POS | INT | 22 | 12 | 1 | 7=((3*2)+x) | 7 3 2 * x + = | 7:tree 3:dogwood 2:tree *:tree x:tree +:tree =:tree
EXPR: 0 | POS | INT | 22 | 12 | 27 | 7=((x/3)-2) | 7 x 3 / 2 - = | 7:tree x:tree 3:dogwood /:tree 2:tree -:tree =:tree
EXPR: 0 | POS | INT | 22 | 12 | 15 | (7-(x/3))=2 | 7 x 3 / - 2 = | 7:tree x:tree 3:dogwood /:tree -:tree 2:tree =:tree
EXPR: 0 | POS | INT | 22 | 12 | 11 | 7=((x+3)/2) | 7 x 3 + 2 / = | 7:tree x:tree 3:tree +:tree 2:dogwood /:tree =:tree
EXPR: 0 | POS | INT | 22 | 12 | 8 | (x-7)=(3-2) | x 7 - 3 2 - = | x:tree 7:tree -:tree 3:tree 2:tree -:tree =:tree
EXPR: 0 | POS | INT | 22 | 12 | 19 | ((7*3)-x)=2 | 7 3 * x - 2 = | 7:tree 3:dogwood *:dogwood x:dogwood -:dogwood 2:dogwood =:dogwood
EXPR: 0 | POS | INT | 22 | 12 | 6 | 7=((x-2)+3) | 7 x 2 - 3 + = | 7:tree x:tree 2:tree -:tree 3:tree +:tree =:tree
EXPR: 0 | POS | INT | 22 | 12 | 6 | ((3-7)+x)=2 | 3 7 - x + 2 = | 3:tree 7:tree -:tree x:tree +:tree 2:tree =:tree
EXPR: 0 | POS | INT | 22 | 12 | 2 | ((7-2)-x)=3 | 7 2 - x - 3 = | 7:tree 2:tree -:tree x:tree -:tree 3:tree =:tree
EXPR: 0 | POS | INT | 22 | 12 | 8 | (3+(7-x))=2 | 3 7 x - + 2 = | 3:tree 7:tree x:tree -:tree +:tree 2:tree =:tree
EXPR: 0 | POS | INT | 22 | 12 | 11 | 7=((3+x)/2) | 7 3 x + 2 / = | 7:tree 3:tree x:tree +:tree 2:dogwood /:tree =:tree
EXPR: 0 | POS | INT | 22 | 12 | 6 | ((7+2)-x)=3 | 7 2 + x - 3 = | 7:tree 2:tree +:tree x:tree -:tree 3:tree =:tree
EXPR: 0 | POS | INT | 22 | 12 | 27 | 3=(x/(7+2)) | 3 x 7 2 + / = | 3:dogwood x:dogwood 7:tree 2:tree +:tree /:dogwood =:dogwood
EXPR: 0 | POS | INT | 22 | 12 | 15 | 3=(x/(7-2)) | 3 x 7 2 - / = | 3:dogwood x:dogwood 7:tree 2:tree -:tree /:dogwood =:dogwood
EXPR: 0 | POS | INT | 22 | 12 | 6 | (3-(7-x))=2 | 3 7 x - - 2 = | 3:tree 7:tree x:tree -:tree -:tree 2:tree =:tree
EXPR: 0 | POS | INT | 22 | 12 | 8 | ((3-x)+7)=2 | 3 x - 7 + 2 = | 3:tree x:tree -:tree 7:tree +:tree 2:tree =:tree
EXPR: 0 | POS | INT | 22 | 12 | 42 | (x/7)=(3*2) | x 7 / 3 2 * = | x:dogwood 7:tree /:dogwood 3:tree 2:dogwood *:dogwood =:dogwood
EXPR: 0 | POS | INT | 22 | 12 | 8 | 7=(x+(2-3)) | 7 x 2 3 - + = | 7:tree x:tree 2:tree 3:tree -:tree +:tree =:tree
EXPR: 0 | POS | INT | 22 | 12 | 17 | 7=((x-3)/2) | 7 x 3 - 2 / = | 7:tree x:tree 3:tree -:tree 2:dogwood /:tree =:tree
EXPR: 0 | POS | INT | 22 | 12 | 3 | (x*3)=(7+2) | x 3 * 7 2 + = | x:dogwood 3:tree *:tree 7:tree 2:tree +:tree =:tree
EXPR: 0 | POS | INT | 22 | 12 | 42 | (7*3)=(x/2) | 7 3 * x 2 / = | 7:dogwood 3:tree *:dogwood x:dogwood 2:tree /:dogwood =:dogwood
EXPR: 0 | POS | INT | 22 | 12 | 8 | 7=((2-3)+x) | 7 2 3 - x + = | 7:tree 2:tree 3:tree -:tree x:tree +:tree =:tree
EXPR: 0 | POS | INT | 22 | 12 | 8 | 7=(3+(x/2)) | 7 3 x 2 / + = | 7:dogwood 3:dogwood x:dogwood 2:tree /:dogwood +:dogwood =:dogwood
EXPR: 0 | POS | INT | 22 | 12 | 1 | ((7-x)/3)=2 | 7 x - 3 / 2 = | 7:tree x:tree -:tree 3:dogwood /:tree 2:tree =:tree
EXPR: 0 | POS | INT | 22 | 12 | 2 | 7=(2+(x+3)) | 7 2 x 3 + + = | 7:tree 2:tree x:tree 3:tree +:tree +:tree =:tree
EXPR: 0 | POS | INT | 22 | 12 | 8 | 7=(2-(3-x)) | 7 2 3 x - - = | 7:tree 2:tree 3:tree x:tree -:tree -:tree =:tree
EXPR: 0 | POS | INT | 22 | 12 | 2 | 7=(2+(3+x)) | 7 2 3 x + + = | 7:tree 2:tree 3:tree x:tree +:tree +:tree =:tree
EXPR: 0 | POS | INT | 22 | 12 | 6 | (x+(3-7))=2 | x 3 7 - + 2 = | x:tree 3:tree 7:tree -:tree +:tree 2:tree =:tree
EXPR: 0 | POS | INT | 22 | 12 | 2 | (7-3)=(x+2) | 7 3 - x 2 + = | 7:tree 3:tree -:tree x:tree 2:tree +:tree =:tree
EXPR: 0 | POS | INT | 22 | 12 | 6 | (7-x)=(3-2) | 7 x - 3 2 - = | 7:tree x:tree -:tree 3:tree 2:tree -:tree =:tree
EXPR: 1 | POS | INT | 22 | 12 | 12 | (x-7)=(3+2) | x 7 - 3 2 + = | x:tree 7:tree -:tree 3:tree 2:tree +:tree =:tree
EXPR: 0 | POS | INT | 22 | 12 | 2 | (7-(2+x))=3 | 7 2 x + - 3 = | 7:tree 2:tree x:tree +:tree -:tree 3:tree =:tree
EXPR: 0 | POS | INT | 22 | 12 | 8 | 3=((x-7)+2) | 3 x 7 - 2 + = | 3:tree x:tree 7:tree -:tree 2:tree +:tree =:tree
EXPR: 0 | POS | INT | 22 | 12 | 6 | (7-3)=(x-2) | 7 3 - x 2 - = | 7:tree 3:tree -:tree x:tree 2:tree -:tree =:tree
EXPR: 0 | POS | INT | 22 | 12 | 8 | (7+3)=(x+2) | 7 3 + x 2 + = | 7:tree 3:tree +:tree x:tree 2:tree +:tree =:tree
EXPR: 1 | POS | INT | 22 | 12 | 12 | (7+3)=(x-2) | 7 3 + x 2 - = | 7:tree 3:tree +:tree x:tree 2:tree -:tree =:tree
EXPR: 0 | POS | INT | 22 | 12 | 2 | (7-x)=(3+2) | 7 x - 3 2 + = | 7:tree x:tree -:tree 3:tree 2:tree +:tree =:tree
EXPR: 0 | POS | INT | 22 | 12 | 2 | (7-3)=(2+x) | 7 3 - 2 x + = | 7:tree 3:tree -:tree 2:tree x:tree +:tree =:tree
EXPR: 1 | POS | INT | 22 | 12 | 12 | 7=((x-2)-3) | 7 x 2 - 3 - = | 7:tree x:tree 2:tree -:tree 3:tree -:tree =:tree
EXPR: 0 | POS | INT | 22 | 12 | 8 | (7+3)=(2+x) | 7 3 + 2 x + = | 7:tree 3:tree +:tree 2:tree x:tree +:tree =:tree
EXPR: 0 | POS | INT | 22 | 12 | 2 | 3=((7-x)-2) | 3 7 x - 2 - = | 3:tree 7:tree x:tree -:tree 2:tree -:tree =:tree
EXPR: 0 | POS | INT | 22 | 12 | 6 | 7=(x-(2-3)) | 7 x 2 3 - - = | 7:tree x:tree 2:tree 3:tree -:tree -:tree =:tree
EXPR: 0 | POS | INT | 22 | 12 | 8 | 7=(2+(x-3)) | 7 2 x 3 - + = | 7:tree 2:tree x:tree 3:tree -:tree +:tree =:tree
EXPR: 0 | POS | INT | 22 | 12 | 3 | (7+2)=(x*3) | 7 2 + x 3 * = | 7:tree 2:tree +:tree x:dogwood 3:tree *:tree =:tree
EXPR: 1 | POS | INT | 22 | 12 | 12 | ((x-3)-7)=2 | x 3 - 7 - 2 = | x:tree 3:tree -:tree 7:tree -:tree 2:tree =:tree
EXPR: 0 | POS | INT | 22 | 12 | 15 | 7=((x/3)+2) | 7 x 3 / 2 + = | 7:tree x:tree 3:dogwood /:tree 2:tree +:tree =:tree
EXPR: 0 | POS | INT | 22 | 12 | 27 | (x/(7+2))=3 | x 7 2 + / 3 = | x:dogwood 7:tree 2:tree +:tree /:dogwood 3:dogwood =:dogwood
EXPR: 0 | POS | INT | 22 | 12 | 6 | 3=((7-x)+2) | 3 7 x - 2 + = | 3:tree 7:tree x:tree -:tree 2:tree +:tree =:tree
EXPR: 0 | POS | INT | 22 | 12 | 3 | (3*x)=(7+2) | 3 x * 7 2 + = | 3:tree x:dogwood *:tree 7:tree 2:tree +:tree =:tree
EXPR: 1 | POS | INT | 22 | 12 | 12 | 3=((x-7)-2) | 3 x 7 - 2 - = | 3:tree x:tree 7:tree -:tree 2:tree -:tree =:tree
EXPR: 0 | POS | INT | 22 | 12 | 6 | (7+(2-x))=3 | 7 2 x - + 3 = | 7:tree 2:tree x:tree -:tree +:tree 3:tree =:tree
EXPR: 0 | POS | INT | 22 | 12 | 8 | (3-(x-7))=2 | 3 x 7 - - 2 = | 3:tree x:tree 7:tree -:tree -:tree 2:tree =:tree
EXPR: 0 | POS | INT | 22 | 12 | 6 | (3+(x-7))=2 | 3 x 7 - + 2 = | 3:tree x:tree 7:tree -:tree +:tree 2:tree =:tree
EXPR: 0 | POS | INT | 22 | 12 | 3 | (7+2)=(3*x) | 7 2 + 3 x * = | 7:tree 2:tree +:tree 3:tree x:dogwood *:tree =:tree
EXPR: 0 | POS | INT | 22 | 12 | 15 | (x/(7-2))=3 | x 7 2 - / 3 = | x:dogwood 7:tree 2:tree -:tree /:dogwood 3:dogwood =:dogwood
EXPR: 0 | POS | INT | 22 | 12 | 35 | ((x/7)-3)=2 | x 7 / 3 - 2 = | x:dogwood 7:tree /:dogwood 3:dogwood -:dogwood 2:dogwood =:dogwood
EXPR: 0 | POS | INT | 22 | 12 | 13 | ((x-7)/3)=2 | x 7 - 3 / 2 = | x:dogwood 7:dogwood -:dogwood 3:tree /:dogwood 2:dogwood =:dogwood
EXPR: 1 | POS | INT | 22 | 12 | 12 | ((x-7)-2)=3 | x 7 - 2 - 3 = | x:tree 7:tree -:tree 2:tree -:tree 3:tree =:tree
EXPR: 0 | POS | INT | 22 | 12 | 8 | ((x-7)+2)=3 | x 7 - 2 + 3 = | x:tree 7:tree -:tree 2:tree +:tree 3:tree =:tree
EXPR: 0 | POS | INT | 22 | 12 | 2 | ((7-x)-2)=3 | 7 x - 2 - 3 = | 7:tree x:tree -:tree 2:tree -:tree 3:tree =:tree
EXPR: 0 | POS | INT | 22 | 12 | 2 | 3=(7-(2+x)) | 3 7 2 x + - = | 3:tree 7:tree 2:tree x:tree +:tree -:tree =:tree
EXPR: 0 | POS | INT | 22 | 12 | 6 | ((7-x)+2)=3 | 7 x - 2 + 3 = | 7:tree x:tree -:tree 2:tree +:tree 3:tree =:tree
EXPR: 1 | POS | INT | 22 | 12 | 12 | (x-(7+2))=3 | x 7 2 + - 3 = | x:tree 7:tree 2:tree +:tree -:tree 3:tree =:tree
EXPR: 0 | POS | INT | 22 | 12 | 2 | 3=(7-(x+2)) | 3 7 x 2 + - = | 3:tree 7:tree x:tree 2:tree +:tree -:tree =:tree
EXPR: 0 | POS | INT | 22 | 12 | 8 | (x-(7-2))=3 | x 7 2 - - 3 = | x:tree 7:tree 2:tree -:tree -:tree 3:tree =:tree
EXPR: 0 | POS | INT | 22 | 12 | 6 | ((x+3)-7)=2 | x 3 + 7 - 2 = | x:tree 3:tree +:tree 7:tree -:tree 2:tree =:tree
EXPR: 0 | POS | INT | 22 | 12 | 2 | (7-(x+2))=3 | 7 x 2 + - 3 = | 7:tree x:tree 2:tree +:tree -:tree 3:tree =:tree
EXPR: 0 | POS | INT | 22 | 12 | 6 | 3=(7+(2-x)) | 3 7 2 x - + = | 3:tree 7:tree 2:tree x:tree -:tree +:tree =:tree
EXPR: 0 | POS | INT | 22 | 12 | 6 | 3=((7+2)-x) | 3 7 2 + x - = | 3:tree 7:tree 2:tree +:tree x:tree -:tree =:tree
EXPR: 0 | POS | INT | 22 | 12 | 6 | 3=(7-(x-2)) | 3 7 x 2 - - = | 3:tree 7:tree x:tree 2:tree -:tree -:tree =:tree
EXPR: 0 | POS | INT | 22 | 12 | 2 | 3=((7-2)-x) | 3 7 2 - x - = | 3:tree 7:tree 2:tree -:tree x:tree -:tree =:tree
EXPR: 0 | POS | INT | 22 | 12 | 6 | (7-(x-2))=3 | 7 x 2 - - 3 = | 7:tree x:tree 2:tree -:tree -:tree 3:tree =:tree
EXPR: 0 | POS | INT | 22 | 12 | 6 | ((3+x)-7)=2 | 3 x + 7 - 2 = | 3:tree x:tree +:tree 7:tree -:tree 2:tree =:tree
EXPR: 1 | POS | INT | 22 | 12 | 12 | 3=(x-(7+2)) | 3 x 7 2 + - = | 3:tree x:tree 7:tree 2:tree +:tree -:tree =:tree
EXPR: 0 | POS | INT | 22 | 12 | 8 | 3=(x-(7-2)) | 3 x 7 2 - - = | 3:tree x:tree 7:tree 2:tree -:tree -:tree =:tree
EXPR: 0 | POS | INT | 22 | 12 | 8 | 7=((x+2)-3) | 7 x 2 + 3 - = | 7:tree x:tree 2:tree +:tree 3:tree -:tree =:tree
EXPR: 0 | POS | INT | 22 | 12 | 8 | 7=((2+x)-3) | 7 2 x + 3 - = | 7:tree 2:tree x:tree +:tree 3:tree -:tree =:tree
EXPR: 0 | POS | INT | 22 | 12 | 2 | 7=((2+x)+3) | 7 2 x + 3 + = | 7:tree 2:tree x:tree +:tree 3:tree +:tree =:tree
EXPR: 0 | POS | INT | 22 | 12 | 2 | 7=((x+2)+3) | 7 x 2 + 3 + = | 7:tree x:tree 2:tree +:tree 3:tree +:tree =:tree
EXPR: 0 | POS | INT | 27 | 12 | 5 | ((x*2)-7)=3 | x 2 * 7 - 3 = | x:dogwood 2:tree *:tree 7:tree -:tree 3:tree =:tree
EXPR: 0 | POS | INT | 27 | 12 | 5 | 3=((2*x)-7) | 3 2 x * 7 - = | 3:tree 2:tree x:dogwood *:tree 7:tree -:tree =:tree
EXPR: 0 | POS | INT | 27 | 12 | 5 | 3=((x*2)-7) | 3 x 2 * 7 - = | 3:tree x:dogwood 2:tree *:tree 7:tree -:tree =:tree
EXPR: 0 | POS | INT | 27 | 12 | 2 | (3+(x*2))=7 | 3 x 2 * + 7 = | 3:tree x:dogwood 2:tree *:tree +:tree 7:tree =:tree
EXPR: 0 | POS | INT | 27 | 12 | 7 | 3=(2+(7/x)) | 3 2 7 x / + = | 3:tree 2:tree 7:tree x:dogwood /:tree +:tree =:tree
EXPR: 0 | POS | INT | 27 | 12 | 7 | (2+(7/x))=3 | 2 7 x / + 3 = | 2:tree 7:tree x:dogwood /:tree +:tree 3:tree =:tree
EXPR: 0 | POS | INT | 27 | 12 | 2 | (3+(2*x))=7 | 3 2 x * + 7 = | 3:tree 2:tree x:dogwood *:tree +:tree 7:tree =:tree
EXPR: 0 | POS | INT | 27 | 12 | 3 | ((3*x)-2)=7 | 3 x * 2 - 7 = | 3:tree x:dogwood *:tree 2:tree -:tree 7:tree =:tree
EXPR: 0 | POS | INT | 27 | 12 | 5 | ((2*x)-7)=3 | 2 x * 7 - 3 = | 2:tree x:dogwood *:tree 7:tree -:tree 3:tree =:tree
EXPR: 0 | POS | INT | 27 | 12 | 3 | ((x*3)-2)=7 | x 3 * 2 - 7 = | x:dogwood 3:tree *:tree 2:tree -:tree 7:tree =:tree
EXPR: 0 | POS | INT | 27 | 12 | 7 | (x*(3-2))=7 | x 3 2 - * 7 = | x:dogwood 3:tree 2:tree -:tree *:tree 7:tree =:tree
EXPR: 0 | POS | INT | 27 | 12 | 2 | 2=((7-3)/x) | 2 7 3 - x / = | 2:tree 7:tree 3:tree -:tree x:dogwood /:tree =:tree
EXPR: 0 | POS | INT | 27 | 12 | 5 | 2=((7+3)/x) | 2 7 3 + x / = | 2:tree 7:tree 3:tree +:tree x:dogwood /:tree =:tree
EXPR: 0 | POS | INT | 27 | 12 | 7 | ((3-2)*x)=7 | 3 2 - x * 7 = | 3:tree 2:tree -:tree x:dogwood *:tree 7:tree =:tree
EXPR: 0 | POS | INT | 30 | 12 | 17 | ((7*2)+3)=x | 7 2 * 3 + x = | 7:dogwood 2:tree *:tree 3:tree +:tree x:tree =:tree
EXPR: 0 | POS | INT | 30 | 12 | 17 | (3+(7*2))=x | 3 7 2 * + x = | 3:tree 7:dogwood 2:tree *:tree +:tree x:tree =:tree
EXPR: 0 | POS | INT | 30 | 12 | 3 | ((7+2)/3)=x | 7 2 + 3 / x = | 7:dogwood 2:dogwood +:dogwood 3:tree /:dogwood x:dogwood =:dogwood
EXPR: 0 | POS | INT | 30 | 12 | 11 | ((7*2)-3)=x | 7 2 * 3 - x = | 7:tree 2:dogwood *:tree 3:tree -:tree x:tree =:tree
EXPR: 0 | POS | INT | 30 | 12 | 3 | x=((7+2)/3) | x 7 2 + 3 / = | x:dogwood 7:dogwood 2:dogwood +:dogwood 3:tree /:dogwood =:dogwood
EXPR: 0 | POS | INT | 30 | 12 | 17 | x=((7*2)+3) | x 7 2 * 3 + = | x:dogwood 7:tree 2:dogwood *:dogwood 3:dogwood +:dogwood =:dogwood
EXPR: 0 | POS | INT | 30 | 12 | 17 | x=(3+(7*2)) | x 3 7 2 * + = | x:tree 3:tree 7:tree 2:dogwood *:tree +:tree =:tree
EXPR: 0 | POS | INT | 30 | 12 | 11 | x=((7*2)-3) | x 7 2 * 3 - = | x:tree 7:tree 2:dogwood *:tree 3:tree -:tree =:tree
NET 226 unique, non-negative, integer-valued solutions found out of 1000 total solutions
