parameters: n=7 l=3 k=1 p=5 q=1 m=9
TOTAL 480 solutions found
SOLN: CORRECT | POS/NEG | INT/FRA | OBJ-SCORE | TRUE-ANS | ANS | INFIX | POSTFIX | TYPED-POSTFIX
EXPR: 1 | POS | INT | 0 | 18 | 18 | (4+(5+9))=x | 4 5 9 + + x = | 4:onion 5:onion 9:onion +:onion +:onion x:onion =:onion
EXPR: 0 | POS | INT | 0 | 18 |  | x=((4+5)-9) | x 4 5 + 9 - = | x:onion 4:onion 5:onion +:onion 9:onion -:onion =:onion
EXPR: 0 | POS | INT | 0 | 18 | 8 | x=((4-5)+9) | x 4 5 - 9 + = | x:onion 4:onion 5:onion -:onion 9:onion +:onion =:onion
EXPR: 0 | POS | INT | 0 | 18 | 8 | x=(4-(5-9)) | x 4 5 9 - - = | x:onion 4:onion 5:onion 9:onion -:onion -:onion =:onion
EXPR: 1 | POS | INT | 0 | 18 | 18 | x=(4+(5+9)) | x 4 5 9 + + = | x:onion 4:onion 5:onion 9:onion +:onion +:onion =:onion
EXPR: 0 | POS | INT | 0 | 18 |  | x=(4+(5-9)) | x 4 5 9 - + = | x:onion 4:onion 5:onion 9:onion -:onion +:onion =:onion
EXPR: 1 | POS | INT | 0 | 18 | 18 | x=((4+5)+9) | x 4 5 + 9 + = | x:onion 4:onion 5:onion +:onion 9:onion +:onion =:onion
EXPR: 0 | POS | INT | 0 | 18 | 0 | ((4+5)-9)=x | 4 5 + 9 - x = | 4:onion 5:onion +:onion 9:onion -:onion x:onion =:onion
EXPR: 0 | POS | INT | 0 | 18 | 8 | (4-(5-9))=x | 4 5 9 - - x = | 4:onion 5:onion 9:onion -:onion -:onion x:onion =:onion
EXPR: 0 | POS | INT | 0 | 18 | 0 | (4+(5-9))=x | 4 5 9 - + x = | 4:onion 5:onion 9:onion -:onion +:onion x:onion =:onion
EXPR: 0 | POS | INT | 0 | 18 | 8 | ((4-5)+9)=x | 4 5 - 9 + x = | 4:onion 5:onion -:onion 9:onion +:onion x:onion =:onion
EXPR: 1 | POS | INT | 0 | 18 | 18 | ((4+5)+9)=x | 4 5 + 9 + x = | 4:onion 5:onion +:onion 9:onion +:onion x:onion =:onion
EXPR: 1 | POS | INT | 2 | 18 | 18 | 4=((x-5)-9) | 4 x 5 - 9 - = | 4:onion x:onion 5:onion -:onion 9:onion -:onion =:onion
EXPR: 0 | POS | INT | 2 | 18 | 10 | 4=(5+(9-x)) | 4 5 9 x - + = | 4:onion 5:onion 9:onion x:onion -:onion +:onion =:onion
EXPR: 0 | POS | INT | 2 | 18 | 8 | 4=(5-(9-x)) | 4 5 9 x - - = | 4:onion 5:onion 9:onion x:onion -:onion -:onion =:onion
EXPR: 0 | POS | INT | 2 | 18 | 10 | 4=((5+9)-x) | 4 5 9 + x - = | 4:onion 5:onion 9:onion +:onion x:onion -:onion =:onion
EXPR: 0 | POS | INT | 2 | 18 | 8 | 4=((5+x)-9) | 4 5 x + 9 - = | 4:onion 5:onion x:onion +:onion 9:onion -:onion =:onion
EXPR: 0 | POS | INT | 2 | 18 | 10 | ((4-5)+x)=9 | 4 5 - x + 9 = | 4:onion 5:onion -:onion x:onion +:onion 9:onion =:onion
EXPR: 0 | POS | INT | 2 | 18 |  | ((4+5)-x)=9 | 4 5 + x - 9 = | 4:onion 5:onion +:onion x:onion -:onion 9:onion =:onion
EXPR: 0 | POS | INT | 2 | 18 |  | ((4+5)+x)=9 | 4 5 + x + 9 = | 4:onion 5:onion +:onion x:onion +:onion 9:onion =:onion
EXPR: 1 | POS | INT | 2 | 18 | 18 | 4=(x-(5+9)) | 4 x 5 9 + - = | 4:onion x:onion 5:onion 9:onion +:onion -:onion =:onion
EXPR: 0 | POS | INT | 2 | 18 |  | ((4+x)+5)=9 | 4 x + 5 + 9 = | 4:onion x:onion +:onion 5:onion +:onion 9:onion =:onion
EXPR: 0 | POS | INT | 2 | 18 | 0 | 4=(x-(5-9)) | 4 x 5 9 - - = | 4:onion x:onion 5:onion 9:onion -:onion -:onion =:onion
EXPR: 0 | POS | INT | 2 | 18 | 8 | 4=((5-9)+x) | 4 5 9 - x + = | 4:onion 5:onion 9:onion -:onion x:onion +:onion =:onion
EXPR: 0 | POS | INT | 2 | 18 | 8 | 4=(x+(5-9)) | 4 x 5 9 - + = | 4:onion x:onion 5:onion 9:onion -:onion +:onion =:onion
EXPR: 0 | POS | INT | 2 | 18 | 8 | 4=((x+5)-9) | 4 x 5 + 9 - = | 4:onion x:onion 5:onion +:onion 9:onion -:onion =:onion
EXPR: 0 | POS | INT | 2 | 18 | 0 | 4=((x-5)+9) | 4 x 5 - 9 + = | 4:onion x:onion 5:onion -:onion 9:onion +:onion =:onion
EXPR: 0 | POS | INT | 2 | 18 | 10 | 4=((5-x)+9) | 4 5 x - 9 + = | 4:onion 5:onion x:onion -:onion 9:onion +:onion =:onion
EXPR: 0 | POS | INT | 2 | 18 |  | ((x+4)+5)=9 | x 4 + 5 + 9 = | x:onion 4:onion +:onion 5:onion +:onion 9:onion =:onion
EXPR: 0 | POS | INT | 2 | 18 | 10 | (4-(5-x))=9 | 4 5 x - - 9 = | 4:onion 5:onion x:onion -:onion -:onion 9:onion =:onion
EXPR: 1 | POS | INT | 2 | 18 | 18 | (x-(4+5))=9 | x 4 5 + - 9 = | x:onion 4:onion 5:onion +:onion -:onion 9:onion =:onion
EXPR: 0 | POS | INT | 2 | 18 | 8 | ((x-4)+5)=9 | x 4 - 5 + 9 = | x:onion 4:onion -:onion 5:onion +:onion 9:onion =:onion
EXPR: 0 | POS | INT | 2 | 18 | 10 | ((4+x)-5)=9 | 4 x + 5 - 9 = | 4:onion x:onion +:onion 5:onion -:onion 9:onion =:onion
EXPR: 0 | POS | INT | 2 | 18 | 10 | ((x+4)-5)=9 | x 4 + 5 - 9 = | x:onion 4:onion +:onion 5:onion -:onion 9:onion =:onion
EXPR: 0 | POS | INT | 2 | 18 |  | (4+(5-x))=9 | 4 5 x - + 9 = | 4:onion 5:onion x:onion -:onion +:onion 9:onion =:onion
EXPR: 0 | POS | INT | 2 | 18 |  | (4+(5+x))=9 | 4 5 x + + 9 = | 4:onion 5:onion x:onion +:onion +:onion 9:onion =:onion
EXPR: 1 | POS | INT | 2 | 18 | 18 | ((x-4)-5)=9 | x 4 - 5 - 9 = | x:onion 4:onion -:onion 5:onion -:onion 9:onion =:onion
EXPR: 0 | POS | INT | 2 | 18 | 8 | (x-(4-5))=9 | x 4 5 - - 9 = | x:onion 4:onion 5:onion -:onion -:onion 9:onion =:onion
EXPR: 0 | POS | INT | 2 | 18 | 10 | (4+(x-5))=9 | 4 x 5 - + 9 = | 4:onion x:onion 5:onion -:onion +:onion 9:onion =:onion
EXPR: 0 | POS | INT | 2 | 18 |  | (4+(x+5))=9 | 4 x 5 + + 9 = | 4:onion x:onion 5:onion +:onion +:onion 9:onion =:onion
EXPR: 0 | POS | INT | 2 | 18 |  | ((4-x)+5)=9 | 4 x - 5 + 9 = | 4:onion x:onion -:onion 5:onion +:onion 9:onion =:onion
EXPR: 0 | POS | INT | 2 | 18 |  | (4-(x-5))=9 | 4 x 5 - - 9 = | 4:onion x:onion 5:onion -:onion -:onion 9:onion =:onion
EXPR: 0 | POS | INT | 2 | 18 | 10 | 4=(5-(x-9)) | 4 5 x 9 - - = | 4:onion 5:onion x:onion 9:onion -:onion -:onion =:onion
EXPR: 0 | POS | INT | 2 | 18 | 8 | 4=(5+(x-9)) | 4 5 x 9 - + = | 4:onion 5:onion x:onion 9:onion -:onion +:onion =:onion
EXPR: 0 | POS | INT | 2 | 18 |  | (x+(4+5))=9 | x 4 5 + + 9 = | x:onion 4:onion 5:onion +:onion +:onion 9:onion =:onion
EXPR: 0 | POS | INT | 2 | 18 | 10 | (x+(4-5))=9 | x 4 5 - + 9 = | x:onion 4:onion 5:onion -:onion +:onion 9:onion =:onion
EXPR: 1 | POS | INT | 10 | 18 | 18 | x=(5+(4+9)) | x 5 4 9 + + = | x:onion 5:onion 4:onion 9:onion +:onion +:onion =:onion
EXPR: 0 | POS | INT | 10 | 18 | 8 | (4+(9-5))=x | 4 9 5 - + x = | 4:onion 9:onion 5:onion -:onion +:onion x:onion =:onion
EXPR: 0 | POS | INT | 10 | 18 | 0 | (4-(9-5))=x | 4 9 5 - - x = | 4:onion 9:onion 5:onion -:onion -:onion x:onion =:onion
EXPR: 0 | POS | INT | 10 | 18 | 8 | x=((4+9)-5) | x 4 9 + 5 - = | x:onion 4:onion 9:onion +:onion 5:onion -:onion =:onion
EXPR: 0 | POS | INT | 10 | 18 | 10 | x=((5-4)+9) | x 5 4 - 9 + = | x:onion 5:onion 4:onion -:onion 9:onion +:onion =:onion
EXPR: 0 | POS | INT | 10 | 18 |  | x=(4-(9-5)) | x 4 9 5 - - = | x:onion 4:onion 9:onion 5:onion -:onion -:onion =:onion
EXPR: 0 | POS | INT | 10 | 18 | 0 | ((4-9)+5)=x | 4 9 - 5 + x = | 4:onion 9:onion -:onion 5:onion +:onion x:onion =:onion
EXPR: 0 | POS | INT | 10 | 18 | 8 | ((4+9)-5)=x | 4 9 + 5 - x = | 4:onion 9:onion +:onion 5:onion -:onion x:onion =:onion
EXPR: 0 | POS | INT | 10 | 18 | 10 | ((5-4)+9)=x | 5 4 - 9 + x = | 5:onion 4:onion -:onion 9:onion +:onion x:onion =:onion
EXPR: 1 | POS | INT | 10 | 18 | 18 | ((4+9)+5)=x | 4 9 + 5 + x = | 4:onion 9:onion +:onion 5:onion +:onion x:onion =:onion
EXPR: 1 | POS | INT | 10 | 18 | 18 | x=((4+9)+5) | x 4 9 + 5 + = | x:onion 4:onion 9:onion +:onion 5:onion +:onion =:onion
EXPR: 0 | POS | INT | 10 | 18 | 8 | x=(4+(9-5)) | x 4 9 5 - + = | x:onion 4:onion 9:onion 5:onion -:onion +:onion =:onion
EXPR: 0 | POS | INT | 10 | 18 | 10 | (5-(4-9))=x | 5 4 9 - - x = | 5:onion 4:onion 9:onion -:onion -:onion x:onion =:onion
EXPR: 0 | POS | INT | 10 | 18 | 0 | (5+(4-9))=x | 5 4 9 - + x = | 5:onion 4:onion 9:onion -:onion +:onion x:onion =:onion
EXPR: 0 | POS | INT | 10 | 18 |  | x=((4-9)+5) | x 4 9 - 5 + = | x:onion 4:onion 9:onion -:onion 5:onion +:onion =:onion
EXPR: 0 | POS | INT | 10 | 18 | 10 | x=(5-(4-9)) | x 5 4 9 - - = | x:onion 5:onion 4:onion 9:onion -:onion -:onion =:onion
EXPR: 1 | POS | INT | 10 | 18 | 18 | (5+(4+9))=x | 5 4 9 + + x = | 5:onion 4:onion 9:onion +:onion +:onion x:onion =:onion
EXPR: 0 | POS | INT | 10 | 18 |  | x=(5+(4-9)) | x 5 4 9 - + = | x:onion 5:onion 4:onion 9:onion -:onion +:onion =:onion
EXPR: 0 | POS | INT | 12 | 18 | 8 | (4-x)=(5-9) | 4 x - 5 9 - = | 4:onion x:onion -:onion 5:onion 9:onion -:onion =:onion
EXPR: 0 | POS | INT | 12 | 18 | 0 | 5=((x-4)+9) | 5 x 4 - 9 + = | 5:onion x:onion 4:onion -:onion 9:onion +:onion =:onion
EXPR: 0 | POS | INT | 12 | 18 | 8 | 5=(4-(x-9)) | 5 4 x 9 - - = | 5:onion 4:onion x:onion 9:onion -:onion -:onion =:onion
EXPR: 0 | POS | INT | 12 | 18 |  | ((x-4)+9)=5 | x 4 - 9 + 5 = | x:onion 4:onion -:onion 9:onion +:onion 5:onion =:onion
EXPR: 0 | POS | INT | 12 | 18 |  | ((5+x)+4)=9 | 5 x + 4 + 9 = | 5:onion x:onion +:onion 4:onion +:onion 9:onion =:onion
EXPR: 0 | POS | INT | 12 | 18 | 8 | 4=(x-(9-5)) | 4 x 9 5 - - = | 4:onion x:onion 9:onion 5:onion -:onion -:onion =:onion
EXPR: 0 | POS | INT | 12 | 18 | 8 | (5-(4-x))=9 | 5 4 x - - 9 = | 5:onion 4:onion x:onion -:onion -:onion 9:onion =:onion
EXPR: 0 | POS | INT | 12 | 18 | 10 | 5=(4+(x-9)) | 5 4 x 9 - + = | 5:onion 4:onion x:onion 9:onion -:onion +:onion =:onion
EXPR: 0 | POS | INT | 12 | 18 |  | ((x+5)+4)=9 | x 5 + 4 + 9 = | x:onion 5:onion +:onion 4:onion +:onion 9:onion =:onion
EXPR: 0 | POS | INT | 12 | 18 | 8 | 5=((4-x)+9) | 5 4 x - 9 + = | 5:onion 4:onion x:onion -:onion 9:onion +:onion =:onion
EXPR: 0 | POS | INT | 12 | 18 | 0 | 4=((9-x)-5) | 4 9 x - 5 - = | 4:onion 9:onion x:onion -:onion 5:onion -:onion =:onion
EXPR: 0 | POS | INT | 12 | 18 | 10 | 4=(9-(x-5)) | 4 9 x 5 - - = | 4:onion 9:onion x:onion 5:onion -:onion -:onion =:onion
EXPR: 0 | POS | INT | 12 | 18 | 10 | ((4+x)-9)=5 | 4 x + 9 - 5 = | 4:onion x:onion +:onion 9:onion -:onion 5:onion =:onion
EXPR: 1 | POS | INT | 12 | 18 | 18 | (x-4)=(5+9) | x 4 - 5 9 + = | x:onion 4:onion -:onion 5:onion 9:onion +:onion =:onion
EXPR: 0 | POS | INT | 12 | 18 | 10 | (4-(9-x))=5 | 4 9 x - - 5 = | 4:onion 9:onion x:onion -:onion -:onion 5:onion =:onion
EXPR: 0 | POS | INT | 12 | 18 | 8 | (4+(9-x))=5 | 4 9 x - + 5 = | 4:onion 9:onion x:onion -:onion +:onion 5:onion =:onion
EXPR: 0 | POS | INT | 12 | 18 | 0 | 4=((9-5)-x) | 4 9 5 - x - = | 4:onion 9:onion 5:onion -:onion x:onion -:onion =:onion
EXPR: 0 | POS | INT | 12 | 18 | 10 | 5=(4-(9-x)) | 5 4 9 x - - = | 5:onion 4:onion 9:onion x:onion -:onion -:onion =:onion
EXPR: 0 | POS | INT | 12 | 18 | 0 | 4=((9+x)-5) | 4 9 x + 5 - = | 4:onion 9:onion x:onion +:onion 5:onion -:onion =:onion
EXPR: 0 | POS | INT | 12 | 18 | 10 | (4-5)=(9-x) | 4 5 - 9 x - = | 4:onion 5:onion -:onion 9:onion x:onion -:onion =:onion
EXPR: 0 | POS | INT | 12 | 18 | 8 | ((5-4)+x)=9 | 5 4 - x + 9 = | 5:onion 4:onion -:onion x:onion +:onion 9:onion =:onion
EXPR: 0 | POS | INT | 12 | 18 |  | (5+(4-x))=9 | 5 4 x - + 9 = | 5:onion 4:onion x:onion -:onion +:onion 9:onion =:onion
EXPR: 0 | POS | INT | 12 | 18 |  | (5+(4+x))=9 | 5 4 x + + 9 = | 5:onion 4:onion x:onion +:onion +:onion 9:onion =:onion
EXPR: 0 | POS | INT | 12 | 18 | 10 | ((4-9)+x)=5 | 4 9 - x + 5 = | 4:onion 9:onion -:onion x:onion +:onion 5:onion =:onion
EXPR: 0 | POS | INT | 12 | 18 | 8 | (x+(5-4))=9 | x 5 4 - + 9 = | x:onion 5:onion 4:onion -:onion +:onion 9:onion =:onion
EXPR: 0 | POS | INT | 12 | 18 | 10 | (4+x)=(5+9) | 4 x + 5 9 + = | 4:onion x:onion +:onion 5:onion 9:onion +:onion =:onion
EXPR: 1 | POS | INT | 12 | 18 | 18 | 5=((x-4)-9) | 5 x 4 - 9 - = | 5:onion x:onion 4:onion -:onion 9:onion -:onion =:onion
EXPR: 0 | POS | INT | 12 | 18 | 10 | 5=((4+x)-9) | 5 4 x + 9 - = | 5:onion 4:onion x:onion +:onion 9:onion -:onion =:onion
EXPR: 0 | POS | INT | 12 | 18 | 10 | (x+(4-9))=5 | x 4 9 - + 5 = | x:onion 4:onion 9:onion -:onion +:onion 5:onion =:onion
EXPR: 0 | POS | INT | 12 | 18 | 0 | 4=((x+9)-5) | 4 x 9 + 5 - = | 4:onion x:onion 9:onion +:onion 5:onion -:onion =:onion
EXPR: 0 | POS | INT | 12 | 18 | 0 | 4=(9-(x+5)) | 4 9 x 5 + - = | 4:onion 9:onion x:onion 5:onion +:onion -:onion =:onion
EXPR: 0 | POS | INT | 12 | 18 | 0 | 4=(x+(9-5)) | 4 x 9 5 - + = | 4:onion x:onion 9:onion 5:onion -:onion +:onion =:onion
EXPR: 0 | POS | INT | 12 | 18 |  | (x-(4-9))=5 | x 4 9 - - 5 = | x:onion 4:onion 9:onion -:onion -:onion 5:onion =:onion
EXPR: 0 | POS | INT | 12 | 18 | 10 | (x-(5-4))=9 | x 5 4 - - 9 = | x:onion 5:onion 4:onion -:onion -:onion 9:onion =:onion
EXPR: 0 | POS | INT | 12 | 18 | 10 | ((x-5)+4)=9 | x 5 - 4 + 9 = | x:onion 5:onion -:onion 4:onion +:onion 9:onion =:onion
EXPR: 0 | POS | INT | 12 | 18 | 10 | 5=((x+4)-9) | 5 x 4 + 9 - = | 5:onion x:onion 4:onion +:onion 9:onion -:onion =:onion
EXPR: 0 | POS | INT | 12 | 18 | 0 | 4=((9-5)+x) | 4 9 5 - x + = | 4:onion 9:onion 5:onion -:onion x:onion +:onion =:onion
EXPR: 0 | POS | INT | 12 | 18 | 10 | ((x+4)-9)=5 | x 4 + 9 - 5 = | x:onion 4:onion +:onion 9:onion -:onion 5:onion =:onion
EXPR: 0 | POS | INT | 12 | 18 | 8 | ((x+5)-4)=9 | x 5 + 4 - 9 = | x:onion 5:onion +:onion 4:onion -:onion 9:onion =:onion
EXPR: 0 | POS | INT | 12 | 18 | 10 | 4=((9-x)+5) | 4 9 x - 5 + = | 4:onion 9:onion x:onion -:onion 5:onion +:onion =:onion
EXPR: 1 | POS | INT | 12 | 18 | 18 | 5=(x-(4+9)) | 5 x 4 9 + - = | 5:onion x:onion 4:onion 9:onion +:onion -:onion =:onion
EXPR: 0 | POS | INT | 12 | 18 | 8 | ((4-x)+9)=5 | 4 x - 9 + 5 = | 4:onion x:onion -:onion 9:onion +:onion 5:onion =:onion
EXPR: 0 | POS | INT | 12 | 18 | 8 | 5=((4+9)-x) | 5 4 9 + x - = | 5:onion 4:onion 9:onion +:onion x:onion -:onion =:onion
EXPR: 0 | POS | INT | 12 | 18 |  | (x-4)=(5-9) | x 4 - 5 9 - = | x:onion 4:onion -:onion 5:onion 9:onion -:onion =:onion
EXPR: 0 | POS | INT | 12 | 18 | 8 | (4-(x-9))=5 | 4 x 9 - - 5 = | 4:onion x:onion 9:onion -:onion -:onion 5:onion =:onion
EXPR: 1 | POS | INT | 12 | 18 | 18 | (x-(4+9))=5 | x 4 9 + - 5 = | x:onion 4:onion 9:onion +:onion -:onion 5:onion =:onion
EXPR: 1 | POS | INT | 12 | 18 | 18 | ((x-5)-4)=9 | x 5 - 4 - 9 = | x:onion 5:onion -:onion 4:onion -:onion 9:onion =:onion
EXPR: 0 | POS | INT | 12 | 18 | 10 | (4+(x-9))=5 | 4 x 9 - + 5 = | 4:onion x:onion 9:onion -:onion +:onion 5:onion =:onion
EXPR: 0 | POS | INT | 12 | 18 | 0 | 4=(9-(5-x)) | 4 9 5 x - - = | 4:onion 9:onion 5:onion x:onion -:onion -:onion =:onion
EXPR: 0 | POS | INT | 12 | 18 | 0 | 4=(9+(x-5)) | 4 9 x 5 - + = | 4:onion 9:onion x:onion 5:onion -:onion +:onion =:onion
EXPR: 0 | POS | INT | 12 | 18 | 0 | 5=(x-(4-9)) | 5 x 4 9 - - = | 5:onion x:onion 4:onion 9:onion -:onion -:onion =:onion
EXPR: 0 | POS | INT | 12 | 18 | 10 | 5=(x+(4-9)) | 5 x 4 9 - + = | 5:onion x:onion 4:onion 9:onion -:onion +:onion =:onion
EXPR: 0 | POS | INT | 12 | 18 | 0 | 4=(9-(5+x)) | 4 9 5 x + - = | 4:onion 9:onion 5:onion x:onion +:onion -:onion =:onion
EXPR: 0 | POS | INT | 12 | 18 | 10 | (x+4)=(5+9) | x 4 + 5 9 + = | x:onion 4:onion +:onion 5:onion 9:onion +:onion =:onion
EXPR: 0 | POS | INT | 12 | 18 | 8 | ((5+x)-4)=9 | 5 x + 4 - 9 = | 5:onion x:onion +:onion 4:onion -:onion 9:onion =:onion
EXPR: 0 | POS | INT | 12 | 18 | 8 | 5=(4+(9-x)) | 5 4 9 x - + = | 5:onion 4:onion 9:onion x:onion -:onion +:onion =:onion
EXPR: 1 | POS | INT | 12 | 18 | 18 | ((x-4)-9)=5 | x 4 - 9 - 5 = | x:onion 4:onion -:onion 9:onion -:onion 5:onion =:onion
EXPR: 0 | POS | INT | 12 | 18 | 0 | (4+5)=(9-x) | 4 5 + 9 x - = | 4:onion 5:onion +:onion 9:onion x:onion -:onion =:onion
EXPR: 1 | POS | INT | 12 | 18 | 18 | 4=((x-9)-5) | 4 x 9 - 5 - = | 4:onion x:onion 9:onion -:onion 5:onion -:onion =:onion
EXPR: 0 | POS | INT | 12 | 18 | 10 | 5=((4-9)+x) | 5 4 9 - x + = | 5:onion 4:onion 9:onion -:onion x:onion +:onion =:onion
EXPR: 0 | POS | INT | 12 | 18 |  | ((5-x)+4)=9 | 5 x - 4 + 9 = | 5:onion x:onion -:onion 4:onion +:onion 9:onion =:onion
EXPR: 0 | POS | INT | 12 | 18 |  | (5-(x-4))=9 | 5 x 4 - - 9 = | 5:onion x:onion 4:onion -:onion -:onion 9:onion =:onion
EXPR: 0 | POS | INT | 12 | 18 | 8 | ((4+9)-x)=5 | 4 9 + x - 5 = | 4:onion 9:onion +:onion x:onion -:onion 5:onion =:onion
EXPR: 0 | POS | INT | 12 | 18 | 8 | (5+(x-4))=9 | 5 x 4 - + 9 = | 5:onion x:onion 4:onion -:onion +:onion 9:onion =:onion
EXPR: 0 | POS | INT | 12 | 18 | 0 | (4+5)=(9+x) | 4 5 + 9 x + = | 4:onion 5:onion +:onion 9:onion x:onion +:onion =:onion
EXPR: 0 | POS | INT | 12 | 18 |  | (5+(x+4))=9 | 5 x 4 + + 9 = | 5:onion x:onion 4:onion +:onion +:onion 9:onion =:onion
EXPR: 0 | POS | INT | 12 | 18 | 10 | 4=(9+(5-x)) | 4 9 5 x - + = | 4:onion 9:onion 5:onion x:onion -:onion +:onion =:onion
EXPR: 0 | POS | INT | 12 | 18 | 8 | (4-5)=(x-9) | 4 5 - x 9 - = | 4:onion 5:onion -:onion x:onion 9:onion -:onion =:onion
EXPR: 1 | POS | INT | 12 | 18 | 18 | (4+5)=(x-9) | 4 5 + x 9 - = | 4:onion 5:onion +:onion x:onion 9:onion -:onion =:onion
EXPR: 0 | POS | INT | 12 | 18 | 0 | (4+5)=(x+9) | 4 5 + x 9 + = | 4:onion 5:onion +:onion x:onion 9:onion +:onion =:onion
EXPR: 0 | POS | INT | 12 | 18 | 8 | 4=((x-9)+5) | 4 x 9 - 5 + = | 4:onion x:onion 9:onion -:onion 5:onion +:onion =:onion
EXPR: 1 | POS | INT | 22 | 18 | 18 | (x-5)=(4+9) | x 5 - 4 9 + = | x:onion 5:onion -:onion 4:onion 9:onion +:onion =:onion
EXPR: 0 | POS | INT | 22 | 18 |  | (x-5)=(4-9) | x 5 - 4 9 - = | x:onion 5:onion -:onion 4:onion 9:onion -:onion =:onion
EXPR: 0 | POS | INT | 22 | 18 | 8 | (x-4)=(9-5) | x 4 - 9 5 - = | x:onion 4:onion -:onion 9:onion 5:onion -:onion =:onion
EXPR: 0 | POS | INT | 22 | 18 |  | (x+4)=(9-5) | x 4 + 9 5 - = | x:onion 4:onion +:onion 9:onion 5:onion -:onion =:onion
EXPR: 0 | POS | INT | 22 | 18 |  | (4-x)=(9-5) | 4 x - 9 5 - = | 4:onion x:onion -:onion 9:onion 5:onion -:onion =:onion
EXPR: 0 | POS | INT | 22 | 18 |  | (4+x)=(9-5) | 4 x + 9 5 - = | 4:onion x:onion +:onion 9:onion 5:onion -:onion =:onion
EXPR: 0 | POS | INT | 22 | 18 | 10 | (4-9)=(5-x) | 4 9 - 5 x - = | 4:onion 9:onion -:onion 5:onion x:onion -:onion =:onion
EXPR: 0 | POS | INT | 22 | 18 | 10 | (5-x)=(4-9) | 5 x - 4 9 - = | 5:onion x:onion -:onion 4:onion 9:onion -:onion =:onion
EXPR: 0 | POS | INT | 22 | 18 | 0 | (4-9)=(x-5) | 4 9 - x 5 - = | 4:onion 9:onion -:onion x:onion 5:onion -:onion =:onion
EXPR: 0 | POS | INT | 22 | 18 | 10 | (5-4)=(x-9) | 5 4 - x 9 - = | 5:onion 4:onion -:onion x:onion 9:onion -:onion =:onion
EXPR: 1 | POS | INT | 22 | 18 | 18 | (4+9)=(x-5) | 4 9 + x 5 - = | 4:onion 9:onion +:onion x:onion 5:onion -:onion =:onion
EXPR: 0 | POS | INT | 22 | 18 | 8 | (4+9)=(5+x) | 4 9 + 5 x + = | 4:onion 9:onion +:onion 5:onion x:onion +:onion =:onion
EXPR: 0 | POS | INT | 22 | 18 | 8 | (5+x)=(4+9) | 5 x + 4 9 + = | 5:onion x:onion +:onion 4:onion 9:onion +:onion =:onion
EXPR: 0 | POS | INT | 22 | 18 | 8 | (4+9)=(x+5) | 4 9 + x 5 + = | 4:onion 9:onion +:onion x:onion 5:onion +:onion =:onion
EXPR: 0 | POS | INT | 22 | 18 | 8 | (x+5)=(4+9) | x 5 + 4 9 + = | x:onion 5:onion +:onion 4:onion 9:onion +:onion =:onion
EXPR: 0 | POS | INT | 22 | 18 | 8 | (5-4)=(9-x) | 5 4 - 9 x - = | 5:onion 4:onion -:onion 9:onion x:onion -:onion =:onion
EXPR: 0 | POS | INT | 25 | 18 | 10 | x=((5+9)-4) | x 5 9 + 4 - = | x:onion 5:onion 9:onion +:onion 4:onion -:onion =:onion
EXPR: 0 | POS | INT | 25 | 18 |  | x=((5-9)+4) | x 5 9 - 4 + = | x:onion 5:onion 9:onion -:onion 4:onion +:onion =:onion
EXPR: 1 | POS | INT | 25 | 18 | 18 | (9+(4+5))=x | 9 4 5 + + x = | 9:onion 4:onion 5:onion +:onion +:onion x:onion =:onion
EXPR: 0 | POS | INT | 25 | 18 | 10 | ((9-4)+5)=x | 9 4 - 5 + x = | 9:onion 4:onion -:onion 5:onion +:onion x:onion =:onion
EXPR: 0 | POS | INT | 25 | 18 |  | x=(5-(9-4)) | x 5 9 4 - - = | x:onion 5:onion 9:onion 4:onion -:onion -:onion =:onion
EXPR: 0 | POS | INT | 25 | 18 | 0 | ((9-4)-5)=x | 9 4 - 5 - x = | 9:onion 4:onion -:onion 5:onion -:onion x:onion =:onion
EXPR: 0 | POS | INT | 25 | 18 | 8 | x=(9+(4-5)) | x 9 4 5 - + = | x:onion 9:onion 4:onion 5:onion -:onion +:onion =:onion
EXPR: 0 | POS | INT | 25 | 18 |  | x=(9-(4+5)) | x 9 4 5 + - = | x:onion 9:onion 4:onion 5:onion +:onion -:onion =:onion
EXPR: 0 | POS | INT | 25 | 18 | 0 | (5-(9-4))=x | 5 9 4 - - x = | 5:onion 9:onion 4:onion -:onion -:onion x:onion =:onion
EXPR: 0 | POS | INT | 25 | 18 | 10 | (5+(9-4))=x | 5 9 4 - + x = | 5:onion 9:onion 4:onion -:onion +:onion x:onion =:onion
EXPR: 0 | POS | INT | 25 | 18 | 10 | x=(5+(9-4)) | x 5 9 4 - + = | x:onion 5:onion 9:onion 4:onion -:onion +:onion =:onion
EXPR: 0 | POS | INT | 25 | 18 | 8 | (9+(4-5))=x | 9 4 5 - + x = | 9:onion 4:onion 5:onion -:onion +:onion x:onion =:onion
EXPR: 1 | POS | INT | 25 | 18 | 18 | x=((5+9)+4) | x 5 9 + 4 + = | x:onion 5:onion 9:onion +:onion 4:onion +:onion =:onion
EXPR: 0 | POS | INT | 25 | 18 | 10 | x=(9-(4-5)) | x 9 4 5 - - = | x:onion 9:onion 4:onion 5:onion -:onion -:onion =:onion
EXPR: 1 | POS | INT | 25 | 18 | 18 | ((5+9)+4)=x | 5 9 + 4 + x = | 5:onion 9:onion +:onion 4:onion +:onion x:onion =:onion
EXPR: 1 | POS | INT | 25 | 18 | 18 | x=(9+(4+5)) | x 9 4 5 + + = | x:onion 9:onion 4:onion 5:onion +:onion +:onion =:onion
EXPR: 0 | POS | INT | 25 | 18 |  | x=((9-4)-5) | x 9 4 - 5 - = | x:onion 9:onion 4:onion -:onion 5:onion -:onion =:onion
EXPR: 0 | POS | INT | 25 | 18 | 10 | x=((9-4)+5) | x 9 4 - 5 + = | x:onion 9:onion 4:onion -:onion 5:onion +:onion =:onion
EXPR: 0 | POS | INT | 25 | 18 | 0 | (9-(4+5))=x | 9 4 5 + - x = | 9:onion 4:onion 5:onion +:onion -:onion x:onion =:onion
EXPR: 0 | POS | INT | 25 | 18 | 0 | ((5-9)+4)=x | 5 9 - 4 + x = | 5:onion 9:onion -:onion 4:onion +:onion x:onion =:onion
EXPR: 0 | POS | INT | 25 | 18 | 10 | ((5+9)-4)=x | 5 9 + 4 - x = | 5:onion 9:onion +:onion 4:onion -:onion x:onion =:onion
EXPR: 0 | POS | INT | 25 | 18 | 10 | (9-(4-5))=x | 9 4 5 - - x = | 9:onion 4:onion 5:onion -:onion -:onion x:onion =:onion
EXPR: 1 | POS | INT | 27 | 18 | 18 | 9=((x-4)-5) | 9 x 4 - 5 - = | 9:onion x:onion 4:onion -:onion 5:onion -:onion =:onion
EXPR: 0 | POS | INT | 27 | 18 | 0 | 5=((9-4)-x) | 5 9 4 - x - = | 5:onion 9:onion 4:onion -:onion x:onion -:onion =:onion
EXPR: 0 | POS | INT | 27 | 18 | 8 | ((x+5)-9)=4 | x 5 + 9 - 4 = | x:onion 5:onion +:onion 9:onion -:onion 4:onion =:onion
EXPR: 0 | POS | INT | 27 | 18 |  | ((x-5)+9)=4 | x 5 - 9 + 4 = | x:onion 5:onion -:onion 9:onion +:onion 4:onion =:onion
EXPR: 0 | POS | INT | 27 | 18 |  | ((x+9)-4)=5 | x 9 + 4 - 5 = | x:onion 9:onion +:onion 4:onion -:onion 5:onion =:onion
EXPR: 0 | POS | INT | 27 | 18 | 8 | ((5+x)-9)=4 | 5 x + 9 - 4 = | 5:onion x:onion +:onion 9:onion -:onion 4:onion =:onion
EXPR: 1 | POS | INT | 27 | 18 | 18 | ((x-5)-9)=4 | x 5 - 9 - 4 = | x:onion 5:onion -:onion 9:onion -:onion 4:onion =:onion
EXPR: 0 | POS | INT | 27 | 18 | 10 | 5=(x-(9-4)) | 5 x 9 4 - - = | 5:onion x:onion 9:onion 4:onion -:onion -:onion =:onion
EXPR: 0 | POS | INT | 27 | 18 | 0 | 5=(x+(9-4)) | 5 x 9 4 - + = | 5:onion x:onion 9:onion 4:onion -:onion +:onion =:onion
EXPR: 0 | POS | INT | 27 | 18 | 0 | 9=((x+4)+5) | 9 x 4 + 5 + = | 9:onion x:onion 4:onion +:onion 5:onion +:onion =:onion
EXPR: 0 | POS | INT | 27 | 18 | 0 | 9=(4+(5-x)) | 9 4 5 x - + = | 9:onion 4:onion 5:onion x:onion -:onion +:onion =:onion
EXPR: 0 | POS | INT | 27 | 18 | 0 | 5=(9-(4+x)) | 5 9 4 x + - = | 5:onion 9:onion 4:onion x:onion +:onion -:onion =:onion
EXPR: 0 | POS | INT | 27 | 18 | 0 | 5=((9-x)-4) | 5 9 x - 4 - = | 5:onion 9:onion x:onion -:onion 4:onion -:onion =:onion
EXPR: 0 | POS | INT | 27 | 18 | 0 | 5=((9-4)+x) | 5 9 4 - x + = | 5:onion 9:onion 4:onion -:onion x:onion +:onion =:onion
EXPR: 0 | POS | INT | 27 | 18 |  | (9-(4-x))=5 | 9 4 x - - 5 = | 9:onion 4:onion x:onion -:onion -:onion 5:onion =:onion
EXPR: 0 | POS | INT | 27 | 18 | 8 | (9+(4-x))=5 | 9 4 x - + 5 = | 9:onion 4:onion x:onion -:onion +:onion 5:onion =:onion
EXPR: 0 | POS | INT | 27 | 18 | 0 | 5=((x+9)-4) | 5 x 9 + 4 - = | 5:onion x:onion 9:onion +:onion 4:onion -:onion =:onion
EXPR: 0 | POS | INT | 27 | 18 | 10 | 9=((x+4)-5) | 9 x 4 + 5 - = | 9:onion x:onion 4:onion +:onion 5:onion -:onion =:onion
EXPR: 0 | POS | INT | 27 | 18 |  | (x-(5-9))=4 | x 5 9 - - 4 = | x:onion 5:onion 9:onion -:onion -:onion 4:onion =:onion
EXPR: 0 | POS | INT | 27 | 18 | 0 | 5=(9-(x+4)) | 5 9 x 4 + - = | 5:onion 9:onion x:onion 4:onion +:onion -:onion =:onion
EXPR: 0 | POS | INT | 27 | 18 | 8 | ((5-9)+x)=4 | 5 9 - x + 4 = | 5:onion 9:onion -:onion x:onion +:onion 4:onion =:onion
EXPR: 0 | POS | INT | 27 | 18 | 0 | 5=(9-(4-x)) | 5 9 4 x - - = | 5:onion 9:onion 4:onion x:onion -:onion -:onion =:onion
EXPR: 0 | POS | INT | 27 | 18 | 8 | 5=((9-x)+4) | 5 9 x - 4 + = | 5:onion 9:onion x:onion -:onion 4:onion +:onion =:onion
EXPR: 1 | POS | INT | 27 | 18 | 18 | ((x-9)-4)=5 | x 9 - 4 - 5 = | x:onion 9:onion -:onion 4:onion -:onion 5:onion =:onion
EXPR: 0 | POS | INT | 27 | 18 | 10 | ((5-x)+9)=4 | 5 x - 9 + 4 = | 5:onion x:onion -:onion 9:onion +:onion 4:onion =:onion
EXPR: 0 | POS | INT | 27 | 18 | 8 | 5=(9-(x-4)) | 5 9 x 4 - - = | 5:onion 9:onion x:onion 4:onion -:onion -:onion =:onion
EXPR: 0 | POS | INT | 27 | 18 | 0 | 5=((9+x)-4) | 5 9 x + 4 - = | 5:onion 9:onion x:onion +:onion 4:onion -:onion =:onion
EXPR: 0 | POS | INT | 27 | 18 | 10 | 9=((4-5)+x) | 9 4 5 - x + = | 9:onion 4:onion 5:onion -:onion x:onion +:onion =:onion
EXPR: 0 | POS | INT | 27 | 18 | 10 | ((x-9)+4)=5 | x 9 - 4 + 5 = | x:onion 9:onion -:onion 4:onion +:onion 5:onion =:onion
EXPR: 0 | POS | INT | 27 | 18 | 0 | 9=(4+(x+5)) | 9 4 x 5 + + = | 9:onion 4:onion x:onion 5:onion +:onion +:onion =:onion
EXPR: 0 | POS | INT | 27 | 18 | 0 | 9=((4+5)-x) | 9 4 5 + x - = | 9:onion 4:onion 5:onion +:onion x:onion -:onion =:onion
EXPR: 0 | POS | INT | 27 | 18 | 10 | ((5+9)-x)=4 | 5 9 + x - 4 = | 5:onion 9:onion +:onion x:onion -:onion 4:onion =:onion
EXPR: 0 | POS | INT | 27 | 18 |  | ((9-4)+x)=5 | 9 4 - x + 5 = | 9:onion 4:onion -:onion x:onion +:onion 5:onion =:onion
EXPR: 1 | POS | INT | 27 | 18 | 18 | (x-(5+9))=4 | x 5 9 + - 4 = | x:onion 5:onion 9:onion +:onion -:onion 4:onion =:onion
EXPR: 0 | POS | INT | 27 | 18 | 8 | 9=((x-4)+5) | 9 x 4 - 5 + = | 9:onion x:onion 4:onion -:onion 5:onion +:onion =:onion
EXPR: 0 | POS | INT | 27 | 18 | 0 | 9=((4+5)+x) | 9 4 5 + x + = | 9:onion 4:onion 5:onion +:onion x:onion +:onion =:onion
EXPR: 0 | POS | INT | 27 | 18 | 8 | (5-(9-x))=4 | 5 9 x - - 4 = | 5:onion 9:onion x:onion -:onion -:onion 4:onion =:onion
EXPR: 0 | POS | INT | 27 | 18 | 0 | 5=(9+(x-4)) | 5 9 x 4 - + = | 5:onion 9:onion x:onion 4:onion -:onion +:onion =:onion
EXPR: 0 | POS | INT | 27 | 18 | 10 | (5-(x-9))=4 | 5 x 9 - - 4 = | 5:onion x:onion 9:onion -:onion -:onion 4:onion =:onion
EXPR: 0 | POS | INT | 27 | 18 | 8 | (x+(5-9))=4 | x 5 9 - + 4 = | x:onion 5:onion 9:onion -:onion +:onion 4:onion =:onion
EXPR: 0 | POS | INT | 27 | 18 |  | ((9+x)-4)=5 | 9 x + 4 - 5 = | 9:onion x:onion +:onion 4:onion -:onion 5:onion =:onion
EXPR: 0 | POS | INT | 27 | 18 | 10 | (5+(9-x))=4 | 5 9 x - + 4 = | 5:onion 9:onion x:onion -:onion +:onion 4:onion =:onion
EXPR: 1 | POS | INT | 27 | 18 | 18 | 5=((x-9)-4) | 5 x 9 - 4 - = | 5:onion x:onion 9:onion -:onion 4:onion -:onion =:onion
EXPR: 0 | POS | INT | 27 | 18 | 10 | 5=((x-9)+4) | 5 x 9 - 4 + = | 5:onion x:onion 9:onion -:onion 4:onion +:onion =:onion
EXPR: 1 | POS | INT | 27 | 18 | 18 | 9=(x-(4+5)) | 9 x 4 5 + - = | 9:onion x:onion 4:onion 5:onion +:onion -:onion =:onion
EXPR: 0 | POS | INT | 27 | 18 | 8 | 9=(x-(4-5)) | 9 x 4 5 - - = | 9:onion x:onion 4:onion 5:onion -:onion -:onion =:onion
EXPR: 0 | POS | INT | 27 | 18 |  | ((9-4)-x)=5 | 9 4 - x - 5 = | 9:onion 4:onion -:onion x:onion -:onion 5:onion =:onion
EXPR: 0 | POS | INT | 27 | 18 | 10 | 9=((4+x)-5) | 9 4 x + 5 - = | 9:onion 4:onion x:onion +:onion 5:onion -:onion =:onion
EXPR: 0 | POS | INT | 27 | 18 | 10 | 9=(4-(5-x)) | 9 4 5 x - - = | 9:onion 4:onion 5:onion x:onion -:onion -:onion =:onion
EXPR: 0 | POS | INT | 27 | 18 |  | (9-(4+x))=5 | 9 4 x + - 5 = | 9:onion 4:onion x:onion +:onion -:onion 5:onion =:onion
EXPR: 0 | POS | INT | 27 | 18 | 10 | 9=(x+(4-5)) | 9 x 4 5 - + = | 9:onion x:onion 4:onion 5:onion -:onion +:onion =:onion
EXPR: 0 | POS | INT | 27 | 18 | 0 | 9=((4+x)+5) | 9 4 x + 5 + = | 9:onion 4:onion x:onion +:onion 5:onion +:onion =:onion
EXPR: 0 | POS | INT | 27 | 18 | 8 | ((9-x)+4)=5 | 9 x - 4 + 5 = | 9:onion x:onion -:onion 4:onion +:onion 5:onion =:onion
EXPR: 0 | POS | INT | 27 | 18 | 8 | 5=(9+(4-x)) | 5 9 4 x - + = | 5:onion 9:onion 4:onion x:onion -:onion +:onion =:onion
EXPR: 0 | POS | INT | 27 | 18 | 0 | 9=(4-(x-5)) | 9 4 x 5 - - = | 9:onion 4:onion x:onion 5:onion -:onion -:onion =:onion
EXPR: 0 | POS | INT | 27 | 18 | 0 | 9=(4+(5+x)) | 9 4 5 x + + = | 9:onion 4:onion 5:onion x:onion +:onion +:onion =:onion
EXPR: 0 | POS | INT | 27 | 18 | 0 | 9=(x+(4+5)) | 9 x 4 5 + + = | 9:onion x:onion 4:onion 5:onion +:onion +:onion =:onion
EXPR: 0 | POS | INT | 27 | 18 | 0 | 9=((4-x)+5) | 9 4 x - 5 + = | 9:onion 4:onion x:onion -:onion 5:onion +:onion =:onion
EXPR: 0 | POS | INT | 27 | 18 | 10 | (x-(9-4))=5 | x 9 4 - - 5 = | x:onion 9:onion 4:onion -:onion -:onion 5:onion =:onion
EXPR: 0 | POS | INT | 27 | 18 |  | (x+(9-4))=5 | x 9 4 - + 5 = | x:onion 9:onion 4:onion -:onion +:onion 5:onion =:onion
EXPR: 0 | POS | INT | 27 | 18 |  | (9-(x+4))=5 | 9 x 4 + - 5 = | 9:onion x:onion 4:onion +:onion -:onion 5:onion =:onion
EXPR: 0 | POS | INT | 27 | 18 | 8 | (9-(x-4))=5 | 9 x 4 - - 5 = | 9:onion x:onion 4:onion -:onion -:onion 5:onion =:onion
EXPR: 0 | POS | INT | 27 | 18 | 8 | (5+(x-9))=4 | 5 x 9 - + 4 = | 5:onion x:onion 9:onion -:onion +:onion 4:onion =:onion
EXPR: 0 | POS | INT | 27 | 18 | 10 | 9=(4+(x-5)) | 9 4 x 5 - + = | 9:onion 4:onion x:onion 5:onion -:onion +:onion =:onion
EXPR: 0 | POS | INT | 27 | 18 |  | (9+(x-4))=5 | 9 x 4 - + 5 = | 9:onion x:onion 4:onion -:onion +:onion 5:onion =:onion
EXPR: 0 | POS | INT | 27 | 18 |  | ((9-x)-4)=5 | 9 x - 4 - 5 = | 9:onion x:onion -:onion 4:onion -:onion 5:onion =:onion
EXPR: 0 | POS | INT | 35 | 18 | 8 | x=(9-(5-4)) | x 9 5 4 - - = | x:onion 9:onion 5:onion 4:onion -:onion -:onion =:onion
EXPR: 0 | POS | INT | 35 | 18 | 8 | (9-(5-4))=x | 9 5 4 - - x = | 9:onion 5:onion 4:onion -:onion -:onion x:onion =:onion
EXPR: 0 | POS | INT | 35 | 18 | 8 | ((9-5)+4)=x | 9 5 - 4 + x = | 9:onion 5:onion -:onion 4:onion +:onion x:onion =:onion
EXPR: 0 | POS | INT | 35 | 18 | 0 | ((9-5)-4)=x | 9 5 - 4 - x = | 9:onion 5:onion -:onion 4:onion -:onion x:onion =:onion
EXPR: 0 | POS | INT | 35 | 18 | 10 | (9+(5-4))=x | 9 5 4 - + x = | 9:onion 5:onion 4:onion -:onion +:onion x:onion =:onion
EXPR: 0 | POS | INT | 35 | 18 | 10 | x=(9+(5-4)) | x 9 5 4 - + = | x:onion 9:onion 5:onion 4:onion -:onion +:onion =:onion
EXPR: 0 | POS | INT | 35 | 18 |  | x=((9-5)-4) | x 9 5 - 4 - = | x:onion 9:onion 5:onion -:onion 4:onion -:onion =:onion
EXPR: 0 | POS | INT | 35 | 18 | 8 | x=((9-5)+4) | x 9 5 - 4 + = | x:onion 9:onion 5:onion -:onion 4:onion +:onion =:onion
EXPR: 0 | POS | INT | 37 | 18 |  | (9-(x+5))=4 | 9 x 5 + - 4 = | 9:onion x:onion 5:onion +:onion -:onion 4:onion =:onion
EXPR: 0 | POS | INT | 37 | 18 |  | (9+(x-5))=4 | 9 x 5 - + 4 = | 9:onion x:onion 5:onion -:onion +:onion 4:onion =:onion
EXPR: 0 | POS | INT | 37 | 18 |  | (9-(5-x))=4 | 9 5 x - - 4 = | 9:onion 5:onion x:onion -:onion -:onion 4:onion =:onion
EXPR: 0 | POS | INT | 37 | 18 |  | ((x+9)-5)=4 | x 9 + 5 - 4 = | x:onion 9:onion +:onion 5:onion -:onion 4:onion =:onion
EXPR: 0 | POS | INT | 37 | 18 | 8 | 9=((5+x)-4) | 9 5 x + 4 - = | 9:onion 5:onion x:onion +:onion 4:onion -:onion =:onion
EXPR: 0 | POS | INT | 37 | 18 |  | (5-x)=(9-4) | 5 x - 9 4 - = | 5:onion x:onion -:onion 9:onion 4:onion -:onion =:onion
EXPR: 0 | POS | INT | 37 | 18 |  | (x+(9-5))=4 | x 9 5 - + 4 = | x:onion 9:onion 5:onion -:onion +:onion 4:onion =:onion
EXPR: 0 | POS | INT | 37 | 18 |  | (9-(5+x))=4 | 9 5 x + - 4 = | 9:onion 5:onion x:onion +:onion -:onion 4:onion =:onion
EXPR: 0 | POS | INT | 37 | 18 | 10 | (x-5)=(9-4) | x 5 - 9 4 - = | x:onion 5:onion -:onion 9:onion 4:onion -:onion =:onion
EXPR: 0 | POS | INT | 37 | 18 | 10 | 9=(x-(5-4)) | 9 x 5 4 - - = | 9:onion x:onion 5:onion 4:onion -:onion -:onion =:onion
EXPR: 0 | POS | INT | 37 | 18 | 0 | 9=(5+(4-x)) | 9 5 4 x - + = | 9:onion 5:onion 4:onion x:onion -:onion +:onion =:onion
EXPR: 0 | POS | INT | 37 | 18 | 8 | 9=((x+5)-4) | 9 x 5 + 4 - = | 9:onion x:onion 5:onion +:onion 4:onion -:onion =:onion
EXPR: 0 | POS | INT | 37 | 18 | 8 | 9=((5-4)+x) | 9 5 4 - x + = | 9:onion 5:onion 4:onion -:onion x:onion +:onion =:onion
EXPR: 0 | POS | INT | 37 | 18 | 8 | 9=(x+(5-4)) | 9 x 5 4 - + = | 9:onion x:onion 5:onion 4:onion -:onion +:onion =:onion
EXPR: 1 | POS | INT | 37 | 18 | 18 | ((x-9)-5)=4 | x 9 - 5 - 4 = | x:onion 9:onion -:onion 5:onion -:onion 4:onion =:onion
EXPR: 0 | POS | INT | 37 | 18 | 8 | (x-(9-5))=4 | x 9 5 - - 4 = | x:onion 9:onion 5:onion -:onion -:onion 4:onion =:onion
EXPR: 0 | POS | INT | 37 | 18 |  | (9-x)=(4+5) | 9 x - 4 5 + = | 9:onion x:onion -:onion 4:onion 5:onion +:onion =:onion
EXPR: 0 | POS | INT | 37 | 18 | 10 | (9-x)=(4-5) | 9 x - 4 5 - = | 9:onion x:onion -:onion 4:onion 5:onion -:onion =:onion
EXPR: 0 | POS | INT | 37 | 18 | 10 | (9-(x-5))=4 | 9 x 5 - - 4 = | 9:onion x:onion 5:onion -:onion -:onion 4:onion =:onion
EXPR: 1 | POS | INT | 37 | 18 | 18 | (x-9)=(4+5) | x 9 - 4 5 + = | x:onion 9:onion -:onion 4:onion 5:onion +:onion =:onion
EXPR: 0 | POS | INT | 37 | 18 | 8 | ((x-9)+5)=4 | x 9 - 5 + 4 = | x:onion 9:onion -:onion 5:onion +:onion 4:onion =:onion
EXPR: 0 | POS | INT | 37 | 18 |  | (5+x)=(9-4) | 5 x + 9 4 - = | 5:onion x:onion +:onion 9:onion 4:onion -:onion =:onion
EXPR: 0 | POS | INT | 37 | 18 | 8 | 9=(5-(4-x)) | 9 5 4 x - - = | 9:onion 5:onion 4:onion x:onion -:onion -:onion =:onion
EXPR: 0 | POS | INT | 37 | 18 | 0 | 9=(5+(x+4)) | 9 5 x 4 + + = | 9:onion 5:onion x:onion 4:onion +:onion +:onion =:onion
EXPR: 0 | POS | INT | 37 | 18 |  | (x+5)=(9-4) | x 5 + 9 4 - = | x:onion 5:onion +:onion 9:onion 4:onion -:onion =:onion
EXPR: 0 | POS | INT | 37 | 18 | 0 | (9-4)=(x+5) | 9 4 - x 5 + = | 9:onion 4:onion -:onion x:onion 5:onion +:onion =:onion
EXPR: 0 | POS | INT | 37 | 18 |  | ((9-5)+x)=4 | 9 5 - x + 4 = | 9:onion 5:onion -:onion x:onion +:onion 4:onion =:onion
EXPR: 0 | POS | INT | 37 | 18 |  | (9+x)=(4+5) | 9 x + 4 5 + = | 9:onion x:onion +:onion 4:onion 5:onion +:onion =:onion
EXPR: 1 | POS | INT | 37 | 18 | 18 | 9=((x-5)-4) | 9 x 5 - 4 - = | 9:onion x:onion 5:onion -:onion 4:onion -:onion =:onion
EXPR: 0 | POS | INT | 37 | 18 | 10 | 9=((x-5)+4) | 9 x 5 - 4 + = | 9:onion x:onion 5:onion -:onion 4:onion +:onion =:onion
EXPR: 0 | POS | INT | 37 | 18 | 0 | 9=((x+5)+4) | 9 x 5 + 4 + = | 9:onion x:onion 5:onion +:onion 4:onion +:onion =:onion
EXPR: 0 | POS | INT | 37 | 18 | 10 | (9-4)=(x-5) | 9 4 - x 5 - = | 9:onion 4:onion -:onion x:onion 5:onion -:onion =:onion
EXPR: 0 | POS | INT | 37 | 18 |  | ((9+x)-5)=4 | 9 x + 5 - 4 = | 9:onion x:onion +:onion 5:onion -:onion 4:onion =:onion
EXPR: 0 | POS | INT | 37 | 18 | 10 | (9+(5-x))=4 | 9 5 x - + 4 = | 9:onion 5:onion x:onion -:onion +:onion 4:onion =:onion
EXPR: 0 | POS | INT | 37 | 18 |  | ((9-5)-x)=4 | 9 5 - x - 4 = | 9:onion 5:onion -:onion x:onion -:onion 4:onion =:onion
EXPR: 0 | POS | INT | 37 | 18 | 8 | (5-9)=(4-x) | 5 9 - 4 x - = | 5:onion 9:onion -:onion 4:onion x:onion -:onion =:onion
EXPR: 0 | POS | INT | 37 | 18 | 0 | 9=((5-x)+4) | 9 5 x - 4 + = | 9:onion 5:onion x:onion -:onion 4:onion +:onion =:onion
EXPR: 0 | POS | INT | 37 | 18 | 10 | ((9-x)+5)=4 | 9 x - 5 + 4 = | 9:onion x:onion -:onion 5:onion +:onion 4:onion =:onion
EXPR: 0 | POS | INT | 37 | 18 | 0 | (9-4)=(5+x) | 9 4 - 5 x + = | 9:onion 4:onion -:onion 5:onion x:onion +:onion =:onion
EXPR: 0 | POS | INT | 37 | 18 | 0 | 9=(5+(4+x)) | 9 5 4 x + + = | 9:onion 5:onion 4:onion x:onion +:onion +:onion =:onion
EXPR: 0 | POS | INT | 37 | 18 |  | (x+9)=(4+5) | x 9 + 4 5 + = | x:onion 9:onion +:onion 4:onion 5:onion +:onion =:onion
EXPR: 0 | POS | INT | 37 | 18 | 0 | 9=(5-(x-4)) | 9 5 x 4 - - = | 9:onion 5:onion x:onion 4:onion -:onion -:onion =:onion
EXPR: 0 | POS | INT | 37 | 18 | 0 | (5-9)=(x-4) | 5 9 - x 4 - = | 5:onion 9:onion -:onion x:onion 4:onion -:onion =:onion
EXPR: 1 | POS | INT | 37 | 18 | 18 | (5+9)=(x-4) | 5 9 + x 4 - = | 5:onion 9:onion +:onion x:onion 4:onion -:onion =:onion
EXPR: 0 | POS | INT | 37 | 18 | 10 | (5+9)=(4+x) | 5 9 + 4 x + = | 5:onion 9:onion +:onion 4:onion x:onion +:onion =:onion
EXPR: 0 | POS | INT | 37 | 18 | 8 | (x-9)=(4-5) | x 9 - 4 5 - = | x:onion 9:onion -:onion 4:onion 5:onion -:onion =:onion
EXPR: 0 | POS | INT | 37 | 18 | 0 | 9=((5+x)+4) | 9 5 x + 4 + = | 9:onion 5:onion x:onion +:onion 4:onion +:onion =:onion
EXPR: 0 | POS | INT | 37 | 18 | 0 | (9-4)=(5-x) | 9 4 - 5 x - = | 9:onion 4:onion -:onion 5:onion x:onion -:onion =:onion
EXPR: 0 | POS | INT | 37 | 18 | 10 | (5+9)=(x+4) | 5 9 + x 4 + = | 5:onion 9:onion +:onion x:onion 4:onion +:onion =:onion
EXPR: 0 | POS | INT | 37 | 18 |  | ((9-x)-5)=4 | 9 x - 5 - 4 = | 9:onion x:onion -:onion 5:onion -:onion 4:onion =:onion
EXPR: 0 | POS | INT | 37 | 18 | 8 | 9=(5+(x-4)) | 9 5 x 4 - + = | 9:onion 5:onion x:onion 4:onion -:onion +:onion =:onion
EXPR: 0 | POS | INT | 47 | 18 | 0 | (9-5)=(4+x) | 9 5 - 4 x + = | 9:onion 5:onion -:onion 4:onion x:onion +:onion =:onion
EXPR: 0 | POS | INT | 47 | 18 | 10 | (x-9)=(5-4) | x 9 - 5 4 - = | x:onion 9:onion -:onion 5:onion 4:onion -:onion =:onion
EXPR: 0 | POS | INT | 47 | 18 | 0 | (9-5)=(4-x) | 9 5 - 4 x - = | 9:onion 5:onion -:onion 4:onion x:onion -:onion =:onion
EXPR: 0 | POS | INT | 47 | 18 | 0 | (9-5)=(x+4) | 9 5 - x 4 + = | 9:onion 5:onion -:onion x:onion 4:onion +:onion =:onion
EXPR: 0 | POS | INT | 47 | 18 | 8 | (9-x)=(5-4) | 9 x - 5 4 - = | 9:onion x:onion -:onion 5:onion 4:onion -:onion =:onion
EXPR: 0 | POS | INT | 47 | 18 | 8 | (9-5)=(x-4) | 9 5 - x 4 - = | 9:onion 5:onion -:onion x:onion 4:onion -:onion =:onion
NET 304 unique, non-negative, integer-valued solutions found out of 480 total solutions
