parameters: n=9 l=4 k=1 p=5 q=1 m=10
TOTAL 1000 solutions found
SOLN: CORRECT | POS/NEG | INT/FRA | OBJ-SCORE | TRUE-ANS | ANS | INFIX | POSTFIX | TYPED-POSTFIX
EXPR: 1 | POS | FRA | 0 | 6.65 | 6.65 | (((0.15+1.3)+0.7)+4.5)=x | 0.15 1.3 + 0.7 + 4.5 + x = | 0.15:money 1.3:money +:money 0.7:money +:money 4.5:money +:money x:money =:money
EXPR: 0 | POS | FRA | 0 | 6.65 | 4.05 | (0.15-(1.3-(0.7+4.5)))=x | 0.15 1.3 0.7 4.5 + - - x = | 0.15:money 1.3:money 0.7:money 4.5:money +:money -:money -:money x:money =:money
EXPR: 0 | POS | FRA | 0 | 6.65 | 5.25 | x=(0.15+(1.3-(0.7-4.5))) | x 0.15 1.3 0.7 4.5 - - + = | x:money 0.15:money 1.3:money 0.7:money 4.5:money -:money -:money +:money =:money
EXPR: 0 | POS | FRA | 0 | 6.65 | 2.65 | (0.15-(1.3+(0.7-4.5)))=x | 0.15 1.3 0.7 4.5 - + - x = | 0.15:money 1.3:money 0.7:money 4.5:money -:money +:money -:money x:money =:money
EXPR: 1 | POS | FRA | 0 | 6.65 | 6.65 | (0.15+(1.3+(0.7+4.5)))=x | 0.15 1.3 0.7 4.5 + + + x = | 0.15:money 1.3:money 0.7:money 4.5:money +:money +:money +:money x:money =:money
EXPR: 0 | POS | FRA | 0 | 6.65 | 2.65 | x=(0.15-((1.3+0.7)-4.5)) | x 0.15 1.3 0.7 + 4.5 - - = | x:money 0.15:money 1.3:money 0.7:money +:money 4.5:money -:money -:money =:money
EXPR: 1 | POS | FRA | 0 | 6.65 | 6.65 | x=(0.15+(1.3+(0.7+4.5))) | x 0.15 1.3 0.7 4.5 + + + = | x:money 0.15:money 1.3:money 0.7:money 4.5:money +:money +:money +:money =:money
EXPR: 0 | POS | FRA | 0 | 6.65 | 2.65 | (0.15-((1.3+0.7)-4.5))=x | 0.15 1.3 0.7 + 4.5 - - x = | 0.15:money 1.3:money 0.7:money +:money 4.5:money -:money -:money x:money =:money
EXPR: 0 | POS | FRA | 0 | 6.65 | 5.25 | (0.15+((1.3-0.7)+4.5))=x | 0.15 1.3 0.7 - 4.5 + + x = | 0.15:money 1.3:money 0.7:money -:money 4.5:money +:money +:money x:money =:money
EXPR: 0 | POS | FRA | 0 | 6.65 | 4.05 | x=(0.15-(1.3-(0.7+4.5))) | x 0.15 1.3 0.7 4.5 + - - = | x:money 0.15:money 1.3:money 0.7:money 4.5:money +:money -:money -:money =:money
EXPR: 0 | POS | FRA | 0 | 6.65 | 4.05 | x=((0.15-(1.3-0.7))+4.5) | x 0.15 1.3 0.7 - - 4.5 + = | x:money 0.15:money 1.3:money 0.7:money -:money -:money 4.5:money +:money =:money
EXPR: 0 | POS | FRA | 0 | 6.65 | 5.25 | x=((0.15+(1.3-0.7))+4.5) | x 0.15 1.3 0.7 - + 4.5 + = | x:money 0.15:money 1.3:money 0.7:money -:money +:money 4.5:money +:money =:money
EXPR: 0 | POS | FRA | 0 | 6.65 | 4.05 | (0.15-((1.3-0.7)-4.5))=x | 0.15 1.3 0.7 - 4.5 - - x = | 0.15:money 1.3:money 0.7:money -:money 4.5:money -:money -:money x:money =:money
EXPR: 0 | POS | FRA | 0 | 6.65 | 2.65 | x=(((0.15-1.3)-0.7)+4.5) | x 0.15 1.3 - 0.7 - 4.5 + = | x:money 0.15:money 1.3:money -:money 0.7:money -:money 4.5:money +:money =:money
EXPR: 1 | POS | FRA | 0 | 6.65 | 6.65 | x=(((0.15+1.3)+0.7)+4.5) | x 0.15 1.3 + 0.7 + 4.5 + = | x:money 0.15:money 1.3:money +:money 0.7:money +:money 4.5:money +:money =:money
EXPR: 0 | POS | FRA | 0 | 6.65 | 5.25 | ((0.15+(1.3-0.7))+4.5)=x | 0.15 1.3 0.7 - + 4.5 + x = | 0.15:money 1.3:money 0.7:money -:money +:money 4.5:money +:money x:money =:money
EXPR: 1 | POS | FRA | 0 | 6.65 | 6.65 | (0.15+((1.3+0.7)+4.5))=x | 0.15 1.3 0.7 + 4.5 + + x = | 0.15:money 1.3:money 0.7:money +:money 4.5:money +:money +:money x:money =:money
EXPR: 0 | POS | FRA | 0 | 6.65 | 4.05 | (((0.15-1.3)+0.7)+4.5)=x | 0.15 1.3 - 0.7 + 4.5 + x = | 0.15:money 1.3:money -:money 0.7:money +:money 4.5:money +:money x:money =:money
EXPR: 0 | POS | FRA | 0 | 6.65 | 2.65 | x=(0.15-(1.3+(0.7-4.5))) | x 0.15 1.3 0.7 4.5 - + - = | x:money 0.15:money 1.3:money 0.7:money 4.5:money -:money +:money -:money =:money
EXPR: 1 | POS | FRA | 0 | 6.65 | 6.65 | x=((0.15+(1.3+0.7))+4.5) | x 0.15 1.3 0.7 + + 4.5 + = | x:money 0.15:money 1.3:money 0.7:money +:money +:money 4.5:money +:money =:money
EXPR: 0 | POS | FRA | 0 | 6.65 | 4.05 | x=(((0.15-1.3)+0.7)+4.5) | x 0.15 1.3 - 0.7 + 4.5 + = | x:money 0.15:money 1.3:money -:money 0.7:money +:money 4.5:money +:money =:money
EXPR: 0 | POS | FRA | 0 | 6.65 | 2.65 | ((0.15-(1.3+0.7))+4.5)=x | 0.15 1.3 0.7 + - 4.5 + x = | 0.15:money 1.3:money 0.7:money +:money -:money 4.5:money +:money x:money =:money
EXPR: 0 | POS | FRA | 0 | 6.65 | 5.25 | (((0.15+1.3)-0.7)+4.5)=x | 0.15 1.3 + 0.7 - 4.5 + x = | 0.15:money 1.3:money +:money 0.7:money -:money 4.5:money +:money x:money =:money
EXPR: 0 | POS | FRA | 0 | 6.65 | 5.25 | ((0.15+1.3)-(0.7-4.5))=x | 0.15 1.3 + 0.7 4.5 - - x = | 0.15:money 1.3:money +:money 0.7:money 4.5:money -:money -:money x:money =:money
EXPR: 1 | POS | FRA | 0 | 6.65 | 6.65 | ((0.15+(1.3+0.7))+4.5)=x | 0.15 1.3 0.7 + + 4.5 + x = | 0.15:money 1.3:money 0.7:money +:money +:money 4.5:money +:money x:money =:money
EXPR: 0 | POS | FRA | 0 | 6.65 | 4.05 | ((0.15-(1.3-0.7))+4.5)=x | 0.15 1.3 0.7 - - 4.5 + x = | 0.15:money 1.3:money 0.7:money -:money -:money 4.5:money +:money x:money =:money
EXPR: 0 | POS | FRA | 0 | 6.65 | 2.65 | (((0.15-1.3)-0.7)+4.5)=x | 0.15 1.3 - 0.7 - 4.5 + x = | 0.15:money 1.3:money -:money 0.7:money -:money 4.5:money +:money x:money =:money
EXPR: 0 | POS | FRA | 0 | 6.65 | 5.25 | x=(0.15+((1.3-0.7)+4.5)) | x 0.15 1.3 0.7 - 4.5 + + = | x:money 0.15:money 1.3:money 0.7:money -:money 4.5:money +:money +:money =:money
EXPR: 0 | POS | FRA | 0 | 6.65 | 2.65 | ((0.15-1.3)-(0.7-4.5))=x | 0.15 1.3 - 0.7 4.5 - - x = | 0.15:money 1.3:money -:money 0.7:money 4.5:money -:money -:money x:money =:money
EXPR: 0 | POS | FRA | 0 | 6.65 | 2.65 | x=((0.15-(1.3+0.7))+4.5) | x 0.15 1.3 0.7 + - 4.5 + = | x:money 0.15:money 1.3:money 0.7:money +:money -:money 4.5:money +:money =:money
EXPR: 0 | POS | FRA | 0 | 6.65 | 5.25 | x=(((0.15+1.3)-0.7)+4.5) | x 0.15 1.3 + 0.7 - 4.5 + = | x:money 0.15:money 1.3:money +:money 0.7:money -:money 4.5:money +:money =:money
EXPR: 1 | POS | FRA | 0 | 6.65 | 6.65 | ((0.15+1.3)+(0.7+4.5))=x | 0.15 1.3 + 0.7 4.5 + + x = | 0.15:money 1.3:money +:money 0.7:money 4.5:money +:money +:money x:money =:money
EXPR: 0 | POS | FRA | 0 | 6.65 | 4.05 | x=(0.15-((1.3-0.7)-4.5)) | x 0.15 1.3 0.7 - 4.5 - - = | x:money 0.15:money 1.3:money 0.7:money -:money 4.5:money -:money -:money =:money
EXPR: 1 | POS | FRA | 0 | 6.65 | 6.65 | x=(0.15+((1.3+0.7)+4.5)) | x 0.15 1.3 0.7 + 4.5 + + = | x:money 0.15:money 1.3:money 0.7:money +:money 4.5:money +:money +:money =:money
EXPR: 0 | POS | FRA | 0 | 6.65 | 4.05 | ((0.15-1.3)+(0.7+4.5))=x | 0.15 1.3 - 0.7 4.5 + + x = | 0.15:money 1.3:money -:money 0.7:money 4.5:money +:money +:money x:money =:money
EXPR: 0 | POS | FRA | 0 | 6.65 | 2.65 | x=((0.15-1.3)-(0.7-4.5)) | x 0.15 1.3 - 0.7 4.5 - - = | x:money 0.15:money 1.3:money -:money 0.7:money 4.5:money -:money -:money =:money
EXPR: 0 | POS | FRA | 0 | 6.65 | 4.05 | x=((0.15-1.3)+(0.7+4.5)) | x 0.15 1.3 - 0.7 4.5 + + = | x:money 0.15:money 1.3:money -:money 0.7:money 4.5:money +:money +:money =:money
EXPR: 0 | POS | FRA | 0 | 6.65 | 5.25 | x=((0.15+1.3)-(0.7-4.5)) | x 0.15 1.3 + 0.7 4.5 - - = | x:money 0.15:money 1.3:money +:money 0.7:money 4.5:money -:money -:money =:money
EXPR: 1 | POS | FRA | 0 | 6.65 | 6.65 | x=((0.15+1.3)+(0.7+4.5)) | x 0.15 1.3 + 0.7 4.5 + + = | x:money 0.15:money 1.3:money +:money 0.7:money 4.5:money +:money +:money =:money
EXPR: 0 | POS | FRA | 2 | 6.65 | 2.65 | 0.15=(1.3+(x+(0.7-4.5))) | 0.15 1.3 x 0.7 4.5 - + + = | 0.15:money 1.3:money x:money 0.7:money 4.5:money -:money +:money +:money =:money
EXPR: 0 | POS | FRA | 2 | 6.65 | 6.35 | ((0.15-(1.3+0.7))+x)=4.5 | 0.15 1.3 0.7 + - x + 4.5 = | 0.15:money 1.3:money 0.7:money +:money -:money x:money +:money 4.5:money =:money
EXPR: 0 | POS | FRA | 2 | 6.65 | 6.35 | 0.15=(1.3-(x-(0.7+4.5))) | 0.15 1.3 x 0.7 4.5 + - - = | 0.15:money 1.3:money x:money 0.7:money 4.5:money +:money -:money -:money =:money
EXPR: 0 | POS | FRA | 2 | 6.65 | 2.65 | 0.15=(((1.3+x)+0.7)-4.5) | 0.15 1.3 x + 0.7 + 4.5 - = | 0.15:money 1.3:money x:money +:money 0.7:money +:money 4.5:money -:money =:money
EXPR: 0 | POS | FRA | 2 | 6.65 | 6.35 | ((x+0.15)-(1.3+0.7))=4.5 | x 0.15 + 1.3 0.7 + - 4.5 = | x:money 0.15:money +:money 1.3:money 0.7:money +:money -:money 4.5:money =:money
EXPR: 0 | POS | FRA | 2 | 6.65 | 4.95 | ((x+0.15)-(1.3-0.7))=4.5 | x 0.15 + 1.3 0.7 - - 4.5 = | x:money 0.15:money +:money 1.3:money 0.7:money -:money -:money 4.5:money =:money
EXPR: 0 | POS | FRA | 2 | 6.65 | 6.35 | 0.15=(1.3+(0.7-(x-4.5))) | 0.15 1.3 0.7 x 4.5 - - + = | 0.15:money 1.3:money 0.7:money x:money 4.5:money -:money -:money +:money =:money
EXPR: 1 | POS | FRA | 2 | 6.65 | 6.65 | ((x-0.15)-(1.3+0.7))=4.5 | x 0.15 - 1.3 0.7 + - 4.5 = | x:money 0.15:money -:money 1.3:money 0.7:money +:money -:money 4.5:money =:money
EXPR: 0 | POS | FRA | 2 | 6.65 | 2.65 | ((x-0.15)+(1.3+0.7))=4.5 | x 0.15 - 1.3 0.7 + + 4.5 = | x:money 0.15:money -:money 1.3:money 0.7:money +:money +:money 4.5:money =:money
EXPR: 0 | POS | FRA | 2 | 6.65 | 6.35 | (((0.15-1.3)+x)-0.7)=4.5 | 0.15 1.3 - x + 0.7 - 4.5 = | 0.15:money 1.3:money -:money x:money +:money 0.7:money -:money 4.5:money =:money
EXPR: 0 | POS | FRA | 2 | 6.65 | 3.75 | ((x+0.15)+(1.3-0.7))=4.5 | x 0.15 + 1.3 0.7 - + 4.5 = | x:money 0.15:money +:money 1.3:money 0.7:money -:money +:money 4.5:money =:money
EXPR: 0 | POS | FRA | 2 | 6.65 | 2.65 | 0.15=(1.3+(0.7+(x-4.5))) | 0.15 1.3 0.7 x 4.5 - + + = | 0.15:money 1.3:money 0.7:money x:money 4.5:money -:money +:money +:money =:money
EXPR: 0 | POS | FRA | 2 | 6.65 | 4.05 | ((x-0.15)+(1.3-0.7))=4.5 | x 0.15 - 1.3 0.7 - + 4.5 = | x:money 0.15:money -:money 1.3:money 0.7:money -:money +:money 4.5:money =:money
EXPR: 0 | POS | FRA | 2 | 6.65 | 3.75 | (((0.15+1.3)+x)-0.7)=4.5 | 0.15 1.3 + x + 0.7 - 4.5 = | 0.15:money 1.3:money +:money x:money +:money 0.7:money -:money 4.5:money =:money
EXPR: 0 | POS | FRA | 2 | 6.65 | 4.05 | 0.15=(1.3+(x-(0.7+4.5))) | 0.15 1.3 x 0.7 4.5 + - + = | 0.15:money 1.3:money x:money 0.7:money 4.5:money +:money -:money +:money =:money
EXPR: 0 | POS | FRA | 2 | 6.65 | 5.25 | ((x-0.15)-(1.3-0.7))=4.5 | x 0.15 - 1.3 0.7 - - 4.5 = | x:money 0.15:money -:money 1.3:money 0.7:money -:money -:money 4.5:money =:money
EXPR: 0 | POS | FRA | 2 | 6.65 | 2.35 | ((x+0.15)+(1.3+0.7))=4.5 | x 0.15 + 1.3 0.7 + + 4.5 = | x:money 0.15:money +:money 1.3:money 0.7:money +:money +:money 4.5:money =:money
EXPR: 0 | POS | FRA | 2 | 6.65 | 4.05 | 0.15=(1.3-(0.7-(x-4.5))) | 0.15 1.3 0.7 x 4.5 - - - = | 0.15:money 1.3:money 0.7:money x:money 4.5:money -:money -:money -:money =:money
EXPR: 0 | POS | FRA | 2 | 6.65 | 4.95 | 0.15=(1.3-(0.7+(x-4.5))) | 0.15 1.3 0.7 x 4.5 - + - = | 0.15:money 1.3:money 0.7:money x:money 4.5:money -:money +:money -:money =:money
EXPR: 0 | POS | FRA | 2 | 6.65 | 4.95 | (0.15+((x-1.3)+0.7))=4.5 | 0.15 x 1.3 - 0.7 + + 4.5 = | 0.15:money x:money 1.3:money -:money 0.7:money +:money +:money 4.5:money =:money
EXPR: 0 | POS | FRA | 2 | 6.65 | 6.35 | (0.15+((x-1.3)-0.7))=4.5 | 0.15 x 1.3 - 0.7 - + 4.5 = | 0.15:money x:money 1.3:money -:money 0.7:money -:money +:money 4.5:money =:money
EXPR: 0 | POS | FRA | 2 | 6.65 | 4.95 | 0.15=((1.3-(0.7-4.5))-x) | 0.15 1.3 0.7 4.5 - - x - = | 0.15:money 1.3:money 0.7:money 4.5:money -:money -:money x:money -:money =:money
EXPR: 0 | POS | FRA | 2 | 6.65 | 4.05 | 0.15=((1.3-(0.7+4.5))+x) | 0.15 1.3 0.7 4.5 + - x + = | 0.15:money 1.3:money 0.7:money 4.5:money +:money -:money x:money +:money =:money
EXPR: 0 | POS | FRA | 2 | 6.65 | 2.65 | 0.15=(((x+1.3)+0.7)-4.5) | 0.15 x 1.3 + 0.7 + 4.5 - = | 0.15:money x:money 1.3:money +:money 0.7:money +:money 4.5:money -:money =:money
EXPR: 0 | POS | FRA | 2 | 6.65 | 5.25 | 0.15=(((x-1.3)+0.7)-4.5) | 0.15 x 1.3 - 0.7 + 4.5 - = | 0.15:money x:money 1.3:money -:money 0.7:money +:money 4.5:money -:money =:money
EXPR: 0 | POS | FRA | 2 | 6.65 | 2.35 | (((0.15+x)+1.3)+0.7)=4.5 | 0.15 x + 1.3 + 0.7 + 4.5 = | 0.15:money x:money +:money 1.3:money +:money 0.7:money +:money 4.5:money =:money
EXPR: 0 | POS | FRA | 2 | 6.65 | 6.35 | (((0.15+x)-1.3)-0.7)=4.5 | 0.15 x + 1.3 - 0.7 - 4.5 = | 0.15:money x:money +:money 1.3:money -:money 0.7:money -:money 4.5:money =:money
EXPR: 0 | POS | FRA | 2 | 6.65 | 2.65 | 0.15=(x+((1.3+0.7)-4.5)) | 0.15 x 1.3 0.7 + 4.5 - + = | 0.15:money x:money 1.3:money 0.7:money +:money 4.5:money -:money +:money =:money
EXPR: 0 | POS | FRA | 2 | 6.65 | 4.05 | 0.15=((1.3-(0.7-x))-4.5) | 0.15 1.3 0.7 x - - 4.5 - = | 0.15:money 1.3:money 0.7:money x:money -:money -:money 4.5:money -:money =:money
EXPR: 0 | POS | FRA | 2 | 6.65 | 4.95 | 0.15=((1.3-(0.7+x))+4.5) | 0.15 1.3 0.7 x + - 4.5 + = | 0.15:money 1.3:money 0.7:money x:money +:money -:money 4.5:money +:money =:money
EXPR: 0 | POS | FRA | 2 | 6.65 | 4.05 | 0.15=((x+(1.3-0.7))-4.5) | 0.15 x 1.3 0.7 - + 4.5 - = | 0.15:money x:money 1.3:money 0.7:money -:money +:money 4.5:money -:money =:money
EXPR: 0 | POS | FRA | 2 | 6.65 | 2.65 | 0.15=((x+(1.3+0.7))-4.5) | 0.15 x 1.3 0.7 + + 4.5 - = | 0.15:money x:money 1.3:money 0.7:money +:money +:money 4.5:money -:money =:money
EXPR: 0 | POS | FRA | 10 | 6.65 | 5.25 | x=(((0.15+1.3)+4.5)-0.7) | x 0.15 1.3 + 4.5 + 0.7 - = | x:money 0.15:money 1.3:money +:money 4.5:money +:money 0.7:money -:money =:money
EXPR: 0 | POS | FRA | 10 | 6.65 | 6.35 | x=(((1.3-0.15)+0.7)+4.5) | x 1.3 0.15 - 0.7 + 4.5 + = | x:money 1.3:money 0.15:money -:money 0.7:money +:money 4.5:money +:money =:money
EXPR: 0 | POS | FRA | 10 | 6.65 | 4.95 | x=(((1.3-0.15)-0.7)+4.5) | x 1.3 0.15 - 0.7 - 4.5 + = | x:money 1.3:money 0.15:money -:money 0.7:money -:money 4.5:money +:money =:money
EXPR: 0 | POS | FRA | 10 | 6.65 | 2.65 | x=(((0.15-1.3)+4.5)-0.7) | x 0.15 1.3 - 4.5 + 0.7 - = | x:money 0.15:money 1.3:money -:money 4.5:money +:money 0.7:money -:money =:money
EXPR: 0 | POS | FRA | 10 | 6.65 | 5.25 | x=(0.15+(1.3+(4.5-0.7))) | x 0.15 1.3 4.5 0.7 - + + = | x:money 0.15:money 1.3:money 4.5:money 0.7:money -:money +:money +:money =:money
EXPR: 0 | POS | FRA | 10 | 6.65 | 5.25 | x=(1.3+((0.15-0.7)+4.5)) | x 1.3 0.15 0.7 - 4.5 + + = | x:money 1.3:money 0.15:money 0.7:money -:money 4.5:money +:money +:money =:money
EXPR: 0 | POS | FRA | 10 | 6.65 | 6.35 | x=(1.3-((0.15-0.7)-4.5)) | x 1.3 0.15 0.7 - 4.5 - - = | x:money 1.3:money 0.15:money 0.7:money -:money 4.5:money -:money -:money =:money
EXPR: 0 | POS | FRA | 10 | 6.65 | 5.25 | x=(0.15-((0.7-1.3)-4.5)) | x 0.15 0.7 1.3 - 4.5 - - = | x:money 0.15:money 0.7:money 1.3:money -:money 4.5:money -:money -:money =:money
EXPR: 0 | POS | FRA | 10 | 6.65 | 5.25 | (((0.15+1.3)+4.5)-0.7)=x | 0.15 1.3 + 4.5 + 0.7 - x = | 0.15:money 1.3:money +:money 4.5:money +:money 0.7:money -:money x:money =:money
EXPR: 1 | POS | FRA | 10 | 6.65 | 6.65 | x=(1.3+((0.15+0.7)+4.5)) | x 1.3 0.15 0.7 + 4.5 + + = | x:money 1.3:money 0.15:money 0.7:money +:money 4.5:money +:money +:money =:money
EXPR: 0 | POS | FRA | 10 | 6.65 | 5.25 | ((0.15+(1.3+4.5))-0.7)=x | 0.15 1.3 4.5 + + 0.7 - x = | 0.15:money 1.3:money 4.5:money +:money +:money 0.7:money -:money x:money =:money
EXPR: 0 | POS | FRA | 10 | 6.65 | 2.65 | (((0.15-1.3)+4.5)-0.7)=x | 0.15 1.3 - 4.5 + 0.7 - x = | 0.15:money 1.3:money -:money 4.5:money +:money 0.7:money -:money x:money =:money
EXPR: 0 | POS | FRA | 10 | 6.65 | 2.65 | x=((0.15-(1.3-4.5))-0.7) | x 0.15 1.3 4.5 - - 0.7 - = | x:money 0.15:money 1.3:money 4.5:money -:money -:money 0.7:money -:money =:money
EXPR: 1 | POS | FRA | 10 | 6.65 | 6.65 | x=((0.15+(1.3+4.5))+0.7) | x 0.15 1.3 4.5 + + 0.7 + = | x:money 0.15:money 1.3:money 4.5:money +:money +:money 0.7:money +:money =:money
EXPR: 1 | POS | FRA | 10 | 6.65 | 6.65 | (((0.15+0.7)+1.3)+4.5)=x | 0.15 0.7 + 1.3 + 4.5 + x = | 0.15:money 0.7:money +:money 1.3:money +:money 4.5:money +:money x:money =:money
EXPR: 0 | POS | FRA | 10 | 6.65 | 4.05 | x=(0.15+((0.7-1.3)+4.5)) | x 0.15 0.7 1.3 - 4.5 + + = | x:money 0.15:money 0.7:money 1.3:money -:money 4.5:money +:money +:money =:money
EXPR: 0 | POS | FRA | 10 | 6.65 | 2.65 | x=(0.15-((1.3-4.5)+0.7)) | x 0.15 1.3 4.5 - 0.7 + - = | x:money 0.15:money 1.3:money 4.5:money -:money 0.7:money +:money -:money =:money
EXPR: 0 | POS | FRA | 10 | 6.65 | 4.05 | x=((0.15-(1.3-4.5))+0.7) | x 0.15 1.3 4.5 - - 0.7 + = | x:money 0.15:money 1.3:money 4.5:money -:money -:money 0.7:money +:money =:money
EXPR: 0 | POS | FRA | 10 | 6.65 | 4.05 | x=(0.15-((1.3-4.5)-0.7)) | x 0.15 1.3 4.5 - 0.7 - - = | x:money 0.15:money 1.3:money 4.5:money -:money 0.7:money -:money -:money =:money
EXPR: 0 | POS | FRA | 10 | 6.65 | 6.35 | x=((1.3-0.15)+(0.7+4.5)) | x 1.3 0.15 - 0.7 4.5 + + = | x:money 1.3:money 0.15:money -:money 0.7:money 4.5:money +:money +:money =:money
EXPR: 1 | POS | FRA | 10 | 6.65 | 6.65 | ((1.3+(0.15+0.7))+4.5)=x | 1.3 0.15 0.7 + + 4.5 + x = | 1.3:money 0.15:money 0.7:money +:money +:money 4.5:money +:money x:money =:money
EXPR: 1 | POS | FRA | 10 | 6.65 | 6.65 | x=(0.15+((1.3+4.5)+0.7)) | x 0.15 1.3 4.5 + 0.7 + + = | x:money 0.15:money 1.3:money 4.5:money +:money 0.7:money +:money +:money =:money
EXPR: 0 | POS | FRA | 10 | 6.65 | 4.95 | x=((1.3-0.15)-(0.7-4.5)) | x 1.3 0.15 - 0.7 4.5 - - = | x:money 1.3:money 0.15:money -:money 0.7:money 4.5:money -:money -:money =:money
EXPR: 0 | POS | FRA | 10 | 6.65 | 6.35 | ((1.3-(0.15-0.7))+4.5)=x | 1.3 0.15 0.7 - - 4.5 + x = | 1.3:money 0.15:money 0.7:money -:money -:money 4.5:money +:money x:money =:money
EXPR: 0 | POS | FRA | 10 | 6.65 | 5.25 | x=((0.15+1.3)+(4.5-0.7)) | x 0.15 1.3 + 4.5 0.7 - + = | x:money 0.15:money 1.3:money +:money 4.5:money 0.7:money -:money +:money =:money
EXPR: 0 | POS | FRA | 10 | 6.65 | 5.25 | x=((0.15+(1.3+4.5))-0.7) | x 0.15 1.3 4.5 + + 0.7 - = | x:money 0.15:money 1.3:money 4.5:money +:money +:money 0.7:money -:money =:money
EXPR: 1 | POS | FRA | 10 | 6.65 | 6.65 | x=(0.15+(0.7+(1.3+4.5))) | x 0.15 0.7 1.3 4.5 + + + = | x:money 0.15:money 0.7:money 1.3:money 4.5:money +:money +:money +:money =:money
EXPR: 0 | POS | FRA | 10 | 6.65 | 2.65 | x=(0.15-(0.7+(1.3-4.5))) | x 0.15 0.7 1.3 4.5 - + - = | x:money 0.15:money 0.7:money 1.3:money 4.5:money -:money +:money -:money =:money
EXPR: 0 | POS | FRA | 10 | 6.65 | 5.25 | ((1.3+(0.15-0.7))+4.5)=x | 1.3 0.15 0.7 - + 4.5 + x = | 1.3:money 0.15:money 0.7:money -:money +:money 4.5:money +:money x:money =:money
EXPR: 0 | POS | FRA | 10 | 6.65 | 4.95 | ((1.3-0.15)-(0.7-4.5))=x | 1.3 0.15 - 0.7 4.5 - - x = | 1.3:money 0.15:money -:money 0.7:money 4.5:money -:money -:money x:money =:money
EXPR: 0 | POS | FRA | 10 | 6.65 | 6.35 | ((1.3-0.15)+(0.7+4.5))=x | 1.3 0.15 - 0.7 4.5 + + x = | 1.3:money 0.15:money -:money 0.7:money 4.5:money +:money +:money x:money =:money
EXPR: 0 | POS | FRA | 10 | 6.65 | 4.05 | (0.15+((0.7-1.3)+4.5))=x | 0.15 0.7 1.3 - 4.5 + + x = | 0.15:money 0.7:money 1.3:money -:money 4.5:money +:money +:money x:money =:money
EXPR: 0 | POS | FRA | 10 | 6.65 | 4.05 | (((0.15+0.7)-1.3)+4.5)=x | 0.15 0.7 + 1.3 - 4.5 + x = | 0.15:money 0.7:money +:money 1.3:money -:money 4.5:money +:money x:money =:money
EXPR: 0 | POS | FRA | 10 | 6.65 | 4.95 | x=(1.3-((0.15+0.7)-4.5)) | x 1.3 0.15 0.7 + 4.5 - - = | x:money 1.3:money 0.15:money 0.7:money +:money 4.5:money -:money -:money =:money
EXPR: 0 | POS | FRA | 10 | 6.65 | 6.35 | (1.3-(0.15-(0.7+4.5)))=x | 1.3 0.15 0.7 4.5 + - - x = | 1.3:money 0.15:money 0.7:money 4.5:money +:money -:money -:money x:money =:money
EXPR: 0 | POS | FRA | 10 | 6.65 | 5.25 | x=(0.15+((1.3+4.5)-0.7)) | x 0.15 1.3 4.5 + 0.7 - + = | x:money 0.15:money 1.3:money 4.5:money +:money 0.7:money -:money +:money =:money
EXPR: 0 | POS | FRA | 10 | 6.65 | 5.25 | (1.3+(0.15-(0.7-4.5)))=x | 1.3 0.15 0.7 4.5 - - + x = | 1.3:money 0.15:money 0.7:money 4.5:money -:money -:money +:money x:money =:money
EXPR: 0 | POS | FRA | 10 | 6.65 | 4.05 | x=(((0.15-1.3)+4.5)+0.7) | x 0.15 1.3 - 4.5 + 0.7 + = | x:money 0.15:money 1.3:money -:money 4.5:money +:money 0.7:money +:money =:money
EXPR: 0 | POS | FRA | 10 | 6.65 | 5.25 | x=((0.15-0.7)+(1.3+4.5)) | x 0.15 0.7 - 1.3 4.5 + + = | x:money 0.15:money 0.7:money -:money 1.3:money 4.5:money +:money +:money =:money
EXPR: 0 | POS | FRA | 10 | 6.65 | 5.25 | x=(((0.15-0.7)+1.3)+4.5) | x 0.15 0.7 - 1.3 + 4.5 + = | x:money 0.15:money 0.7:money -:money 1.3:money +:money 4.5:money +:money =:money
EXPR: 0 | POS | FRA | 10 | 6.65 | 4.05 | x=(((0.15+0.7)-1.3)+4.5) | x 0.15 0.7 + 1.3 - 4.5 + = | x:money 0.15:money 0.7:money +:money 1.3:money -:money 4.5:money +:money =:money
EXPR: 0 | POS | FRA | 12 | 6.65 | 3.75 | (0.15-(0.7-(1.3+x)))=4.5 | 0.15 0.7 1.3 x + - - 4.5 = | 0.15:money 0.7:money 1.3:money x:money +:money -:money -:money 4.5:money =:money
EXPR: 0 | POS | FRA | 12 | 6.65 | 2.65 | 0.15=((1.3-(4.5-x))+0.7) | 0.15 1.3 4.5 x - - 0.7 + = | 0.15:money 1.3:money 4.5:money x:money -:money -:money 0.7:money +:money =:money
EXPR: 0 | POS | FRA | 12 | 6.65 | 2.65 | (((0.15-1.3)+4.5)-x)=0.7 | 0.15 1.3 - 4.5 + x - 0.7 = | 0.15:money 1.3:money -:money 4.5:money +:money x:money -:money 0.7:money =:money
EXPR: 0 | POS | FRA | 12 | 6.65 | 4.05 | ((x-0.15)+1.3)=(0.7+4.5) | x 0.15 - 1.3 + 0.7 4.5 + = | x:money 0.15:money -:money 1.3:money +:money 0.7:money 4.5:money +:money =:money
EXPR: 0 | POS | FRA | 12 | 6.65 | 4.95 | ((0.15+x)+(0.7-1.3))=4.5 | 0.15 x + 0.7 1.3 - + 4.5 = | 0.15:money x:money +:money 0.7:money 1.3:money -:money +:money 4.5:money =:money
EXPR: 0 | POS | FRA | 12 | 6.65 | 3.75 | ((0.15+x)-(0.7-1.3))=4.5 | 0.15 x + 0.7 1.3 - - 4.5 = | 0.15:money x:money +:money 0.7:money 1.3:money -:money -:money 4.5:money =:money
EXPR: 0 | POS | FRA | 12 | 6.65 | 4.95 | 0.15=(1.3-(x-(4.5-0.7))) | 0.15 1.3 x 4.5 0.7 - - - = | 0.15:money 1.3:money x:money 4.5:money 0.7:money -:money -:money -:money =:money
EXPR: 0 | POS | FRA | 12 | 6.65 | 6.35 | 0.15=(0.7-(x-(1.3+4.5))) | 0.15 0.7 x 1.3 4.5 + - - = | 0.15:money 0.7:money x:money 1.3:money 4.5:money +:money -:money -:money =:money
EXPR: 0 | POS | FRA | 12 | 6.65 | 6.35 | 0.15=(0.7+((1.3+4.5)-x)) | 0.15 0.7 1.3 4.5 + x - + = | 0.15:money 0.7:money 1.3:money 4.5:money +:money x:money -:money +:money =:money
EXPR: 0 | POS | FRA | 12 | 6.65 | 5.25 | 0.15=(((0.7+x)-1.3)-4.5) | 0.15 0.7 x + 1.3 - 4.5 - = | 0.15:money 0.7:money x:money +:money 1.3:money -:money 4.5:money -:money =:money
EXPR: 0 | POS | FRA | 12 | 6.65 | 2.65 | 1.3=(0.15-(x+(0.7-4.5))) | 1.3 0.15 x 0.7 4.5 - + - = | 1.3:money 0.15:money x:money 0.7:money 4.5:money -:money +:money -:money =:money
EXPR: 0 | POS | FRA | 12 | 6.65 | 6.35 | 0.15=(((0.7-x)+1.3)+4.5) | 0.15 0.7 x - 1.3 + 4.5 + = | 0.15:money 0.7:money x:money -:money 1.3:money +:money 4.5:money +:money =:money
EXPR: 0 | POS | FRA | 12 | 6.65 | 6.35 | (((0.15-1.3)+x)-4.5)=0.7 | 0.15 1.3 - x + 4.5 - 0.7 = | 0.15:money 1.3:money -:money x:money +:money 4.5:money -:money 0.7:money =:money
EXPR: 0 | POS | FRA | 12 | 6.65 | 4.95 | ((x-1.3)+(0.15+0.7))=4.5 | x 1.3 - 0.15 0.7 + + 4.5 = | x:money 1.3:money -:money 0.15:money 0.7:money +:money +:money 4.5:money =:money
EXPR: 0 | POS | FRA | 12 | 6.65 | 3.75 | ((x+1.3)+(0.15-0.7))=4.5 | x 1.3 + 0.15 0.7 - + 4.5 = | x:money 1.3:money +:money 0.15:money 0.7:money -:money +:money 4.5:money =:money
EXPR: 0 | POS | FRA | 12 | 6.65 | 4.05 | 1.3=(0.15-(x-(0.7+4.5))) | 1.3 0.15 x 0.7 4.5 + - - = | 1.3:money 0.15:money x:money 0.7:money 4.5:money +:money -:money -:money =:money
EXPR: 1 | POS | FRA | 12 | 6.65 | 6.65 | (0.15+1.3)=(x-(0.7+4.5)) | 0.15 1.3 + x 0.7 4.5 + - = | 0.15:money 1.3:money +:money x:money 0.7:money 4.5:money +:money -:money =:money
EXPR: 0 | POS | FRA | 12 | 6.65 | 4.05 | (0.15-1.3)=(x-(0.7+4.5)) | 0.15 1.3 - x 0.7 4.5 + - = | 0.15:money 1.3:money -:money x:money 0.7:money 4.5:money +:money -:money =:money
EXPR: 0 | POS | FRA | 12 | 6.65 | 5.25 | (0.15+1.3)=(x+(0.7-4.5)) | 0.15 1.3 + x 0.7 4.5 - + = | 0.15:money 1.3:money +:money x:money 0.7:money 4.5:money -:money +:money =:money
EXPR: 0 | POS | FRA | 12 | 6.65 | 2.65 | (0.15-((x+1.3)-4.5))=0.7 | 0.15 x 1.3 + 4.5 - - 0.7 = | 0.15:money x:money 1.3:money +:money 4.5:money -:money -:money 0.7:money =:money
EXPR: 0 | POS | FRA | 12 | 6.65 | 3.75 | 0.15=(((0.7-x)-1.3)+4.5) | 0.15 0.7 x - 1.3 - 4.5 + = | 0.15:money 0.7:money x:money -:money 1.3:money -:money 4.5:money +:money =:money
EXPR: 0 | POS | FRA | 12 | 6.65 | 2.65 | (0.15-((1.3+x)-4.5))=0.7 | 0.15 1.3 x + 4.5 - - 0.7 = | 0.15:money 1.3:money x:money +:money 4.5:money -:money -:money 0.7:money =:money
EXPR: 0 | POS | FRA | 12 | 6.65 | 5.25 | 0.15=(0.7+(x-(1.3+4.5))) | 0.15 0.7 x 1.3 4.5 + - + = | 0.15:money 0.7:money x:money 1.3:money 4.5:money +:money -:money +:money =:money
EXPR: 0 | POS | FRA | 12 | 6.65 | 4.05 | 1.3=(0.15+(0.7-(x-4.5))) | 1.3 0.15 0.7 x 4.5 - - + = | 1.3:money 0.15:money 0.7:money x:money 4.5:money -:money -:money +:money =:money
EXPR: 0 | POS | FRA | 12 | 6.65 | 4.95 | 1.3=(0.15+(0.7+(x-4.5))) | 1.3 0.15 0.7 x 4.5 - + + = | 1.3:money 0.15:money 0.7:money x:money 4.5:money -:money +:money +:money =:money
EXPR: 0 | POS | FRA | 12 | 6.65 | 3.75 | (0.15+((1.3+x)-4.5))=0.7 | 0.15 1.3 x + 4.5 - + 0.7 = | 0.15:money 1.3:money x:money +:money 4.5:money -:money +:money 0.7:money =:money
EXPR: 0 | POS | FRA | 12 | 6.65 | 2.65 | ((x+1.3)-(0.15-0.7))=4.5 | x 1.3 + 0.15 0.7 - - 4.5 = | x:money 1.3:money +:money 0.15:money 0.7:money -:money -:money 4.5:money =:money
EXPR: 0 | POS | FRA | 12 | 6.65 | 2.65 | 0.15=(0.7+((1.3+x)-4.5)) | 0.15 0.7 1.3 x + 4.5 - + = | 0.15:money 0.7:money 1.3:money x:money +:money 4.5:money -:money +:money =:money
EXPR: 0 | POS | FRA | 12 | 6.65 | 6.35 | ((x+0.15)-1.3)=(0.7+4.5) | x 0.15 + 1.3 - 0.7 4.5 + = | x:money 0.15:money +:money 1.3:money -:money 0.7:money 4.5:money +:money =:money
EXPR: 0 | POS | FRA | 12 | 6.65 | 2.65 | (0.15-1.3)=(x+(0.7-4.5)) | 0.15 1.3 - x 0.7 4.5 - + = | 0.15:money 1.3:money -:money x:money 0.7:money 4.5:money -:money +:money =:money
EXPR: 0 | POS | FRA | 12 | 6.65 | 6.35 | 0.15=(1.3+(4.5+(0.7-x))) | 0.15 1.3 4.5 0.7 x - + + = | 0.15:money 1.3:money 4.5:money 0.7:money x:money -:money +:money +:money =:money
EXPR: 0 | POS | FRA | 12 | 6.65 | 6.35 | ((x-1.3)+(0.15-0.7))=4.5 | x 1.3 - 0.15 0.7 - + 4.5 = | x:money 1.3:money -:money 0.15:money 0.7:money -:money +:money 4.5:money =:money
EXPR: 0 | POS | FRA | 12 | 6.65 | 6.35 | 1.3=(0.15-(0.7-(x-4.5))) | 1.3 0.15 0.7 x 4.5 - - - = | 1.3:money 0.15:money 0.7:money x:money 4.5:money -:money -:money -:money =:money
EXPR: 0 | POS | FRA | 12 | 6.65 | 3.75 | ((0.15+1.3)-0.7)=(4.5-x) | 0.15 1.3 + 0.7 - 4.5 x - = | 0.15:money 1.3:money +:money 0.7:money -:money 4.5:money x:money -:money =:money
EXPR: 0 | POS | FRA | 12 | 6.65 | 3.75 | (((0.15+x)+1.3)-4.5)=0.7 | 0.15 x + 1.3 + 4.5 - 0.7 = | 0.15:money x:money +:money 1.3:money +:money 4.5:money -:money 0.7:money =:money
EXPR: 0 | POS | FRA | 12 | 6.65 | 2.35 | ((x+1.3)+(0.15+0.7))=4.5 | x 1.3 + 0.15 0.7 + + 4.5 = | x:money 1.3:money +:money 0.15:money 0.7:money +:money +:money 4.5:money =:money
EXPR: 0 | POS | FRA | 12 | 6.65 | 2.35 | ((0.15+1.3)+0.7)=(4.5-x) | 0.15 1.3 + 0.7 + 4.5 x - = | 0.15:money 1.3:money +:money 0.7:money +:money 4.5:money x:money -:money =:money
EXPR: 1 | POS | FRA | 12 | 6.65 | 6.65 | ((x-0.15)-1.3)=(0.7+4.5) | x 0.15 - 1.3 - 0.7 4.5 + = | x:money 0.15:money -:money 1.3:money -:money 0.7:money 4.5:money +:money =:money
EXPR: 0 | POS | FRA | 12 | 6.65 | 2.65 | 1.3=(0.15-(0.7+(x-4.5))) | 1.3 0.15 0.7 x 4.5 - + - = | 1.3:money 0.15:money 0.7:money x:money 4.5:money -:money +:money -:money =:money
EXPR: 0 | POS | FRA | 12 | 6.65 | 3.75 | (((0.15-0.7)+x)+1.3)=4.5 | 0.15 0.7 - x + 1.3 + 4.5 = | 0.15:money 0.7:money -:money x:money +:money 1.3:money +:money 4.5:money =:money
EXPR: 0 | POS | FRA | 12 | 6.65 | 2.65 | 0.15=((1.3-(4.5-0.7))+x) | 0.15 1.3 4.5 0.7 - - x + = | 0.15:money 1.3:money 4.5:money 0.7:money -:money -:money x:money +:money =:money
EXPR: 0 | POS | FRA | 12 | 6.65 | 5.25 | (0.15+1.3)=((x+0.7)-4.5) | 0.15 1.3 + x 0.7 + 4.5 - = | 0.15:money 1.3:money +:money x:money 0.7:money +:money 4.5:money -:money =:money
EXPR: 0 | POS | FRA | 12 | 6.65 | 4.05 | ((1.3-(0.15+0.7))+x)=4.5 | 1.3 0.15 0.7 + - x + 4.5 = | 1.3:money 0.15:money 0.7:money +:money -:money x:money +:money 4.5:money =:money
EXPR: 0 | POS | FRA | 12 | 6.65 | 4.95 | 1.3=(((x+0.15)+0.7)-4.5) | 1.3 x 0.15 + 0.7 + 4.5 - = | 1.3:money x:money 0.15:money +:money 0.7:money +:money 4.5:money -:money =:money
EXPR: 0 | POS | FRA | 12 | 6.65 | 5.25 | 0.15=(0.7-((1.3+4.5)-x)) | 0.15 0.7 1.3 4.5 + x - - = | 0.15:money 0.7:money 1.3:money 4.5:money +:money x:money -:money -:money =:money
EXPR: 0 | POS | FRA | 12 | 6.65 | 5.25 | 1.3=(((x-0.15)+0.7)-4.5) | 1.3 x 0.15 - 0.7 + 4.5 - = | 1.3:money x:money 0.15:money -:money 0.7:money +:money 4.5:money -:money =:money
EXPR: 0 | POS | FRA | 12 | 6.65 | 6.35 | 1.3=(((x+0.15)-0.7)-4.5) | 1.3 x 0.15 + 0.7 - 4.5 - = | 1.3:money x:money 0.15:money +:money 0.7:money -:money 4.5:money -:money =:money
EXPR: 0 | POS | FRA | 12 | 6.65 | 3.75 | (((0.15+1.3)+x)-4.5)=0.7 | 0.15 1.3 + x + 4.5 - 0.7 = | 0.15:money 1.3:money +:money x:money +:money 4.5:money -:money 0.7:money =:money
EXPR: 0 | POS | FRA | 12 | 6.65 | 5.25 | ((0.15+(1.3+4.5))-x)=0.7 | 0.15 1.3 4.5 + + x - 0.7 = | 0.15:money 1.3:money 4.5:money +:money +:money x:money -:money 0.7:money =:money
EXPR: 0 | POS | FRA | 12 | 6.65 | 4.95 | ((0.15+0.7)-(1.3-x))=4.5 | 0.15 0.7 + 1.3 x - - 4.5 = | 0.15:money 0.7:money +:money 1.3:money x:money -:money -:money 4.5:money =:money
EXPR: 0 | POS | FRA | 12 | 6.65 | 4.95 | 0.15=((1.3+(4.5-x))-0.7) | 0.15 1.3 4.5 x - + 0.7 - = | 0.15:money 1.3:money 4.5:money x:money -:money +:money 0.7:money -:money =:money
EXPR: 0 | POS | FRA | 12 | 6.65 | 2.65 | (0.15-x)=((1.3+0.7)-4.5) | 0.15 x - 1.3 0.7 + 4.5 - = | 0.15:money x:money -:money 1.3:money 0.7:money +:money 4.5:money -:money =:money
EXPR: 0 | POS | FRA | 12 | 6.65 | 6.35 | (0.15-(0.7+(1.3-x)))=4.5 | 0.15 0.7 1.3 x - + - 4.5 = | 0.15:money 0.7:money 1.3:money x:money -:money +:money -:money 4.5:money =:money
EXPR: 0 | POS | FRA | 12 | 6.65 | 2.65 | 1.3=((0.15-(0.7-4.5))-x) | 1.3 0.15 0.7 4.5 - - x - = | 1.3:money 0.15:money 0.7:money 4.5:money -:money -:money x:money -:money =:money
EXPR: 0 | POS | FRA | 12 | 6.65 | 4.05 | 0.15=(1.3-(4.5+(0.7-x))) | 0.15 1.3 4.5 0.7 x - + - = | 0.15:money 1.3:money 4.5:money 0.7:money x:money -:money +:money -:money =:money
EXPR: 0 | POS | FRA | 12 | 6.65 | 4.95 | 1.3=((0.15+(0.7-4.5))+x) | 1.3 0.15 0.7 4.5 - + x + = | 1.3:money 0.15:money 0.7:money 4.5:money -:money +:money x:money +:money =:money
EXPR: 0 | POS | FRA | 12 | 6.65 | 4.95 | 1.3=(((0.15+x)+0.7)-4.5) | 1.3 0.15 x + 0.7 + 4.5 - = | 1.3:money 0.15:money x:money +:money 0.7:money +:money 4.5:money -:money =:money
EXPR: 0 | POS | FRA | 12 | 6.65 | 6.35 | (((0.15-1.3)-4.5)+x)=0.7 | 0.15 1.3 - 4.5 - x + 0.7 = | 0.15:money 1.3:money -:money 4.5:money -:money x:money +:money 0.7:money =:money
EXPR: 0 | POS | FRA | 12 | 6.65 | 2.65 | (0.15-x)=(1.3+(0.7-4.5)) | 0.15 x - 1.3 0.7 4.5 - + = | 0.15:money x:money -:money 1.3:money 0.7:money 4.5:money -:money +:money =:money
EXPR: 0 | POS | FRA | 12 | 6.65 | 3.75 | ((0.15+x)+1.3)=(0.7+4.5) | 0.15 x + 1.3 + 0.7 4.5 + = | 0.15:money x:money +:money 1.3:money +:money 0.7:money 4.5:money +:money =:money
EXPR: 0 | POS | FRA | 12 | 6.65 | 3.75 | ((0.15-0.7)+(1.3+x))=4.5 | 0.15 0.7 - 1.3 x + + 4.5 = | 0.15:money 0.7:money -:money 1.3:money x:money +:money +:money 4.5:money =:money
EXPR: 0 | POS | FRA | 12 | 6.65 | 4.95 | 0.15=(((1.3-x)+4.5)-0.7) | 0.15 1.3 x - 4.5 + 0.7 - = | 0.15:money 1.3:money x:money -:money 4.5:money +:money 0.7:money -:money =:money
EXPR: 0 | POS | FRA | 12 | 6.65 | 6.35 | (((0.15+x)-0.7)-1.3)=4.5 | 0.15 x + 0.7 - 1.3 - 4.5 = | 0.15:money x:money +:money 0.7:money -:money 1.3:money -:money 4.5:money =:money
EXPR: 0 | POS | FRA | 12 | 6.65 | 6.35 | 1.3=((0.15-(0.7+4.5))+x) | 1.3 0.15 0.7 4.5 + - x + = | 1.3:money 0.15:money 0.7:money 4.5:money +:money -:money x:money +:money =:money
EXPR: 0 | POS | FRA | 12 | 6.65 | 5.25 | ((0.15+1.3)-x)=(0.7-4.5) | 0.15 1.3 + x - 0.7 4.5 - = | 0.15:money 1.3:money +:money x:money -:money 0.7:money 4.5:money -:money =:money
EXPR: 0 | POS | FRA | 12 | 6.65 | 4.95 | 1.3=(0.15+(0.7-(4.5-x))) | 1.3 0.15 0.7 4.5 x - - + = | 1.3:money 0.15:money 0.7:money 4.5:money x:money -:money -:money +:money =:money
EXPR: 1 | POS | FRA | 12 | 6.65 | 6.65 | (x-0.15)=((1.3+0.7)+4.5) | x 0.15 - 1.3 0.7 + 4.5 + = | x:money 0.15:money -:money 1.3:money 0.7:money +:money 4.5:money +:money =:money
EXPR: 0 | POS | FRA | 12 | 6.65 | 3.75 | (((0.15+x)-0.7)+1.3)=4.5 | 0.15 x + 0.7 - 1.3 + 4.5 = | 0.15:money x:money +:money 0.7:money -:money 1.3:money +:money 4.5:money =:money
EXPR: 0 | POS | FRA | 12 | 6.65 | 6.35 | (0.15-(1.3+(4.5-x)))=0.7 | 0.15 1.3 4.5 x - + - 0.7 = | 0.15:money 1.3:money 4.5:money x:money -:money +:money -:money 0.7:money =:money
EXPR: 0 | POS | FRA | 12 | 6.65 | 3.75 | 0.15=((0.7-(1.3-4.5))-x) | 0.15 0.7 1.3 4.5 - - x - = | 0.15:money 0.7:money 1.3:money 4.5:money -:money -:money x:money -:money =:money
EXPR: 0 | POS | FRA | 12 | 6.65 | 5.25 | (0.15+(1.3+(4.5-x)))=0.7 | 0.15 1.3 4.5 x - + + 0.7 = | 0.15:money 1.3:money 4.5:money x:money -:money +:money +:money 0.7:money =:money
EXPR: 0 | POS | FRA | 12 | 6.65 | 2.65 | (0.15-(1.3+x))=(0.7-4.5) | 0.15 1.3 x + - 0.7 4.5 - = | 0.15:money 1.3:money x:money +:money -:money 0.7:money 4.5:money -:money =:money
EXPR: 0 | POS | FRA | 12 | 6.65 | 2.65 | (0.15-(1.3+0.7))=(x-4.5) | 0.15 1.3 0.7 + - x 4.5 - = | 0.15:money 1.3:money 0.7:money +:money -:money x:money 4.5:money -:money =:money
EXPR: 1 | POS | FRA | 12 | 6.65 | 6.65 | 1.3=((x-0.15)-(0.7+4.5)) | 1.3 x 0.15 - 0.7 4.5 + - = | 1.3:money x:money 0.15:money -:money 0.7:money 4.5:money +:money -:money =:money
EXPR: 0 | POS | FRA | 12 | 6.65 | 2.65 | 0.15=((0.7+(1.3-4.5))+x) | 0.15 0.7 1.3 4.5 - + x + = | 0.15:money 0.7:money 1.3:money 4.5:money -:money +:money x:money +:money =:money
EXPR: 0 | POS | FRA | 12 | 6.65 | 2.35 | (((0.15+x)+0.7)+1.3)=4.5 | 0.15 x + 0.7 + 1.3 + 4.5 = | 0.15:money x:money +:money 0.7:money +:money 1.3:money +:money 4.5:money =:money
EXPR: 0 | POS | FRA | 12 | 6.65 | 6.35 | 1.3=(0.15-((0.7-x)+4.5)) | 1.3 0.15 0.7 x - 4.5 + - = | 1.3:money 0.15:money 0.7:money x:money -:money 4.5:money +:money -:money =:money
EXPR: 0 | POS | FRA | 12 | 6.65 | 4.95 | 1.3=(0.15+((0.7+x)-4.5)) | 1.3 0.15 0.7 x + 4.5 - + = | 1.3:money 0.15:money 0.7:money x:money +:money 4.5:money -:money +:money =:money
EXPR: 0 | POS | FRA | 12 | 6.65 | 3.75 | (0.15+(x-(0.7-1.3)))=4.5 | 0.15 x 0.7 1.3 - - + 4.5 = | 0.15:money x:money 0.7:money 1.3:money -:money -:money +:money 4.5:money =:money
EXPR: 0 | POS | FRA | 12 | 6.65 | 5.25 | (0.15+(1.3-x))=(0.7-4.5) | 0.15 1.3 x - + 0.7 4.5 - = | 0.15:money 1.3:money x:money -:money +:money 0.7:money 4.5:money -:money =:money
EXPR: 0 | POS | FRA | 12 | 6.65 | 2.65 | (0.15-(1.3-(4.5-x)))=0.7 | 0.15 1.3 4.5 x - - - 0.7 = | 0.15:money 1.3:money 4.5:money x:money -:money -:money -:money 0.7:money =:money
EXPR: 0 | POS | FRA | 12 | 6.65 | 4.95 | ((0.15-1.3)+0.7)=(4.5-x) | 0.15 1.3 - 0.7 + 4.5 x - = | 0.15:money 1.3:money -:money 0.7:money +:money 4.5:money x:money -:money =:money
EXPR: 0 | POS | FRA | 12 | 6.65 | 4.05 | 0.15=((x+(1.3-4.5))-0.7) | 0.15 x 1.3 4.5 - + 0.7 - = | 0.15:money x:money 1.3:money 4.5:money -:money +:money 0.7:money -:money =:money
EXPR: 0 | POS | FRA | 12 | 6.65 | 5.25 | ((0.15+1.3)-(x-4.5))=0.7 | 0.15 1.3 + x 4.5 - - 0.7 = | 0.15:money 1.3:money +:money x:money 4.5:money -:money -:money 0.7:money =:money
EXPR: 0 | POS | FRA | 12 | 6.65 | 3.75 | (0.15+(1.3+x))=(0.7+4.5) | 0.15 1.3 x + + 0.7 4.5 + = | 0.15:money 1.3:money x:money +:money +:money 0.7:money 4.5:money +:money =:money
EXPR: 0 | POS | FRA | 12 | 6.65 | 2.65 | 1.3=(0.15-((0.7+x)-4.5)) | 1.3 0.15 0.7 x + 4.5 - - = | 1.3:money 0.15:money 0.7:money x:money +:money 4.5:money -:money -:money =:money
EXPR: 0 | POS | FRA | 12 | 6.65 | 5.25 | (x-0.15)=((1.3-0.7)+4.5) | x 0.15 - 1.3 0.7 - 4.5 + = | x:money 0.15:money -:money 1.3:money 0.7:money -:money 4.5:money +:money =:money
EXPR: 0 | POS | FRA | 12 | 6.65 | 6.35 | 0.15=((0.7+(1.3+4.5))-x) | 0.15 0.7 1.3 4.5 + + x - = | 0.15:money 0.7:money 1.3:money 4.5:money +:money +:money x:money -:money =:money
EXPR: 0 | POS | FRA | 12 | 6.65 | 6.35 | ((0.15-1.3)-0.7)=(4.5-x) | 0.15 1.3 - 0.7 - 4.5 x - = | 0.15:money 1.3:money -:money 0.7:money -:money 4.5:money x:money -:money =:money
EXPR: 0 | POS | FRA | 12 | 6.65 | 5.25 | 1.3=((x-(0.15-0.7))-4.5) | 1.3 x 0.15 0.7 - - 4.5 - = | 1.3:money x:money 0.15:money 0.7:money -:money -:money 4.5:money -:money =:money
EXPR: 0 | POS | FRA | 12 | 6.65 | 3.75 | (0.15+((x-0.7)+1.3))=4.5 | 0.15 x 0.7 - 1.3 + + 4.5 = | 0.15:money x:money 0.7:money -:money 1.3:money +:money +:money 4.5:money =:money
EXPR: 0 | POS | FRA | 12 | 6.65 | 4.95 | (0.15+((x+0.7)-1.3))=4.5 | 0.15 x 0.7 + 1.3 - + 4.5 = | 0.15:money x:money 0.7:money +:money 1.3:money -:money +:money 4.5:money =:money
EXPR: 0 | POS | FRA | 12 | 6.65 | 6.35 | (0.15+((x-0.7)-1.3))=4.5 | 0.15 x 0.7 - 1.3 - + 4.5 = | 0.15:money x:money 0.7:money -:money 1.3:money -:money +:money 4.5:money =:money
EXPR: 0 | POS | FRA | 12 | 6.65 | 2.65 | 0.15=(((x+0.7)+1.3)-4.5) | 0.15 x 0.7 + 1.3 + 4.5 - = | 0.15:money x:money 0.7:money +:money 1.3:money +:money 4.5:money -:money =:money
EXPR: 0 | POS | FRA | 12 | 6.65 | 4.05 | 0.15=(((x-0.7)+1.3)-4.5) | 0.15 x 0.7 - 1.3 + 4.5 - = | 0.15:money x:money 0.7:money -:money 1.3:money +:money 4.5:money -:money =:money
EXPR: 0 | POS | FRA | 12 | 6.65 | 2.35 | (0.15+((x+0.7)+1.3))=4.5 | 0.15 x 0.7 + 1.3 + + 4.5 = | 0.15:money x:money 0.7:money +:money 1.3:money +:money +:money 4.5:money =:money
EXPR: 0 | POS | FRA | 12 | 6.65 | 3.75 | (x+((0.15-0.7)+1.3))=4.5 | x 0.15 0.7 - 1.3 + + 4.5 = | x:money 0.15:money 0.7:money -:money 1.3:money +:money +:money 4.5:money =:money
EXPR: 0 | POS | FRA | 12 | 6.65 | 6.35 | (x+((0.15-0.7)-1.3))=4.5 | x 0.15 0.7 - 1.3 - + 4.5 = | x:money 0.15:money 0.7:money -:money 1.3:money -:money +:money 4.5:money =:money
EXPR: 0 | POS | FRA | 20 | 6.65 | 6.35 | x=(1.3-((0.15-4.5)-0.7)) | x 1.3 0.15 4.5 - 0.7 - - = | x:money 1.3:money 0.15:money 4.5:money -:money 0.7:money -:money -:money =:money
EXPR: 1 | POS | FRA | 20 | 6.65 | 6.65 | x=(1.3+((0.15+4.5)+0.7)) | x 1.3 0.15 4.5 + 0.7 + + = | x:money 1.3:money 0.15:money 4.5:money +:money 0.7:money +:money +:money =:money
EXPR: 0 | POS | FRA | 20 | 6.65 | 4.95 | (((1.3-0.15)+4.5)-0.7)=x | 1.3 0.15 - 4.5 + 0.7 - x = | 1.3:money 0.15:money -:money 4.5:money +:money 0.7:money -:money x:money =:money
EXPR: 0 | POS | FRA | 20 | 6.65 | 6.35 | x=(((1.3-0.15)+4.5)+0.7) | x 1.3 0.15 - 4.5 + 0.7 + = | x:money 1.3:money 0.15:money -:money 4.5:money +:money 0.7:money +:money =:money
EXPR: 0 | POS | FRA | 20 | 6.65 | 4.95 | x=(1.3-((0.15-4.5)+0.7)) | x 1.3 0.15 4.5 - 0.7 + - = | x:money 1.3:money 0.15:money 4.5:money -:money 0.7:money +:money -:money =:money
EXPR: 0 | POS | FRA | 20 | 6.65 | 5.25 | (1.3+(0.15+(4.5-0.7)))=x | 1.3 0.15 4.5 0.7 - + + x = | 1.3:money 0.15:money 4.5:money 0.7:money -:money +:money +:money x:money =:money
EXPR: 0 | POS | FRA | 20 | 6.65 | 5.25 | x=(1.3+(0.15+(4.5-0.7))) | x 1.3 0.15 4.5 0.7 - + + = | x:money 1.3:money 0.15:money 4.5:money 0.7:money -:money +:money +:money =:money
EXPR: 1 | POS | FRA | 22 | 6.65 | 6.65 | (0.15+1.3)=((x-4.5)-0.7) | 0.15 1.3 + x 4.5 - 0.7 - = | 0.15:money 1.3:money +:money x:money 4.5:money -:money 0.7:money -:money =:money
EXPR: 0 | POS | FRA | 22 | 6.65 | 6.35 | ((x-1.3)+0.15)=(0.7+4.5) | x 1.3 - 0.15 + 0.7 4.5 + = | x:money 1.3:money -:money 0.15:money +:money 0.7:money 4.5:money +:money =:money
EXPR: 0 | POS | FRA | 22 | 6.65 | 5.25 | ((x-0.15)+0.7)=(1.3+4.5) | x 0.15 - 0.7 + 1.3 4.5 + = | x:money 0.15:money -:money 0.7:money +:money 1.3:money 4.5:money +:money =:money
EXPR: 0 | POS | FRA | 22 | 6.65 | 4.95 | (0.15+(0.7-1.3))=(4.5-x) | 0.15 0.7 1.3 - + 4.5 x - = | 0.15:money 0.7:money 1.3:money -:money +:money 4.5:money x:money -:money =:money
EXPR: 0 | POS | FRA | 22 | 6.65 | 4.95 | (x+0.15)=((1.3+4.5)-0.7) | x 0.15 + 1.3 4.5 + 0.7 - = | x:money 0.15:money +:money 1.3:money 4.5:money +:money 0.7:money -:money =:money
EXPR: 0 | POS | FRA | 22 | 6.65 | 4.05 | (0.15+0.7)=((x+1.3)-4.5) | 0.15 0.7 + x 1.3 + 4.5 - = | 0.15:money 0.7:money +:money x:money 1.3:money +:money 4.5:money -:money =:money
EXPR: 0 | POS | FRA | 22 | 6.65 | 2.65 | (0.15-0.7)=((x+1.3)-4.5) | 0.15 0.7 - x 1.3 + 4.5 - = | 0.15:money 0.7:money -:money x:money 1.3:money +:money 4.5:money -:money =:money
EXPR: 0 | POS | FRA | 22 | 6.65 | 4.05 | ((x+1.3)-(0.15+4.5))=0.7 | x 1.3 + 0.15 4.5 + - 0.7 = | x:money 1.3:money +:money 0.15:money 4.5:money +:money -:money 0.7:money =:money
EXPR: 0 | POS | FRA | 22 | 6.65 | 5.25 | (0.15-0.7)=((x-1.3)-4.5) | 0.15 0.7 - x 1.3 - 4.5 - = | 0.15:money 0.7:money -:money x:money 1.3:money -:money 4.5:money -:money =:money
EXPR: 1 | POS | FRA | 22 | 6.65 | 6.65 | (0.15+0.7)=((x-1.3)-4.5) | 0.15 0.7 + x 1.3 - 4.5 - = | 0.15:money 0.7:money +:money x:money 1.3:money -:money 4.5:money -:money =:money
EXPR: 0 | POS | FRA | 22 | 6.65 | 3.75 | ((x+1.3)+(0.15-4.5))=0.7 | x 1.3 + 0.15 4.5 - + 0.7 = | x:money 1.3:money +:money 0.15:money 4.5:money -:money +:money 0.7:money =:money
EXPR: 0 | POS | FRA | 22 | 6.65 | 4.05 | 1.3=(((0.15+4.5)+0.7)-x) | 1.3 0.15 4.5 + 0.7 + x - = | 1.3:money 0.15:money 4.5:money +:money 0.7:money +:money x:money -:money =:money
EXPR: 0 | POS | FRA | 22 | 6.65 | 4.95 | 1.3=(0.15-(4.5-(0.7+x))) | 1.3 0.15 4.5 0.7 x + - - = | 1.3:money 0.15:money 4.5:money 0.7:money x:money +:money -:money -:money =:money
EXPR: 0 | POS | FRA | 22 | 6.65 | 4.95 | (x+(0.15+0.7))=(1.3+4.5) | x 0.15 0.7 + + 1.3 4.5 + = | x:money 0.15:money 0.7:money +:money +:money 1.3:money 4.5:money +:money =:money
EXPR: 0 | POS | FRA | 22 | 6.65 | 2.65 | 1.3=(((0.15+4.5)-0.7)-x) | 1.3 0.15 4.5 + 0.7 - x - = | 1.3:money 0.15:money 4.5:money +:money 0.7:money -:money x:money -:money =:money
EXPR: 0 | POS | FRA | 22 | 6.65 | 6.35 | 1.3=(((0.15-4.5)-0.7)+x) | 1.3 0.15 4.5 - 0.7 - x + = | 1.3:money 0.15:money 4.5:money -:money 0.7:money -:money x:money +:money =:money
EXPR: 0 | POS | FRA | 22 | 6.65 | 4.95 | 1.3=(0.15+(x-(4.5-0.7))) | 1.3 0.15 x 4.5 0.7 - - + = | 1.3:money 0.15:money x:money 4.5:money 0.7:money -:money -:money +:money =:money
EXPR: 0 | POS | FRA | 22 | 6.65 | 2.65 | 1.3=(0.15-(x-(4.5-0.7))) | 1.3 0.15 x 4.5 0.7 - - - = | 1.3:money 0.15:money x:money 4.5:money 0.7:money -:money -:money -:money =:money
EXPR: 0 | POS | FRA | 22 | 6.65 | 3.75 | (0.15-(0.7-1.3))=(4.5-x) | 0.15 0.7 1.3 - - 4.5 x - = | 0.15:money 0.7:money 1.3:money -:money -:money 4.5:money x:money -:money =:money
EXPR: 1 | POS | FRA | 22 | 6.65 | 6.65 | (0.15+0.7)=(x-(1.3+4.5)) | 0.15 0.7 + x 1.3 4.5 + - = | 0.15:money 0.7:money +:money x:money 1.3:money 4.5:money +:money -:money =:money
EXPR: 0 | POS | FRA | 22 | 6.65 | 5.25 | (0.15-0.7)=(x-(1.3+4.5)) | 0.15 0.7 - x 1.3 4.5 + - = | 0.15:money 0.7:money -:money x:money 1.3:money 4.5:money +:money -:money =:money
EXPR: 0 | POS | FRA | 22 | 6.65 | 4.95 | (1.3-((0.15+x)-4.5))=0.7 | 1.3 0.15 x + 4.5 - - 0.7 = | 1.3:money 0.15:money x:money +:money 4.5:money -:money -:money 0.7:money =:money
EXPR: 0 | POS | FRA | 22 | 6.65 | 4.05 | 1.3=(0.15+(4.5-(x-0.7))) | 1.3 0.15 4.5 x 0.7 - - + = | 1.3:money 0.15:money 4.5:money x:money 0.7:money -:money -:money +:money =:money
EXPR: 0 | POS | FRA | 22 | 6.65 | 4.05 | (1.3-((0.15-x)+4.5))=0.7 | 1.3 0.15 x - 4.5 + - 0.7 = | 1.3:money 0.15:money x:money -:money 4.5:money +:money -:money 0.7:money =:money
EXPR: 0 | POS | FRA | 22 | 6.65 | 2.35 | ((0.15+x)+1.3)=(4.5-0.7) | 0.15 x + 1.3 + 4.5 0.7 - = | 0.15:money x:money +:money 1.3:money +:money 4.5:money 0.7:money -:money =:money
EXPR: 0 | POS | FRA | 22 | 6.65 | 4.05 | ((x+1.3)-0.15)=(0.7+4.5) | x 1.3 + 0.15 - 0.7 4.5 + = | x:money 1.3:money +:money 0.15:money -:money 0.7:money 4.5:money +:money =:money
EXPR: 0 | POS | FRA | 22 | 6.65 | 3.75 | ((1.3+x)+0.15)=(0.7+4.5) | 1.3 x + 0.15 + 0.7 4.5 + = | 1.3:money x:money +:money 0.15:money +:money 0.7:money 4.5:money +:money =:money
EXPR: 0 | POS | FRA | 22 | 6.65 | 6.35 | ((x-1.3)+(0.15-4.5))=0.7 | x 1.3 - 0.15 4.5 - + 0.7 = | x:money 1.3:money -:money 0.15:money 4.5:money -:money +:money 0.7:money =:money
EXPR: 0 | POS | FRA | 22 | 6.65 | 5.25 | (0.15+1.3)=(x-(4.5-0.7)) | 0.15 1.3 + x 4.5 0.7 - - = | 0.15:money 1.3:money +:money x:money 4.5:money 0.7:money -:money -:money =:money
EXPR: 0 | POS | FRA | 22 | 6.65 | 4.95 | ((x+0.15)-1.3)=(4.5-0.7) | x 0.15 + 1.3 - 4.5 0.7 - = | x:money 0.15:money +:money 1.3:money -:money 4.5:money 0.7:money -:money =:money
EXPR: 0 | POS | FRA | 22 | 6.65 | 4.95 | ((0.15+x)-1.3)=(4.5-0.7) | 0.15 x + 1.3 - 4.5 0.7 - = | 0.15:money x:money +:money 1.3:money -:money 4.5:money 0.7:money -:money =:money
EXPR: 0 | POS | FRA | 22 | 6.65 | 2.65 | (0.15-1.3)=(x-(4.5-0.7)) | 0.15 1.3 - x 4.5 0.7 - - = | 0.15:money 1.3:money -:money x:money 4.5:money 0.7:money -:money -:money =:money
EXPR: 0 | POS | FRA | 22 | 6.65 | 4.95 | (0.15+0.7)=((1.3-x)+4.5) | 0.15 0.7 + 1.3 x - 4.5 + = | 0.15:money 0.7:money +:money 1.3:money x:money -:money 4.5:money +:money =:money
EXPR: 0 | POS | FRA | 22 | 6.65 | 4.95 | 1.3=(0.15-(4.5-(x+0.7))) | 1.3 0.15 4.5 x 0.7 + - - = | 1.3:money 0.15:money 4.5:money x:money 0.7:money +:money -:money -:money =:money
EXPR: 0 | POS | FRA | 22 | 6.65 | 3.75 | (0.15+x)=((0.7-1.3)+4.5) | 0.15 x + 0.7 1.3 - 4.5 + = | 0.15:money x:money +:money 0.7:money 1.3:money -:money 4.5:money +:money =:money
EXPR: 0 | POS | FRA | 22 | 6.65 | 2.65 | 1.3=(0.15+(4.5-(x+0.7))) | 1.3 0.15 4.5 x 0.7 + - + = | 1.3:money 0.15:money 4.5:money x:money 0.7:money +:money -:money +:money =:money
EXPR: 0 | POS | FRA | 22 | 6.65 | 6.35 | 1.3=(0.15-(4.5-(x-0.7))) | 1.3 0.15 4.5 x 0.7 - - - = | 1.3:money 0.15:money 4.5:money x:money 0.7:money -:money -:money -:money =:money
EXPR: 0 | POS | FRA | 22 | 6.65 | 4.05 | ((1.3+x)-0.15)=(0.7+4.5) | 1.3 x + 0.15 - 0.7 4.5 + = | 1.3:money x:money +:money 0.15:money -:money 0.7:money 4.5:money +:money =:money
EXPR: 0 | POS | FRA | 22 | 6.65 | 4.95 | ((0.15+0.7)-1.3)=(4.5-x) | 0.15 0.7 + 1.3 - 4.5 x - = | 0.15:money 0.7:money +:money 1.3:money -:money 4.5:money x:money -:money =:money
EXPR: 0 | POS | FRA | 22 | 6.65 | 3.75 | ((0.15+1.3)-4.5)=(0.7-x) | 0.15 1.3 + 4.5 - 0.7 x - = | 0.15:money 1.3:money +:money 4.5:money -:money 0.7:money x:money -:money =:money
EXPR: 0 | POS | FRA | 22 | 6.65 | 6.35 | (1.3-0.15)=(x-(0.7+4.5)) | 1.3 0.15 - x 0.7 4.5 + - = | 1.3:money 0.15:money -:money x:money 0.7:money 4.5:money +:money -:money =:money
EXPR: 0 | POS | FRA | 22 | 6.65 | 4.95 | (1.3-0.15)=(x+(0.7-4.5)) | 1.3 0.15 - x 0.7 4.5 - + = | 1.3:money 0.15:money -:money x:money 0.7:money 4.5:money -:money +:money =:money
EXPR: 0 | POS | FRA | 22 | 6.65 | 2.35 | ((0.15+0.7)+1.3)=(4.5-x) | 0.15 0.7 + 1.3 + 4.5 x - = | 0.15:money 0.7:money +:money 1.3:money +:money 4.5:money x:money -:money =:money
EXPR: 0 | POS | FRA | 22 | 6.65 | 2.35 | ((x+0.15)+1.3)=(4.5-0.7) | x 0.15 + 1.3 + 4.5 0.7 - = | x:money 0.15:money +:money 1.3:money +:money 4.5:money 0.7:money -:money =:money
EXPR: 0 | POS | FRA | 22 | 6.65 | 4.95 | ((0.15+x)+0.7)=(1.3+4.5) | 0.15 x + 0.7 + 1.3 4.5 + = | 0.15:money x:money +:money 0.7:money +:money 1.3:money 4.5:money +:money =:money
EXPR: 1 | POS | FRA | 22 | 6.65 | 6.65 | ((x-1.3)-0.15)=(0.7+4.5) | x 1.3 - 0.15 - 0.7 4.5 + = | x:money 1.3:money -:money 0.15:money -:money 0.7:money 4.5:money +:money =:money
EXPR: 0 | POS | FRA | 22 | 6.65 | 2.65 | (0.15-x)=((1.3-4.5)+0.7) | 0.15 x - 1.3 4.5 - 0.7 + = | 0.15:money x:money -:money 1.3:money 4.5:money -:money 0.7:money +:money =:money
EXPR: 0 | POS | FRA | 22 | 6.65 | 5.25 | (x-0.15)=((1.3+4.5)-0.7) | x 0.15 - 1.3 4.5 + 0.7 - = | x:money 0.15:money -:money 1.3:money 4.5:money +:money 0.7:money -:money =:money
EXPR: 1 | POS | FRA | 22 | 6.65 | 6.65 | ((x-0.15)-0.7)=(1.3+4.5) | x 0.15 - 0.7 - 1.3 4.5 + = | x:money 0.15:money -:money 0.7:money -:money 1.3:money 4.5:money +:money =:money
EXPR: 0 | POS | FRA | 22 | 6.65 | 5.25 | (0.15-x)=((0.7-1.3)-4.5) | 0.15 x - 0.7 1.3 - 4.5 - = | 0.15:money x:money -:money 0.7:money 1.3:money -:money 4.5:money -:money =:money
EXPR: 0 | POS | FRA | 22 | 6.65 | 6.35 | 1.3=(0.15-(4.5+(0.7-x))) | 1.3 0.15 4.5 0.7 x - + - = | 1.3:money 0.15:money 4.5:money 0.7:money x:money -:money +:money -:money =:money
EXPR: 0 | POS | FRA | 22 | 6.65 | 5.25 | ((0.15+1.3)+4.5)=(0.7+x) | 0.15 1.3 + 4.5 + 0.7 x + = | 0.15:money 1.3:money +:money 4.5:money +:money 0.7:money x:money +:money =:money
EXPR: 0 | POS | FRA | 22 | 6.65 | 6.35 | 1.3=(((x+0.15)-4.5)-0.7) | 1.3 x 0.15 + 4.5 - 0.7 - = | 1.3:money x:money 0.15:money +:money 4.5:money -:money 0.7:money -:money =:money
EXPR: 0 | POS | FRA | 22 | 6.65 | 4.95 | 1.3=(x+(0.15-(4.5-0.7))) | 1.3 x 0.15 4.5 0.7 - - + = | 1.3:money x:money 0.15:money 4.5:money 0.7:money -:money -:money +:money =:money
EXPR: 0 | POS | FRA | 22 | 6.65 | 4.95 | (0.15+x)=(1.3+(4.5-0.7)) | 0.15 x + 1.3 4.5 0.7 - + = | 0.15:money x:money +:money 1.3:money 4.5:money 0.7:money -:money +:money =:money
EXPR: 0 | POS | FRA | 22 | 6.65 | 5.25 | ((1.3+(0.15+4.5))-x)=0.7 | 1.3 0.15 4.5 + + x - 0.7 = | 1.3:money 0.15:money 4.5:money +:money +:money x:money -:money 0.7:money =:money
EXPR: 0 | POS | FRA | 22 | 6.65 | 4.95 | 1.3=(((0.15-4.5)+0.7)+x) | 1.3 0.15 4.5 - 0.7 + x + = | 1.3:money 0.15:money 4.5:money -:money 0.7:money +:money x:money +:money =:money
EXPR: 0 | POS | FRA | 22 | 6.65 | 4.95 | (1.3-0.15)=((x+0.7)-4.5) | 1.3 0.15 - x 0.7 + 4.5 - = | 1.3:money 0.15:money -:money x:money 0.7:money +:money 4.5:money -:money =:money
EXPR: 0 | POS | FRA | 22 | 6.65 | 4.95 | (((1.3-0.15)-x)+4.5)=0.7 | 1.3 0.15 - x - 4.5 + 0.7 = | 1.3:money 0.15:money -:money x:money -:money 4.5:money +:money 0.7:money =:money
EXPR: 0 | POS | FRA | 22 | 6.65 | 4.05 | (0.15+0.7)=(1.3+(x-4.5)) | 0.15 0.7 + 1.3 x 4.5 - + = | 0.15:money 0.7:money +:money 1.3:money x:money 4.5:money -:money +:money =:money
EXPR: 0 | POS | FRA | 22 | 6.65 | 4.05 | 1.3=(0.15+(4.5+(0.7-x))) | 1.3 0.15 4.5 0.7 x - + + = | 1.3:money 0.15:money 4.5:money 0.7:money x:money -:money +:money +:money =:money
EXPR: 0 | POS | FRA | 22 | 6.65 | 2.65 | (0.15-0.7)=(1.3+(x-4.5)) | 0.15 0.7 - 1.3 x 4.5 - + = | 0.15:money 0.7:money -:money 1.3:money x:money 4.5:money -:money +:money =:money
EXPR: 0 | POS | FRA | 22 | 6.65 | 5.25 | 1.3=(x-(0.15+(4.5-0.7))) | 1.3 x 0.15 4.5 0.7 - + - = | 1.3:money x:money 0.15:money 4.5:money 0.7:money -:money +:money -:money =:money
EXPR: 0 | POS | FRA | 22 | 6.65 | 4.95 | (1.3-x)=((0.15+0.7)-4.5) | 1.3 x - 0.15 0.7 + 4.5 - = | 1.3:money x:money -:money 0.15:money 0.7:money +:money 4.5:money -:money =:money
EXPR: 0 | POS | FRA | 22 | 6.65 | 4.95 | (1.3-(x+0.15))=(0.7-4.5) | 1.3 x 0.15 + - 0.7 4.5 - = | 1.3:money x:money 0.15:money +:money -:money 0.7:money 4.5:money -:money =:money
EXPR: 0 | POS | FRA | 22 | 6.65 | 4.95 | (1.3-x)=(0.15+(0.7-4.5)) | 1.3 x - 0.15 0.7 4.5 - + = | 1.3:money x:money -:money 0.15:money 0.7:money 4.5:money -:money +:money =:money
EXPR: 0 | POS | FRA | 22 | 6.65 | 2.65 | (0.15-x)=(0.7+(1.3-4.5)) | 0.15 x - 0.7 1.3 4.5 - + = | 0.15:money x:money -:money 0.7:money 1.3:money 4.5:money -:money +:money =:money
EXPR: 0 | POS | FRA | 22 | 6.65 | 4.05 | (x-0.15)=((0.7-1.3)+4.5) | x 0.15 - 0.7 1.3 - 4.5 + = | x:money 0.15:money -:money 0.7:money 1.3:money -:money 4.5:money +:money =:money
EXPR: 0 | POS | FRA | 22 | 6.65 | 4.05 | (1.3+(x-0.15))=(0.7+4.5) | 1.3 x 0.15 - + 0.7 4.5 + = | 1.3:money x:money 0.15:money -:money +:money 0.7:money 4.5:money +:money =:money
EXPR: 0 | POS | FRA | 22 | 6.65 | 4.05 | (1.3+x)=(0.15+(0.7+4.5)) | 1.3 x + 0.15 0.7 4.5 + + = | 1.3:money x:money +:money 0.15:money 0.7:money 4.5:money +:money +:money =:money
EXPR: 1 | POS | FRA | 22 | 6.65 | 6.65 | (x-1.3)=((0.15+0.7)+4.5) | x 1.3 - 0.15 0.7 + 4.5 + = | x:money 1.3:money -:money 0.15:money 0.7:money +:money 4.5:money +:money =:money
EXPR: 0 | POS | FRA | 22 | 6.65 | 2.65 | (0.15-(0.7+x))=(1.3-4.5) | 0.15 0.7 x + - 1.3 4.5 - = | 0.15:money 0.7:money x:money +:money -:money 1.3:money 4.5:money -:money =:money
EXPR: 0 | POS | FRA | 22 | 6.65 | 3.75 | (1.3+(x+0.15))=(0.7+4.5) | 1.3 x 0.15 + + 0.7 4.5 + = | 1.3:money x:money 0.15:money +:money +:money 0.7:money 4.5:money +:money =:money
EXPR: 0 | POS | FRA | 22 | 6.65 | 4.95 | (1.3-(0.15+x))=(0.7-4.5) | 1.3 0.15 x + - 0.7 4.5 - = | 1.3:money 0.15:money x:money +:money -:money 0.7:money 4.5:money -:money =:money
EXPR: 0 | POS | FRA | 22 | 6.65 | 2.35 | ((0.15+1.3)+x)=(4.5-0.7) | 0.15 1.3 + x + 4.5 0.7 - = | 0.15:money 1.3:money +:money x:money +:money 4.5:money 0.7:money -:money =:money
EXPR: 0 | POS | FRA | 22 | 6.65 | 4.05 | ((0.15+0.7)-x)=(1.3-4.5) | 0.15 0.7 + x - 1.3 4.5 - = | 0.15:money 0.7:money +:money x:money -:money 1.3:money 4.5:money -:money =:money
EXPR: 0 | POS | FRA | 22 | 6.65 | 2.65 | ((0.15-1.3)+4.5)=(x+0.7) | 0.15 1.3 - 4.5 + x 0.7 + = | 0.15:money 1.3:money -:money 4.5:money +:money x:money 0.7:money +:money =:money
EXPR: 0 | POS | FRA | 22 | 6.65 | 5.25 | (1.3-(x-0.15))=(0.7-4.5) | 1.3 x 0.15 - - 0.7 4.5 - = | 1.3:money x:money 0.15:money -:money -:money 0.7:money 4.5:money -:money =:money
EXPR: 0 | POS | FRA | 22 | 6.65 | 4.05 | (1.3-(0.15-x))=(0.7+4.5) | 1.3 0.15 x - - 0.7 4.5 + = | 1.3:money 0.15:money x:money -:money -:money 0.7:money 4.5:money +:money =:money
EXPR: 0 | POS | FRA | 22 | 6.65 | 4.95 | (0.15+0.7)=(1.3-(x-4.5)) | 0.15 0.7 + 1.3 x 4.5 - - = | 0.15:money 0.7:money +:money 1.3:money x:money 4.5:money -:money -:money =:money
EXPR: 0 | POS | FRA | 22 | 6.65 | 4.05 | (0.15-(1.3-4.5))=(x-0.7) | 0.15 1.3 4.5 - - x 0.7 - = | 0.15:money 1.3:money 4.5:money -:money -:money x:money 0.7:money -:money =:money
EXPR: 0 | POS | FRA | 22 | 6.65 | 6.35 | 1.3=(0.15-((4.5-x)+0.7)) | 1.3 0.15 4.5 x - 0.7 + - = | 1.3:money 0.15:money 4.5:money x:money -:money 0.7:money +:money -:money =:money
EXPR: 0 | POS | FRA | 22 | 6.65 | 5.25 | 1.3=((x-0.15)-(4.5-0.7)) | 1.3 x 0.15 - 4.5 0.7 - - = | 1.3:money x:money 0.15:money -:money 4.5:money 0.7:money -:money -:money =:money
EXPR: 0 | POS | FRA | 22 | 6.65 | 2.65 | (0.15-(x+0.7))=(1.3-4.5) | 0.15 x 0.7 + - 1.3 4.5 - = | 0.15:money x:money 0.7:money +:money -:money 1.3:money 4.5:money -:money =:money
EXPR: 0 | POS | FRA | 22 | 6.65 | 6.35 | (0.15-(1.3+4.5))=(0.7-x) | 0.15 1.3 4.5 + - 0.7 x - = | 0.15:money 1.3:money 4.5:money +:money -:money 0.7:money x:money -:money =:money
EXPR: 0 | POS | FRA | 22 | 6.65 | 4.95 | 1.3=((x+0.15)-(4.5-0.7)) | 1.3 x 0.15 + 4.5 0.7 - - = | 1.3:money x:money 0.15:money +:money 4.5:money 0.7:money -:money -:money =:money
EXPR: 0 | POS | FRA | 22 | 6.65 | 4.05 | ((0.15-1.3)+4.5)=(x-0.7) | 0.15 1.3 - 4.5 + x 0.7 - = | 0.15:money 1.3:money -:money 4.5:money +:money x:money 0.7:money -:money =:money
EXPR: 1 | POS | FRA | 22 | 6.65 | 6.65 | (0.15+(1.3+4.5))=(x-0.7) | 0.15 1.3 4.5 + + x 0.7 - = | 0.15:money 1.3:money 4.5:money +:money +:money x:money 0.7:money -:money =:money
EXPR: 0 | POS | FRA | 22 | 6.65 | 5.25 | (x-1.3)=((0.15-0.7)+4.5) | x 1.3 - 0.15 0.7 - 4.5 + = | x:money 1.3:money -:money 0.15:money 0.7:money -:money 4.5:money +:money =:money
EXPR: 0 | POS | FRA | 22 | 6.65 | 6.35 | (0.15-(0.7-x))=(1.3+4.5) | 0.15 0.7 x - - 1.3 4.5 + = | 0.15:money 0.7:money x:money -:money -:money 1.3:money 4.5:money +:money =:money
EXPR: 0 | POS | FRA | 22 | 6.65 | 3.75 | ((0.15-0.7)+1.3)=(4.5-x) | 0.15 0.7 - 1.3 + 4.5 x - = | 0.15:money 0.7:money -:money 1.3:money +:money 4.5:money x:money -:money =:money
EXPR: 0 | POS | FRA | 22 | 6.65 | 4.95 | (0.15+(x+0.7))=(1.3+4.5) | 0.15 x 0.7 + + 1.3 4.5 + = | 0.15:money x:money 0.7:money +:money +:money 1.3:money 4.5:money +:money =:money
EXPR: 0 | POS | FRA | 25 | 6.65 | 3.75 | x=(((0.7-0.15)-1.3)+4.5) | x 0.7 0.15 - 1.3 - 4.5 + = | x:money 0.7:money 0.15:money -:money 1.3:money -:money 4.5:money +:money =:money
EXPR: 0 | POS | FRA | 25 | 6.65 | 2.65 | x=((0.15+(4.5-1.3))-0.7) | x 0.15 4.5 1.3 - + 0.7 - = | x:money 0.15:money 4.5:money 1.3:money -:money +:money 0.7:money -:money =:money
EXPR: 0 | POS | FRA | 25 | 6.65 | 2.65 | x=(((0.15+4.5)-1.3)-0.7) | x 0.15 4.5 + 1.3 - 0.7 - = | x:money 0.15:money 4.5:money +:money 1.3:money -:money 0.7:money -:money =:money
EXPR: 0 | POS | FRA | 25 | 6.65 | 5.25 | x=(((0.15+4.5)+1.3)-0.7) | x 0.15 4.5 + 1.3 + 0.7 - = | x:money 0.15:money 4.5:money +:money 1.3:money +:money 0.7:money -:money =:money
EXPR: 0 | POS | FRA | 25 | 6.65 | 2.65 | x=(0.15+((4.5-1.3)-0.7)) | x 0.15 4.5 1.3 - 0.7 - + = | x:money 0.15:money 4.5:money 1.3:money -:money 0.7:money -:money +:money =:money
EXPR: 0 | POS | FRA | 25 | 6.65 | 4.05 | x=(0.15+((4.5-1.3)+0.7)) | x 0.15 4.5 1.3 - 0.7 + + = | x:money 0.15:money 4.5:money 1.3:money -:money 0.7:money +:money +:money =:money
EXPR: 0 | POS | FRA | 25 | 6.65 | 4.05 | (0.15+((4.5-1.3)+0.7))=x | 0.15 4.5 1.3 - 0.7 + + x = | 0.15:money 4.5:money 1.3:money -:money 0.7:money +:money +:money x:money =:money
EXPR: 0 | POS | FRA | 25 | 6.65 | 4.05 | x=(0.7+((0.15-1.3)+4.5)) | x 0.7 0.15 1.3 - 4.5 + + = | x:money 0.7:money 0.15:money 1.3:money -:money 4.5:money +:money +:money =:money
EXPR: 0 | POS | FRA | 25 | 6.65 | 4.05 | ((0.15+(0.7+4.5))-1.3)=x | 0.15 0.7 4.5 + + 1.3 - x = | 0.15:money 0.7:money 4.5:money +:money +:money 1.3:money -:money x:money =:money
EXPR: 0 | POS | FRA | 25 | 6.65 | 5.25 | x=(1.3-((0.7-0.15)-4.5)) | x 1.3 0.7 0.15 - 4.5 - - = | x:money 1.3:money 0.7:money 0.15:money -:money 4.5:money -:money -:money =:money
EXPR: 1 | POS | FRA | 25 | 6.65 | 6.65 | x=(0.7+((0.15+1.3)+4.5)) | x 0.7 0.15 1.3 + 4.5 + + = | x:money 0.7:money 0.15:money 1.3:money +:money 4.5:money +:money +:money =:money
EXPR: 0 | POS | FRA | 25 | 6.65 | 5.25 | (((0.15+4.5)+1.3)-0.7)=x | 0.15 4.5 + 1.3 + 0.7 - x = | 0.15:money 4.5:money +:money 1.3:money +:money 0.7:money -:money x:money =:money
EXPR: 0 | POS | FRA | 25 | 6.65 | 6.35 | x=(1.3+((0.7-0.15)+4.5)) | x 1.3 0.7 0.15 - 4.5 + + = | x:money 1.3:money 0.7:money 0.15:money -:money 4.5:money +:money +:money =:money
EXPR: 0 | POS | FRA | 25 | 6.65 | 4.05 | x=(((0.15+0.7)+4.5)-1.3) | x 0.15 0.7 + 4.5 + 1.3 - = | x:money 0.15:money 0.7:money +:money 4.5:money +:money 1.3:money -:money =:money
EXPR: 0 | POS | FRA | 25 | 6.65 | 2.65 | x=(((0.15-0.7)+4.5)-1.3) | x 0.15 0.7 - 4.5 + 1.3 - = | x:money 0.15:money 0.7:money -:money 4.5:money +:money 1.3:money -:money =:money
EXPR: 0 | POS | FRA | 25 | 6.65 | 2.65 | x=(0.15-((0.7-4.5)+1.3)) | x 0.15 0.7 4.5 - 1.3 + - = | x:money 0.15:money 0.7:money 4.5:money -:money 1.3:money +:money -:money =:money
EXPR: 0 | POS | FRA | 25 | 6.65 | 3.75 | x=((0.7-0.15)-(1.3-4.5)) | x 0.7 0.15 - 1.3 4.5 - - = | x:money 0.7:money 0.15:money -:money 1.3:money 4.5:money -:money -:money =:money
EXPR: 0 | POS | FRA | 25 | 6.65 | 6.35 | x=((0.7-0.15)+(1.3+4.5)) | x 0.7 0.15 - 1.3 4.5 + + = | x:money 0.7:money 0.15:money -:money 1.3:money 4.5:money +:money +:money =:money
EXPR: 0 | POS | FRA | 25 | 6.65 | 4.05 | x=(0.15+((0.7+4.5)-1.3)) | x 0.15 0.7 4.5 + 1.3 - + = | x:money 0.15:money 0.7:money 4.5:money +:money 1.3:money -:money +:money =:money
EXPR: 1 | POS | FRA | 25 | 6.65 | 6.65 | x=((0.15+4.5)+(1.3+0.7)) | x 0.15 4.5 + 1.3 0.7 + + = | x:money 0.15:money 4.5:money +:money 1.3:money 0.7:money +:money +:money =:money
EXPR: 0 | POS | FRA | 25 | 6.65 | 4.05 | x=((0.15+0.7)+(4.5-1.3)) | x 0.15 0.7 + 4.5 1.3 - + = | x:money 0.15:money 0.7:money +:money 4.5:money 1.3:money -:money +:money =:money
EXPR: 0 | POS | FRA | 25 | 6.65 | 4.05 | ((0.15+0.7)+(4.5-1.3))=x | 0.15 0.7 + 4.5 1.3 - + x = | 0.15:money 0.7:money +:money 4.5:money 1.3:money -:money +:money x:money =:money
EXPR: 0 | POS | FRA | 25 | 6.65 | 4.05 | x=((0.15+(4.5-1.3))+0.7) | x 0.15 4.5 1.3 - + 0.7 + = | x:money 0.15:money 4.5:money 1.3:money -:money +:money 0.7:money +:money =:money
EXPR: 1 | POS | FRA | 25 | 6.65 | 6.65 | x=(1.3+(0.7+(0.15+4.5))) | x 1.3 0.7 0.15 4.5 + + + = | x:money 1.3:money 0.7:money 0.15:money 4.5:money +:money +:money +:money =:money
EXPR: 0 | POS | FRA | 25 | 6.65 | 4.05 | x=(((0.15+4.5)-1.3)+0.7) | x 0.15 4.5 + 1.3 - 0.7 + = | x:money 0.15:money 4.5:money +:money 1.3:money -:money 0.7:money +:money =:money
EXPR: 1 | POS | FRA | 25 | 6.65 | 6.65 | x=(((0.15+4.5)+1.3)+0.7) | x 0.15 4.5 + 1.3 + 0.7 + = | x:money 0.15:money 4.5:money +:money 1.3:money +:money 0.7:money +:money =:money
EXPR: 0 | POS | FRA | 25 | 6.65 | 4.05 | x=((0.15+4.5)-(1.3-0.7)) | x 0.15 4.5 + 1.3 0.7 - - = | x:money 0.15:money 4.5:money +:money 1.3:money 0.7:money -:money -:money =:money
EXPR: 0 | POS | FRA | 25 | 6.65 | 5.25 | (((0.15-0.7)+4.5)+1.3)=x | 0.15 0.7 - 4.5 + 1.3 + x = | 0.15:money 0.7:money -:money 4.5:money +:money 1.3:money +:money x:money =:money
EXPR: 0 | POS | FRA | 25 | 6.65 | 3.75 | x=(0.7-((0.15+1.3)-4.5)) | x 0.7 0.15 1.3 + 4.5 - - = | x:money 0.7:money 0.15:money 1.3:money +:money 4.5:money -:money -:money =:money
EXPR: 0 | POS | FRA | 25 | 6.65 | 4.05 | (((0.15+0.7)+4.5)-1.3)=x | 0.15 0.7 + 4.5 + 1.3 - x = | 0.15:money 0.7:money +:money 4.5:money +:money 1.3:money -:money x:money =:money
EXPR: 0 | POS | FRA | 25 | 6.65 | 2.65 | (((0.15-0.7)+4.5)-1.3)=x | 0.15 0.7 - 4.5 + 1.3 - x = | 0.15:money 0.7:money -:money 4.5:money +:money 1.3:money -:money x:money =:money
EXPR: 0 | POS | FRA | 25 | 6.65 | 6.35 | x=(0.7-((0.15-1.3)-4.5)) | x 0.7 0.15 1.3 - 4.5 - - = | x:money 0.7:money 0.15:money 1.3:money -:money 4.5:money -:money -:money =:money
EXPR: 0 | POS | FRA | 27 | 6.65 | 6.35 | 0.15=(4.5+((1.3+0.7)-x)) | 0.15 4.5 1.3 0.7 + x - + = | 0.15:money 4.5:money 1.3:money 0.7:money +:money x:money -:money +:money =:money
EXPR: 0 | POS | FRA | 27 | 6.65 | 3.75 | 0.15=((4.5-(x+1.3))+0.7) | 0.15 4.5 x 1.3 + - 0.7 + = | 0.15:money 4.5:money x:money 1.3:money +:money -:money 0.7:money +:money =:money
EXPR: 0 | POS | FRA | 27 | 6.65 | 3.75 | ((1.3+x)-(0.7-0.15))=4.5 | 1.3 x + 0.7 0.15 - - 4.5 = | 1.3:money x:money +:money 0.7:money 0.15:money -:money -:money 4.5:money =:money
EXPR: 0 | POS | FRA | 27 | 6.65 | 2.65 | ((0.15+4.5)-(1.3+x))=0.7 | 0.15 4.5 + 1.3 x + - 0.7 = | 0.15:money 4.5:money +:money 1.3:money x:money +:money -:money 0.7:money =:money
EXPR: 0 | POS | FRA | 27 | 6.65 | 2.65 | ((0.15-x)-(0.7-4.5))=1.3 | 0.15 x - 0.7 4.5 - - 1.3 = | 0.15:money x:money -:money 0.7:money 4.5:money -:money -:money 1.3:money =:money
EXPR: 0 | POS | FRA | 27 | 6.65 | 5.25 | ((0.15+4.5)+(1.3-x))=0.7 | 0.15 4.5 + 1.3 x - + 0.7 = | 0.15:money 4.5:money +:money 1.3:money x:money -:money +:money 0.7:money =:money
EXPR: 0 | POS | FRA | 27 | 6.65 | 3.75 | 0.7=(0.15+((1.3+x)-4.5)) | 0.7 0.15 1.3 x + 4.5 - + = | 0.7:money 0.15:money 1.3:money x:money +:money 4.5:money -:money +:money =:money
EXPR: 0 | POS | FRA | 27 | 6.65 | 2.65 | ((1.3+x)+(0.7-0.15))=4.5 | 1.3 x + 0.7 0.15 - + 4.5 = | 1.3:money x:money +:money 0.7:money 0.15:money -:money +:money 4.5:money =:money
EXPR: 0 | POS | FRA | 27 | 6.65 | 4.95 | (0.15+((x+0.7)-4.5))=1.3 | 0.15 x 0.7 + 4.5 - + 1.3 = | 0.15:money x:money 0.7:money +:money 4.5:money -:money +:money 1.3:money =:money
EXPR: 0 | POS | FRA | 27 | 6.65 | 2.65 | 0.7=((0.15-(1.3+x))+4.5) | 0.7 0.15 1.3 x + - 4.5 + = | 0.7:money 0.15:money 1.3:money x:money +:money -:money 4.5:money +:money =:money
EXPR: 0 | POS | FRA | 27 | 6.65 | 6.35 | 0.15=((4.5-(x-1.3))+0.7) | 0.15 4.5 x 1.3 - - 0.7 + = | 0.15:money 4.5:money x:money 1.3:money -:money -:money 0.7:money +:money =:money
EXPR: 0 | POS | FRA | 27 | 6.65 | 3.75 | 0.15=(4.5-((1.3+x)-0.7)) | 0.15 4.5 1.3 x + 0.7 - - = | 0.15:money 4.5:money 1.3:money x:money +:money 0.7:money -:money -:money =:money
EXPR: 1 | POS | FRA | 27 | 6.65 | 6.65 | 1.3=(x-(0.7+(0.15+4.5))) | 1.3 x 0.7 0.15 4.5 + + - = | 1.3:money x:money 0.7:money 0.15:money 4.5:money +:money +:money -:money =:money
EXPR: 0 | POS | FRA | 27 | 6.65 | 6.35 | 0.15=(((0.7+4.5)+1.3)-x) | 0.15 0.7 4.5 + 1.3 + x - = | 0.15:money 0.7:money 4.5:money +:money 1.3:money +:money x:money -:money =:money
EXPR: 0 | POS | FRA | 27 | 6.65 | 5.25 | ((x+0.7)-(0.15+1.3))=4.5 | x 0.7 + 0.15 1.3 + - 4.5 = | x:money 0.7:money +:money 0.15:money 1.3:money +:money -:money 4.5:money =:money
EXPR: 0 | POS | FRA | 27 | 6.65 | 3.75 | 0.7=(0.15+((1.3-4.5)+x)) | 0.7 0.15 1.3 4.5 - x + + = | 0.7:money 0.15:money 1.3:money 4.5:money -:money x:money +:money +:money =:money
EXPR: 0 | POS | FRA | 27 | 6.65 | 6.35 | 0.7=(0.15-((1.3+4.5)-x)) | 0.7 0.15 1.3 4.5 + x - - = | 0.7:money 0.15:money 1.3:money 4.5:money +:money x:money -:money -:money =:money
EXPR: 0 | POS | FRA | 27 | 6.65 | 4.05 | ((0.15-x)+(0.7+4.5))=1.3 | 0.15 x - 0.7 4.5 + + 1.3 = | 0.15:money x:money -:money 0.7:money 4.5:money +:money +:money 1.3:money =:money
EXPR: 0 | POS | FRA | 27 | 6.65 | 2.65 | 0.7=(0.15-((1.3-4.5)+x)) | 0.7 0.15 1.3 4.5 - x + - = | 0.7:money 0.15:money 1.3:money 4.5:money -:money x:money +:money -:money =:money
EXPR: 0 | POS | FRA | 27 | 6.65 | 2.65 | 0.7=(0.15-((1.3+x)-4.5)) | 0.7 0.15 1.3 x + 4.5 - - = | 0.7:money 0.15:money 1.3:money x:money +:money 4.5:money -:money -:money =:money
EXPR: 0 | POS | FRA | 27 | 6.65 | 2.35 | (1.3+((x+0.7)+0.15))=4.5 | 1.3 x 0.7 + 0.15 + + 4.5 = | 1.3:money x:money 0.7:money +:money 0.15:money +:money +:money 4.5:money =:money
EXPR: 0 | POS | FRA | 27 | 6.65 | 2.65 | ((x+0.7)-(0.15-1.3))=4.5 | x 0.7 + 0.15 1.3 - - 4.5 = | x:money 0.7:money +:money 0.15:money 1.3:money -:money -:money 4.5:money =:money
EXPR: 0 | POS | FRA | 27 | 6.65 | 3.75 | 1.3=(0.7-(x+(0.15-4.5))) | 1.3 0.7 x 0.15 4.5 - + - = | 1.3:money 0.7:money x:money 0.15:money 4.5:money -:money +:money -:money =:money
EXPR: 0 | POS | FRA | 27 | 6.65 | 6.35 | 0.7=(0.15-((1.3-x)+4.5)) | 0.7 0.15 1.3 x - 4.5 + - = | 0.7:money 0.15:money 1.3:money x:money -:money 4.5:money +:money -:money =:money
EXPR: 1 | POS | FRA | 27 | 6.65 | 6.65 | ((x-0.7)-(0.15+1.3))=4.5 | x 0.7 - 0.15 1.3 + - 4.5 = | x:money 0.7:money -:money 0.15:money 1.3:money +:money -:money 4.5:money =:money
EXPR: 0 | POS | FRA | 27 | 6.65 | 3.75 | ((x-0.7)+(0.15+1.3))=4.5 | x 0.7 - 0.15 1.3 + + 4.5 = | x:money 0.7:money -:money 0.15:money 1.3:money +:money +:money 4.5:money =:money
EXPR: 0 | POS | FRA | 27 | 6.65 | 4.95 | ((x+0.7)+(0.15-1.3))=4.5 | x 0.7 + 0.15 1.3 - + 4.5 = | x:money 0.7:money +:money 0.15:money 1.3:money -:money +:money 4.5:money =:money
EXPR: 0 | POS | FRA | 27 | 6.65 | 6.35 | ((x-0.7)+(0.15-1.3))=4.5 | x 0.7 - 0.15 1.3 - + 4.5 = | x:money 0.7:money -:money 0.15:money 1.3:money -:money +:money 4.5:money =:money
EXPR: 0 | POS | FRA | 27 | 6.65 | 2.65 | 0.7=(((0.15-x)-1.3)+4.5) | 0.7 0.15 x - 1.3 - 4.5 + = | 0.7:money 0.15:money x:money -:money 1.3:money -:money 4.5:money +:money =:money
EXPR: 0 | POS | FRA | 27 | 6.65 | 5.25 | 0.7=(0.15+((1.3+4.5)-x)) | 0.7 0.15 1.3 4.5 + x - + = | 0.7:money 0.15:money 1.3:money 4.5:money +:money x:money -:money +:money =:money
EXPR: 0 | POS | FRA | 27 | 6.65 | 4.95 | 1.3=(((0.7+x)+0.15)-4.5) | 1.3 0.7 x + 0.15 + 4.5 - = | 1.3:money 0.7:money x:money +:money 0.15:money +:money 4.5:money -:money =:money
EXPR: 0 | POS | FRA | 27 | 6.65 | 4.05 | ((x-0.7)-(0.15-1.3))=4.5 | x 0.7 - 0.15 1.3 - - 4.5 = | x:money 0.7:money -:money 0.15:money 1.3:money -:money -:money 4.5:money =:money
EXPR: 0 | POS | FRA | 27 | 6.65 | 3.75 | 0.7=(((0.15+1.3)+x)-4.5) | 0.7 0.15 1.3 + x + 4.5 - = | 0.7:money 0.15:money 1.3:money +:money x:money +:money 4.5:money -:money =:money
EXPR: 0 | POS | FRA | 27 | 6.65 | 2.35 | ((x+0.7)+(0.15+1.3))=4.5 | x 0.7 + 0.15 1.3 + + 4.5 = | x:money 0.7:money +:money 0.15:money 1.3:money +:money +:money 4.5:money =:money
EXPR: 0 | POS | FRA | 27 | 6.65 | 2.65 | (0.15-((0.7+x)-4.5))=1.3 | 0.15 0.7 x + 4.5 - - 1.3 = | 0.15:money 0.7:money x:money +:money 4.5:money -:money -:money 1.3:money =:money
EXPR: 0 | POS | FRA | 27 | 6.65 | 6.35 | 0.15=(0.7+(4.5+(1.3-x))) | 0.15 0.7 4.5 1.3 x - + + = | 0.15:money 0.7:money 4.5:money 1.3:money x:money -:money +:money +:money =:money
EXPR: 0 | POS | FRA | 27 | 6.65 | 4.95 | (0.15+((0.7+x)-4.5))=1.3 | 0.15 0.7 x + 4.5 - + 1.3 = | 0.15:money 0.7:money x:money +:money 4.5:money -:money +:money 1.3:money =:money
EXPR: 0 | POS | FRA | 27 | 6.65 | 4.05 | (0.15+((0.7-x)+4.5))=1.3 | 0.15 0.7 x - 4.5 + + 1.3 = | 0.15:money 0.7:money x:money -:money 4.5:money +:money +:money 1.3:money =:money
EXPR: 0 | POS | FRA | 27 | 6.65 | 5.25 | (0.15+((4.5-x)+1.3))=0.7 | 0.15 4.5 x - 1.3 + + 0.7 = | 0.15:money 4.5:money x:money -:money 1.3:money +:money +:money 0.7:money =:money
EXPR: 0 | POS | FRA | 27 | 6.65 | 6.35 | ((0.15+(x-4.5))-1.3)=0.7 | 0.15 x 4.5 - + 1.3 - 0.7 = | 0.15:money x:money 4.5:money -:money +:money 1.3:money -:money 0.7:money =:money
EXPR: 0 | POS | FRA | 27 | 6.65 | 3.75 | 0.7=(x+((0.15+1.3)-4.5)) | 0.7 x 0.15 1.3 + 4.5 - + = | 0.7:money x:money 0.15:money 1.3:money +:money 4.5:money -:money +:money =:money
EXPR: 0 | POS | FRA | 27 | 6.65 | 3.75 | ((0.15+(x-4.5))+1.3)=0.7 | 0.15 x 4.5 - + 1.3 + 0.7 = | 0.15:money x:money 4.5:money -:money +:money 1.3:money +:money 0.7:money =:money
EXPR: 0 | POS | FRA | 27 | 6.65 | 4.05 | 0.7=(x-((0.15-1.3)+4.5)) | 0.7 x 0.15 1.3 - 4.5 + - = | 0.7:money x:money 0.15:money 1.3:money -:money 4.5:money +:money -:money =:money
EXPR: 0 | POS | FRA | 27 | 6.65 | 5.25 | 1.3=(x+(0.7-(0.15+4.5))) | 1.3 x 0.7 0.15 4.5 + - + = | 1.3:money x:money 0.7:money 0.15:money 4.5:money +:money -:money +:money =:money
EXPR: 1 | POS | FRA | 27 | 6.65 | 6.65 | 0.7=(x-((0.15+1.3)+4.5)) | 0.7 x 0.15 1.3 + 4.5 + - = | 0.7:money x:money 0.15:money 1.3:money +:money 4.5:money +:money -:money =:money
EXPR: 0 | POS | FRA | 27 | 6.65 | 4.05 | (((0.15+0.7)-x)+4.5)=1.3 | 0.15 0.7 + x - 4.5 + 1.3 = | 0.15:money 0.7:money +:money x:money -:money 4.5:money +:money 1.3:money =:money
EXPR: 0 | POS | FRA | 27 | 6.65 | 6.35 | 0.7=(x+((0.15-1.3)-4.5)) | 0.7 x 0.15 1.3 - 4.5 - + = | 0.7:money x:money 0.15:money 1.3:money -:money 4.5:money -:money +:money =:money
EXPR: 0 | POS | FRA | 27 | 6.65 | 5.25 | 0.7=(0.15-(x-(1.3+4.5))) | 0.7 0.15 x 1.3 4.5 + - - = | 0.7:money 0.15:money x:money 1.3:money 4.5:money +:money -:money -:money =:money
EXPR: 0 | POS | FRA | 27 | 6.65 | 6.35 | 0.7=(((0.15+x)-1.3)-4.5) | 0.7 0.15 x + 1.3 - 4.5 - = | 0.7:money 0.15:money x:money +:money 1.3:money -:money 4.5:money -:money =:money
EXPR: 0 | POS | FRA | 27 | 6.65 | 4.95 | 1.3=(x+(0.7+(0.15-4.5))) | 1.3 x 0.7 0.15 4.5 - + + = | 1.3:money x:money 0.7:money 0.15:money 4.5:money -:money +:money +:money =:money
EXPR: 0 | POS | FRA | 27 | 6.65 | 6.35 | 1.3=(x-(0.7-(0.15-4.5))) | 1.3 x 0.7 0.15 4.5 - - - = | 1.3:money x:money 0.7:money 0.15:money 4.5:money -:money -:money -:money =:money
EXPR: 0 | POS | FRA | 27 | 6.65 | 3.75 | (((1.3-0.7)+x)+0.15)=4.5 | 1.3 0.7 - x + 0.15 + 4.5 = | 1.3:money 0.7:money -:money x:money +:money 0.15:money +:money 4.5:money =:money
EXPR: 0 | POS | FRA | 27 | 6.65 | 4.05 | 0.15=((x-(0.7+4.5))+1.3) | 0.15 x 0.7 4.5 + - 1.3 + = | 0.15:money x:money 0.7:money 4.5:money +:money -:money 1.3:money +:money =:money
EXPR: 0 | POS | FRA | 27 | 6.65 | 2.65 | 0.15=((x+(0.7-4.5))+1.3) | 0.15 x 0.7 4.5 - + 1.3 + = | 0.15:money x:money 0.7:money 4.5:money -:money +:money 1.3:money +:money =:money
EXPR: 0 | POS | FRA | 27 | 6.65 | 4.05 | 0.7=(((x-0.15)+1.3)-4.5) | 0.7 x 0.15 - 1.3 + 4.5 - = | 0.7:money x:money 0.15:money -:money 1.3:money +:money 4.5:money -:money =:money
EXPR: 0 | POS | FRA | 27 | 6.65 | 2.65 | (1.3+((x+0.7)-0.15))=4.5 | 1.3 x 0.7 + 0.15 - + 4.5 = | 1.3:money x:money 0.7:money +:money 0.15:money -:money +:money 4.5:money =:money
EXPR: 0 | POS | FRA | 27 | 6.65 | 2.65 | (0.7+((x-0.15)+1.3))=4.5 | 0.7 x 0.15 - 1.3 + + 4.5 = | 0.7:money x:money 0.15:money -:money 1.3:money +:money +:money 4.5:money =:money
EXPR: 0 | POS | FRA | 27 | 6.65 | 5.25 | 0.15=(0.7-(4.5+(1.3-x))) | 0.15 0.7 4.5 1.3 x - + - = | 0.15:money 0.7:money 4.5:money 1.3:money x:money -:money +:money -:money =:money
EXPR: 1 | POS | FRA | 27 | 6.65 | 6.65 | 0.15=((x-(0.7+4.5))-1.3) | 0.15 x 0.7 4.5 + - 1.3 - = | 0.15:money x:money 0.7:money 4.5:money +:money -:money 1.3:money -:money =:money
EXPR: 0 | POS | FRA | 27 | 6.65 | 4.95 | (0.7+((x+0.15)-1.3))=4.5 | 0.7 x 0.15 + 1.3 - + 4.5 = | 0.7:money x:money 0.15:money +:money 1.3:money -:money +:money 4.5:money =:money
EXPR: 0 | POS | FRA | 27 | 6.65 | 4.95 | ((0.15+x)+(0.7-4.5))=1.3 | 0.15 x + 0.7 4.5 - + 1.3 = | 0.15:money x:money +:money 0.7:money 4.5:money -:money +:money 1.3:money =:money
EXPR: 0 | POS | FRA | 27 | 6.65 | 3.75 | 0.15=((0.7+(4.5-x))-1.3) | 0.15 0.7 4.5 x - + 1.3 - = | 0.15:money 0.7:money 4.5:money x:money -:money +:money 1.3:money -:money =:money
EXPR: 0 | POS | FRA | 27 | 6.65 | 6.35 | ((x+0.15)-(0.7+4.5))=1.3 | x 0.15 + 0.7 4.5 + - 1.3 = | x:money 0.15:money +:money 0.7:money 4.5:money +:money -:money 1.3:money =:money
EXPR: 0 | POS | FRA | 27 | 6.65 | 5.25 | ((0.7-0.15)-(1.3-x))=4.5 | 0.7 0.15 - 1.3 x - - 4.5 = | 0.7:money 0.15:money -:money 1.3:money x:money -:money -:money 4.5:money =:money
EXPR: 0 | POS | FRA | 27 | 6.65 | 2.65 | ((0.7-0.15)+(1.3+x))=4.5 | 0.7 0.15 - 1.3 x + + 4.5 = | 0.7:money 0.15:money -:money 1.3:money x:money +:money +:money 4.5:money =:money
EXPR: 0 | POS | FRA | 27 | 6.65 | 5.25 | ((x-0.15)+(0.7-4.5))=1.3 | x 0.15 - 0.7 4.5 - + 1.3 = | x:money 0.15:money -:money 0.7:money 4.5:money -:money +:money 1.3:money =:money
EXPR: 0 | POS | FRA | 27 | 6.65 | 6.35 | (0.15-((0.7-x)+4.5))=1.3 | 0.15 0.7 x - 4.5 + - 1.3 = | 0.15:money 0.7:money x:money -:money 4.5:money +:money -:money 1.3:money =:money
EXPR: 0 | POS | FRA | 27 | 6.65 | 5.25 | 1.3=(0.7-(0.15+(4.5-x))) | 1.3 0.7 0.15 4.5 x - + - = | 1.3:money 0.7:money 0.15:money 4.5:money x:money -:money +:money -:money =:money
EXPR: 0 | POS | FRA | 27 | 6.65 | 3.75 | 0.15=(0.7-(x-(4.5-1.3))) | 0.15 0.7 x 4.5 1.3 - - - = | 0.15:money 0.7:money x:money 4.5:money 1.3:money -:money -:money -:money =:money
EXPR: 0 | POS | FRA | 27 | 6.65 | 2.35 | (0.7+((x+0.15)+1.3))=4.5 | 0.7 x 0.15 + 1.3 + + 4.5 = | 0.7:money x:money 0.15:money +:money 1.3:money +:money +:money 4.5:money =:money
EXPR: 0 | POS | FRA | 27 | 6.65 | 4.95 | 1.3=(0.7+(0.15-(4.5-x))) | 1.3 0.7 0.15 4.5 x - - + = | 1.3:money 0.7:money 0.15:money 4.5:money x:money -:money -:money +:money =:money
EXPR: 0 | POS | FRA | 27 | 6.65 | 3.75 | (1.3+((x-0.7)+0.15))=4.5 | 1.3 x 0.7 - 0.15 + + 4.5 = | 1.3:money x:money 0.7:money -:money 0.15:money +:money +:money 4.5:money =:money
EXPR: 0 | POS | FRA | 27 | 6.65 | 4.05 | (1.3+((x-0.7)-0.15))=4.5 | 1.3 x 0.7 - 0.15 - + 4.5 = | 1.3:money x:money 0.7:money -:money 0.15:money -:money +:money 4.5:money =:money
EXPR: 0 | POS | FRA | 27 | 6.65 | 3.75 | (x+((1.3-0.7)+0.15))=4.5 | x 1.3 0.7 - 0.15 + + 4.5 = | x:money 1.3:money 0.7:money -:money 0.15:money +:money +:money 4.5:money =:money
EXPR: 0 | POS | FRA | 27 | 6.65 | 3.75 | 0.7=(0.15+(x+(1.3-4.5))) | 0.7 0.15 x 1.3 4.5 - + + = | 0.7:money 0.15:money x:money 1.3:money 4.5:money -:money +:money +:money =:money
EXPR: 0 | POS | FRA | 27 | 6.65 | 4.05 | 1.3=(0.7-(x-(0.15+4.5))) | 1.3 0.7 x 0.15 4.5 + - - = | 1.3:money 0.7:money x:money 0.15:money 4.5:money +:money -:money -:money =:money
EXPR: 0 | POS | FRA | 27 | 6.65 | 5.25 | 1.3=((x+(0.7-0.15))-4.5) | 1.3 x 0.7 0.15 - + 4.5 - = | 1.3:money x:money 0.7:money 0.15:money -:money +:money 4.5:money -:money =:money
EXPR: 0 | POS | FRA | 27 | 6.65 | 4.95 | 1.3=(0.7+(x+(0.15-4.5))) | 1.3 0.7 x 0.15 4.5 - + + = | 1.3:money 0.7:money x:money 0.15:money 4.5:money -:money +:money +:money =:money
EXPR: 0 | POS | FRA | 27 | 6.65 | 4.05 | (0.15-((x-0.7)-4.5))=1.3 | 0.15 x 0.7 - 4.5 - - 1.3 = | 0.15:money x:money 0.7:money -:money 4.5:money -:money -:money 1.3:money =:money
EXPR: 0 | POS | FRA | 27 | 6.65 | 2.65 | 0.7=(0.15-(1.3-(4.5-x))) | 0.7 0.15 1.3 4.5 x - - - = | 0.7:money 0.15:money 1.3:money 4.5:money x:money -:money -:money -:money =:money
EXPR: 0 | POS | FRA | 27 | 6.65 | 3.75 | 0.15=(((0.7-x)+4.5)-1.3) | 0.15 0.7 x - 4.5 + 1.3 - = | 0.15:money 0.7:money x:money -:money 4.5:money +:money 1.3:money -:money =:money
EXPR: 0 | POS | FRA | 27 | 6.65 | 2.65 | (0.15-((x+0.7)-4.5))=1.3 | 0.15 x 0.7 + 4.5 - - 1.3 = | 0.15:money x:money 0.7:money +:money 4.5:money -:money -:money 1.3:money =:money
NET 423 unique, non-negative solutions found out of 1000 total solutions
