parameters: n=9 l=4 k=1 p=5 q=2 m=10
TOTAL 553 solutions found
SOLN: CORRECT | POS/NEG | INT/FRA | OBJ-SCORE | TRUE-ANS | ANS | INFIX | POSTFIX | TYPED-POSTFIX
EXPR: 1 | POS | FRA | 0 | 18.42 | 18.42 | (((2*2.73)+4.01)+8.95)=x | 2 2.73 * 4.01 + 8.95 + x = | 2:pack 2.73:dollar *:dollar 4.01:dollar +:dollar 8.95:dollar +:dollar x:dollar =:dollar
EXPR: 0 | POS | FRA | 0 | 18.42 | 4.53 | x=((2*(2.73+4.01))-8.95) | x 2 2.73 4.01 + * 8.95 - = | x:dollar 2:pack 2.73:dollar 4.01:dollar +:dollar *:dollar 8.95:dollar -:dollar =:dollar
EXPR: 0 | POS | FRA | 0 | 18.42 | 31.38 | x=(2*((2.73+4.01)+8.95)) | x 2 2.73 4.01 + 8.95 + * = | x:dollar 2:pack 2.73:dollar 4.01:dollar +:dollar 8.95:dollar +:dollar *:dollar =:dollar
EXPR: 0 | POS | FRA | 0 | 18.42 | 22.43 | x=((2*(2.73+4.01))+8.95) | x 2 2.73 4.01 + * 8.95 + = | x:dollar 2:pack 2.73:dollar 4.01:dollar +:dollar *:dollar 8.95:dollar +:dollar =:dollar
EXPR: 0 | POS | FRA | 0 | 18.42 | 10.4 | ((2*2.73)-(4.01-8.95))=x | 2 2.73 * 4.01 8.95 - - x = | 2:pack 2.73:dollar *:dollar 4.01:dollar 8.95:dollar -:dollar -:dollar x:dollar =:dollar
EXPR: 0 | POS | FRA | 0 | 18.42 | 9.49450549450549 | x=((2/2.73)*(4.01+8.95)) | x 2 2.73 / 4.01 8.95 + * = | x:dollar 2:pack 2.73:dollar /:pack 4.01:dollar 8.95:dollar +:dollar *:dollar =:dollar
EXPR: 0 | POS | FRA | 0 | 18.42 | 70.7616 | x=((2*2.73)*(4.01+8.95)) | x 2 2.73 * 4.01 8.95 + * = | x:dollar 2:pack 2.73:dollar *:pack 4.01:dollar 8.95:dollar +:dollar *:dollar =:dollar
EXPR: 0 | POS | FRA | 0 | 18.42 | 0.52 | (((2*2.73)+4.01)-8.95)=x | 2 2.73 * 4.01 + 8.95 - x = | 2:pack 2.73:dollar *:dollar 4.01:dollar +:dollar 8.95:dollar -:dollar x:dollar =:dollar
EXPR: 1 | POS | FRA | 0 | 18.42 | 18.42 | ((2*2.73)+(4.01+8.95))=x | 2 2.73 * 4.01 8.95 + + x = | 2:pack 2.73:dollar *:dollar 4.01:dollar 8.95:dollar +:dollar +:dollar x:dollar =:dollar
EXPR: 0 | POS | FRA | 0 | 18.42 | 6.39 | x=((2*(2.73-4.01))+8.95) | x 2 2.73 4.01 - * 8.95 + = | x:dollar 2:pack 2.73:dollar 4.01:dollar -:dollar *:dollar 8.95:dollar +:dollar =:dollar
EXPR: 0 | POS | FRA | 0 | 18.42 | 0.52 | ((2*2.73)+(4.01-8.95))=x | 2 2.73 * 4.01 8.95 - + x = | 2:pack 2.73:dollar *:dollar 4.01:dollar 8.95:dollar -:dollar +:dollar x:dollar =:dollar
EXPR: 0 | POS | FRA | 0 | 18.42 | 0.52 | x=(((2*2.73)+4.01)-8.95) | x 2 2.73 * 4.01 + 8.95 - = | x:dollar 2:pack 2.73:dollar *:dollar 4.01:dollar +:dollar 8.95:dollar -:dollar =:dollar
EXPR: 0 | POS | FRA | 0 | 18.42 | 10.4 | x=(((2*2.73)-4.01)+8.95) | x 2 2.73 * 4.01 - 8.95 + = | x:dollar 2:pack 2.73:dollar *:dollar 4.01:dollar -:dollar 8.95:dollar +:dollar =:dollar
EXPR: 1 | POS | FRA | 0 | 18.42 | 18.42 | x=((2*2.73)+(4.01+8.95)) | x 2 2.73 * 4.01 8.95 + + = | x:dollar 2:pack 2.73:dollar *:dollar 4.01:dollar 8.95:dollar +:dollar +:dollar =:dollar
EXPR: 1 | POS | FRA | 0 | 18.42 | 18.42 | x=(((2*2.73)+4.01)+8.95) | x 2 2.73 * 4.01 + 8.95 + = | x:dollar 2:pack 2.73:dollar *:dollar 4.01:dollar +:dollar 8.95:dollar +:dollar =:dollar
EXPR: 0 | POS | FRA | 0 | 18.42 | 70.7616 | ((2*2.73)*(4.01+8.95))=x | 2 2.73 * 4.01 8.95 + * x = | 2:pack 2.73:dollar *:pack 4.01:dollar 8.95:dollar +:dollar *:dollar x:dollar =:dollar
EXPR: 0 | POS | FRA | 0 | 18.42 | 15.34 | x=(2*((2.73-4.01)+8.95)) | x 2 2.73 4.01 - 8.95 + * = | x:dollar 2:pack 2.73:dollar 4.01:dollar -:dollar 8.95:dollar +:dollar *:dollar =:dollar
EXPR: 0 | POS | FRA | 0 | 18.42 | 6.39 | ((2*(2.73-4.01))+8.95)=x | 2 2.73 4.01 - * 8.95 + x = | 2:pack 2.73:dollar 4.01:dollar -:dollar *:dollar 8.95:dollar +:dollar x:dollar =:dollar
EXPR: 0 | POS | FRA | 0 | 18.42 | 15.34 | (2*((2.73-4.01)+8.95))=x | 2 2.73 4.01 - 8.95 + * x = | 2:pack 2.73:dollar 4.01:dollar -:dollar 8.95:dollar +:dollar *:dollar x:dollar =:dollar
EXPR: 0 | POS | FRA | 0 | 18.42 | 15.34 | (2*(2.73-(4.01-8.95)))=x | 2 2.73 4.01 8.95 - - * x = | 2:pack 2.73:dollar 4.01:dollar 8.95:dollar -:dollar -:dollar *:dollar x:dollar =:dollar
EXPR: 0 | POS | FRA | 0 | 18.42 | 0.52 | x=((2*2.73)+(4.01-8.95)) | x 2 2.73 * 4.01 8.95 - + = | x:dollar 2:pack 2.73:dollar *:dollar 4.01:dollar 8.95:dollar -:dollar +:dollar =:dollar
EXPR: 0 | POS | FRA | 0 | 18.42 | 31.38 | (2*(2.73+(4.01+8.95)))=x | 2 2.73 4.01 8.95 + + * x = | 2:pack 2.73:dollar 4.01:dollar 8.95:dollar +:dollar +:dollar *:dollar x:dollar =:dollar
EXPR: 0 | POS | FRA | 0 | 18.42 | 31.38 | (2*((2.73+4.01)+8.95))=x | 2 2.73 4.01 + 8.95 + * x = | 2:pack 2.73:dollar 4.01:dollar +:dollar 8.95:dollar +:dollar *:dollar x:dollar =:dollar
EXPR: 0 | POS | FRA | 0 | 18.42 | 4.53 | ((2*(2.73+4.01))-8.95)=x | 2 2.73 4.01 + * 8.95 - x = | 2:pack 2.73:dollar 4.01:dollar +:dollar *:dollar 8.95:dollar -:dollar x:dollar =:dollar
EXPR: 0 | POS | FRA | 0 | 18.42 | 22.43 | ((2*(2.73+4.01))+8.95)=x | 2 2.73 4.01 + * 8.95 + x = | 2:pack 2.73:dollar 4.01:dollar +:dollar *:dollar 8.95:dollar +:dollar x:dollar =:dollar
EXPR: 0 | POS | FRA | 0 | 18.42 | 9.49450549450549 | ((2/2.73)*(4.01+8.95))=x | 2 2.73 / 4.01 8.95 + * x = | 2:pack 2.73:dollar /:pack 4.01:dollar 8.95:dollar +:dollar *:dollar x:dollar =:dollar
EXPR: 0 | POS | FRA | 0 | 18.42 | 31.38 | x=(2*(2.73+(4.01+8.95))) | x 2 2.73 4.01 8.95 + + * = | x:dollar 2:pack 2.73:dollar 4.01:dollar 8.95:dollar +:dollar +:dollar *:dollar =:dollar
EXPR: 0 | POS | FRA | 0 | 18.42 | 15.34 | x=(2*(2.73-(4.01-8.95))) | x 2 2.73 4.01 8.95 - - * = | x:dollar 2:pack 2.73:dollar 4.01:dollar 8.95:dollar -:dollar -:dollar *:dollar =:dollar
EXPR: 0 | POS | FRA | 2 | 18.42 | 2.37080586080586 | ((2*2.73)*(4.01-x))=8.95 | 2 2.73 * 4.01 x - * 8.95 = | 2:pack 2.73:dollar *:pack 4.01:dollar x:dollar -:dollar *:dollar 8.95:dollar =:dollar
EXPR: 0 | POS | FRA | 2 | 18.42 | 0.52 | ((2*2.73)+(4.01-x))=8.95 | 2 2.73 * 4.01 x - + 8.95 = | 2:pack 2.73:dollar *:dollar 4.01:dollar x:dollar -:dollar +:dollar 8.95:dollar =:dollar
EXPR: 0 | POS | FRA | 2 | 18.42 | 5.755 | (2*(2.73-(4.01-x)))=8.95 | 2 2.73 4.01 x - - * 8.95 = | 2:pack 2.73:dollar 4.01:dollar x:dollar -:dollar -:dollar *:dollar 8.95:dollar =:dollar
EXPR: 0 | POS | FRA | 2 | 18.42 | 2.265 | (2*(2.73+(4.01-x)))=8.95 | 2 2.73 4.01 x - + * 8.95 = | 2:pack 2.73:dollar 4.01:dollar x:dollar -:dollar +:dollar *:dollar 8.95:dollar =:dollar
EXPR: 0 | POS | FRA | 2 | 18.42 | 8.20674999999999 | ((2/2.73)*(4.01+x))=8.95 | 2 2.73 / 4.01 x + * 8.95 = | 2:pack 2.73:dollar /:pack 4.01:dollar x:dollar +:dollar *:dollar 8.95:dollar =:dollar
EXPR: 0 | POS | FRA | 10 | 18.42 | 11.8068578553616 | ((2-(2.73/4.01))*8.95)=x | 2 2.73 4.01 / - 8.95 * x = | 2:pack 2.73:pack 4.01:dollar /:pack -:pack 8.95:dollar *:dollar x:dollar =:dollar
EXPR: 0 | POS | FRA | 10 | 18.42 | 23.9931421446384 | ((2+(2.73/4.01))*8.95)=x | 2 2.73 4.01 / + 8.95 * x = | 2:pack 2.73:pack 4.01:dollar /:pack +:pack 8.95:dollar *:dollar x:dollar =:dollar
EXPR: 0 | POS | FRA | 10 | 18.42 | 10.0173 | (((2+2.73)*4.01)-8.95)=x | 2 2.73 + 4.01 * 8.95 - x = | 2:pack 2.73:pack +:pack 4.01:dollar *:dollar 8.95:dollar -:dollar x:dollar =:dollar
EXPR: 0 | POS | FRA | 10 | 18.42 | 6.0227 | (((2-2.73)*4.01)+8.95)=x | 2 2.73 - 4.01 * 8.95 + x = | 2:pack 2.73:pack -:pack 4.01:dollar *:dollar 8.95:dollar +:dollar x:dollar =:dollar
EXPR: 0 | POS | FRA | 10 | 18.42 | 10.4 | ((2*2.73)+(8.95-4.01))=x | 2 2.73 * 8.95 4.01 - + x = | 2:pack 2.73:dollar *:dollar 8.95:dollar 4.01:dollar -:dollar +:dollar x:dollar =:dollar
EXPR: 0 | POS | FRA | 10 | 18.42 | 27.9173 | (((2+2.73)*4.01)+8.95)=x | 2 2.73 + 4.01 * 8.95 + x = | 2:pack 2.73:pack +:pack 4.01:dollar *:dollar 8.95:dollar +:dollar x:dollar =:dollar
EXPR: 0 | POS | FRA | 10 | 18.42 | 12.23 | x=(((2-2.73)+4.01)+8.95) | x 2 2.73 - 4.01 + 8.95 + = | x:dollar 2:dollar 2.73:dollar -:dollar 4.01:dollar +:dollar 8.95:dollar +:dollar =:dollar
EXPR: 0 | POS | FRA | 10 | 18.42 | 5.90804469273743 | ((2*2.73)+(4.01/8.95))=x | 2 2.73 * 4.01 8.95 / + x = | 2:pack 2.73:dollar *:dollar 4.01:dollar 8.95:pack /:dollar +:dollar x:dollar =:dollar
EXPR: 0 | POS | FRA | 10 | 18.42 | 5.01195530726257 | ((2*2.73)-(4.01/8.95))=x | 2 2.73 * 4.01 8.95 / - x = | 2:pack 2.73:dollar *:dollar 4.01:dollar 8.95:pack /:dollar -:dollar x:dollar =:dollar
EXPR: 0 | POS | FRA | 10 | 18.42 | 41.3495 | ((2*2.73)+(4.01*8.95))=x | 2 2.73 * 4.01 8.95 * + x = | 2:pack 2.73:dollar *:dollar 4.01:dollar 8.95:pack *:dollar +:dollar x:dollar =:dollar
EXPR: 0 | POS | FRA | 10 | 18.42 | 26.9724 | ((2*2.73)*(8.95-4.01))=x | 2 2.73 * 8.95 4.01 - * x = | 2:pack 2.73:dollar *:pack 8.95:dollar 4.01:dollar -:dollar *:dollar x:dollar =:dollar
EXPR: 0 | POS | FRA | 10 | 18.42 | 4.21 | x=(((2-2.73)-4.01)+8.95) | x 2 2.73 - 4.01 - 8.95 + = | x:dollar 2:dollar 2.73:dollar -:dollar 4.01:dollar -:dollar 8.95:dollar +:dollar =:dollar
EXPR: 0 | POS | FRA | 10 | 18.42 | 3.9946 | (2*((2.73*4.01)-8.95))=x | 2 2.73 4.01 * 8.95 - * x = | 2:pack 2.73:pack 4.01:dollar *:dollar 8.95:dollar -:dollar *:dollar x:dollar =:dollar
EXPR: 0 | POS | FRA | 10 | 18.42 | 39.7946 | (2*((2.73*4.01)+8.95))=x | 2 2.73 4.01 * 8.95 + * x = | 2:pack 2.73:pack 4.01:dollar *:dollar 8.95:dollar +:dollar *:dollar x:dollar =:dollar
EXPR: 0 | POS | FRA | 10 | 18.42 | 12.23 | x=((2-2.73)+(4.01+8.95)) | x 2 2.73 - 4.01 8.95 + + = | x:dollar 2:dollar 2.73:dollar -:dollar 4.01:dollar 8.95:dollar +:dollar +:dollar =:dollar
EXPR: 0 | POS | FRA | 10 | 18.42 | 1.8 | ((2*4.01)+(2.73-8.95))=x | 2 4.01 * 2.73 8.95 - + x = | 2:pack 4.01:dollar *:dollar 2.73:dollar 8.95:dollar -:dollar +:dollar x:dollar =:dollar
EXPR: 0 | POS | FRA | 12 | 18.42 | 9.68443223443223 | ((2*2.73)*(x-8.95))=4.01 | 2 2.73 * x 8.95 - * 4.01 = | 2:pack 2.73:dollar *:pack x:dollar 8.95:dollar -:dollar *:dollar 4.01:dollar =:dollar
EXPR: 0 | POS | FRA | 12 | 18.42 | 0.870324189526185 | ((2*2.73)+(4.01*x))=8.95 | 2 2.73 * 4.01 x * + 8.95 = | 2:pack 2.73:dollar *:dollar 4.01:dollar x:pack *:dollar +:dollar 8.95:dollar =:dollar
EXPR: 0 | POS | FRA | 12 | 18.42 | 10.4 | ((2*2.73)+(8.95-x))=4.01 | 2 2.73 * 8.95 x - + 4.01 = | 2:pack 2.73:dollar *:dollar 8.95:dollar x:dollar -:dollar +:dollar 4.01:dollar =:dollar
EXPR: 0 | POS | FRA | 12 | 18.42 | 15.21475 | ((2/4.01)*(2.73+x))=8.95 | 2 4.01 / 2.73 x + * 8.95 = | 2:pack 4.01:dollar /:pack 2.73:dollar x:dollar +:dollar *:dollar 8.95:dollar =:dollar
EXPR: 0 | POS | FRA | 12 | 18.42 | 0.26 | ((2*(x-2.73))+8.95)=4.01 | 2 x 2.73 - * 8.95 + 4.01 = | 2:pack x:dollar 2.73:dollar -:dollar *:dollar 8.95:dollar +:dollar 4.01:dollar =:dollar
EXPR: 0 | POS | FRA | 12 | 18.42 | 0.945089757127772 | (((2*2.73)+4.01)*x)=8.95 | 2 2.73 * 4.01 + x * 8.95 = | 2:pack 2.73:dollar *:dollar 4.01:dollar +:dollar x:pack *:dollar 8.95:dollar =:dollar
EXPR: 0 | POS | FRA | 12 | 18.42 | 1.05810055865922 | (((2*2.73)+4.01)/x)=8.95 | 2 2.73 * 4.01 + x / 8.95 = | 2:pack 2.73:dollar *:dollar 4.01:dollar +:dollar x:pack /:dollar 8.95:dollar =:dollar
EXPR: 0 | POS | FRA | 20 | 18.42 | 12.23 | (((2-2.73)+8.95)+4.01)=x | 2 2.73 - 8.95 + 4.01 + x = | 2:dollar 2.73:dollar -:dollar 8.95:dollar +:dollar 4.01:dollar +:dollar x:dollar =:dollar
EXPR: 0 | POS | FRA | 20 | 18.42 | 40.6195 | x=((2+2.73)+(4.01*8.95)) | x 2 2.73 + 4.01 8.95 * + = | x:dollar 2:dollar 2.73:dollar +:dollar 4.01:dollar 8.95:pack *:dollar +:dollar =:dollar
EXPR: 0 | POS | FRA | 20 | 18.42 | 12.5022 | x=((2-4.01)*(2.73-8.95)) | x 2 4.01 - 2.73 8.95 - * = | x:dollar 2:pack 4.01:pack -:pack 2.73:dollar 8.95:dollar -:dollar *:dollar =:dollar
EXPR: 0 | POS | FRA | 20 | 18.42 | 11.8773 | x=(((2.73-2)*4.01)+8.95) | x 2.73 2 - 4.01 * 8.95 + = | x:dollar 2.73:pack 2:pack -:pack 4.01:dollar *:dollar 8.95:dollar +:dollar =:dollar
EXPR: 0 | POS | FRA | 20 | 18.42 | 6.0227 | x=(((2-2.73)*4.01)+8.95) | x 2 2.73 - 4.01 * 8.95 + = | x:dollar 2:dollar 2.73:dollar -:dollar 4.01:pack *:dollar 8.95:dollar +:dollar =:dollar
EXPR: 0 | POS | FRA | 20 | 18.42 | 13.69 | x=(((2.73-2)+4.01)+8.95) | x 2.73 2 - 4.01 + 8.95 + = | x:dollar 2.73:dollar 2:dollar -:dollar 4.01:dollar +:dollar 8.95:dollar +:dollar =:dollar
EXPR: 0 | POS | FRA | 20 | 18.42 | 13.69 | x=((2.73-2)+(4.01+8.95)) | x 2.73 2 - 4.01 8.95 + + = | x:dollar 2.73:dollar 2:dollar -:dollar 4.01:dollar 8.95:dollar +:dollar +:dollar =:dollar
EXPR: 0 | POS | FRA | 20 | 18.42 | 46.3281 | x=(2.73*((2*4.01)+8.95)) | x 2.73 2 4.01 * 8.95 + * = | x:dollar 2.73:pack 2:pack 4.01:dollar *:dollar 8.95:dollar +:dollar *:dollar =:dollar
EXPR: 0 | POS | FRA | 20 | 18.42 | 40.847 | (2*((2.73*8.95)-4.01))=x | 2 2.73 8.95 * 4.01 - * x = | 2:pack 2.73:pack 8.95:dollar *:dollar 4.01:dollar -:dollar *:dollar x:dollar =:dollar
EXPR: 0 | POS | FRA | 20 | 18.42 | 56.887 | (2*((2.73*8.95)+4.01))=x | 2 2.73 8.95 * 4.01 + * x = | 2:pack 2.73:pack 8.95:dollar *:dollar 4.01:dollar +:dollar *:dollar x:dollar =:dollar
EXPR: 0 | POS | FRA | 20 | 18.42 | 57.7841 | x=(((2*2.73)+8.95)*4.01) | x 2 2.73 * 8.95 + 4.01 * = | x:dollar 2:pack 2.73:dollar *:pack 8.95:pack +:pack 4.01:dollar *:dollar =:dollar
EXPR: 0 | POS | FRA | 20 | 18.42 | 38.8272289377289 | x=(((2/2.73)+8.95)*4.01) | x 2 2.73 / 8.95 + 4.01 * = | x:dollar 2:pack 2.73:dollar /:pack 8.95:pack +:pack 4.01:dollar *:dollar =:dollar
EXPR: 0 | POS | FRA | 22 | 18.42 | 0.148299743441444 | 2=((x*2.73)*(8.95-4.01)) | 2 x 2.73 * 8.95 4.01 - * = | 2:pack x:dollar 2.73:pack *:pack 8.95:dollar 4.01:dollar -:dollar *:pack =:pack
EXPR: 0 | POS | FRA | 22 | 18.42 | 9.67 | (((2-x)+2.73)+8.95)=4.01 | 2 x - 2.73 + 8.95 + 4.01 = | 2:dollar x:dollar -:dollar 2.73:dollar +:dollar 8.95:dollar +:dollar 4.01:dollar =:dollar
EXPR: 0 | POS | FRA | 22 | 18.42 | 6.0227 | (((2.73-2)*4.01)+x)=8.95 | 2.73 2 - 4.01 * x + 8.95 = | 2.73:pack 2:pack -:pack 4.01:dollar *:dollar x:dollar +:dollar 8.95:dollar =:dollar
EXPR: 0 | POS | FRA | 22 | 18.42 | 4.01121008572418 | ((2.73-(2/4.01))*x)=8.95 | 2.73 2 4.01 / - x * 8.95 = | 2.73:pack 2:pack 4.01:dollar /:pack -:pack x:dollar *:dollar 8.95:dollar =:dollar
EXPR: 0 | POS | FRA | 22 | 18.42 | 0.832558139534884 | ((2.73+(2*4.01))*x)=8.95 | 2.73 2 4.01 * + x * 8.95 = | 2.73:pack 2:pack 4.01:dollar *:pack +:pack x:dollar *:dollar 8.95:dollar =:dollar
EXPR: 0 | POS | FRA | 25 | 18.42 | 49.8844 | x=((2*4.01)*(8.95-2.73)) | x 2 4.01 * 8.95 2.73 - * = | x:dollar 2:pack 4.01:dollar *:pack 8.95:dollar 2.73:dollar -:dollar *:dollar =:dollar
EXPR: 0 | POS | FRA | 25 | 18.42 | 3.10224438902743 | x=((2/4.01)*(8.95-2.73)) | x 2 4.01 / 8.95 2.73 - * = | x:dollar 2:pack 4.01:dollar /:pack 8.95:dollar 2.73:dollar -:dollar *:dollar =:dollar
EXPR: 0 | POS | FRA | 25 | 18.42 | 14.24 | ((2*4.01)+(8.95-2.73))=x | 2 4.01 * 8.95 2.73 - + x = | 2:pack 4.01:dollar *:dollar 8.95:dollar 2.73:dollar -:dollar +:dollar x:dollar =:dollar
EXPR: 0 | POS | FRA | 25 | 18.42 | 20.46 | x=(2*(4.01+(8.95-2.73))) | x 2 4.01 8.95 2.73 - + * = | x:dollar 2:pack 4.01:dollar 8.95:dollar 2.73:dollar -:dollar +:dollar *:dollar =:dollar
EXPR: 0 | POS | FRA | 25 | 18.42 | 1.50614525139665 | x=((2/8.95)*(2.73+4.01)) | x 2 8.95 / 2.73 4.01 + * = | x:dollar 2:pack 8.95:dollar /:pack 2.73:dollar 4.01:dollar +:dollar *:dollar =:dollar
EXPR: 0 | POS | FRA | 27 | 18.42 | 16.62 | (((2*8.95)+2.73)-x)=4.01 | 2 8.95 * 2.73 + x - 4.01 = | 2:pack 8.95:dollar *:dollar 2.73:dollar +:dollar x:dollar -:dollar 4.01:dollar =:dollar
EXPR: 1 | POS | FRA | 30 | 18.42 | 18.42 | (((2*2.73)+8.95)+4.01)=x | 2 2.73 * 8.95 + 4.01 + x = | 2:dollar 2.73:pack *:dollar 8.95:dollar +:dollar 4.01:dollar +:dollar x:dollar =:dollar
EXPR: 0 | POS | FRA | 30 | 18.42 | 9.24673590504451 | x=((2/(2.73+4.01))+8.95) | x 2 2.73 4.01 + / 8.95 + = | x:dollar 2:dollar 2.73:pack 4.01:pack +:pack /:dollar 8.95:dollar +:dollar =:dollar
EXPR: 0 | POS | FRA | 30 | 18.42 | 17.6904 | x=((2.73/2)*(4.01+8.95)) | x 2.73 2 / 4.01 8.95 + * = | x:dollar 2.73:pack 2:dollar /:pack 4.01:dollar 8.95:dollar +:dollar *:dollar =:dollar
EXPR: 0 | POS | FRA | 30 | 18.42 | 10.5435 | x=(((2.73-2)*8.95)+4.01) | x 2.73 2 - 8.95 * 4.01 + = | x:dollar 2.73:pack 2:pack -:pack 8.95:dollar *:dollar 4.01:dollar +:dollar =:dollar
EXPR: 0 | POS | FRA | 30 | 18.42 | 36.6195 | x=((2.73-2)+(4.01*8.95)) | x 2.73 2 - 4.01 8.95 * + = | x:dollar 2.73:dollar 2:dollar -:dollar 4.01:dollar 8.95:pack *:dollar +:dollar =:dollar
EXPR: 0 | POS | FRA | 30 | 18.42 | 3.4627 | x=((2.73*(2-4.01))+8.95) | x 2.73 2 4.01 - * 8.95 + = | x:dollar 2.73:pack 2:dollar 4.01:dollar -:dollar *:dollar 8.95:dollar +:dollar =:dollar
EXPR: 0 | POS | FRA | 30 | 18.42 | 2.14301675977654 | x=(2+((4.01-2.73)/8.95)) | x 2 4.01 2.73 - 8.95 / + = | x:dollar 2:dollar 4.01:dollar 2.73:dollar -:dollar 8.95:pack /:dollar +:dollar =:dollar
EXPR: 0 | POS | FRA | 30 | 18.42 | 18.9462 | x=(2.73*((2-4.01)+8.95)) | x 2.73 2 4.01 - 8.95 + * = | x:dollar 2.73:pack 2:dollar 4.01:dollar -:dollar 8.95:dollar +:dollar *:dollar =:dollar
EXPR: 0 | POS | FRA | 30 | 18.42 | 40.8408 | (2.73*(2+(4.01+8.95)))=x | 2.73 2 4.01 8.95 + + * x = | 2.73:pack 2:dollar 4.01:dollar 8.95:dollar +:dollar +:dollar *:dollar x:dollar =:dollar
EXPR: 0 | POS | FRA | 30 | 18.42 | 32.9622 | x=(((2-2.73)+8.95)*4.01) | x 2 2.73 - 8.95 + 4.01 * = | x:dollar 2:pack 2.73:pack -:pack 8.95:pack +:pack 4.01:dollar *:dollar =:dollar
EXPR: 0 | POS | FRA | 32 | 18.42 | 0.147773279352227 | 2.73=(2-(x*(4.01-8.95))) | 2.73 2 x 4.01 8.95 - * - = | 2.73:dollar 2:dollar x:pack 4.01:dollar 8.95:dollar -:dollar *:dollar -:dollar =:dollar
EXPR: 0 | POS | FRA | 32 | 18.42 | 0.487834549878346 | (x*((2-2.73)+8.95))=4.01 | x 2 2.73 - 8.95 + * 4.01 = | x:pack 2:dollar 2.73:dollar -:dollar 8.95:dollar +:dollar *:dollar 4.01:dollar =:dollar
EXPR: 0 | POS | FRA | 32 | 18.42 | 2.72865853658537 | 2.73=((2+4.01)-(8.95/x)) | 2.73 2 4.01 + 8.95 x / - = | 2.73:dollar 2:dollar 4.01:dollar +:dollar 8.95:dollar x:pack /:dollar -:dollar =:dollar
EXPR: 0 | POS | FRA | 32 | 18.42 | 2.54677655677656 | ((2.73/2)*(4.01+x))=8.95 | 2.73 2 / 4.01 x + * 8.95 = | 2.73:pack 2:dollar /:pack 4.01:dollar x:dollar +:dollar *:dollar 8.95:dollar =:dollar
EXPR: 0 | POS | FRA | 32 | 18.42 | 10.5667765567766 | ((2.73/2)*(x-4.01))=8.95 | 2.73 2 / x 4.01 - * 8.95 = | 2.73:pack 2:dollar /:pack x:dollar 4.01:dollar -:dollar *:dollar 8.95:dollar =:dollar
EXPR: 0 | POS | FRA | 32 | 18.42 | 2.54677655677656 | ((2.73/2)*(x+4.01))=8.95 | 2.73 2 / x 4.01 + * 8.95 = | 2.73:pack 2:dollar /:pack x:dollar 4.01:dollar +:dollar *:dollar 8.95:dollar =:dollar
EXPR: 0 | POS | FRA | 35 | 18.42 | 19.18 | x=((4.01-2.73)+(2*8.95)) | x 4.01 2.73 - 2 8.95 * + = | x:dollar 4.01:dollar 2.73:dollar -:dollar 2:pack 8.95:dollar *:dollar +:dollar =:dollar
EXPR: 0 | POS | FRA | 35 | 18.42 | 4.21 | x=(((2-4.01)+8.95)-2.73) | x 2 4.01 - 8.95 + 2.73 - = | x:dollar 2:dollar 4.01:dollar -:dollar 8.95:dollar +:dollar 2.73:dollar -:dollar =:dollar
EXPR: 0 | POS | FRA | 35 | 18.42 | 77.239 | x=(2*((4.01*8.95)+2.73)) | x 2 4.01 8.95 * 2.73 + * = | x:dollar 2:pack 4.01:pack 8.95:dollar *:dollar 2.73:dollar +:dollar *:dollar =:dollar
EXPR: 0 | POS | FRA | 35 | 18.42 | 66.319 | x=(2*((4.01*8.95)-2.73)) | x 2 4.01 8.95 * 2.73 - * = | x:dollar 2:pack 4.01:pack 8.95:dollar *:dollar 2.73:dollar -:dollar *:dollar =:dollar
EXPR: 0 | POS | FRA | 35 | 18.42 | 66.319 | (2*((4.01*8.95)-2.73))=x | 2 4.01 8.95 * 2.73 - * x = | 2:pack 4.01:pack 8.95:dollar *:dollar 2.73:dollar -:dollar *:dollar x:dollar =:dollar
EXPR: 0 | POS | FRA | 35 | 18.42 | 77.239 | (2*((4.01*8.95)+2.73))=x | 2 4.01 8.95 * 2.73 + * x = | 2:pack 4.01:pack 8.95:dollar *:dollar 2.73:dollar +:dollar *:dollar x:dollar =:dollar
EXPR: 0 | POS | FRA | 35 | 18.42 | 17.69 | x=((2+8.95)+(2.73+4.01)) | x 2 8.95 + 2.73 4.01 + + = | x:dollar 2:dollar 8.95:dollar +:dollar 2.73:dollar 4.01:dollar +:dollar +:dollar =:dollar
EXPR: 0 | POS | FRA | 37 | 18.42 | 0.568481797532077 | 4.01=((2-(x*2.73))*8.95) | 4.01 2 x 2.73 * - 8.95 * = | 4.01:dollar 2:pack x:dollar 2.73:pack *:pack -:pack 8.95:dollar *:dollar =:dollar
EXPR: 0 | POS | FRA | 37 | 18.42 | 12.5022 | ((x/(2-4.01))+8.95)=2.73 | x 2 4.01 - / 8.95 + 2.73 = | x:dollar 2:pack 4.01:pack -:pack /:dollar 8.95:dollar +:dollar 2.73:dollar =:dollar
EXPR: 0 | POS | FRA | 37 | 18.42 | 0.448877805486284 | (((x-2)*4.01)+8.95)=2.73 | x 2 - 4.01 * 8.95 + 2.73 = | x:pack 2:pack -:pack 4.01:dollar *:dollar 8.95:dollar +:dollar 2.73:dollar =:dollar
EXPR: 0 | POS | FRA | 37 | 18.42 | 2.3637899543379 | ((2+8.95)*(2.73-x))=4.01 | 2 8.95 + 2.73 x - * 4.01 = | 2:pack 8.95:pack +:pack 2.73:dollar x:dollar -:dollar *:dollar 4.01:dollar =:dollar
EXPR: 0 | POS | FRA | 40 | 18.42 | 18.9462 | x=(2.73*(2+(8.95-4.01))) | x 2.73 2 8.95 4.01 - + * = | x:dollar 2.73:pack 2:dollar 8.95:dollar 4.01:dollar -:dollar +:dollar *:dollar =:dollar
EXPR: 0 | POS | FRA | 40 | 18.42 | 6.7431 | ((2.73/2)*(8.95-4.01))=x | 2.73 2 / 8.95 4.01 - * x = | 2.73:pack 2:dollar /:pack 8.95:dollar 4.01:dollar -:dollar *:dollar x:dollar =:dollar
EXPR: 0 | POS | FRA | 40 | 18.42 | 38.8168 | x=(((2.73-2)+8.95)*4.01) | x 2.73 2 - 8.95 + 4.01 * = | x:dollar 2.73:pack 2:pack -:pack 8.95:pack +:pack 4.01:dollar *:dollar =:dollar
EXPR: 0 | POS | FRA | 42 | 18.42 | 0.360754538235417 | ((2/4.01)+2.73)=(x*8.95) | 2 4.01 / 2.73 + x 8.95 * = | 2:pack 4.01:dollar /:pack 2.73:pack +:pack x:dollar 8.95:pack *:pack =:pack
EXPR: 0 | POS | FRA | 42 | 18.42 | 26.4435 | (x+2)=(4.01+(2.73*8.95)) | x 2 + 4.01 2.73 8.95 * + = | x:dollar 2:dollar +:dollar 4.01:dollar 2.73:dollar 8.95:pack *:dollar +:dollar =:dollar
EXPR: 0 | POS | FRA | 42 | 18.42 | 2.96192019950125 | (x+(2-2.73))=(8.95/4.01) | x 2 2.73 - + 8.95 4.01 / = | x:dollar 2:dollar 2.73:dollar -:dollar +:dollar 8.95:dollar 4.01:pack /:dollar =:dollar
EXPR: 0 | POS | FRA | 42 | 18.42 | 0.414256198347107 | (x*((2.73-2)+8.95))=4.01 | x 2.73 2 - 8.95 + * 4.01 = | x:pack 2.73:dollar 2:dollar -:dollar 8.95:dollar +:dollar *:dollar 4.01:dollar =:dollar
EXPR: 0 | POS | FRA | 42 | 18.42 | 4.74161172161172 | (2.73*((2*4.01)-x))=8.95 | 2.73 2 4.01 * x - * 8.95 = | 2.73:pack 2:dollar 4.01:pack *:dollar x:dollar -:dollar *:dollar 8.95:dollar =:dollar
EXPR: 0 | POS | FRA | 42 | 18.42 | 0.414256198347107 | (x*(2.73-(2-8.95)))=4.01 | x 2.73 2 8.95 - - * 4.01 = | x:pack 2.73:dollar 2:dollar 8.95:dollar -:dollar -:dollar *:dollar 4.01:dollar =:dollar
EXPR: 0 | POS | FRA | 42 | 18.42 | 0.19047619047619 | ((2.73*(x-2))+8.95)=4.01 | 2.73 x 2 - * 8.95 + 4.01 = | 2.73:pack x:dollar 2:dollar -:dollar *:dollar 8.95:dollar +:dollar 4.01:dollar =:dollar
EXPR: 0 | POS | FRA | 42 | 18.42 | 0.249301327686371 | 2=((2.73-(x*8.95))*4.01) | 2 2.73 x 8.95 * - 4.01 * = | 2:dollar 2.73:pack x:dollar 8.95:pack *:pack -:pack 4.01:dollar *:dollar =:dollar
EXPR: 0 | POS | FRA | 45 | 18.42 | 120.646 | x=((2*8.95)*(2.73+4.01)) | x 2 8.95 * 2.73 4.01 + * = | x:dollar 2:dollar 8.95:pack *:pack 2.73:dollar 4.01:dollar +:dollar *:dollar =:dollar
EXPR: 0 | POS | FRA | 45 | 18.42 | 3.9973 | x=((2-8.95)+(2.73*4.01)) | x 2 8.95 - 2.73 4.01 * + = | x:dollar 2:dollar 8.95:dollar -:dollar 2.73:pack 4.01:dollar *:dollar +:dollar =:dollar
EXPR: 0 | POS | FRA | 45 | 18.42 | 37.3808 | x=(2+((4.01+8.95)*2.73)) | x 2 4.01 8.95 + 2.73 * + = | x:dollar 2:dollar 4.01:dollar 8.95:dollar +:dollar 2.73:pack *:dollar +:dollar =:dollar
EXPR: 0 | POS | FRA | 45 | 18.42 | 2.73161172161172 | x=(2-((8.95/2.73)-4.01)) | x 2 8.95 2.73 / 4.01 - - = | x:dollar 2:dollar 8.95:dollar 2.73:pack /:dollar 4.01:dollar -:dollar -:dollar =:dollar
EXPR: 0 | POS | FRA | 47 | 18.42 | 2.7399577167019 | 4.01=((x*(2+2.73))-8.95) | 4.01 x 2 2.73 + * 8.95 - = | 4.01:dollar x:pack 2:dollar 2.73:dollar +:dollar *:dollar 8.95:dollar -:dollar =:dollar
EXPR: 0 | POS | FRA | 47 | 18.42 | 2.265 | 8.95=(2*(2.73+(4.01-x))) | 8.95 2 2.73 4.01 x - + * = | 8.95:dollar 2:pack 2.73:dollar 4.01:dollar x:dollar -:dollar +:dollar *:dollar =:dollar
EXPR: 0 | POS | FRA | 47 | 18.42 | 10.4 | (4.01+(x-(2*2.73)))=8.95 | 4.01 x 2 2.73 * - + 8.95 = | 4.01:dollar x:dollar 2:dollar 2.73:pack *:dollar -:dollar +:dollar 8.95:dollar =:dollar
EXPR: 0 | POS | FRA | 47 | 18.42 | 0.52 | ((x+8.95)-(2*2.73))=4.01 | x 8.95 + 2 2.73 * - 4.01 = | x:dollar 8.95:dollar +:dollar 2:pack 2.73:dollar *:dollar -:dollar 4.01:dollar =:dollar
EXPR: 0 | POS | FRA | 47 | 18.42 | 13.69 | (x+2)=(8.95+(2.73+4.01)) | x 2 + 8.95 2.73 4.01 + + = | x:dollar 2:dollar +:dollar 8.95:dollar 2.73:dollar 4.01:dollar +:dollar +:dollar =:dollar
EXPR: 0 | POS | FRA | 47 | 18.42 | 3.835 | (((x*2)+4.01)-8.95)=2.73 | x 2 * 4.01 + 8.95 - 2.73 = | x:pack 2:dollar *:dollar 4.01:dollar +:dollar 8.95:dollar -:dollar 2.73:dollar =:dollar
EXPR: 0 | POS | FRA | 47 | 18.42 | 9.45599999999998 | (((x+2)/8.95)+2.73)=4.01 | x 2 + 8.95 / 2.73 + 4.01 = | x:dollar 2:dollar +:dollar 8.95:pack /:dollar 2.73:dollar +:dollar 4.01:dollar =:dollar
EXPR: 0 | POS | FRA | 47 | 18.42 | 0.00270000000000081 | (((2.73*4.01)-2)+x)=8.95 | 2.73 4.01 * 2 - x + 8.95 = | 2.73:dollar 4.01:pack *:dollar 2:dollar -:dollar x:dollar +:dollar 8.95:dollar =:dollar
EXPR: 0 | POS | FRA | 47 | 18.42 | 0.209999999999999 | (x+2)=(8.95-(2.73+4.01)) | x 2 + 8.95 2.73 4.01 + - = | x:dollar 2:dollar +:dollar 8.95:dollar 2.73:dollar 4.01:dollar +:dollar -:dollar =:dollar
EXPR: 0 | POS | FRA | 47 | 18.42 | 6.4723 | 2=(8.95/((2.73*4.01)-x)) | 2 8.95 2.73 4.01 * x - / = | 2:pack 8.95:pack 2.73:dollar 4.01:pack *:dollar x:dollar -:dollar /:pack =:pack
EXPR: 0 | POS | FRA | 47 | 18.42 | 2.265 | 8.95=(2*((2.73+4.01)-x)) | 8.95 2 2.73 4.01 + x - * = | 8.95:dollar 2:pack 2.73:dollar 4.01:dollar +:dollar x:dollar -:dollar *:dollar =:dollar
EXPR: 0 | POS | FRA | 47 | 18.42 | 0.686643835616438 | 4.01=((x/2)*(2.73+8.95)) | 4.01 x 2 / 2.73 8.95 + * = | 4.01:dollar x:pack 2:dollar /:pack 2.73:dollar 8.95:dollar +:dollar *:dollar =:dollar
EXPR: 0 | POS | FRA | 47 | 18.42 | 1.28938906752412 | ((x/2)*(8.95-2.73))=4.01 | x 2 / 8.95 2.73 - * 4.01 = | x:pack 2:dollar /:pack 8.95:dollar 2.73:dollar -:dollar *:dollar 4.01:dollar =:dollar
EXPR: 0 | POS | FRA | 47 | 18.42 | 13.6926007326007 | 4.01=((x-(2/2.73))-8.95) | 4.01 x 2 2.73 / - 8.95 - = | 4.01:dollar x:dollar 2:dollar 2.73:pack /:dollar -:dollar 8.95:dollar -:dollar =:dollar
EXPR: 0 | POS | FRA | 47 | 18.42 | 0.393371757925072 | (x*((2-4.01)+8.95))=2.73 | x 2 4.01 - 8.95 + * 2.73 = | x:pack 2:dollar 4.01:dollar -:dollar 8.95:dollar +:dollar *:dollar 2.73:dollar =:dollar
EXPR: 0 | POS | FRA | 47 | 18.42 | 11.51 | 8.95=((2*(2.73-4.01))+x) | 8.95 2 2.73 4.01 - * x + = | 8.95:dollar 2:pack 2.73:dollar 4.01:dollar -:dollar *:dollar x:dollar +:dollar =:dollar
EXPR: 0 | POS | FRA | 47 | 18.42 | 5.755 | 8.95=(2*((2.73-4.01)+x)) | 8.95 2 2.73 4.01 - x + * = | 8.95:dollar 2:pack 2.73:dollar 4.01:dollar -:dollar x:dollar +:dollar *:dollar =:dollar
EXPR: 0 | POS | FRA | 47 | 18.42 | 4.28195530726257 | 4.01=(((2-x)+2.73)*8.95) | 4.01 2 x - 2.73 + 8.95 * = | 4.01:dollar 2:pack x:pack -:pack 2.73:pack +:pack 8.95:dollar *:dollar =:dollar
EXPR: 0 | POS | FRA | 47 | 18.42 | 37.9197 | (x/((2*8.95)-4.01))=2.73 | x 2 8.95 * 4.01 - / 2.73 = | x:dollar 2:pack 8.95:dollar *:pack 4.01:pack -:pack /:dollar 2.73:dollar =:dollar
EXPR: 0 | POS | FRA | 50 | 18.42 | 11.5573558659218 | x=(2.73*((2/8.95)+4.01)) | x 2.73 2 8.95 / 4.01 + * = | x:dollar 2.73:pack 2:dollar 8.95:pack /:dollar 4.01:dollar +:dollar *:dollar =:dollar
EXPR: 0 | POS | FRA | 50 | 18.42 | 5.82543640897756 | x=((2/4.01)*(2.73+8.95)) | x 2 4.01 / 2.73 8.95 + * = | x:dollar 2:dollar 4.01:pack /:dollar 2.73:pack 8.95:pack +:pack *:dollar =:dollar
EXPR: 0 | POS | FRA | 50 | 18.42 | 12.5022 | x=((4.01-2)*(8.95-2.73)) | x 4.01 2 - 8.95 2.73 - * = | x:dollar 4.01:pack 2:pack -:pack 8.95:dollar 2.73:dollar -:dollar *:dollar =:dollar
EXPR: 0 | POS | FRA | 50 | 18.42 | 28.89205 | ((2.73+(8.95/2))*4.01)=x | 2.73 8.95 2 / + 4.01 * x = | 2.73:dollar 8.95:dollar 2:pack /:dollar +:dollar 4.01:pack *:dollar x:dollar =:dollar
EXPR: 0 | POS | FRA | 52 | 18.42 | 0.321744254566883 | 2.73=(x*((8.95/2)+4.01)) | 2.73 x 8.95 2 / 4.01 + * = | 2.73:dollar x:pack 8.95:dollar 2:pack /:dollar 4.01:dollar +:dollar *:dollar =:dollar
EXPR: 0 | POS | FRA | 52 | 18.42 | 17.69 | 4.01=(x-((2+8.95)+2.73)) | 4.01 x 2 8.95 + 2.73 + - = | 4.01:dollar x:dollar 2:dollar 8.95:dollar +:dollar 2.73:dollar +:dollar -:dollar =:dollar
EXPR: 0 | POS | FRA | 52 | 18.42 | 5.08791208791209 | 4.01=((2*8.95)-(x*2.73)) | 4.01 2 8.95 * x 2.73 * - = | 4.01:dollar 2:pack 8.95:dollar *:dollar x:pack 2.73:dollar *:dollar -:dollar =:dollar
EXPR: 0 | POS | FRA | 52 | 18.42 | 0.969784172661871 | 2.73=((x*(8.95-2))-4.01) | 2.73 x 8.95 2 - * 4.01 - = | 2.73:dollar x:dollar 8.95:pack 2:pack -:pack *:dollar 4.01:dollar -:dollar =:dollar
EXPR: 0 | POS | FRA | 52 | 18.42 | 0.264337508239947 | 4.01=(((2*8.95)-2.73)*x) | 4.01 2 8.95 * 2.73 - x * = | 4.01:dollar 2:pack 8.95:dollar *:pack 2.73:pack -:pack x:dollar *:dollar =:dollar
EXPR: 0 | POS | FRA | 55 | 18.42 | 2.88432098765432 | x=((2/(4.01+8.95))+2.73) | x 2 4.01 8.95 + / 2.73 + = | x:dollar 2:dollar 4.01:pack 8.95:pack +:pack /:dollar 2.73:dollar +:dollar =:dollar
EXPR: 0 | POS | FRA | 55 | 18.42 | 77.239 | x=((2.73+(4.01*8.95))*2) | x 2.73 4.01 8.95 * + 2 * = | x:dollar 2.73:dollar 4.01:dollar 8.95:pack *:dollar +:dollar 2:pack *:dollar =:dollar
EXPR: 0 | POS | FRA | 55 | 18.42 | 6.96192019950125 | x=(2+((8.95/4.01)+2.73)) | x 2 8.95 4.01 / 2.73 + + = | x:dollar 2:dollar 8.95:dollar 4.01:pack /:dollar 2.73:dollar +:dollar +:dollar =:dollar
EXPR: 0 | POS | FRA | 55 | 18.42 | 1.50192019950125 | x=(2+((8.95/4.01)-2.73)) | x 2 8.95 4.01 / 2.73 - + = | x:dollar 2:dollar 8.95:dollar 4.01:pack /:dollar 2.73:dollar -:dollar +:dollar =:dollar
EXPR: 0 | POS | FRA | 55 | 18.42 | 17.69 | (((2.73+4.01)+8.95)+2)=x | 2.73 4.01 + 8.95 + 2 + x = | 2.73:dollar 4.01:dollar +:dollar 8.95:dollar +:dollar 2:dollar +:dollar x:dollar =:dollar
EXPR: 0 | POS | FRA | 55 | 18.42 | 14.24 | x=((8.95-2.73)+(2*4.01)) | x 8.95 2.73 - 2 4.01 * + = | x:dollar 8.95:dollar 2.73:dollar -:dollar 2:pack 4.01:dollar *:dollar +:dollar =:dollar
EXPR: 0 | POS | FRA | 55 | 18.42 | 15.4223 | x=((8.95/2)+(2.73*4.01)) | x 8.95 2 / 2.73 4.01 * + = | x:dollar 8.95:dollar 2:pack /:dollar 2.73:pack 4.01:dollar *:dollar +:dollar =:dollar
EXPR: 0 | POS | FRA | 55 | 18.42 | 38.8168 | (4.01*(2.73-(2-8.95)))=x | 4.01 2.73 2 8.95 - - * x = | 4.01:pack 2.73:dollar 2:dollar 8.95:dollar -:dollar -:dollar *:dollar x:dollar =:dollar
EXPR: 0 | POS | FRA | 55 | 18.42 | 54.8568 | (4.01*(2.73+(2+8.95)))=x | 4.01 2.73 2 8.95 + + * x = | 4.01:pack 2.73:dollar 2:dollar 8.95:dollar +:dollar +:dollar *:dollar x:dollar =:dollar
EXPR: 0 | POS | FRA | 55 | 18.42 | 16.0840659340659 | ((4.01/2.73)*(2+8.95))=x | 4.01 2.73 / 2 8.95 + * x = | 4.01:pack 2.73:dollar /:pack 2:dollar 8.95:dollar +:dollar *:dollar x:dollar =:dollar
EXPR: 0 | POS | FRA | 57 | 18.42 | 5.67 | 8.95=(2-(2.73-(x+4.01))) | 8.95 2 2.73 x 4.01 + - - = | 8.95:dollar 2:dollar 2.73:dollar x:dollar 4.01:dollar +:dollar -:dollar -:dollar =:dollar
EXPR: 0 | POS | FRA | 57 | 18.42 | 5.90804469273743 | 4.01=((x-(2*2.73))*8.95) | 4.01 x 2 2.73 * - 8.95 * = | 4.01:dollar x:pack 2:dollar 2.73:pack *:pack -:pack 8.95:dollar *:dollar =:dollar
EXPR: 0 | POS | FRA | 57 | 18.42 | 3.195 | 8.95=(2*(x+(4.01-2.73))) | 8.95 2 x 4.01 2.73 - + * = | 8.95:dollar 2:pack x:dollar 4.01:dollar 2.73:dollar -:dollar +:dollar *:dollar =:dollar
EXPR: 0 | POS | FRA | 57 | 18.42 | 0.69126381562179 | 8.95=((2+(2.73*4.01))*x) | 8.95 2 2.73 4.01 * + x * = | 8.95:dollar 2:pack 2.73:dollar 4.01:pack *:pack +:pack x:dollar *:dollar =:dollar
EXPR: 0 | POS | FRA | 57 | 18.42 | 0.0603145403278095 | 2=(x*((4.01*8.95)-2.73)) | 2 x 4.01 8.95 * 2.73 - * = | 2:dollar x:dollar 4.01:dollar 8.95:pack *:pack 2.73:pack -:pack *:dollar =:dollar
EXPR: 0 | POS | FRA | 57 | 18.42 | 66.3189999999999 | 2=(x/((4.01*8.95)-2.73)) | 2 x 4.01 8.95 * 2.73 - / = | 2:dollar x:dollar 4.01:dollar 8.95:pack *:pack 2.73:pack -:pack /:dollar =:dollar
EXPR: 0 | POS | FRA | 57 | 18.42 | 10.0173 | 8.95=(((2+2.73)*4.01)-x) | 8.95 2 2.73 + 4.01 * x - = | 8.95:dollar 2:pack 2.73:pack +:pack 4.01:dollar *:dollar x:dollar -:dollar =:dollar
EXPR: 0 | POS | FRA | 57 | 18.42 | 5.67 | 8.95=((2-2.73)+(4.01+x)) | 8.95 2 2.73 - 4.01 x + + = | 8.95:dollar 2:dollar 2.73:dollar -:dollar 4.01:dollar x:dollar +:dollar +:dollar =:dollar
EXPR: 0 | POS | FRA | 57 | 18.42 | 5.67 | 8.95=(((2-2.73)+4.01)+x) | 8.95 2 2.73 - 4.01 + x + = | 8.95:dollar 2:dollar 2.73:dollar -:dollar 4.01:dollar +:dollar x:dollar +:dollar =:dollar
EXPR: 0 | POS | FRA | 57 | 18.42 | 2.74725274725275 | 8.95=(((2+x)*2.73)-4.01) | 8.95 2 x + 2.73 * 4.01 - = | 8.95:dollar 2:pack x:pack +:pack 2.73:dollar *:dollar 4.01:dollar -:dollar =:dollar
EXPR: 0 | POS | FRA | 57 | 18.42 | 13.69 | 8.95=(((2-2.73)-4.01)+x) | 8.95 2 2.73 - 4.01 - x + = | 8.95:dollar 2:dollar 2.73:dollar -:dollar 4.01:dollar -:dollar x:dollar +:dollar =:dollar
EXPR: 0 | POS | FRA | 57 | 18.42 | 0.264337508239947 | (x*((2*8.95)-2.73))=4.01 | x 2 8.95 * 2.73 - * 4.01 = | x:pack 2:dollar 8.95:pack *:dollar 2.73:dollar -:dollar *:dollar 4.01:dollar =:dollar
EXPR: 0 | POS | FRA | 57 | 18.42 | 0.194377120698013 | (x*((2*8.95)+2.73))=4.01 | x 2 8.95 * 2.73 + * 4.01 = | x:pack 2:dollar 8.95:pack *:dollar 2.73:dollar +:dollar *:dollar 4.01:dollar =:dollar
EXPR: 0 | POS | FRA | 57 | 18.42 | 1.07692307692308 | 2=((8.95-4.01)-(x*2.73)) | 2 8.95 4.01 - x 2.73 * - = | 2:dollar 8.95:dollar 4.01:dollar -:dollar x:dollar 2.73:pack *:dollar -:dollar =:dollar
EXPR: 0 | POS | FRA | 57 | 18.42 | 0.318800069423511 | 2=((8.95/2.73)-(x*4.01)) | 2 8.95 2.73 / x 4.01 * - = | 2:dollar 8.95:dollar 2.73:pack /:dollar x:dollar 4.01:pack *:dollar -:dollar =:dollar
EXPR: 0 | POS | FRA | 57 | 18.42 | 6.0227 | ((4.01*(2.73-2))+x)=8.95 | 4.01 2.73 2 - * x + 8.95 = | 4.01:pack 2.73:dollar 2:dollar -:dollar *:dollar x:dollar +:dollar 8.95:dollar =:dollar
EXPR: 0 | POS | FRA | 57 | 18.42 | 5.01195530726257 | (8.95*((2*2.73)-x))=4.01 | 8.95 2 2.73 * x - * 4.01 = | 8.95:pack 2:pack 2.73:dollar *:dollar x:dollar -:dollar *:dollar 4.01:dollar =:dollar
EXPR: 0 | POS | FRA | 57 | 18.42 | 4.28195530726257 | 4.01=(((2.73-x)+2)*8.95) | 4.01 2.73 x - 2 + 8.95 * = | 4.01:dollar 2.73:pack x:pack -:pack 2:pack +:pack 8.95:dollar *:dollar =:dollar
EXPR: 0 | POS | FRA | 57 | 18.42 | 10.21175 | (((x*2)+4.01)/8.95)=2.73 | x 2 * 4.01 + 8.95 / 2.73 = | x:pack 2:dollar *:dollar 4.01:dollar +:dollar 8.95:pack /:dollar 2.73:dollar =:dollar
EXPR: 0 | POS | FRA | 60 | 18.42 | 10.4 | (((2*2.73)+8.95)-4.01)=x | 2 2.73 * 8.95 + 4.01 - x = | 2:dollar 2.73:pack *:pack 8.95:pack +:pack 4.01:pack -:pack x:pack =:pack
EXPR: 0 | POS | FRA | 62 | 18.42 | 0.249087591240876 | (x*((4.01-2)+8.95))=2.73 | x 4.01 2 - 8.95 + * 2.73 = | x:pack 4.01:dollar 2:dollar -:dollar 8.95:dollar +:dollar *:dollar 2.73:dollar =:dollar
EXPR: 0 | POS | FRA | 65 | 18.42 | 8.63005586592179 | x=(((2.73/8.95)+4.01)*2) | x 2.73 8.95 / 4.01 + 2 * = | x:dollar 2.73:dollar 8.95:pack /:dollar 4.01:dollar +:dollar 2:pack *:dollar =:dollar
EXPR: 0 | POS | FRA | 65 | 18.42 | 4.40280575539568 | (4.01+(2.73/(8.95-2)))=x | 4.01 2.73 8.95 2 - / + x = | 4.01:dollar 2.73:dollar 8.95:pack 2:pack -:pack /:dollar +:dollar x:dollar =:dollar
EXPR: 0 | POS | FRA | 65 | 18.42 | 1.55015391923123 | x=((2+(8.95/4.01))/2.73) | x 2 8.95 4.01 / + 2.73 / = | x:dollar 2:dollar 8.95:dollar 4.01:pack /:dollar +:dollar 2.73:pack /:dollar =:dollar
EXPR: 0 | POS | FRA | 65 | 18.42 | 76.083735 | x=((2.73*4.01)*(8.95-2)) | x 2.73 4.01 * 8.95 2 - * = | x:dollar 2.73:pack 4.01:dollar *:pack 8.95:dollar 2:dollar -:dollar *:dollar =:dollar
EXPR: 0 | POS | FRA | 65 | 18.42 | 33.3808 | x=((2.73*(4.01+8.95))-2) | x 2.73 4.01 8.95 + * 2 - = | x:dollar 2.73:pack 4.01:dollar 8.95:dollar +:dollar *:dollar 2:dollar -:dollar =:dollar
EXPR: 0 | POS | FRA | 65 | 18.42 | 16.4311355311355 | x=((2*8.95)-(4.01/2.73)) | x 2 8.95 * 4.01 2.73 / - = | x:dollar 2:dollar 8.95:pack *:dollar 4.01:dollar 2.73:pack /:dollar -:dollar =:dollar
EXPR: 0 | POS | FRA | 65 | 18.42 | 19.3688644688645 | x=((2*8.95)+(4.01/2.73)) | x 2 8.95 * 4.01 2.73 / + = | x:dollar 2:dollar 8.95:pack *:dollar 4.01:dollar 2.73:pack /:dollar +:dollar =:dollar
EXPR: 0 | POS | FRA | 65 | 18.42 | 6.444 | x=(8.95*(2+(2.73-4.01))) | x 8.95 2 2.73 4.01 - + * = | x:dollar 8.95:pack 2:dollar 2.73:dollar 4.01:dollar -:dollar +:dollar *:dollar =:dollar
EXPR: 0 | POS | FRA | 65 | 18.42 | 3.9973 | x=((2.73*4.01)-(8.95-2)) | x 2.73 4.01 * 8.95 2 - - = | x:dollar 2.73:pack 4.01:dollar *:dollar 8.95:dollar 2:dollar -:dollar -:dollar =:dollar
EXPR: 0 | POS | FRA | 65 | 18.42 | 21.166336996337 | x=(((8.95/2.73)+2)*4.01) | x 8.95 2.73 / 2 + 4.01 * = | x:dollar 8.95:pack 2.73:dollar /:pack 2:pack +:pack 4.01:dollar *:dollar =:dollar
EXPR: 0 | POS | FRA | 65 | 18.42 | 78.223 | (8.95*(2+(2.73+4.01)))=x | 8.95 2 2.73 4.01 + + * x = | 8.95:pack 2:dollar 2.73:dollar 4.01:dollar +:dollar +:dollar *:dollar x:dollar =:dollar
EXPR: 0 | POS | FRA | 65 | 18.42 | 8.76795511221945 | (8.95+((2-2.73)/4.01))=x | 8.95 2 2.73 - 4.01 / + x = | 8.95:dollar 2:dollar 2.73:dollar -:dollar 4.01:pack /:dollar +:dollar x:dollar =:dollar
EXPR: 0 | POS | FRA | 67 | 18.42 | 4.09314214463841 | 2.73=((4.01/8.95)*(2+x)) | 2.73 4.01 8.95 / 2 x + * = | 2.73:dollar 4.01:dollar 8.95:pack /:dollar 2:pack x:pack +:pack *:dollar =:dollar
EXPR: 0 | POS | FRA | 67 | 18.42 | 0.950236966824645 | ((8.95-(2+2.73))*x)=4.01 | 8.95 2 2.73 + - x * 4.01 = | 8.95:pack 2:pack 2.73:pack +:pack -:pack x:dollar *:dollar 4.01:dollar =:dollar
EXPR: 0 | POS | FRA | 67 | 18.42 | 5.47985347985348 | (((2.73*x)-4.01)-8.95)=2 | 2.73 x * 4.01 - 8.95 - 2 = | 2.73:pack x:dollar *:dollar 4.01:dollar -:dollar 8.95:dollar -:dollar 2:dollar =:dollar
EXPR: 0 | POS | FRA | 67 | 18.42 | 14.4373 | 8.95=(((2-4.01)*2.73)+x) | 8.95 2 4.01 - 2.73 * x + = | 8.95:dollar 2:pack 4.01:pack -:pack 2.73:dollar *:dollar x:dollar +:dollar =:dollar
EXPR: 0 | POS | FRA | 67 | 18.42 | 0.448877805486284 | 8.95=(((2-x)*4.01)+2.73) | 8.95 2 x - 4.01 * 2.73 + = | 8.95:dollar 2:pack x:pack -:pack 4.01:dollar *:dollar 2.73:dollar +:dollar =:dollar
EXPR: 0 | POS | FRA | 67 | 18.42 | 8.02098901098901 | (2+8.95)=(2.73*(x-4.01)) | 2 8.95 + 2.73 x 4.01 - * = | 2:dollar 8.95:dollar +:dollar 2.73:dollar x:pack 4.01:pack -:pack *:dollar =:dollar
EXPR: 0 | POS | FRA | 67 | 18.42 | 3.09569482886191 | (2/4.01)=(8.95-(2.73*x)) | 2 4.01 / 8.95 2.73 x * - = | 2:dollar 4.01:pack /:dollar 8.95:dollar 2.73:dollar x:pack *:dollar -:dollar =:dollar
EXPR: 0 | POS | FRA | 67 | 18.42 | 1.105 | 8.95=((2*x)+(2.73+4.01)) | 8.95 2 x * 2.73 4.01 + + = | 8.95:dollar 2:dollar x:pack *:dollar 2.73:dollar 4.01:dollar +:dollar +:dollar =:dollar
EXPR: 0 | POS | FRA | 67 | 18.42 | 5.115 | 8.95=((2*x)+(2.73-4.01)) | 8.95 2 x * 2.73 4.01 - + = | 8.95:dollar 2:dollar x:pack *:dollar 2.73:dollar 4.01:dollar -:dollar +:dollar =:dollar
EXPR: 0 | POS | FRA | 67 | 18.42 | 0.912718204488778 | 8.95=(((2+x)*4.01)-2.73) | 8.95 2 x + 4.01 * 2.73 - = | 8.95:dollar 2:pack x:pack +:pack 4.01:dollar *:dollar 2.73:dollar -:dollar =:dollar
EXPR: 0 | POS | FRA | 67 | 18.42 | 5.115 | 2.73=((4.01+8.95)-(x*2)) | 2.73 4.01 8.95 + x 2 * - = | 2.73:dollar 4.01:dollar 8.95:dollar +:dollar x:pack 2:dollar *:dollar -:dollar =:dollar
EXPR: 0 | POS | FRA | 67 | 18.42 | 1.83391061452514 | ((8.95/2)*(2.73-x))=4.01 | 8.95 2 / 2.73 x - * 4.01 = | 8.95:pack 2:dollar /:pack 2.73:dollar x:dollar -:dollar *:dollar 4.01:dollar =:dollar
EXPR: 0 | POS | FRA | 70 | 18.42 | 17.69 | (4.01+(8.95+(2+2.73)))=x | 4.01 8.95 2 2.73 + + + x = | 4.01:dollar 8.95:dollar 2:dollar 2.73:dollar +:dollar +:dollar +:dollar x:dollar =:dollar
EXPR: 0 | POS | FRA | 70 | 18.42 | 2.11782241014799 | (4.01-(8.95/(2+2.73)))=x | 4.01 8.95 2 2.73 + / - x = | 4.01:dollar 8.95:dollar 2:pack 2.73:pack +:pack /:dollar -:dollar x:dollar =:dollar
EXPR: 0 | POS | FRA | 70 | 18.42 | 9.675 | (8.95+(2.73-(4.01/2)))=x | 8.95 2.73 4.01 2 / - + x = | 8.95:dollar 2.73:dollar 4.01:dollar 2:pack /:dollar -:dollar +:dollar x:dollar =:dollar
EXPR: 0 | POS | FRA | 70 | 18.42 | 13.685 | (8.95+(2.73+(4.01/2)))=x | 8.95 2.73 4.01 2 / + + x = | 8.95:dollar 2.73:dollar 4.01:dollar 2:pack /:dollar +:dollar +:dollar x:dollar =:dollar
EXPR: 0 | POS | FRA | 72 | 18.42 | 0.160872127283441 | 2.73=((8.95+(2*4.01))*x) | 2.73 8.95 2 4.01 * + x * = | 2.73:dollar 8.95:pack 2:dollar 4.01:pack *:pack +:pack x:dollar *:dollar =:dollar
EXPR: 0 | POS | FRA | 72 | 18.42 | 2.93548387096774 | 2.73=((8.95-(2*4.01))*x) | 2.73 8.95 2 4.01 * - x * = | 2.73:dollar 8.95:pack 2:dollar 4.01:pack *:pack -:pack x:dollar *:dollar =:dollar
EXPR: 0 | POS | FRA | 72 | 18.42 | 4.06547420965058 | (2.73*8.95)=((2+4.01)*x) | 2.73 8.95 * 2 4.01 + x * = | 2.73:pack 8.95:dollar *:dollar 2:pack 4.01:pack +:pack x:dollar *:dollar =:dollar
EXPR: 0 | POS | FRA | 72 | 18.42 | 2.15302158273381 | 4.01=((8.95-2)*(2.73-x)) | 4.01 8.95 2 - 2.73 x - * = | 4.01:dollar 8.95:pack 2:pack -:pack 2.73:dollar x:dollar -:dollar *:dollar =:dollar
EXPR: 0 | POS | FRA | 75 | 18.42 | 18.9462 | x=(2.73*((8.95-4.01)+2)) | x 2.73 8.95 4.01 - 2 + * = | x:dollar 2.73:pack 8.95:dollar 4.01:dollar -:dollar 2:dollar +:dollar *:dollar =:dollar
EXPR: 0 | POS | FRA | 75 | 18.42 | 8.0262 | x=(2.73*((8.95-4.01)-2)) | x 2.73 8.95 4.01 - 2 - * = | x:dollar 2.73:pack 8.95:dollar 4.01:dollar -:dollar 2:dollar -:dollar *:dollar =:dollar
EXPR: 0 | POS | FRA | 75 | 18.42 | 10.5435 | ((8.95*(2.73-2))+4.01)=x | 8.95 2.73 2 - * 4.01 + x = | 8.95:pack 2.73:dollar 2:dollar -:dollar *:dollar 4.01:dollar +:dollar x:dollar =:dollar
EXPR: 0 | POS | FRA | 75 | 18.42 | 6.444 | (8.95*(2-(4.01-2.73)))=x | 8.95 2 4.01 2.73 - - * x = | 8.95:pack 2:dollar 4.01:dollar 2.73:dollar -:dollar -:dollar *:dollar x:dollar =:dollar
EXPR: 0 | POS | FRA | 75 | 18.42 | 29.356 | (8.95*(2+(4.01-2.73)))=x | 8.95 2 4.01 2.73 - + * x = | 8.95:pack 2:dollar 4.01:dollar 2.73:dollar -:dollar +:dollar *:dollar x:dollar =:dollar
EXPR: 0 | POS | FRA | 75 | 18.42 | 11.4862 | x=((2.73*(8.95-4.01))-2) | x 2.73 8.95 4.01 - * 2 - = | x:dollar 2.73:pack 8.95:dollar 4.01:dollar -:dollar *:dollar 2:dollar -:dollar =:dollar
EXPR: 0 | POS | FRA | 77 | 18.42 | 13.8789377289377 | 2.73=(((4.01*8.95)+2)/x) | 2.73 4.01 8.95 * 2 + x / = | 2.73:dollar 4.01:pack 8.95:dollar *:dollar 2:dollar +:dollar x:pack /:dollar =:dollar
EXPR: 0 | POS | FRA | 77 | 18.42 | 12.4137362637363 | 2.73=(((4.01*8.95)-2)/x) | 2.73 4.01 8.95 * 2 - x / = | 2.73:dollar 4.01:pack 8.95:dollar *:dollar 2:dollar -:dollar x:pack /:dollar =:dollar
EXPR: 0 | POS | FRA | 77 | 18.42 | 8.896 | ((x/(2.73-4.01))+8.95)=2 | x 2.73 4.01 - / 8.95 + 2 = | x:dollar 2.73:pack 4.01:pack -:pack /:dollar 8.95:dollar +:dollar 2:dollar =:dollar
EXPR: 0 | POS | FRA | 77 | 18.42 | 2.72865853658537 | 8.95=(x*((2+4.01)-2.73)) | 8.95 x 2 4.01 + 2.73 - * = | 8.95:dollar x:pack 2:dollar 4.01:dollar +:dollar 2.73:dollar -:dollar *:dollar =:dollar
EXPR: 0 | POS | FRA | 77 | 18.42 | 0.996832917705736 | (((x-2.73)*4.01)+8.95)=2 | x 2.73 - 4.01 * 8.95 + 2 = | x:pack 2.73:pack -:pack 4.01:dollar *:dollar 8.95:dollar +:dollar 2:dollar =:dollar
EXPR: 0 | POS | FRA | 77 | 18.42 | 4.06547420965058 | ((x/8.95)*(2+4.01))=2.73 | x 8.95 / 2 4.01 + * 2.73 = | x:pack 8.95:dollar /:pack 2:dollar 4.01:dollar +:dollar *:dollar 2.73:dollar =:dollar
EXPR: 0 | POS | FRA | 77 | 18.42 | 5.82543640897756 | (4.01*x)=(2*(2.73+8.95)) | 4.01 x * 2 2.73 8.95 + * = | 4.01:dollar x:pack *:pack 2:dollar 2.73:pack 8.95:pack +:pack *:pack =:pack
EXPR: 0 | POS | FRA | 77 | 18.42 | 4.06547420965058 | 8.95=((x/2.73)*(2+4.01)) | 8.95 x 2.73 / 2 4.01 + * = | 8.95:dollar x:pack 2.73:dollar /:pack 2:dollar 4.01:dollar +:dollar *:dollar =:dollar
EXPR: 0 | POS | FRA | 77 | 18.42 | 4.81539900249377 | 8.95=((2*x)-(2.73/4.01)) | 8.95 2 x * 2.73 4.01 / - = | 8.95:dollar 2:dollar x:pack *:dollar 2.73:dollar 4.01:pack /:dollar -:dollar =:dollar
EXPR: 0 | POS | FRA | 77 | 18.42 | 0.207667111174407 | 8.95=((2/x)-(2.73/4.01)) | 8.95 2 x / 2.73 4.01 / - = | 8.95:dollar 2:dollar x:pack /:dollar 2.73:dollar 4.01:pack /:dollar -:dollar =:dollar
EXPR: 0 | POS | FRA | 77 | 18.42 | 0.241861306714516 | 8.95=((2/x)+(2.73/4.01)) | 8.95 2 x / 2.73 4.01 / + = | 8.95:dollar 2:dollar x:pack /:dollar 2.73:dollar 4.01:pack /:dollar +:dollar =:dollar
EXPR: 0 | POS | FRA | 77 | 18.42 | 3.22807980049875 | (8.95/((2*2.73)-x))=4.01 | 8.95 2 2.73 * x - / 4.01 = | 8.95:dollar 2:dollar 2.73:pack *:pack x:pack -:pack /:dollar 4.01:dollar =:dollar
EXPR: 0 | POS | FRA | 80 | 18.42 | 32.9622 | x=(4.01*(8.95+(2-2.73))) | x 4.01 8.95 2 2.73 - + * = | x:dollar 4.01:pack 8.95:dollar 2:dollar 2.73:dollar -:dollar +:dollar *:dollar =:dollar
EXPR: 0 | POS | FRA | 82 | 18.42 | 6.21611721611722 | 2.73=((8.95+(2*4.01))/x) | 2.73 8.95 2 4.01 * + x / = | 2.73:pack 8.95:pack 2:dollar 4.01:pack *:pack +:pack x:dollar /:pack =:pack
EXPR: 0 | POS | FRA | 82 | 18.42 | 0.340659340659341 | 2.73=((8.95-(2*4.01))/x) | 2.73 8.95 2 4.01 * - x / = | 2.73:pack 8.95:pack 2:dollar 4.01:pack *:pack -:pack x:dollar /:pack =:pack
EXPR: 0 | POS | FRA | 85 | 18.42 | 23.4768 | ((2.73+8.95)*(4.01-2))=x | 2.73 8.95 + 4.01 2 - * x = | 2.73:pack 8.95:pack +:pack 4.01:dollar 2:dollar -:dollar *:dollar x:dollar =:dollar
EXPR: 0 | POS | FRA | 85 | 18.42 | 48.8368 | x=(((2.73+8.95)*4.01)+2) | x 2.73 8.95 + 4.01 * 2 + = | x:dollar 2.73:pack 8.95:pack +:pack 4.01:dollar *:dollar 2:dollar +:dollar =:dollar
EXPR: 0 | POS | FRA | 87 | 18.42 | 2.7796351611813 | 8.95=(2.73*((2/4.01)+x)) | 8.95 2.73 2 4.01 / x + * = | 8.95:dollar 2.73:pack 2:dollar 4.01:pack /:dollar x:dollar +:dollar *:dollar =:dollar
EXPR: 0 | POS | FRA | 87 | 18.42 | 9.40424292845258 | ((x-8.95)*(2+4.01))=2.73 | x 8.95 - 2 4.01 + * 2.73 = | x:pack 8.95:pack -:pack 2:dollar 4.01:dollar +:dollar *:dollar 2.73:dollar =:dollar
EXPR: 0 | POS | FRA | 87 | 18.42 | 0.323029256849467 | 8.95=((2/4.01)+(2.73/x)) | 8.95 2 4.01 / 2.73 x / + = | 8.95:dollar 2:dollar 4.01:pack /:dollar 2.73:dollar x:pack /:dollar +:dollar =:dollar
EXPR: 0 | POS | FRA | 87 | 18.42 | 10.21175 | 4.01=((2.73*8.95)-(x*2)) | 4.01 2.73 8.95 * x 2 * - = | 4.01:dollar 2.73:pack 8.95:dollar *:dollar x:pack 2:dollar *:dollar -:dollar =:dollar
EXPR: 0 | POS | FRA | 87 | 18.42 | 0.0979264083041594 | (((2.73*8.95)-4.01)*x)=2 | 2.73 8.95 * 4.01 - x * 2 = | 2.73:pack 8.95:dollar *:dollar 4.01:dollar -:dollar x:pack *:dollar 2:dollar =:dollar
EXPR: 0 | POS | FRA | 87 | 18.42 | 10.21175 | (((2.73*8.95)-4.01)/x)=2 | 2.73 8.95 * 4.01 - x / 2 = | 2.73:pack 8.95:dollar *:dollar 4.01:dollar -:dollar x:pack /:dollar 2:dollar =:dollar
EXPR: 0 | POS | FRA | 90 | 18.42 | 18.9462 | ((8.95-(4.01-2))*2.73)=x | 8.95 4.01 2 - - 2.73 * x = | 8.95:pack 4.01:pack 2:pack -:pack -:pack 2.73:dollar *:dollar x:dollar =:dollar
EXPR: 0 | POS | FRA | 90 | 18.42 | 29.9208 | ((8.95+(4.01-2))*2.73)=x | 8.95 4.01 2 - + 2.73 * x = | 8.95:pack 4.01:pack 2:pack -:pack +:pack 2.73:dollar *:dollar x:dollar =:dollar
EXPR: 0 | POS | FRA | 90 | 18.42 | 6.58956043956044 | ((8.95/2.73)*(4.01-2))=x | 8.95 2.73 / 4.01 2 - * x = | 8.95:pack 2.73:dollar /:pack 4.01:dollar 2:dollar -:dollar *:dollar x:dollar =:dollar
EXPR: 0 | POS | FRA | 90 | 18.42 | 42.423 | x=(8.95*(2.73+(4.01-2))) | x 8.95 2.73 4.01 2 - + * = | x:dollar 8.95:pack 2.73:dollar 4.01:dollar 2:dollar -:dollar +:dollar *:dollar =:dollar
EXPR: 0 | POS | FRA | 92 | 18.42 | 0.414256198347107 | 4.01=(x*(8.95+(2.73-2))) | 4.01 x 8.95 2.73 2 - + * = | 4.01:dollar x:pack 8.95:dollar 2.73:dollar 2:dollar -:dollar +:dollar *:dollar =:dollar
EXPR: 0 | POS | FRA | 92 | 18.42 | 1.26838827838828 | 8.95=(2.73*((4.01-2)+x)) | 8.95 2.73 4.01 2 - x + * = | 8.95:dollar 2.73:pack 4.01:dollar 2:dollar -:dollar x:dollar +:dollar *:dollar =:dollar
EXPR: 0 | POS | FRA | 92 | 18.42 | 1.63103894447178 | 8.95=((x*2.73)*(4.01-2)) | 8.95 x 2.73 * 4.01 2 - * = | 8.95:dollar x:pack 2.73:dollar *:pack 4.01:dollar 2:dollar -:dollar *:dollar =:dollar
EXPR: 0 | POS | FRA | 92 | 18.42 | 1.70497206703911 | (8.95*(4.01-(2+x)))=2.73 | 8.95 4.01 2 x + - * 2.73 = | 8.95:pack 4.01:dollar 2:dollar x:dollar +:dollar -:dollar *:dollar 2.73:dollar =:dollar
EXPR: 0 | POS | FRA | 100 | 18.42 | 39.7946 | x=((8.95+(2.73*4.01))*2) | x 8.95 2.73 4.01 * + 2 * = | x:dollar 8.95:pack 2.73:dollar 4.01:pack *:pack +:pack 2:dollar *:dollar =:dollar
EXPR: 0 | POS | FRA | 100 | 18.42 | 80.078335 | (8.95*((2.73*4.01)-2))=x | 8.95 2.73 4.01 * 2 - * x = | 8.95:pack 2.73:pack 4.01:dollar *:dollar 2:dollar -:dollar *:dollar x:dollar =:dollar
EXPR: 0 | POS | FRA | 100 | 18.42 | 115.878335 | (8.95*((2.73*4.01)+2))=x | 8.95 2.73 4.01 * 2 + * x = | 8.95:pack 2.73:pack 4.01:dollar *:dollar 2:dollar +:dollar *:dollar x:dollar =:dollar
EXPR: 0 | POS | FRA | 102 | 18.42 | 0.896719667669388 | 4.01=(8.95*((x*2.73)-2)) | 4.01 8.95 x 2.73 * 2 - * = | 4.01:dollar 8.95:pack x:pack 2.73:dollar *:dollar 2:dollar -:dollar *:dollar =:dollar
EXPR: 0 | POS | FRA | 102 | 18.42 | 37.3808 | ((4.01+8.95)*2.73)=(x-2) | 4.01 8.95 + 2.73 * x 2 - = | 4.01:dollar 8.95:dollar +:dollar 2.73:pack *:dollar x:dollar 2:dollar -:dollar =:dollar
EXPR: 0 | POS | FRA | 102 | 18.42 | 12.4188644688645 | 8.95=(x-((4.01/2.73)+2)) | 8.95 x 4.01 2.73 / 2 + - = | 8.95:dollar x:dollar 4.01:dollar 2.73:pack /:dollar 2:dollar +:dollar -:dollar =:dollar
EXPR: 0 | POS | FRA | 102 | 18.42 | 8.41886446886447 | 8.95=(x-((4.01/2.73)-2)) | 8.95 x 4.01 2.73 / 2 - - = | 8.95:dollar x:dollar 4.01:dollar 2.73:pack /:dollar 2:dollar -:dollar -:dollar =:dollar
EXPR: 0 | POS | FRA | 102 | 18.42 | 5.48113553113553 | 8.95=(x+((4.01/2.73)+2)) | 8.95 x 4.01 2.73 / 2 + + = | 8.95:dollar x:dollar 4.01:dollar 2.73:pack /:dollar 2:dollar +:dollar +:dollar =:dollar
EXPR: 0 | POS | FRA | 102 | 18.42 | 8.5546875 | 8.95=((x*(4.01-2.73))-2) | 8.95 x 4.01 2.73 - * 2 - = | 8.95:dollar x:pack 4.01:dollar 2.73:dollar -:dollar *:dollar 2:dollar -:dollar =:dollar
EXPR: 0 | POS | FRA | 102 | 18.42 | 10.7238363128492 | (8.95*((2.73*4.01)-x))=2 | 8.95 2.73 4.01 * x - * 2 = | 8.95:pack 2.73:pack 4.01:dollar *:dollar x:dollar -:dollar *:dollar 2:dollar =:dollar
NET 259 unique, non-negative solutions found out of 553 total solutions
