parameters: n=7 l=3 k=1 p=5 q=1 m=9
TOTAL 480 solutions found
SOLN: CORRECT | POS/NEG | INT/FRA | OBJ-SCORE | TRUE-ANS | ANS | INFIX | POSTFIX | TYPED-POSTFIX
EXPR: 0 | POS | FRA | 0 | 2.51 | 37.49 | (9.24+(8.25+20.0))=x | 9.24 8.25 20.0 + + x = | 9.24:money 8.25:money 20.0:money +:money +:money x:money =:money
EXPR: 0 | POS | FRA | 0 | 2.51 | 20.99 | x=((9.24-8.25)+20.0) | x 9.24 8.25 - 20.0 + = | x:money 9.24:money 8.25:money -:money 20.0:money +:money =:money
EXPR: 0 | POS | FRA | 0 | 2.51 | 20.99 | x=(9.24-(8.25-20.0)) | x 9.24 8.25 20.0 - - = | x:money 9.24:money 8.25:money 20.0:money -:money -:money =:money
EXPR: 0 | POS | FRA | 0 | 2.51 | 37.49 | x=(9.24+(8.25+20.0)) | x 9.24 8.25 20.0 + + = | x:money 9.24:money 8.25:money 20.0:money +:money +:money =:money
EXPR: 0 | POS | FRA | 0 | 2.51 | 37.49 | x=((9.24+8.25)+20.0) | x 9.24 8.25 + 20.0 + = | x:money 9.24:money 8.25:money +:money 20.0:money +:money =:money
EXPR: 0 | POS | FRA | 0 | 2.51 | 20.99 | (9.24-(8.25-20.0))=x | 9.24 8.25 20.0 - - x = | 9.24:money 8.25:money 20.0:money -:money -:money x:money =:money
EXPR: 0 | POS | FRA | 0 | 2.51 | 20.99 | ((9.24-8.25)+20.0)=x | 9.24 8.25 - 20.0 + x = | 9.24:money 8.25:money -:money 20.0:money +:money x:money =:money
EXPR: 0 | POS | FRA | 0 | 2.51 | 37.49 | ((9.24+8.25)+20.0)=x | 9.24 8.25 + 20.0 + x = | 9.24:money 8.25:money +:money 20.0:money +:money x:money =:money
EXPR: 0 | POS | FRA | 2 | 2.51 | 37.49 | 9.24=((x-8.25)-20.0) | 9.24 x 8.25 - 20.0 - = | 9.24:money x:money 8.25:money -:money 20.0:money -:money =:money
EXPR: 0 | POS | FRA | 2 | 2.51 | 19.01 | 9.24=(8.25+(20.0-x)) | 9.24 8.25 20.0 x - + = | 9.24:money 8.25:money 20.0:money x:money -:money +:money =:money
EXPR: 0 | POS | FRA | 2 | 2.51 | 20.99 | 9.24=(8.25-(20.0-x)) | 9.24 8.25 20.0 x - - = | 9.24:money 8.25:money 20.0:money x:money -:money -:money =:money
EXPR: 0 | POS | FRA | 2 | 2.51 | 19.01 | 9.24=((8.25+20.0)-x) | 9.24 8.25 20.0 + x - = | 9.24:money 8.25:money 20.0:money +:money x:money -:money =:money
EXPR: 0 | POS | FRA | 2 | 2.51 | 20.99 | 9.24=((8.25+x)-20.0) | 9.24 8.25 x + 20.0 - = | 9.24:money 8.25:money x:money +:money 20.0:money -:money =:money
EXPR: 0 | POS | FRA | 2 | 2.51 | 19.01 | ((9.24-8.25)+x)=20.0 | 9.24 8.25 - x + 20.0 = | 9.24:money 8.25:money -:money x:money +:money 20.0:money =:money
EXPR: 1 | POS | FRA | 2 | 2.51 | 2.51 | ((9.24+8.25)+x)=20.0 | 9.24 8.25 + x + 20.0 = | 9.24:money 8.25:money +:money x:money +:money 20.0:money =:money
EXPR: 0 | POS | FRA | 2 | 2.51 | 37.49 | 9.24=(x-(8.25+20.0)) | 9.24 x 8.25 20.0 + - = | 9.24:money x:money 8.25:money 20.0:money +:money -:money =:money
EXPR: 1 | POS | FRA | 2 | 2.51 | 2.51 | ((9.24+x)+8.25)=20.0 | 9.24 x + 8.25 + 20.0 = | 9.24:money x:money +:money 8.25:money +:money 20.0:money =:money
EXPR: 0 | POS | FRA | 2 | 2.51 | 20.99 | 9.24=((8.25-20.0)+x) | 9.24 8.25 20.0 - x + = | 9.24:money 8.25:money 20.0:money -:money x:money +:money =:money
EXPR: 0 | POS | FRA | 2 | 2.51 | 20.99 | 9.24=(x+(8.25-20.0)) | 9.24 x 8.25 20.0 - + = | 9.24:money x:money 8.25:money 20.0:money -:money +:money =:money
EXPR: 0 | POS | FRA | 2 | 2.51 | 20.99 | 9.24=((x+8.25)-20.0) | 9.24 x 8.25 + 20.0 - = | 9.24:money x:money 8.25:money +:money 20.0:money -:money =:money
EXPR: 0 | POS | FRA | 2 | 2.51 | 19.01 | 9.24=((8.25-x)+20.0) | 9.24 8.25 x - 20.0 + = | 9.24:money 8.25:money x:money -:money 20.0:money +:money =:money
EXPR: 1 | POS | FRA | 2 | 2.51 | 2.51 | ((x+9.24)+8.25)=20.0 | x 9.24 + 8.25 + 20.0 = | x:money 9.24:money +:money 8.25:money +:money 20.0:money =:money
EXPR: 0 | POS | FRA | 2 | 2.51 | 19.01 | (9.24-(8.25-x))=20.0 | 9.24 8.25 x - - 20.0 = | 9.24:money 8.25:money x:money -:money -:money 20.0:money =:money
EXPR: 0 | POS | FRA | 2 | 2.51 | 37.49 | (x-(9.24+8.25))=20.0 | x 9.24 8.25 + - 20.0 = | x:money 9.24:money 8.25:money +:money -:money 20.0:money =:money
EXPR: 0 | POS | FRA | 2 | 2.51 | 20.99 | ((x-9.24)+8.25)=20.0 | x 9.24 - 8.25 + 20.0 = | x:money 9.24:money -:money 8.25:money +:money 20.0:money =:money
EXPR: 0 | POS | FRA | 2 | 2.51 | 19.01 | ((9.24+x)-8.25)=20.0 | 9.24 x + 8.25 - 20.0 = | 9.24:money x:money +:money 8.25:money -:money 20.0:money =:money
EXPR: 0 | POS | FRA | 2 | 2.51 | 19.01 | ((x+9.24)-8.25)=20.0 | x 9.24 + 8.25 - 20.0 = | x:money 9.24:money +:money 8.25:money -:money 20.0:money =:money
EXPR: 1 | POS | FRA | 2 | 2.51 | 2.51 | (9.24+(8.25+x))=20.0 | 9.24 8.25 x + + 20.0 = | 9.24:money 8.25:money x:money +:money +:money 20.0:money =:money
EXPR: 0 | POS | FRA | 2 | 2.51 | 37.49 | ((x-9.24)-8.25)=20.0 | x 9.24 - 8.25 - 20.0 = | x:money 9.24:money -:money 8.25:money -:money 20.0:money =:money
EXPR: 0 | POS | FRA | 2 | 2.51 | 20.99 | (x-(9.24-8.25))=20.0 | x 9.24 8.25 - - 20.0 = | x:money 9.24:money 8.25:money -:money -:money 20.0:money =:money
EXPR: 0 | POS | FRA | 2 | 2.51 | 19.01 | (9.24+(x-8.25))=20.0 | 9.24 x 8.25 - + 20.0 = | 9.24:money x:money 8.25:money -:money +:money 20.0:money =:money
EXPR: 1 | POS | FRA | 2 | 2.51 | 2.51 | (9.24+(x+8.25))=20.0 | 9.24 x 8.25 + + 20.0 = | 9.24:money x:money 8.25:money +:money +:money 20.0:money =:money
EXPR: 0 | POS | FRA | 2 | 2.51 | 19.01 | 9.24=(8.25-(x-20.0)) | 9.24 8.25 x 20.0 - - = | 9.24:money 8.25:money x:money 20.0:money -:money -:money =:money
EXPR: 0 | POS | FRA | 2 | 2.51 | 20.99 | 9.24=(8.25+(x-20.0)) | 9.24 8.25 x 20.0 - + = | 9.24:money 8.25:money x:money 20.0:money -:money +:money =:money
EXPR: 1 | POS | FRA | 2 | 2.51 | 2.51 | (x+(9.24+8.25))=20.0 | x 9.24 8.25 + + 20.0 = | x:money 9.24:money 8.25:money +:money +:money 20.0:money =:money
EXPR: 0 | POS | FRA | 2 | 2.51 | 19.01 | (x+(9.24-8.25))=20.0 | x 9.24 8.25 - + 20.0 = | x:money 9.24:money 8.25:money -:money +:money 20.0:money =:money
EXPR: 0 | POS | FRA | 10 | 2.51 | 37.49 | x=(8.25+(9.24+20.0)) | x 8.25 9.24 20.0 + + = | x:money 8.25:money 9.24:money 20.0:money +:money +:money =:money
EXPR: 0 | POS | FRA | 10 | 2.51 | 20.99 | (9.24+(20.0-8.25))=x | 9.24 20.0 8.25 - + x = | 9.24:money 20.0:money 8.25:money -:money +:money x:money =:money
EXPR: 0 | POS | FRA | 10 | 2.51 | 20.99 | x=((9.24+20.0)-8.25) | x 9.24 20.0 + 8.25 - = | x:money 9.24:money 20.0:money +:money 8.25:money -:money =:money
EXPR: 0 | POS | FRA | 10 | 2.51 | 19.01 | x=((8.25-9.24)+20.0) | x 8.25 9.24 - 20.0 + = | x:money 8.25:money 9.24:money -:money 20.0:money +:money =:money
EXPR: 0 | POS | FRA | 10 | 2.51 | 20.99 | ((9.24+20.0)-8.25)=x | 9.24 20.0 + 8.25 - x = | 9.24:money 20.0:money +:money 8.25:money -:money x:money =:money
EXPR: 0 | POS | FRA | 10 | 2.51 | 19.01 | ((8.25-9.24)+20.0)=x | 8.25 9.24 - 20.0 + x = | 8.25:money 9.24:money -:money 20.0:money +:money x:money =:money
EXPR: 0 | POS | FRA | 10 | 2.51 | 37.49 | ((9.24+20.0)+8.25)=x | 9.24 20.0 + 8.25 + x = | 9.24:money 20.0:money +:money 8.25:money +:money x:money =:money
EXPR: 0 | POS | FRA | 10 | 2.51 | 37.49 | x=((9.24+20.0)+8.25) | x 9.24 20.0 + 8.25 + = | x:money 9.24:money 20.0:money +:money 8.25:money +:money =:money
EXPR: 0 | POS | FRA | 10 | 2.51 | 20.99 | x=(9.24+(20.0-8.25)) | x 9.24 20.0 8.25 - + = | x:money 9.24:money 20.0:money 8.25:money -:money +:money =:money
EXPR: 0 | POS | FRA | 10 | 2.51 | 19.01 | (8.25-(9.24-20.0))=x | 8.25 9.24 20.0 - - x = | 8.25:money 9.24:money 20.0:money -:money -:money x:money =:money
EXPR: 0 | POS | FRA | 10 | 2.51 | 19.01 | x=(8.25-(9.24-20.0)) | x 8.25 9.24 20.0 - - = | x:money 8.25:money 9.24:money 20.0:money -:money -:money =:money
EXPR: 0 | POS | FRA | 10 | 2.51 | 37.49 | (8.25+(9.24+20.0))=x | 8.25 9.24 20.0 + + x = | 8.25:money 9.24:money 20.0:money +:money +:money x:money =:money
EXPR: 0 | POS | FRA | 12 | 2.51 | 20.99 | (9.24-x)=(8.25-20.0) | 9.24 x - 8.25 20.0 - = | 9.24:money x:money -:money 8.25:money 20.0:money -:money =:money
EXPR: 0 | POS | FRA | 12 | 2.51 | 20.99 | 8.25=(9.24-(x-20.0)) | 8.25 9.24 x 20.0 - - = | 8.25:money 9.24:money x:money 20.0:money -:money -:money =:money
EXPR: 1 | POS | FRA | 12 | 2.51 | 2.51 | ((8.25+x)+9.24)=20.0 | 8.25 x + 9.24 + 20.0 = | 8.25:money x:money +:money 9.24:money +:money 20.0:money =:money
EXPR: 0 | POS | FRA | 12 | 2.51 | 20.99 | 9.24=(x-(20.0-8.25)) | 9.24 x 20.0 8.25 - - = | 9.24:money x:money 20.0:money 8.25:money -:money -:money =:money
EXPR: 0 | POS | FRA | 12 | 2.51 | 20.99 | (8.25-(9.24-x))=20.0 | 8.25 9.24 x - - 20.0 = | 8.25:money 9.24:money x:money -:money -:money 20.0:money =:money
EXPR: 0 | POS | FRA | 12 | 2.51 | 19.01 | 8.25=(9.24+(x-20.0)) | 8.25 9.24 x 20.0 - + = | 8.25:money 9.24:money x:money 20.0:money -:money +:money =:money
EXPR: 1 | POS | FRA | 12 | 2.51 | 2.51 | ((x+8.25)+9.24)=20.0 | x 8.25 + 9.24 + 20.0 = | x:money 8.25:money +:money 9.24:money +:money 20.0:money =:money
EXPR: 0 | POS | FRA | 12 | 2.51 | 20.99 | 8.25=((9.24-x)+20.0) | 8.25 9.24 x - 20.0 + = | 8.25:money 9.24:money x:money -:money 20.0:money +:money =:money
EXPR: 1 | POS | FRA | 12 | 2.51 | 2.51 | 9.24=((20.0-x)-8.25) | 9.24 20.0 x - 8.25 - = | 9.24:money 20.0:money x:money -:money 8.25:money -:money =:money
EXPR: 0 | POS | FRA | 12 | 2.51 | 19.01 | 9.24=(20.0-(x-8.25)) | 9.24 20.0 x 8.25 - - = | 9.24:money 20.0:money x:money 8.25:money -:money -:money =:money
EXPR: 0 | POS | FRA | 12 | 2.51 | 19.01 | ((9.24+x)-20.0)=8.25 | 9.24 x + 20.0 - 8.25 = | 9.24:money x:money +:money 20.0:money -:money 8.25:money =:money
EXPR: 0 | POS | FRA | 12 | 2.51 | 37.49 | (x-9.24)=(8.25+20.0) | x 9.24 - 8.25 20.0 + = | x:money 9.24:money -:money 8.25:money 20.0:money +:money =:money
EXPR: 0 | POS | FRA | 12 | 2.51 | 19.01 | (9.24-(20.0-x))=8.25 | 9.24 20.0 x - - 8.25 = | 9.24:money 20.0:money x:money -:money -:money 8.25:money =:money
EXPR: 0 | POS | FRA | 12 | 2.51 | 20.99 | (9.24+(20.0-x))=8.25 | 9.24 20.0 x - + 8.25 = | 9.24:money 20.0:money x:money -:money +:money 8.25:money =:money
EXPR: 1 | POS | FRA | 12 | 2.51 | 2.51 | 9.24=((20.0-8.25)-x) | 9.24 20.0 8.25 - x - = | 9.24:money 20.0:money 8.25:money -:money x:money -:money =:money
EXPR: 0 | POS | FRA | 12 | 2.51 | 19.01 | 8.25=(9.24-(20.0-x)) | 8.25 9.24 20.0 x - - = | 8.25:money 9.24:money 20.0:money x:money -:money -:money =:money
EXPR: 0 | POS | FRA | 12 | 2.51 | 19.01 | (9.24-8.25)=(20.0-x) | 9.24 8.25 - 20.0 x - = | 9.24:money 8.25:money -:money 20.0:money x:money -:money =:money
EXPR: 0 | POS | FRA | 12 | 2.51 | 20.99 | ((8.25-9.24)+x)=20.0 | 8.25 9.24 - x + 20.0 = | 8.25:money 9.24:money -:money x:money +:money 20.0:money =:money
EXPR: 1 | POS | FRA | 12 | 2.51 | 2.51 | (8.25+(9.24+x))=20.0 | 8.25 9.24 x + + 20.0 = | 8.25:money 9.24:money x:money +:money +:money 20.0:money =:money
EXPR: 0 | POS | FRA | 12 | 2.51 | 19.01 | ((9.24-20.0)+x)=8.25 | 9.24 20.0 - x + 8.25 = | 9.24:money 20.0:money -:money x:money +:money 8.25:money =:money
EXPR: 0 | POS | FRA | 12 | 2.51 | 20.99 | (x+(8.25-9.24))=20.0 | x 8.25 9.24 - + 20.0 = | x:money 8.25:money 9.24:money -:money +:money 20.0:money =:money
EXPR: 0 | POS | FRA | 12 | 2.51 | 19.01 | (9.24+x)=(8.25+20.0) | 9.24 x + 8.25 20.0 + = | 9.24:money x:money +:money 8.25:money 20.0:money +:money =:money
EXPR: 0 | POS | FRA | 12 | 2.51 | 37.49 | 8.25=((x-9.24)-20.0) | 8.25 x 9.24 - 20.0 - = | 8.25:money x:money 9.24:money -:money 20.0:money -:money =:money
EXPR: 0 | POS | FRA | 12 | 2.51 | 19.01 | 8.25=((9.24+x)-20.0) | 8.25 9.24 x + 20.0 - = | 8.25:money 9.24:money x:money +:money 20.0:money -:money =:money
EXPR: 0 | POS | FRA | 12 | 2.51 | 19.01 | (x+(9.24-20.0))=8.25 | x 9.24 20.0 - + 8.25 = | x:money 9.24:money 20.0:money -:money +:money 8.25:money =:money
EXPR: 1 | POS | FRA | 12 | 2.51 | 2.51 | 9.24=(20.0-(x+8.25)) | 9.24 20.0 x 8.25 + - = | 9.24:money 20.0:money x:money 8.25:money +:money -:money =:money
EXPR: 0 | POS | FRA | 12 | 2.51 | 19.01 | (x-(8.25-9.24))=20.0 | x 8.25 9.24 - - 20.0 = | x:money 8.25:money 9.24:money -:money -:money 20.0:money =:money
EXPR: 0 | POS | FRA | 12 | 2.51 | 19.01 | ((x-8.25)+9.24)=20.0 | x 8.25 - 9.24 + 20.0 = | x:money 8.25:money -:money 9.24:money +:money 20.0:money =:money
EXPR: 0 | POS | FRA | 12 | 2.51 | 19.01 | 8.25=((x+9.24)-20.0) | 8.25 x 9.24 + 20.0 - = | 8.25:money x:money 9.24:money +:money 20.0:money -:money =:money
EXPR: 0 | POS | FRA | 12 | 2.51 | 19.01 | ((x+9.24)-20.0)=8.25 | x 9.24 + 20.0 - 8.25 = | x:money 9.24:money +:money 20.0:money -:money 8.25:money =:money
EXPR: 0 | POS | FRA | 12 | 2.51 | 20.99 | ((x+8.25)-9.24)=20.0 | x 8.25 + 9.24 - 20.0 = | x:money 8.25:money +:money 9.24:money -:money 20.0:money =:money
EXPR: 0 | POS | FRA | 12 | 2.51 | 19.01 | 9.24=((20.0-x)+8.25) | 9.24 20.0 x - 8.25 + = | 9.24:money 20.0:money x:money -:money 8.25:money +:money =:money
EXPR: 0 | POS | FRA | 12 | 2.51 | 37.49 | 8.25=(x-(9.24+20.0)) | 8.25 x 9.24 20.0 + - = | 8.25:money x:money 9.24:money 20.0:money +:money -:money =:money
EXPR: 0 | POS | FRA | 12 | 2.51 | 20.99 | ((9.24-x)+20.0)=8.25 | 9.24 x - 20.0 + 8.25 = | 9.24:money x:money -:money 20.0:money +:money 8.25:money =:money
EXPR: 0 | POS | FRA | 12 | 2.51 | 20.99 | 8.25=((9.24+20.0)-x) | 8.25 9.24 20.0 + x - = | 8.25:money 9.24:money 20.0:money +:money x:money -:money =:money
EXPR: 0 | POS | FRA | 12 | 2.51 | 20.99 | (9.24-(x-20.0))=8.25 | 9.24 x 20.0 - - 8.25 = | 9.24:money x:money 20.0:money -:money -:money 8.25:money =:money
EXPR: 0 | POS | FRA | 12 | 2.51 | 37.49 | (x-(9.24+20.0))=8.25 | x 9.24 20.0 + - 8.25 = | x:money 9.24:money 20.0:money +:money -:money 8.25:money =:money
EXPR: 0 | POS | FRA | 12 | 2.51 | 37.49 | ((x-8.25)-9.24)=20.0 | x 8.25 - 9.24 - 20.0 = | x:money 8.25:money -:money 9.24:money -:money 20.0:money =:money
EXPR: 0 | POS | FRA | 12 | 2.51 | 19.01 | (9.24+(x-20.0))=8.25 | 9.24 x 20.0 - + 8.25 = | 9.24:money x:money 20.0:money -:money +:money 8.25:money =:money
EXPR: 0 | POS | FRA | 12 | 2.51 | 19.01 | 8.25=(x+(9.24-20.0)) | 8.25 x 9.24 20.0 - + = | 8.25:money x:money 9.24:money 20.0:money -:money +:money =:money
EXPR: 1 | POS | FRA | 12 | 2.51 | 2.51 | 9.24=(20.0-(8.25+x)) | 9.24 20.0 8.25 x + - = | 9.24:money 20.0:money 8.25:money x:money +:money -:money =:money
EXPR: 0 | POS | FRA | 12 | 2.51 | 19.01 | (x+9.24)=(8.25+20.0) | x 9.24 + 8.25 20.0 + = | x:money 9.24:money +:money 8.25:money 20.0:money +:money =:money
EXPR: 0 | POS | FRA | 12 | 2.51 | 20.99 | ((8.25+x)-9.24)=20.0 | 8.25 x + 9.24 - 20.0 = | 8.25:money x:money +:money 9.24:money -:money 20.0:money =:money
EXPR: 0 | POS | FRA | 12 | 2.51 | 20.99 | 8.25=(9.24+(20.0-x)) | 8.25 9.24 20.0 x - + = | 8.25:money 9.24:money 20.0:money x:money -:money +:money =:money
EXPR: 0 | POS | FRA | 12 | 2.51 | 37.49 | ((x-9.24)-20.0)=8.25 | x 9.24 - 20.0 - 8.25 = | x:money 9.24:money -:money 20.0:money -:money 8.25:money =:money
EXPR: 1 | POS | FRA | 12 | 2.51 | 2.51 | (9.24+8.25)=(20.0-x) | 9.24 8.25 + 20.0 x - = | 9.24:money 8.25:money +:money 20.0:money x:money -:money =:money
EXPR: 0 | POS | FRA | 12 | 2.51 | 37.49 | 9.24=((x-20.0)-8.25) | 9.24 x 20.0 - 8.25 - = | 9.24:money x:money 20.0:money -:money 8.25:money -:money =:money
EXPR: 0 | POS | FRA | 12 | 2.51 | 19.01 | 8.25=((9.24-20.0)+x) | 8.25 9.24 20.0 - x + = | 8.25:money 9.24:money 20.0:money -:money x:money +:money =:money
EXPR: 0 | POS | FRA | 12 | 2.51 | 20.99 | ((9.24+20.0)-x)=8.25 | 9.24 20.0 + x - 8.25 = | 9.24:money 20.0:money +:money x:money -:money 8.25:money =:money
EXPR: 0 | POS | FRA | 12 | 2.51 | 20.99 | (8.25+(x-9.24))=20.0 | 8.25 x 9.24 - + 20.0 = | 8.25:money x:money 9.24:money -:money +:money 20.0:money =:money
EXPR: 1 | POS | FRA | 12 | 2.51 | 2.51 | (8.25+(x+9.24))=20.0 | 8.25 x 9.24 + + 20.0 = | 8.25:money x:money 9.24:money +:money +:money 20.0:money =:money
EXPR: 0 | POS | FRA | 12 | 2.51 | 19.01 | 9.24=(20.0+(8.25-x)) | 9.24 20.0 8.25 x - + = | 9.24:money 20.0:money 8.25:money x:money -:money +:money =:money
EXPR: 0 | POS | FRA | 12 | 2.51 | 20.99 | (9.24-8.25)=(x-20.0) | 9.24 8.25 - x 20.0 - = | 9.24:money 8.25:money -:money x:money 20.0:money -:money =:money
EXPR: 0 | POS | FRA | 12 | 2.51 | 37.49 | (9.24+8.25)=(x-20.0) | 9.24 8.25 + x 20.0 - = | 9.24:money 8.25:money +:money x:money 20.0:money -:money =:money
EXPR: 0 | POS | FRA | 12 | 2.51 | 20.99 | 9.24=((x-20.0)+8.25) | 9.24 x 20.0 - 8.25 + = | 9.24:money x:money 20.0:money -:money 8.25:money +:money =:money
EXPR: 0 | POS | FRA | 22 | 2.51 | 37.49 | (x-8.25)=(9.24+20.0) | x 8.25 - 9.24 20.0 + = | x:money 8.25:money -:money 9.24:money 20.0:money +:money =:money
EXPR: 0 | POS | FRA | 22 | 2.51 | 20.99 | (x-9.24)=(20.0-8.25) | x 9.24 - 20.0 8.25 - = | x:money 9.24:money -:money 20.0:money 8.25:money -:money =:money
EXPR: 1 | POS | FRA | 22 | 2.51 | 2.51 | (x+9.24)=(20.0-8.25) | x 9.24 + 20.0 8.25 - = | x:money 9.24:money +:money 20.0:money 8.25:money -:money =:money
EXPR: 1 | POS | FRA | 22 | 2.51 | 2.51 | (9.24+x)=(20.0-8.25) | 9.24 x + 20.0 8.25 - = | 9.24:money x:money +:money 20.0:money 8.25:money -:money =:money
EXPR: 0 | POS | FRA | 22 | 2.51 | 19.01 | (9.24-20.0)=(8.25-x) | 9.24 20.0 - 8.25 x - = | 9.24:money 20.0:money -:money 8.25:money x:money -:money =:money
EXPR: 0 | POS | FRA | 22 | 2.51 | 19.01 | (8.25-x)=(9.24-20.0) | 8.25 x - 9.24 20.0 - = | 8.25:money x:money -:money 9.24:money 20.0:money -:money =:money
EXPR: 0 | POS | FRA | 22 | 2.51 | 19.01 | (8.25-9.24)=(x-20.0) | 8.25 9.24 - x 20.0 - = | 8.25:money 9.24:money -:money x:money 20.0:money -:money =:money
EXPR: 0 | POS | FRA | 22 | 2.51 | 37.49 | (9.24+20.0)=(x-8.25) | 9.24 20.0 + x 8.25 - = | 9.24:money 20.0:money +:money x:money 8.25:money -:money =:money
EXPR: 0 | POS | FRA | 22 | 2.51 | 20.99 | (9.24+20.0)=(8.25+x) | 9.24 20.0 + 8.25 x + = | 9.24:money 20.0:money +:money 8.25:money x:money +:money =:money
EXPR: 0 | POS | FRA | 22 | 2.51 | 20.99 | (8.25+x)=(9.24+20.0) | 8.25 x + 9.24 20.0 + = | 8.25:money x:money +:money 9.24:money 20.0:money +:money =:money
EXPR: 0 | POS | FRA | 22 | 2.51 | 20.99 | (9.24+20.0)=(x+8.25) | 9.24 20.0 + x 8.25 + = | 9.24:money 20.0:money +:money x:money 8.25:money +:money =:money
EXPR: 0 | POS | FRA | 22 | 2.51 | 20.99 | (x+8.25)=(9.24+20.0) | x 8.25 + 9.24 20.0 + = | x:money 8.25:money +:money 9.24:money 20.0:money +:money =:money
EXPR: 0 | POS | FRA | 22 | 2.51 | 20.99 | (8.25-9.24)=(20.0-x) | 8.25 9.24 - 20.0 x - = | 8.25:money 9.24:money -:money 20.0:money x:money -:money =:money
EXPR: 0 | POS | FRA | 25 | 2.51 | 19.01 | x=((8.25+20.0)-9.24) | x 8.25 20.0 + 9.24 - = | x:money 8.25:money 20.0:money +:money 9.24:money -:money =:money
EXPR: 0 | POS | FRA | 25 | 2.51 | 37.49 | (20.0+(9.24+8.25))=x | 20.0 9.24 8.25 + + x = | 20.0:money 9.24:money 8.25:money +:money +:money x:money =:money
EXPR: 0 | POS | FRA | 25 | 2.51 | 19.01 | ((20.0-9.24)+8.25)=x | 20.0 9.24 - 8.25 + x = | 20.0:money 9.24:money -:money 8.25:money +:money x:money =:money
EXPR: 1 | POS | FRA | 25 | 2.51 | 2.51 | ((20.0-9.24)-8.25)=x | 20.0 9.24 - 8.25 - x = | 20.0:money 9.24:money -:money 8.25:money -:money x:money =:money
EXPR: 0 | POS | FRA | 25 | 2.51 | 20.99 | x=(20.0+(9.24-8.25)) | x 20.0 9.24 8.25 - + = | x:money 20.0:money 9.24:money 8.25:money -:money +:money =:money
EXPR: 1 | POS | FRA | 25 | 2.51 | 2.51 | x=(20.0-(9.24+8.25)) | x 20.0 9.24 8.25 + - = | x:money 20.0:money 9.24:money 8.25:money +:money -:money =:money
EXPR: 0 | POS | FRA | 25 | 2.51 | 19.01 | (8.25+(20.0-9.24))=x | 8.25 20.0 9.24 - + x = | 8.25:money 20.0:money 9.24:money -:money +:money x:money =:money
EXPR: 0 | POS | FRA | 25 | 2.51 | 19.01 | x=(8.25+(20.0-9.24)) | x 8.25 20.0 9.24 - + = | x:money 8.25:money 20.0:money 9.24:money -:money +:money =:money
EXPR: 0 | POS | FRA | 25 | 2.51 | 20.99 | (20.0+(9.24-8.25))=x | 20.0 9.24 8.25 - + x = | 20.0:money 9.24:money 8.25:money -:money +:money x:money =:money
EXPR: 0 | POS | FRA | 25 | 2.51 | 37.49 | x=((8.25+20.0)+9.24) | x 8.25 20.0 + 9.24 + = | x:money 8.25:money 20.0:money +:money 9.24:money +:money =:money
EXPR: 0 | POS | FRA | 25 | 2.51 | 19.01 | x=(20.0-(9.24-8.25)) | x 20.0 9.24 8.25 - - = | x:money 20.0:money 9.24:money 8.25:money -:money -:money =:money
EXPR: 0 | POS | FRA | 25 | 2.51 | 37.49 | ((8.25+20.0)+9.24)=x | 8.25 20.0 + 9.24 + x = | 8.25:money 20.0:money +:money 9.24:money +:money x:money =:money
EXPR: 0 | POS | FRA | 25 | 2.51 | 37.49 | x=(20.0+(9.24+8.25)) | x 20.0 9.24 8.25 + + = | x:money 20.0:money 9.24:money 8.25:money +:money +:money =:money
EXPR: 1 | POS | FRA | 25 | 2.51 | 2.51 | x=((20.0-9.24)-8.25) | x 20.0 9.24 - 8.25 - = | x:money 20.0:money 9.24:money -:money 8.25:money -:money =:money
EXPR: 0 | POS | FRA | 25 | 2.51 | 19.01 | x=((20.0-9.24)+8.25) | x 20.0 9.24 - 8.25 + = | x:money 20.0:money 9.24:money -:money 8.25:money +:money =:money
EXPR: 1 | POS | FRA | 25 | 2.51 | 2.51 | (20.0-(9.24+8.25))=x | 20.0 9.24 8.25 + - x = | 20.0:money 9.24:money 8.25:money +:money -:money x:money =:money
EXPR: 0 | POS | FRA | 25 | 2.51 | 19.01 | ((8.25+20.0)-9.24)=x | 8.25 20.0 + 9.24 - x = | 8.25:money 20.0:money +:money 9.24:money -:money x:money =:money
EXPR: 0 | POS | FRA | 25 | 2.51 | 19.01 | (20.0-(9.24-8.25))=x | 20.0 9.24 8.25 - - x = | 20.0:money 9.24:money 8.25:money -:money -:money x:money =:money
EXPR: 0 | POS | FRA | 27 | 2.51 | 37.49 | 20.0=((x-9.24)-8.25) | 20.0 x 9.24 - 8.25 - = | 20.0:money x:money 9.24:money -:money 8.25:money -:money =:money
EXPR: 1 | POS | FRA | 27 | 2.51 | 2.51 | 8.25=((20.0-9.24)-x) | 8.25 20.0 9.24 - x - = | 8.25:money 20.0:money 9.24:money -:money x:money -:money =:money
EXPR: 0 | POS | FRA | 27 | 2.51 | 20.99 | ((x+8.25)-20.0)=9.24 | x 8.25 + 20.0 - 9.24 = | x:money 8.25:money +:money 20.0:money -:money 9.24:money =:money
EXPR: 0 | POS | FRA | 27 | 2.51 | 20.99 | ((8.25+x)-20.0)=9.24 | 8.25 x + 20.0 - 9.24 = | 8.25:money x:money +:money 20.0:money -:money 9.24:money =:money
EXPR: 0 | POS | FRA | 27 | 2.51 | 37.49 | ((x-8.25)-20.0)=9.24 | x 8.25 - 20.0 - 9.24 = | x:money 8.25:money -:money 20.0:money -:money 9.24:money =:money
EXPR: 0 | POS | FRA | 27 | 2.51 | 19.01 | 8.25=(x-(20.0-9.24)) | 8.25 x 20.0 9.24 - - = | 8.25:money x:money 20.0:money 9.24:money -:money -:money =:money
EXPR: 1 | POS | FRA | 27 | 2.51 | 2.51 | 20.0=((x+9.24)+8.25) | 20.0 x 9.24 + 8.25 + = | 20.0:money x:money 9.24:money +:money 8.25:money +:money =:money
EXPR: 1 | POS | FRA | 27 | 2.51 | 2.51 | 8.25=(20.0-(9.24+x)) | 8.25 20.0 9.24 x + - = | 8.25:money 20.0:money 9.24:money x:money +:money -:money =:money
EXPR: 1 | POS | FRA | 27 | 2.51 | 2.51 | 8.25=((20.0-x)-9.24) | 8.25 20.0 x - 9.24 - = | 8.25:money 20.0:money x:money -:money 9.24:money -:money =:money
EXPR: 0 | POS | FRA | 27 | 2.51 | 20.99 | (20.0+(9.24-x))=8.25 | 20.0 9.24 x - + 8.25 = | 20.0:money 9.24:money x:money -:money +:money 8.25:money =:money
EXPR: 0 | POS | FRA | 27 | 2.51 | 19.01 | 20.0=((x+9.24)-8.25) | 20.0 x 9.24 + 8.25 - = | 20.0:money x:money 9.24:money +:money 8.25:money -:money =:money
EXPR: 1 | POS | FRA | 27 | 2.51 | 2.51 | 8.25=(20.0-(x+9.24)) | 8.25 20.0 x 9.24 + - = | 8.25:money 20.0:money x:money 9.24:money +:money -:money =:money
EXPR: 0 | POS | FRA | 27 | 2.51 | 20.99 | ((8.25-20.0)+x)=9.24 | 8.25 20.0 - x + 9.24 = | 8.25:money 20.0:money -:money x:money +:money 9.24:money =:money
EXPR: 0 | POS | FRA | 27 | 2.51 | 20.99 | 8.25=((20.0-x)+9.24) | 8.25 20.0 x - 9.24 + = | 8.25:money 20.0:money x:money -:money 9.24:money +:money =:money
EXPR: 0 | POS | FRA | 27 | 2.51 | 37.49 | ((x-20.0)-9.24)=8.25 | x 20.0 - 9.24 - 8.25 = | x:money 20.0:money -:money 9.24:money -:money 8.25:money =:money
EXPR: 0 | POS | FRA | 27 | 2.51 | 19.01 | ((8.25-x)+20.0)=9.24 | 8.25 x - 20.0 + 9.24 = | 8.25:money x:money -:money 20.0:money +:money 9.24:money =:money
EXPR: 0 | POS | FRA | 27 | 2.51 | 20.99 | 8.25=(20.0-(x-9.24)) | 8.25 20.0 x 9.24 - - = | 8.25:money 20.0:money x:money 9.24:money -:money -:money =:money
EXPR: 0 | POS | FRA | 27 | 2.51 | 19.01 | 20.0=((9.24-8.25)+x) | 20.0 9.24 8.25 - x + = | 20.0:money 9.24:money 8.25:money -:money x:money +:money =:money
EXPR: 0 | POS | FRA | 27 | 2.51 | 19.01 | ((x-20.0)+9.24)=8.25 | x 20.0 - 9.24 + 8.25 = | x:money 20.0:money -:money 9.24:money +:money 8.25:money =:money
EXPR: 1 | POS | FRA | 27 | 2.51 | 2.51 | 20.0=(9.24+(x+8.25)) | 20.0 9.24 x 8.25 + + = | 20.0:money 9.24:money x:money 8.25:money +:money +:money =:money
EXPR: 0 | POS | FRA | 27 | 2.51 | 19.01 | ((8.25+20.0)-x)=9.24 | 8.25 20.0 + x - 9.24 = | 8.25:money 20.0:money +:money x:money -:money 9.24:money =:money
EXPR: 0 | POS | FRA | 27 | 2.51 | 37.49 | (x-(8.25+20.0))=9.24 | x 8.25 20.0 + - 9.24 = | x:money 8.25:money 20.0:money +:money -:money 9.24:money =:money
EXPR: 0 | POS | FRA | 27 | 2.51 | 20.99 | 20.0=((x-9.24)+8.25) | 20.0 x 9.24 - 8.25 + = | 20.0:money x:money 9.24:money -:money 8.25:money +:money =:money
EXPR: 1 | POS | FRA | 27 | 2.51 | 2.51 | 20.0=((9.24+8.25)+x) | 20.0 9.24 8.25 + x + = | 20.0:money 9.24:money 8.25:money +:money x:money +:money =:money
EXPR: 0 | POS | FRA | 27 | 2.51 | 20.99 | (8.25-(20.0-x))=9.24 | 8.25 20.0 x - - 9.24 = | 8.25:money 20.0:money x:money -:money -:money 9.24:money =:money
EXPR: 0 | POS | FRA | 27 | 2.51 | 19.01 | (8.25-(x-20.0))=9.24 | 8.25 x 20.0 - - 9.24 = | 8.25:money x:money 20.0:money -:money -:money 9.24:money =:money
EXPR: 0 | POS | FRA | 27 | 2.51 | 20.99 | (x+(8.25-20.0))=9.24 | x 8.25 20.0 - + 9.24 = | x:money 8.25:money 20.0:money -:money +:money 9.24:money =:money
EXPR: 0 | POS | FRA | 27 | 2.51 | 19.01 | (8.25+(20.0-x))=9.24 | 8.25 20.0 x - + 9.24 = | 8.25:money 20.0:money x:money -:money +:money 9.24:money =:money
EXPR: 0 | POS | FRA | 27 | 2.51 | 37.49 | 8.25=((x-20.0)-9.24) | 8.25 x 20.0 - 9.24 - = | 8.25:money x:money 20.0:money -:money 9.24:money -:money =:money
EXPR: 0 | POS | FRA | 27 | 2.51 | 19.01 | 8.25=((x-20.0)+9.24) | 8.25 x 20.0 - 9.24 + = | 8.25:money x:money 20.0:money -:money 9.24:money +:money =:money
EXPR: 0 | POS | FRA | 27 | 2.51 | 37.49 | 20.0=(x-(9.24+8.25)) | 20.0 x 9.24 8.25 + - = | 20.0:money x:money 9.24:money 8.25:money +:money -:money =:money
EXPR: 0 | POS | FRA | 27 | 2.51 | 20.99 | 20.0=(x-(9.24-8.25)) | 20.0 x 9.24 8.25 - - = | 20.0:money x:money 9.24:money 8.25:money -:money -:money =:money
EXPR: 1 | POS | FRA | 27 | 2.51 | 2.51 | ((20.0-9.24)-x)=8.25 | 20.0 9.24 - x - 8.25 = | 20.0:money 9.24:money -:money x:money -:money 8.25:money =:money
EXPR: 0 | POS | FRA | 27 | 2.51 | 19.01 | 20.0=((9.24+x)-8.25) | 20.0 9.24 x + 8.25 - = | 20.0:money 9.24:money x:money +:money 8.25:money -:money =:money
EXPR: 0 | POS | FRA | 27 | 2.51 | 19.01 | 20.0=(9.24-(8.25-x)) | 20.0 9.24 8.25 x - - = | 20.0:money 9.24:money 8.25:money x:money -:money -:money =:money
EXPR: 1 | POS | FRA | 27 | 2.51 | 2.51 | (20.0-(9.24+x))=8.25 | 20.0 9.24 x + - 8.25 = | 20.0:money 9.24:money x:money +:money -:money 8.25:money =:money
EXPR: 0 | POS | FRA | 27 | 2.51 | 19.01 | 20.0=(x+(9.24-8.25)) | 20.0 x 9.24 8.25 - + = | 20.0:money x:money 9.24:money 8.25:money -:money +:money =:money
EXPR: 1 | POS | FRA | 27 | 2.51 | 2.51 | 20.0=((9.24+x)+8.25) | 20.0 9.24 x + 8.25 + = | 20.0:money 9.24:money x:money +:money 8.25:money +:money =:money
EXPR: 0 | POS | FRA | 27 | 2.51 | 20.99 | ((20.0-x)+9.24)=8.25 | 20.0 x - 9.24 + 8.25 = | 20.0:money x:money -:money 9.24:money +:money 8.25:money =:money
EXPR: 0 | POS | FRA | 27 | 2.51 | 20.99 | 8.25=(20.0+(9.24-x)) | 8.25 20.0 9.24 x - + = | 8.25:money 20.0:money 9.24:money x:money -:money +:money =:money
EXPR: 1 | POS | FRA | 27 | 2.51 | 2.51 | 20.0=(9.24+(8.25+x)) | 20.0 9.24 8.25 x + + = | 20.0:money 9.24:money 8.25:money x:money +:money +:money =:money
EXPR: 1 | POS | FRA | 27 | 2.51 | 2.51 | 20.0=(x+(9.24+8.25)) | 20.0 x 9.24 8.25 + + = | 20.0:money x:money 9.24:money 8.25:money +:money +:money =:money
EXPR: 0 | POS | FRA | 27 | 2.51 | 19.01 | (x-(20.0-9.24))=8.25 | x 20.0 9.24 - - 8.25 = | x:money 20.0:money 9.24:money -:money -:money 8.25:money =:money
EXPR: 1 | POS | FRA | 27 | 2.51 | 2.51 | (20.0-(x+9.24))=8.25 | 20.0 x 9.24 + - 8.25 = | 20.0:money x:money 9.24:money +:money -:money 8.25:money =:money
EXPR: 0 | POS | FRA | 27 | 2.51 | 20.99 | (20.0-(x-9.24))=8.25 | 20.0 x 9.24 - - 8.25 = | 20.0:money x:money 9.24:money -:money -:money 8.25:money =:money
EXPR: 0 | POS | FRA | 27 | 2.51 | 20.99 | (8.25+(x-20.0))=9.24 | 8.25 x 20.0 - + 9.24 = | 8.25:money x:money 20.0:money -:money +:money 9.24:money =:money
EXPR: 0 | POS | FRA | 27 | 2.51 | 19.01 | 20.0=(9.24+(x-8.25)) | 20.0 9.24 x 8.25 - + = | 20.0:money 9.24:money x:money 8.25:money -:money +:money =:money
EXPR: 1 | POS | FRA | 27 | 2.51 | 2.51 | ((20.0-x)-9.24)=8.25 | 20.0 x - 9.24 - 8.25 = | 20.0:money x:money -:money 9.24:money -:money 8.25:money =:money
EXPR: 0 | POS | FRA | 35 | 2.51 | 20.99 | x=(20.0-(8.25-9.24)) | x 20.0 8.25 9.24 - - = | x:money 20.0:money 8.25:money 9.24:money -:money -:money =:money
EXPR: 0 | POS | FRA | 35 | 2.51 | 20.99 | (20.0-(8.25-9.24))=x | 20.0 8.25 9.24 - - x = | 20.0:money 8.25:money 9.24:money -:money -:money x:money =:money
EXPR: 0 | POS | FRA | 35 | 2.51 | 20.99 | ((20.0-8.25)+9.24)=x | 20.0 8.25 - 9.24 + x = | 20.0:money 8.25:money -:money 9.24:money +:money x:money =:money
EXPR: 1 | POS | FRA | 35 | 2.51 | 2.51 | ((20.0-8.25)-9.24)=x | 20.0 8.25 - 9.24 - x = | 20.0:money 8.25:money -:money 9.24:money -:money x:money =:money
EXPR: 0 | POS | FRA | 35 | 2.51 | 19.01 | (20.0+(8.25-9.24))=x | 20.0 8.25 9.24 - + x = | 20.0:money 8.25:money 9.24:money -:money +:money x:money =:money
EXPR: 0 | POS | FRA | 35 | 2.51 | 19.01 | x=(20.0+(8.25-9.24)) | x 20.0 8.25 9.24 - + = | x:money 20.0:money 8.25:money 9.24:money -:money +:money =:money
EXPR: 1 | POS | FRA | 35 | 2.51 | 2.51 | x=((20.0-8.25)-9.24) | x 20.0 8.25 - 9.24 - = | x:money 20.0:money 8.25:money -:money 9.24:money -:money =:money
EXPR: 0 | POS | FRA | 35 | 2.51 | 20.99 | x=((20.0-8.25)+9.24) | x 20.0 8.25 - 9.24 + = | x:money 20.0:money 8.25:money -:money 9.24:money +:money =:money
EXPR: 1 | POS | FRA | 37 | 2.51 | 2.51 | (20.0-(x+8.25))=9.24 | 20.0 x 8.25 + - 9.24 = | 20.0:money x:money 8.25:money +:money -:money 9.24:money =:money
EXPR: 0 | POS | FRA | 37 | 2.51 | 20.99 | 20.0=((8.25+x)-9.24) | 20.0 8.25 x + 9.24 - = | 20.0:money 8.25:money x:money +:money 9.24:money -:money =:money
EXPR: 1 | POS | FRA | 37 | 2.51 | 2.51 | (20.0-(8.25+x))=9.24 | 20.0 8.25 x + - 9.24 = | 20.0:money 8.25:money x:money +:money -:money 9.24:money =:money
EXPR: 0 | POS | FRA | 37 | 2.51 | 19.01 | (x-8.25)=(20.0-9.24) | x 8.25 - 20.0 9.24 - = | x:money 8.25:money -:money 20.0:money 9.24:money -:money =:money
EXPR: 0 | POS | FRA | 37 | 2.51 | 19.01 | 20.0=(x-(8.25-9.24)) | 20.0 x 8.25 9.24 - - = | 20.0:money x:money 8.25:money 9.24:money -:money -:money =:money
EXPR: 0 | POS | FRA | 37 | 2.51 | 20.99 | 20.0=((x+8.25)-9.24) | 20.0 x 8.25 + 9.24 - = | 20.0:money x:money 8.25:money +:money 9.24:money -:money =:money
EXPR: 0 | POS | FRA | 37 | 2.51 | 20.99 | 20.0=((8.25-9.24)+x) | 20.0 8.25 9.24 - x + = | 20.0:money 8.25:money 9.24:money -:money x:money +:money =:money
EXPR: 0 | POS | FRA | 37 | 2.51 | 20.99 | 20.0=(x+(8.25-9.24)) | 20.0 x 8.25 9.24 - + = | 20.0:money x:money 8.25:money 9.24:money -:money +:money =:money
EXPR: 0 | POS | FRA | 37 | 2.51 | 37.49 | ((x-20.0)-8.25)=9.24 | x 20.0 - 8.25 - 9.24 = | x:money 20.0:money -:money 8.25:money -:money 9.24:money =:money
EXPR: 0 | POS | FRA | 37 | 2.51 | 20.99 | (x-(20.0-8.25))=9.24 | x 20.0 8.25 - - 9.24 = | x:money 20.0:money 8.25:money -:money -:money 9.24:money =:money
EXPR: 1 | POS | FRA | 37 | 2.51 | 2.51 | (20.0-x)=(9.24+8.25) | 20.0 x - 9.24 8.25 + = | 20.0:money x:money -:money 9.24:money 8.25:money +:money =:money
EXPR: 0 | POS | FRA | 37 | 2.51 | 19.01 | (20.0-x)=(9.24-8.25) | 20.0 x - 9.24 8.25 - = | 20.0:money x:money -:money 9.24:money 8.25:money -:money =:money
EXPR: 0 | POS | FRA | 37 | 2.51 | 19.01 | (20.0-(x-8.25))=9.24 | 20.0 x 8.25 - - 9.24 = | 20.0:money x:money 8.25:money -:money -:money 9.24:money =:money
EXPR: 0 | POS | FRA | 37 | 2.51 | 37.49 | (x-20.0)=(9.24+8.25) | x 20.0 - 9.24 8.25 + = | x:money 20.0:money -:money 9.24:money 8.25:money +:money =:money
EXPR: 0 | POS | FRA | 37 | 2.51 | 20.99 | ((x-20.0)+8.25)=9.24 | x 20.0 - 8.25 + 9.24 = | x:money 20.0:money -:money 8.25:money +:money 9.24:money =:money
EXPR: 1 | POS | FRA | 37 | 2.51 | 2.51 | (8.25+x)=(20.0-9.24) | 8.25 x + 20.0 9.24 - = | 8.25:money x:money +:money 20.0:money 9.24:money -:money =:money
EXPR: 0 | POS | FRA | 37 | 2.51 | 20.99 | 20.0=(8.25-(9.24-x)) | 20.0 8.25 9.24 x - - = | 20.0:money 8.25:money 9.24:money x:money -:money -:money =:money
EXPR: 1 | POS | FRA | 37 | 2.51 | 2.51 | 20.0=(8.25+(x+9.24)) | 20.0 8.25 x 9.24 + + = | 20.0:money 8.25:money x:money 9.24:money +:money +:money =:money
EXPR: 1 | POS | FRA | 37 | 2.51 | 2.51 | (x+8.25)=(20.0-9.24) | x 8.25 + 20.0 9.24 - = | x:money 8.25:money +:money 20.0:money 9.24:money -:money =:money
EXPR: 1 | POS | FRA | 37 | 2.51 | 2.51 | (20.0-9.24)=(x+8.25) | 20.0 9.24 - x 8.25 + = | 20.0:money 9.24:money -:money x:money 8.25:money +:money =:money
EXPR: 0 | POS | FRA | 37 | 2.51 | 37.49 | 20.0=((x-8.25)-9.24) | 20.0 x 8.25 - 9.24 - = | 20.0:money x:money 8.25:money -:money 9.24:money -:money =:money
EXPR: 0 | POS | FRA | 37 | 2.51 | 19.01 | 20.0=((x-8.25)+9.24) | 20.0 x 8.25 - 9.24 + = | 20.0:money x:money 8.25:money -:money 9.24:money +:money =:money
EXPR: 1 | POS | FRA | 37 | 2.51 | 2.51 | 20.0=((x+8.25)+9.24) | 20.0 x 8.25 + 9.24 + = | 20.0:money x:money 8.25:money +:money 9.24:money +:money =:money
EXPR: 0 | POS | FRA | 37 | 2.51 | 19.01 | (20.0-9.24)=(x-8.25) | 20.0 9.24 - x 8.25 - = | 20.0:money 9.24:money -:money x:money 8.25:money -:money =:money
EXPR: 0 | POS | FRA | 37 | 2.51 | 19.01 | (20.0+(8.25-x))=9.24 | 20.0 8.25 x - + 9.24 = | 20.0:money 8.25:money x:money -:money +:money 9.24:money =:money
EXPR: 1 | POS | FRA | 37 | 2.51 | 2.51 | ((20.0-8.25)-x)=9.24 | 20.0 8.25 - x - 9.24 = | 20.0:money 8.25:money -:money x:money -:money 9.24:money =:money
EXPR: 0 | POS | FRA | 37 | 2.51 | 20.99 | (8.25-20.0)=(9.24-x) | 8.25 20.0 - 9.24 x - = | 8.25:money 20.0:money -:money 9.24:money x:money -:money =:money
EXPR: 0 | POS | FRA | 37 | 2.51 | 19.01 | ((20.0-x)+8.25)=9.24 | 20.0 x - 8.25 + 9.24 = | 20.0:money x:money -:money 8.25:money +:money 9.24:money =:money
EXPR: 1 | POS | FRA | 37 | 2.51 | 2.51 | (20.0-9.24)=(8.25+x) | 20.0 9.24 - 8.25 x + = | 20.0:money 9.24:money -:money 8.25:money x:money +:money =:money
EXPR: 1 | POS | FRA | 37 | 2.51 | 2.51 | 20.0=(8.25+(9.24+x)) | 20.0 8.25 9.24 x + + = | 20.0:money 8.25:money 9.24:money x:money +:money +:money =:money
EXPR: 0 | POS | FRA | 37 | 2.51 | 37.49 | (8.25+20.0)=(x-9.24) | 8.25 20.0 + x 9.24 - = | 8.25:money 20.0:money +:money x:money 9.24:money -:money =:money
EXPR: 0 | POS | FRA | 37 | 2.51 | 19.01 | (8.25+20.0)=(9.24+x) | 8.25 20.0 + 9.24 x + = | 8.25:money 20.0:money +:money 9.24:money x:money +:money =:money
EXPR: 0 | POS | FRA | 37 | 2.51 | 20.99 | (x-20.0)=(9.24-8.25) | x 20.0 - 9.24 8.25 - = | x:money 20.0:money -:money 9.24:money 8.25:money -:money =:money
EXPR: 1 | POS | FRA | 37 | 2.51 | 2.51 | 20.0=((8.25+x)+9.24) | 20.0 8.25 x + 9.24 + = | 20.0:money 8.25:money x:money +:money 9.24:money +:money =:money
EXPR: 0 | POS | FRA | 37 | 2.51 | 19.01 | (8.25+20.0)=(x+9.24) | 8.25 20.0 + x 9.24 + = | 8.25:money 20.0:money +:money x:money 9.24:money +:money =:money
EXPR: 1 | POS | FRA | 37 | 2.51 | 2.51 | ((20.0-x)-8.25)=9.24 | 20.0 x - 8.25 - 9.24 = | 20.0:money x:money -:money 8.25:money -:money 9.24:money =:money
EXPR: 0 | POS | FRA | 37 | 2.51 | 20.99 | 20.0=(8.25+(x-9.24)) | 20.0 8.25 x 9.24 - + = | 20.0:money 8.25:money x:money 9.24:money -:money +:money =:money
EXPR: 1 | POS | FRA | 47 | 2.51 | 2.51 | (20.0-8.25)=(9.24+x) | 20.0 8.25 - 9.24 x + = | 20.0:money 8.25:money -:money 9.24:money x:money +:money =:money
EXPR: 0 | POS | FRA | 47 | 2.51 | 19.01 | (x-20.0)=(8.25-9.24) | x 20.0 - 8.25 9.24 - = | x:money 20.0:money -:money 8.25:money 9.24:money -:money =:money
EXPR: 1 | POS | FRA | 47 | 2.51 | 2.51 | (20.0-8.25)=(x+9.24) | 20.0 8.25 - x 9.24 + = | 20.0:money 8.25:money -:money x:money 9.24:money +:money =:money
EXPR: 0 | POS | FRA | 47 | 2.51 | 20.99 | (20.0-x)=(8.25-9.24) | 20.0 x - 8.25 9.24 - = | 20.0:money x:money -:money 8.25:money 9.24:money -:money =:money
EXPR: 0 | POS | FRA | 47 | 2.51 | 20.99 | (20.0-8.25)=(x-9.24) | 20.0 8.25 - x 9.24 - = | 20.0:money 8.25:money -:money x:money 9.24:money -:money =:money
NET 232 unique, non-negative solutions found out of 480 total solutions
