parameters: n=7 l=3 k=1 p=5 q=1 m=9
TOTAL 480 solutions found
SOLN: CORRECT | POS/NEG | INT/FRA | OBJ-SCORE | TRUE-ANS | ANS | INFIX | POSTFIX | TYPED-POSTFIX
EXPR: 0 | POS | FRA | 0 | 4.05 | 35.95 | (9.14+(6.81+20))=x | 9.14 6.81 20 + + x = | 9.14:dollar 6.81:dollar 20:dollar +:dollar +:dollar x:dollar =:dollar
EXPR: 0 | POS | FRA | 0 | 4.05 | 22.33 | x=((9.14-6.81)+20) | x 9.14 6.81 - 20 + = | x:dollar 9.14:dollar 6.81:dollar -:dollar 20:dollar +:dollar =:dollar
EXPR: 0 | POS | FRA | 0 | 4.05 | 22.33 | x=(9.14-(6.81-20)) | x 9.14 6.81 20 - - = | x:dollar 9.14:dollar 6.81:dollar 20:dollar -:dollar -:dollar =:dollar
EXPR: 0 | POS | FRA | 0 | 4.05 | 35.95 | x=(9.14+(6.81+20)) | x 9.14 6.81 20 + + = | x:dollar 9.14:dollar 6.81:dollar 20:dollar +:dollar +:dollar =:dollar
EXPR: 0 | POS | FRA | 0 | 4.05 | 35.95 | x=((9.14+6.81)+20) | x 9.14 6.81 + 20 + = | x:dollar 9.14:dollar 6.81:dollar +:dollar 20:dollar +:dollar =:dollar
EXPR: 0 | POS | FRA | 0 | 4.05 | 22.33 | (9.14-(6.81-20))=x | 9.14 6.81 20 - - x = | 9.14:dollar 6.81:dollar 20:dollar -:dollar -:dollar x:dollar =:dollar
EXPR: 0 | POS | FRA | 0 | 4.05 | 22.33 | ((9.14-6.81)+20)=x | 9.14 6.81 - 20 + x = | 9.14:dollar 6.81:dollar -:dollar 20:dollar +:dollar x:dollar =:dollar
EXPR: 0 | POS | FRA | 0 | 4.05 | 35.95 | ((9.14+6.81)+20)=x | 9.14 6.81 + 20 + x = | 9.14:dollar 6.81:dollar +:dollar 20:dollar +:dollar x:dollar =:dollar
EXPR: 0 | POS | FRA | 2 | 4.05 | 35.95 | 9.14=((x-6.81)-20) | 9.14 x 6.81 - 20 - = | 9.14:dollar x:dollar 6.81:dollar -:dollar 20:dollar -:dollar =:dollar
EXPR: 0 | POS | FRA | 2 | 4.05 | 17.67 | 9.14=(6.81+(20-x)) | 9.14 6.81 20 x - + = | 9.14:dollar 6.81:dollar 20:dollar x:dollar -:dollar +:dollar =:dollar
EXPR: 0 | POS | FRA | 2 | 4.05 | 22.33 | 9.14=(6.81-(20-x)) | 9.14 6.81 20 x - - = | 9.14:dollar 6.81:dollar 20:dollar x:dollar -:dollar -:dollar =:dollar
EXPR: 0 | POS | FRA | 2 | 4.05 | 17.67 | 9.14=((6.81+20)-x) | 9.14 6.81 20 + x - = | 9.14:dollar 6.81:dollar 20:dollar +:dollar x:dollar -:dollar =:dollar
EXPR: 0 | POS | FRA | 2 | 4.05 | 22.33 | 9.14=((6.81+x)-20) | 9.14 6.81 x + 20 - = | 9.14:dollar 6.81:dollar x:dollar +:dollar 20:dollar -:dollar =:dollar
EXPR: 0 | POS | FRA | 2 | 4.05 | 17.67 | ((9.14-6.81)+x)=20 | 9.14 6.81 - x + 20 = | 9.14:dollar 6.81:dollar -:dollar x:dollar +:dollar 20:dollar =:dollar
EXPR: 1 | POS | FRA | 2 | 4.05 | 4.05 | ((9.14+6.81)+x)=20 | 9.14 6.81 + x + 20 = | 9.14:dollar 6.81:dollar +:dollar x:dollar +:dollar 20:dollar =:dollar
EXPR: 0 | POS | FRA | 2 | 4.05 | 35.95 | 9.14=(x-(6.81+20)) | 9.14 x 6.81 20 + - = | 9.14:dollar x:dollar 6.81:dollar 20:dollar +:dollar -:dollar =:dollar
EXPR: 1 | POS | FRA | 2 | 4.05 | 4.05 | ((9.14+x)+6.81)=20 | 9.14 x + 6.81 + 20 = | 9.14:dollar x:dollar +:dollar 6.81:dollar +:dollar 20:dollar =:dollar
EXPR: 0 | POS | FRA | 2 | 4.05 | 22.33 | 9.14=((6.81-20)+x) | 9.14 6.81 20 - x + = | 9.14:dollar 6.81:dollar 20:dollar -:dollar x:dollar +:dollar =:dollar
EXPR: 0 | POS | FRA | 2 | 4.05 | 22.33 | 9.14=(x+(6.81-20)) | 9.14 x 6.81 20 - + = | 9.14:dollar x:dollar 6.81:dollar 20:dollar -:dollar +:dollar =:dollar
EXPR: 0 | POS | FRA | 2 | 4.05 | 22.33 | 9.14=((x+6.81)-20) | 9.14 x 6.81 + 20 - = | 9.14:dollar x:dollar 6.81:dollar +:dollar 20:dollar -:dollar =:dollar
EXPR: 0 | POS | FRA | 2 | 4.05 | 17.67 | 9.14=((6.81-x)+20) | 9.14 6.81 x - 20 + = | 9.14:dollar 6.81:dollar x:dollar -:dollar 20:dollar +:dollar =:dollar
EXPR: 1 | POS | FRA | 2 | 4.05 | 4.05 | ((x+9.14)+6.81)=20 | x 9.14 + 6.81 + 20 = | x:dollar 9.14:dollar +:dollar 6.81:dollar +:dollar 20:dollar =:dollar
EXPR: 0 | POS | FRA | 2 | 4.05 | 17.67 | (9.14-(6.81-x))=20 | 9.14 6.81 x - - 20 = | 9.14:dollar 6.81:dollar x:dollar -:dollar -:dollar 20:dollar =:dollar
EXPR: 0 | POS | FRA | 2 | 4.05 | 35.95 | (x-(9.14+6.81))=20 | x 9.14 6.81 + - 20 = | x:dollar 9.14:dollar 6.81:dollar +:dollar -:dollar 20:dollar =:dollar
EXPR: 0 | POS | FRA | 2 | 4.05 | 22.33 | ((x-9.14)+6.81)=20 | x 9.14 - 6.81 + 20 = | x:dollar 9.14:dollar -:dollar 6.81:dollar +:dollar 20:dollar =:dollar
EXPR: 0 | POS | FRA | 2 | 4.05 | 17.67 | ((9.14+x)-6.81)=20 | 9.14 x + 6.81 - 20 = | 9.14:dollar x:dollar +:dollar 6.81:dollar -:dollar 20:dollar =:dollar
EXPR: 0 | POS | FRA | 2 | 4.05 | 17.67 | ((x+9.14)-6.81)=20 | x 9.14 + 6.81 - 20 = | x:dollar 9.14:dollar +:dollar 6.81:dollar -:dollar 20:dollar =:dollar
EXPR: 1 | POS | FRA | 2 | 4.05 | 4.05 | (9.14+(6.81+x))=20 | 9.14 6.81 x + + 20 = | 9.14:dollar 6.81:dollar x:dollar +:dollar +:dollar 20:dollar =:dollar
EXPR: 0 | POS | FRA | 2 | 4.05 | 35.95 | ((x-9.14)-6.81)=20 | x 9.14 - 6.81 - 20 = | x:dollar 9.14:dollar -:dollar 6.81:dollar -:dollar 20:dollar =:dollar
EXPR: 0 | POS | FRA | 2 | 4.05 | 22.33 | (x-(9.14-6.81))=20 | x 9.14 6.81 - - 20 = | x:dollar 9.14:dollar 6.81:dollar -:dollar -:dollar 20:dollar =:dollar
EXPR: 0 | POS | FRA | 2 | 4.05 | 17.67 | (9.14+(x-6.81))=20 | 9.14 x 6.81 - + 20 = | 9.14:dollar x:dollar 6.81:dollar -:dollar +:dollar 20:dollar =:dollar
EXPR: 1 | POS | FRA | 2 | 4.05 | 4.05 | (9.14+(x+6.81))=20 | 9.14 x 6.81 + + 20 = | 9.14:dollar x:dollar 6.81:dollar +:dollar +:dollar 20:dollar =:dollar
EXPR: 0 | POS | FRA | 2 | 4.05 | 17.67 | 9.14=(6.81-(x-20)) | 9.14 6.81 x 20 - - = | 9.14:dollar 6.81:dollar x:dollar 20:dollar -:dollar -:dollar =:dollar
EXPR: 0 | POS | FRA | 2 | 4.05 | 22.33 | 9.14=(6.81+(x-20)) | 9.14 6.81 x 20 - + = | 9.14:dollar 6.81:dollar x:dollar 20:dollar -:dollar +:dollar =:dollar
EXPR: 1 | POS | FRA | 2 | 4.05 | 4.05 | (x+(9.14+6.81))=20 | x 9.14 6.81 + + 20 = | x:dollar 9.14:dollar 6.81:dollar +:dollar +:dollar 20:dollar =:dollar
EXPR: 0 | POS | FRA | 2 | 4.05 | 17.67 | (x+(9.14-6.81))=20 | x 9.14 6.81 - + 20 = | x:dollar 9.14:dollar 6.81:dollar -:dollar +:dollar 20:dollar =:dollar
EXPR: 0 | POS | FRA | 10 | 4.05 | 35.95 | x=(6.81+(9.14+20)) | x 6.81 9.14 20 + + = | x:dollar 6.81:dollar 9.14:dollar 20:dollar +:dollar +:dollar =:dollar
EXPR: 0 | POS | FRA | 10 | 4.05 | 22.33 | (9.14+(20-6.81))=x | 9.14 20 6.81 - + x = | 9.14:dollar 20:dollar 6.81:dollar -:dollar +:dollar x:dollar =:dollar
EXPR: 0 | POS | FRA | 10 | 4.05 | 22.33 | x=((9.14+20)-6.81) | x 9.14 20 + 6.81 - = | x:dollar 9.14:dollar 20:dollar +:dollar 6.81:dollar -:dollar =:dollar
EXPR: 0 | POS | FRA | 10 | 4.05 | 17.67 | x=((6.81-9.14)+20) | x 6.81 9.14 - 20 + = | x:dollar 6.81:dollar 9.14:dollar -:dollar 20:dollar +:dollar =:dollar
EXPR: 0 | POS | FRA | 10 | 4.05 | 22.33 | ((9.14+20)-6.81)=x | 9.14 20 + 6.81 - x = | 9.14:dollar 20:dollar +:dollar 6.81:dollar -:dollar x:dollar =:dollar
EXPR: 0 | POS | FRA | 10 | 4.05 | 17.67 | ((6.81-9.14)+20)=x | 6.81 9.14 - 20 + x = | 6.81:dollar 9.14:dollar -:dollar 20:dollar +:dollar x:dollar =:dollar
EXPR: 0 | POS | FRA | 10 | 4.05 | 35.95 | ((9.14+20)+6.81)=x | 9.14 20 + 6.81 + x = | 9.14:dollar 20:dollar +:dollar 6.81:dollar +:dollar x:dollar =:dollar
EXPR: 0 | POS | FRA | 10 | 4.05 | 35.95 | x=((9.14+20)+6.81) | x 9.14 20 + 6.81 + = | x:dollar 9.14:dollar 20:dollar +:dollar 6.81:dollar +:dollar =:dollar
EXPR: 0 | POS | FRA | 10 | 4.05 | 22.33 | x=(9.14+(20-6.81)) | x 9.14 20 6.81 - + = | x:dollar 9.14:dollar 20:dollar 6.81:dollar -:dollar +:dollar =:dollar
EXPR: 0 | POS | FRA | 10 | 4.05 | 17.67 | (6.81-(9.14-20))=x | 6.81 9.14 20 - - x = | 6.81:dollar 9.14:dollar 20:dollar -:dollar -:dollar x:dollar =:dollar
EXPR: 0 | POS | FRA | 10 | 4.05 | 17.67 | x=(6.81-(9.14-20)) | x 6.81 9.14 20 - - = | x:dollar 6.81:dollar 9.14:dollar 20:dollar -:dollar -:dollar =:dollar
EXPR: 0 | POS | FRA | 10 | 4.05 | 35.95 | (6.81+(9.14+20))=x | 6.81 9.14 20 + + x = | 6.81:dollar 9.14:dollar 20:dollar +:dollar +:dollar x:dollar =:dollar
EXPR: 0 | POS | FRA | 12 | 4.05 | 22.33 | (9.14-x)=(6.81-20) | 9.14 x - 6.81 20 - = | 9.14:dollar x:dollar -:dollar 6.81:dollar 20:dollar -:dollar =:dollar
EXPR: 0 | POS | FRA | 12 | 4.05 | 22.33 | 6.81=(9.14-(x-20)) | 6.81 9.14 x 20 - - = | 6.81:dollar 9.14:dollar x:dollar 20:dollar -:dollar -:dollar =:dollar
EXPR: 1 | POS | FRA | 12 | 4.05 | 4.05 | ((6.81+x)+9.14)=20 | 6.81 x + 9.14 + 20 = | 6.81:dollar x:dollar +:dollar 9.14:dollar +:dollar 20:dollar =:dollar
EXPR: 0 | POS | FRA | 12 | 4.05 | 22.33 | 9.14=(x-(20-6.81)) | 9.14 x 20 6.81 - - = | 9.14:dollar x:dollar 20:dollar 6.81:dollar -:dollar -:dollar =:dollar
EXPR: 0 | POS | FRA | 12 | 4.05 | 22.33 | (6.81-(9.14-x))=20 | 6.81 9.14 x - - 20 = | 6.81:dollar 9.14:dollar x:dollar -:dollar -:dollar 20:dollar =:dollar
EXPR: 0 | POS | FRA | 12 | 4.05 | 17.67 | 6.81=(9.14+(x-20)) | 6.81 9.14 x 20 - + = | 6.81:dollar 9.14:dollar x:dollar 20:dollar -:dollar +:dollar =:dollar
EXPR: 1 | POS | FRA | 12 | 4.05 | 4.05 | ((x+6.81)+9.14)=20 | x 6.81 + 9.14 + 20 = | x:dollar 6.81:dollar +:dollar 9.14:dollar +:dollar 20:dollar =:dollar
EXPR: 0 | POS | FRA | 12 | 4.05 | 22.33 | 6.81=((9.14-x)+20) | 6.81 9.14 x - 20 + = | 6.81:dollar 9.14:dollar x:dollar -:dollar 20:dollar +:dollar =:dollar
EXPR: 1 | POS | FRA | 12 | 4.05 | 4.05 | 9.14=((20-x)-6.81) | 9.14 20 x - 6.81 - = | 9.14:dollar 20:dollar x:dollar -:dollar 6.81:dollar -:dollar =:dollar
EXPR: 0 | POS | FRA | 12 | 4.05 | 17.67 | 9.14=(20-(x-6.81)) | 9.14 20 x 6.81 - - = | 9.14:dollar 20:dollar x:dollar 6.81:dollar -:dollar -:dollar =:dollar
EXPR: 0 | POS | FRA | 12 | 4.05 | 17.67 | ((9.14+x)-20)=6.81 | 9.14 x + 20 - 6.81 = | 9.14:dollar x:dollar +:dollar 20:dollar -:dollar 6.81:dollar =:dollar
EXPR: 0 | POS | FRA | 12 | 4.05 | 35.95 | (x-9.14)=(6.81+20) | x 9.14 - 6.81 20 + = | x:dollar 9.14:dollar -:dollar 6.81:dollar 20:dollar +:dollar =:dollar
EXPR: 0 | POS | FRA | 12 | 4.05 | 17.67 | (9.14-(20-x))=6.81 | 9.14 20 x - - 6.81 = | 9.14:dollar 20:dollar x:dollar -:dollar -:dollar 6.81:dollar =:dollar
EXPR: 0 | POS | FRA | 12 | 4.05 | 22.33 | (9.14+(20-x))=6.81 | 9.14 20 x - + 6.81 = | 9.14:dollar 20:dollar x:dollar -:dollar +:dollar 6.81:dollar =:dollar
EXPR: 1 | POS | FRA | 12 | 4.05 | 4.05 | 9.14=((20-6.81)-x) | 9.14 20 6.81 - x - = | 9.14:dollar 20:dollar 6.81:dollar -:dollar x:dollar -:dollar =:dollar
EXPR: 0 | POS | FRA | 12 | 4.05 | 17.67 | 6.81=(9.14-(20-x)) | 6.81 9.14 20 x - - = | 6.81:dollar 9.14:dollar 20:dollar x:dollar -:dollar -:dollar =:dollar
EXPR: 0 | POS | FRA | 12 | 4.05 | 17.67 | (9.14-6.81)=(20-x) | 9.14 6.81 - 20 x - = | 9.14:dollar 6.81:dollar -:dollar 20:dollar x:dollar -:dollar =:dollar
EXPR: 0 | POS | FRA | 12 | 4.05 | 22.33 | ((6.81-9.14)+x)=20 | 6.81 9.14 - x + 20 = | 6.81:dollar 9.14:dollar -:dollar x:dollar +:dollar 20:dollar =:dollar
EXPR: 1 | POS | FRA | 12 | 4.05 | 4.05 | (6.81+(9.14+x))=20 | 6.81 9.14 x + + 20 = | 6.81:dollar 9.14:dollar x:dollar +:dollar +:dollar 20:dollar =:dollar
EXPR: 0 | POS | FRA | 12 | 4.05 | 17.67 | ((9.14-20)+x)=6.81 | 9.14 20 - x + 6.81 = | 9.14:dollar 20:dollar -:dollar x:dollar +:dollar 6.81:dollar =:dollar
EXPR: 0 | POS | FRA | 12 | 4.05 | 22.33 | (x+(6.81-9.14))=20 | x 6.81 9.14 - + 20 = | x:dollar 6.81:dollar 9.14:dollar -:dollar +:dollar 20:dollar =:dollar
EXPR: 0 | POS | FRA | 12 | 4.05 | 17.67 | (9.14+x)=(6.81+20) | 9.14 x + 6.81 20 + = | 9.14:dollar x:dollar +:dollar 6.81:dollar 20:dollar +:dollar =:dollar
EXPR: 0 | POS | FRA | 12 | 4.05 | 35.95 | 6.81=((x-9.14)-20) | 6.81 x 9.14 - 20 - = | 6.81:dollar x:dollar 9.14:dollar -:dollar 20:dollar -:dollar =:dollar
EXPR: 0 | POS | FRA | 12 | 4.05 | 17.67 | 6.81=((9.14+x)-20) | 6.81 9.14 x + 20 - = | 6.81:dollar 9.14:dollar x:dollar +:dollar 20:dollar -:dollar =:dollar
EXPR: 0 | POS | FRA | 12 | 4.05 | 17.67 | (x+(9.14-20))=6.81 | x 9.14 20 - + 6.81 = | x:dollar 9.14:dollar 20:dollar -:dollar +:dollar 6.81:dollar =:dollar
EXPR: 1 | POS | FRA | 12 | 4.05 | 4.05 | 9.14=(20-(x+6.81)) | 9.14 20 x 6.81 + - = | 9.14:dollar 20:dollar x:dollar 6.81:dollar +:dollar -:dollar =:dollar
EXPR: 0 | POS | FRA | 12 | 4.05 | 17.67 | (x-(6.81-9.14))=20 | x 6.81 9.14 - - 20 = | x:dollar 6.81:dollar 9.14:dollar -:dollar -:dollar 20:dollar =:dollar
EXPR: 0 | POS | FRA | 12 | 4.05 | 17.67 | ((x-6.81)+9.14)=20 | x 6.81 - 9.14 + 20 = | x:dollar 6.81:dollar -:dollar 9.14:dollar +:dollar 20:dollar =:dollar
EXPR: 0 | POS | FRA | 12 | 4.05 | 17.67 | 6.81=((x+9.14)-20) | 6.81 x 9.14 + 20 - = | 6.81:dollar x:dollar 9.14:dollar +:dollar 20:dollar -:dollar =:dollar
EXPR: 0 | POS | FRA | 12 | 4.05 | 17.67 | ((x+9.14)-20)=6.81 | x 9.14 + 20 - 6.81 = | x:dollar 9.14:dollar +:dollar 20:dollar -:dollar 6.81:dollar =:dollar
EXPR: 0 | POS | FRA | 12 | 4.05 | 22.33 | ((x+6.81)-9.14)=20 | x 6.81 + 9.14 - 20 = | x:dollar 6.81:dollar +:dollar 9.14:dollar -:dollar 20:dollar =:dollar
EXPR: 0 | POS | FRA | 12 | 4.05 | 17.67 | 9.14=((20-x)+6.81) | 9.14 20 x - 6.81 + = | 9.14:dollar 20:dollar x:dollar -:dollar 6.81:dollar +:dollar =:dollar
EXPR: 0 | POS | FRA | 12 | 4.05 | 35.95 | 6.81=(x-(9.14+20)) | 6.81 x 9.14 20 + - = | 6.81:dollar x:dollar 9.14:dollar 20:dollar +:dollar -:dollar =:dollar
EXPR: 0 | POS | FRA | 12 | 4.05 | 22.33 | ((9.14-x)+20)=6.81 | 9.14 x - 20 + 6.81 = | 9.14:dollar x:dollar -:dollar 20:dollar +:dollar 6.81:dollar =:dollar
EXPR: 0 | POS | FRA | 12 | 4.05 | 22.33 | 6.81=((9.14+20)-x) | 6.81 9.14 20 + x - = | 6.81:dollar 9.14:dollar 20:dollar +:dollar x:dollar -:dollar =:dollar
EXPR: 0 | POS | FRA | 12 | 4.05 | 22.33 | (9.14-(x-20))=6.81 | 9.14 x 20 - - 6.81 = | 9.14:dollar x:dollar 20:dollar -:dollar -:dollar 6.81:dollar =:dollar
EXPR: 0 | POS | FRA | 12 | 4.05 | 35.95 | (x-(9.14+20))=6.81 | x 9.14 20 + - 6.81 = | x:dollar 9.14:dollar 20:dollar +:dollar -:dollar 6.81:dollar =:dollar
EXPR: 0 | POS | FRA | 12 | 4.05 | 35.95 | ((x-6.81)-9.14)=20 | x 6.81 - 9.14 - 20 = | x:dollar 6.81:dollar -:dollar 9.14:dollar -:dollar 20:dollar =:dollar
EXPR: 0 | POS | FRA | 12 | 4.05 | 17.67 | (9.14+(x-20))=6.81 | 9.14 x 20 - + 6.81 = | 9.14:dollar x:dollar 20:dollar -:dollar +:dollar 6.81:dollar =:dollar
EXPR: 0 | POS | FRA | 12 | 4.05 | 17.67 | 6.81=(x+(9.14-20)) | 6.81 x 9.14 20 - + = | 6.81:dollar x:dollar 9.14:dollar 20:dollar -:dollar +:dollar =:dollar
EXPR: 1 | POS | FRA | 12 | 4.05 | 4.05 | 9.14=(20-(6.81+x)) | 9.14 20 6.81 x + - = | 9.14:dollar 20:dollar 6.81:dollar x:dollar +:dollar -:dollar =:dollar
EXPR: 0 | POS | FRA | 12 | 4.05 | 17.67 | (x+9.14)=(6.81+20) | x 9.14 + 6.81 20 + = | x:dollar 9.14:dollar +:dollar 6.81:dollar 20:dollar +:dollar =:dollar
EXPR: 0 | POS | FRA | 12 | 4.05 | 22.33 | ((6.81+x)-9.14)=20 | 6.81 x + 9.14 - 20 = | 6.81:dollar x:dollar +:dollar 9.14:dollar -:dollar 20:dollar =:dollar
EXPR: 0 | POS | FRA | 12 | 4.05 | 22.33 | 6.81=(9.14+(20-x)) | 6.81 9.14 20 x - + = | 6.81:dollar 9.14:dollar 20:dollar x:dollar -:dollar +:dollar =:dollar
EXPR: 0 | POS | FRA | 12 | 4.05 | 35.95 | ((x-9.14)-20)=6.81 | x 9.14 - 20 - 6.81 = | x:dollar 9.14:dollar -:dollar 20:dollar -:dollar 6.81:dollar =:dollar
EXPR: 1 | POS | FRA | 12 | 4.05 | 4.05 | (9.14+6.81)=(20-x) | 9.14 6.81 + 20 x - = | 9.14:dollar 6.81:dollar +:dollar 20:dollar x:dollar -:dollar =:dollar
EXPR: 0 | POS | FRA | 12 | 4.05 | 35.95 | 9.14=((x-20)-6.81) | 9.14 x 20 - 6.81 - = | 9.14:dollar x:dollar 20:dollar -:dollar 6.81:dollar -:dollar =:dollar
EXPR: 0 | POS | FRA | 12 | 4.05 | 17.67 | 6.81=((9.14-20)+x) | 6.81 9.14 20 - x + = | 6.81:dollar 9.14:dollar 20:dollar -:dollar x:dollar +:dollar =:dollar
EXPR: 0 | POS | FRA | 12 | 4.05 | 22.33 | ((9.14+20)-x)=6.81 | 9.14 20 + x - 6.81 = | 9.14:dollar 20:dollar +:dollar x:dollar -:dollar 6.81:dollar =:dollar
EXPR: 0 | POS | FRA | 12 | 4.05 | 22.33 | (6.81+(x-9.14))=20 | 6.81 x 9.14 - + 20 = | 6.81:dollar x:dollar 9.14:dollar -:dollar +:dollar 20:dollar =:dollar
EXPR: 1 | POS | FRA | 12 | 4.05 | 4.05 | (6.81+(x+9.14))=20 | 6.81 x 9.14 + + 20 = | 6.81:dollar x:dollar 9.14:dollar +:dollar +:dollar 20:dollar =:dollar
EXPR: 0 | POS | FRA | 12 | 4.05 | 17.67 | 9.14=(20+(6.81-x)) | 9.14 20 6.81 x - + = | 9.14:dollar 20:dollar 6.81:dollar x:dollar -:dollar +:dollar =:dollar
EXPR: 0 | POS | FRA | 12 | 4.05 | 22.33 | (9.14-6.81)=(x-20) | 9.14 6.81 - x 20 - = | 9.14:dollar 6.81:dollar -:dollar x:dollar 20:dollar -:dollar =:dollar
EXPR: 0 | POS | FRA | 12 | 4.05 | 35.95 | (9.14+6.81)=(x-20) | 9.14 6.81 + x 20 - = | 9.14:dollar 6.81:dollar +:dollar x:dollar 20:dollar -:dollar =:dollar
EXPR: 0 | POS | FRA | 12 | 4.05 | 22.33 | 9.14=((x-20)+6.81) | 9.14 x 20 - 6.81 + = | 9.14:dollar x:dollar 20:dollar -:dollar 6.81:dollar +:dollar =:dollar
EXPR: 0 | POS | FRA | 22 | 4.05 | 35.95 | (x-6.81)=(9.14+20) | x 6.81 - 9.14 20 + = | x:dollar 6.81:dollar -:dollar 9.14:dollar 20:dollar +:dollar =:dollar
EXPR: 0 | POS | FRA | 22 | 4.05 | 22.33 | (x-9.14)=(20-6.81) | x 9.14 - 20 6.81 - = | x:dollar 9.14:dollar -:dollar 20:dollar 6.81:dollar -:dollar =:dollar
EXPR: 1 | POS | FRA | 22 | 4.05 | 4.05 | (x+9.14)=(20-6.81) | x 9.14 + 20 6.81 - = | x:dollar 9.14:dollar +:dollar 20:dollar 6.81:dollar -:dollar =:dollar
EXPR: 1 | POS | FRA | 22 | 4.05 | 4.05 | (9.14+x)=(20-6.81) | 9.14 x + 20 6.81 - = | 9.14:dollar x:dollar +:dollar 20:dollar 6.81:dollar -:dollar =:dollar
EXPR: 0 | POS | FRA | 22 | 4.05 | 17.67 | (9.14-20)=(6.81-x) | 9.14 20 - 6.81 x - = | 9.14:dollar 20:dollar -:dollar 6.81:dollar x:dollar -:dollar =:dollar
EXPR: 0 | POS | FRA | 22 | 4.05 | 17.67 | (6.81-x)=(9.14-20) | 6.81 x - 9.14 20 - = | 6.81:dollar x:dollar -:dollar 9.14:dollar 20:dollar -:dollar =:dollar
EXPR: 0 | POS | FRA | 22 | 4.05 | 17.67 | (6.81-9.14)=(x-20) | 6.81 9.14 - x 20 - = | 6.81:dollar 9.14:dollar -:dollar x:dollar 20:dollar -:dollar =:dollar
EXPR: 0 | POS | FRA | 22 | 4.05 | 35.95 | (9.14+20)=(x-6.81) | 9.14 20 + x 6.81 - = | 9.14:dollar 20:dollar +:dollar x:dollar 6.81:dollar -:dollar =:dollar
EXPR: 0 | POS | FRA | 22 | 4.05 | 22.33 | (9.14+20)=(6.81+x) | 9.14 20 + 6.81 x + = | 9.14:dollar 20:dollar +:dollar 6.81:dollar x:dollar +:dollar =:dollar
EXPR: 0 | POS | FRA | 22 | 4.05 | 22.33 | (6.81+x)=(9.14+20) | 6.81 x + 9.14 20 + = | 6.81:dollar x:dollar +:dollar 9.14:dollar 20:dollar +:dollar =:dollar
EXPR: 0 | POS | FRA | 22 | 4.05 | 22.33 | (9.14+20)=(x+6.81) | 9.14 20 + x 6.81 + = | 9.14:dollar 20:dollar +:dollar x:dollar 6.81:dollar +:dollar =:dollar
EXPR: 0 | POS | FRA | 22 | 4.05 | 22.33 | (x+6.81)=(9.14+20) | x 6.81 + 9.14 20 + = | x:dollar 6.81:dollar +:dollar 9.14:dollar 20:dollar +:dollar =:dollar
EXPR: 0 | POS | FRA | 22 | 4.05 | 22.33 | (6.81-9.14)=(20-x) | 6.81 9.14 - 20 x - = | 6.81:dollar 9.14:dollar -:dollar 20:dollar x:dollar -:dollar =:dollar
EXPR: 0 | POS | FRA | 25 | 4.05 | 17.67 | x=((6.81+20)-9.14) | x 6.81 20 + 9.14 - = | x:dollar 6.81:dollar 20:dollar +:dollar 9.14:dollar -:dollar =:dollar
EXPR: 0 | POS | FRA | 25 | 4.05 | 35.95 | (20+(9.14+6.81))=x | 20 9.14 6.81 + + x = | 20:dollar 9.14:dollar 6.81:dollar +:dollar +:dollar x:dollar =:dollar
EXPR: 0 | POS | FRA | 25 | 4.05 | 17.67 | ((20-9.14)+6.81)=x | 20 9.14 - 6.81 + x = | 20:dollar 9.14:dollar -:dollar 6.81:dollar +:dollar x:dollar =:dollar
EXPR: 1 | POS | FRA | 25 | 4.05 | 4.05 | ((20-9.14)-6.81)=x | 20 9.14 - 6.81 - x = | 20:dollar 9.14:dollar -:dollar 6.81:dollar -:dollar x:dollar =:dollar
EXPR: 0 | POS | FRA | 25 | 4.05 | 22.33 | x=(20+(9.14-6.81)) | x 20 9.14 6.81 - + = | x:dollar 20:dollar 9.14:dollar 6.81:dollar -:dollar +:dollar =:dollar
EXPR: 1 | POS | FRA | 25 | 4.05 | 4.05 | x=(20-(9.14+6.81)) | x 20 9.14 6.81 + - = | x:dollar 20:dollar 9.14:dollar 6.81:dollar +:dollar -:dollar =:dollar
EXPR: 0 | POS | FRA | 25 | 4.05 | 17.67 | (6.81+(20-9.14))=x | 6.81 20 9.14 - + x = | 6.81:dollar 20:dollar 9.14:dollar -:dollar +:dollar x:dollar =:dollar
EXPR: 0 | POS | FRA | 25 | 4.05 | 17.67 | x=(6.81+(20-9.14)) | x 6.81 20 9.14 - + = | x:dollar 6.81:dollar 20:dollar 9.14:dollar -:dollar +:dollar =:dollar
EXPR: 0 | POS | FRA | 25 | 4.05 | 22.33 | (20+(9.14-6.81))=x | 20 9.14 6.81 - + x = | 20:dollar 9.14:dollar 6.81:dollar -:dollar +:dollar x:dollar =:dollar
EXPR: 0 | POS | FRA | 25 | 4.05 | 35.95 | x=((6.81+20)+9.14) | x 6.81 20 + 9.14 + = | x:dollar 6.81:dollar 20:dollar +:dollar 9.14:dollar +:dollar =:dollar
EXPR: 0 | POS | FRA | 25 | 4.05 | 17.67 | x=(20-(9.14-6.81)) | x 20 9.14 6.81 - - = | x:dollar 20:dollar 9.14:dollar 6.81:dollar -:dollar -:dollar =:dollar
EXPR: 0 | POS | FRA | 25 | 4.05 | 35.95 | ((6.81+20)+9.14)=x | 6.81 20 + 9.14 + x = | 6.81:dollar 20:dollar +:dollar 9.14:dollar +:dollar x:dollar =:dollar
EXPR: 0 | POS | FRA | 25 | 4.05 | 35.95 | x=(20+(9.14+6.81)) | x 20 9.14 6.81 + + = | x:dollar 20:dollar 9.14:dollar 6.81:dollar +:dollar +:dollar =:dollar
EXPR: 1 | POS | FRA | 25 | 4.05 | 4.05 | x=((20-9.14)-6.81) | x 20 9.14 - 6.81 - = | x:dollar 20:dollar 9.14:dollar -:dollar 6.81:dollar -:dollar =:dollar
EXPR: 0 | POS | FRA | 25 | 4.05 | 17.67 | x=((20-9.14)+6.81) | x 20 9.14 - 6.81 + = | x:dollar 20:dollar 9.14:dollar -:dollar 6.81:dollar +:dollar =:dollar
EXPR: 1 | POS | FRA | 25 | 4.05 | 4.05 | (20-(9.14+6.81))=x | 20 9.14 6.81 + - x = | 20:dollar 9.14:dollar 6.81:dollar +:dollar -:dollar x:dollar =:dollar
EXPR: 0 | POS | FRA | 25 | 4.05 | 17.67 | ((6.81+20)-9.14)=x | 6.81 20 + 9.14 - x = | 6.81:dollar 20:dollar +:dollar 9.14:dollar -:dollar x:dollar =:dollar
EXPR: 0 | POS | FRA | 25 | 4.05 | 17.67 | (20-(9.14-6.81))=x | 20 9.14 6.81 - - x = | 20:dollar 9.14:dollar 6.81:dollar -:dollar -:dollar x:dollar =:dollar
EXPR: 0 | POS | FRA | 27 | 4.05 | 35.95 | 20=((x-9.14)-6.81) | 20 x 9.14 - 6.81 - = | 20:dollar x:dollar 9.14:dollar -:dollar 6.81:dollar -:dollar =:dollar
EXPR: 1 | POS | FRA | 27 | 4.05 | 4.05 | 6.81=((20-9.14)-x) | 6.81 20 9.14 - x - = | 6.81:dollar 20:dollar 9.14:dollar -:dollar x:dollar -:dollar =:dollar
EXPR: 0 | POS | FRA | 27 | 4.05 | 22.33 | ((x+6.81)-20)=9.14 | x 6.81 + 20 - 9.14 = | x:dollar 6.81:dollar +:dollar 20:dollar -:dollar 9.14:dollar =:dollar
EXPR: 0 | POS | FRA | 27 | 4.05 | 22.33 | ((6.81+x)-20)=9.14 | 6.81 x + 20 - 9.14 = | 6.81:dollar x:dollar +:dollar 20:dollar -:dollar 9.14:dollar =:dollar
EXPR: 0 | POS | FRA | 27 | 4.05 | 35.95 | ((x-6.81)-20)=9.14 | x 6.81 - 20 - 9.14 = | x:dollar 6.81:dollar -:dollar 20:dollar -:dollar 9.14:dollar =:dollar
EXPR: 0 | POS | FRA | 27 | 4.05 | 17.67 | 6.81=(x-(20-9.14)) | 6.81 x 20 9.14 - - = | 6.81:dollar x:dollar 20:dollar 9.14:dollar -:dollar -:dollar =:dollar
EXPR: 1 | POS | FRA | 27 | 4.05 | 4.05 | 20=((x+9.14)+6.81) | 20 x 9.14 + 6.81 + = | 20:dollar x:dollar 9.14:dollar +:dollar 6.81:dollar +:dollar =:dollar
EXPR: 1 | POS | FRA | 27 | 4.05 | 4.05 | 6.81=(20-(9.14+x)) | 6.81 20 9.14 x + - = | 6.81:dollar 20:dollar 9.14:dollar x:dollar +:dollar -:dollar =:dollar
EXPR: 1 | POS | FRA | 27 | 4.05 | 4.05 | 6.81=((20-x)-9.14) | 6.81 20 x - 9.14 - = | 6.81:dollar 20:dollar x:dollar -:dollar 9.14:dollar -:dollar =:dollar
EXPR: 0 | POS | FRA | 27 | 4.05 | 22.33 | (20+(9.14-x))=6.81 | 20 9.14 x - + 6.81 = | 20:dollar 9.14:dollar x:dollar -:dollar +:dollar 6.81:dollar =:dollar
EXPR: 0 | POS | FRA | 27 | 4.05 | 17.67 | 20=((x+9.14)-6.81) | 20 x 9.14 + 6.81 - = | 20:dollar x:dollar 9.14:dollar +:dollar 6.81:dollar -:dollar =:dollar
EXPR: 1 | POS | FRA | 27 | 4.05 | 4.05 | 6.81=(20-(x+9.14)) | 6.81 20 x 9.14 + - = | 6.81:dollar 20:dollar x:dollar 9.14:dollar +:dollar -:dollar =:dollar
EXPR: 0 | POS | FRA | 27 | 4.05 | 22.33 | ((6.81-20)+x)=9.14 | 6.81 20 - x + 9.14 = | 6.81:dollar 20:dollar -:dollar x:dollar +:dollar 9.14:dollar =:dollar
EXPR: 0 | POS | FRA | 27 | 4.05 | 22.33 | 6.81=((20-x)+9.14) | 6.81 20 x - 9.14 + = | 6.81:dollar 20:dollar x:dollar -:dollar 9.14:dollar +:dollar =:dollar
EXPR: 0 | POS | FRA | 27 | 4.05 | 35.95 | ((x-20)-9.14)=6.81 | x 20 - 9.14 - 6.81 = | x:dollar 20:dollar -:dollar 9.14:dollar -:dollar 6.81:dollar =:dollar
EXPR: 0 | POS | FRA | 27 | 4.05 | 17.67 | ((6.81-x)+20)=9.14 | 6.81 x - 20 + 9.14 = | 6.81:dollar x:dollar -:dollar 20:dollar +:dollar 9.14:dollar =:dollar
EXPR: 0 | POS | FRA | 27 | 4.05 | 22.33 | 6.81=(20-(x-9.14)) | 6.81 20 x 9.14 - - = | 6.81:dollar 20:dollar x:dollar 9.14:dollar -:dollar -:dollar =:dollar
EXPR: 0 | POS | FRA | 27 | 4.05 | 17.67 | 20=((9.14-6.81)+x) | 20 9.14 6.81 - x + = | 20:dollar 9.14:dollar 6.81:dollar -:dollar x:dollar +:dollar =:dollar
EXPR: 0 | POS | FRA | 27 | 4.05 | 17.67 | ((x-20)+9.14)=6.81 | x 20 - 9.14 + 6.81 = | x:dollar 20:dollar -:dollar 9.14:dollar +:dollar 6.81:dollar =:dollar
EXPR: 1 | POS | FRA | 27 | 4.05 | 4.05 | 20=(9.14+(x+6.81)) | 20 9.14 x 6.81 + + = | 20:dollar 9.14:dollar x:dollar 6.81:dollar +:dollar +:dollar =:dollar
EXPR: 0 | POS | FRA | 27 | 4.05 | 17.67 | ((6.81+20)-x)=9.14 | 6.81 20 + x - 9.14 = | 6.81:dollar 20:dollar +:dollar x:dollar -:dollar 9.14:dollar =:dollar
EXPR: 0 | POS | FRA | 27 | 4.05 | 35.95 | (x-(6.81+20))=9.14 | x 6.81 20 + - 9.14 = | x:dollar 6.81:dollar 20:dollar +:dollar -:dollar 9.14:dollar =:dollar
EXPR: 0 | POS | FRA | 27 | 4.05 | 22.33 | 20=((x-9.14)+6.81) | 20 x 9.14 - 6.81 + = | 20:dollar x:dollar 9.14:dollar -:dollar 6.81:dollar +:dollar =:dollar
EXPR: 1 | POS | FRA | 27 | 4.05 | 4.05 | 20=((9.14+6.81)+x) | 20 9.14 6.81 + x + = | 20:dollar 9.14:dollar 6.81:dollar +:dollar x:dollar +:dollar =:dollar
EXPR: 0 | POS | FRA | 27 | 4.05 | 22.33 | (6.81-(20-x))=9.14 | 6.81 20 x - - 9.14 = | 6.81:dollar 20:dollar x:dollar -:dollar -:dollar 9.14:dollar =:dollar
EXPR: 0 | POS | FRA | 27 | 4.05 | 17.67 | (6.81-(x-20))=9.14 | 6.81 x 20 - - 9.14 = | 6.81:dollar x:dollar 20:dollar -:dollar -:dollar 9.14:dollar =:dollar
EXPR: 0 | POS | FRA | 27 | 4.05 | 22.33 | (x+(6.81-20))=9.14 | x 6.81 20 - + 9.14 = | x:dollar 6.81:dollar 20:dollar -:dollar +:dollar 9.14:dollar =:dollar
EXPR: 0 | POS | FRA | 27 | 4.05 | 17.67 | (6.81+(20-x))=9.14 | 6.81 20 x - + 9.14 = | 6.81:dollar 20:dollar x:dollar -:dollar +:dollar 9.14:dollar =:dollar
EXPR: 0 | POS | FRA | 27 | 4.05 | 35.95 | 6.81=((x-20)-9.14) | 6.81 x 20 - 9.14 - = | 6.81:dollar x:dollar 20:dollar -:dollar 9.14:dollar -:dollar =:dollar
EXPR: 0 | POS | FRA | 27 | 4.05 | 17.67 | 6.81=((x-20)+9.14) | 6.81 x 20 - 9.14 + = | 6.81:dollar x:dollar 20:dollar -:dollar 9.14:dollar +:dollar =:dollar
EXPR: 0 | POS | FRA | 27 | 4.05 | 35.95 | 20=(x-(9.14+6.81)) | 20 x 9.14 6.81 + - = | 20:dollar x:dollar 9.14:dollar 6.81:dollar +:dollar -:dollar =:dollar
EXPR: 0 | POS | FRA | 27 | 4.05 | 22.33 | 20=(x-(9.14-6.81)) | 20 x 9.14 6.81 - - = | 20:dollar x:dollar 9.14:dollar 6.81:dollar -:dollar -:dollar =:dollar
EXPR: 1 | POS | FRA | 27 | 4.05 | 4.05 | ((20-9.14)-x)=6.81 | 20 9.14 - x - 6.81 = | 20:dollar 9.14:dollar -:dollar x:dollar -:dollar 6.81:dollar =:dollar
EXPR: 0 | POS | FRA | 27 | 4.05 | 17.67 | 20=((9.14+x)-6.81) | 20 9.14 x + 6.81 - = | 20:dollar 9.14:dollar x:dollar +:dollar 6.81:dollar -:dollar =:dollar
EXPR: 0 | POS | FRA | 27 | 4.05 | 17.67 | 20=(9.14-(6.81-x)) | 20 9.14 6.81 x - - = | 20:dollar 9.14:dollar 6.81:dollar x:dollar -:dollar -:dollar =:dollar
EXPR: 1 | POS | FRA | 27 | 4.05 | 4.05 | (20-(9.14+x))=6.81 | 20 9.14 x + - 6.81 = | 20:dollar 9.14:dollar x:dollar +:dollar -:dollar 6.81:dollar =:dollar
EXPR: 0 | POS | FRA | 27 | 4.05 | 17.67 | 20=(x+(9.14-6.81)) | 20 x 9.14 6.81 - + = | 20:dollar x:dollar 9.14:dollar 6.81:dollar -:dollar +:dollar =:dollar
EXPR: 1 | POS | FRA | 27 | 4.05 | 4.05 | 20=((9.14+x)+6.81) | 20 9.14 x + 6.81 + = | 20:dollar 9.14:dollar x:dollar +:dollar 6.81:dollar +:dollar =:dollar
EXPR: 0 | POS | FRA | 27 | 4.05 | 22.33 | ((20-x)+9.14)=6.81 | 20 x - 9.14 + 6.81 = | 20:dollar x:dollar -:dollar 9.14:dollar +:dollar 6.81:dollar =:dollar
EXPR: 0 | POS | FRA | 27 | 4.05 | 22.33 | 6.81=(20+(9.14-x)) | 6.81 20 9.14 x - + = | 6.81:dollar 20:dollar 9.14:dollar x:dollar -:dollar +:dollar =:dollar
EXPR: 1 | POS | FRA | 27 | 4.05 | 4.05 | 20=(9.14+(6.81+x)) | 20 9.14 6.81 x + + = | 20:dollar 9.14:dollar 6.81:dollar x:dollar +:dollar +:dollar =:dollar
EXPR: 1 | POS | FRA | 27 | 4.05 | 4.05 | 20=(x+(9.14+6.81)) | 20 x 9.14 6.81 + + = | 20:dollar x:dollar 9.14:dollar 6.81:dollar +:dollar +:dollar =:dollar
EXPR: 0 | POS | FRA | 27 | 4.05 | 17.67 | (x-(20-9.14))=6.81 | x 20 9.14 - - 6.81 = | x:dollar 20:dollar 9.14:dollar -:dollar -:dollar 6.81:dollar =:dollar
EXPR: 1 | POS | FRA | 27 | 4.05 | 4.05 | (20-(x+9.14))=6.81 | 20 x 9.14 + - 6.81 = | 20:dollar x:dollar 9.14:dollar +:dollar -:dollar 6.81:dollar =:dollar
EXPR: 0 | POS | FRA | 27 | 4.05 | 22.33 | (20-(x-9.14))=6.81 | 20 x 9.14 - - 6.81 = | 20:dollar x:dollar 9.14:dollar -:dollar -:dollar 6.81:dollar =:dollar
EXPR: 0 | POS | FRA | 27 | 4.05 | 22.33 | (6.81+(x-20))=9.14 | 6.81 x 20 - + 9.14 = | 6.81:dollar x:dollar 20:dollar -:dollar +:dollar 9.14:dollar =:dollar
EXPR: 0 | POS | FRA | 27 | 4.05 | 17.67 | 20=(9.14+(x-6.81)) | 20 9.14 x 6.81 - + = | 20:dollar 9.14:dollar x:dollar 6.81:dollar -:dollar +:dollar =:dollar
EXPR: 1 | POS | FRA | 27 | 4.05 | 4.05 | ((20-x)-9.14)=6.81 | 20 x - 9.14 - 6.81 = | 20:dollar x:dollar -:dollar 9.14:dollar -:dollar 6.81:dollar =:dollar
EXPR: 0 | POS | FRA | 35 | 4.05 | 22.33 | x=(20-(6.81-9.14)) | x 20 6.81 9.14 - - = | x:dollar 20:dollar 6.81:dollar 9.14:dollar -:dollar -:dollar =:dollar
EXPR: 0 | POS | FRA | 35 | 4.05 | 22.33 | (20-(6.81-9.14))=x | 20 6.81 9.14 - - x = | 20:dollar 6.81:dollar 9.14:dollar -:dollar -:dollar x:dollar =:dollar
EXPR: 0 | POS | FRA | 35 | 4.05 | 22.33 | ((20-6.81)+9.14)=x | 20 6.81 - 9.14 + x = | 20:dollar 6.81:dollar -:dollar 9.14:dollar +:dollar x:dollar =:dollar
EXPR: 1 | POS | FRA | 35 | 4.05 | 4.05 | ((20-6.81)-9.14)=x | 20 6.81 - 9.14 - x = | 20:dollar 6.81:dollar -:dollar 9.14:dollar -:dollar x:dollar =:dollar
EXPR: 0 | POS | FRA | 35 | 4.05 | 17.67 | (20+(6.81-9.14))=x | 20 6.81 9.14 - + x = | 20:dollar 6.81:dollar 9.14:dollar -:dollar +:dollar x:dollar =:dollar
EXPR: 0 | POS | FRA | 35 | 4.05 | 17.67 | x=(20+(6.81-9.14)) | x 20 6.81 9.14 - + = | x:dollar 20:dollar 6.81:dollar 9.14:dollar -:dollar +:dollar =:dollar
EXPR: 1 | POS | FRA | 35 | 4.05 | 4.05 | x=((20-6.81)-9.14) | x 20 6.81 - 9.14 - = | x:dollar 20:dollar 6.81:dollar -:dollar 9.14:dollar -:dollar =:dollar
EXPR: 0 | POS | FRA | 35 | 4.05 | 22.33 | x=((20-6.81)+9.14) | x 20 6.81 - 9.14 + = | x:dollar 20:dollar 6.81:dollar -:dollar 9.14:dollar +:dollar =:dollar
EXPR: 1 | POS | FRA | 37 | 4.05 | 4.05 | (20-(x+6.81))=9.14 | 20 x 6.81 + - 9.14 = | 20:dollar x:dollar 6.81:dollar +:dollar -:dollar 9.14:dollar =:dollar
EXPR: 0 | POS | FRA | 37 | 4.05 | 22.33 | 20=((6.81+x)-9.14) | 20 6.81 x + 9.14 - = | 20:dollar 6.81:dollar x:dollar +:dollar 9.14:dollar -:dollar =:dollar
EXPR: 1 | POS | FRA | 37 | 4.05 | 4.05 | (20-(6.81+x))=9.14 | 20 6.81 x + - 9.14 = | 20:dollar 6.81:dollar x:dollar +:dollar -:dollar 9.14:dollar =:dollar
EXPR: 0 | POS | FRA | 37 | 4.05 | 17.67 | (x-6.81)=(20-9.14) | x 6.81 - 20 9.14 - = | x:dollar 6.81:dollar -:dollar 20:dollar 9.14:dollar -:dollar =:dollar
EXPR: 0 | POS | FRA | 37 | 4.05 | 17.67 | 20=(x-(6.81-9.14)) | 20 x 6.81 9.14 - - = | 20:dollar x:dollar 6.81:dollar 9.14:dollar -:dollar -:dollar =:dollar
EXPR: 0 | POS | FRA | 37 | 4.05 | 22.33 | 20=((x+6.81)-9.14) | 20 x 6.81 + 9.14 - = | 20:dollar x:dollar 6.81:dollar +:dollar 9.14:dollar -:dollar =:dollar
EXPR: 0 | POS | FRA | 37 | 4.05 | 22.33 | 20=((6.81-9.14)+x) | 20 6.81 9.14 - x + = | 20:dollar 6.81:dollar 9.14:dollar -:dollar x:dollar +:dollar =:dollar
EXPR: 0 | POS | FRA | 37 | 4.05 | 22.33 | 20=(x+(6.81-9.14)) | 20 x 6.81 9.14 - + = | 20:dollar x:dollar 6.81:dollar 9.14:dollar -:dollar +:dollar =:dollar
EXPR: 0 | POS | FRA | 37 | 4.05 | 35.95 | ((x-20)-6.81)=9.14 | x 20 - 6.81 - 9.14 = | x:dollar 20:dollar -:dollar 6.81:dollar -:dollar 9.14:dollar =:dollar
EXPR: 0 | POS | FRA | 37 | 4.05 | 22.33 | (x-(20-6.81))=9.14 | x 20 6.81 - - 9.14 = | x:dollar 20:dollar 6.81:dollar -:dollar -:dollar 9.14:dollar =:dollar
EXPR: 1 | POS | FRA | 37 | 4.05 | 4.05 | (20-x)=(9.14+6.81) | 20 x - 9.14 6.81 + = | 20:dollar x:dollar -:dollar 9.14:dollar 6.81:dollar +:dollar =:dollar
EXPR: 0 | POS | FRA | 37 | 4.05 | 17.67 | (20-x)=(9.14-6.81) | 20 x - 9.14 6.81 - = | 20:dollar x:dollar -:dollar 9.14:dollar 6.81:dollar -:dollar =:dollar
EXPR: 0 | POS | FRA | 37 | 4.05 | 17.67 | (20-(x-6.81))=9.14 | 20 x 6.81 - - 9.14 = | 20:dollar x:dollar 6.81:dollar -:dollar -:dollar 9.14:dollar =:dollar
EXPR: 0 | POS | FRA | 37 | 4.05 | 35.95 | (x-20)=(9.14+6.81) | x 20 - 9.14 6.81 + = | x:dollar 20:dollar -:dollar 9.14:dollar 6.81:dollar +:dollar =:dollar
EXPR: 0 | POS | FRA | 37 | 4.05 | 22.33 | ((x-20)+6.81)=9.14 | x 20 - 6.81 + 9.14 = | x:dollar 20:dollar -:dollar 6.81:dollar +:dollar 9.14:dollar =:dollar
EXPR: 1 | POS | FRA | 37 | 4.05 | 4.05 | (6.81+x)=(20-9.14) | 6.81 x + 20 9.14 - = | 6.81:dollar x:dollar +:dollar 20:dollar 9.14:dollar -:dollar =:dollar
EXPR: 0 | POS | FRA | 37 | 4.05 | 22.33 | 20=(6.81-(9.14-x)) | 20 6.81 9.14 x - - = | 20:dollar 6.81:dollar 9.14:dollar x:dollar -:dollar -:dollar =:dollar
EXPR: 1 | POS | FRA | 37 | 4.05 | 4.05 | 20=(6.81+(x+9.14)) | 20 6.81 x 9.14 + + = | 20:dollar 6.81:dollar x:dollar 9.14:dollar +:dollar +:dollar =:dollar
EXPR: 1 | POS | FRA | 37 | 4.05 | 4.05 | (x+6.81)=(20-9.14) | x 6.81 + 20 9.14 - = | x:dollar 6.81:dollar +:dollar 20:dollar 9.14:dollar -:dollar =:dollar
EXPR: 1 | POS | FRA | 37 | 4.05 | 4.05 | (20-9.14)=(x+6.81) | 20 9.14 - x 6.81 + = | 20:dollar 9.14:dollar -:dollar x:dollar 6.81:dollar +:dollar =:dollar
EXPR: 0 | POS | FRA | 37 | 4.05 | 35.95 | 20=((x-6.81)-9.14) | 20 x 6.81 - 9.14 - = | 20:dollar x:dollar 6.81:dollar -:dollar 9.14:dollar -:dollar =:dollar
EXPR: 0 | POS | FRA | 37 | 4.05 | 17.67 | 20=((x-6.81)+9.14) | 20 x 6.81 - 9.14 + = | 20:dollar x:dollar 6.81:dollar -:dollar 9.14:dollar +:dollar =:dollar
EXPR: 1 | POS | FRA | 37 | 4.05 | 4.05 | 20=((x+6.81)+9.14) | 20 x 6.81 + 9.14 + = | 20:dollar x:dollar 6.81:dollar +:dollar 9.14:dollar +:dollar =:dollar
EXPR: 0 | POS | FRA | 37 | 4.05 | 17.67 | (20-9.14)=(x-6.81) | 20 9.14 - x 6.81 - = | 20:dollar 9.14:dollar -:dollar x:dollar 6.81:dollar -:dollar =:dollar
EXPR: 0 | POS | FRA | 37 | 4.05 | 17.67 | (20+(6.81-x))=9.14 | 20 6.81 x - + 9.14 = | 20:dollar 6.81:dollar x:dollar -:dollar +:dollar 9.14:dollar =:dollar
EXPR: 1 | POS | FRA | 37 | 4.05 | 4.05 | ((20-6.81)-x)=9.14 | 20 6.81 - x - 9.14 = | 20:dollar 6.81:dollar -:dollar x:dollar -:dollar 9.14:dollar =:dollar
EXPR: 0 | POS | FRA | 37 | 4.05 | 22.33 | (6.81-20)=(9.14-x) | 6.81 20 - 9.14 x - = | 6.81:dollar 20:dollar -:dollar 9.14:dollar x:dollar -:dollar =:dollar
EXPR: 0 | POS | FRA | 37 | 4.05 | 17.67 | ((20-x)+6.81)=9.14 | 20 x - 6.81 + 9.14 = | 20:dollar x:dollar -:dollar 6.81:dollar +:dollar 9.14:dollar =:dollar
EXPR: 1 | POS | FRA | 37 | 4.05 | 4.05 | (20-9.14)=(6.81+x) | 20 9.14 - 6.81 x + = | 20:dollar 9.14:dollar -:dollar 6.81:dollar x:dollar +:dollar =:dollar
EXPR: 1 | POS | FRA | 37 | 4.05 | 4.05 | 20=(6.81+(9.14+x)) | 20 6.81 9.14 x + + = | 20:dollar 6.81:dollar 9.14:dollar x:dollar +:dollar +:dollar =:dollar
EXPR: 0 | POS | FRA | 37 | 4.05 | 35.95 | (6.81+20)=(x-9.14) | 6.81 20 + x 9.14 - = | 6.81:dollar 20:dollar +:dollar x:dollar 9.14:dollar -:dollar =:dollar
EXPR: 0 | POS | FRA | 37 | 4.05 | 17.67 | (6.81+20)=(9.14+x) | 6.81 20 + 9.14 x + = | 6.81:dollar 20:dollar +:dollar 9.14:dollar x:dollar +:dollar =:dollar
EXPR: 0 | POS | FRA | 37 | 4.05 | 22.33 | (x-20)=(9.14-6.81) | x 20 - 9.14 6.81 - = | x:dollar 20:dollar -:dollar 9.14:dollar 6.81:dollar -:dollar =:dollar
EXPR: 1 | POS | FRA | 37 | 4.05 | 4.05 | 20=((6.81+x)+9.14) | 20 6.81 x + 9.14 + = | 20:dollar 6.81:dollar x:dollar +:dollar 9.14:dollar +:dollar =:dollar
EXPR: 0 | POS | FRA | 37 | 4.05 | 17.67 | (6.81+20)=(x+9.14) | 6.81 20 + x 9.14 + = | 6.81:dollar 20:dollar +:dollar x:dollar 9.14:dollar +:dollar =:dollar
EXPR: 1 | POS | FRA | 37 | 4.05 | 4.05 | ((20-x)-6.81)=9.14 | 20 x - 6.81 - 9.14 = | 20:dollar x:dollar -:dollar 6.81:dollar -:dollar 9.14:dollar =:dollar
EXPR: 0 | POS | FRA | 37 | 4.05 | 22.33 | 20=(6.81+(x-9.14)) | 20 6.81 x 9.14 - + = | 20:dollar 6.81:dollar x:dollar 9.14:dollar -:dollar +:dollar =:dollar
EXPR: 1 | POS | FRA | 47 | 4.05 | 4.05 | (20-6.81)=(9.14+x) | 20 6.81 - 9.14 x + = | 20:dollar 6.81:dollar -:dollar 9.14:dollar x:dollar +:dollar =:dollar
EXPR: 0 | POS | FRA | 47 | 4.05 | 17.67 | (x-20)=(6.81-9.14) | x 20 - 6.81 9.14 - = | x:dollar 20:dollar -:dollar 6.81:dollar 9.14:dollar -:dollar =:dollar
EXPR: 1 | POS | FRA | 47 | 4.05 | 4.05 | (20-6.81)=(x+9.14) | 20 6.81 - x 9.14 + = | 20:dollar 6.81:dollar -:dollar x:dollar 9.14:dollar +:dollar =:dollar
EXPR: 0 | POS | FRA | 47 | 4.05 | 22.33 | (20-x)=(6.81-9.14) | 20 x - 6.81 9.14 - = | 20:dollar x:dollar -:dollar 6.81:dollar 9.14:dollar -:dollar =:dollar
EXPR: 0 | POS | FRA | 47 | 4.05 | 22.33 | (20-6.81)=(x-9.14) | 20 6.81 - x 9.14 - = | 20:dollar 6.81:dollar -:dollar x:dollar 9.14:dollar -:dollar =:dollar
NET 232 unique, non-negative solutions found out of 480 total solutions
