parameters: n=9 l=4 k=1 p=5 q=2 m=10
TOTAL 804 solutions found
SOLN: CORRECT | POS/NEG | INT/FRA | OBJ-SCORE | TRUE-ANS | ANS | INFIX | POSTFIX | TYPED-POSTFIX
EXPR: 0 | POS | FRA | 0 | 36.78 | 33.6 | ((10.62*2)-(1.59-13.95))=x | 10.62 2 * 1.59 13.95 - - x = | 10.62:dollar 2:ticket *:dollar 1.59:dollar 13.95:dollar -:dollar -:dollar x:dollar =:dollar
EXPR: 0 | POS | FRA | 0 | 36.78 | 5.7 | ((10.62*2)-(1.59+13.95))=x | 10.62 2 * 1.59 13.95 + - x = | 10.62:dollar 2:ticket *:dollar 1.59:dollar 13.95:dollar +:dollar -:dollar x:dollar =:dollar
EXPR: 0 | POS | FRA | 0 | 36.78 | 17.67 | ((10.62/2)-(1.59-13.95))=x | 10.62 2 / 1.59 13.95 - - x = | 10.62:dollar 2:ticket /:dollar 1.59:dollar 13.95:dollar -:dollar -:dollar x:dollar =:dollar
EXPR: 0 | POS | FRA | 0 | 36.78 | 8.88 | x=((10.62*2)+(1.59-13.95)) | x 10.62 2 * 1.59 13.95 - + = | x:dollar 10.62:dollar 2:ticket *:dollar 1.59:dollar 13.95:dollar -:dollar +:dollar =:dollar
EXPR: 0 | POS | FRA | 0 | 36.78 | 41.7 | (10.62+(2*(1.59+13.95)))=x | 10.62 2 1.59 13.95 + * + x = | 10.62:dollar 2:ticket 1.59:dollar 13.95:dollar +:dollar *:dollar +:dollar x:dollar =:dollar
EXPR: 0 | POS | FRA | 0 | 36.78 | 17.67 | x=((10.62/2)-(1.59-13.95)) | x 10.62 2 / 1.59 13.95 - - = | x:dollar 10.62:dollar 2:ticket /:dollar 1.59:dollar 13.95:dollar -:dollar -:dollar =:dollar
EXPR: 0 | POS | FRA | 0 | 36.78 | 330.0696 | x=((10.62*2)*(1.59+13.95)) | x 10.62 2 * 1.59 13.95 + * = | x:dollar 10.62:dollar 2:ticket *:ticket 1.59:dollar 13.95:dollar +:dollar *:dollar =:dollar
EXPR: 1 | POS | FRA | 0 | 36.78 | 36.78 | x=((10.62*2)+(1.59+13.95)) | x 10.62 2 * 1.59 13.95 + + = | x:dollar 10.62:dollar 2:ticket *:dollar 1.59:dollar 13.95:dollar +:dollar +:dollar =:dollar
EXPR: 0 | POS | FRA | 0 | 36.78 | 21.39 | ((10.62-(2*1.59))+13.95)=x | 10.62 2 1.59 * - 13.95 + x = | 10.62:dollar 2:ticket 1.59:dollar *:dollar -:dollar 13.95:dollar +:dollar x:dollar =:dollar
EXPR: 0 | POS | FRA | 0 | 36.78 | 20.85 | x=((10.62/2)+(1.59+13.95)) | x 10.62 2 / 1.59 13.95 + + = | x:dollar 10.62:dollar 2:ticket /:dollar 1.59:dollar 13.95:dollar +:dollar +:dollar =:dollar
EXPR: 0 | POS | FRA | 0 | 36.78 | 33.6 | x=((10.62*2)-(1.59-13.95)) | x 10.62 2 * 1.59 13.95 - - = | x:dollar 10.62:dollar 2:ticket *:dollar 1.59:dollar 13.95:dollar -:dollar -:dollar =:dollar
EXPR: 0 | POS | FRA | 0 | 36.78 | 5.7 | (((10.62*2)-1.59)-13.95)=x | 10.62 2 * 1.59 - 13.95 - x = | 10.62:dollar 2:ticket *:dollar 1.59:dollar -:dollar 13.95:dollar -:dollar x:dollar =:dollar
EXPR: 0 | POS | FRA | 0 | 36.78 | 21.39 | x=((10.62-(2*1.59))+13.95) | x 10.62 2 1.59 * - 13.95 + = | x:dollar 10.62:dollar 2:ticket 1.59:dollar *:dollar -:dollar 13.95:dollar +:dollar =:dollar
EXPR: 0 | POS | FRA | 0 | 36.78 | 5.7 | x=((10.62*2)-(1.59+13.95)) | x 10.62 2 * 1.59 13.95 + - = | x:dollar 10.62:dollar 2:ticket *:dollar 1.59:dollar 13.95:dollar +:dollar -:dollar =:dollar
EXPR: 0 | POS | FRA | 0 | 36.78 | 27.75 | ((10.62+(2*1.59))+13.95)=x | 10.62 2 1.59 * + 13.95 + x = | 10.62:dollar 2:ticket 1.59:dollar *:dollar +:dollar 13.95:dollar +:dollar x:dollar =:dollar
EXPR: 0 | POS | FRA | 0 | 36.78 | 35.34 | (10.62-(2*(1.59-13.95)))=x | 10.62 2 1.59 13.95 - * - x = | 10.62:dollar 2:ticket 1.59:dollar 13.95:dollar -:dollar *:dollar -:dollar x:dollar =:dollar
EXPR: 0 | POS | FRA | 0 | 36.78 | 330.0696 | ((10.62*2)*(1.59+13.95))=x | 10.62 2 * 1.59 13.95 + * x = | 10.62:dollar 2:ticket *:ticket 1.59:dollar 13.95:dollar +:dollar *:dollar x:dollar =:dollar
EXPR: 1 | POS | FRA | 0 | 36.78 | 36.78 | ((10.62*2)+(1.59+13.95))=x | 10.62 2 * 1.59 13.95 + + x = | 10.62:dollar 2:ticket *:dollar 1.59:dollar 13.95:dollar +:dollar +:dollar x:dollar =:dollar
EXPR: 0 | POS | FRA | 0 | 36.78 | 27.75 | x=((10.62+(2*1.59))+13.95) | x 10.62 2 1.59 * + 13.95 + = | x:dollar 10.62:dollar 2:ticket 1.59:dollar *:dollar +:dollar 13.95:dollar +:dollar =:dollar
EXPR: 0 | POS | FRA | 0 | 36.78 | 21.39 | (10.62-((2*1.59)-13.95))=x | 10.62 2 1.59 * 13.95 - - x = | 10.62:dollar 2:ticket 1.59:dollar *:dollar 13.95:dollar -:dollar -:dollar x:dollar =:dollar
EXPR: 0 | POS | FRA | 0 | 36.78 | 33.6 | (((10.62*2)-1.59)+13.95)=x | 10.62 2 * 1.59 - 13.95 + x = | 10.62:dollar 2:ticket *:dollar 1.59:dollar -:dollar 13.95:dollar +:dollar x:dollar =:dollar
EXPR: 0 | POS | FRA | 0 | 36.78 | 17.67 | (((10.62/2)-1.59)+13.95)=x | 10.62 2 / 1.59 - 13.95 + x = | 10.62:dollar 2:ticket /:dollar 1.59:dollar -:dollar 13.95:dollar +:dollar x:dollar =:dollar
EXPR: 0 | POS | FRA | 0 | 36.78 | 20.85 | ((10.62/2)+(1.59+13.95))=x | 10.62 2 / 1.59 13.95 + + x = | 10.62:dollar 2:ticket /:dollar 1.59:dollar 13.95:dollar +:dollar +:dollar x:dollar =:dollar
EXPR: 0 | POS | FRA | 0 | 36.78 | 27.75 | (10.62+((2*1.59)+13.95))=x | 10.62 2 1.59 * 13.95 + + x = | 10.62:dollar 2:ticket 1.59:dollar *:dollar 13.95:dollar +:dollar +:dollar x:dollar =:dollar
EXPR: 0 | POS | FRA | 0 | 36.78 | 33.6 | x=(((10.62*2)-1.59)+13.95) | x 10.62 2 * 1.59 - 13.95 + = | x:dollar 10.62:dollar 2:ticket *:dollar 1.59:dollar -:dollar 13.95:dollar +:dollar =:dollar
EXPR: 0 | POS | FRA | 0 | 36.78 | 8.88 | (((10.62*2)+1.59)-13.95)=x | 10.62 2 * 1.59 + 13.95 - x = | 10.62:dollar 2:ticket *:dollar 1.59:dollar +:dollar 13.95:dollar -:dollar x:dollar =:dollar
EXPR: 1 | POS | FRA | 0 | 36.78 | 36.78 | x=(((10.62*2)+1.59)+13.95) | x 10.62 2 * 1.59 + 13.95 + = | x:dollar 10.62:dollar 2:ticket *:dollar 1.59:dollar +:dollar 13.95:dollar +:dollar =:dollar
EXPR: 0 | POS | FRA | 0 | 36.78 | 17.67 | x=(((10.62/2)-1.59)+13.95) | x 10.62 2 / 1.59 - 13.95 + = | x:dollar 10.62:dollar 2:ticket /:dollar 1.59:dollar -:dollar 13.95:dollar +:dollar =:dollar
EXPR: 0 | POS | FRA | 0 | 36.78 | 27.75 | x=(10.62+((2*1.59)+13.95)) | x 10.62 2 1.59 * 13.95 + + = | x:dollar 10.62:dollar 2:ticket 1.59:dollar *:dollar 13.95:dollar +:dollar +:dollar =:dollar
EXPR: 1 | POS | FRA | 0 | 36.78 | 36.78 | (((10.62*2)+1.59)+13.95)=x | 10.62 2 * 1.59 + 13.95 + x = | 10.62:dollar 2:ticket *:dollar 1.59:dollar +:dollar 13.95:dollar +:dollar x:dollar =:dollar
EXPR: 0 | POS | FRA | 0 | 36.78 | 20.85 | (((10.62/2)+1.59)+13.95)=x | 10.62 2 / 1.59 + 13.95 + x = | 10.62:dollar 2:ticket /:dollar 1.59:dollar +:dollar 13.95:dollar +:dollar x:dollar =:dollar
EXPR: 0 | POS | FRA | 0 | 36.78 | 5.7 | x=(((10.62*2)-1.59)-13.95) | x 10.62 2 * 1.59 - 13.95 - = | x:dollar 10.62:dollar 2:ticket *:dollar 1.59:dollar -:dollar 13.95:dollar -:dollar =:dollar
EXPR: 0 | POS | FRA | 0 | 36.78 | 8.88 | ((10.62*2)+(1.59-13.95))=x | 10.62 2 * 1.59 13.95 - + x = | 10.62:dollar 2:ticket *:dollar 1.59:dollar 13.95:dollar -:dollar +:dollar x:dollar =:dollar
EXPR: 0 | POS | FRA | 0 | 36.78 | 21.39 | x=(10.62-((2*1.59)-13.95)) | x 10.62 2 1.59 * 13.95 - - = | x:dollar 10.62:dollar 2:ticket 1.59:dollar *:dollar 13.95:dollar -:dollar -:dollar =:dollar
EXPR: 0 | POS | FRA | 0 | 36.78 | 8.88 | x=(((10.62*2)+1.59)-13.95) | x 10.62 2 * 1.59 + 13.95 - = | x:dollar 10.62:dollar 2:ticket *:dollar 1.59:dollar +:dollar 13.95:dollar -:dollar =:dollar
EXPR: 0 | POS | FRA | 0 | 36.78 | 41.7 | x=(10.62+(2*(1.59+13.95))) | x 10.62 2 1.59 13.95 + * + = | x:dollar 10.62:dollar 2:ticket 1.59:dollar 13.95:dollar +:dollar *:dollar +:dollar =:dollar
EXPR: 0 | POS | FRA | 0 | 36.78 | 20.85 | x=(((10.62/2)+1.59)+13.95) | x 10.62 2 / 1.59 + 13.95 + = | x:dollar 10.62:dollar 2:ticket /:dollar 1.59:dollar +:dollar 13.95:dollar +:dollar =:dollar
EXPR: 0 | POS | FRA | 0 | 36.78 | 35.34 | x=(10.62-(2*(1.59-13.95))) | x 10.62 2 1.59 13.95 - * - = | x:dollar 10.62:dollar 2:ticket 1.59:dollar 13.95:dollar -:dollar *:dollar -:dollar =:dollar
EXPR: 0 | POS | FRA | 2 | 36.78 | 5.7 | ((10.62*2)-(x+1.59))=13.95 | 10.62 2 * x 1.59 + - 13.95 = | 10.62:dollar 2:ticket *:dollar x:dollar 1.59:dollar +:dollar -:dollar 13.95:dollar =:dollar
EXPR: 0 | POS | FRA | 2 | 36.78 | 5.7 | (((10.62*2)-1.59)-x)=13.95 | 10.62 2 * 1.59 - x - 13.95 = | 10.62:dollar 2:ticket *:dollar 1.59:dollar -:dollar x:dollar -:dollar 13.95:dollar =:dollar
EXPR: 0 | POS | FRA | 2 | 36.78 | 0.075 | (10.62+(2*(1.59+x)))=13.95 | 10.62 2 1.59 x + * + 13.95 = | 10.62:dollar 2:ticket 1.59:dollar x:dollar +:dollar *:dollar +:dollar 13.95:dollar =:dollar
EXPR: 0 | POS | FRA | 2 | 36.78 | 7.05 | ((10.62/2)+(1.59+x))=13.95 | 10.62 2 / 1.59 x + + 13.95 = | 10.62:dollar 2:ticket /:dollar 1.59:dollar x:dollar +:dollar +:dollar 13.95:dollar =:dollar
EXPR: 0 | POS | FRA | 2 | 36.78 | 0.933220338983051 | ((10.62*2)*(1.59-x))=13.95 | 10.62 2 * 1.59 x - * 13.95 = | 10.62:dollar 2:ticket *:ticket 1.59:dollar x:dollar -:dollar *:dollar 13.95:dollar =:dollar
EXPR: 0 | POS | FRA | 2 | 36.78 | 8.88 | (((10.62*2)+1.59)-x)=13.95 | 10.62 2 * 1.59 + x - 13.95 = | 10.62:dollar 2:ticket *:dollar 1.59:dollar +:dollar x:dollar -:dollar 13.95:dollar =:dollar
EXPR: 0 | POS | FRA | 2 | 36.78 | 10.23 | (((10.62/2)-1.59)+x)=13.95 | 10.62 2 / 1.59 - x + 13.95 = | 10.62:dollar 2:ticket /:dollar 1.59:dollar -:dollar x:dollar +:dollar 13.95:dollar =:dollar
EXPR: 0 | POS | FRA | 2 | 36.78 | 7.05 | (((10.62/2)+1.59)+x)=13.95 | 10.62 2 / 1.59 + x + 13.95 = | 10.62:dollar 2:ticket /:dollar 1.59:dollar +:dollar x:dollar +:dollar 13.95:dollar =:dollar
EXPR: 0 | POS | FRA | 2 | 36.78 | 8.88 | ((10.62*2)+(1.59-x))=13.95 | 10.62 2 * 1.59 x - + 13.95 = | 10.62:dollar 2:ticket *:dollar 1.59:dollar x:dollar -:dollar +:dollar 13.95:dollar =:dollar
EXPR: 0 | POS | FRA | 10 | 36.78 | 196.1148 | x=((10.62+2)*(1.59+13.95)) | x 10.62 2 + 1.59 13.95 + * = | x:dollar 10.62:ticket 2:ticket +:ticket 1.59:dollar 13.95:dollar +:dollar *:dollar =:dollar
EXPR: 0 | POS | FRA | 10 | 36.78 | 5.42397849462366 | x=((10.62/2)+(1.59/13.95)) | x 10.62 2 / 1.59 13.95 / + = | x:dollar 10.62:dollar 2:ticket /:dollar 1.59:dollar 13.95:ticket /:dollar +:dollar =:dollar
EXPR: 0 | POS | FRA | 10 | 36.78 | 5.19602150537634 | x=((10.62/2)-(1.59/13.95)) | x 10.62 2 / 1.59 13.95 / - = | x:dollar 10.62:dollar 2:ticket /:dollar 1.59:dollar 13.95:ticket /:dollar -:dollar =:dollar
EXPR: 0 | POS | FRA | 10 | 36.78 | 165.696169811321 | ((10.62+(2/1.59))*13.95)=x | 10.62 2 1.59 / + 13.95 * x = | 10.62:ticket 2:ticket 1.59:dollar /:ticket +:ticket 13.95:dollar *:dollar x:dollar =:dollar
EXPR: 0 | POS | FRA | 10 | 36.78 | 21.3539784946237 | x=((10.62*2)+(1.59/13.95)) | x 10.62 2 * 1.59 13.95 / + = | x:dollar 10.62:dollar 2:ticket *:dollar 1.59:dollar 13.95:ticket /:dollar +:dollar =:dollar
EXPR: 0 | POS | FRA | 10 | 36.78 | 0.533333333333333 | x=((10.62-(2*1.59))/13.95) | x 10.62 2 1.59 * - 13.95 / = | x:dollar 10.62:dollar 2:ticket 1.59:dollar *:dollar -:dollar 13.95:ticket /:dollar =:dollar
EXPR: 0 | POS | FRA | 10 | 36.78 | 18.3042 | x=((10.62*(2-1.59))+13.95) | x 10.62 2 1.59 - * 13.95 + = | x:dollar 10.62:dollar 2:ticket 1.59:ticket -:ticket *:dollar 13.95:dollar +:dollar =:dollar
EXPR: 0 | POS | FRA | 10 | 36.78 | 27.4905 | x=((10.62/2)+(1.59*13.95)) | x 10.62 2 / 1.59 13.95 * + = | x:dollar 10.62:dollar 2:ticket /:dollar 1.59:dollar 13.95:ticket *:dollar +:dollar =:dollar
EXPR: 0 | POS | FRA | 10 | 36.78 | 11.9524390243902 | ((10.62/(2-1.59))-13.95)=x | 10.62 2 1.59 - / 13.95 - x = | 10.62:dollar 2:ticket 1.59:ticket -:ticket /:dollar 13.95:dollar -:dollar x:dollar =:dollar
EXPR: 0 | POS | FRA | 10 | 36.78 | 40.11 | (10.62+((2*13.95)+1.59))=x | 10.62 2 13.95 * 1.59 + + x = | 10.62:dollar 2:ticket 13.95:dollar *:dollar 1.59:dollar +:dollar +:dollar x:dollar =:dollar
EXPR: 0 | POS | FRA | 10 | 36.78 | 60.7005 | x=(10.62+((2+1.59)*13.95)) | x 10.62 2 1.59 + 13.95 * + = | x:dollar 10.62:dollar 2:ticket 1.59:ticket +:ticket 13.95:dollar *:dollar +:dollar =:dollar
EXPR: 0 | POS | FRA | 10 | 36.78 | 16.3395 | x=(10.62+((2-1.59)*13.95)) | x 10.62 2 1.59 - 13.95 * + = | x:dollar 10.62:dollar 2:ticket 1.59:ticket -:ticket 13.95:dollar *:dollar +:dollar =:dollar
EXPR: 0 | POS | FRA | 10 | 36.78 | 24.1758 | x=((10.62*(2+1.59))-13.95) | x 10.62 2 1.59 + * 13.95 - = | x:dollar 10.62:dollar 2:ticket 1.59:ticket +:ticket *:dollar 13.95:dollar -:dollar =:dollar
EXPR: 0 | POS | FRA | 10 | 36.78 | 5.7 | (((10.62*2)-13.95)-1.59)=x | 10.62 2 * 13.95 - 1.59 - x = | 10.62:dollar 2:ticket *:dollar 13.95:dollar -:dollar 1.59:dollar -:dollar x:dollar =:dollar
EXPR: 0 | POS | FRA | 10 | 36.78 | 8.88 | (((10.62*2)-13.95)+1.59)=x | 10.62 2 * 13.95 - 1.59 + x = | 10.62:dollar 2:ticket *:dollar 13.95:dollar -:dollar 1.59:dollar +:dollar x:dollar =:dollar
EXPR: 0 | POS | FRA | 10 | 36.78 | 36.93 | ((10.62+(2*13.95))-1.59)=x | 10.62 2 13.95 * + 1.59 - x = | 10.62:dollar 2:ticket 13.95:dollar *:dollar +:dollar 1.59:dollar -:dollar x:dollar =:dollar
EXPR: 0 | POS | FRA | 10 | 36.78 | 161.507490566038 | (10.62*((2/1.59)+13.95))=x | 10.62 2 1.59 / 13.95 + * x = | 10.62:dollar 2:ticket 1.59:dollar /:ticket 13.95:ticket +:ticket *:dollar x:dollar =:dollar
EXPR: 0 | POS | FRA | 10 | 36.78 | 274.1175 | (((10.62*2)-1.59)*13.95)=x | 10.62 2 * 1.59 - 13.95 * x = | 10.62:dollar 2:ticket *:ticket 1.59:ticket -:ticket 13.95:dollar *:dollar x:dollar =:dollar
EXPR: 0 | POS | FRA | 10 | 36.78 | 318.4785 | (((10.62*2)+1.59)*13.95)=x | 10.62 2 * 1.59 + 13.95 * x = | 10.62:dollar 2:ticket *:ticket 1.59:ticket +:ticket 13.95:dollar *:dollar x:dollar =:dollar
EXPR: 0 | POS | FRA | 10 | 36.78 | 27.4905 | ((10.62/2)+(1.59*13.95))=x | 10.62 2 / 1.59 13.95 * + x = | 10.62:dollar 2:ticket /:dollar 1.59:ticket 13.95:dollar *:dollar +:dollar x:dollar =:dollar
EXPR: 0 | POS | FRA | 10 | 36.78 | 1.36679536679537 | x=((10.62*2)/(1.59+13.95)) | x 10.62 2 * 1.59 13.95 + / = | x:ticket 10.62:dollar 2:ticket *:ticket 1.59:dollar 13.95:dollar +:dollar /:ticket =:ticket
EXPR: 0 | POS | FRA | 10 | 36.78 | 24.98 | ((10.62+2)-(1.59-13.95))=x | 10.62 2 + 1.59 13.95 - - x = | 10.62:dollar 2:dollar +:dollar 1.59:dollar 13.95:dollar -:dollar -:dollar x:dollar =:dollar
EXPR: 0 | POS | FRA | 10 | 36.78 | 38.37 | (((10.62+1.59)*2)+13.95)=x | 10.62 1.59 + 2 * 13.95 + x = | 10.62:dollar 1.59:dollar +:dollar 2:ticket *:dollar 13.95:dollar +:dollar x:dollar =:dollar
EXPR: 0 | POS | FRA | 10 | 36.78 | 20.055 | (((10.62+1.59)/2)+13.95)=x | 10.62 1.59 + 2 / 13.95 + x = | 10.62:dollar 1.59:dollar +:dollar 2:ticket /:dollar 13.95:dollar +:dollar x:dollar =:dollar
EXPR: 0 | POS | FRA | 10 | 36.78 | 4.11 | ((2*(10.62-1.59))-13.95)=x | 2 10.62 1.59 - * 13.95 - x = | 2:ticket 10.62:dollar 1.59:dollar -:dollar *:dollar 13.95:dollar -:dollar x:dollar =:dollar
EXPR: 0 | POS | FRA | 12 | 36.78 | 5.7 | ((10.62*2)-(13.95+x))=1.59 | 10.62 2 * 13.95 x + - 1.59 = | 10.62:dollar 2:ticket *:dollar 13.95:dollar x:dollar +:dollar -:dollar 1.59:dollar =:dollar
EXPR: 0 | POS | FRA | 12 | 36.78 | 1.17445382244861 | ((10.62+(2/1.59))*x)=13.95 | 10.62 2 1.59 / + x * 13.95 = | 10.62:ticket 2:ticket 1.59:dollar /:ticket +:ticket x:dollar *:dollar 13.95:dollar =:dollar
EXPR: 0 | POS | FRA | 12 | 36.78 | 0.927576601671309 | (10.62+((2+1.59)*x))=13.95 | 10.62 2 1.59 + x * + 13.95 = | 10.62:dollar 2:ticket 1.59:ticket +:ticket x:dollar *:dollar +:dollar 13.95:dollar =:dollar
EXPR: 0 | POS | FRA | 12 | 36.78 | 1.40860215053763 | (((10.62*2)-1.59)/x)=13.95 | 10.62 2 * 1.59 - x / 13.95 = | 10.62:dollar 2:ticket *:dollar 1.59:dollar -:dollar x:ticket /:dollar 13.95:dollar =:dollar
EXPR: 0 | POS | FRA | 12 | 36.78 | 9.435 | (10.62-(2*(13.95-x)))=1.59 | 10.62 2 13.95 x - * - 1.59 = | 10.62:dollar 2:ticket 13.95:dollar x:dollar -:dollar *:dollar -:dollar 1.59:dollar =:dollar
EXPR: 0 | POS | FRA | 12 | 36.78 | 2.85922330097087 | ((10.62/(x-2))+1.59)=13.95 | 10.62 x 2 - / 1.59 + 13.95 = | 10.62:dollar x:ticket 2:ticket -:ticket /:dollar 1.59:dollar +:dollar 13.95:dollar =:dollar
EXPR: 0 | POS | FRA | 12 | 36.78 | 12.4664150943396 | (((10.62*2)-x)*1.59)=13.95 | 10.62 2 * x - 1.59 * 13.95 = | 10.62:dollar 2:ticket *:ticket x:ticket -:ticket 1.59:dollar *:dollar 13.95:dollar =:dollar
EXPR: 0 | POS | FRA | 12 | 36.78 | 0.611038107752957 | (((10.62*2)+1.59)*x)=13.95 | 10.62 2 * 1.59 + x * 13.95 = | 10.62:dollar 2:ticket *:dollar 1.59:dollar +:dollar x:ticket *:dollar 13.95:dollar =:dollar
EXPR: 0 | POS | FRA | 12 | 36.78 | 3.1638418079096 | ((10.62*(x-2))+1.59)=13.95 | 10.62 x 2 - * 1.59 + 13.95 = | 10.62:dollar x:ticket 2:ticket -:ticket *:dollar 1.59:dollar +:dollar 13.95:dollar =:dollar
EXPR: 0 | POS | FRA | 12 | 36.78 | 18.87 | (10.62-((2*13.95)-x))=1.59 | 10.62 2 13.95 * x - - 1.59 = | 10.62:dollar 2:ticket 13.95:dollar *:dollar x:dollar -:dollar -:dollar 1.59:dollar =:dollar
EXPR: 0 | POS | FRA | 12 | 36.78 | 24.16 | 10.62=(2+(x-(1.59+13.95))) | 10.62 2 x 1.59 13.95 + - + = | 10.62:dollar 2:dollar x:dollar 1.59:dollar 13.95:dollar +:dollar -:dollar +:dollar =:dollar
EXPR: 0 | POS | FRA | 12 | 36.78 | 2.92 | (((10.62+2)+x)-1.59)=13.95 | 10.62 2 + x + 1.59 - 13.95 = | 10.62:dollar 2:dollar +:dollar x:dollar +:dollar 1.59:dollar -:dollar 13.95:dollar =:dollar
EXPR: 0 | POS | FRA | 12 | 36.78 | 24.1758 | ((10.62*(2+1.59))-x)=13.95 | 10.62 2 1.59 + * x - 13.95 = | 10.62:dollar 2:ticket 1.59:ticket +:ticket *:dollar x:dollar -:dollar 13.95:dollar =:dollar
EXPR: 0 | POS | FRA | 12 | 36.78 | 23.4043902439024 | ((10.62+x)*(2-1.59))=13.95 | 10.62 x + 2 1.59 - * 13.95 = | 10.62:dollar x:dollar +:dollar 2:ticket 1.59:ticket -:ticket *:dollar 13.95:dollar =:dollar
EXPR: 0 | POS | FRA | 12 | 36.78 | 6.92 | (10.62-(2+(1.59-x)))=13.95 | 10.62 2 1.59 x - + - 13.95 = | 10.62:dollar 2:dollar 1.59:dollar x:dollar -:dollar +:dollar -:dollar 13.95:dollar =:dollar
EXPR: 0 | POS | FRA | 20 | 36.78 | 30.8005 | (10.62-(2-(1.59*13.95)))=x | 10.62 2 1.59 13.95 * - - x = | 10.62:dollar 2:dollar 1.59:ticket 13.95:dollar *:dollar -:dollar -:dollar x:dollar =:dollar
EXPR: 0 | POS | FRA | 20 | 36.78 | 2.25583072100313 | x=((10.62/(2+13.95))+1.59) | x 10.62 2 13.95 + / 1.59 + = | x:dollar 10.62:dollar 2:ticket 13.95:ticket +:ticket /:dollar 1.59:dollar +:dollar =:dollar
EXPR: 0 | POS | FRA | 20 | 36.78 | 45.96 | x=(2*((10.62-1.59)+13.95)) | x 2 10.62 1.59 - 13.95 + * = | x:ticket 2:ticket 10.62:dollar 1.59:dollar -:dollar 13.95:dollar +:dollar *:ticket =:ticket
EXPR: 0 | POS | FRA | 20 | 36.78 | 24.16 | (((10.62-2)+13.95)+1.59)=x | 10.62 2 - 13.95 + 1.59 + x = | 10.62:dollar 2:dollar -:dollar 13.95:dollar +:dollar 1.59:dollar +:dollar x:dollar =:dollar
EXPR: 0 | POS | FRA | 20 | 36.78 | 4.9005 | (10.62+((1.59-2)*13.95))=x | 10.62 1.59 2 - 13.95 * + x = | 10.62:dollar 1.59:ticket 2:ticket -:ticket 13.95:dollar *:dollar +:dollar x:dollar =:dollar
EXPR: 0 | POS | FRA | 20 | 36.78 | 3.74 | x=(2-(10.62+(1.59-13.95))) | x 2 10.62 1.59 13.95 - + - = | x:dollar 2:dollar 10.62:dollar 1.59:dollar 13.95:dollar -:dollar +:dollar -:dollar =:dollar
EXPR: 0 | POS | FRA | 20 | 36.78 | 43.4205 | x=((10.62*2)+(1.59*13.95)) | x 10.62 2 * 1.59 13.95 * + = | x:ticket 10.62:dollar 2:ticket *:ticket 1.59:dollar 13.95:ticket *:ticket +:ticket =:ticket
EXPR: 0 | POS | FRA | 20 | 36.78 | 0.671121029733324 | ((10.62-(2/1.59))/13.95)=x | 10.62 2 1.59 / - 13.95 / x = | 10.62:ticket 2:ticket 1.59:dollar /:ticket -:ticket 13.95:dollar /:ticket x:ticket =:ticket
EXPR: 0 | POS | FRA | 20 | 36.78 | 24.98 | ((10.62-1.59)+(2+13.95))=x | 10.62 1.59 - 2 13.95 + + x = | 10.62:dollar 1.59:dollar -:dollar 2:dollar 13.95:dollar +:dollar +:dollar x:dollar =:dollar
EXPR: 0 | POS | FRA | 20 | 36.78 | 61.6716 | x=(2*((10.62*1.59)+13.95)) | x 2 10.62 1.59 * 13.95 + * = | x:dollar 2:ticket 10.62:ticket 1.59:dollar *:dollar 13.95:dollar +:dollar *:dollar =:dollar
EXPR: 0 | POS | FRA | 20 | 36.78 | 0.739554317548746 | (10.62/(2-(1.59-13.95)))=x | 10.62 2 1.59 13.95 - - / x = | 10.62:dollar 2:ticket 1.59:ticket 13.95:ticket -:ticket -:ticket /:dollar x:dollar =:dollar
EXPR: 0 | POS | FRA | 20 | 36.78 | 0.605473204104903 | (10.62/(2+(1.59+13.95)))=x | 10.62 2 1.59 13.95 + + / x = | 10.62:dollar 2:ticket 1.59:ticket 13.95:ticket +:ticket +:ticket /:dollar x:dollar =:dollar
EXPR: 0 | POS | FRA | 20 | 36.78 | 0.26 | x=(2+((10.62+1.59)-13.95)) | x 2 10.62 1.59 + 13.95 - + = | x:dollar 2:dollar 10.62:dollar 1.59:dollar +:dollar 13.95:dollar -:dollar +:dollar =:dollar
EXPR: 0 | POS | FRA | 20 | 36.78 | 6.92 | x=(2-(10.62-(1.59+13.95))) | x 2 10.62 1.59 13.95 + - - = | x:dollar 2:dollar 10.62:dollar 1.59:dollar 13.95:dollar +:dollar -:dollar -:dollar =:dollar
EXPR: 0 | POS | FRA | 20 | 36.78 | 5.8716 | x=(2*((10.62*1.59)-13.95)) | x 2 10.62 1.59 * 13.95 - * = | x:dollar 2:ticket 10.62:ticket 1.59:dollar *:dollar 13.95:dollar -:dollar *:dollar =:dollar
EXPR: 0 | POS | FRA | 20 | 36.78 | 24.98 | x=(2+(10.62-(1.59-13.95))) | x 2 10.62 1.59 13.95 - - + = | x:dollar 2:dollar 10.62:dollar 1.59:dollar 13.95:dollar -:dollar -:dollar +:dollar =:dollar
EXPR: 0 | POS | FRA | 20 | 36.78 | 6.92 | x=(2-((10.62-1.59)-13.95)) | x 2 10.62 1.59 - 13.95 - - = | x:dollar 2:dollar 10.62:dollar 1.59:dollar -:dollar 13.95:dollar -:dollar -:dollar =:dollar
EXPR: 0 | POS | FRA | 20 | 36.78 | 28.16 | x=(2+((10.62+1.59)+13.95)) | x 2 10.62 1.59 + 13.95 + + = | x:dollar 2:dollar 10.62:dollar 1.59:dollar +:dollar 13.95:dollar +:dollar +:dollar =:dollar
EXPR: 0 | POS | FRA | 20 | 36.78 | 0.26 | x=(((10.62+2)-13.95)+1.59) | x 10.62 2 + 13.95 - 1.59 + = | x:dollar 10.62:dollar 2:dollar +:dollar 13.95:dollar -:dollar 1.59:dollar +:dollar =:dollar
EXPR: 0 | POS | FRA | 22 | 36.78 | 27.6558 | (((2-10.62)*1.59)+x)=13.95 | 2 10.62 - 1.59 * x + 13.95 = | 2:ticket 10.62:ticket -:ticket 1.59:dollar *:dollar x:dollar +:dollar 13.95:dollar =:dollar
EXPR: 0 | POS | FRA | 22 | 36.78 | 0.755648535564854 | (10.62+((2-13.95)*x))=1.59 | 10.62 2 13.95 - x * + 1.59 = | 10.62:dollar 2:ticket 13.95:ticket -:ticket x:dollar *:dollar +:dollar 1.59:dollar =:dollar
EXPR: 0 | POS | FRA | 22 | 36.78 | 1.63655913978495 | (((10.62*2)+1.59)/x)=13.95 | 10.62 2 * 1.59 + x / 13.95 = | 10.62:dollar 2:ticket *:ticket 1.59:ticket +:ticket x:dollar /:ticket 13.95:ticket =:ticket
EXPR: 0 | POS | FRA | 22 | 36.78 | 0.566144200626959 | (10.62-((2+13.95)*x))=1.59 | 10.62 2 13.95 + x * - 1.59 = | 10.62:dollar 2:ticket 13.95:ticket +:ticket x:dollar *:dollar -:dollar 1.59:dollar =:dollar
EXPR: 0 | POS | FRA | 22 | 36.78 | 1.17564516129032 | (10.62/((2*x)-1.59))=13.95 | 10.62 2 x * 1.59 - / 13.95 = | 10.62:ticket 2:ticket x:dollar *:dollar 1.59:dollar -:dollar /:ticket 13.95:ticket =:ticket
EXPR: 0 | POS | FRA | 22 | 36.78 | 20.98 | ((2+(x-10.62))+1.59)=13.95 | 2 x 10.62 - + 1.59 + 13.95 = | 2:dollar x:dollar 10.62:dollar -:dollar +:dollar 1.59:dollar +:dollar 13.95:dollar =:dollar
EXPR: 0 | POS | FRA | 22 | 36.78 | 20.98 | ((10.62-(2-13.95))-x)=1.59 | 10.62 2 13.95 - - x - 1.59 = | 10.62:dollar 2:dollar 13.95:dollar -:dollar -:dollar x:dollar -:dollar 1.59:dollar =:dollar
EXPR: 0 | POS | FRA | 22 | 36.78 | 0.26 | ((2-(x-10.62))+1.59)=13.95 | 2 x 10.62 - - 1.59 + 13.95 = | 2:dollar x:dollar 10.62:dollar -:dollar -:dollar 1.59:dollar +:dollar 13.95:dollar =:dollar
EXPR: 0 | POS | FRA | 25 | 36.78 | 27.75 | x=(10.62+(13.95+(2*1.59))) | x 10.62 13.95 2 1.59 * + + = | x:dollar 10.62:dollar 13.95:dollar 2:ticket 1.59:dollar *:dollar +:dollar +:dollar =:dollar
EXPR: 0 | POS | FRA | 25 | 36.78 | 78.1326 | ((2*1.59)*(10.62+13.95))=x | 2 1.59 * 10.62 13.95 + * x = | 2:ticket 1.59:dollar *:ticket 10.62:dollar 13.95:dollar +:dollar *:dollar x:dollar =:dollar
EXPR: 0 | POS | FRA | 25 | 36.78 | 21.39 | x=(10.62+(13.95-(2*1.59))) | x 10.62 13.95 2 1.59 * - + = | x:dollar 10.62:dollar 13.95:dollar 2:ticket 1.59:dollar *:dollar -:dollar +:dollar =:dollar
EXPR: 0 | POS | FRA | 30 | 36.78 | 29.6205 | (10.62-(1.59*(2-13.95)))=x | 10.62 1.59 2 13.95 - * - x = | 10.62:dollar 1.59:ticket 2:dollar 13.95:dollar -:dollar *:dollar -:dollar x:dollar =:dollar
EXPR: 0 | POS | FRA | 30 | 36.78 | 15.7283239171375 | x=((2/10.62)+(1.59+13.95)) | x 2 10.62 / 1.59 13.95 + + = | x:dollar 2:dollar 10.62:ticket /:dollar 1.59:dollar 13.95:dollar +:dollar +:dollar =:dollar
EXPR: 0 | POS | FRA | 30 | 36.78 | 34.8005 | (10.62+(2+(1.59*13.95)))=x | 10.62 2 1.59 13.95 * + + x = | 10.62:ticket 2:ticket 1.59:dollar 13.95:ticket *:ticket +:ticket +:ticket x:ticket =:ticket
EXPR: 0 | POS | FRA | 30 | 36.78 | 12.5483239171375 | x=((2/10.62)-(1.59-13.95)) | x 2 10.62 / 1.59 13.95 - - = | x:dollar 2:dollar 10.62:ticket /:dollar 1.59:dollar 13.95:dollar -:dollar -:dollar =:dollar
EXPR: 0 | POS | FRA | 30 | 36.78 | 0.681245316438449 | x=(2/((10.62*1.59)-13.95)) | x 2 10.62 1.59 * 13.95 - / = | x:ticket 2:ticket 10.62:dollar 1.59:ticket *:dollar 13.95:dollar -:dollar /:ticket =:ticket
EXPR: 0 | POS | FRA | 30 | 36.78 | 153.8685 | x=((10.62+(2-1.59))*13.95) | x 10.62 2 1.59 - + 13.95 * = | x:ticket 10.62:ticket 2:ticket 1.59:ticket -:ticket +:ticket 13.95:dollar *:ticket =:ticket
EXPR: 0 | POS | FRA | 30 | 36.78 | 0.790681003584229 | x=((10.62+(2-1.59))/13.95) | x 10.62 2 1.59 - + 13.95 / = | x:ticket 10.62:ticket 2:ticket 1.59:ticket -:ticket +:ticket 13.95:dollar /:ticket =:ticket
EXPR: 0 | POS | FRA | 30 | 36.78 | 121.839 | (((10.62-2)*13.95)+1.59)=x | 10.62 2 - 13.95 * 1.59 + x = | 10.62:dollar 2:dollar -:dollar 13.95:ticket *:dollar 1.59:dollar +:dollar x:dollar =:dollar
EXPR: 0 | POS | FRA | 30 | 36.78 | 152.5032 | (10.62*((2+13.95)-1.59))=x | 10.62 2 13.95 + 1.59 - * x = | 10.62:dollar 2:ticket 13.95:ticket +:ticket 1.59:ticket -:ticket *:dollar x:dollar =:dollar
EXPR: 0 | POS | FRA | 30 | 36.78 | 0.739554317548746 | (10.62/((2+13.95)-1.59))=x | 10.62 2 13.95 + 1.59 - / x = | 10.62:dollar 2:ticket 13.95:ticket +:ticket 1.59:ticket -:ticket /:dollar x:dollar =:dollar
EXPR: 0 | POS | FRA | 30 | 36.78 | 4.9358 | x=(2+((10.62*1.59)-13.95)) | x 2 10.62 1.59 * 13.95 - + = | x:dollar 2:dollar 10.62:dollar 1.59:ticket *:dollar 13.95:dollar -:dollar +:dollar =:dollar
EXPR: 0 | POS | FRA | 30 | 36.78 | 9.17336917562724 | x=(10.62-(1.59-(2/13.95))) | x 10.62 1.59 2 13.95 / - - = | x:dollar 10.62:dollar 1.59:dollar 2:dollar 13.95:ticket /:dollar -:dollar -:dollar =:dollar
EXPR: 0 | POS | FRA | 30 | 36.78 | 0.26 | x=(2+(10.62-(13.95-1.59))) | x 2 10.62 13.95 1.59 - - + = | x:dollar 2:dollar 10.62:dollar 13.95:dollar 1.59:dollar -:dollar -:dollar +:dollar =:dollar
EXPR: 0 | POS | FRA | 30 | 36.78 | 0.244199999999999 | (((2-10.62)*1.59)+13.95)=x | 2 10.62 - 1.59 * 13.95 + x = | 2:dollar 10.62:dollar -:dollar 1.59:ticket *:dollar 13.95:dollar +:dollar x:dollar =:dollar
EXPR: 0 | POS | FRA | 32 | 36.78 | 5.7 | ((10.62*2)-(x+13.95))=1.59 | 10.62 2 * x 13.95 + - 1.59 = | 10.62:ticket 2:dollar *:dollar x:dollar 13.95:dollar +:dollar -:dollar 1.59:dollar =:dollar
EXPR: 0 | POS | FRA | 32 | 36.78 | 71.9354716981131 | ((2+(x/10.62))*1.59)=13.95 | 2 x 10.62 / + 1.59 * 13.95 = | 2:ticket x:ticket 10.62:dollar /:ticket +:ticket 1.59:dollar *:ticket 13.95:ticket =:ticket
EXPR: 0 | POS | FRA | 32 | 36.78 | 12.5060215053763 | (((10.62+2)-x)*13.95)=1.59 | 10.62 2 + x - 13.95 * 1.59 = | 10.62:ticket 2:ticket +:ticket x:ticket -:ticket 13.95:dollar *:dollar 1.59:dollar =:dollar
EXPR: 0 | POS | FRA | 32 | 36.78 | 0.00938667800152312 | ((10.62*x)*(2+13.95))=1.59 | 10.62 x * 2 13.95 + * 1.59 = | 10.62:dollar x:ticket *:ticket 2:dollar 13.95:dollar +:dollar *:dollar 1.59:dollar =:dollar
EXPR: 0 | POS | FRA | 32 | 36.78 | 4.9035593220339 | (10.62*(x-(2+1.59)))=13.95 | 10.62 x 2 1.59 + - * 13.95 = | 10.62:dollar x:ticket 2:ticket 1.59:ticket +:ticket -:ticket *:ticket 13.95:ticket =:ticket
EXPR: 0 | POS | FRA | 35 | 36.78 | 0.26 | x=(1.59+((10.62+2)-13.95)) | x 1.59 10.62 2 + 13.95 - + = | x:dollar 1.59:dollar 10.62:dollar 2:dollar +:dollar 13.95:dollar -:dollar +:dollar =:dollar
EXPR: 0 | POS | FRA | 35 | 36.78 | 0.26 | x=(10.62-(13.95-(2+1.59))) | x 10.62 13.95 2 1.59 + - - = | x:dollar 10.62:dollar 13.95:dollar 2:dollar 1.59:dollar +:dollar -:dollar -:dollar =:dollar
EXPR: 0 | POS | FRA | 35 | 36.78 | 20.98 | x=(10.62+(13.95-(2+1.59))) | x 10.62 13.95 2 1.59 + - + = | x:dollar 10.62:dollar 13.95:dollar 2:dollar 1.59:dollar +:dollar -:dollar +:dollar =:dollar
EXPR: 0 | POS | FRA | 35 | 36.78 | 23.775 | x=(10.62+(13.95-(1.59/2))) | x 10.62 13.95 1.59 2 / - + = | x:dollar 10.62:dollar 13.95:dollar 1.59:dollar 2:ticket /:dollar -:dollar +:dollar =:dollar
EXPR: 0 | POS | FRA | 35 | 36.78 | 6.92 | x=(1.59-((10.62-2)-13.95)) | x 1.59 10.62 2 - 13.95 - - = | x:dollar 1.59:dollar 10.62:dollar 2:dollar -:dollar 13.95:dollar -:dollar -:dollar =:dollar
EXPR: 0 | POS | FRA | 35 | 36.78 | 0.129426129426129 | ((2*1.59)/(10.62+13.95))=x | 2 1.59 * 10.62 13.95 + / x = | 2:ticket 1.59:dollar *:ticket 10.62:dollar 13.95:dollar +:dollar /:ticket x:ticket =:ticket
EXPR: 0 | POS | FRA | 37 | 36.78 | 0.26 | (1.59-(x-(10.62+2)))=13.95 | 1.59 x 10.62 2 + - - 13.95 = | 1.59:dollar x:dollar 10.62:dollar 2:dollar +:dollar -:dollar -:dollar 13.95:dollar =:dollar
EXPR: 0 | POS | FRA | 37 | 36.78 | 24.16 | (((10.62+1.59)+13.95)-x)=2 | 10.62 1.59 + 13.95 + x - 2 = | 10.62:dollar 1.59:dollar +:dollar 13.95:dollar +:dollar x:dollar -:dollar 2:dollar =:dollar
EXPR: 0 | POS | FRA | 40 | 36.78 | 1.14077669902913 | (2+(10.62/(1.59-13.95)))=x | 2 10.62 1.59 13.95 - / + x = | 2:dollar 10.62:dollar 1.59:ticket 13.95:ticket -:ticket /:dollar +:dollar x:dollar =:dollar
EXPR: 0 | POS | FRA | 40 | 36.78 | 1.40860215053763 | x=(((10.62*2)-1.59)/13.95) | x 10.62 2 * 1.59 - 13.95 / = | x:ticket 10.62:ticket 2:dollar *:ticket 1.59:ticket -:ticket 13.95:dollar /:ticket =:ticket
EXPR: 0 | POS | FRA | 40 | 36.78 | 1.63655913978495 | x=(((10.62*2)+1.59)/13.95) | x 10.62 2 * 1.59 + 13.95 / = | x:ticket 10.62:ticket 2:dollar *:ticket 1.59:ticket +:ticket 13.95:dollar /:ticket =:ticket
EXPR: 0 | POS | FRA | 40 | 36.78 | 34.8005 | x=(2+(10.62+(1.59*13.95))) | x 2 10.62 1.59 13.95 * + + = | x:ticket 2:ticket 10.62:ticket 1.59:dollar 13.95:ticket *:ticket +:ticket +:ticket =:ticket
EXPR: 0 | POS | FRA | 40 | 36.78 | 24.16 | x=((10.62-(2-1.59))+13.95) | x 10.62 2 1.59 - - 13.95 + = | x:ticket 10.62:ticket 2:ticket 1.59:ticket -:ticket -:ticket 13.95:ticket +:ticket =:ticket
EXPR: 0 | POS | FRA | 40 | 36.78 | 24.98 | x=((10.62+(2-1.59))+13.95) | x 10.62 2 1.59 - + 13.95 + = | x:ticket 10.62:ticket 2:ticket 1.59:ticket -:ticket +:ticket 13.95:ticket +:ticket =:ticket
EXPR: 0 | POS | FRA | 40 | 36.78 | 0.850596789683084 | x=(2/((10.62/13.95)+1.59)) | x 2 10.62 13.95 / 1.59 + / = | x:ticket 2:ticket 10.62:dollar 13.95:ticket /:dollar 1.59:dollar +:dollar /:ticket =:ticket
EXPR: 0 | POS | FRA | 40 | 36.78 | 32.8358 | x=(2+((10.62*1.59)+13.95)) | x 2 10.62 1.59 * 13.95 + + = | x:ticket 2:ticket 10.62:ticket 1.59:dollar *:ticket 13.95:ticket +:ticket +:ticket =:ticket
EXPR: 0 | POS | FRA | 42 | 36.78 | 2.27688323917137 | ((10.62*x)-2)=(1.59*13.95) | 10.62 x * 2 - 1.59 13.95 * = | 10.62:ticket x:dollar *:dollar 2:dollar -:dollar 1.59:ticket 13.95:dollar *:dollar =:dollar
EXPR: 0 | POS | FRA | 42 | 36.78 | 20.85 | 10.62=(2*(x-(1.59+13.95))) | 10.62 2 x 1.59 13.95 + - * = | 10.62:dollar 2:dollar x:ticket 1.59:ticket 13.95:ticket +:ticket -:ticket *:dollar =:dollar
EXPR: 0 | POS | FRA | 42 | 36.78 | 65.6316 | (x*2)=(10.62*(13.95-1.59)) | x 2 * 10.62 13.95 1.59 - * = | x:dollar 2:ticket *:ticket 10.62:ticket 13.95:dollar 1.59:dollar -:dollar *:ticket =:ticket
EXPR: 0 | POS | FRA | 42 | 36.78 | 1.4338747099768 | (((10.62-2)*x)+1.59)=13.95 | 10.62 2 - x * 1.59 + 13.95 = | 10.62:dollar 2:dollar -:dollar x:ticket *:ticket 1.59:ticket +:ticket 13.95:ticket =:ticket
EXPR: 0 | POS | FRA | 45 | 36.78 | 16.3395 | (10.62+(13.95*(2-1.59)))=x | 10.62 13.95 2 1.59 - * + x = | 10.62:dollar 13.95:ticket 2:dollar 1.59:dollar -:dollar *:dollar +:dollar x:dollar =:dollar
EXPR: 0 | POS | FRA | 45 | 36.78 | 1.55629032258065 | x=((1.59/2)+(10.62/13.95)) | x 1.59 2 / 10.62 13.95 / + = | x:dollar 1.59:dollar 2:ticket /:dollar 10.62:dollar 13.95:ticket /:dollar +:dollar =:dollar
EXPR: 0 | POS | FRA | 45 | 36.78 | 6.51 | x=(((2*1.59)-10.62)+13.95) | x 2 1.59 * 10.62 - 13.95 + = | x:dollar 2:dollar 1.59:ticket *:dollar 10.62:dollar -:dollar 13.95:dollar +:dollar =:dollar
EXPR: 0 | POS | FRA | 45 | 36.78 | 24.16 | x=(1.59-((2-10.62)-13.95)) | x 1.59 2 10.62 - 13.95 - - = | x:dollar 1.59:dollar 2:dollar 10.62:dollar -:dollar 13.95:dollar -:dollar -:dollar =:dollar
EXPR: 0 | POS | FRA | 45 | 36.78 | 52.0758 | (((2+1.59)*10.62)+13.95)=x | 2 1.59 + 10.62 * 13.95 + x = | 2:dollar 1.59:dollar +:dollar 10.62:ticket *:dollar 13.95:dollar +:dollar x:dollar =:dollar
EXPR: 0 | POS | FRA | 45 | 36.78 | 14.2880414312618 | (((2+1.59)/10.62)+13.95)=x | 2 1.59 + 10.62 / 13.95 + x = | 2:dollar 1.59:dollar +:dollar 10.62:ticket /:dollar 13.95:dollar +:dollar x:dollar =:dollar
EXPR: 1 | POS | FRA | 45 | 36.78 | 36.78 | x=(13.95+((10.62*2)+1.59)) | x 13.95 10.62 2 * 1.59 + + = | x:dollar 13.95:dollar 10.62:dollar 2:ticket *:dollar 1.59:dollar +:dollar +:dollar =:dollar
EXPR: 0 | POS | FRA | 45 | 36.78 | 42.2463 | (((10.62+13.95)+2)*1.59)=x | 10.62 13.95 + 2 + 1.59 * x = | 10.62:dollar 13.95:dollar +:dollar 2:dollar +:dollar 1.59:ticket *:dollar x:dollar =:dollar
EXPR: 0 | POS | FRA | 45 | 36.78 | 16.7106918238994 | (((10.62+13.95)+2)/1.59)=x | 10.62 13.95 + 2 + 1.59 / x = | 10.62:dollar 13.95:dollar +:dollar 2:dollar +:dollar 1.59:ticket /:dollar x:dollar =:dollar
EXPR: 0 | POS | FRA | 45 | 36.78 | 33.6 | x=(13.95+((10.62*2)-1.59)) | x 13.95 10.62 2 * 1.59 - + = | x:dollar 13.95:dollar 10.62:dollar 2:ticket *:dollar 1.59:dollar -:dollar +:dollar =:dollar
EXPR: 0 | POS | FRA | 45 | 36.78 | 24.98 | x=(10.62+(13.95-(1.59-2))) | x 10.62 13.95 1.59 2 - - + = | x:dollar 10.62:dollar 13.95:dollar 1.59:dollar 2:dollar -:dollar -:dollar +:dollar =:dollar
EXPR: 0 | POS | FRA | 45 | 36.78 | 1.17129032258065 | x=(2-(1.59-(10.62/13.95))) | x 2 1.59 10.62 13.95 / - - = | x:dollar 2:dollar 1.59:dollar 10.62:dollar 13.95:ticket /:dollar -:dollar -:dollar =:dollar
EXPR: 0 | POS | FRA | 45 | 36.78 | 1.02509652509653 | x=(10.62/(13.95-(2+1.59))) | x 10.62 13.95 2 1.59 + - / = | x:dollar 10.62:dollar 13.95:ticket 2:ticket 1.59:ticket +:ticket -:ticket /:dollar =:dollar
EXPR: 0 | POS | FRA | 45 | 36.78 | 23.3121383647799 | x=(10.62+(13.95-(2/1.59))) | x 10.62 13.95 2 1.59 / - + = | x:dollar 10.62:dollar 13.95:dollar 2:dollar 1.59:ticket /:dollar -:dollar +:dollar =:dollar
EXPR: 0 | POS | FRA | 47 | 36.78 | 2.08399957360623 | (((x*1.59)-2)*10.62)=13.95 | x 1.59 * 2 - 10.62 * 13.95 = | x:ticket 1.59:dollar *:ticket 2:ticket -:ticket 10.62:dollar *:dollar 13.95:dollar =:dollar
EXPR: 0 | POS | FRA | 47 | 36.78 | 5.2685593220339 | (((x/1.59)-2)*10.62)=13.95 | x 1.59 / 2 - 10.62 * 13.95 = | x:ticket 1.59:dollar /:ticket 2:ticket -:ticket 10.62:dollar *:dollar 13.95:dollar =:dollar
EXPR: 0 | POS | FRA | 47 | 36.78 | 10.6493906810036 | (((10.62-x)*13.95)+2)=1.59 | 10.62 x - 13.95 * 2 + 1.59 = | 10.62:dollar x:dollar -:dollar 13.95:ticket *:ticket 2:ticket +:ticket 1.59:ticket =:ticket
EXPR: 0 | POS | FRA | 47 | 36.78 | 3.10427672955975 | (((x-10.62)*1.59)+13.95)=2 | x 10.62 - 1.59 * 13.95 + 2 = | x:dollar 10.62:dollar -:dollar 1.59:ticket *:dollar 13.95:dollar +:dollar 2:dollar =:dollar
EXPR: 0 | POS | FRA | 47 | 36.78 | 8.52861635220126 | (10.62-(1.59*(13.95-x)))=2 | 10.62 1.59 13.95 x - * - 2 = | 10.62:dollar 1.59:ticket 13.95:dollar x:dollar -:dollar *:dollar -:dollar 2:dollar =:dollar
EXPR: 0 | POS | FRA | 47 | 36.78 | 32.01 | ((2*(1.59-10.62))+x)=13.95 | 2 1.59 10.62 - * x + 13.95 = | 2:ticket 1.59:dollar 10.62:dollar -:dollar *:ticket x:ticket +:ticket 13.95:ticket =:ticket
EXPR: 0 | POS | FRA | 47 | 36.78 | 13.5605 | ((10.62-(1.59*13.95))+x)=2 | 10.62 1.59 13.95 * - x + 2 = | 10.62:dollar 1.59:ticket 13.95:dollar *:dollar -:dollar x:dollar +:dollar 2:dollar =:dollar
EXPR: 0 | POS | FRA | 47 | 36.78 | 14.1949685534591 | ((10.62-(x*1.59))+13.95)=2 | 10.62 x 1.59 * - 13.95 + 2 = | 10.62:dollar x:ticket 1.59:dollar *:dollar -:dollar 13.95:dollar +:dollar 2:dollar =:dollar
EXPR: 0 | POS | FRA | 47 | 36.78 | 20.98 | (((1.59+x)+2)-10.62)=13.95 | 1.59 x + 2 + 10.62 - 13.95 = | 1.59:dollar x:dollar +:dollar 2:dollar +:dollar 10.62:dollar -:dollar 13.95:dollar =:dollar
EXPR: 0 | POS | FRA | 50 | 36.78 | 0.26 | (((10.62+1.59)+2)-13.95)=x | 10.62 1.59 + 2 + 13.95 - x = | 10.62:ticket 1.59:ticket +:ticket 2:ticket +:ticket 13.95:ticket -:ticket x:ticket =:ticket
EXPR: 0 | POS | FRA | 50 | 36.78 | 22.1320754716981 | x=(((10.62*2)+13.95)/1.59) | x 10.62 2 * 13.95 + 1.59 / = | x:ticket 10.62:ticket 2:dollar *:ticket 13.95:ticket +:ticket 1.59:dollar /:ticket =:ticket
EXPR: 0 | POS | FRA | 50 | 36.78 | 10.8679245283019 | (((2*13.95)-10.62)/1.59)=x | 2 13.95 * 10.62 - 1.59 / x = | 2:ticket 13.95:dollar *:dollar 10.62:dollar -:dollar 1.59:ticket /:dollar x:dollar =:dollar
EXPR: 0 | POS | FRA | 50 | 36.78 | 28.16 | (((2+13.95)+10.62)+1.59)=x | 2 13.95 + 10.62 + 1.59 + x = | 2:dollar 13.95:dollar +:dollar 10.62:dollar +:dollar 1.59:dollar +:dollar x:dollar =:dollar
EXPR: 0 | POS | FRA | 50 | 36.78 | 3.84641509433962 | x=(2+(10.62-(13.95/1.59))) | x 2 10.62 13.95 1.59 / - + = | x:ticket 2:ticket 10.62:ticket 13.95:ticket 1.59:dollar /:ticket -:ticket +:ticket =:ticket
EXPR: 0 | POS | FRA | 50 | 36.78 | 24.98 | (((2+13.95)+10.62)-1.59)=x | 2 13.95 + 10.62 + 1.59 - x = | 2:dollar 13.95:dollar +:dollar 10.62:dollar +:dollar 1.59:dollar -:dollar x:dollar =:dollar
EXPR: 0 | POS | FRA | 50 | 36.78 | 2.28501228501228 | ((2*13.95)/(10.62+1.59))=x | 2 13.95 * 10.62 1.59 + / x = | 2:ticket 13.95:dollar *:ticket 10.62:dollar 1.59:dollar +:dollar /:ticket x:ticket =:ticket
EXPR: 0 | POS | FRA | 50 | 36.78 | 0.26 | x=(2-((13.95-10.62)-1.59)) | x 2 13.95 10.62 - 1.59 - - = | x:dollar 2:dollar 13.95:dollar 10.62:dollar -:dollar 1.59:dollar -:dollar -:dollar =:dollar
EXPR: 0 | POS | FRA | 52 | 36.78 | 0.0674193548387097 | (10.62*2)=((1.59-x)*13.95) | 10.62 2 * 1.59 x - 13.95 * = | 10.62:ticket 2:dollar *:dollar 1.59:ticket x:ticket -:ticket 13.95:dollar *:dollar =:dollar
EXPR: 0 | POS | FRA | 52 | 36.78 | 4.9358 | ((10.62*1.59)+2)=(13.95+x) | 10.62 1.59 * 2 + 13.95 x + = | 10.62:dollar 1.59:ticket *:ticket 2:ticket +:ticket 13.95:ticket x:ticket +:ticket =:ticket
EXPR: 0 | POS | FRA | 52 | 36.78 | 0.147723261560184 | ((10.62+(2/13.95))*x)=1.59 | 10.62 2 13.95 / + x * 1.59 = | 10.62:dollar 2:dollar 13.95:ticket /:dollar +:dollar x:ticket *:ticket 1.59:ticket =:ticket
EXPR: 0 | POS | FRA | 52 | 36.78 | 148.559 | ((2-x)+(10.62*13.95))=1.59 | 2 x - 10.62 13.95 * + 1.59 = | 2:ticket x:ticket -:ticket 10.62:dollar 13.95:ticket *:ticket +:ticket 1.59:ticket =:ticket
EXPR: 0 | POS | FRA | 52 | 36.78 | 2.46 | ((x*2)+10.62)=(1.59+13.95) | x 2 * 10.62 + 1.59 13.95 + = | x:dollar 2:ticket *:ticket 10.62:ticket +:ticket 1.59:ticket 13.95:ticket +:ticket =:ticket
EXPR: 0 | POS | FRA | 55 | 36.78 | 5.8716 | x=(((10.62*1.59)-13.95)*2) | x 10.62 1.59 * 13.95 - 2 * = | x:dollar 10.62:dollar 1.59:ticket *:ticket 13.95:ticket -:ticket 2:dollar *:dollar =:dollar
EXPR: 0 | POS | FRA | 55 | 36.78 | 61.6716 | x=(((10.62*1.59)+13.95)*2) | x 10.62 1.59 * 13.95 + 2 * = | x:dollar 10.62:dollar 1.59:ticket *:ticket 13.95:ticket +:ticket 2:dollar *:dollar =:dollar
EXPR: 0 | POS | FRA | 55 | 36.78 | 9.84 | x=(2*(13.95+(1.59-10.62))) | x 2 13.95 1.59 10.62 - + * = | x:dollar 2:ticket 13.95:dollar 1.59:dollar 10.62:dollar -:dollar +:dollar *:dollar =:dollar
EXPR: 0 | POS | FRA | 55 | 36.78 | 110.0232 | x=(10.62*(13.95-(2+1.59))) | x 10.62 13.95 2 1.59 + - * = | x:ticket 10.62:ticket 13.95:dollar 2:dollar 1.59:dollar +:dollar -:dollar *:ticket =:ticket
EXPR: 0 | POS | FRA | 55 | 36.78 | 6.92 | x=(2+((1.59+13.95)-10.62)) | x 2 1.59 13.95 + 10.62 - + = | x:dollar 2:dollar 1.59:dollar 13.95:dollar +:dollar 10.62:dollar -:dollar +:dollar =:dollar
EXPR: 0 | POS | FRA | 55 | 36.78 | 28.16 | x=(2+((1.59+13.95)+10.62)) | x 2 1.59 13.95 + 10.62 + + = | x:dollar 2:dollar 1.59:dollar 13.95:dollar +:dollar 10.62:dollar +:dollar +:dollar =:dollar
EXPR: 0 | POS | FRA | 55 | 36.78 | 0.26 | (((2+1.59)-13.95)+10.62)=x | 2 1.59 + 13.95 - 10.62 + x = | 2:dollar 1.59:dollar +:dollar 13.95:dollar -:dollar 10.62:dollar +:dollar x:dollar =:dollar
EXPR: 0 | POS | FRA | 55 | 36.78 | 125.319 | ((10.62*(13.95-2))-1.59)=x | 10.62 13.95 2 - * 1.59 - x = | 10.62:dollar 13.95:ticket 2:ticket -:ticket *:ticket 1.59:ticket -:ticket x:ticket =:ticket
EXPR: 0 | POS | FRA | 55 | 36.78 | 6.92 | ((2+1.59)+(13.95-10.62))=x | 2 1.59 + 13.95 10.62 - + x = | 2:dollar 1.59:dollar +:dollar 13.95:dollar 10.62:dollar -:dollar +:dollar x:dollar =:dollar
EXPR: 1 | POS | FRA | 55 | 36.78 | 36.78 | x=(1.59+((10.62*2)+13.95)) | x 1.59 10.62 2 * 13.95 + + = | x:ticket 1.59:ticket 10.62:dollar 2:ticket *:ticket 13.95:ticket +:ticket +:ticket =:ticket
EXPR: 0 | POS | FRA | 55 | 36.78 | 4.9005 | x=(10.62+(13.95*(1.59-2))) | x 10.62 13.95 1.59 2 - * + = | x:dollar 10.62:dollar 13.95:ticket 1.59:dollar 2:dollar -:dollar *:dollar +:dollar =:dollar
EXPR: 0 | POS | FRA | 55 | 36.78 | 0.26 | x=(2+(1.59-(13.95-10.62))) | x 2 1.59 13.95 10.62 - - + = | x:dollar 2:dollar 1.59:dollar 13.95:dollar 10.62:dollar -:dollar -:dollar +:dollar =:dollar
EXPR: 0 | POS | FRA | 55 | 36.78 | 15.7283239171375 | x=(1.59+((2/10.62)+13.95)) | x 1.59 2 10.62 / 13.95 + + = | x:dollar 1.59:dollar 2:dollar 10.62:ticket /:dollar 13.95:dollar +:dollar +:dollar =:dollar
EXPR: 0 | POS | FRA | 55 | 36.78 | 90.9603 | x=(10.62*((13.95/2)+1.59)) | x 10.62 13.95 2 / 1.59 + * = | x:dollar 10.62:dollar 13.95:ticket 2:dollar /:ticket 1.59:ticket +:ticket *:dollar =:dollar
EXPR: 0 | POS | FRA | 55 | 36.78 | 28.16 | x=(13.95+((10.62+2)+1.59)) | x 13.95 10.62 2 + 1.59 + + = | x:dollar 13.95:dollar 10.62:dollar 2:dollar +:dollar 1.59:dollar +:dollar +:dollar =:dollar
EXPR: 0 | POS | FRA | 55 | 36.78 | 8.88 | x=(1.59+((10.62*2)-13.95)) | x 1.59 10.62 2 * 13.95 - + = | x:ticket 1.59:ticket 10.62:dollar 2:ticket *:ticket 13.95:ticket -:ticket +:ticket =:ticket
EXPR: 0 | POS | FRA | 57 | 36.78 | 10.8679245283019 | ((10.62+(x*1.59))/13.95)=2 | 10.62 x 1.59 * + 13.95 / 2 = | 10.62:dollar x:ticket 1.59:dollar *:dollar +:dollar 13.95:ticket /:dollar 2:dollar =:dollar
EXPR: 0 | POS | FRA | 57 | 36.78 | 11.49 | (((2*x)+1.59)-10.62)=13.95 | 2 x * 1.59 + 10.62 - 13.95 = | 2:ticket x:dollar *:ticket 1.59:ticket +:ticket 10.62:ticket -:ticket 13.95:ticket =:ticket
EXPR: 0 | POS | FRA | 57 | 36.78 | 0.0870322019147084 | (((2/x)+1.59)-10.62)=13.95 | 2 x / 1.59 + 10.62 - 13.95 = | 2:ticket x:dollar /:ticket 1.59:ticket +:ticket 10.62:ticket -:ticket 13.95:ticket =:ticket
EXPR: 0 | POS | FRA | 57 | 36.78 | 1.31660231660232 | ((10.62/(1.59+13.95))+x)=2 | 10.62 1.59 13.95 + / x + 2 = | 10.62:dollar 1.59:ticket 13.95:ticket +:ticket /:dollar x:dollar +:dollar 2:dollar =:dollar
EXPR: 0 | POS | FRA | 57 | 36.78 | 1.96954838709677 | ((2-(x/1.59))*13.95)=10.62 | 2 x 1.59 / - 13.95 * 10.62 = | 2:ticket x:ticket 1.59:dollar /:ticket -:ticket 13.95:dollar *:dollar 10.62:dollar =:dollar
EXPR: 0 | POS | FRA | 57 | 36.78 | 2.85922330097087 | ((10.62/(1.59-13.95))+x)=2 | 10.62 1.59 13.95 - / x + 2 = | 10.62:dollar 1.59:ticket 13.95:ticket -:ticket /:dollar x:dollar +:dollar 2:dollar =:dollar
EXPR: 0 | POS | FRA | 57 | 36.78 | 6.92 | (2-((x-1.59)-13.95))=10.62 | 2 x 1.59 - 13.95 - - 10.62 = | 2:dollar x:dollar 1.59:dollar -:dollar 13.95:dollar -:dollar -:dollar 10.62:dollar =:dollar
EXPR: 0 | POS | FRA | 57 | 36.78 | 6.92 | (((2+1.59)+13.95)-x)=10.62 | 2 1.59 + 13.95 + x - 10.62 = | 2:dollar 1.59:dollar +:dollar 13.95:dollar +:dollar x:dollar -:dollar 10.62:dollar =:dollar
EXPR: 0 | POS | FRA | 57 | 36.78 | 0.0511950197484789 | (x*1.59)=(2/(10.62+13.95)) | x 1.59 * 2 10.62 13.95 + / = | x:dollar 1.59:ticket *:ticket 2:ticket 10.62:dollar 13.95:dollar +:dollar /:ticket =:ticket
EXPR: 0 | POS | FRA | 60 | 36.78 | 2.92655367231638 | x=((2/10.62)*(1.59+13.95)) | x 2 10.62 / 1.59 13.95 + * = | x:ticket 2:dollar 10.62:ticket /:dollar 1.59:ticket 13.95:ticket +:ticket *:ticket =:ticket
EXPR: 0 | POS | FRA | 60 | 36.78 | 8.4747 | (((2+13.95)-10.62)*1.59)=x | 2 13.95 + 10.62 - 1.59 * x = | 2:dollar 13.95:dollar +:dollar 10.62:dollar -:dollar 1.59:ticket *:dollar x:dollar =:dollar
EXPR: 0 | POS | FRA | 60 | 36.78 | 3.35220125786164 | (((2+13.95)-10.62)/1.59)=x | 2 13.95 + 10.62 - 1.59 / x = | 2:dollar 13.95:dollar +:dollar 10.62:dollar -:dollar 1.59:ticket /:dollar x:dollar =:dollar
EXPR: 0 | POS | FRA | 60 | 36.78 | 12.3533691756272 | (((2/13.95)+10.62)+1.59)=x | 2 13.95 / 10.62 + 1.59 + x = | 2:dollar 13.95:ticket /:dollar 10.62:dollar +:dollar 1.59:dollar +:dollar x:dollar =:dollar
EXPR: 0 | POS | FRA | 60 | 36.78 | 42.2463 | (((2+13.95)+10.62)*1.59)=x | 2 13.95 + 10.62 + 1.59 * x = | 2:dollar 13.95:dollar +:dollar 10.62:dollar +:dollar 1.59:ticket *:dollar x:dollar =:dollar
EXPR: 0 | POS | FRA | 60 | 36.78 | 170.979 | (((2+13.95)*10.62)+1.59)=x | 2 13.95 + 10.62 * 1.59 + x = | 2:dollar 13.95:dollar +:dollar 10.62:ticket *:dollar 1.59:dollar +:dollar x:dollar =:dollar
EXPR: 0 | POS | FRA | 60 | 36.78 | 3.09188323917137 | (((2+13.95)/10.62)+1.59)=x | 2 13.95 + 10.62 / 1.59 + x = | 2:dollar 13.95:dollar +:dollar 10.62:ticket /:dollar 1.59:dollar +:dollar x:dollar =:dollar
EXPR: 0 | POS | FRA | 62 | 36.78 | 24.16 | ((2-10.62)+(x-13.95))=1.59 | 2 10.62 - x 13.95 - + 1.59 = | 2:ticket 10.62:ticket -:ticket x:ticket 13.95:ticket -:ticket +:ticket 1.59:ticket =:ticket
EXPR: 0 | POS | FRA | 62 | 36.78 | 24.16 | ((x+2)-10.62)=(1.59+13.95) | x 2 + 10.62 - 1.59 13.95 + = | x:ticket 2:ticket +:ticket 10.62:ticket -:ticket 1.59:ticket 13.95:ticket +:ticket =:ticket
EXPR: 0 | POS | FRA | 62 | 36.78 | 238.73691 | ((x/1.59)-(10.62*13.95))=2 | x 1.59 / 10.62 13.95 * - 2 = | x:ticket 1.59:dollar /:ticket 10.62:ticket 13.95:dollar *:ticket -:ticket 2:ticket =:ticket
EXPR: 0 | POS | FRA | 62 | 36.78 | 16.7106918238994 | ((x*1.59)-(10.62+13.95))=2 | x 1.59 * 10.62 13.95 + - 2 = | x:ticket 1.59:dollar *:dollar 10.62:dollar 13.95:dollar +:dollar -:dollar 2:dollar =:dollar
EXPR: 0 | POS | FRA | 62 | 36.78 | 11.49 | (x*2)=((10.62+13.95)-1.59) | x 2 * 10.62 13.95 + 1.59 - = | x:dollar 2:ticket *:ticket 10.62:ticket 13.95:ticket +:ticket 1.59:ticket -:ticket =:ticket
EXPR: 0 | POS | FRA | 62 | 36.78 | 21.4679569892473 | (((x/2)-10.62)*13.95)=1.59 | x 2 / 10.62 - 13.95 * 1.59 = | x:ticket 2:dollar /:ticket 10.62:ticket -:ticket 13.95:dollar *:ticket 1.59:ticket =:ticket
EXPR: 0 | POS | FRA | 62 | 36.78 | 19.185 | (2*(x-(10.62+1.59)))=13.95 | 2 x 10.62 1.59 + - * 13.95 = | 2:dollar x:ticket 10.62:ticket 1.59:ticket +:ticket -:ticket *:ticket 13.95:ticket =:ticket
EXPR: 0 | POS | FRA | 65 | 36.78 | 0.538559322033898 | x=((13.95/10.62)*(2-1.59)) | x 13.95 10.62 / 2 1.59 - * = | x:dollar 13.95:ticket 10.62:dollar /:ticket 2:dollar 1.59:dollar -:dollar *:dollar =:dollar
EXPR: 0 | POS | FRA | 65 | 36.78 | 20.98 | (((10.62+13.95)-2)-1.59)=x | 10.62 13.95 + 2 - 1.59 - x = | 10.62:ticket 13.95:ticket +:ticket 2:ticket -:ticket 1.59:ticket -:ticket x:ticket =:ticket
EXPR: 0 | POS | FRA | 65 | 36.78 | 0.0511950197484789 | x=((2/1.59)/(10.62+13.95)) | x 2 1.59 / 10.62 13.95 + / = | x:dollar 2:dollar 1.59:ticket /:dollar 10.62:ticket 13.95:ticket +:ticket /:dollar =:dollar
EXPR: 0 | POS | FRA | 65 | 36.78 | 1.4679 | x=(((10.62*1.59)-13.95)/2) | x 10.62 1.59 * 13.95 - 2 / = | x:ticket 10.62:dollar 1.59:ticket *:ticket 13.95:ticket -:ticket 2:dollar /:ticket =:ticket
EXPR: 0 | POS | FRA | 65 | 36.78 | 1.45177966101695 | x=(((13.95/10.62)+1.59)/2) | x 13.95 10.62 / 1.59 + 2 / = | x:dollar 13.95:dollar 10.62:ticket /:dollar 1.59:dollar +:dollar 2:ticket /:dollar =:dollar
EXPR: 0 | POS | FRA | 65 | 36.78 | 318.4785 | x=(13.95*((10.62*2)+1.59)) | x 13.95 10.62 2 * 1.59 + * = | x:ticket 13.95:dollar 10.62:dollar 2:ticket *:ticket 1.59:ticket +:ticket *:ticket =:ticket
EXPR: 0 | POS | FRA | 65 | 36.78 | 0.981703026038001 | x=(13.95/((10.62+2)+1.59)) | x 13.95 10.62 2 + 1.59 + / = | x:dollar 13.95:dollar 10.62:ticket 2:ticket +:ticket 1.59:ticket +:ticket /:dollar =:dollar
EXPR: 0 | POS | FRA | 65 | 36.78 | 0.298311444652908 | x=(1.59/((2-10.62)+13.95)) | x 1.59 2 10.62 - 13.95 + / = | x:ticket 1.59:ticket 2:dollar 10.62:dollar -:dollar 13.95:dollar +:dollar /:ticket =:ticket
EXPR: 0 | POS | FRA | 65 | 36.78 | 24.98 | x=(2+(13.95-(1.59-10.62))) | x 2 13.95 1.59 10.62 - - + = | x:dollar 2:dollar 13.95:dollar 1.59:dollar 10.62:dollar -:dollar -:dollar +:dollar =:dollar
EXPR: 0 | POS | FRA | 65 | 36.78 | 0.903559322033898 | x=(((13.95/10.62)-2)+1.59) | x 13.95 10.62 / 2 - 1.59 + = | x:dollar 13.95:dollar 10.62:ticket /:dollar 2:dollar -:dollar 1.59:dollar +:dollar =:dollar
EXPR: 0 | POS | FRA | 65 | 36.78 | 0.26 | x=(2-((13.95-1.59)-10.62)) | x 2 13.95 1.59 - 10.62 - - = | x:dollar 2:dollar 13.95:dollar 1.59:dollar -:dollar 10.62:dollar -:dollar -:dollar =:dollar
EXPR: 0 | POS | FRA | 67 | 36.78 | 232.37691 | ((x/1.59)+2)=(10.62*13.95) | x 1.59 / 2 + 10.62 13.95 * = | x:ticket 1.59:dollar /:ticket 2:ticket +:ticket 10.62:dollar 13.95:ticket *:ticket =:ticket
EXPR: 0 | POS | FRA | 67 | 36.78 | 24.16 | ((10.62-x)+(1.59+13.95))=2 | 10.62 x - 1.59 13.95 + + 2 = | 10.62:ticket x:ticket -:ticket 1.59:ticket 13.95:ticket +:ticket +:ticket 2:ticket =:ticket
EXPR: 0 | POS | FRA | 67 | 36.78 | 0.26 | ((x-(10.62+1.59))+13.95)=2 | x 10.62 1.59 + - 13.95 + 2 = | x:ticket 10.62:ticket 1.59:ticket +:ticket -:ticket 13.95:ticket +:ticket 2:ticket =:ticket
EXPR: 0 | POS | FRA | 67 | 36.78 | 3.35220125786164 | ((2-(x*1.59))+13.95)=10.62 | 2 x 1.59 * - 13.95 + 10.62 = | 2:dollar x:ticket 1.59:dollar *:dollar -:dollar 13.95:dollar +:dollar 10.62:dollar =:dollar
EXPR: 0 | POS | FRA | 67 | 36.78 | 0.779062690200852 | ((2-(x*1.59))*13.95)=10.62 | 2 x 1.59 * - 13.95 * 10.62 = | 2:ticket x:ticket 1.59:dollar *:ticket -:ticket 13.95:dollar *:ticket 10.62:ticket =:ticket
EXPR: 0 | POS | FRA | 67 | 36.78 | 14.1949685534591 | (2+((x*1.59)-13.95))=10.62 | 2 x 1.59 * 13.95 - + 10.62 = | 2:dollar x:ticket 1.59:dollar *:dollar 13.95:dollar -:dollar +:dollar 10.62:dollar =:dollar
EXPR: 0 | POS | FRA | 67 | 36.78 | 2.92 | ((2-1.59)+(x+10.62))=13.95 | 2 1.59 - x 10.62 + + 13.95 = | 2:ticket 1.59:ticket -:ticket x:ticket 10.62:ticket +:ticket +:ticket 13.95:ticket =:ticket
EXPR: 0 | POS | FRA | 67 | 36.78 | 2.2079211469534 | (2+((x-1.59)*13.95))=10.62 | 2 x 1.59 - 13.95 * + 10.62 = | 2:ticket x:dollar 1.59:dollar -:dollar 13.95:ticket *:ticket +:ticket 10.62:ticket =:ticket
EXPR: 0 | POS | FRA | 67 | 36.78 | 0.123123123123123 | 2=(1.59+(x*(13.95-10.62))) | 2 1.59 x 13.95 10.62 - * + = | 2:dollar 1.59:dollar x:ticket 13.95:dollar 10.62:dollar -:dollar *:dollar +:dollar =:dollar
EXPR: 0 | POS | FRA | 70 | 36.78 | 7.2947 | x=(2+((13.95-10.62)*1.59)) | x 2 13.95 10.62 - 1.59 * + = | x:dollar 2:dollar 13.95:ticket 10.62:ticket -:ticket 1.59:dollar *:dollar +:dollar =:dollar
EXPR: 0 | POS | FRA | 70 | 36.78 | 5.8071186440678 | x=(2*((13.95/10.62)+1.59)) | x 2 13.95 10.62 / 1.59 + * = | x:dollar 2:dollar 13.95:ticket 10.62:dollar /:ticket 1.59:ticket +:ticket *:dollar =:dollar
EXPR: 0 | POS | FRA | 70 | 36.78 | 7.2947 | (2+((13.95-10.62)*1.59))=x | 2 13.95 10.62 - 1.59 * + x = | 2:dollar 13.95:ticket 10.62:ticket -:ticket 1.59:dollar *:dollar +:dollar x:dollar =:dollar
EXPR: 0 | POS | FRA | 70 | 36.78 | 16.005 | x=(((13.95/2)-1.59)+10.62) | x 13.95 2 / 1.59 - 10.62 + = | x:dollar 13.95:dollar 2:ticket /:dollar 1.59:dollar -:dollar 10.62:dollar +:dollar =:dollar
EXPR: 0 | POS | FRA | 70 | 36.78 | 19.185 | x=(((13.95/2)+1.59)+10.62) | x 13.95 2 / 1.59 + 10.62 + = | x:dollar 13.95:dollar 2:ticket /:dollar 1.59:dollar +:dollar 10.62:dollar +:dollar =:dollar
EXPR: 0 | POS | FRA | 70 | 36.78 | 32.8358 | x=(2+(13.95+(10.62*1.59))) | x 2 13.95 10.62 1.59 * + + = | x:ticket 2:ticket 13.95:ticket 10.62:ticket 1.59:dollar *:ticket +:ticket +:ticket =:ticket
EXPR: 0 | POS | FRA | 72 | 36.78 | 0.147723261560184 | (((2/13.95)+10.62)*x)=1.59 | 2 13.95 / 10.62 + x * 1.59 = | 2:dollar 13.95:ticket /:dollar 10.62:dollar +:dollar x:ticket *:dollar 1.59:dollar =:dollar
EXPR: 0 | POS | FRA | 72 | 36.78 | 0.681245316438447 | (((2/x)+13.95)/10.62)=1.59 | 2 x / 13.95 + 10.62 / 1.59 = | 2:dollar x:ticket /:dollar 13.95:dollar +:dollar 10.62:ticket /:dollar 1.59:dollar =:dollar
EXPR: 0 | POS | FRA | 75 | 36.78 | 148.944 | x=((1.59/2)+(10.62*13.95)) | x 1.59 2 / 10.62 13.95 * + = | x:ticket 1.59:ticket 2:dollar /:ticket 10.62:dollar 13.95:ticket *:ticket +:ticket =:ticket
EXPR: 0 | POS | FRA | 75 | 36.78 | 4.09433962264151 | x=(((13.95-10.62)/1.59)+2) | x 13.95 10.62 - 1.59 / 2 + = | x:dollar 13.95:dollar 10.62:dollar -:dollar 1.59:ticket /:dollar 2:dollar +:dollar =:dollar
EXPR: 0 | POS | FRA | 75 | 36.78 | 19.3713836477987 | x=(13.95+((10.62-2)/1.59)) | x 13.95 10.62 2 - 1.59 / + = | x:ticket 13.95:ticket 10.62:ticket 2:ticket -:ticket 1.59:dollar /:ticket +:ticket =:ticket
EXPR: 0 | POS | FRA | 75 | 36.78 | 0.611038107752957 | x=(13.95/((10.62*2)+1.59)) | x 13.95 10.62 2 * 1.59 + / = | x:dollar 13.95:dollar 10.62:ticket 2:dollar *:ticket 1.59:ticket +:ticket /:dollar =:dollar
EXPR: 0 | POS | FRA | 75 | 36.78 | 198.2295 | x=(13.95*((10.62+2)+1.59)) | x 13.95 10.62 2 + 1.59 + * = | x:ticket 13.95:dollar 10.62:ticket 2:ticket +:ticket 1.59:ticket +:ticket *:ticket =:ticket
EXPR: 0 | POS | FRA | 75 | 36.78 | 8.25 | x=(1.59+(2*(13.95-10.62))) | x 1.59 2 13.95 10.62 - * + = | x:ticket 1.59:ticket 2:ticket 13.95:dollar 10.62:dollar -:dollar *:ticket +:ticket =:ticket
EXPR: 0 | POS | FRA | 75 | 36.78 | 2.1906006006006 | x=(1.59+(2/(13.95-10.62))) | x 1.59 2 13.95 10.62 - / + = | x:ticket 1.59:ticket 2:ticket 13.95:dollar 10.62:dollar -:dollar /:ticket +:ticket =:ticket
EXPR: 0 | POS | FRA | 75 | 36.78 | 32.01 | x=(13.95+(2*(10.62-1.59))) | x 13.95 2 10.62 1.59 - * + = | x:ticket 13.95:ticket 2:ticket 10.62:dollar 1.59:dollar -:dollar *:ticket +:ticket =:ticket
EXPR: 0 | POS | FRA | 75 | 36.78 | 14.1714839424142 | x=(13.95+(2/(10.62-1.59))) | x 13.95 2 10.62 1.59 - / + = | x:ticket 13.95:ticket 2:ticket 10.62:dollar 1.59:dollar -:dollar /:ticket +:ticket =:ticket
EXPR: 0 | POS | FRA | 75 | 36.78 | 13.7861998361998 | x=(13.95-(2/(10.62+1.59))) | x 13.95 2 10.62 1.59 + / - = | x:ticket 13.95:ticket 2:ticket 10.62:dollar 1.59:dollar +:dollar /:ticket -:ticket =:ticket
EXPR: 0 | POS | FRA | 75 | 36.78 | 9.5958 | x=(13.95+(10.62*(1.59-2))) | x 13.95 10.62 1.59 2 - * + = | x:dollar 13.95:dollar 10.62:ticket 1.59:dollar 2:dollar -:dollar *:dollar +:dollar =:dollar
EXPR: 0 | POS | FRA | 75 | 36.78 | 1.26473254759746 | x=(13.95/(2+(10.62-1.59))) | x 13.95 2 10.62 1.59 - + / = | x:dollar 13.95:dollar 2:ticket 10.62:ticket 1.59:ticket -:ticket +:ticket /:dollar =:dollar
EXPR: 0 | POS | FRA | 75 | 36.78 | 1.7235593220339 | x=(((13.95/10.62)-1.59)+2) | x 13.95 10.62 / 1.59 - 2 + = | x:dollar 13.95:dollar 10.62:ticket /:dollar 1.59:dollar -:dollar 2:dollar +:dollar =:dollar
EXPR: 0 | POS | FRA | 75 | 36.78 | 22.4799350282486 | x=(1.59*((2/10.62)+13.95)) | x 1.59 2 10.62 / 13.95 + * = | x:ticket 1.59:ticket 2:dollar 10.62:ticket /:dollar 13.95:dollar +:dollar *:ticket =:ticket
EXPR: 0 | POS | FRA | 75 | 36.78 | 15.8002824858757 | x=(2+(13.95-(1.59/10.62))) | x 2 13.95 1.59 10.62 / - + = | x:dollar 2:dollar 13.95:dollar 1.59:dollar 10.62:ticket /:dollar -:dollar +:dollar =:dollar
EXPR: 0 | POS | FRA | 75 | 36.78 | 9.27075471698113 | x=(13.95+(2-(10.62/1.59))) | x 13.95 2 10.62 1.59 / - + = | x:dollar 13.95:dollar 2:dollar 10.62:dollar 1.59:ticket /:dollar -:dollar +:dollar =:dollar
EXPR: 0 | POS | FRA | 77 | 36.78 | 0.123123123123123 | (((13.95-10.62)*x)+1.59)=2 | 13.95 10.62 - x * 1.59 + 2 = | 13.95:dollar 10.62:dollar -:dollar x:ticket *:ticket 1.59:ticket +:ticket 2:ticket =:ticket
EXPR: 0 | POS | FRA | 77 | 36.78 | 65.2754716981132 | ((2+(x/13.95))*1.59)=10.62 | 2 x 13.95 / + 1.59 * 10.62 = | 2:ticket x:ticket 13.95:dollar /:ticket +:ticket 1.59:dollar *:ticket 10.62:ticket =:ticket
EXPR: 0 | POS | FRA | 77 | 36.78 | 18.6292452830189 | (((2-13.95)+x)*1.59)=10.62 | 2 13.95 - x + 1.59 * 10.62 = | 2:ticket 13.95:ticket -:ticket x:ticket +:ticket 1.59:dollar *:dollar 10.62:dollar =:dollar
EXPR: 0 | POS | FRA | 77 | 36.78 | 16.005 | (2*((1.59-10.62)+x))=13.95 | 2 1.59 10.62 - x + * 13.95 = | 2:dollar 1.59:ticket 10.62:ticket -:ticket x:ticket +:ticket *:ticket 13.95:ticket =:ticket
EXPR: 0 | POS | FRA | 77 | 36.78 | 1.17445382244861 | (((13.95/x)-10.62)*1.59)=2 | 13.95 x / 10.62 - 1.59 * 2 = | 13.95:ticket x:dollar /:ticket 10.62:ticket -:ticket 1.59:dollar *:ticket 2:ticket =:ticket
EXPR: 0 | POS | FRA | 77 | 36.78 | 0.76551724137931 | (((2+13.95)*x)-1.59)=10.62 | 2 13.95 + x * 1.59 - 10.62 = | 2:dollar 13.95:dollar +:dollar x:ticket *:dollar 1.59:dollar -:dollar 10.62:dollar =:dollar
EXPR: 0 | POS | FRA | 77 | 36.78 | 1.30630630630631 | (((2+13.95)/x)-1.59)=10.62 | 2 13.95 + x / 1.59 - 10.62 = | 2:dollar 13.95:dollar +:dollar x:ticket /:dollar 1.59:dollar -:dollar 10.62:dollar =:dollar
EXPR: 0 | POS | FRA | 77 | 36.78 | 0.989399399399399 | ((2/(x-1.59))+13.95)=10.62 | 2 x 1.59 - / 13.95 + 10.62 = | 2:dollar x:ticket 1.59:ticket -:ticket /:dollar 13.95:dollar +:dollar 10.62:dollar =:dollar
EXPR: 0 | POS | FRA | 77 | 36.78 | 35.34 | ((2*(1.59-13.95))+x)=10.62 | 2 1.59 13.95 - * x + 10.62 = | 2:dollar 1.59:ticket 13.95:ticket -:ticket *:dollar x:dollar +:dollar 10.62:dollar =:dollar
EXPR: 0 | POS | FRA | 77 | 36.78 | 0.698323028886914 | (((2/1.59)+13.95)*x)=10.62 | 2 1.59 / 13.95 + x * 10.62 = | 2:dollar 1.59:ticket /:dollar 13.95:dollar +:dollar x:ticket *:dollar 10.62:dollar =:dollar
EXPR: 0 | POS | FRA | 77 | 36.78 | 7.05 | (10.62/((13.95-1.59)-x))=2 | 10.62 13.95 1.59 - x - / 2 = | 10.62:dollar 13.95:ticket 1.59:ticket -:ticket x:ticket -:ticket /:dollar 2:dollar =:dollar
EXPR: 0 | POS | FRA | 77 | 36.78 | 22.4799350282486 | (2/((x/1.59)-13.95))=10.62 | 2 x 1.59 / 13.95 - / 10.62 = | 2:dollar x:ticket 1.59:dollar /:ticket 13.95:ticket -:ticket /:dollar 10.62:dollar =:dollar
EXPR: 0 | POS | FRA | 77 | 36.78 | 0.377736226792831 | (x*1.59)=(2/(13.95-10.62)) | x 1.59 * 2 13.95 10.62 - / = | x:dollar 1.59:ticket *:ticket 2:ticket 13.95:dollar 10.62:dollar -:dollar /:ticket =:ticket
EXPR: 0 | POS | FRA | 77 | 36.78 | 8.89202762084118 | (2/((x*1.59)-13.95))=10.62 | 2 x 1.59 * 13.95 - / 10.62 = | 2:dollar x:ticket 1.59:dollar *:ticket 13.95:ticket -:ticket /:dollar 10.62:dollar =:dollar
EXPR: 0 | POS | FRA | 80 | 36.78 | 18.3042 | x=(13.95+((2-1.59)*10.62)) | x 13.95 2 1.59 - 10.62 * + = | x:dollar 13.95:dollar 2:ticket 1.59:ticket -:ticket 10.62:dollar *:dollar +:dollar =:dollar
EXPR: 0 | POS | FRA | 80 | 36.78 | 0.0870322019147085 | (2/(13.95+(10.62-1.59)))=x | 2 13.95 10.62 1.59 - + / x = | 2:dollar 13.95:ticket 10.62:ticket 1.59:ticket -:ticket +:ticket /:dollar x:dollar =:dollar
EXPR: 0 | POS | FRA | 80 | 36.78 | 0.40650406504065 | x=(2/((13.95-10.62)+1.59)) | x 2 13.95 10.62 - 1.59 + / = | x:dollar 2:dollar 13.95:ticket 10.62:ticket -:ticket 1.59:ticket +:ticket /:dollar =:dollar
EXPR: 0 | POS | FRA | 80 | 36.78 | 20.98 | x=(13.95-(1.59-(10.62-2))) | x 13.95 1.59 10.62 2 - - - = | x:dollar 13.95:dollar 1.59:dollar 10.62:dollar 2:dollar -:dollar -:dollar -:dollar =:dollar
EXPR: 0 | POS | FRA | 80 | 36.78 | 167.799 | (((2+13.95)*10.62)-1.59)=x | 2 13.95 + 10.62 * 1.59 - x = | 2:dollar 13.95:dollar +:dollar 10.62:ticket *:ticket 1.59:ticket -:ticket x:ticket =:ticket
EXPR: 0 | POS | FRA | 80 | 36.78 | 24.16 | x=(13.95-((2-1.59)-10.62)) | x 13.95 2 1.59 - 10.62 - - = | x:dollar 13.95:dollar 2:dollar 1.59:dollar -:dollar 10.62:dollar -:dollar -:dollar =:dollar
EXPR: 0 | POS | FRA | 80 | 36.78 | 6.92 | (((1.59+13.95)+2)-10.62)=x | 1.59 13.95 + 2 + 10.62 - x = | 1.59:dollar 13.95:dollar +:dollar 2:dollar +:dollar 10.62:dollar -:dollar x:dollar =:dollar
EXPR: 0 | POS | FRA | 82 | 36.78 | 2.4774011299435 | 13.95=((1.59+(x*10.62))/2) | 13.95 1.59 x 10.62 * + 2 / = | 13.95:dollar 1.59:dollar x:ticket 10.62:dollar *:dollar +:dollar 2:ticket /:dollar =:dollar
EXPR: 0 | POS | FRA | 82 | 36.78 | 5.78025 | (((1.59*13.95)-10.62)/x)=2 | 1.59 13.95 * 10.62 - x / 2 = | 1.59:dollar 13.95:ticket *:ticket 10.62:ticket -:ticket x:dollar /:ticket 2:ticket =:ticket
EXPR: 0 | POS | FRA | 82 | 36.78 | 2.46 | ((1.59+(13.95-10.62))/x)=2 | 1.59 13.95 10.62 - + x / 2 = | 1.59:dollar 13.95:dollar 10.62:dollar -:dollar +:dollar x:ticket /:dollar 2:dollar =:dollar
EXPR: 0 | POS | FRA | 82 | 36.78 | 2.92 | ((13.95-(x-1.59))-10.62)=2 | 13.95 x 1.59 - - 10.62 - 2 = | 13.95:dollar x:dollar 1.59:dollar -:dollar -:dollar 10.62:dollar -:dollar 2:dollar =:dollar
EXPR: 0 | POS | FRA | 82 | 36.78 | 0.558932659666851 | (x*1.59)=(10.62/(13.95-2)) | x 1.59 * 10.62 13.95 2 - / = | x:dollar 1.59:ticket *:ticket 10.62:ticket 13.95:dollar 2:dollar -:dollar /:ticket =:ticket
EXPR: 0 | POS | FRA | 85 | 36.78 | 25.365 | x=((1.59/2)+(10.62+13.95)) | x 1.59 2 / 10.62 13.95 + + = | x:ticket 1.59:ticket 2:dollar /:ticket 10.62:ticket 13.95:ticket +:ticket +:ticket =:ticket
EXPR: 0 | POS | FRA | 85 | 36.78 | 24.8076186440678 | x=(13.95*((2/10.62)+1.59)) | x 13.95 2 10.62 / 1.59 + * = | x:dollar 13.95:ticket 2:dollar 10.62:ticket /:dollar 1.59:dollar +:dollar *:dollar =:dollar
EXPR: 0 | POS | FRA | 85 | 36.78 | 133.2632 | (2+((13.95-1.59)*10.62))=x | 2 13.95 1.59 - 10.62 * + x = | 2:dollar 13.95:ticket 1.59:ticket -:ticket 10.62:dollar *:dollar +:dollar x:dollar =:dollar
EXPR: 0 | POS | FRA | 85 | 36.78 | 198.2295 | x=(13.95*((10.62+1.59)+2)) | x 13.95 10.62 1.59 + 2 + * = | x:ticket 13.95:dollar 10.62:ticket 1.59:ticket +:ticket 2:ticket +:ticket *:ticket =:ticket
EXPR: 0 | POS | FRA | 85 | 36.78 | 16.0997175141243 | x=(2+(13.95+(1.59/10.62))) | x 2 13.95 1.59 10.62 / + + = | x:ticket 2:ticket 13.95:ticket 1.59:ticket 10.62:dollar /:ticket +:ticket +:ticket =:ticket
EXPR: 0 | POS | FRA | 85 | 36.78 | 263.45691 | x=(13.95*((10.62*1.59)+2)) | x 13.95 10.62 1.59 * 2 + * = | x:dollar 13.95:ticket 10.62:ticket 1.59:dollar *:dollar 2:dollar +:dollar *:dollar =:dollar
EXPR: 0 | POS | FRA | 85 | 36.78 | 32.8358 | x=(13.95+((10.62*1.59)+2)) | x 13.95 10.62 1.59 * 2 + + = | x:ticket 13.95:ticket 10.62:ticket 1.59:dollar *:ticket 2:ticket +:ticket +:ticket =:ticket
EXPR: 0 | POS | FRA | 85 | 36.78 | 28.8358 | x=(13.95+((10.62*1.59)-2)) | x 13.95 10.62 1.59 * 2 - + = | x:ticket 13.95:ticket 10.62:ticket 1.59:dollar *:ticket 2:ticket -:ticket +:ticket =:ticket
EXPR: 0 | POS | FRA | 85 | 36.78 | 207.65691 | x=(13.95*((10.62*1.59)-2)) | x 13.95 10.62 1.59 * 2 - * = | x:dollar 13.95:ticket 10.62:ticket 1.59:dollar *:dollar 2:dollar -:dollar *:dollar =:dollar
EXPR: 0 | POS | FRA | 87 | 36.78 | 0.622168120646514 | ((x*13.95)-2)=(10.62/1.59) | x 13.95 * 2 - 10.62 1.59 / = | x:ticket 13.95:dollar *:ticket 2:ticket -:ticket 10.62:ticket 1.59:dollar /:ticket =:ticket
EXPR: 0 | POS | FRA | 87 | 36.78 | 0.335429769392034 | ((x*13.95)+2)=(10.62/1.59) | x 13.95 * 2 + 10.62 1.59 / = | x:ticket 13.95:dollar *:ticket 2:ticket +:ticket 10.62:ticket 1.59:dollar /:ticket =:ticket
EXPR: 0 | POS | FRA | 87 | 36.78 | 0.836477987421384 | ((13.95-10.62)-(x*1.59))=2 | 13.95 10.62 - x 1.59 * - 2 = | 13.95:ticket 10.62:ticket -:ticket x:ticket 1.59:dollar *:ticket -:ticket 2:ticket =:ticket
EXPR: 0 | POS | FRA | 87 | 36.78 | 0.989247311827957 | (((x*13.95)-10.62)/1.59)=2 | x 13.95 * 10.62 - 1.59 / 2 = | x:ticket 13.95:dollar *:dollar 10.62:dollar -:dollar 1.59:ticket /:dollar 2:dollar =:dollar
EXPR: 0 | POS | FRA | 87 | 36.78 | 0.790681003584229 | (((x*13.95)-10.62)+1.59)=2 | x 13.95 * 10.62 - 1.59 + 2 = | x:dollar 13.95:ticket *:ticket 10.62:ticket -:ticket 1.59:ticket +:ticket 2:ticket =:ticket
EXPR: 0 | POS | FRA | 87 | 36.78 | 0.697411003236246 | (2+((13.95-1.59)*x))=10.62 | 2 13.95 1.59 - x * + 10.62 = | 2:dollar 13.95:ticket 1.59:ticket -:ticket x:dollar *:dollar +:dollar 10.62:dollar =:dollar
EXPR: 0 | POS | FRA | 87 | 36.78 | 24.8076186440678 | (2/((x/13.95)-1.59))=10.62 | 2 x 13.95 / 1.59 - / 10.62 = | 2:dollar x:ticket 13.95:dollar /:ticket 1.59:ticket -:ticket /:dollar 10.62:dollar =:dollar
EXPR: 0 | POS | FRA | 87 | 36.78 | 36.93 | ((x+1.59)-(2*13.95))=10.62 | x 1.59 + 2 13.95 * - 10.62 = | x:ticket 1.59:ticket +:ticket 2:ticket 13.95:dollar *:ticket -:ticket 10.62:ticket =:ticket
EXPR: 0 | POS | FRA | 87 | 36.78 | 0.731899641577061 | ((2+(13.95*x))-1.59)=10.62 | 2 13.95 x * + 1.59 - 10.62 = | 2:ticket 13.95:dollar x:ticket *:ticket +:ticket 1.59:ticket -:ticket 10.62:ticket =:ticket
EXPR: 0 | POS | FRA | 87 | 36.78 | 30.6233999999999 | (2*((x/1.59)-13.95))=10.62 | 2 x 1.59 / 13.95 - * 10.62 = | 2:dollar x:ticket 1.59:dollar /:ticket 13.95:ticket -:ticket *:ticket 10.62:ticket =:ticket
EXPR: 0 | POS | FRA | 90 | 36.78 | 18.3042 | x=(13.95-((1.59-2)*10.62)) | x 13.95 1.59 2 - 10.62 * - = | x:dollar 13.95:dollar 1.59:ticket 2:ticket -:ticket 10.62:dollar *:dollar -:dollar =:dollar
EXPR: 0 | POS | FRA | 90 | 36.78 | 5.235 | x=(1.59+(10.62-(13.95/2))) | x 1.59 10.62 13.95 2 / - + = | x:ticket 1.59:ticket 10.62:ticket 13.95:ticket 2:dollar /:ticket -:ticket +:ticket =:ticket
EXPR: 0 | POS | FRA | 90 | 36.78 | 1.75756735340729 | ((1.59*13.95)/(10.62+2))=x | 1.59 13.95 * 10.62 2 + / x = | 1.59:ticket 13.95:dollar *:ticket 10.62:dollar 2:dollar +:dollar /:ticket x:ticket =:ticket
EXPR: 0 | POS | FRA | 90 | 36.78 | 24.98 | x=(13.95-((1.59-2)-10.62)) | x 13.95 1.59 2 - 10.62 - - = | x:dollar 13.95:dollar 1.59:dollar 2:dollar -:dollar 10.62:dollar -:dollar -:dollar =:dollar
EXPR: 0 | POS | FRA | 90 | 36.78 | 27.6558 | x=(13.95+(1.59*(10.62-2))) | x 13.95 1.59 10.62 2 - * + = | x:dollar 13.95:dollar 1.59:ticket 10.62:dollar 2:dollar -:dollar *:dollar +:dollar =:dollar
EXPR: 0 | POS | FRA | 90 | 36.78 | 9.5958 | x=(13.95+((1.59-2)*10.62)) | x 13.95 1.59 2 - 10.62 * + = | x:dollar 13.95:dollar 1.59:ticket 2:ticket -:ticket 10.62:dollar *:dollar +:dollar =:dollar
EXPR: 0 | POS | FRA | 90 | 36.78 | 33.6 | x=(13.95-(1.59-(10.62*2))) | x 13.95 1.59 10.62 2 * - - = | x:dollar 13.95:dollar 1.59:dollar 10.62:ticket 2:dollar *:dollar -:dollar -:dollar =:dollar
EXPR: 0 | POS | FRA | 92 | 36.78 | 2.1147 | ((13.95-(x/1.59))-10.62)=2 | 13.95 x 1.59 / - 10.62 - 2 = | 13.95:dollar x:dollar 1.59:ticket /:dollar -:dollar 10.62:dollar -:dollar 2:dollar =:dollar
EXPR: 0 | POS | FRA | 92 | 36.78 | 1.06708243727599 | (((13.95*x)+2)/1.59)=10.62 | 13.95 x * 2 + 1.59 / 10.62 = | 13.95:dollar x:ticket *:ticket 2:ticket +:ticket 1.59:dollar /:ticket 10.62:ticket =:ticket
EXPR: 0 | POS | FRA | 92 | 36.78 | 0.622168120646514 | (((13.95*x)-2)*1.59)=10.62 | 13.95 x * 2 - 1.59 * 10.62 = | 13.95:dollar x:ticket *:ticket 2:ticket -:ticket 1.59:dollar *:ticket 10.62:ticket =:ticket
EXPR: 0 | POS | FRA | 92 | 36.78 | 0.335429769392034 | (((13.95*x)+2)*1.59)=10.62 | 13.95 x * 2 + 1.59 * 10.62 = | 13.95:dollar x:ticket *:ticket 2:ticket +:ticket 1.59:dollar *:ticket 10.62:ticket =:ticket
EXPR: 0 | POS | FRA | 95 | 36.78 | 10.23 | x=((13.95-(10.62/2))+1.59) | x 13.95 10.62 2 / - 1.59 + = | x:ticket 13.95:ticket 10.62:ticket 2:dollar /:ticket -:ticket 1.59:ticket +:ticket =:ticket
EXPR: 0 | POS | FRA | 95 | 36.78 | 3.48 | (2*((13.95-1.59)-10.62))=x | 2 13.95 1.59 - 10.62 - * x = | 2:dollar 13.95:ticket 1.59:ticket -:ticket 10.62:ticket -:ticket *:dollar x:dollar =:dollar
EXPR: 0 | POS | FRA | 100 | 36.78 | 0.981703026038001 | x=(13.95/((2+1.59)+10.62)) | x 13.95 2 1.59 + 10.62 + / = | x:ticket 13.95:ticket 2:dollar 1.59:dollar +:dollar 10.62:dollar +:dollar /:ticket =:ticket
EXPR: 0 | POS | FRA | 100 | 36.78 | 0.153584905660377 | (((13.95/1.59)-10.62)+2)=x | 13.95 1.59 / 10.62 - 2 + x = | 13.95:ticket 1.59:dollar /:ticket 10.62:ticket -:ticket 2:ticket +:ticket x:ticket =:ticket
EXPR: 0 | POS | FRA | 100 | 36.78 | 15.3516760828625 | x=(13.95+(1.59-(2/10.62))) | x 13.95 1.59 2 10.62 / - + = | x:dollar 13.95:dollar 1.59:dollar 2:dollar 10.62:ticket /:dollar -:dollar +:dollar =:dollar
EXPR: 0 | POS | FRA | 100 | 36.78 | 12.0997175141243 | (13.95+((1.59/10.62)-2))=x | 13.95 1.59 10.62 / 2 - + x = | 13.95:ticket 1.59:ticket 10.62:dollar /:ticket 2:ticket -:ticket +:ticket x:ticket =:ticket
EXPR: 0 | POS | FRA | 102 | 36.78 | 1.63655913978495 | ((x*13.95)-1.59)=(10.62*2) | x 13.95 * 1.59 - 10.62 2 * = | x:dollar 13.95:ticket *:ticket 1.59:ticket -:ticket 10.62:dollar 2:ticket *:ticket =:ticket
EXPR: 0 | POS | FRA | 102 | 36.78 | 1.40860215053763 | ((x*13.95)+1.59)=(10.62*2) | x 13.95 * 1.59 + 10.62 2 * = | x:dollar 13.95:ticket *:ticket 1.59:ticket +:ticket 10.62:dollar 2:ticket *:ticket =:ticket
EXPR: 0 | POS | FRA | 102 | 36.78 | 3.75 | ((1.59+(13.95/x))*2)=10.62 | 1.59 13.95 x / + 2 * 10.62 = | 1.59:ticket 13.95:ticket x:dollar /:ticket +:ticket 2:dollar *:dollar 10.62:dollar =:dollar
EXPR: 0 | POS | FRA | 102 | 36.78 | 1.4338747099768 | 13.95=(1.59+(x*(10.62-2))) | 13.95 1.59 x 10.62 2 - * + = | 13.95:ticket 1.59:ticket x:dollar 10.62:ticket 2:ticket -:ticket *:ticket +:ticket =:ticket
EXPR: 0 | POS | FRA | 102 | 36.78 | 3.21045161290323 | ((13.95/1.59)*(x-2))=10.62 | 13.95 1.59 / x 2 - * 10.62 = | 13.95:ticket 1.59:dollar /:ticket x:dollar 2:dollar -:dollar *:dollar 10.62:dollar =:dollar
EXPR: 0 | POS | FRA | 102 | 36.78 | 0.266666666666667 | ((1.59+(13.95*x))*2)=10.62 | 1.59 13.95 x * + 2 * 10.62 = | 1.59:ticket 13.95:ticket x:dollar *:ticket +:ticket 2:dollar *:dollar 10.62:dollar =:dollar
EXPR: 0 | POS | FRA | 102 | 36.78 | 0.979397781299525 | 13.95=(1.59+(x*(10.62+2))) | 13.95 1.59 x 10.62 2 + * + = | 13.95:ticket 1.59:ticket x:dollar 10.62:ticket 2:ticket +:ticket *:ticket +:ticket =:ticket
EXPR: 0 | POS | FRA | 102 | 36.78 | 0.789548387096774 | ((13.95/1.59)*(2-x))=10.62 | 13.95 1.59 / 2 x - * 10.62 = | 13.95:ticket 1.59:dollar /:ticket 2:dollar x:dollar -:dollar *:dollar 10.62:dollar =:dollar
EXPR: 0 | POS | FRA | 107 | 36.78 | 17.2896226415094 | ((x-13.95)*2)=(10.62/1.59) | x 13.95 - 2 * 10.62 1.59 / = | x:ticket 13.95:ticket -:ticket 2:dollar *:dollar 10.62:dollar 1.59:ticket /:dollar =:dollar
EXPR: 0 | POS | FRA | 107 | 36.78 | 5.07 | ((13.95-10.62)*2)=(1.59+x) | 13.95 10.62 - 2 * 1.59 x + = | 13.95:ticket 10.62:ticket -:ticket 2:dollar *:ticket 1.59:ticket x:ticket +:ticket =:ticket
EXPR: 0 | POS | FRA | 107 | 36.78 | 0.075 | ((13.95-10.62)/2)=(1.59+x) | 13.95 10.62 - 2 / 1.59 x + = | 13.95:ticket 10.62:ticket -:ticket 2:dollar /:ticket 1.59:ticket x:ticket +:ticket =:ticket
EXPR: 0 | POS | FRA | 107 | 36.78 | 1.7505376344086 | (x*13.95)=((10.62+1.59)*2) | x 13.95 * 10.62 1.59 + 2 * = | x:ticket 13.95:dollar *:dollar 10.62:ticket 1.59:ticket +:ticket 2:dollar *:dollar =:dollar
EXPR: 0 | POS | FRA | 107 | 36.78 | 17.67 | (2*(x-(13.95-1.59)))=10.62 | 2 x 13.95 1.59 - - * 10.62 = | 2:dollar x:ticket 13.95:ticket 1.59:ticket -:ticket -:ticket *:ticket 10.62:ticket =:ticket
EXPR: 0 | POS | FRA | 110 | 36.78 | 0.244199999999999 | x=(13.95+(1.59*(2-10.62))) | x 13.95 1.59 2 10.62 - * + = | x:ticket 13.95:ticket 1.59:dollar 2:ticket 10.62:ticket -:ticket *:ticket +:ticket =:ticket
EXPR: 1 | POS | FRA | 110 | 36.78 | 36.78 | x=(1.59+(13.95+(10.62*2))) | x 1.59 13.95 10.62 2 * + + = | x:ticket 1.59:ticket 13.95:ticket 10.62:ticket 2:dollar *:ticket +:ticket +:ticket =:ticket
EXPR: 0 | POS | FRA | 110 | 36.78 | 27.6558 | x=(13.95-(1.59*(2-10.62))) | x 13.95 1.59 2 10.62 - * - = | x:ticket 13.95:ticket 1.59:dollar 2:ticket 10.62:ticket -:ticket *:ticket -:ticket =:ticket
EXPR: 0 | POS | FRA | 112 | 36.78 | 10.7530543933054 | (x-(1.59/(13.95-2)))=10.62 | x 1.59 13.95 2 - / - 10.62 = | x:ticket 1.59:ticket 13.95:dollar 2:dollar -:dollar /:ticket -:ticket 10.62:ticket =:ticket
EXPR: 0 | POS | FRA | 112 | 36.78 | 6.92 | (((1.59+13.95)+2)-x)=10.62 | 1.59 13.95 + 2 + x - 10.62 = | 1.59:ticket 13.95:ticket +:ticket 2:ticket +:ticket x:ticket -:ticket 10.62:ticket =:ticket
EXPR: 0 | POS | FRA | 112 | 36.78 | 0.975517890772128 | (13.95-1.59)=(2+(x*10.62)) | 13.95 1.59 - 2 x 10.62 * + = | 13.95:dollar 1.59:dollar -:dollar 2:dollar x:dollar 10.62:ticket *:dollar +:dollar =:dollar
EXPR: 0 | POS | FRA | 112 | 36.78 | 110.0232 | (13.95-1.59)=(2+(x/10.62)) | 13.95 1.59 - 2 x 10.62 / + = | 13.95:dollar 1.59:dollar -:dollar 2:dollar x:dollar 10.62:ticket /:dollar +:dollar =:dollar
EXPR: 1 | POS | FRA | 120 | 36.78 | 36.78 | x=(13.95+(1.59+(10.62*2))) | x 13.95 1.59 10.62 2 * + + = | x:ticket 13.95:ticket 1.59:ticket 10.62:ticket 2:dollar *:ticket +:ticket +:ticket =:ticket
EXPR: 0 | POS | FRA | 122 | 36.78 | 0.266666666666667 | ((x*13.95)+1.59)=(10.62/2) | x 13.95 * 1.59 + 10.62 2 / = | x:ticket 13.95:dollar *:ticket 1.59:ticket +:ticket 10.62:ticket 2:dollar /:ticket =:ticket
EXPR: 0 | POS | FRA | 122 | 36.78 | 20.46 | (((1.59+13.95)*2)-x)=10.62 | 1.59 13.95 + 2 * x - 10.62 = | 1.59:ticket 13.95:ticket +:ticket 2:dollar *:ticket x:ticket -:ticket 10.62:ticket =:ticket
NET 360 unique, non-negative solutions found out of 804 total solutions
