parameters: n=9 l=4 k=1 p=5 q=3 m=10
TOTAL 460 solutions found
SOLN: CORRECT | POS/NEG | INT/FRA | OBJ-SCORE | TRUE-ANS | ANS | INFIX | POSTFIX | TYPED-POSTFIX
EXPR: 1 | POS | INT | 0 | 180 | 180 | ((6*6)+(8*18))=x | 6 6 * 8 18 * + x = | 6:van 6:people *:people 8:bus 18:people *:people +:people x:people =:people
EXPR: 0 | POS | INT | 0 | 180 | 396 | (6*((6*8)+18))=x | 6 6 8 * 18 + * x = | 6:van 6:people 8:bus *:people 18:people +:people *:people x:people =:people
EXPR: 0 | POS | INT | 0 | 180 | 396 | x=(6*((6*8)+18)) | x 6 6 8 * 18 + * = | x:people 6:van 6:people 8:bus *:people 18:people +:people *:people =:people
EXPR: 1 | POS | INT | 0 | 180 | 180 | (6*((6*8)-18))=x | 6 6 8 * 18 - * x = | 6:van 6:people 8:bus *:people 18:people -:people *:people x:people =:people
EXPR: 1 | POS | INT | 0 | 180 | 180 | x=(6*((6*8)-18)) | x 6 6 8 * 18 - * = | x:people 6:van 6:people 8:bus *:people 18:people -:people *:people =:people
EXPR: 1 | POS | INT | 0 | 180 | 180 | x=((6*6)+(8*18)) | x 6 6 * 8 18 * + = | x:people 6:van 6:people *:people 8:bus 18:people *:people +:people =:people
EXPR: 0 | POS | INT | 10 | 180 | 102 | x=((6*(6+8))+18) | x 6 6 8 + * 18 + = | x:people 6:van 6:people 8:people +:people *:people 18:people +:people =:people
EXPR: 0 | POS | INT | 10 | 180 | 504 | (((6*6)-8)*18)=x | 6 6 * 8 - 18 * x = | 6:van 6:people *:van 8:van -:van 18:people *:people x:people =:people
EXPR: 0 | POS | INT | 10 | 180 | 78 | x=(((6+6)*8)-18) | x 6 6 + 8 * 18 - = | x:people 6:people 6:people +:people 8:bus *:people 18:people -:people =:people
EXPR: 0 | POS | INT | 10 | 180 | 96 | (6*((6-8)+18))=x | 6 6 8 - 18 + * x = | 6:van 6:people 8:people -:people 18:people +:people *:people x:people =:people
EXPR: 0 | POS | INT | 12 | 180 | 108 | (x+(6*6))=(8*18) | x 6 6 * + 8 18 * = | x:people 6:van 6:people *:people +:people 8:bus 18:people *:people =:people
EXPR: 1 | POS | INT | 12 | 180 | 180 | (x-(6*6))=(8*18) | x 6 6 * - 8 18 * = | x:people 6:van 6:people *:people -:people 8:bus 18:people *:people =:people
EXPR: 0 | POS | INT | 12 | 180 | 11 | (6*((6-x)+8))=18 | 6 6 x - 8 + * 18 = | 6:van 6:people x:people -:people 8:people +:people *:people 18:people =:people
EXPR: 0 | POS | INT | 20 | 180 | 756 | (((6*8)-6)*18)=x | 6 8 * 6 - 18 * x = | 6:van 8:bus *:bus 6:bus -:bus 18:people *:people x:people =:people
EXPR: 0 | POS | INT | 20 | 180 | 18 | x=(((6-6)/8)+18) | x 6 6 - 8 / 18 + = | x:people 6:people 6:people -:people 8:bus /:people 18:people +:people =:people
EXPR: 0 | POS | INT | 20 | 180 | 936 | x=((6*6)*(8+18)) | x 6 6 * 8 18 + * = | x:bus 6:van 6:people *:van 8:bus 18:bus +:bus *:bus =:bus
EXPR: 0 | POS | INT | 20 | 180 | 18 | x=(((6-6)*8)+18) | x 6 6 - 8 * 18 + = | x:people 6:people 6:people -:people 8:van *:people 18:people +:people =:people
EXPR: 0 | POS | INT | 20 | 180 | 46 | x=((6*6)+(18-8)) | x 6 6 * 18 8 - + = | x:people 6:van 6:people *:people 18:people 8:people -:people +:people =:people
EXPR: 0 | POS | INT | 20 | 180 | 162 | x=(((6/6)+8)*18) | x 6 6 / 8 + 18 * = | x:people 6:van 6:bus /:van 8:van +:van 18:people *:people =:people
EXPR: 0 | POS | INT | 20 | 180 | 10 | x=((6/6)*(18-8)) | x 6 6 / 18 8 - * = | x:people 6:van 6:people /:van 18:people 8:people -:people *:people =:people
EXPR: 0 | POS | INT | 20 | 180 | 312 | x=((6+6)*(8+18)) | x 6 6 + 8 18 + * = | x:people 6:van 6:van +:van 8:people 18:people +:people *:people =:people
EXPR: 0 | POS | INT | 27 | 180 | 25 | ((6*x)-(8*18))=6 | 6 x * 8 18 * - 6 = | 6:van x:people *:people 8:bus 18:people *:people -:people 6:people =:people
EXPR: 0 | POS | INT | 30 | 180 | 504 | x=(((6*6)-8)*18) | x 6 6 * 8 - 18 * = | x:bus 6:van 6:people *:people 8:people -:people 18:bus *:bus =:bus
EXPR: 0 | POS | INT | 30 | 180 | 792 | x=(((6*6)+8)*18) | x 6 6 * 8 + 18 * = | x:bus 6:van 6:people *:people 8:people +:people 18:bus *:bus =:bus
EXPR: 0 | POS | INT | 30 | 180 |  | x=((6-6)*(8+18)) | x 6 6 - 8 18 + * = | x:people 6:van 6:van -:van 8:people 18:people +:people *:people =:people
EXPR: 0 | POS | INT | 30 | 180 | 50 | (6*((6/18)+8))=x | 6 6 18 / 8 + * x = | 6:van 6:people 18:bus /:people 8:people +:people *:people x:people =:people
EXPR: 0 | POS | INT | 30 | 180 | 156 | ((6*8)+(6*18))=x | 6 8 * 6 18 * + x = | 6:van 8:people *:people 6:bus 18:people *:people +:people x:people =:people
EXPR: 0 | POS | INT | 30 | 180 | 360 | x=((6*6)*(18-8)) | x 6 6 * 18 8 - * = | x:people 6:van 6:bus *:bus 18:people 8:people -:people *:people =:people
EXPR: 0 | POS | INT | 30 | 180 | 600 | x=(6*((6*18)-8)) | x 6 6 18 * 8 - * = | x:people 6:van 6:people 18:bus *:people 8:people -:people *:people =:people
EXPR: 0 | POS | INT | 30 | 180 | 696 | (6*((6*18)+8))=x | 6 6 18 * 8 + * x = | 6:van 6:people 18:bus *:people 8:people +:people *:people x:people =:people
EXPR: 0 | POS | INT | 30 | 180 | 116 | (6*((8/6)+18))=x | 6 8 6 / 18 + * x = | 6:van 8:bus 6:people /:bus 18:bus +:bus *:bus x:bus =:bus
EXPR: 0 | POS | INT | 30 | 180 | 600 | (6*((6*18)-8))=x | 6 6 18 * 8 - * x = | 6:van 6:people 18:bus *:people 8:people -:people *:people x:people =:people
EXPR: 0 | POS | INT | 32 | 180 | 46 | (x-(6*6))=(18-8) | x 6 6 * - 18 8 - = | x:people 6:van 6:people *:people -:people 18:people 8:people -:people =:people
EXPR: 0 | POS | INT | 32 | 180 | 46 | ((x-(6*6))+8)=18 | x 6 6 * - 8 + 18 = | x:bus 6:van 6:bus *:bus -:bus 8:bus +:bus 18:bus =:bus
EXPR: 0 | POS | INT | 32 | 180 | 25 | (x*6)=(6+(8*18)) | x 6 * 6 8 18 * + = | x:bus 6:people *:people 6:people 8:bus 18:people *:people +:people =:people
EXPR: 0 | POS | INT | 35 | 180 | 4 | ((6*8)/(18-6))=x | 6 8 * 18 6 - / x = | 6:van 8:bus *:bus 18:people 6:people -:people /:bus x:bus =:bus
EXPR: 0 | POS | INT | 35 | 180 | 120 | (6*((18-6)+8))=x | 6 18 6 - 8 + * x = | 6:van 18:people 6:people -:people 8:people +:people *:people x:people =:people
EXPR: 0 | POS | INT | 35 | 180 | 192 | x=(6*((8+18)+6)) | x 6 8 18 + 6 + * = | x:people 6:van 8:people 18:people +:people 6:people +:people *:people =:people
EXPR: 0 | POS | INT | 35 | 180 | 60 | (((6*8)+18)-6)=x | 6 8 * 18 + 6 - x = | 6:van 8:people *:people 18:people +:people 6:people -:people x:people =:people
EXPR: 0 | POS | INT | 37 | 180 | 5 | (((6*x)+18)/8)=6 | 6 x * 18 + 8 / 6 = | 6:van x:people *:people 18:people +:people 8:bus /:people 6:people =:people
EXPR: 0 | POS | INT | 37 | 180 | 11 | (((6*x)-18)/8)=6 | 6 x * 18 - 8 / 6 = | 6:van x:people *:people 18:people -:people 8:bus /:people 6:people =:people
EXPR: 0 | POS | INT | 40 | 180 | 144 | (((6*6)-18)*8)=x | 6 6 * 18 - 8 * x = | 6:van 6:bus *:bus 18:bus -:bus 8:people *:people x:people =:people
EXPR: 0 | POS | INT | 40 | 180 | 136 | ((6*(6+18))-8)=x | 6 6 18 + * 8 - x = | 6:van 6:bus 18:bus +:bus *:bus 8:bus -:bus x:bus =:bus
EXPR: 0 | POS | INT | 40 | 180 | 72 | ((6+(18/6))*8)=x | 6 18 6 / + 8 * x = | 6:people 18:people 6:van /:people +:people 8:bus *:people x:people =:people
EXPR: 0 | POS | INT | 45 | 180 | 66 | (6*((18/6)+8))=x | 6 18 6 / 8 + * x = | 6:van 18:people 6:bus /:people 8:people +:people *:people x:people =:people
EXPR: 0 | POS | INT | 45 | 180 | 152 | (8*((6/6)+18))=x | 8 6 6 / 18 + * x = | 8:van 6:people 6:van /:people 18:people +:people *:people x:people =:people
EXPR: 0 | POS | INT | 45 | 180 | 432 | (8*((6*6)+18))=x | 8 6 6 * 18 + * x = | 8:van 6:bus 6:people *:people 18:people +:people *:people x:people =:people
EXPR: 0 | POS | INT | 45 | 180 | 144 | (8*((6*6)-18))=x | 8 6 6 * 18 - * x = | 8:van 6:bus 6:people *:people 18:people -:people *:people x:people =:people
EXPR: 0 | POS | INT | 45 | 180 | 156 | ((6*18)+(6*8))=x | 6 18 * 6 8 * + x = | 6:van 18:people *:people 6:bus 8:people *:people +:people x:people =:people
EXPR: 0 | POS | INT | 45 | 180 | 60 | ((6*18)-(6*8))=x | 6 18 * 6 8 * - x = | 6:van 18:people *:people 6:bus 8:people *:people -:people x:people =:people
EXPR: 0 | POS | INT | 45 | 180 | 900 | x=(6*((8*18)+6)) | x 6 8 18 * 6 + * = | x:people 6:bus 8:van 18:people *:people 6:people +:people *:people =:people
EXPR: 0 | POS | INT | 45 | 180 | 66 | ((6*(18-8))+6)=x | 6 18 8 - * 6 + x = | 6:van 18:people 8:people -:people *:people 6:people +:people x:people =:people
EXPR: 0 | POS | INT | 45 | 180 | 11 | (((6*8)+18)/6)=x | 6 8 * 18 + 6 / x = | 6:van 8:people *:people 18:people +:people 6:van /:people x:people =:people
EXPR: 0 | POS | INT | 47 | 180 | 5 | (((6*x)+18)/6)=8 | 6 x * 18 + 6 / 8 = | 6:van x:people *:people 18:people +:people 6:van /:people 8:people =:people
EXPR: 0 | POS | INT | 50 | 180 | 26 | x=((6/6)*(8+18)) | x 6 6 / 8 18 + * = | x:bus 6:van 6:bus /:van 8:bus 18:bus +:bus *:bus =:bus
EXPR: 0 | POS | INT | 50 | 180 | 102 | x=(6-((6-18)*8)) | x 6 6 18 - 8 * - = | x:van 6:van 6:bus 18:bus -:bus 8:van *:van -:van =:van
EXPR: 0 | POS | INT | 50 | 180 | 8 | (((6-6)*18)+8)=x | 6 6 - 18 * 8 + x = | 6:van 6:van -:van 18:bus *:bus 8:bus +:bus x:bus =:bus
EXPR: 0 | POS | INT | 55 | 180 | 24 | x=((6-18)*(6-8)) | x 6 18 - 6 8 - * = | x:bus 6:people 18:people -:people 6:bus 8:bus -:bus *:bus =:bus
EXPR: 0 | POS | INT | 55 | 180 | 144 | x=(8*((6*6)-18)) | x 8 6 6 * 18 - * = | x:people 8:van 6:people 6:bus *:people 18:people -:people *:people =:people
EXPR: 0 | POS | INT | 57 | 180 | 5 | (6*8)=(18+(6*x)) | 6 8 * 18 6 x * + = | 6:van 8:people *:people 18:people 6:van x:people *:people +:people =:people
EXPR: 0 | POS | INT | 57 | 180 | 1512 | (x/(6+8))=(6*18) | x 6 8 + / 6 18 * = | x:people 6:van 8:van +:van /:people 6:van 18:people *:people =:people
EXPR: 0 | POS | INT | 60 | 180 | 912 | (((6*18)+6)*8)=x | 6 18 * 6 + 8 * x = | 6:van 18:people *:people 6:people +:people 8:bus *:people x:people =:people
EXPR: 0 | POS | INT | 60 | 180 | 816 | (((6*18)-6)*8)=x | 6 18 * 6 - 8 * x = | 6:van 18:people *:people 6:people -:people 8:bus *:people x:people =:people
EXPR: 0 | POS | INT | 65 | 180 | 972 | (((6*8)+6)*18)=x | 6 8 * 6 + 18 * x = | 6:van 8:bus *:bus 6:bus +:bus 18:van *:van x:van =:van
EXPR: 0 | POS | INT | 65 | 180 | 192 | ((6+(8+18))*6)=x | 6 8 18 + + 6 * x = | 6:people 8:people 18:people +:people +:people 6:bus *:bus x:bus =:bus
EXPR: 0 | POS | INT | 65 | 180 | 66 | x=(6+((18-8)*6)) | x 6 18 8 - 6 * + = | x:people 6:people 18:people 8:people -:people 6:van *:people +:people =:people
EXPR: 0 | POS | INT | 65 | 180 | 17 | x=((18/6)+(6+8)) | x 18 6 / 6 8 + + = | x:people 18:people 6:bus /:people 6:people 8:people +:people +:people =:people
EXPR: 0 | POS | INT | 65 | 180 | 94 | (((6*18)-8)-6)=x | 6 18 * 8 - 6 - x = | 6:van 18:bus *:bus 8:bus -:bus 6:bus -:bus x:bus =:bus
EXPR: 0 | POS | INT | 67 | 180 | 36 | (((6*8)+6)-x)=18 | 6 8 * 6 + x - 18 = | 6:van 8:bus *:bus 6:bus +:bus x:bus -:bus 18:bus =:bus
EXPR: 0 | POS | INT | 70 | 180 | 116 | x=(((8/6)+18)*6) | x 8 6 / 18 + 6 * = | x:people 8:van 6:bus /:van 18:van +:van 6:people *:people =:people
EXPR: 0 | POS | INT | 70 | 180 | 106 | (((6*18)+6)-8)=x | 6 18 * 6 + 8 - x = | 6:van 18:people *:people 6:people +:people 8:people -:people x:people =:people
EXPR: 0 | POS | INT | 70 | 180 | 144 | ((6+(18-6))*8)=x | 6 18 6 - + 8 * x = | 6:van 18:van 6:van -:van +:van 8:bus *:bus x:bus =:bus
EXPR: 1 | POS | INT | 75 | 180 | 180 | (((6*8)-18)*6)=x | 6 8 * 18 - 6 * x = | 6:van 8:bus *:bus 18:bus -:bus 6:people *:people x:people =:people
EXPR: 0 | POS | INT | 75 | 180 | 144 | x=(8*(6+(18-6))) | x 8 6 18 6 - + * = | x:bus 8:bus 6:people 18:people 6:people -:people +:people *:bus =:bus
EXPR: 0 | POS | INT | 75 | 180 | 22 | x=((6+18)-(8-6)) | x 6 18 + 8 6 - - = | x:people 6:people 18:people +:people 8:people 6:people -:people -:people =:people
EXPR: 0 | POS | INT | 75 | 180 | 972 | x=(18*((6*8)+6)) | x 18 6 8 * 6 + * = | x:people 18:van 6:people 8:bus *:people 6:people +:people *:people =:people
EXPR: 0 | POS | INT | 75 | 180 | 42 | x=((18/6)*(6+8)) | x 18 6 / 6 8 + * = | x:people 18:van 6:bus /:van 6:people 8:people +:people *:people =:people
EXPR: 0 | POS | INT | 75 | 180 | 162 | x=(6+((8+18)*6)) | x 6 8 18 + 6 * + = | x:van 6:van 8:bus 18:bus +:bus 6:van *:van +:van =:van
EXPR: 0 | POS | INT | 75 | 180 | 336 | x=((6+18)*(6+8)) | x 6 18 + 6 8 + * = | x:van 6:bus 18:bus +:bus 6:van 8:van +:van *:van =:van
EXPR: 0 | POS | INT | 75 | 180 | 60 | x=((18-6)+(6*8)) | x 18 6 - 6 8 * + = | x:people 18:people 6:people -:people 6:bus 8:people *:people +:people =:people
EXPR: 0 | POS | INT | 75 | 180 | 900 | ((6+(8*18))*6)=x | 6 8 18 * + 6 * x = | 6:people 8:people 18:bus *:people +:people 6:bus *:bus x:bus =:bus
EXPR: 0 | POS | INT | 77 | 180 | 24 | ((x/(6-18))+8)=6 | x 6 18 - / 8 + 6 = | x:bus 6:people 18:people -:people /:bus 8:bus +:bus 6:bus =:bus
EXPR: 0 | POS | INT | 77 | 180 | 60 | (((6*8)+18)-x)=6 | 6 8 * 18 + x - 6 = | 6:van 8:people *:people 18:people +:people x:people -:people 6:people =:people
EXPR: 1 | POS | INT | 80 | 180 | 180 | ((8*18)+(6*6))=x | 8 18 * 6 6 * + x = | 8:van 18:people *:people 6:bus 6:people *:people +:people x:people =:people
EXPR: 0 | POS | INT | 80 | 180 | 108 | ((8*18)-(6*6))=x | 8 18 * 6 6 * - x = | 8:van 18:people *:people 6:bus 6:people *:people -:people x:people =:people
EXPR: 0 | POS | INT | 80 | 180 | 900 | (((8*18)+6)*6)=x | 8 18 * 6 + 6 * x = | 8:van 18:people *:people 6:people +:people 6:van *:people x:people =:people
EXPR: 0 | POS | INT | 80 | 180 | 25 | (((8*18)+6)/6)=x | 8 18 * 6 + 6 / x = | 8:van 18:people *:people 6:people +:people 6:van /:people x:people =:people
EXPR: 0 | POS | INT | 80 | 180 | 23 | (((8*18)-6)/6)=x | 8 18 * 6 - 6 / x = | 8:van 18:people *:people 6:people -:people 6:van /:people x:people =:people
EXPR: 0 | POS | INT | 82 | 180 | 10 | ((18+(8+x))/6)=6 | 18 8 x + + 6 / 6 = | 18:people 8:people x:people +:people +:people 6:van /:people 6:people =:people
EXPR: 0 | POS | INT | 82 | 180 | 15 | 8=(6+(18/(x-6))) | 8 6 18 x 6 - / + = | 8:bus 6:bus 18:bus x:van 6:van -:van /:bus +:bus =:bus
EXPR: 0 | POS | INT | 85 | 180 | 96 | (6*((18-8)+6))=x | 6 18 8 - 6 + * x = | 6:van 18:people 8:people -:people 6:people +:people *:people x:people =:people
EXPR: 0 | POS | INT | 85 | 180 | 972 | (18*((6*8)+6))=x | 18 6 8 * 6 + * x = | 18:van 6:van 8:bus *:bus 6:bus +:bus *:van x:van =:van
EXPR: 0 | POS | INT | 85 | 180 | 756 | (18*((6*8)-6))=x | 18 6 8 * 6 - * x = | 18:van 6:van 8:bus *:bus 6:bus -:bus *:van x:van =:van
EXPR: 0 | POS | INT | 85 | 180 | 110 | (((6*18)+8)-6)=x | 6 18 * 8 + 6 - x = | 6:van 18:people *:people 8:people +:people 6:people -:people x:people =:people
EXPR: 0 | POS | INT | 85 | 180 | 696 | (((6*18)+8)*6)=x | 6 18 * 8 + 6 * x = | 6:van 18:people *:people 8:people +:people 6:bus *:people x:people =:people
EXPR: 0 | POS | INT | 85 | 180 | 600 | (((6*18)-8)*6)=x | 6 18 * 8 - 6 * x = | 6:van 18:people *:people 8:people -:people 6:bus *:people x:people =:people
EXPR: 0 | POS | INT | 87 | 180 | 72 | (x-18)=(6+(6*8)) | x 18 - 6 6 8 * + = | x:people 18:people -:people 6:people 6:van 8:people *:people +:people =:people
EXPR: 0 | POS | INT | 87 | 180 | 110 | (((6*18)+8)-x)=6 | 6 18 * 8 + x - 6 = | 6:van 18:people *:people 8:people +:people x:people -:people 6:people =:people
EXPR: 0 | POS | INT | 87 | 180 | 10 | ((18-x)*6)=(6*8) | 18 x - 6 * 6 8 * = | 18:van x:van -:van 6:bus *:bus 6:people 8:bus *:bus =:bus
EXPR: 0 | POS | INT | 90 | 180 | 144 | (8*((18-6)+6))=x | 8 18 6 - 6 + * x = | 8:bus 18:van 6:van -:van 6:van +:van *:van x:van =:van
EXPR: 0 | POS | INT | 90 | 180 | 756 | x=(18*((6*8)-6)) | x 18 6 8 * 6 - * = | x:people 18:van 6:people 8:bus *:people 6:people -:people *:people =:people
EXPR: 0 | POS | INT | 90 | 180 | 72 | (8*((18/6)+6))=x | 8 18 6 / 6 + * x = | 8:people 18:bus 6:van /:bus 6:bus +:bus *:people x:people =:people
EXPR: 0 | POS | INT | 90 | 180 | 46 | x=((18-8)+(6*6)) | x 18 8 - 6 6 * + = | x:people 18:people 8:people -:people 6:bus 6:people *:people +:people =:people
EXPR: 0 | POS | INT | 90 | 180 | 2 | x=(8-((18-6)-6)) | x 8 18 6 - 6 - - = | x:people 8:people 18:people 6:people -:people 6:people -:people -:people =:people
EXPR: 0 | POS | INT | 92 | 180 | 108 | (8*18)=((6*6)+x) | 8 18 * 6 6 * x + = | 8:van 18:people *:people 6:bus 6:people *:people x:people +:people =:people
EXPR: 0 | POS | INT | 92 | 180 | 11 | ((x-(18-8))*6)=6 | x 18 8 - - 6 * 6 = | x:people 18:people 8:people -:people -:people 6:van *:van 6:van =:van
EXPR: 0 | POS | INT | 95 | 180 | 5 | x=((18/6)-(6-8)) | x 18 6 / 6 8 - - = | x:van 18:van 6:people /:van 6:van 8:van -:van -:van =:van
EXPR: 0 | POS | INT | 95 | 180 | 51 | x=((18/6)+(6*8)) | x 18 6 / 6 8 * + = | x:bus 18:bus 6:people /:bus 6:bus 8:van *:bus +:bus =:bus
EXPR: 0 | POS | INT | 95 | 180 | 114 | x=(18+((6+6)*8)) | x 18 6 6 + 8 * + = | x:van 18:van 6:bus 6:bus +:bus 8:van *:van +:van =:van
EXPR: 0 | POS | INT | 97 | 180 | 122 | ((6*18)+8)=(x-6) | 6 18 * 8 + x 6 - = | 6:van 18:people *:people 8:people +:people x:people 6:people -:people =:people
EXPR: 0 | POS | INT | 97 | 180 | 32 | ((6+18)*8)=(x*6) | 6 18 + 8 * x 6 * = | 6:van 18:van +:van 8:bus *:bus x:people 6:bus *:bus =:bus
EXPR: 0 | POS | INT | 97 | 180 | 94 | (((6*18)-x)-8)=6 | 6 18 * x - 8 - 6 = | 6:van 18:bus *:bus x:bus -:bus 8:bus -:bus 6:bus =:bus
EXPR: 0 | POS | INT | 100 | 180 | 5 | x=(8+((18/6)-6)) | x 8 18 6 / 6 - + = | x:people 8:people 18:people 6:bus /:people 6:people -:people +:people =:people
EXPR: 0 | POS | INT | 100 | 180 | 11 | x=(8-((18/6)-6)) | x 8 18 6 / 6 - - = | x:people 8:people 18:people 6:bus /:people 6:people -:people -:people =:people
EXPR: 0 | POS | INT | 100 | 180 | 72 | x=(18*((6-8)+6)) | x 18 6 8 - 6 + * = | x:people 18:van 6:people 8:people -:people 6:people +:people *:people =:people
EXPR: 0 | POS | INT | 105 | 180 | 102 | x=(18+((6+8)*6)) | x 18 6 8 + 6 * + = | x:bus 18:bus 6:people 8:people +:people 6:bus *:bus +:bus =:bus
EXPR: 0 | POS | INT | 107 | 180 | 6 | ((8-6)*18)=(x*6) | 8 6 - 18 * x 6 * = | 8:van 6:van -:van 18:bus *:bus x:people 6:bus *:bus =:bus
EXPR: 0 | POS | INT | 110 | 180 | 26 | x=(8+((18-6)+6)) | x 8 18 6 - 6 + + = | x:van 8:van 18:van 6:van -:van 6:van +:van +:van =:van
EXPR: 0 | POS | INT | 112 | 180 |  | (x*(8-18))=(6-6) | x 8 18 - * 6 6 - = | x:bus 8:people 18:people -:people *:people 6:people 6:people -:people =:people
EXPR: 0 | POS | INT | 122 | 180 | 26 | (x+(18-8))=(6*6) | x 18 8 - + 6 6 * = | x:van 18:van 8:van -:van +:van 6:van 6:bus *:van =:van
EXPR: 0 | POS | INT | 122 | 180 | 132 | (((8*18)-x)-6)=6 | 8 18 * x - 6 - 6 = | 8:van 18:bus *:bus x:bus -:bus 6:bus -:bus 6:bus =:bus
EXPR: 0 | POS | INT | 122 | 180 | 26 | ((8+18)*6)=(x*6) | 8 18 + 6 * x 6 * = | 8:van 18:van +:van 6:bus *:bus x:people 6:bus *:bus =:bus
NET 122 unique, non-negative, integer-valued solutions found out of 460 total solutions
