parameters: n=11 l=5 k=1 p=5 q=1 m=11
TOTAL 401 solutions found
SOLN: CORRECT | POS/NEG | INT/FRA | OBJ-SCORE | TRUE-ANS | ANS | INFIX | POSTFIX | TYPED-POSTFIX
EXPR: 0 | POS | INT | 0 | 4 | 16 | ((7.0+((12.0+4.0)+6.0))-13.0)=x | 7.0 12.0 4.0 + 6.0 + + 13.0 - x = | 7.0:money 12.0:money 4.0:money +:money 6.0:money +:money +:money 13.0:money -:money x:money =:money
EXPR: 0 | POS | INT | 0 | 4 | 18 | x=((7.0-(12.0-(4.0+6.0)))+13.0) | x 7.0 12.0 4.0 6.0 + - - 13.0 + = | x:money 7.0:money 12.0:money 4.0:money 6.0:money +:money -:money -:money 13.0:money +:money =:money
EXPR: 1 | POS | INT | 0 | 4 | 4 | ((7.0+((12.0+4.0)-6.0))-13.0)=x | 7.0 12.0 4.0 + 6.0 - + 13.0 - x = | 7.0:money 12.0:money 4.0:money +:money 6.0:money -:money +:money 13.0:money -:money x:money =:money
EXPR: 0 | POS | INT | 0 | 4 | 8 | (7.0+(((12.0-4.0)+6.0)-13.0))=x | 7.0 12.0 4.0 - 6.0 + 13.0 - + x = | 7.0:money 12.0:money 4.0:money -:money 6.0:money +:money 13.0:money -:money +:money x:money =:money
EXPR: 0 | POS | INT | 0 | 4 | 30 | ((7.0+((12.0+4.0)-6.0))+13.0)=x | 7.0 12.0 4.0 + 6.0 - + 13.0 + x = | 7.0:money 12.0:money 4.0:money +:money 6.0:money -:money +:money 13.0:money +:money x:money =:money
EXPR: 0 | POS | INT | 0 | 4 | 8 | x=((7.0+(12.0-(4.0-6.0)))-13.0) | x 7.0 12.0 4.0 6.0 - - + 13.0 - = | x:money 7.0:money 12.0:money 4.0:money 6.0:money -:money -:money +:money 13.0:money -:money =:money
EXPR: 0 | POS | INT | 0 | 4 | 6 | (7.0-(((12.0-4.0)+6.0)-13.0))=x | 7.0 12.0 4.0 - 6.0 + 13.0 - - x = | 7.0:money 12.0:money 4.0:money -:money 6.0:money +:money 13.0:money -:money -:money x:money =:money
EXPR: 0 | POS | INT | 0 | 4 | 6 | x=((7.0-(12.0-(4.0-6.0)))+13.0) | x 7.0 12.0 4.0 6.0 - - - 13.0 + = | x:money 7.0:money 12.0:money 4.0:money 6.0:money -:money -:money -:money 13.0:money +:money =:money
EXPR: 0 | POS | INT | 0 | 4 | 10 | ((7.0-(12.0+(4.0-6.0)))+13.0)=x | 7.0 12.0 4.0 6.0 - + - 13.0 + x = | 7.0:money 12.0:money 4.0:money 6.0:money -:money +:money -:money 13.0:money +:money x:money =:money
EXPR: 0 | POS | INT | 0 | 4 | 30 | (7.0+(((12.0+4.0)-6.0)+13.0))=x | 7.0 12.0 4.0 + 6.0 - 13.0 + + x = | 7.0:money 12.0:money 4.0:money +:money 6.0:money -:money 13.0:money +:money +:money x:money =:money
EXPR: 0 | POS | INT | 0 | 4 | 34 | ((7.0+((12.0-4.0)+6.0))+13.0)=x | 7.0 12.0 4.0 - 6.0 + + 13.0 + x = | 7.0:money 12.0:money 4.0:money -:money 6.0:money +:money +:money 13.0:money +:money x:money =:money
EXPR: 0 | POS | INT | 0 | 4 | 6 | ((7.0-(12.0-(4.0-6.0)))+13.0)=x | 7.0 12.0 4.0 6.0 - - - 13.0 + x = | 7.0:money 12.0:money 4.0:money 6.0:money -:money -:money -:money 13.0:money +:money x:money =:money
EXPR: 1 | POS | INT | 0 | 4 | 4 | (7.0+(((12.0+4.0)-6.0)-13.0))=x | 7.0 12.0 4.0 + 6.0 - 13.0 - + x = | 7.0:money 12.0:money 4.0:money +:money 6.0:money -:money 13.0:money -:money +:money x:money =:money
EXPR: 0 | POS | INT | 0 | 4 | 16 | (7.0+(((12.0+4.0)+6.0)-13.0))=x | 7.0 12.0 4.0 + 6.0 + 13.0 - + x = | 7.0:money 12.0:money 4.0:money +:money 6.0:money +:money 13.0:money -:money +:money x:money =:money
EXPR: 0 | POS | INT | 0 | 4 | 34 | x=((7.0+(12.0-(4.0-6.0)))+13.0) | x 7.0 12.0 4.0 6.0 - - + 13.0 + = | x:money 7.0:money 12.0:money 4.0:money 6.0:money -:money -:money +:money 13.0:money +:money =:money
EXPR: 0 | POS | INT | 0 | 4 | 22 | x=((7.0+(12.0-(4.0+6.0)))+13.0) | x 7.0 12.0 4.0 6.0 + - + 13.0 + = | x:money 7.0:money 12.0:money 4.0:money 6.0:money +:money -:money +:money 13.0:money +:money =:money
EXPR: 0 | POS | INT | 0 | 4 | 42 | ((7.0+((12.0+4.0)+6.0))+13.0)=x | 7.0 12.0 4.0 + 6.0 + + 13.0 + x = | 7.0:money 12.0:money 4.0:money +:money 6.0:money +:money +:money 13.0:money +:money x:money =:money
EXPR: 0 | POS | INT | 0 | 4 | 10 | (((7.0-12.0)-(4.0-6.0))+13.0)=x | 7.0 12.0 - 4.0 6.0 - - 13.0 + x = | 7.0:money 12.0:money -:money 4.0:money 6.0:money -:money -:money 13.0:money +:money x:money =:money
EXPR: 1 | POS | INT | 0 | 4 | 4 | (7.0+(12.0+((4.0-6.0)-13.0)))=x | 7.0 12.0 4.0 6.0 - 13.0 - + + x = | 7.0:money 12.0:money 4.0:money 6.0:money -:money 13.0:money -:money +:money +:money x:money =:money
EXPR: 0 | POS | INT | 0 | 4 | 34 | (((7.0+12.0)-(4.0-6.0))+13.0)=x | 7.0 12.0 + 4.0 6.0 - - 13.0 + x = | 7.0:money 12.0:money +:money 4.0:money 6.0:money -:money -:money 13.0:money +:money x:money =:money
EXPR: 0 | POS | INT | 0 | 4 | 34 | (7.0+(((12.0-4.0)+6.0)+13.0))=x | 7.0 12.0 4.0 - 6.0 + 13.0 + + x = | 7.0:money 12.0:money 4.0:money -:money 6.0:money +:money 13.0:money +:money +:money x:money =:money
EXPR: 0 | POS | INT | 0 | 4 | 22 | (7.0+(12.0-((4.0+6.0)-13.0)))=x | 7.0 12.0 4.0 6.0 + 13.0 - - + x = | 7.0:money 12.0:money 4.0:money 6.0:money +:money 13.0:money -:money -:money +:money x:money =:money
EXPR: 0 | POS | INT | 0 | 4 | 10 | (7.0-(((12.0+4.0)-6.0)-13.0))=x | 7.0 12.0 4.0 + 6.0 - 13.0 - - x = | 7.0:money 12.0:money 4.0:money +:money 6.0:money -:money 13.0:money -:money -:money x:money =:money
EXPR: 0 | POS | INT | 0 | 4 | 6 | x=(((7.0-12.0)+4.0)-(6.0-13.0)) | x 7.0 12.0 - 4.0 + 6.0 13.0 - - = | x:money 7.0:money 12.0:money -:money 4.0:money +:money 6.0:money 13.0:money -:money -:money =:money
EXPR: 0 | POS | INT | 0 | 4 | 22 | (7.0+(((12.0-4.0)-6.0)+13.0))=x | 7.0 12.0 4.0 - 6.0 - 13.0 + + x = | 7.0:money 12.0:money 4.0:money -:money 6.0:money -:money 13.0:money +:money +:money x:money =:money
EXPR: 0 | POS | INT | 2 | 4 | 16 | ((7.0+((12.0+4.0)+6.0))-x)=13.0 | 7.0 12.0 4.0 + 6.0 + + x - 13.0 = | 7.0:money 12.0:money 4.0:money +:money 6.0:money +:money +:money x:money -:money 13.0:money =:money
EXPR: 0 | POS | INT | 2 | 4 | 28 | ((7.0-(12.0+(4.0+6.0)))+x)=13.0 | 7.0 12.0 4.0 6.0 + + - x + 13.0 = | 7.0:money 12.0:money 4.0:money 6.0:money +:money +:money -:money x:money +:money 13.0:money =:money
EXPR: 0 | POS | INT | 2 | 4 | 20 | ((7.0-(12.0-(4.0-6.0)))+x)=13.0 | 7.0 12.0 4.0 6.0 - - - x + 13.0 = | 7.0:money 12.0:money 4.0:money 6.0:money -:money -:money -:money x:money +:money 13.0:money =:money
EXPR: 0 | POS | INT | 10 | 4 | 16 | ((7.0+((12.0+6.0)+4.0))-13.0)=x | 7.0 12.0 6.0 + 4.0 + + 13.0 - x = | 7.0:money 12.0:money 6.0:money +:money 4.0:money +:money +:money 13.0:money -:money x:money =:money
EXPR: 0 | POS | INT | 10 | 4 | 6 | ((7.0-(12.0-(4.0+13.0)))-6.0)=x | 7.0 12.0 4.0 13.0 + - - 6.0 - x = | 7.0:money 12.0:money 4.0:money 13.0:money +:money -:money -:money 6.0:money -:money x:money =:money
EXPR: 1 | POS | INT | 10 | 4 | 4 | (((7.0+(12.0+4.0))-13.0)-6.0)=x | 7.0 12.0 4.0 + + 13.0 - 6.0 - x = | 7.0:money 12.0:money 4.0:money +:money +:money 13.0:money -:money 6.0:money -:money x:money =:money
EXPR: 0 | POS | INT | 10 | 4 | 8 | (7.0-(4.0-((12.0+6.0)-13.0)))=x | 7.0 4.0 12.0 6.0 + 13.0 - - - x = | 7.0:money 4.0:money 12.0:money 6.0:money +:money 13.0:money -:money -:money -:money x:money =:money
EXPR: 0 | POS | INT | 10 | 4 | 8 | ((7.0+((12.0+6.0)-4.0))-13.0)=x | 7.0 12.0 6.0 + 4.0 - + 13.0 - x = | 7.0:money 12.0:money 6.0:money +:money 4.0:money -:money +:money 13.0:money -:money x:money =:money
EXPR: 0 | POS | INT | 10 | 4 | 34 | ((7.0+((12.0+6.0)-4.0))+13.0)=x | 7.0 12.0 6.0 + 4.0 - + 13.0 + x = | 7.0:money 12.0:money 6.0:money +:money 4.0:money -:money +:money 13.0:money +:money x:money =:money
EXPR: 0 | POS | INT | 10 | 4 | 22 | ((12.0+((7.0-4.0)-6.0))+13.0)=x | 12.0 7.0 4.0 - 6.0 - + 13.0 + x = | 12.0:money 7.0:money 4.0:money -:money 6.0:money -:money +:money 13.0:money +:money x:money =:money
EXPR: 0 | POS | INT | 10 | 4 | 22 | (((7.0+12.0)-(4.0-13.0))-6.0)=x | 7.0 12.0 + 4.0 13.0 - - 6.0 - x = | 7.0:money 12.0:money +:money 4.0:money 13.0:money -:money -:money 6.0:money -:money x:money =:money
EXPR: 0 | POS | INT | 10 | 4 | 8 | x=(((7.0+(12.0-4.0))-13.0)+6.0) | x 7.0 12.0 4.0 - + 13.0 - 6.0 + = | x:money 7.0:money 12.0:money 4.0:money -:money +:money 13.0:money -:money 6.0:money +:money =:money
EXPR: 1 | POS | INT | 10 | 4 | 4 | (12.0+(7.0+((4.0-6.0)-13.0)))=x | 12.0 7.0 4.0 6.0 - 13.0 - + + x = | 12.0:money 7.0:money 4.0:money 6.0:money -:money 13.0:money -:money +:money +:money x:money =:money
EXPR: 0 | POS | INT | 10 | 4 | 34 | (((7.0+12.0)-(4.0-13.0))+6.0)=x | 7.0 12.0 + 4.0 13.0 - - 6.0 + x = | 7.0:money 12.0:money +:money 4.0:money 13.0:money -:money -:money 6.0:money +:money x:money =:money
EXPR: 0 | POS | INT | 10 | 4 | 30 | x=(7.0+(4.0+(12.0-(6.0-13.0)))) | x 7.0 4.0 12.0 6.0 13.0 - - + + = | x:money 7.0:money 4.0:money 12.0:money 6.0:money 13.0:money -:money -:money +:money +:money =:money
EXPR: 0 | POS | INT | 10 | 4 | 30 | (((7.0+(12.0+4.0))+13.0)-6.0)=x | 7.0 12.0 4.0 + + 13.0 + 6.0 - x = | 7.0:money 12.0:money 4.0:money +:money +:money 13.0:money +:money 6.0:money -:money x:money =:money
EXPR: 0 | POS | INT | 10 | 4 | 34 | x=(7.0+(12.0+(6.0-(4.0-13.0)))) | x 7.0 12.0 6.0 4.0 13.0 - - + + = | x:money 7.0:money 12.0:money 6.0:money 4.0:money 13.0:money -:money -:money +:money +:money =:money
EXPR: 0 | POS | INT | 10 | 4 | 22 | (12.0+(7.0-((4.0+6.0)-13.0)))=x | 12.0 7.0 4.0 6.0 + 13.0 - - + x = | 12.0:money 7.0:money 4.0:money 6.0:money +:money 13.0:money -:money -:money +:money x:money =:money
EXPR: 0 | POS | INT | 10 | 4 | 8 | x=((7.0+(12.0-(4.0+13.0)))+6.0) | x 7.0 12.0 4.0 13.0 + - + 6.0 + = | x:money 7.0:money 12.0:money 4.0:money 13.0:money +:money -:money +:money 6.0:money +:money =:money
EXPR: 1 | POS | INT | 12 | 4 | 4 | (7.0+(12.0+(4.0-(x+13.0))))=6.0 | 7.0 12.0 4.0 x 13.0 + - + + 6.0 = | 7.0:money 12.0:money 4.0:money x:money 13.0:money +:money -:money +:money +:money 6.0:money =:money
EXPR: 0 | POS | INT | 12 | 4 | 20 | (7.0-((12.0+(6.0-x))-4.0))=13.0 | 7.0 12.0 6.0 x - + 4.0 - - 13.0 = | 7.0:money 12.0:money 6.0:money x:money -:money +:money 4.0:money -:money -:money 13.0:money =:money
EXPR: 0 | POS | INT | 12 | 4 | 16 | ((7.0-(12.0-(x+6.0)))-4.0)=13.0 | 7.0 12.0 x 6.0 + - - 4.0 - 13.0 = | 7.0:money 12.0:money x:money 6.0:money +:money -:money -:money 4.0:money -:money 13.0:money =:money
EXPR: 1 | POS | INT | 12 | 4 | 4 | (7.0+(12.0+((4.0-x)-13.0)))=6.0 | 7.0 12.0 4.0 x - 13.0 - + + 6.0 = | 7.0:money 12.0:money 4.0:money x:money -:money 13.0:money -:money +:money +:money 6.0:money =:money
EXPR: 0 | POS | INT | 12 | 4 | 22 | (7.0+(12.0-((4.0+x)-13.0)))=6.0 | 7.0 12.0 4.0 x + 13.0 - - + 6.0 = | 7.0:money 12.0:money 4.0:money x:money +:money 13.0:money -:money -:money +:money 6.0:money =:money
EXPR: 0 | POS | INT | 12 | 4 | 28 | (7.0-(12.0+((4.0-x)+13.0)))=6.0 | 7.0 12.0 4.0 x - 13.0 + + - 6.0 = | 7.0:money 12.0:money 4.0:money x:money -:money 13.0:money +:money +:money -:money 6.0:money =:money
EXPR: 0 | POS | INT | 20 | 4 | 20 | x=((12.0-7.0)+((6.0-4.0)+13.0)) | x 12.0 7.0 - 6.0 4.0 - 13.0 + + = | x:money 12.0:money 7.0:money -:money 6.0:money 4.0:money -:money 13.0:money +:money +:money =:money
EXPR: 0 | POS | INT | 20 | 4 | 34 | (7.0-(4.0-((12.0+13.0)+6.0)))=x | 7.0 4.0 12.0 13.0 + 6.0 + - - x = | 7.0:money 4.0:money 12.0:money 13.0:money +:money 6.0:money +:money -:money -:money x:money =:money
EXPR: 0 | POS | INT | 20 | 4 | 8 | x=((12.0+(7.0+(6.0-4.0)))-13.0) | x 12.0 7.0 6.0 4.0 - + + 13.0 - = | x:money 12.0:money 7.0:money 6.0:money 4.0:money -:money +:money +:money 13.0:money -:money =:money
EXPR: 0 | POS | INT | 20 | 4 | 2 | x=(((12.0-(7.0-4.0))-13.0)+6.0) | x 12.0 7.0 4.0 - - 13.0 - 6.0 + = | x:money 12.0:money 7.0:money 4.0:money -:money -:money 13.0:money -:money 6.0:money +:money =:money
EXPR: 0 | POS | INT | 22 | 4 | 30 | (7.0+(4.0+(12.0-(x-13.0))))=6.0 | 7.0 4.0 12.0 x 13.0 - - + + 6.0 = | 7.0:money 4.0:money 12.0:money x:money 13.0:money -:money -:money +:money +:money 6.0:money =:money
EXPR: 0 | POS | INT | 25 | 4 | 16 | (12.0+(((4.0-7.0)-6.0)+13.0))=x | 12.0 4.0 7.0 - 6.0 - 13.0 + + x = | 12.0:money 4.0:money 7.0:money -:money 6.0:money -:money 13.0:money +:money +:money x:money =:money
EXPR: 0 | POS | INT | 25 | 4 | 22 | ((7.0+((12.0+13.0)-4.0))-6.0)=x | 7.0 12.0 13.0 + 4.0 - + 6.0 - x = | 7.0:money 12.0:money 13.0:money +:money 4.0:money -:money +:money 6.0:money -:money x:money =:money
EXPR: 0 | POS | INT | 25 | 4 | 6 | ((7.0-(12.0+(6.0-13.0)))+4.0)=x | 7.0 12.0 6.0 13.0 - + - 4.0 + x = | 7.0:money 12.0:money 6.0:money 13.0:money -:money +:money -:money 4.0:money +:money x:money =:money
EXPR: 0 | POS | INT | 25 | 4 | 34 | ((7.0+((12.0+13.0)-4.0))+6.0)=x | 7.0 12.0 13.0 + 4.0 - + 6.0 + x = | 7.0:money 12.0:money 13.0:money +:money 4.0:money -:money +:money 6.0:money +:money x:money =:money
EXPR: 0 | POS | INT | 25 | 4 | 18 | ((7.0-(12.0-(6.0+13.0)))+4.0)=x | 7.0 12.0 6.0 13.0 + - - 4.0 + x = | 7.0:money 12.0:money 6.0:money 13.0:money +:money -:money -:money 4.0:money +:money x:money =:money
EXPR: 0 | POS | INT | 25 | 4 | 8 | (7.0+(12.0+((6.0-13.0)-4.0)))=x | 7.0 12.0 6.0 13.0 - 4.0 - + + x = | 7.0:money 12.0:money 6.0:money 13.0:money -:money 4.0:money -:money +:money +:money x:money =:money
EXPR: 0 | POS | INT | 25 | 4 | 6 | x=(((7.0-12.0)+13.0)+(4.0-6.0)) | x 7.0 12.0 - 13.0 + 4.0 6.0 - + = | x:money 7.0:money 12.0:money -:money 13.0:money +:money 4.0:money 6.0:money -:money +:money =:money
EXPR: 0 | POS | INT | 25 | 4 | 8 | (((7.0+(12.0+6.0))-13.0)-4.0)=x | 7.0 12.0 6.0 + + 13.0 - 4.0 - x = | 7.0:money 12.0:money 6.0:money +:money +:money 13.0:money -:money 4.0:money -:money x:money =:money
EXPR: 0 | POS | INT | 25 | 4 | 10 | ((7.0-(12.0-(6.0+13.0)))-4.0)=x | 7.0 12.0 6.0 13.0 + - - 4.0 - x = | 7.0:money 12.0:money 6.0:money 13.0:money +:money -:money -:money 4.0:money -:money x:money =:money
EXPR: 0 | POS | INT | 25 | 4 | 34 | x=(7.0+(12.0+(13.0-(4.0-6.0)))) | x 7.0 12.0 13.0 4.0 6.0 - - + + = | x:money 7.0:money 12.0:money 13.0:money 4.0:money 6.0:money -:money -:money +:money +:money =:money
EXPR: 0 | POS | INT | 25 | 4 | 18 | x=(((7.0-12.0)+13.0)+(4.0+6.0)) | x 7.0 12.0 - 13.0 + 4.0 6.0 + + = | x:money 7.0:money 12.0:money -:money 13.0:money +:money 4.0:money 6.0:money +:money +:money =:money
EXPR: 0 | POS | INT | 25 | 4 | 22 | (7.0-(4.0+((6.0-12.0)-13.0)))=x | 7.0 4.0 6.0 12.0 - 13.0 - + - x = | 7.0:money 4.0:money 6.0:money 12.0:money -:money 13.0:money -:money +:money -:money x:money =:money
EXPR: 0 | POS | INT | 27 | 4 | 30 | 7.0=(x-(12.0+(13.0+(4.0-6.0)))) | 7.0 x 12.0 13.0 4.0 6.0 - + + - = | 7.0:money x:money 12.0:money 13.0:money 4.0:money 6.0:money -:money +:money +:money -:money =:money
EXPR: 0 | POS | INT | 27 | 4 | 16 | 7.0=(x-(6.0+(12.0+(4.0-13.0)))) | 7.0 x 6.0 12.0 4.0 13.0 - + + - = | 7.0:money x:money 6.0:money 12.0:money 4.0:money 13.0:money -:money +:money +:money -:money =:money
EXPR: 0 | POS | INT | 27 | 4 | 34 | 7.0=(x-(6.0+(12.0-(4.0-13.0)))) | 7.0 x 6.0 12.0 4.0 13.0 - - + - = | 7.0:money x:money 6.0:money 12.0:money 4.0:money 13.0:money -:money -:money +:money -:money =:money
EXPR: 0 | POS | INT | 27 | 4 | 16 | ((7.0-(12.0-(x+6.0)))-13.0)=4.0 | 7.0 12.0 x 6.0 + - - 13.0 - 4.0 = | 7.0:money 12.0:money x:money 6.0:money +:money -:money -:money 13.0:money -:money 4.0:money =:money
EXPR: 0 | POS | INT | 27 | 4 | 2 | ((7.0-(12.0-(x-6.0)))+13.0)=4.0 | 7.0 12.0 x 6.0 - - - 13.0 + 4.0 = | 7.0:money 12.0:money x:money 6.0:money -:money -:money -:money 13.0:money +:money 4.0:money =:money
EXPR: 0 | POS | INT | 35 | 4 | 10 | x=(((7.0-12.0)+13.0)+(6.0-4.0)) | x 7.0 12.0 - 13.0 + 6.0 4.0 - + = | x:money 7.0:money 12.0:money -:money 13.0:money +:money 6.0:money 4.0:money -:money +:money =:money
EXPR: 0 | POS | INT | 35 | 4 | 8 | x=(12.0-((7.0+6.0)-(13.0-4.0))) | x 12.0 7.0 6.0 + 13.0 4.0 - - - = | x:money 12.0:money 7.0:money 6.0:money +:money 13.0:money 4.0:money -:money -:money -:money =:money
EXPR: 0 | POS | INT | 35 | 4 | 8 | (((7.0+12.0)-(13.0-6.0))-4.0)=x | 7.0 12.0 + 13.0 6.0 - - 4.0 - x = | 7.0:money 12.0:money +:money 13.0:money 6.0:money -:money -:money 4.0:money -:money x:money =:money
EXPR: 0 | POS | INT | 35 | 4 | 6 | ((7.0-(12.0-(13.0-6.0)))+4.0)=x | 7.0 12.0 13.0 6.0 - - - 4.0 + x = | 7.0:money 12.0:money 13.0:money 6.0:money -:money -:money -:money 4.0:money +:money x:money =:money
EXPR: 0 | POS | INT | 35 | 4 | 16 | (((7.0+12.0)-(13.0-6.0))+4.0)=x | 7.0 12.0 + 13.0 6.0 - - 4.0 + x = | 7.0:money 12.0:money +:money 13.0:money 6.0:money -:money -:money 4.0:money +:money x:money =:money
EXPR: 0 | POS | INT | 35 | 4 | 18 | x=(7.0+(6.0+(4.0-(12.0-13.0)))) | x 7.0 6.0 4.0 12.0 13.0 - - + + = | x:money 7.0:money 6.0:money 4.0:money 12.0:money 13.0:money -:money -:money +:money +:money =:money
EXPR: 1 | POS | INT | 35 | 4 | 4 | x=((7.0-6.0)+(4.0+(12.0-13.0))) | x 7.0 6.0 - 4.0 12.0 13.0 - + + = | x:money 7.0:money 6.0:money -:money 4.0:money 12.0:money 13.0:money -:money +:money +:money =:money
EXPR: 0 | POS | INT | 37 | 4 | 16 | 12.0=(x-((7.0+6.0)-(13.0-4.0))) | 12.0 x 7.0 6.0 + 13.0 4.0 - - - = | 12.0:money x:money 7.0:money 6.0:money +:money 13.0:money 4.0:money -:money -:money -:money =:money
EXPR: 0 | POS | INT | 37 | 4 | 34 | 12.0=(x-((7.0+6.0)+(13.0-4.0))) | 12.0 x 7.0 6.0 + 13.0 4.0 - + - = | 12.0:money x:money 7.0:money 6.0:money +:money 13.0:money 4.0:money -:money +:money -:money =:money
EXPR: 0 | POS | INT | 37 | 4 | 42 | (((7.0+12.0)+6.0)+13.0)=(x-4.0) | 7.0 12.0 + 6.0 + 13.0 + x 4.0 - = | 7.0:money 12.0:money +:money 6.0:money +:money 13.0:money +:money x:money 4.0:money -:money =:money
EXPR: 0 | POS | INT | 37 | 4 | 10 | 7.0=(12.0-((13.0+(6.0-x))-4.0)) | 7.0 12.0 13.0 6.0 x - + 4.0 - - = | 7.0:money 12.0:money 13.0:money 6.0:money x:money -:money +:money 4.0:money -:money -:money =:money
EXPR: 0 | POS | INT | 40 | 4 | 16 | x=((4.0-(7.0+(6.0-12.0)))+13.0) | x 4.0 7.0 6.0 12.0 - + - 13.0 + = | x:money 4.0:money 7.0:money 6.0:money 12.0:money -:money +:money -:money 13.0:money +:money =:money
EXPR: 1 | POS | INT | 40 | 4 | 4 | x=(7.0-(6.0-((12.0-13.0)+4.0))) | x 7.0 6.0 12.0 13.0 - 4.0 + - - = | x:money 7.0:money 6.0:money 12.0:money 13.0:money -:money 4.0:money +:money -:money -:money =:money
EXPR: 0 | POS | INT | 42 | 4 | 6 | 7.0=(6.0+((12.0-13.0)+(x-4.0))) | 7.0 6.0 12.0 13.0 - x 4.0 - + + = | 7.0:money 6.0:money 12.0:money 13.0:money -:money x:money 4.0:money -:money +:money +:money =:money
EXPR: 0 | POS | INT | 42 | 4 | 22 | (7.0-(6.0-((12.0+13.0)-x)))=4.0 | 7.0 6.0 12.0 13.0 + x - - - 4.0 = | 7.0:money 6.0:money 12.0:money 13.0:money +:money x:money -:money -:money -:money 4.0:money =:money
EXPR: 0 | POS | INT | 42 | 4 | 22 | 7.0=((6.0-((12.0+13.0)-4.0))+x) | 7.0 6.0 12.0 13.0 + 4.0 - - x + = | 7.0:money 6.0:money 12.0:money 13.0:money +:money 4.0:money -:money -:money x:money +:money =:money
EXPR: 0 | POS | INT | 42 | 4 | 8 | (7.0+(6.0+((12.0-13.0)-x)))=4.0 | 7.0 6.0 12.0 13.0 - x - + + 4.0 = | 7.0:money 6.0:money 12.0:money 13.0:money -:money x:money -:money +:money +:money 4.0:money =:money
EXPR: 1 | POS | INT | 45 | 4 | 4 | x=((7.0-13.0)+(12.0+(4.0-6.0))) | x 7.0 13.0 - 12.0 4.0 6.0 - + + = | x:money 7.0:money 13.0:money -:money 12.0:money 4.0:money 6.0:money -:money +:money +:money =:money
EXPR: 0 | POS | INT | 45 | 4 | 22 | (12.0-(4.0+((6.0-7.0)-13.0)))=x | 12.0 4.0 6.0 7.0 - 13.0 - + - x = | 12.0:money 4.0:money 6.0:money 7.0:money -:money 13.0:money -:money +:money -:money x:money =:money
EXPR: 0 | POS | INT | 45 | 4 | 22 | (7.0+(13.0+((12.0-4.0)-6.0)))=x | 7.0 13.0 12.0 4.0 - 6.0 - + + x = | 7.0:money 13.0:money 12.0:money 4.0:money -:money 6.0:money -:money +:money +:money x:money =:money
EXPR: 0 | POS | INT | 47 | 4 | 2 | (12.0+(4.0+(6.0-(7.0+x))))=13.0 | 12.0 4.0 6.0 7.0 x + - + + 13.0 = | 12.0:money 4.0:money 6.0:money 7.0:money x:money +:money -:money +:money +:money 13.0:money =:money
EXPR: 0 | POS | INT | 47 | 4 | 10 | (7.0-12.0)=((x-13.0)-(6.0-4.0)) | 7.0 12.0 - x 13.0 - 6.0 4.0 - - = | 7.0:money 12.0:money -:money x:money 13.0:money -:money 6.0:money 4.0:money -:money -:money =:money
EXPR: 0 | POS | INT | 47 | 4 | 30 | 6.0=(7.0-((x-(12.0+4.0))-13.0)) | 6.0 7.0 x 12.0 4.0 + - 13.0 - - = | 6.0:money 7.0:money x:money 12.0:money 4.0:money +:money -:money 13.0:money -:money -:money =:money
EXPR: 0 | POS | INT | 52 | 4 | 22 | (7.0-x)=((6.0-12.0)-(13.0-4.0)) | 7.0 x - 6.0 12.0 - 13.0 4.0 - - = | 7.0:money x:money -:money 6.0:money 12.0:money -:money 13.0:money 4.0:money -:money -:money =:money
EXPR: 0 | POS | INT | 55 | 4 | 8 | (6.0+(((7.0-4.0)+12.0)-13.0))=x | 6.0 7.0 4.0 - 12.0 + 13.0 - + x = | 6.0:money 7.0:money 4.0:money -:money 12.0:money +:money 13.0:money -:money +:money x:money =:money
EXPR: 1 | POS | INT | 55 | 4 | 4 | (6.0-(((7.0-4.0)+12.0)-13.0))=x | 6.0 7.0 4.0 - 12.0 + 13.0 - - x = | 6.0:money 7.0:money 4.0:money -:money 12.0:money +:money 13.0:money -:money -:money x:money =:money
EXPR: 0 | POS | INT | 55 | 4 | 8 | ((((12.0-6.0)-7.0)+13.0)-4.0)=x | 12.0 6.0 - 7.0 - 13.0 + 4.0 - x = | 12.0:money 6.0:money -:money 7.0:money -:money 13.0:money +:money 4.0:money -:money x:money =:money
EXPR: 0 | POS | INT | 55 | 4 | 18 | (6.0+(((7.0+4.0)-12.0)+13.0))=x | 6.0 7.0 4.0 + 12.0 - 13.0 + + x = | 6.0:money 7.0:money 4.0:money +:money 12.0:money -:money 13.0:money +:money +:money x:money =:money
EXPR: 0 | POS | INT | 55 | 4 | 18 | x=((6.0-(12.0-(7.0+4.0)))+13.0) | x 6.0 12.0 7.0 4.0 + - - 13.0 + = | x:money 6.0:money 12.0:money 7.0:money 4.0:money +:money -:money -:money 13.0:money +:money =:money
EXPR: 0 | POS | INT | 55 | 4 | 16 | x=((7.0-(13.0-4.0))+(12.0+6.0)) | x 7.0 13.0 4.0 - - 12.0 6.0 + + = | x:money 7.0:money 13.0:money 4.0:money -:money -:money 12.0:money 6.0:money +:money +:money =:money
EXPR: 1 | POS | INT | 55 | 4 | 4 | (4.0+(12.0-((6.0-7.0)+13.0)))=x | 4.0 12.0 6.0 7.0 - 13.0 + - + x = | 4.0:money 12.0:money 6.0:money 7.0:money -:money 13.0:money +:money -:money +:money x:money =:money
EXPR: 0 | POS | INT | 55 | 4 | 10 | (6.0+(((7.0-4.0)-12.0)+13.0))=x | 6.0 7.0 4.0 - 12.0 - 13.0 + + x = | 6.0:money 7.0:money 4.0:money -:money 12.0:money -:money 13.0:money +:money +:money x:money =:money
EXPR: 0 | POS | INT | 57 | 4 | 8 | (6.0+((7.0-12.0)+4.0))=(13.0-x) | 6.0 7.0 12.0 - 4.0 + + 13.0 x - = | 6.0:money 7.0:money 12.0:money -:money 4.0:money +:money +:money 13.0:money x:money -:money =:money
EXPR: 1 | POS | INT | 57 | 4 | 4 | (7.0-(13.0-((12.0+x)-6.0)))=4.0 | 7.0 13.0 12.0 x + 6.0 - - - 4.0 = | 7.0:money 13.0:money 12.0:money x:money +:money 6.0:money -:money -:money -:money 4.0:money =:money
EXPR: 0 | POS | INT | 57 | 4 | 6 | (((12.0+(6.0-7.0))+x)-13.0)=4.0 | 12.0 6.0 7.0 - + x + 13.0 - 4.0 = | 12.0:money 6.0:money 7.0:money -:money +:money x:money +:money 13.0:money -:money 4.0:money =:money
EXPR: 0 | POS | INT | 60 | 4 | 28 | x=((4.0-(7.0-(6.0+13.0)))+12.0) | x 4.0 7.0 6.0 13.0 + - - 12.0 + = | x:money 4.0:money 7.0:money 6.0:money 13.0:money +:money -:money -:money 12.0:money +:money =:money
EXPR: 0 | POS | INT | 60 | 4 | 20 | (((12.0-4.0)+13.0)-(7.0-6.0))=x | 12.0 4.0 - 13.0 + 7.0 6.0 - - x = | 12.0:money 4.0:money -:money 13.0:money +:money 7.0:money 6.0:money -:money -:money x:money =:money
EXPR: 0 | POS | INT | 62 | 4 | 2 | 6.0=((x+7.0)-((12.0-13.0)+4.0)) | 6.0 x 7.0 + 12.0 13.0 - 4.0 + - = | 6.0:money x:money 7.0:money +:money 12.0:money 13.0:money -:money 4.0:money +:money -:money =:money
EXPR: 1 | POS | INT | 62 | 4 | 4 | 4.0=((7.0-(6.0+13.0))+(12.0+x)) | 4.0 7.0 6.0 13.0 + - 12.0 x + + = | 4.0:money 7.0:money 6.0:money 13.0:money +:money -:money 12.0:money x:money +:money +:money =:money
EXPR: 0 | POS | INT | 62 | 4 | 8 | (((4.0+(7.0+6.0))-13.0)+x)=12.0 | 4.0 7.0 6.0 + + 13.0 - x + 12.0 = | 4.0:money 7.0:money 6.0:money +:money +:money 13.0:money -:money x:money +:money 12.0:money =:money
EXPR: 0 | POS | INT | 67 | 4 | 22 | (12.0-x)=((6.0-7.0)-(13.0-4.0)) | 12.0 x - 6.0 7.0 - 13.0 4.0 - - = | 12.0:money x:money -:money 6.0:money 7.0:money -:money 13.0:money 4.0:money -:money -:money =:money
EXPR: 0 | POS | INT | 70 | 4 | 16 | ((7.0+(6.0-(13.0-4.0)))+12.0)=x | 7.0 6.0 13.0 4.0 - - + 12.0 + x = | 7.0:money 6.0:money 13.0:money 4.0:money -:money -:money +:money 12.0:money +:money x:money =:money
EXPR: 0 | POS | INT | 70 | 4 | 10 | (7.0+(13.0+((6.0-12.0)-4.0)))=x | 7.0 13.0 6.0 12.0 - 4.0 - + + x = | 7.0:money 13.0:money 6.0:money 12.0:money -:money 4.0:money -:money +:money +:money x:money =:money
EXPR: 0 | POS | INT | 70 | 4 | 16 | x=(((6.0+(12.0+4.0))+7.0)-13.0) | x 6.0 12.0 4.0 + + 7.0 + 13.0 - = | x:money 6.0:money 12.0:money 4.0:money +:money +:money 7.0:money +:money 13.0:money -:money =:money
EXPR: 1 | POS | INT | 72 | 4 | 4 | 12.0=((13.0-7.0)+((6.0-x)+4.0)) | 12.0 13.0 7.0 - 6.0 x - 4.0 + + = | 12.0:money 13.0:money 7.0:money -:money 6.0:money x:money -:money 4.0:money +:money +:money =:money
EXPR: 0 | POS | INT | 72 | 4 | 18 | 12.0=(4.0+(6.0+(13.0-(x-7.0)))) | 12.0 4.0 6.0 13.0 x 7.0 - - + + = | 12.0:money 4.0:money 6.0:money 13.0:money x:money 7.0:money -:money -:money +:money +:money =:money
EXPR: 0 | POS | INT | 72 | 4 | 8 | 12.0=(4.0+(6.0+(x-(13.0-7.0)))) | 12.0 4.0 6.0 x 13.0 7.0 - - + + = | 12.0:money 4.0:money 6.0:money x:money 13.0:money 7.0:money -:money -:money +:money +:money =:money
EXPR: 0 | POS | INT | 72 | 4 | 2 | (4.0+((6.0-7.0)+12.0))=(13.0+x) | 4.0 6.0 7.0 - 12.0 + + 13.0 x + = | 4.0:money 6.0:money 7.0:money -:money 12.0:money +:money +:money 13.0:money x:money +:money =:money
EXPR: 0 | POS | INT | 75 | 4 | 18 | ((6.0+(7.0+(4.0+13.0)))-12.0)=x | 6.0 7.0 4.0 13.0 + + + 12.0 - x = | 6.0:money 7.0:money 4.0:money 13.0:money +:money +:money +:money 12.0:money -:money x:money =:money
EXPR: 0 | POS | INT | 80 | 4 | 28 | x=(13.0+((12.0-7.0)+(4.0+6.0))) | x 13.0 12.0 7.0 - 4.0 6.0 + + + = | x:money 13.0:money 12.0:money 7.0:money -:money 4.0:money 6.0:money +:money +:money +:money =:money
EXPR: 0 | POS | INT | 80 | 4 | 6 | x=((7.0+13.0)-((6.0-4.0)+12.0)) | x 7.0 13.0 + 6.0 4.0 - 12.0 + - = | x:money 7.0:money 13.0:money +:money 6.0:money 4.0:money -:money 12.0:money +:money -:money =:money
EXPR: 0 | POS | INT | 80 | 4 | 8 | x=((7.0-13.0)+((6.0-4.0)+12.0)) | x 7.0 13.0 - 6.0 4.0 - 12.0 + + = | x:money 7.0:money 13.0:money -:money 6.0:money 4.0:money -:money 12.0:money +:money +:money =:money
EXPR: 1 | POS | INT | 80 | 4 | 4 | x=(6.0-(7.0-((13.0-12.0)+4.0))) | x 6.0 7.0 13.0 12.0 - 4.0 + - - = | x:money 6.0:money 7.0:money 13.0:money 12.0:money -:money 4.0:money +:money -:money -:money =:money
EXPR: 0 | POS | INT | 80 | 4 | 28 | x=(13.0-((7.0-(12.0+6.0))-4.0)) | x 13.0 7.0 12.0 6.0 + - 4.0 - - = | x:money 13.0:money 7.0:money 12.0:money 6.0:money +:money -:money 4.0:money -:money -:money =:money
EXPR: 0 | POS | INT | 80 | 4 | 16 | x=((13.0-7.0)+(4.0+(12.0-6.0))) | x 13.0 7.0 - 4.0 12.0 6.0 - + + = | x:money 13.0:money 7.0:money -:money 4.0:money 12.0:money 6.0:money -:money +:money +:money =:money
EXPR: 0 | POS | INT | 82 | 4 | 28 | (7.0-(6.0+13.0))=((4.0-x)+12.0) | 7.0 6.0 13.0 + - 4.0 x - 12.0 + = | 7.0:money 6.0:money 13.0:money +:money -:money 4.0:money x:money -:money 12.0:money +:money =:money
EXPR: 0 | POS | INT | 82 | 4 | 20 | 4.0=((13.0-7.0)+(12.0+(6.0-x))) | 4.0 13.0 7.0 - 12.0 6.0 x - + + = | 4.0:money 13.0:money 7.0:money -:money 12.0:money 6.0:money x:money -:money +:money +:money =:money
EXPR: 0 | POS | INT | 82 | 4 | 2 | ((6.0-(x-12.0))+4.0)=(7.0+13.0) | 6.0 x 12.0 - - 4.0 + 7.0 13.0 + = | 6.0:money x:money 12.0:money -:money -:money 4.0:money +:money 7.0:money 13.0:money +:money =:money
EXPR: 0 | POS | INT | 82 | 4 | 16 | (6.0-12.0)=(4.0-((x+7.0)-13.0)) | 6.0 12.0 - 4.0 x 7.0 + 13.0 - - = | 6.0:money 12.0:money -:money 4.0:money x:money 7.0:money +:money 13.0:money -:money -:money =:money
EXPR: 1 | POS | INT | 82 | 4 | 4 | (13.0-7.0)=(((12.0+4.0)-6.0)-x) | 13.0 7.0 - 12.0 4.0 + 6.0 - x - = | 13.0:money 7.0:money -:money 12.0:money 4.0:money +:money 6.0:money -:money x:money -:money =:money
EXPR: 0 | POS | INT | 82 | 4 | 8 | ((7.0+6.0)-(x+13.0))=(4.0-12.0) | 7.0 6.0 + x 13.0 + - 4.0 12.0 - = | 7.0:money 6.0:money +:money x:money 13.0:money +:money -:money 4.0:money 12.0:money -:money =:money
EXPR: 0 | POS | INT | 82 | 4 | 22 | 12.0=(6.0-(13.0+(7.0-(x+4.0)))) | 12.0 6.0 13.0 7.0 x 4.0 + - + - = | 12.0:money 6.0:money 13.0:money 7.0:money x:money 4.0:money +:money -:money +:money -:money =:money
EXPR: 1 | POS | INT | 90 | 4 | 4 | x=(((4.0-13.0)+12.0)+(7.0-6.0)) | x 4.0 13.0 - 12.0 + 7.0 6.0 - + = | x:money 4.0:money 13.0:money -:money 12.0:money +:money 7.0:money 6.0:money -:money +:money =:money
EXPR: 0 | POS | INT | 90 | 4 | 8 | x=((12.0-13.0)+(6.0+(7.0-4.0))) | x 12.0 13.0 - 6.0 7.0 4.0 - + + = | x:money 12.0:money 13.0:money -:money 6.0:money 7.0:money 4.0:money -:money +:money +:money =:money
EXPR: 0 | POS | INT | 90 | 4 | 18 | x=(13.0-((12.0-(7.0+6.0))-4.0)) | x 13.0 12.0 7.0 6.0 + - 4.0 - - = | x:money 13.0:money 12.0:money 7.0:money 6.0:money +:money -:money 4.0:money -:money -:money =:money
EXPR: 0 | POS | INT | 90 | 4 | 2 | (4.0+(12.0-((13.0-6.0)+7.0)))=x | 4.0 12.0 13.0 6.0 - 7.0 + - + x = | 4.0:money 12.0:money 13.0:money 6.0:money -:money 7.0:money +:money -:money +:money x:money =:money
EXPR: 0 | POS | INT | 92 | 4 | 6 | 13.0=((12.0-((7.0-6.0)+4.0))+x) | 13.0 12.0 7.0 6.0 - 4.0 + - x + = | 13.0:money 12.0:money 7.0:money 6.0:money -:money 4.0:money +:money -:money x:money +:money =:money
EXPR: 0 | POS | INT | 92 | 4 | 28 | (12.0+6.0)=((x-4.0)-(13.0-7.0)) | 12.0 6.0 + x 4.0 - 13.0 7.0 - - = | 12.0:money 6.0:money +:money x:money 4.0:money -:money 13.0:money 7.0:money -:money -:money =:money
EXPR: 0 | POS | INT | 92 | 4 | 10 | 13.0=((12.0-(7.0+(6.0-x)))+4.0) | 13.0 12.0 7.0 6.0 x - + - 4.0 + = | 13.0:money 12.0:money 7.0:money 6.0:money x:money -:money +:money -:money 4.0:money +:money =:money
EXPR: 0 | POS | INT | 95 | 4 | 8 | (((12.0+(13.0-4.0))-6.0)-7.0)=x | 12.0 13.0 4.0 - + 6.0 - 7.0 - x = | 12.0:money 13.0:money 4.0:money -:money +:money 6.0:money -:money 7.0:money -:money x:money =:money
EXPR: 0 | POS | INT | 95 | 4 | 22 | (13.0+((7.0-(6.0-12.0))-4.0))=x | 13.0 7.0 6.0 12.0 - - 4.0 - + x = | 13.0:money 7.0:money 6.0:money 12.0:money -:money -:money 4.0:money -:money +:money x:money =:money
EXPR: 0 | POS | INT | 95 | 4 | 34 | x=(12.0+(6.0+(13.0-(4.0-7.0)))) | x 12.0 6.0 13.0 4.0 7.0 - - + + = | x:money 12.0:money 6.0:money 13.0:money 4.0:money 7.0:money -:money -:money +:money +:money =:money
EXPR: 0 | POS | INT | 97 | 4 | 8 | 13.0=(((7.0-(4.0-6.0))-x)+12.0) | 13.0 7.0 4.0 6.0 - - x - 12.0 + = | 13.0:money 7.0:money 4.0:money 6.0:money -:money -:money x:money -:money 12.0:money +:money =:money
EXPR: 0 | POS | INT | 97 | 4 | 28 | (((12.0+(6.0+13.0))+4.0)-x)=7.0 | 12.0 6.0 13.0 + + 4.0 + x - 7.0 = | 12.0:money 6.0:money 13.0:money +:money +:money 4.0:money +:money x:money -:money 7.0:money =:money
EXPR: 1 | POS | INT | 97 | 4 | 4 | 13.0=(((7.0+(4.0-6.0))-x)+12.0) | 13.0 7.0 4.0 6.0 - + x - 12.0 + = | 13.0:money 7.0:money 4.0:money 6.0:money -:money +:money x:money -:money 12.0:money +:money =:money
EXPR: 0 | POS | INT | 97 | 4 | 8 | (((13.0+(12.0-x))-4.0)-7.0)=6.0 | 13.0 12.0 x - + 4.0 - 7.0 - 6.0 = | 13.0:money 12.0:money x:money -:money +:money 4.0:money -:money 7.0:money -:money 6.0:money =:money
EXPR: 0 | POS | INT | 102 | 4 | 20 | (12.0+13.0)=(x-((6.0-7.0)-4.0)) | 12.0 13.0 + x 6.0 7.0 - 4.0 - - = | 12.0:money 13.0:money +:money x:money 6.0:money 7.0:money -:money 4.0:money -:money -:money =:money
EXPR: 1 | POS | INT | 105 | 4 | 4 | (4.0-((6.0+(13.0-7.0))-12.0))=x | 4.0 6.0 13.0 7.0 - + 12.0 - - x = | 4.0:money 6.0:money 13.0:money 7.0:money -:money +:money 12.0:money -:money -:money x:money =:money
EXPR: 0 | POS | INT | 105 | 4 | 16 | ((12.0-((13.0-6.0)-4.0))+7.0)=x | 12.0 13.0 6.0 - 4.0 - - 7.0 + x = | 12.0:money 13.0:money 6.0:money -:money 4.0:money -:money -:money 7.0:money +:money x:money =:money
EXPR: 0 | POS | INT | 105 | 4 | 22 | (12.0+((13.0-6.0)-(4.0-7.0)))=x | 12.0 13.0 6.0 - 4.0 7.0 - - + x = | 12.0:money 13.0:money 6.0:money -:money 4.0:money 7.0:money -:money -:money +:money x:money =:money
EXPR: 1 | POS | INT | 107 | 4 | 4 | (4.0+(13.0-(7.0-6.0)))=(x+12.0) | 4.0 13.0 7.0 6.0 - - + x 12.0 + = | 4.0:money 13.0:money 7.0:money 6.0:money -:money -:money +:money x:money 12.0:money +:money =:money
EXPR: 1 | POS | INT | 107 | 4 | 4 | 13.0=((7.0-6.0)+((x-4.0)+12.0)) | 13.0 7.0 6.0 - x 4.0 - 12.0 + + = | 13.0:money 7.0:money 6.0:money -:money x:money 4.0:money -:money 12.0:money +:money +:money =:money
EXPR: 0 | POS | INT | 107 | 4 | 30 | (6.0-(12.0+(13.0-x)))=(7.0+4.0) | 6.0 12.0 13.0 x - + - 7.0 4.0 + = | 6.0:money 12.0:money 13.0:money x:money -:money +:money -:money 7.0:money 4.0:money +:money =:money
EXPR: 1 | POS | INT | 107 | 4 | 4 | (13.0-7.0)=(((4.0-x)-6.0)+12.0) | 13.0 7.0 - 4.0 x - 6.0 - 12.0 + = | 13.0:money 7.0:money -:money 4.0:money x:money -:money 6.0:money -:money 12.0:money +:money =:money
EXPR: 1 | POS | INT | 107 | 4 | 4 | 13.0=(((7.0-(6.0-4.0))-x)+12.0) | 13.0 7.0 6.0 4.0 - - x - 12.0 + = | 13.0:money 7.0:money 6.0:money 4.0:money -:money -:money x:money -:money 12.0:money +:money =:money
EXPR: 1 | POS | INT | 107 | 4 | 4 | 13.0=(((7.0-(6.0-4.0))+12.0)-x) | 13.0 7.0 6.0 4.0 - - 12.0 + x - = | 13.0:money 7.0:money 6.0:money 4.0:money -:money -:money 12.0:money +:money x:money -:money =:money
EXPR: 0 | POS | INT | 110 | 4 | 28 | (((6.0+(12.0+13.0))+4.0)-7.0)=x | 6.0 12.0 13.0 + + 4.0 + 7.0 - x = | 6.0:money 12.0:money 13.0:money +:money +:money 4.0:money +:money 7.0:money -:money x:money =:money
EXPR: 0 | POS | INT | 112 | 4 | 2 | 13.0=((12.0+6.0)-((7.0-4.0)+x)) | 13.0 12.0 6.0 + 7.0 4.0 - x + - = | 13.0:money 12.0:money 6.0:money +:money 7.0:money 4.0:money -:money x:money +:money -:money =:money
EXPR: 0 | POS | INT | 112 | 4 | 10 | 13.0=((4.0-7.0)+((x-6.0)+12.0)) | 13.0 4.0 7.0 - x 6.0 - 12.0 + + = | 13.0:money 4.0:money 7.0:money -:money x:money 6.0:money -:money 12.0:money +:money +:money =:money
EXPR: 0 | POS | INT | 112 | 4 | 22 | 13.0=(x+((4.0-7.0)+(6.0-12.0))) | 13.0 x 4.0 7.0 - 6.0 12.0 - + + = | 13.0:money x:money 4.0:money 7.0:money -:money 6.0:money 12.0:money -:money +:money +:money =:money
EXPR: 0 | POS | INT | 115 | 4 | 8 | x=(6.0-((4.0+(13.0-7.0))-12.0)) | x 6.0 4.0 13.0 7.0 - + 12.0 - - = | x:money 6.0:money 4.0:money 13.0:money 7.0:money -:money +:money 12.0:money -:money -:money =:money
EXPR: 0 | POS | INT | 115 | 4 | 6 | x=(13.0-(((12.0-4.0)+6.0)-7.0)) | x 13.0 12.0 4.0 - 6.0 + 7.0 - - = | x:money 13.0:money 12.0:money 4.0:money -:money 6.0:money +:money 7.0:money -:money -:money =:money
EXPR: 0 | POS | INT | 117 | 4 | 16 | (((6.0-4.0)-(13.0-7.0))+x)=12.0 | 6.0 4.0 - 13.0 7.0 - - x + 12.0 = | 6.0:money 4.0:money -:money 13.0:money 7.0:money -:money -:money x:money +:money 12.0:money =:money
EXPR: 0 | POS | INT | 117 | 4 | 16 | ((6.0-(4.0+(13.0-7.0)))+x)=12.0 | 6.0 4.0 13.0 7.0 - + - x + 12.0 = | 6.0:money 4.0:money 13.0:money 7.0:money -:money +:money -:money x:money +:money 12.0:money =:money
EXPR: 0 | POS | INT | 117 | 4 | 2 | ((4.0+(6.0-13.0))-7.0)=(x-12.0) | 4.0 6.0 13.0 - + 7.0 - x 12.0 - = | 4.0:money 6.0:money 13.0:money -:money +:money 7.0:money -:money x:money 12.0:money -:money =:money
EXPR: 1 | POS | INT | 117 | 4 | 4 | 13.0=(12.0-((4.0+6.0)-(7.0+x))) | 13.0 12.0 4.0 6.0 + 7.0 x + - - = | 13.0:money 12.0:money 4.0:money 6.0:money +:money 7.0:money x:money +:money -:money -:money =:money
EXPR: 0 | POS | INT | 117 | 4 | 16 | 6.0=((((13.0-7.0)+4.0)-x)+12.0) | 6.0 13.0 7.0 - 4.0 + x - 12.0 + = | 6.0:money 13.0:money 7.0:money -:money 4.0:money +:money x:money -:money 12.0:money +:money =:money
EXPR: 0 | POS | INT | 117 | 4 | 2 | ((4.0+6.0)-13.0)=((7.0-12.0)+x) | 4.0 6.0 + 13.0 - 7.0 12.0 - x + = | 4.0:money 6.0:money +:money 13.0:money -:money 7.0:money 12.0:money -:money x:money +:money =:money
EXPR: 0 | POS | INT | 117 | 4 | 16 | 6.0=((13.0-7.0)+((x-4.0)-12.0)) | 6.0 13.0 7.0 - x 4.0 - 12.0 - + = | 6.0:money 13.0:money 7.0:money -:money x:money 4.0:money -:money 12.0:money -:money +:money =:money
EXPR: 0 | POS | INT | 117 | 4 | 22 | (4.0+6.0)=(13.0-((x-7.0)-12.0)) | 4.0 6.0 + 13.0 x 7.0 - 12.0 - - = | 4.0:money 6.0:money +:money 13.0:money x:money 7.0:money -:money 12.0:money -:money -:money =:money
EXPR: 0 | POS | INT | 117 | 4 | 8 | 6.0=((((13.0-7.0)-4.0)-x)+12.0) | 6.0 13.0 7.0 - 4.0 - x - 12.0 + = | 6.0:money 13.0:money 7.0:money -:money 4.0:money -:money x:money -:money 12.0:money +:money =:money
EXPR: 0 | POS | INT | 122 | 4 | 34 | (13.0-x)=(((4.0-7.0)-6.0)-12.0) | 13.0 x - 4.0 7.0 - 6.0 - 12.0 - = | 13.0:money x:money -:money 4.0:money 7.0:money -:money 6.0:money -:money 12.0:money -:money =:money
EXPR: 0 | POS | INT | 127 | 4 | 10 | (4.0-(13.0+(6.0-(x+12.0))))=7.0 | 4.0 13.0 6.0 x 12.0 + - + - 7.0 = | 4.0:money 13.0:money 6.0:money x:money 12.0:money +:money -:money +:money -:money 7.0:money =:money
EXPR: 0 | POS | INT | 127 | 4 | 8 | 13.0=((6.0+(7.0+(4.0-12.0)))+x) | 13.0 6.0 7.0 4.0 12.0 - + + x + = | 13.0:money 6.0:money 7.0:money 4.0:money 12.0:money -:money +:money +:money x:money +:money =:money
EXPR: 0 | POS | INT | 127 | 4 | 22 | 13.0=(x+((6.0-7.0)+(4.0-12.0))) | 13.0 x 6.0 7.0 - 4.0 12.0 - + + = | 13.0:money x:money 6.0:money 7.0:money -:money 4.0:money 12.0:money -:money +:money +:money =:money
EXPR: 1 | POS | INT | 127 | 4 | 4 | (13.0-12.0)=(4.0-((x+6.0)-7.0)) | 13.0 12.0 - 4.0 x 6.0 + 7.0 - - = | 13.0:money 12.0:money -:money 4.0:money x:money 6.0:money +:money 7.0:money -:money -:money =:money
EXPR: 1 | POS | INT | 127 | 4 | 4 | 13.0=((x-((6.0-7.0)+4.0))+12.0) | 13.0 x 6.0 7.0 - 4.0 + - 12.0 + = | 13.0:money x:money 6.0:money 7.0:money -:money 4.0:money +:money -:money 12.0:money +:money =:money
EXPR: 1 | POS | INT | 127 | 4 | 4 | (13.0+(x-12.0))=(4.0-(6.0-7.0)) | 13.0 x 12.0 - + 4.0 6.0 7.0 - - = | 13.0:money x:money 12.0:money -:money +:money 4.0:money 6.0:money 7.0:money -:money -:money =:money
EXPR: 0 | POS | INT | 130 | 4 | 6 | (((13.0+(4.0-6.0))+7.0)-12.0)=x | 13.0 4.0 6.0 - + 7.0 + 12.0 - x = | 13.0:money 4.0:money 6.0:money -:money +:money 7.0:money +:money 12.0:money -:money x:money =:money
EXPR: 1 | POS | INT | 132 | 4 | 4 | (((6.0+13.0)+(4.0-x))-7.0)=12.0 | 6.0 13.0 + 4.0 x - + 7.0 - 12.0 = | 6.0:money 13.0:money +:money 4.0:money x:money -:money +:money 7.0:money -:money 12.0:money =:money
EXPR: 1 | POS | INT | 140 | 4 | 4 | (((13.0+(4.0+6.0))-12.0)-7.0)=x | 13.0 4.0 6.0 + + 12.0 - 7.0 - x = | 13.0:money 4.0:money 6.0:money +:money +:money 12.0:money -:money 7.0:money -:money x:money =:money
EXPR: 0 | POS | INT | 142 | 4 | 34 | (((x-(6.0+13.0))+4.0)-12.0)=7.0 | x 6.0 13.0 + - 4.0 + 12.0 - 7.0 = | x:money 6.0:money 13.0:money +:money -:money 4.0:money +:money 12.0:money -:money 7.0:money =:money
EXPR: 0 | POS | INT | 142 | 4 | 8 | (((x-(6.0-13.0))+4.0)-12.0)=7.0 | x 6.0 13.0 - - 4.0 + 12.0 - 7.0 = | x:money 6.0:money 13.0:money -:money -:money 4.0:money +:money 12.0:money -:money 7.0:money =:money
EXPR: 1 | POS | INT | 142 | 4 | 4 | (x+13.0)=(4.0-((6.0-7.0)-12.0)) | x 13.0 + 4.0 6.0 7.0 - 12.0 - - = | x:money 13.0:money +:money 4.0:money 6.0:money 7.0:money -:money 12.0:money -:money -:money =:money
EXPR: 1 | POS | INT | 142 | 4 | 4 | (6.0+((13.0-12.0)+4.0))=(7.0+x) | 6.0 13.0 12.0 - 4.0 + + 7.0 x + = | 6.0:money 13.0:money 12.0:money -:money 4.0:money +:money +:money 7.0:money x:money +:money =:money
EXPR: 0 | POS | INT | 142 | 4 | 22 | 13.0=(x+((6.0-12.0)+(4.0-7.0))) | 13.0 x 6.0 12.0 - 4.0 7.0 - + + = | 13.0:money x:money 6.0:money 12.0:money -:money 4.0:money 7.0:money -:money +:money +:money =:money
EXPR: 1 | POS | INT | 150 | 4 | 4 | x=(13.0+((6.0+(4.0-12.0))-7.0)) | x 13.0 6.0 4.0 12.0 - + 7.0 - + = | x:money 13.0:money 6.0:money 4.0:money 12.0:money -:money +:money 7.0:money -:money +:money =:money
EXPR: 0 | POS | INT | 152 | 4 | 34 | 13.0=((x-6.0)+((4.0-12.0)-7.0)) | 13.0 x 6.0 - 4.0 12.0 - 7.0 - + = | 13.0:money x:money 6.0:money -:money 4.0:money 12.0:money -:money 7.0:money -:money +:money =:money
NET 190 unique, non-negative, integer-valued solutions found out of 401 total solutions
