parameters: n=9 l=4 k=1 p=5 q=2 m=10
TOTAL 750 solutions found
SOLN: CORRECT | POS/NEG | INT/FRA | OBJ-SCORE | TRUE-ANS | ANS | INFIX | POSTFIX | TYPED-POSTFIX
EXPR: 1 | POS | INT | 0 | 224 | 224 | (((10+1)+3)*16)=x | 10 1 + 3 + 16 * x = | 10:book 1:book +:book 3:book +:book 16:dollar *:dollar x:dollar =:dollar
EXPR: 0 | POS | INT | 0 | 224 | 96 | x=((10-(1+3))*16) | x 10 1 3 + - 16 * = | x:dollar 10:book 1:book 3:book +:book -:book 16:dollar *:dollar =:dollar
EXPR: 0 | POS | INT | 0 | 224 | 128 | (((10+1)-3)*16)=x | 10 1 + 3 - 16 * x = | 10:book 1:book +:book 3:book -:book 16:dollar *:dollar x:dollar =:dollar
EXPR: 1 | POS | INT | 0 | 224 | 224 | x=((10+(1+3))*16) | x 10 1 3 + + 16 * = | x:dollar 10:book 1:book 3:book +:book +:book 16:dollar *:dollar =:dollar
EXPR: 0 | POS | INT | 0 | 224 | 192 | x=((10-(1-3))*16) | x 10 1 3 - - 16 * = | x:dollar 10:book 1:book 3:book -:book -:book 16:dollar *:dollar =:dollar
EXPR: 0 | POS | INT | 0 | 224 | 96 | ((10-(1+3))*16)=x | 10 1 3 + - 16 * x = | 10:book 1:book 3:book +:book -:book 16:dollar *:dollar x:dollar =:dollar
EXPR: 0 | POS | INT | 0 | 224 | 192 | (((10-1)+3)*16)=x | 10 1 - 3 + 16 * x = | 10:book 1:book -:book 3:book +:book 16:dollar *:dollar x:dollar =:dollar
EXPR: 0 | POS | INT | 0 | 224 | 192 | ((10-(1-3))*16)=x | 10 1 3 - - 16 * x = | 10:book 1:book 3:book -:book -:book 16:dollar *:dollar x:dollar =:dollar
EXPR: 0 | POS | INT | 0 | 224 | 96 | (((10-1)-3)*16)=x | 10 1 - 3 - 16 * x = | 10:book 1:book -:book 3:book -:book 16:dollar *:dollar x:dollar =:dollar
EXPR: 0 | POS | INT | 0 | 224 | 128 | ((10+(1-3))*16)=x | 10 1 3 - + 16 * x = | 10:book 1:book 3:book -:book +:book 16:dollar *:dollar x:dollar =:dollar
EXPR: 1 | POS | INT | 0 | 224 | 224 | ((10+(1+3))*16)=x | 10 1 3 + + 16 * x = | 10:book 1:book 3:book +:book +:book 16:dollar *:dollar x:dollar =:dollar
EXPR: 0 | POS | INT | 0 | 224 | 128 | x=((10+(1-3))*16) | x 10 1 3 - + 16 * = | x:dollar 10:book 1:book 3:book -:book +:book 16:dollar *:dollar =:dollar
EXPR: 0 | POS | INT | 0 | 224 | 128 | x=(((10+1)-3)*16) | x 10 1 + 3 - 16 * = | x:dollar 10:book 1:book +:book 3:book -:book 16:dollar *:dollar =:dollar
EXPR: 1 | POS | INT | 0 | 224 | 224 | x=(((10+1)+3)*16) | x 10 1 + 3 + 16 * = | x:dollar 10:book 1:book +:book 3:book +:book 16:dollar *:dollar =:dollar
EXPR: 0 | POS | INT | 0 | 224 | 96 | x=(((10-1)-3)*16) | x 10 1 - 3 - 16 * = | x:dollar 10:book 1:book -:book 3:book -:book 16:dollar *:dollar =:dollar
EXPR: 0 | POS | INT | 0 | 224 | 192 | x=(((10-1)+3)*16) | x 10 1 - 3 + 16 * = | x:dollar 10:book 1:book -:book 3:book +:book 16:dollar *:dollar =:dollar
EXPR: 0 | POS | INT | 10 | 224 | 192 | (((10+3)-1)*16)=x | 10 3 + 1 - 16 * x = | 10:book 3:book +:book 1:book -:book 16:dollar *:dollar x:dollar =:dollar
EXPR: 0 | POS | INT | 10 | 224 | 128 | x=((1+(10-3))*16) | x 1 10 3 - + 16 * = | x:dollar 1:book 10:book 3:book -:book +:book 16:dollar *:dollar =:dollar
EXPR: 0 | POS | INT | 10 | 224 | 192 | x=((10+(3-1))*16) | x 10 3 1 - + 16 * = | x:dollar 10:book 3:book 1:book -:book +:book 16:dollar *:dollar =:dollar
EXPR: 0 | POS | INT | 10 | 224 | 128 | x=((10-(3-1))*16) | x 10 3 1 - - 16 * = | x:dollar 10:book 3:book 1:book -:book -:book 16:dollar *:dollar =:dollar
EXPR: 0 | POS | INT | 10 | 224 | 128 | (((10-3)+1)*16)=x | 10 3 - 1 + 16 * x = | 10:book 3:book -:book 1:book +:book 16:dollar *:dollar x:dollar =:dollar
EXPR: 1 | POS | INT | 10 | 224 | 224 | (((10+3)+1)*16)=x | 10 3 + 1 + 16 * x = | 10:book 3:book +:book 1:book +:book 16:dollar *:dollar x:dollar =:dollar
EXPR: 0 | POS | INT | 10 | 224 | 190 | (10*((1*3)+16))=x | 10 1 3 * 16 + * x = | 10:book 1:book 3:dollar *:dollar 16:dollar +:dollar *:dollar x:dollar =:dollar
EXPR: 0 | POS | INT | 10 | 224 | 192 | x=(((10+3)-1)*16) | x 10 3 + 1 - 16 * = | x:dollar 10:book 3:book +:book 1:book -:book 16:dollar *:dollar =:dollar
EXPR: 0 | POS | INT | 10 | 224 | 96 | x=(((10-3)-1)*16) | x 10 3 - 1 - 16 * = | x:dollar 10:book 3:book -:book 1:book -:book 16:dollar *:dollar =:dollar
EXPR: 0 | POS | INT | 10 | 224 | 58 | x=((10*1)+(3*16)) | x 10 1 * 3 16 * + = | x:dollar 10:book 1:dollar *:dollar 3:book 16:dollar *:dollar +:dollar =:dollar
EXPR: 1 | POS | INT | 10 | 224 | 224 | x=(((10+3)+1)*16) | x 10 3 + 1 + 16 * = | x:dollar 10:book 3:book +:book 1:book +:book 16:dollar *:dollar =:dollar
EXPR: 0 | POS | INT | 10 | 224 | 190 | x=(10*((1*3)+16)) | x 10 1 3 * 16 + * = | x:dollar 10:book 1:dollar 3:book *:dollar 16:dollar +:dollar *:dollar =:dollar
EXPR: 1 | POS | INT | 10 | 224 | 224 | ((1+(10+3))*16)=x | 1 10 3 + + 16 * x = | 1:book 10:book 3:book +:book +:book 16:dollar *:dollar x:dollar =:dollar
EXPR: 0 | POS | INT | 20 | 224 | 30 | x=((10+(1+3))+16) | x 10 1 3 + + 16 + = | x:book 10:book 1:book 3:book +:book +:book 16:book +:book =:book
EXPR: 0 | POS | INT | 20 | 224 | 23 | x=(10-((1*3)-16)) | x 10 1 3 * 16 - - = | x:dollar 10:dollar 1:dollar 3:book *:dollar 16:dollar -:dollar -:dollar =:dollar
EXPR: 0 | POS | INT | 20 | 224 | 209 | x=(1+((10+3)*16)) | x 1 10 3 + 16 * + = | x:book 1:book 10:book 3:book +:book 16:dollar *:book +:book =:book
EXPR: 0 | POS | INT | 20 | 224 | 46 | x=(1*((10*3)+16)) | x 1 10 3 * 16 + * = | x:dollar 1:book 10:dollar 3:book *:dollar 16:dollar +:dollar *:dollar =:dollar
EXPR: 0 | POS | INT | 20 | 224 | 23 | x=(((10*1)-3)+16) | x 10 1 * 3 - 16 + = | x:dollar 10:book 1:dollar *:dollar 3:dollar -:dollar 16:dollar +:dollar =:dollar
EXPR: 0 | POS | INT | 20 | 224 | 140 | (10*((1-3)+16))=x | 10 1 3 - 16 + * x = | 10:book 1:dollar 3:dollar -:dollar 16:dollar +:dollar *:dollar x:dollar =:dollar
EXPR: 0 | POS | INT | 22 | 224 | 48 | (x/(10-1))=(16/3) | x 10 1 - / 16 3 / = | x:dollar 10:book 1:book -:book /:dollar 16:dollar 3:book /:dollar =:dollar
EXPR: 0 | POS | INT | 22 | 224 | 39 | (x+(10-1))=(3*16) | x 10 1 - + 3 16 * = | x:book 10:book 1:book -:book +:book 3:book 16:dollar *:book =:book
EXPR: 0 | POS | INT | 22 | 224 | 9 | 1=(10/(3+(16-x))) | 1 10 3 16 x - + / = | 1:book 10:book 3:dollar 16:dollar x:dollar -:dollar +:dollar /:book =:book
EXPR: 0 | POS | INT | 22 | 224 | 58 | 10=((x*1)-(3*16)) | 10 x 1 * 3 16 * - = | 10:book x:book 1:dollar *:book 3:book 16:dollar *:book -:book =:book
EXPR: 0 | POS | INT | 22 | 224 | 2 | 10=(3-(1-(16/x))) | 10 3 1 16 x / - - = | 10:book 3:book 1:book 16:book x:dollar /:book -:book -:book =:book
EXPR: 0 | POS | INT | 22 | 224 | 23 | 1=(10/(x+(3-16))) | 1 10 x 3 16 - + / = | 1:book 10:book x:dollar 3:dollar 16:dollar -:dollar +:dollar /:book =:book
EXPR: 1 | POS | INT | 25 | 224 | 224 | x=(((1+3)+10)*16) | x 1 3 + 10 + 16 * = | x:dollar 1:book 3:book +:book 10:book +:book 16:dollar *:dollar =:dollar
EXPR: 0 | POS | INT | 27 | 224 | 38 | 10=((3*16)-(1*x)) | 10 3 16 * 1 x * - = | 10:book 3:book 16:dollar *:book 1:book x:dollar *:book -:book =:book
EXPR: 0 | POS | INT | 30 | 224 | 10 | x=((1-(10-3))+16) | x 1 10 3 - - 16 + = | x:book 1:book 10:book 3:book -:book -:book 16:book +:book =:book
EXPR: 0 | POS | INT | 30 | 224 | 15 | x=((1+(10*3))-16) | x 1 10 3 * + 16 - = | x:dollar 1:dollar 10:dollar 3:book *:dollar +:dollar 16:dollar -:dollar =:dollar
EXPR: 0 | POS | INT | 30 | 224 | 496 | x=((1+(10*3))*16) | x 1 10 3 * + 16 * = | x:book 1:book 10:dollar 3:book *:book +:book 16:dollar *:book =:book
EXPR: 0 | POS | INT | 30 | 224 | 29 | x=((10*1)+(3+16)) | x 10 1 * 3 16 + + = | x:book 10:book 1:dollar *:book 3:book 16:book +:book +:book =:book
EXPR: 0 | POS | INT | 30 | 224 | 23 | x=(((10*1)+16)-3) | x 10 1 * 16 + 3 - = | x:dollar 10:book 1:dollar *:dollar 16:dollar +:dollar 3:dollar -:dollar =:dollar
EXPR: 0 | POS | INT | 30 | 224 | 15 | x=(1+((10*3)-16)) | x 1 10 3 * 16 - + = | x:dollar 1:dollar 10:dollar 3:book *:dollar 16:dollar -:dollar +:dollar =:dollar
EXPR: 0 | POS | INT | 30 | 224 | 23 | x=(((10-3)*1)+16) | x 10 3 - 1 * 16 + = | x:dollar 10:dollar 3:dollar -:dollar 1:book *:dollar 16:dollar +:dollar =:dollar
EXPR: 0 | POS | INT | 30 | 224 | 78 | x=(((10*1)+16)*3) | x 10 1 * 16 + 3 * = | x:book 10:book 1:dollar *:dollar 16:dollar +:dollar 3:book *:book =:book
EXPR: 0 | POS | INT | 30 | 224 | 45 | x=(((10*3)-1)+16) | x 10 3 * 1 - 16 + = | x:dollar 10:book 3:dollar *:dollar 1:dollar -:dollar 16:dollar +:dollar =:dollar
EXPR: 0 | POS | INT | 32 | 224 | 9 | (1*((10-3)+x))=16 | 1 10 3 - x + * 16 = | 1:book 10:dollar 3:dollar -:dollar x:dollar +:dollar *:dollar 16:dollar =:dollar
EXPR: 0 | POS | INT | 32 | 224 | 23 | 10=((3+x)-(1*16)) | 10 3 x + 1 16 * - = | 10:dollar 3:dollar x:dollar +:dollar 1:book 16:dollar *:dollar -:dollar =:dollar
EXPR: 0 | POS | INT | 35 | 224 | 192 | x=((3+(10-1))*16) | x 3 10 1 - + 16 * = | x:book 3:book 10:book 1:book -:book +:book 16:dollar *:book =:book
EXPR: 0 | POS | INT | 35 | 224 | 192 | x=((3-(1-10))*16) | x 3 1 10 - - 16 * = | x:dollar 3:book 1:book 10:book -:book -:book 16:dollar *:dollar =:dollar
EXPR: 0 | POS | INT | 35 | 224 | 105 | x=((3-10)*(1-16)) | x 3 10 - 1 16 - * = | x:dollar 3:book 10:book -:book 1:dollar 16:dollar -:dollar *:dollar =:dollar
EXPR: 0 | POS | INT | 35 | 224 | 78 | (3*((10*1)+16))=x | 3 10 1 * 16 + * x = | 3:book 10:book 1:dollar *:dollar 16:dollar +:dollar *:dollar x:dollar =:dollar
EXPR: 0 | POS | INT | 35 | 224 | 192 | x=(((3-1)+10)*16) | x 3 1 - 10 + 16 * = | x:dollar 3:book 1:book -:book 10:book +:book 16:dollar *:dollar =:dollar
EXPR: 0 | POS | INT | 37 | 224 | 39 | ((10+x)-(3*16))=1 | 10 x + 3 16 * - 1 = | 10:book x:book +:book 3:book 16:dollar *:book -:book 1:book =:book
EXPR: 0 | POS | INT | 37 | 224 | 23 | 1=(3/(10+(16-x))) | 1 3 10 16 x - + / = | 1:book 3:book 10:dollar 16:dollar x:dollar -:dollar +:dollar /:book =:book
EXPR: 0 | POS | INT | 40 | 224 | 208 | x=(((10*1)+3)*16) | x 10 1 * 3 + 16 * = | x:book 10:book 1:dollar *:dollar 3:dollar +:dollar 16:book *:book =:book
EXPR: 0 | POS | INT | 42 | 224 | 9 | (1*((10-16)+x))=3 | 1 10 16 - x + * 3 = | 1:book 10:dollar 16:dollar -:dollar x:dollar +:dollar *:dollar 3:dollar =:dollar
EXPR: 0 | POS | INT | 42 | 224 | 3 | ((1*x)+10)=(16-3) | 1 x * 10 + 16 3 - = | 1:book x:dollar *:book 10:book +:book 16:book 3:book -:book =:book
EXPR: 0 | POS | INT | 45 | 224 | 43 | ((3*(10-1))+16)=x | 3 10 1 - * 16 + x = | 3:book 10:dollar 1:dollar -:dollar *:dollar 16:dollar +:dollar x:dollar =:dollar
EXPR: 0 | POS | INT | 45 | 224 | 320 | x=((10*16)*(3-1)) | x 10 16 * 3 1 - * = | x:book 10:book 16:dollar *:dollar 3:book 1:book -:book *:book =:book
EXPR: 0 | POS | INT | 45 | 224 | 45 | x=(((10*3)+16)-1) | x 10 3 * 16 + 1 - = | x:dollar 10:book 3:dollar *:dollar 16:dollar +:dollar 1:dollar -:dollar =:dollar
EXPR: 0 | POS | INT | 45 | 224 | 46 | x=(((10*3)+16)*1) | x 10 3 * 16 + 1 * = | x:book 10:book 3:dollar *:dollar 16:dollar +:dollar 1:book *:book =:book
EXPR: 0 | POS | INT | 45 | 224 | 158 | x=(((10*16)+1)-3) | x 10 16 * 1 + 3 - = | x:dollar 10:book 16:dollar *:dollar 1:dollar +:dollar 3:dollar -:dollar =:dollar
EXPR: 0 | POS | INT | 45 | 224 | 29 | x=(((10+3)+16)*1) | x 10 3 + 16 + 1 * = | x:dollar 10:book 3:book +:book 16:book +:book 1:dollar *:dollar =:dollar
EXPR: 0 | POS | INT | 45 | 224 | 15 | x=(((10*3)-16)+1) | x 10 3 * 16 - 1 + = | x:dollar 10:book 3:dollar *:dollar 16:dollar -:dollar 1:dollar +:dollar =:dollar
EXPR: 0 | POS | INT | 45 | 224 | 162 | x=(((10*16)-1)+3) | x 10 16 * 1 - 3 + = | x:dollar 10:book 16:dollar *:dollar 1:dollar -:dollar 3:dollar +:dollar =:dollar
EXPR: 0 | POS | INT | 45 | 224 | 483 | x=(((10*16)+1)*3) | x 10 16 * 1 + 3 * = | x:book 10:book 16:dollar *:dollar 1:dollar +:dollar 3:book *:book =:book
EXPR: 0 | POS | INT | 45 | 224 | 78 | x=((1*3)*(10+16)) | x 1 3 * 10 16 + * = | x:dollar 1:book 3:dollar *:dollar 10:book 16:book +:book *:dollar =:dollar
EXPR: 0 | POS | INT | 47 | 224 | 23 | (((x+3)-10)*1)=16 | x 3 + 10 - 1 * 16 = | x:book 3:book +:book 10:book -:book 1:dollar *:dollar 16:dollar =:dollar
EXPR: 0 | POS | INT | 47 | 224 | 12 | ((x/(3-1))+10)=16 | x 3 1 - / 10 + 16 = | x:dollar 3:book 1:book -:book /:dollar 10:dollar +:dollar 16:dollar =:dollar
EXPR: 0 | POS | INT | 47 | 224 | 158 | 1=((3+x)-(10*16)) | 1 3 x + 10 16 * - = | 1:dollar 3:dollar x:dollar +:dollar 10:book 16:dollar *:dollar -:dollar =:dollar
EXPR: 0 | POS | INT | 47 | 224 | 9 | 3=((x+(10*1))-16) | 3 x 10 1 * + 16 - = | 3:dollar x:dollar 10:dollar 1:book *:dollar +:dollar 16:dollar -:dollar =:dollar
EXPR: 0 | POS | INT | 47 | 224 | 29 | 3=((x-(10*1))-16) | 3 x 10 1 * - 16 - = | 3:dollar x:dollar 10:dollar 1:book *:dollar -:dollar 16:dollar -:dollar =:dollar
EXPR: 0 | POS | INT | 47 | 224 | 3 | (((3+x)+10)*1)=16 | 3 x + 10 + 1 * 16 = | 3:book x:book +:book 10:book +:book 1:dollar *:dollar 16:dollar =:dollar
EXPR: 0 | POS | INT | 52 | 224 | 2 | ((1-(16/x))+10)=3 | 1 16 x / - 10 + 3 = | 1:book 16:book x:dollar /:book -:book 10:book +:book 3:book =:book
EXPR: 0 | POS | INT | 52 | 224 | 11 | 1=(10-((x+16)/3)) | 1 10 x 16 + 3 / - = | 1:book 10:book x:book 16:book +:book 3:dollar /:book -:book =:book
EXPR: 0 | POS | INT | 52 | 224 | 481 | ((x-1)/10)=(3*16) | x 1 - 10 / 3 16 * = | x:dollar 1:dollar -:dollar 10:book /:dollar 3:dollar 16:book *:dollar =:dollar
EXPR: 0 | POS | INT | 55 | 224 | 23 | x=(((10+16)-3)*1) | x 10 16 + 3 - 1 * = | x:dollar 10:book 16:book +:book 3:book -:book 1:dollar *:dollar =:dollar
EXPR: 0 | POS | INT | 55 | 224 | 54 | x=(((1+3)*16)-10) | x 1 3 + 16 * 10 - = | x:book 1:book 3:book +:book 16:dollar *:book 10:book -:book =:book
EXPR: 0 | POS | INT | 57 | 224 | 24 | (((x+3)-10)-1)=16 | x 3 + 10 - 1 - 16 = | x:dollar 3:dollar +:dollar 10:dollar -:dollar 1:dollar -:dollar 16:dollar =:dollar
EXPR: 0 | POS | INT | 57 | 224 | 11 | 16=(((10-1)*3)-x) | 16 10 1 - 3 * x - = | 16:dollar 10:book 1:book -:book 3:dollar *:dollar x:dollar -:dollar =:dollar
EXPR: 0 | POS | INT | 57 | 224 | 38 | 10=((3*16)-(x*1)) | 10 3 16 * x 1 * - = | 10:dollar 3:book 16:dollar *:dollar x:book 1:dollar *:dollar -:dollar =:dollar
EXPR: 0 | POS | INT | 57 | 224 | 8 | (3-(x+10))=(1-16) | 3 x 10 + - 1 16 - = | 3:book x:book 10:book +:book -:book 1:book 16:book -:book =:book
EXPR: 0 | POS | INT | 57 | 224 | 1 | 10=(16-((x+1)*3)) | 10 16 x 1 + 3 * - = | 10:book 16:book x:book 1:book +:book 3:dollar *:book -:book =:book
EXPR: 0 | POS | INT | 57 | 224 | 17 | 10=(16-((x+1)/3)) | 10 16 x 1 + 3 / - = | 10:book 16:book x:book 1:book +:book 3:dollar /:book -:book =:book
EXPR: 0 | POS | INT | 57 | 224 | 4 | (x+(10-16))=(1-3) | x 10 16 - + 1 3 - = | x:book 10:book 16:book -:book +:book 1:book 3:book -:book =:book
EXPR: 0 | POS | INT | 57 | 224 | 9 | (x-(3-10))=(1*16) | x 3 10 - - 1 16 * = | x:dollar 3:dollar 10:dollar -:dollar -:dollar 1:book 16:dollar *:dollar =:dollar
EXPR: 0 | POS | INT | 57 | 224 | 2 | 16=((10*1)+(x*3)) | 16 10 1 * x 3 * + = | 16:dollar 10:book 1:dollar *:dollar x:dollar 3:book *:dollar +:dollar =:dollar
EXPR: 0 | POS | INT | 60 | 224 | 81 | (((1+16)+10)*3)=x | 1 16 + 10 + 3 * x = | 1:book 16:book +:book 10:book +:book 3:dollar *:dollar x:dollar =:dollar
EXPR: 0 | POS | INT | 60 | 224 | 8 | ((3-(10-16))-1)=x | 3 10 16 - - 1 - x = | 3:book 10:book 16:book -:book -:book 1:book -:book x:book =:book
EXPR: 0 | POS | INT | 62 | 224 | 8 | 1=(16-((x+10)-3)) | 1 16 x 10 + 3 - - = | 1:book 16:book x:book 10:book +:book 3:book -:book -:book =:book
EXPR: 0 | POS | INT | 62 | 224 | 15 | 1=((16+x)-(10*3)) | 1 16 x + 10 3 * - = | 1:dollar 16:dollar x:dollar +:dollar 10:book 3:dollar *:dollar -:dollar =:dollar
EXPR: 0 | POS | INT | 62 | 224 | 9 | ((1*16)-10)=(x-3) | 1 16 * 10 - x 3 - = | 1:book 16:dollar *:book 10:book -:book x:book 3:book -:book =:book
EXPR: 0 | POS | INT | 65 | 224 | 464 | x=(16*((10*3)-1)) | x 16 10 3 * 1 - * = | x:dollar 16:dollar 10:dollar 3:book *:book 1:book -:book *:dollar =:dollar
EXPR: 0 | POS | INT | 65 | 224 | 496 | x=(16*((10*3)+1)) | x 16 10 3 * 1 + * = | x:dollar 16:dollar 10:dollar 3:book *:book 1:book +:book *:dollar =:dollar
EXPR: 0 | POS | INT | 65 | 224 | 200 | x=(((1+3)+16)*10) | x 1 3 + 16 + 10 * = | x:dollar 1:book 3:book +:book 16:book +:book 10:dollar *:dollar =:dollar
EXPR: 0 | POS | INT | 65 | 224 | 2 | x=(16-((10+1)+3)) | x 16 10 1 + 3 + - = | x:book 16:book 10:book 1:book +:book 3:book +:book -:book =:book
EXPR: 0 | POS | INT | 65 | 224 | 18 | x=((1*3)*(16-10)) | x 1 3 * 16 10 - * = | x:dollar 1:book 3:dollar *:book 16:dollar 10:dollar -:dollar *:dollar =:dollar
EXPR: 0 | POS | INT | 65 | 224 | 208 | (((1*3)+10)*16)=x | 1 3 * 10 + 16 * x = | 1:book 3:dollar *:dollar 10:dollar +:dollar 16:book *:book x:book =:book
EXPR: 0 | POS | INT | 65 | 224 | 157 | x=(((10*16)-3)*1) | x 10 16 * 3 - 1 * = | x:dollar 10:dollar 16:book *:book 3:book -:book 1:dollar *:dollar =:dollar
EXPR: 0 | POS | INT | 67 | 224 | 10 | 16=((10-(1+3))+x) | 16 10 1 3 + - x + = | 16:book 10:book 1:book 3:book +:book -:book x:book +:book =:book
EXPR: 0 | POS | INT | 67 | 224 | 23 | ((3+(1*x))-16)=10 | 3 1 x * + 16 - 10 = | 3:book 1:book x:dollar *:book +:book 16:book -:book 10:book =:book
EXPR: 0 | POS | INT | 67 | 224 | 14 | ((x+16)/10)=(1*3) | x 16 + 10 / 1 3 * = | x:dollar 16:dollar +:dollar 10:book /:dollar 1:book 3:dollar *:dollar =:dollar
EXPR: 0 | POS | INT | 67 | 224 | 46 | ((x-16)/10)=(1*3) | x 16 - 10 / 1 3 * = | x:dollar 16:dollar -:dollar 10:book /:dollar 1:book 3:dollar *:dollar =:dollar
EXPR: 0 | POS | INT | 67 | 224 | 29 | ((1*3)+10)=(x-16) | 1 3 * 10 + x 16 - = | 1:dollar 3:book *:book 10:book +:book x:book 16:book -:book =:book
EXPR: 0 | POS | INT | 67 | 224 | 18 | 16=((x-10)*(3-1)) | 16 x 10 - 3 1 - * = | 16:dollar x:dollar 10:dollar -:dollar 3:book 1:book -:book *:dollar =:dollar
EXPR: 0 | POS | INT | 67 | 224 | 8 | (x+(10-16))=(3-1) | x 10 16 - + 3 1 - = | x:book 10:book 16:book -:book +:book 3:book 1:book -:book =:book
EXPR: 0 | POS | INT | 67 | 224 | 22 | 16=((x+10)/(3-1)) | 16 x 10 + 3 1 - / = | 16:dollar x:dollar 10:dollar +:dollar 3:book 1:book -:book /:dollar =:dollar
EXPR: 0 | POS | INT | 67 | 224 | 23 | (x+(3-10))=(1*16) | x 3 10 - + 1 16 * = | x:book 3:book 10:book -:book +:book 1:dollar 16:book *:book =:book
EXPR: 0 | POS | INT | 67 | 224 | 128 | 3=(10+(1-(x/16))) | 3 10 1 x 16 / - + = | 3:dollar 10:dollar 1:dollar x:dollar 16:book /:dollar -:dollar +:dollar =:dollar
EXPR: 0 | POS | INT | 67 | 224 | 157 | ((x+3)/10)=(1*16) | x 3 + 10 / 1 16 * = | x:dollar 3:dollar +:dollar 10:book /:dollar 1:dollar 16:book *:dollar =:dollar
EXPR: 0 | POS | INT | 67 | 224 | 24 | (16+(10-(x-1)))=3 | 16 10 x 1 - - + 3 = | 16:book 10:book x:book 1:book -:book -:book +:book 3:book =:book
EXPR: 0 | POS | INT | 70 | 224 | 28 | x=((3+(10+16))-1) | x 3 10 16 + + 1 - = | x:dollar 3:dollar 10:dollar 16:dollar +:dollar +:dollar 1:dollar -:dollar =:dollar
EXPR: 0 | POS | INT | 70 | 224 | 112 | x=((1*16)*(10-3)) | x 1 16 * 10 3 - * = | x:book 1:dollar 16:book *:dollar 10:book 3:book -:book *:book =:book
EXPR: 0 | POS | INT | 70 | 224 | 208 | x=((1*16)*(10+3)) | x 1 16 * 10 3 + * = | x:book 1:dollar 16:book *:dollar 10:book 3:book +:book *:book =:book
EXPR: 0 | POS | INT | 72 | 224 | 22 | ((x+1)-16)=(10-3) | x 1 + 16 - 10 3 - = | x:book 1:book +:book 16:book -:book 10:book 3:book -:book =:book
EXPR: 0 | POS | INT | 72 | 224 | 29 | 3=(x-((10+16)*1)) | 3 x 10 16 + 1 * - = | 3:book x:book 10:book 16:book +:book 1:dollar *:book -:book =:book
EXPR: 0 | POS | INT | 72 | 224 | 35 | 1=(16-((x+10)/3)) | 1 16 x 10 + 3 / - = | 1:book 16:book x:book 10:book +:book 3:dollar /:book -:book =:book
EXPR: 0 | POS | INT | 72 | 224 | 22 | (x+(3-10))=(16-1) | x 3 10 - + 16 1 - = | x:book 3:book 10:book -:book +:book 16:book 1:book -:book =:book
EXPR: 0 | POS | INT | 72 | 224 | 24 | ((x-1)-16)=(10-3) | x 1 - 16 - 10 3 - = | x:book 1:book -:book 16:book -:book 10:book 3:book -:book =:book
EXPR: 0 | POS | INT | 72 | 224 | 9 | 3=(10-(16-(x*1))) | 3 10 16 x 1 * - - = | 3:book 10:book 16:book x:book 1:dollar *:book -:book -:book =:book
EXPR: 0 | POS | INT | 75 | 224 | 22 | ((16-(1-10))-3)=x | 16 1 10 - - 3 - x = | 16:book 1:book 10:book -:book -:book 3:book -:book x:book =:book
EXPR: 0 | POS | INT | 75 | 224 | 23 | x=(16+((10*1)-3)) | x 16 10 1 * 3 - + = | x:book 16:book 10:dollar 1:book *:book 3:book -:book +:book =:book
EXPR: 0 | POS | INT | 75 | 224 | 30 | x=(16+((10+3)+1)) | x 16 10 3 + 1 + + = | x:book 16:book 10:book 3:book +:book 1:book +:book +:book =:book
EXPR: 0 | POS | INT | 75 | 224 | 131 | x=(1-((3-16)*10)) | x 1 3 16 - 10 * - = | x:book 1:book 3:book 16:book -:book 10:dollar *:book -:book =:book
EXPR: 0 | POS | INT | 75 | 224 | 13 | x=(16-((10-1)/3)) | x 16 10 1 - 3 / - = | x:book 16:book 10:book 1:book -:book 3:dollar /:book -:book =:book
EXPR: 0 | POS | INT | 75 | 224 | 5 | x=(((1-16)/3)+10) | x 1 16 - 3 / 10 + = | x:dollar 1:dollar 16:dollar -:dollar 3:book /:dollar 10:dollar +:dollar =:dollar
EXPR: 0 | POS | INT | 75 | 224 | 200 | x=(((1+16)+3)*10) | x 1 16 + 3 + 10 * = | x:dollar 1:book 16:book +:book 3:book +:book 10:dollar *:dollar =:dollar
EXPR: 0 | POS | INT | 75 | 224 | 61 | x=(((1+16)*3)+10) | x 1 16 + 3 * 10 + = | x:dollar 1:dollar 16:dollar +:dollar 3:book *:dollar 10:dollar +:dollar =:dollar
EXPR: 0 | POS | INT | 75 | 224 | 8 | ((3-(1-16))-10)=x | 3 1 16 - - 10 - x = | 3:book 1:book 16:book -:book -:book 10:book -:book x:book =:book
EXPR: 0 | POS | INT | 77 | 224 | 157 | (((1*3)+x)/16)=10 | 1 3 * x + 16 / 10 = | 1:book 3:dollar *:dollar x:dollar +:dollar 16:book /:dollar 10:dollar =:dollar
EXPR: 0 | POS | INT | 77 | 224 | 120 | (16-((x/10)+3))=1 | 16 x 10 / 3 + - 1 = | 16:dollar x:dollar 10:book /:dollar 3:dollar +:dollar -:dollar 1:dollar =:dollar
EXPR: 0 | POS | INT | 77 | 224 | 130 | 16=(1*((x/10)+3)) | 16 1 x 10 / 3 + * = | 16:book 1:book x:dollar 10:book /:dollar 3:dollar +:dollar *:book =:book
EXPR: 0 | POS | INT | 77 | 224 | 56 | ((x-16)/10)=(1+3) | x 16 - 10 / 1 3 + = | x:dollar 16:dollar -:dollar 10:book /:dollar 1:dollar 3:dollar +:dollar =:dollar
EXPR: 0 | POS | INT | 77 | 224 | 10 | ((x-16)+10)=(1+3) | x 16 - 10 + 1 3 + = | x:book 16:book -:book 10:book +:book 1:book 3:book +:book =:book
EXPR: 0 | POS | INT | 77 | 224 | 9 | 16=(((10+x)-3)*1) | 16 10 x + 3 - 1 * = | 16:dollar 10:book x:book +:book 3:book -:book 1:dollar *:dollar =:dollar
EXPR: 0 | POS | INT | 77 | 224 | 43 | 16=(x-((10-1)*3)) | 16 x 10 1 - 3 * - = | 16:book x:book 10:book 1:book -:book 3:dollar *:book -:book =:book
EXPR: 0 | POS | INT | 77 | 224 | 19 | 16=(x-((10-1)/3)) | 16 x 10 1 - 3 / - = | 16:book x:book 10:book 1:book -:book 3:dollar /:book -:book =:book
EXPR: 0 | POS | INT | 77 | 224 | 8 | (16-(x+10))=(1-3) | 16 x 10 + - 1 3 - = | 16:book x:book 10:book +:book -:book 1:book 3:book -:book =:book
EXPR: 0 | POS | INT | 77 | 224 | 157 | 16=((1/10)*(3+x)) | 16 1 10 / 3 x + * = | 16:dollar 1:book 10:dollar /:book 3:dollar x:dollar +:dollar *:dollar =:dollar
EXPR: 0 | POS | INT | 77 | 224 | 3 | 16=(1*(10+(3+x))) | 16 1 10 3 x + + * = | 16:dollar 1:book 10:dollar 3:dollar x:dollar +:dollar +:dollar *:dollar =:dollar
EXPR: 0 | POS | INT | 77 | 224 | 9 | 16=(x+((10*1)-3)) | 16 x 10 1 * 3 - + = | 16:book x:book 10:dollar 1:book *:book 3:book -:book +:book =:book
EXPR: 0 | POS | INT | 77 | 224 | 3 | ((3*(1-x))+16)=10 | 3 1 x - * 16 + 10 = | 3:book 1:dollar x:dollar -:dollar *:dollar 16:dollar +:dollar 10:dollar =:dollar
EXPR: 0 | POS | INT | 77 | 224 | 4 | 1=(3-((x+16)/10)) | 1 3 x 16 + 10 / - = | 1:book 3:book x:book 16:book +:book 10:dollar /:book -:book =:book
EXPR: 0 | POS | INT | 80 | 224 | 477 | x=(3*((10*16)-1)) | x 3 10 16 * 1 - * = | x:book 3:book 10:dollar 16:book *:dollar 1:dollar -:dollar *:book =:book
EXPR: 0 | POS | INT | 82 | 224 | 15 | ((x/3)+10)=(16-1) | x 3 / 10 + 16 1 - = | x:book 3:dollar /:book 10:book +:book 16:book 1:book -:book =:book
EXPR: 0 | POS | INT | 82 | 224 | 9 | ((x-16)*1)=(3-10) | x 16 - 1 * 3 10 - = | x:dollar 16:dollar -:dollar 1:book *:book 3:book 10:book -:book =:book
EXPR: 0 | POS | INT | 85 | 224 | 28 | x=((16+(10+3))-1) | x 16 10 3 + + 1 - = | x:dollar 16:dollar 10:dollar 3:dollar +:dollar +:dollar 1:dollar -:dollar =:dollar
EXPR: 0 | POS | INT | 87 | 224 | 23 | (((16-x)+10)*1)=3 | 16 x - 10 + 1 * 3 = | 16:book x:book -:book 10:book +:book 1:dollar *:dollar 3:dollar =:dollar
EXPR: 0 | POS | INT | 87 | 224 | 3 | (((16-x)-10)*1)=3 | 16 x - 10 - 1 * 3 = | 16:book x:book -:book 10:book -:book 1:dollar *:dollar 3:dollar =:dollar
EXPR: 0 | POS | INT | 87 | 224 | 3 | ((x+3)*1)=(16-10) | x 3 + 1 * 16 10 - = | x:dollar 3:dollar +:dollar 1:book *:book 16:book 10:book -:book =:book
EXPR: 0 | POS | INT | 87 | 224 | 2 | ((x+3)+1)=(16-10) | x 3 + 1 + 16 10 - = | x:book 3:book +:book 1:book +:book 16:book 10:book -:book =:book
EXPR: 0 | POS | INT | 87 | 224 | 8 | ((x-16)+10)=(3-1) | x 16 - 10 + 3 1 - = | x:book 16:book -:book 10:book +:book 3:book 1:book -:book =:book
EXPR: 0 | POS | INT | 87 | 224 | 8 | (x+(1-16))=(3-10) | x 1 16 - + 3 10 - = | x:book 1:book 16:book -:book +:book 3:book 10:book -:book =:book
EXPR: 0 | POS | INT | 87 | 224 | 4 | (x+(3-1))=(16-10) | x 3 1 - + 16 10 - = | x:book 3:book 1:book -:book +:book 16:book 10:book -:book =:book
EXPR: 0 | POS | INT | 87 | 224 | 23 | 16=(x-((10-3)*1)) | 16 x 10 3 - 1 * - = | 16:book x:book 10:book 3:book -:book 1:dollar *:book -:book =:book
EXPR: 0 | POS | INT | 87 | 224 | 147 | 1=(16-((x+3)/10)) | 1 16 x 3 + 10 / - = | 1:book 16:book x:book 3:book +:book 10:dollar /:book -:book =:book
EXPR: 0 | POS | INT | 90 | 224 | 200 | x=(((3+16)+1)*10) | x 3 16 + 1 + 10 * = | x:dollar 3:book 16:book +:book 1:book +:book 10:dollar *:dollar =:dollar
EXPR: 0 | POS | INT | 92 | 224 | 23 | 3=((16+(10*1))-x) | 3 16 10 1 * + x - = | 3:book 16:book 10:dollar 1:book *:book +:book x:book -:book =:book
EXPR: 0 | POS | INT | 92 | 224 | 120 | 16=(3+((x/10)+1)) | 16 3 x 10 / 1 + + = | 16:dollar 3:dollar x:dollar 10:book /:dollar 1:dollar +:dollar +:dollar =:dollar
EXPR: 0 | POS | INT | 92 | 224 | 3 | 3=(16-((10+x)*1)) | 3 16 10 x + 1 * - = | 3:book 16:book 10:book x:book +:book 1:dollar *:book -:book =:book
EXPR: 0 | POS | INT | 92 | 224 | 3 | 3=(16-(10+(x*1))) | 3 16 10 x 1 * + - = | 3:book 16:book 10:book x:book 1:dollar *:book +:book -:book =:book
EXPR: 0 | POS | INT | 92 | 224 | 23 | 3=(16+(10-(x*1))) | 3 16 10 x 1 * - + = | 3:book 16:book 10:book x:book 1:dollar *:book -:book +:book =:book
EXPR: 0 | POS | INT | 92 | 224 | 9 | 16=(((x-3)+10)*1) | 16 x 3 - 10 + 1 * = | 16:dollar x:book 3:book -:book 10:book +:book 1:dollar *:dollar =:dollar
EXPR: 0 | POS | INT | 92 | 224 | 24 | 16=(((1+3)*10)-x) | 16 1 3 + 10 * x - = | 16:dollar 1:dollar 3:dollar +:dollar 10:book *:dollar x:dollar -:dollar =:dollar
EXPR: 0 | POS | INT | 92 | 224 | 28 | ((16+(3-x))+10)=1 | 16 3 x - + 10 + 1 = | 16:book 3:book x:book -:book +:book 10:book +:book 1:book =:book
EXPR: 0 | POS | INT | 92 | 224 | 22 | 3=(16-((x+1)-10)) | 3 16 x 1 + 10 - - = | 3:book 16:book x:book 1:book +:book 10:book -:book -:book =:book
EXPR: 0 | POS | INT | 97 | 224 | 45 | ((x-16)+1)=(10*3) | x 16 - 1 + 10 3 * = | x:book 16:book -:book 1:book +:book 10:book 3:dollar *:book =:book
EXPR: 0 | POS | INT | 97 | 224 | 140 | (16-(x/10))=(3-1) | 16 x 10 / - 3 1 - = | 16:book x:book 10:dollar /:book -:book 3:book 1:book -:book =:book
EXPR: 0 | POS | INT | 97 | 224 | 130 | (16-(x/10))=(1*3) | 16 x 10 / - 1 3 * = | 16:book x:book 10:dollar /:book -:book 1:book 3:dollar *:book =:book
EXPR: 0 | POS | INT | 97 | 224 | 190 | ((1*3)+16)=(x/10) | 1 3 * 16 + x 10 / = | 1:book 3:dollar *:book 16:book +:book x:book 10:dollar /:book =:book
EXPR: 0 | POS | INT | 100 | 224 | 4 | x=(16-((3-1)+10)) | x 16 3 1 - 10 + - = | x:book 16:book 3:book 1:book -:book 10:book +:book -:book =:book
EXPR: 0 | POS | INT | 100 | 224 | 24 | x=(16-((3-1)-10)) | x 16 3 1 - 10 - - = | x:book 16:book 3:book 1:book -:book 10:book -:book -:book =:book
EXPR: 0 | POS | INT | 102 | 224 | 2 | (16-(1+(x+3)))=10 | 16 1 x 3 + + - 10 = | 16:dollar 1:dollar x:dollar 3:dollar +:dollar +:dollar -:dollar 10:dollar =:dollar
EXPR: 0 | POS | INT | 102 | 224 | 24 | 16=(3+((x-1)-10)) | 16 3 x 1 - 10 - + = | 16:book 3:book x:book 1:book -:book 10:book -:book +:book =:book
EXPR: 0 | POS | INT | 102 | 224 | 22 | 16=(3+((x+1)-10)) | 16 3 x 1 + 10 - + = | 16:book 3:book x:book 1:book +:book 10:book -:book +:book =:book
EXPR: 0 | POS | INT | 102 | 224 | 2 | 16=(3+((x+1)+10)) | 16 3 x 1 + 10 + + = | 16:book 3:book x:book 1:book +:book 10:book +:book +:book =:book
EXPR: 0 | POS | INT | 102 | 224 | 15 | ((16-1)/3)=(x-10) | 16 1 - 3 / x 10 - = | 16:dollar 1:dollar -:dollar 3:book /:dollar x:dollar 10:dollar -:dollar =:dollar
EXPR: 0 | POS | INT | 102 | 224 | 8 | ((x-16)+1)=(3-10) | x 16 - 1 + 3 10 - = | x:book 16:book -:book 1:book +:book 3:book 10:book -:book =:book
EXPR: 0 | POS | INT | 102 | 224 | 2 | 16=((x*3)+(10*1)) | 16 x 3 * 10 1 * + = | 16:dollar x:book 3:dollar *:dollar 10:book 1:dollar *:dollar +:dollar =:dollar
EXPR: 0 | POS | INT | 102 | 224 | 140 | 3=(16+(1-(x/10))) | 3 16 1 x 10 / - + = | 3:book 16:book 1:book x:book 10:dollar /:book -:book +:book =:book
EXPR: 0 | POS | INT | 102 | 224 | 2 | ((3+(16/x))-10)=1 | 3 16 x / + 10 - 1 = | 3:dollar 16:dollar x:book /:dollar +:dollar 10:dollar -:dollar 1:dollar =:dollar
EXPR: 0 | POS | INT | 102 | 224 | 157 | ((x+3)/16)=(10*1) | x 3 + 16 / 10 1 * = | x:dollar 3:dollar +:dollar 16:book /:dollar 10:dollar 1:book *:dollar =:dollar
EXPR: 0 | POS | INT | 112 | 224 | 13 | ((x-16)*3)=(1-10) | x 16 - 3 * 1 10 - = | x:dollar 16:dollar -:dollar 3:book *:dollar 1:dollar 10:dollar -:dollar =:dollar
EXPR: 0 | POS | INT | 112 | 224 | 23 | ((x-16)+3)=(10*1) | x 16 - 3 + 10 1 * = | x:book 16:book -:book 3:book +:book 10:book 1:dollar *:book =:book
EXPR: 0 | POS | INT | 112 | 224 | 2 | ((3+(16/x))-1)=10 | 3 16 x / + 1 - 10 = | 3:dollar 16:dollar x:book /:dollar +:dollar 1:dollar -:dollar 10:dollar =:dollar
NET 192 unique, non-negative, integer-valued solutions found out of 750 total solutions
