parameters: n=9 l=4 k=1 p=5 q=2 m=10
TOTAL 1000 solutions found
SOLN: CORRECT | POS/NEG | INT/FRA | OBJ-SCORE | TRUE-ANS | ANS | INFIX | POSTFIX | TYPED-POSTFIX
EXPR: 0 | POS | INT | 0 | 74 | 216 | ((109.0*2)-(13.0-11.0))=x | 109.0 2 * 13.0 11.0 - - x = | 109.0:money 2:shirt *:money 13.0:money 11.0:money -:money -:money x:money =:money
EXPR: 0 | POS | INT | 0 | 74 | 194 | ((109.0*2)-(13.0+11.0))=x | 109.0 2 * 13.0 11.0 + - x = | 109.0:money 2:shirt *:money 13.0:money 11.0:money +:money -:money x:money =:money
EXPR: 0 | POS | INT | 0 | 74 | 113 | (109.0+(2*(13.0-11.0)))=x | 109.0 2 13.0 11.0 - * + x = | 109.0:money 2:shirt 13.0:money 11.0:money -:money *:money +:money x:money =:money
EXPR: 0 | POS | INT | 0 | 74 | 220 | x=((109.0*2)+(13.0-11.0)) | x 109.0 2 * 13.0 11.0 - + = | x:money 109.0:money 2:shirt *:money 13.0:money 11.0:money -:money +:money =:money
EXPR: 0 | POS | INT | 0 | 74 | 61 | (109.0-(2*(13.0+11.0)))=x | 109.0 2 13.0 11.0 + * - x = | 109.0:money 2:shirt 13.0:money 11.0:money +:money *:money -:money x:money =:money
EXPR: 0 | POS | INT | 0 | 74 | 124 | ((109.0+(2*13.0))-11.0)=x | 109.0 2 13.0 * + 11.0 - x = | 109.0:money 2:shirt 13.0:money *:money +:money 11.0:money -:money x:money =:money
EXPR: 0 | POS | INT | 0 | 74 | 157 | (109.0+(2*(13.0+11.0)))=x | 109.0 2 13.0 11.0 + * + x = | 109.0:money 2:shirt 13.0:money 11.0:money +:money *:money +:money x:money =:money
EXPR: 0 | POS | INT | 0 | 74 | 72 | ((109.0-(2*13.0))-11.0)=x | 109.0 2 13.0 * - 11.0 - x = | 109.0:money 2:shirt 13.0:money *:money -:money 11.0:money -:money x:money =:money
EXPR: 0 | POS | INT | 0 | 74 | 5232 | x=((109.0*2)*(13.0+11.0)) | x 109.0 2 * 13.0 11.0 + * = | x:money 109.0:money 2:shirt *:shirt 13.0:money 11.0:money +:money *:money =:money
EXPR: 0 | POS | INT | 0 | 74 | 242 | x=((109.0*2)+(13.0+11.0)) | x 109.0 2 * 13.0 11.0 + + = | x:money 109.0:money 2:shirt *:money 13.0:money 11.0:money +:money +:money =:money
EXPR: 0 | POS | INT | 0 | 74 | 124 | (109.0+((2*13.0)-11.0))=x | 109.0 2 13.0 * 11.0 - + x = | 109.0:money 2:shirt 13.0:money *:money 11.0:money -:money +:money x:money =:money
EXPR: 0 | POS | INT | 0 | 74 | 436 | x=((109.0*2)*(13.0-11.0)) | x 109.0 2 * 13.0 11.0 - * = | x:money 109.0:money 2:shirt *:shirt 13.0:money 11.0:money -:money *:money =:money
EXPR: 0 | POS | INT | 0 | 74 | 94 | ((109.0-(2*13.0))+11.0)=x | 109.0 2 13.0 * - 11.0 + x = | 109.0:money 2:shirt 13.0:money *:money -:money 11.0:money +:money x:money =:money
EXPR: 0 | POS | INT | 0 | 74 | 216 | x=((109.0*2)-(13.0-11.0)) | x 109.0 2 * 13.0 11.0 - - = | x:money 109.0:money 2:shirt *:money 13.0:money 11.0:money -:money -:money =:money
EXPR: 0 | POS | INT | 0 | 74 | 194 | (((109.0*2)-13.0)-11.0)=x | 109.0 2 * 13.0 - 11.0 - x = | 109.0:money 2:shirt *:money 13.0:money -:money 11.0:money -:money x:money =:money
EXPR: 0 | POS | INT | 0 | 74 | 94 | x=((109.0-(2*13.0))+11.0) | x 109.0 2 13.0 * - 11.0 + = | x:money 109.0:money 2:shirt 13.0:money *:money -:money 11.0:money +:money =:money
EXPR: 0 | POS | INT | 0 | 74 | 72 | x=((109.0-(2*13.0))-11.0) | x 109.0 2 13.0 * - 11.0 - = | x:money 109.0:money 2:shirt 13.0:money *:money -:money 11.0:money -:money =:money
EXPR: 0 | POS | INT | 0 | 74 | 194 | x=((109.0*2)-(13.0+11.0)) | x 109.0 2 * 13.0 11.0 + - = | x:money 109.0:money 2:shirt *:money 13.0:money 11.0:money +:money -:money =:money
EXPR: 0 | POS | INT | 0 | 74 | 146 | ((109.0+(2*13.0))+11.0)=x | 109.0 2 13.0 * + 11.0 + x = | 109.0:money 2:shirt 13.0:money *:money +:money 11.0:money +:money x:money =:money
EXPR: 0 | POS | INT | 0 | 74 | 105 | (109.0-(2*(13.0-11.0)))=x | 109.0 2 13.0 11.0 - * - x = | 109.0:money 2:shirt 13.0:money 11.0:money -:money *:money -:money x:money =:money
EXPR: 0 | POS | INT | 0 | 74 | 124 | x=((109.0+(2*13.0))-11.0) | x 109.0 2 13.0 * + 11.0 - = | x:money 109.0:money 2:shirt 13.0:money *:money +:money 11.0:money -:money =:money
EXPR: 0 | POS | INT | 0 | 74 | 5232 | ((109.0*2)*(13.0+11.0))=x | 109.0 2 * 13.0 11.0 + * x = | 109.0:money 2:shirt *:shirt 13.0:money 11.0:money +:money *:money x:money =:money
EXPR: 0 | POS | INT | 0 | 74 | 242 | ((109.0*2)+(13.0+11.0))=x | 109.0 2 * 13.0 11.0 + + x = | 109.0:money 2:shirt *:money 13.0:money 11.0:money +:money +:money x:money =:money
EXPR: 0 | POS | INT | 0 | 74 | 146 | x=((109.0+(2*13.0))+11.0) | x 109.0 2 13.0 * + 11.0 + = | x:money 109.0:money 2:shirt 13.0:money *:money +:money 11.0:money +:money =:money
EXPR: 0 | POS | INT | 0 | 74 | 94 | (109.0-((2*13.0)-11.0))=x | 109.0 2 13.0 * 11.0 - - x = | 109.0:money 2:shirt 13.0:money *:money 11.0:money -:money -:money x:money =:money
EXPR: 0 | POS | INT | 0 | 74 | 216 | (((109.0*2)-13.0)+11.0)=x | 109.0 2 * 13.0 - 11.0 + x = | 109.0:money 2:shirt *:money 13.0:money -:money 11.0:money +:money x:money =:money
EXPR: 0 | POS | INT | 0 | 74 | 146 | (109.0+((2*13.0)+11.0))=x | 109.0 2 13.0 * 11.0 + + x = | 109.0:money 2:shirt 13.0:money *:money 11.0:money +:money +:money x:money =:money
EXPR: 0 | POS | INT | 0 | 74 | 436 | ((109.0*2)*(13.0-11.0))=x | 109.0 2 * 13.0 11.0 - * x = | 109.0:money 2:shirt *:shirt 13.0:money 11.0:money -:money *:money x:money =:money
EXPR: 0 | POS | INT | 0 | 74 | 72 | (109.0-((2*13.0)+11.0))=x | 109.0 2 13.0 * 11.0 + - x = | 109.0:money 2:shirt 13.0:money *:money 11.0:money +:money -:money x:money =:money
EXPR: 0 | POS | INT | 0 | 74 | 216 | x=(((109.0*2)-13.0)+11.0) | x 109.0 2 * 13.0 - 11.0 + = | x:money 109.0:money 2:shirt *:money 13.0:money -:money 11.0:money +:money =:money
EXPR: 0 | POS | INT | 0 | 74 | 220 | (((109.0*2)+13.0)-11.0)=x | 109.0 2 * 13.0 + 11.0 - x = | 109.0:money 2:shirt *:money 13.0:money +:money 11.0:money -:money x:money =:money
EXPR: 0 | POS | INT | 0 | 74 | 124 | x=(109.0+((2*13.0)-11.0)) | x 109.0 2 13.0 * 11.0 - + = | x:money 109.0:money 2:shirt 13.0:money *:money 11.0:money -:money +:money =:money
EXPR: 0 | POS | INT | 0 | 74 | 242 | x=(((109.0*2)+13.0)+11.0) | x 109.0 2 * 13.0 + 11.0 + = | x:money 109.0:money 2:shirt *:money 13.0:money +:money 11.0:money +:money =:money
EXPR: 0 | POS | INT | 0 | 74 | 146 | x=(109.0+((2*13.0)+11.0)) | x 109.0 2 13.0 * 11.0 + + = | x:money 109.0:money 2:shirt 13.0:money *:money 11.0:money +:money +:money =:money
EXPR: 0 | POS | INT | 0 | 74 | 194 | x=(((109.0*2)-13.0)-11.0) | x 109.0 2 * 13.0 - 11.0 - = | x:money 109.0:money 2:shirt *:money 13.0:money -:money 11.0:money -:money =:money
EXPR: 0 | POS | INT | 0 | 74 | 94 | x=(109.0-((2*13.0)-11.0)) | x 109.0 2 13.0 * 11.0 - - = | x:money 109.0:money 2:shirt 13.0:money *:money 11.0:money -:money -:money =:money
EXPR: 0 | POS | INT | 0 | 74 | 220 | x=(((109.0*2)+13.0)-11.0) | x 109.0 2 * 13.0 + 11.0 - = | x:money 109.0:money 2:shirt *:money 13.0:money +:money 11.0:money -:money =:money
EXPR: 0 | POS | INT | 0 | 74 | 242 | (((109.0*2)+13.0)+11.0)=x | 109.0 2 * 13.0 + 11.0 + x = | 109.0:money 2:shirt *:money 13.0:money +:money 11.0:money +:money x:money =:money
EXPR: 0 | POS | INT | 0 | 74 | 72 | x=(109.0-((2*13.0)+11.0)) | x 109.0 2 13.0 * 11.0 + - = | x:money 109.0:money 2:shirt 13.0:money *:money 11.0:money +:money -:money =:money
EXPR: 0 | POS | INT | 0 | 74 | 220 | ((109.0*2)+(13.0-11.0))=x | 109.0 2 * 13.0 11.0 - + x = | 109.0:money 2:shirt *:money 13.0:money 11.0:money -:money +:money x:money =:money
EXPR: 0 | POS | INT | 0 | 74 | 113 | x=(109.0+(2*(13.0-11.0))) | x 109.0 2 13.0 11.0 - * + = | x:money 109.0:money 2:shirt 13.0:money 11.0:money -:money *:money +:money =:money
EXPR: 0 | POS | INT | 0 | 74 | 61 | x=(109.0-(2*(13.0+11.0))) | x 109.0 2 13.0 11.0 + * - = | x:money 109.0:money 2:shirt 13.0:money 11.0:money +:money *:money -:money =:money
EXPR: 0 | POS | INT | 0 | 74 | 157 | x=(109.0+(2*(13.0+11.0))) | x 109.0 2 13.0 11.0 + * + = | x:money 109.0:money 2:shirt 13.0:money 11.0:money +:money *:money +:money =:money
EXPR: 0 | POS | INT | 0 | 74 | 105 | x=(109.0-(2*(13.0-11.0))) | x 109.0 2 13.0 11.0 - * - = | x:money 109.0:money 2:shirt 13.0:money 11.0:money -:money *:money -:money =:money
EXPR: 0 | POS | INT | 2 | 74 | 194 | ((109.0*2)-(x+13.0))=11.0 | 109.0 2 * x 13.0 + - 11.0 = | 109.0:money 2:shirt *:money x:money 13.0:money +:money -:money 11.0:money =:money
EXPR: 0 | POS | INT | 2 | 74 | 36 | (109.0-(2*(13.0+x)))=11.0 | 109.0 2 13.0 x + * - 11.0 = | 109.0:money 2:shirt 13.0:money x:money +:money *:money -:money 11.0:money =:money
EXPR: 0 | POS | INT | 2 | 74 | 124 | ((109.0+(2*13.0))-x)=11.0 | 109.0 2 13.0 * + x - 11.0 = | 109.0:money 2:shirt 13.0:money *:money +:money x:money -:money 11.0:money =:money
EXPR: 0 | POS | INT | 2 | 74 | 194 | (((109.0*2)-13.0)-x)=11.0 | 109.0 2 * 13.0 - x - 11.0 = | 109.0:money 2:shirt *:money 13.0:money -:money x:money -:money 11.0:money =:money
EXPR: 0 | POS | INT | 2 | 74 | 220 | (((109.0*2)+13.0)-x)=11.0 | 109.0 2 * 13.0 + x - 11.0 = | 109.0:money 2:shirt *:money 13.0:money +:money x:money -:money 11.0:money =:money
EXPR: 0 | POS | INT | 2 | 74 | 220 | ((109.0*2)+(13.0-x))=11.0 | 109.0 2 * 13.0 x - + 11.0 = | 109.0:money 2:shirt *:money 13.0:money x:money -:money +:money 11.0:money =:money
EXPR: 0 | POS | INT | 10 | 74 | 75 | ((109.0*2)-(13.0*11.0))=x | 109.0 2 * 13.0 11.0 * - x = | 109.0:money 2:shirt *:money 13.0:shirt 11.0:money *:money -:money x:money =:money
EXPR: 0 | POS | INT | 10 | 74 | 2664 | x=((109.0+2)*(13.0+11.0)) | x 109.0 2 + 13.0 11.0 + * = | x:money 109.0:shirt 2:shirt +:shirt 13.0:money 11.0:money +:money *:money =:money
EXPR: 0 | POS | INT | 10 | 74 | 87 | ((109.0+(2-13.0))-11.0)=x | 109.0 2 13.0 - + 11.0 - x = | 109.0:money 2:money 13.0:money -:money +:money 11.0:money -:money x:money =:money
EXPR: 1 | POS | INT | 10 | 74 | 74 | ((109.0-(2*11.0))-13.0)=x | 109.0 2 11.0 * - 13.0 - x = | 109.0:money 2:shirt 11.0:money *:money -:money 13.0:money -:money x:money =:money
EXPR: 0 | POS | INT | 10 | 74 | 144 | (109.0+((2*11.0)+13.0))=x | 109.0 2 11.0 * 13.0 + + x = | 109.0:money 2:shirt 11.0:money *:money 13.0:money +:money +:money x:money =:money
EXPR: 0 | POS | INT | 10 | 74 | 274 | x=(109.0+((2+13.0)*11.0)) | x 109.0 2 13.0 + 11.0 * + = | x:money 109.0:money 2:shirt 13.0:shirt +:shirt 11.0:money *:money +:money =:money
EXPR: 0 | POS | INT | 10 | 74 | 87 | (((109.0+2)-13.0)-11.0)=x | 109.0 2 + 13.0 - 11.0 - x = | 109.0:money 2:money +:money 13.0:money -:money 11.0:money -:money x:money =:money
EXPR: 0 | POS | INT | 10 | 74 | 1624 | x=((109.0*(2+13.0))-11.0) | x 109.0 2 13.0 + * 11.0 - = | x:money 109.0:money 2:shirt 13.0:shirt +:shirt *:money 11.0:money -:money =:money
EXPR: 0 | POS | INT | 10 | 74 | 194 | (((109.0*2)-11.0)-13.0)=x | 109.0 2 * 11.0 - 13.0 - x = | 109.0:money 2:shirt *:money 11.0:money -:money 13.0:money -:money x:money =:money
EXPR: 0 | POS | INT | 10 | 74 | 220 | (((109.0*2)-11.0)+13.0)=x | 109.0 2 * 11.0 - 13.0 + x = | 109.0:money 2:shirt *:money 11.0:money -:money 13.0:money +:money x:money =:money
EXPR: 0 | POS | INT | 10 | 74 | 118 | ((109.0+(2*11.0))-13.0)=x | 109.0 2 11.0 * + 13.0 - x = | 109.0:money 2:shirt 11.0:money *:money +:money 13.0:money -:money x:money =:money
EXPR: 0 | POS | INT | 10 | 74 | 100 | (109.0-((2*11.0)-13.0))=x | 109.0 2 11.0 * 13.0 - - x = | 109.0:money 2:shirt 11.0:money *:money 13.0:money -:money -:money x:money =:money
EXPR: 0 | POS | INT | 10 | 74 | 2255 | (((109.0*2)-13.0)*11.0)=x | 109.0 2 * 13.0 - 11.0 * x = | 109.0:money 2:shirt *:shirt 13.0:shirt -:shirt 11.0:money *:money x:money =:money
EXPR: 0 | POS | INT | 10 | 74 | 2541 | (((109.0*2)+13.0)*11.0)=x | 109.0 2 * 13.0 + 11.0 * x = | 109.0:money 2:shirt *:shirt 13.0:shirt +:shirt 11.0:money *:money x:money =:money
EXPR: 0 | POS | INT | 10 | 74 | 109 | ((109.0+2)-(13.0-11.0))=x | 109.0 2 + 13.0 11.0 - - x = | 109.0:money 2:money +:money 13.0:money 11.0:money -:money -:money x:money =:money
EXPR: 0 | POS | INT | 10 | 74 | 131 | x=(109.0-((2-13.0)-11.0)) | x 109.0 2 13.0 - 11.0 - - = | x:money 109.0:money 2:money 13.0:money -:money 11.0:money -:money -:money =:money
EXPR: 0 | POS | INT | 10 | 74 | 255 | (((109.0+13.0)*2)+11.0)=x | 109.0 13.0 + 2 * 11.0 + x = | 109.0:money 13.0:money +:money 2:shirt *:money 11.0:money +:money x:money =:money
EXPR: 0 | POS | INT | 10 | 74 | 72 | (((109.0+13.0)/2)+11.0)=x | 109.0 13.0 + 2 / 11.0 + x = | 109.0:money 13.0:money +:money 2:shirt /:money 11.0:money +:money x:money =:money
EXPR: 0 | POS | INT | 10 | 74 | 222 | ((109.0+2)*(13.0-11.0))=x | 109.0 2 + 13.0 11.0 - * x = | 109.0:shirt 2:shirt +:shirt 13.0:money 11.0:money -:money *:money x:money =:money
EXPR: 0 | POS | INT | 10 | 74 | 222 | x=(2*(109.0+(13.0-11.0))) | x 2 109.0 13.0 11.0 - + * = | x:money 2:shirt 109.0:money 13.0:money 11.0:money -:money +:money *:money =:money
EXPR: 0 | POS | INT | 10 | 74 | 109 | x=((109.0*2)/(13.0-11.0)) | x 109.0 2 * 13.0 11.0 - / = | x:shirt 109.0:money 2:shirt *:shirt 13.0:money 11.0:money -:money /:shirt =:shirt
EXPR: 0 | POS | INT | 10 | 74 | 113 | x=(109.0+(2+(13.0-11.0))) | x 109.0 2 13.0 11.0 - + + = | x:money 109.0:money 2:money 13.0:money 11.0:money -:money +:money +:money =:money
EXPR: 0 | POS | INT | 10 | 74 | 113 | ((109.0+2)+(13.0-11.0))=x | 109.0 2 + 13.0 11.0 - + x = | 109.0:money 2:money +:money 13.0:money 11.0:money -:money +:money x:money =:money
EXPR: 0 | POS | INT | 10 | 74 | 105 | x=(109.0-(2+(13.0-11.0))) | x 109.0 2 13.0 11.0 - + - = | x:money 109.0:money 2:money 13.0:money 11.0:money -:money +:money -:money =:money
EXPR: 0 | POS | INT | 10 | 74 | 135 | x=(109.0+(2+(13.0+11.0))) | x 109.0 2 13.0 11.0 + + + = | x:money 109.0:money 2:money 13.0:money 11.0:money +:money +:money +:money =:money
EXPR: 0 | POS | INT | 12 | 74 | 194 | ((109.0*2)-(11.0+x))=13.0 | 109.0 2 * 11.0 x + - 13.0 = | 109.0:money 2:shirt *:money 11.0:money x:money +:money -:money 13.0:money =:money
EXPR: 1 | POS | INT | 12 | 74 | 74 | (109.0-((2*11.0)+x))=13.0 | 109.0 2 11.0 * x + - 13.0 = | 109.0:money 2:shirt 11.0:money *:money x:money +:money -:money 13.0:money =:money
EXPR: 0 | POS | INT | 12 | 74 | 21 | (((109.0*2)+13.0)/x)=11.0 | 109.0 2 * 13.0 + x / 11.0 = | 109.0:money 2:shirt *:money 13.0:money +:money x:shirt /:money 11.0:money =:money
EXPR: 0 | POS | INT | 20 | 74 | 250 | (109.0-(2-(13.0*11.0)))=x | 109.0 2 13.0 11.0 * - - x = | 109.0:money 2:money 13.0:shirt 11.0:money *:money -:money -:money x:money =:money
EXPR: 0 | POS | INT | 20 | 74 | 75 | x=((109.0*2)-(13.0*11.0)) | x 109.0 2 * 13.0 11.0 * - = | x:shirt 109.0:money 2:shirt *:shirt 13.0:money 11.0:shirt *:shirt -:shirt =:shirt
EXPR: 0 | POS | INT | 20 | 74 | 214 | x=(2*((109.0-13.0)+11.0)) | x 2 109.0 13.0 - 11.0 + * = | x:shirt 2:shirt 109.0:money 13.0:money -:money 11.0:money +:money *:shirt =:shirt
EXPR: 0 | POS | INT | 20 | 74 | 131 | (((109.0-2)+11.0)+13.0)=x | 109.0 2 - 11.0 + 13.0 + x = | 109.0:money 2:money -:money 11.0:money +:money 13.0:money +:money x:money =:money
EXPR: 0 | POS | INT | 20 | 74 | 230 | (109.0+((13.0-2)*11.0))=x | 109.0 13.0 2 - 11.0 * + x = | 109.0:money 13.0:shirt 2:shirt -:shirt 11.0:money *:money +:money x:money =:money
EXPR: 0 | POS | INT | 20 | 74 | 361 | x=((109.0*2)+(13.0*11.0)) | x 109.0 2 * 13.0 11.0 * + = | x:shirt 109.0:money 2:shirt *:shirt 13.0:money 11.0:shirt *:shirt +:shirt =:shirt
EXPR: 0 | POS | INT | 20 | 74 | 109 | ((109.0-13.0)+(2+11.0))=x | 109.0 13.0 - 2 11.0 + + x = | 109.0:money 13.0:money -:money 2:money 11.0:money +:money +:money x:money =:money
EXPR: 0 | POS | INT | 20 | 74 | 2856 | x=(2*((109.0*13.0)+11.0)) | x 2 109.0 13.0 * 11.0 + * = | x:money 2:shirt 109.0:shirt 13.0:money *:money 11.0:money +:money *:money =:money
EXPR: 0 | POS | INT | 20 | 74 | zoo | (109.0/(2-(13.0-11.0)))=x | 109.0 2 13.0 11.0 - - / x = | 109.0:money 2:shirt 13.0:shirt 11.0:shirt -:shirt -:shirt /:money x:money =:money
EXPR: 0 | POS | INT | 20 | 74 | 113 | x=(2+((109.0+13.0)-11.0)) | x 2 109.0 13.0 + 11.0 - + = | x:money 2:money 109.0:money 13.0:money +:money 11.0:money -:money +:money =:money
EXPR: 0 | POS | INT | 20 | 74 | 87 | ((109.0+(2-11.0))-13.0)=x | 109.0 2 11.0 - + 13.0 - x = | 109.0:money 2:money 11.0:money -:money +:money 13.0:money -:money x:money =:money
EXPR: 0 | POS | INT | 20 | 74 | 2812 | x=(2*((109.0*13.0)-11.0)) | x 2 109.0 13.0 * 11.0 - * = | x:money 2:shirt 109.0:shirt 13.0:money *:money 11.0:money -:money *:money =:money
EXPR: 0 | POS | INT | 20 | 74 | 87 | x=(2+(109.0-(13.0+11.0))) | x 2 109.0 13.0 11.0 + - + = | x:money 2:money 109.0:money 13.0:money 11.0:money +:money -:money +:money =:money
EXPR: 0 | POS | INT | 20 | 74 | 109 | x=(2+(109.0-(13.0-11.0))) | x 2 109.0 13.0 11.0 - - + = | x:money 2:money 109.0:money 13.0:money 11.0:money -:money -:money +:money =:money
EXPR: 0 | POS | INT | 20 | 74 | 109 | (((109.0+2)+11.0)-13.0)=x | 109.0 2 + 11.0 + 13.0 - x = | 109.0:money 2:money +:money 11.0:money +:money 13.0:money -:money x:money =:money
EXPR: 0 | POS | INT | 20 | 74 | 436 | x=(109.0*(2+(13.0-11.0))) | x 109.0 2 13.0 11.0 - + * = | x:money 109.0:shirt 2:money 13.0:money 11.0:money -:money +:money *:money =:money
EXPR: 0 | POS | INT | 20 | 74 | 1364 | ((109.0+(2+13.0))*11.0)=x | 109.0 2 13.0 + + 11.0 * x = | 109.0:shirt 2:shirt 13.0:shirt +:shirt +:shirt 11.0:money *:money x:money =:money
EXPR: 0 | POS | INT | 20 | 74 | 254 | ((109.0+2)+(13.0*11.0))=x | 109.0 2 + 13.0 11.0 * + x = | 109.0:money 2:money +:money 13.0:shirt 11.0:money *:money +:money x:money =:money
EXPR: 0 | POS | INT | 20 | 74 | 113 | x=(2+(109.0+(13.0-11.0))) | x 2 109.0 13.0 11.0 - + + = | x:money 2:money 109.0:money 13.0:money 11.0:money -:money +:money +:money =:money
EXPR: 0 | POS | INT | 20 | 74 | 135 | x=(2+(109.0+(13.0+11.0))) | x 2 109.0 13.0 11.0 + + + = | x:money 2:money 109.0:money 13.0:money 11.0:money +:money +:money +:money =:money
EXPR: 0 | POS | INT | 20 | 74 | 21 | (((109.0*2)+13.0)/11.0)=x | 109.0 2 * 13.0 + 11.0 / x = | 109.0:money 2:shirt *:shirt 13.0:shirt +:shirt 11.0:money /:shirt x:shirt =:shirt
EXPR: 0 | POS | INT | 20 | 74 | 109 | ((109.0+2)+(11.0-13.0))=x | 109.0 2 + 11.0 13.0 - + x = | 109.0:money 2:money +:money 11.0:money 13.0:money -:money +:money x:money =:money
EXPR: 0 | POS | INT | 20 | 74 | 113 | x=(((109.0+2)-11.0)+13.0) | x 109.0 2 + 11.0 - 13.0 + = | x:money 109.0:money 2:money +:money 11.0:money -:money 13.0:money +:money =:money
EXPR: 0 | POS | INT | 22 | 74 | 83 | (109.0-(13.0+(2+x)))=11.0 | 109.0 13.0 2 x + + - 11.0 = | 109.0:money 13.0:money 2:money x:money +:money +:money -:money 11.0:money =:money
EXPR: 0 | POS | INT | 22 | 74 | 1402 | (((2-109.0)*13.0)+x)=11.0 | 2 109.0 - 13.0 * x + 11.0 = | 2:shirt 109.0:shirt -:shirt 13.0:money *:money x:money +:money 11.0:money =:money
EXPR: 0 | POS | INT | 22 | 74 | 105 | ((2+(x-109.0))+13.0)=11.0 | 2 x 109.0 - + 13.0 + 11.0 = | 2:money x:money 109.0:money -:money +:money 13.0:money +:money 11.0:money =:money
EXPR: 0 | POS | INT | 22 | 74 | 113 | ((2-(x-109.0))+13.0)=11.0 | 2 x 109.0 - - 13.0 + 11.0 = | 2:money x:money 109.0:money -:money -:money 13.0:money +:money 11.0:money =:money
EXPR: 0 | POS | INT | 22 | 74 | 1300 | (109.0+(2-(x/13.0)))=11.0 | 109.0 2 x 13.0 / - + 11.0 = | 109.0:money 2:money x:money 13.0:shirt /:money -:money +:money 11.0:money =:money
EXPR: 0 | POS | INT | 25 | 74 | 146 | x=(109.0+(11.0+(2*13.0))) | x 109.0 11.0 2 13.0 * + + = | x:money 109.0:money 11.0:money 2:shirt 13.0:money *:money +:money +:money =:money
EXPR: 0 | POS | INT | 25 | 74 | 72 | x=(109.0-(11.0+(2*13.0))) | x 109.0 11.0 2 13.0 * + - = | x:money 109.0:money 11.0:money 2:shirt 13.0:money *:money +:money -:money =:money
EXPR: 0 | POS | INT | 25 | 74 | 3120 | ((2*13.0)*(109.0+11.0))=x | 2 13.0 * 109.0 11.0 + * x = | 2:shirt 13.0:money *:shirt 109.0:money 11.0:money +:money *:money x:money =:money
EXPR: 0 | POS | INT | 25 | 74 | 94 | x=(109.0+(11.0-(2*13.0))) | x 109.0 11.0 2 13.0 * - + = | x:money 109.0:money 11.0:money 2:shirt 13.0:money *:money -:money +:money =:money
EXPR: 0 | POS | INT | 25 | 74 | 124 | x=(109.0-(11.0-(2*13.0))) | x 109.0 11.0 2 13.0 * - - = | x:money 109.0:money 11.0:money 2:shirt 13.0:money *:money -:money -:money =:money
EXPR: 0 | POS | INT | 25 | 74 | 146 | ((109.0+11.0)+(2*13.0))=x | 109.0 11.0 + 2 13.0 * + x = | 109.0:money 11.0:money +:money 2:shirt 13.0:money *:money +:money x:money =:money
EXPR: 0 | POS | INT | 30 | 74 | 226 | (109.0-(13.0*(2-11.0)))=x | 109.0 13.0 2 11.0 - * - x = | 109.0:money 13.0:shirt 2:money 11.0:money -:money *:money -:money x:money =:money
EXPR: 0 | POS | INT | 30 | 74 | 254 | (109.0+(2+(13.0*11.0)))=x | 109.0 2 13.0 11.0 * + + x = | 109.0:shirt 2:shirt 13.0:money 11.0:shirt *:shirt +:shirt +:shirt x:shirt =:shirt
EXPR: 0 | POS | INT | 30 | 74 | 1078 | x=((109.0+(2-13.0))*11.0) | x 109.0 2 13.0 - + 11.0 * = | x:shirt 109.0:shirt 2:shirt 13.0:shirt -:shirt +:shirt 11.0:money *:shirt =:shirt
EXPR: 0 | POS | INT | 30 | 74 | 1190 | (((109.0-2)*11.0)+13.0)=x | 109.0 2 - 11.0 * 13.0 + x = | 109.0:money 2:money -:money 11.0:shirt *:money 13.0:money +:money x:money =:money
EXPR: 0 | POS | INT | 30 | 74 | 0 | (109.0*((2+11.0)-13.0))=x | 109.0 2 11.0 + 13.0 - * x = | 109.0:money 2:shirt 11.0:shirt +:shirt 13.0:shirt -:shirt *:money x:money =:money
EXPR: 0 | POS | INT | 30 | 74 | zoo | (109.0/((2+11.0)-13.0))=x | 109.0 2 11.0 + 13.0 - / x = | 109.0:money 2:shirt 11.0:shirt +:shirt 13.0:shirt -:shirt /:money x:money =:money
EXPR: 0 | POS | INT | 30 | 74 | 2834 | x=(109.0*((2+11.0)+13.0)) | x 109.0 2 11.0 + 13.0 + * = | x:money 109.0:money 2:shirt 11.0:shirt +:shirt 13.0:shirt +:shirt *:money =:money
EXPR: 0 | POS | INT | 30 | 74 | 118 | x=(109.0-(13.0-(2*11.0))) | x 109.0 13.0 2 11.0 * - - = | x:money 109.0:money 13.0:money 2:money 11.0:shirt *:money -:money -:money =:money
EXPR: 0 | POS | INT | 30 | 74 | 2834 | x=(109.0*((2+13.0)+11.0)) | x 109.0 2 13.0 + 11.0 + * = | x:shirt 109.0:shirt 2:money 13.0:money +:money 11.0:money +:money *:shirt =:shirt
EXPR: 0 | POS | INT | 30 | 74 | 220 | x=(2+(109.0*(13.0-11.0))) | x 2 109.0 13.0 11.0 - * + = | x:money 2:money 109.0:shirt 13.0:money 11.0:money -:money *:money +:money =:money
EXPR: 0 | POS | INT | 30 | 74 | 144 | ((109.0+13.0)+(2*11.0))=x | 109.0 13.0 + 2 11.0 * + x = | 109.0:money 13.0:money +:money 2:money 11.0:shirt *:money +:money x:money =:money
EXPR: 0 | POS | INT | 30 | 74 | 1624 | ((109.0*(2+13.0))-11.0)=x | 109.0 2 13.0 + * 11.0 - x = | 109.0:money 2:shirt 13.0:shirt +:shirt *:shirt 11.0:shirt -:shirt x:shirt =:shirt
EXPR: 0 | POS | INT | 30 | 74 | 436 | x=(109.0*((2+13.0)-11.0)) | x 109.0 2 13.0 + 11.0 - * = | x:shirt 109.0:shirt 2:money 13.0:money +:money 11.0:money -:money *:shirt =:shirt
EXPR: 0 | POS | INT | 30 | 74 | 1034 | x=((109.0-(2+13.0))*11.0) | x 109.0 2 13.0 + - 11.0 * = | x:shirt 109.0:money 2:money 13.0:money +:money -:money 11.0:shirt *:shirt =:shirt
EXPR: 0 | POS | INT | 30 | 74 | 1364 | x=((109.0+(2+13.0))*11.0) | x 109.0 2 13.0 + + 11.0 * = | x:shirt 109.0:money 2:money 13.0:money +:money +:money 11.0:shirt *:shirt =:shirt
EXPR: 0 | POS | INT | 30 | 74 | 100 | x=(109.0+(13.0-(2*11.0))) | x 109.0 13.0 2 11.0 * - + = | x:money 109.0:money 13.0:money 2:money 11.0:shirt *:money -:money +:money =:money
EXPR: 0 | POS | INT | 32 | 74 | 194 | ((109.0*2)-(x+11.0))=13.0 | 109.0 2 * x 11.0 + - 13.0 = | 109.0:shirt 2:money *:money x:money 11.0:money +:money -:money 13.0:money =:money
EXPR: 0 | POS | INT | 32 | 74 | 436 | ((2-(x/109.0))+13.0)=11.0 | 2 x 109.0 / - 13.0 + 11.0 = | 2:money x:money 109.0:shirt /:money -:money 13.0:money +:money 11.0:money =:money
EXPR: 0 | POS | INT | 32 | 74 | 126 | (((x*2)-109.0)/13.0)=11.0 | x 2 * 109.0 - 13.0 / 11.0 = | x:money 2:shirt *:shirt 109.0:shirt -:shirt 13.0:money /:shirt 11.0:shirt =:shirt
EXPR: 0 | POS | INT | 32 | 74 | 1248 | 2=(109.0-((x/13.0)+11.0)) | 2 109.0 x 13.0 / 11.0 + - = | 2:money 109.0:money x:money 13.0:shirt /:money 11.0:money +:money -:money =:money
EXPR: 0 | POS | INT | 35 | 74 | 2548 | x=((2*13.0)*(109.0-11.0)) | x 2 13.0 * 109.0 11.0 - * = | x:shirt 2:shirt 13.0:money *:shirt 109.0:money 11.0:money -:money *:shirt =:shirt
EXPR: 0 | POS | INT | 35 | 74 | 87 | ((109.0-(11.0-2))-13.0)=x | 109.0 11.0 2 - - 13.0 - x = | 109.0:money 11.0:money 2:money -:money -:money 13.0:money -:money x:money =:money
EXPR: 0 | POS | INT | 35 | 74 | 113 | x=(13.0+((109.0+2)-11.0)) | x 13.0 109.0 2 + 11.0 - + = | x:money 13.0:money 109.0:money 2:money +:money 11.0:money -:money +:money =:money
EXPR: 0 | POS | INT | 35 | 74 | 105 | x=(109.0+(11.0-(2+13.0))) | x 109.0 11.0 2 13.0 + - + = | x:money 109.0:money 11.0:money 2:money 13.0:money +:money -:money +:money =:money
EXPR: 0 | POS | INT | 35 | 74 | 87 | x=(109.0-(11.0-(2-13.0))) | x 109.0 11.0 2 13.0 - - - = | x:money 109.0:money 11.0:money 2:money 13.0:money -:money -:money -:money =:money
EXPR: 0 | POS | INT | 35 | 74 | 15561 | (((109.0*11.0)-2)*13.0)=x | 109.0 11.0 * 2 - 13.0 * x = | 109.0:money 11.0:shirt *:shirt 2:shirt -:shirt 13.0:money *:money x:money =:money
EXPR: 0 | POS | INT | 35 | 74 | 1800 | ((109.0+11.0)*(2+13.0))=x | 109.0 11.0 + 2 13.0 + * x = | 109.0:money 11.0:money +:money 2:shirt 13.0:shirt +:shirt *:money x:money =:money
EXPR: 0 | POS | INT | 35 | 74 | 1098 | ((109.0+13.0)*(11.0-2))=x | 109.0 13.0 + 11.0 2 - * x = | 109.0:money 13.0:money +:money 11.0:shirt 2:shirt -:shirt *:money x:money =:money
EXPR: 0 | POS | INT | 35 | 74 | 109 | ((109.0+11.0)+(2-13.0))=x | 109.0 11.0 + 2 13.0 - + x = | 109.0:money 11.0:money +:money 2:money 13.0:money -:money +:money x:money =:money
EXPR: 0 | POS | INT | 35 | 74 | 109 | (2-(13.0-(109.0+11.0)))=x | 2 13.0 109.0 11.0 + - - x = | 2:money 13.0:money 109.0:money 11.0:money +:money -:money -:money x:money =:money
EXPR: 0 | POS | INT | 35 | 74 | 108 | x=(109.0+(11.0/(2-13.0))) | x 109.0 11.0 2 13.0 - / + = | x:money 109.0:money 11.0:money 2:shirt 13.0:shirt -:shirt /:money +:money =:money
EXPR: 0 | POS | INT | 35 | 74 | 226 | x=(109.0+(13.0*(11.0-2))) | x 109.0 13.0 11.0 2 - * + = | x:money 109.0:money 13.0:money 11.0:shirt 2:shirt -:shirt *:money +:money =:money
EXPR: 0 | POS | INT | 37 | 74 | 83 | ((109.0-(x+13.0))-11.0)=2 | 109.0 x 13.0 + - 11.0 - 2 = | 109.0:money x:money 13.0:money +:money -:money 11.0:money -:money 2:money =:money
EXPR: 0 | POS | INT | 37 | 74 | 113 | (13.0-(x-(109.0+2)))=11.0 | 13.0 x 109.0 2 + - - 11.0 = | 13.0:money x:money 109.0:money 2:money +:money -:money -:money 11.0:money =:money
EXPR: 0 | POS | INT | 40 | 74 | 21 | x=(((109.0*2)+13.0)/11.0) | x 109.0 2 * 13.0 + 11.0 / = | x:shirt 109.0:shirt 2:money *:shirt 13.0:shirt +:shirt 11.0:money /:shirt =:shirt
EXPR: 0 | POS | INT | 40 | 74 | 254 | x=(2+(109.0+(13.0*11.0))) | x 2 109.0 13.0 11.0 * + + = | x:shirt 2:shirt 109.0:shirt 13.0:money 11.0:shirt *:shirt +:shirt +:shirt =:shirt
EXPR: 0 | POS | INT | 40 | 74 | 131 | x=((109.0-(2-13.0))+11.0) | x 109.0 2 13.0 - - 11.0 + = | x:shirt 109.0:shirt 2:shirt 13.0:shirt -:shirt -:shirt 11.0:shirt +:shirt =:shirt
EXPR: 0 | POS | INT | 40 | 74 | 109 | x=((109.0+(2-13.0))+11.0) | x 109.0 2 13.0 - + 11.0 + = | x:shirt 109.0:shirt 2:shirt 13.0:shirt -:shirt +:shirt 11.0:shirt +:shirt =:shirt
EXPR: 0 | POS | INT | 40 | 74 | 1430 | x=(2+((109.0*13.0)+11.0)) | x 2 109.0 13.0 * 11.0 + + = | x:shirt 2:shirt 109.0:shirt 13.0:money *:shirt 11.0:shirt +:shirt +:shirt =:shirt
EXPR: 0 | POS | INT | 40 | 74 | 1408 | x=(2+((109.0*13.0)-11.0)) | x 2 109.0 13.0 * 11.0 - + = | x:shirt 2:shirt 109.0:shirt 13.0:money *:shirt 11.0:shirt -:shirt +:shirt =:shirt
EXPR: 0 | POS | INT | 40 | 74 | 1214 | x=(2+((109.0*11.0)+13.0)) | x 2 109.0 11.0 * 13.0 + + = | x:money 2:money 109.0:shirt 11.0:money *:money 13.0:money +:money +:money =:money
EXPR: 0 | POS | INT | 40 | 74 | 2618 | (2+(109.0*(13.0+11.0)))=x | 2 109.0 13.0 11.0 + * + x = | 2:money 109.0:money 13.0:shirt 11.0:shirt +:shirt *:money +:money x:money =:money
EXPR: 0 | POS | INT | 40 | 74 | 1646 | x=((109.0*(2+13.0))+11.0) | x 109.0 2 13.0 + * 11.0 + = | x:shirt 109.0:shirt 2:money 13.0:money +:money *:shirt 11.0:shirt +:shirt =:shirt
EXPR: 0 | POS | INT | 42 | 74 | 75 | (((109.0*2)-x)/13.0)=11.0 | 109.0 2 * x - 13.0 / 11.0 = | 109.0:shirt 2:money *:shirt x:shirt -:shirt 13.0:money /:shirt 11.0:shirt =:shirt
EXPR: 0 | POS | INT | 42 | 74 | 1210 | ((109.0*(2-13.0))+x)=11.0 | 109.0 2 13.0 - * x + 11.0 = | 109.0:shirt 2:money 13.0:money -:money *:shirt x:shirt +:shirt 11.0:shirt =:shirt
EXPR: 0 | POS | INT | 42 | 74 | 108 | (109.0-x)=(2/(13.0-11.0)) | 109.0 x - 2 13.0 11.0 - / = | 109.0:money x:money -:money 2:money 13.0:shirt 11.0:shirt -:shirt /:money =:money
EXPR: 0 | POS | INT | 45 | 74 | 131 | x=(13.0-((2-109.0)-11.0)) | x 13.0 2 109.0 - 11.0 - - = | x:money 13.0:money 2:money 109.0:money -:money 11.0:money -:money -:money =:money
EXPR: 0 | POS | INT | 45 | 74 | 1646 | (((2+13.0)*109.0)+11.0)=x | 2 13.0 + 109.0 * 11.0 + x = | 2:money 13.0:money +:money 109.0:shirt *:money 11.0:money +:money x:money =:money
EXPR: 0 | POS | INT | 45 | 74 | 109 | x=(109.0-(11.0-(13.0-2))) | x 109.0 11.0 13.0 2 - - - = | x:money 109.0:money 11.0:money 13.0:money 2:money -:money -:money -:money =:money
EXPR: 0 | POS | INT | 45 | 74 | 2618 | x=((109.0*(13.0+11.0))+2) | x 109.0 13.0 11.0 + * 2 + = | x:shirt 109.0:shirt 13.0:money 11.0:money +:money *:shirt 2:shirt +:shirt =:shirt
EXPR: 0 | POS | INT | 47 | 74 | 108 | (((109.0-x)*11.0)+2)=13.0 | 109.0 x - 11.0 * 2 + 13.0 = | 109.0:money x:money -:money 11.0:shirt *:shirt 2:shirt +:shirt 13.0:shirt =:shirt
EXPR: 0 | POS | INT | 47 | 74 | 203 | ((2*(13.0-109.0))+x)=11.0 | 2 13.0 109.0 - * x + 11.0 = | 2:shirt 13.0:money 109.0:money -:money *:shirt x:shirt +:shirt 11.0:shirt =:shirt
EXPR: 0 | POS | INT | 47 | 74 | 72 | (((2*13.0)+x)+11.0)=109.0 | 2 13.0 * x + 11.0 + 109.0 = | 2:shirt 13.0:money *:money x:money +:money 11.0:money +:money 109.0:money =:money
EXPR: 0 | POS | INT | 47 | 74 | 36 | ((109.0-(13.0*11.0))+x)=2 | 109.0 13.0 11.0 * - x + 2 = | 109.0:money 13.0:shirt 11.0:money *:money -:money x:money +:money 2:money =:money
EXPR: 0 | POS | INT | 47 | 74 | 0 | 2=(13.0+((x/109.0)-11.0)) | 2 13.0 x 109.0 / 11.0 - + = | 2:money 13.0:money x:money 109.0:shirt /:money 11.0:money -:money +:money =:money
EXPR: 0 | POS | INT | 47 | 74 | 209 | (x-((109.0-11.0)*2))=13.0 | x 109.0 11.0 - 2 * - 13.0 = | x:shirt 109.0:money 11.0:money -:money 2:shirt *:shirt -:shirt 13.0:shirt =:shirt
EXPR: 0 | POS | INT | 50 | 74 | 113 | (((109.0+13.0)+2)-11.0)=x | 109.0 13.0 + 2 + 11.0 - x = | 109.0:shirt 13.0:shirt +:shirt 2:shirt +:shirt 11.0:shirt -:shirt x:shirt =:shirt
EXPR: 0 | POS | INT | 50 | 74 | 170 | x=(2*(109.0-(13.0+11.0))) | x 2 109.0 13.0 11.0 + - * = | x:money 2:money 109.0:shirt 13.0:shirt 11.0:shirt +:shirt -:shirt *:money =:money
EXPR: 0 | POS | INT | 50 | 74 | 135 | (((2+11.0)+109.0)+13.0)=x | 2 11.0 + 109.0 + 13.0 + x = | 2:money 11.0:money +:money 109.0:money +:money 13.0:money +:money x:money =:money
EXPR: 0 | POS | INT | 50 | 74 | 109 | (((2+11.0)+109.0)-13.0)=x | 2 11.0 + 109.0 + 13.0 - x = | 2:money 11.0:money +:money 109.0:money +:money 13.0:money -:money x:money =:money
EXPR: 0 | POS | INT | 50 | 74 | 113 | x=(2-((11.0-109.0)-13.0)) | x 2 11.0 109.0 - 13.0 - - = | x:money 2:money 11.0:money 109.0:money -:money 13.0:money -:money -:money =:money
EXPR: 0 | POS | INT | 50 | 74 | 1248 | ((2+11.0)*(109.0-13.0))=x | 2 11.0 + 109.0 13.0 - * x = | 2:shirt 11.0:shirt +:shirt 109.0:money 13.0:money -:money *:money x:money =:money
EXPR: 0 | POS | INT | 50 | 74 | 1439 | x=((2*11.0)+(109.0*13.0)) | x 2 11.0 * 109.0 13.0 * + = | x:money 2:shirt 11.0:money *:money 109.0:shirt 13.0:money *:money +:money =:money
EXPR: 0 | POS | INT | 52 | 74 | 1408 | ((109.0*13.0)+2)=(11.0+x) | 109.0 13.0 * 2 + 11.0 x + = | 109.0:money 13.0:shirt *:shirt 2:shirt +:shirt 11.0:shirt x:shirt +:shirt =:shirt
EXPR: 0 | POS | INT | 52 | 74 | 1188 | ((2-x)+(109.0*11.0))=13.0 | 2 x - 109.0 11.0 * + 13.0 = | 2:shirt x:shirt -:shirt 109.0:money 11.0:shirt *:shirt +:shirt 13.0:shirt =:shirt
EXPR: 0 | POS | INT | 52 | 74 | 1430 | ((109.0*13.0)+2)=(x-11.0) | 109.0 13.0 * 2 + x 11.0 - = | 109.0:money 13.0:shirt *:shirt 2:shirt +:shirt x:shirt 11.0:shirt -:shirt =:shirt
EXPR: 0 | POS | INT | 52 | 74 | 131 | ((2-109.0)+(x-13.0))=11.0 | 2 109.0 - x 13.0 - + 11.0 = | 2:shirt 109.0:shirt -:shirt x:shirt 13.0:shirt -:shirt +:shirt 11.0:shirt =:shirt
EXPR: 0 | POS | INT | 52 | 74 | 109 | (((2+x)+11.0)-109.0)=13.0 | 2 x + 11.0 + 109.0 - 13.0 = | 2:money x:money +:money 11.0:money +:money 109.0:money -:money 13.0:money =:money
EXPR: 0 | POS | INT | 52 | 74 | 109 | (2+(11.0+(109.0-x)))=13.0 | 2 11.0 109.0 x - + + 13.0 = | 2:money 11.0:money 109.0:money x:money -:money +:money +:money 13.0:money =:money
EXPR: 0 | POS | INT | 55 | 74 | 2812 | x=(((109.0*13.0)-11.0)*2) | x 109.0 13.0 * 11.0 - 2 * = | x:money 109.0:money 13.0:shirt *:shirt 11.0:shirt -:shirt 2:money *:money =:money
EXPR: 0 | POS | INT | 55 | 74 | 2856 | x=(((109.0*13.0)+11.0)*2) | x 109.0 13.0 * 11.0 + 2 * = | x:money 109.0:money 13.0:shirt *:shirt 11.0:shirt +:shirt 2:money *:money =:money
EXPR: 0 | POS | INT | 55 | 74 | 1300 | ((109.0-(11.0-2))*13.0)=x | 109.0 11.0 2 - - 13.0 * x = | 109.0:money 11.0:money 2:money -:money -:money 13.0:shirt *:shirt x:shirt =:shirt
EXPR: 0 | POS | INT | 55 | 74 | 135 | x=(2+((13.0+11.0)+109.0)) | x 2 13.0 11.0 + 109.0 + + = | x:money 2:money 13.0:money 11.0:money +:money 109.0:money +:money +:money =:money
EXPR: 0 | POS | INT | 55 | 74 | 113 | (((2+13.0)-11.0)+109.0)=x | 2 13.0 + 11.0 - 109.0 + x = | 2:money 13.0:money +:money 11.0:money -:money 109.0:money +:money x:money =:money
EXPR: 0 | POS | INT | 55 | 74 | 968 | ((109.0*(11.0-2))-13.0)=x | 109.0 11.0 2 - * 13.0 - x = | 109.0:money 11.0:shirt 2:shirt -:shirt *:shirt 13.0:shirt -:shirt x:shirt =:shirt
EXPR: 0 | POS | INT | 55 | 74 | 242 | x=(13.0+((109.0*2)+11.0)) | x 13.0 109.0 2 * 11.0 + + = | x:shirt 13.0:shirt 109.0:money 2:shirt *:shirt 11.0:shirt +:shirt +:shirt =:shirt
EXPR: 0 | POS | INT | 55 | 74 | 220 | x=(13.0+((109.0*2)-11.0)) | x 13.0 109.0 2 * 11.0 - + = | x:shirt 13.0:shirt 109.0:money 2:shirt *:shirt 11.0:shirt -:shirt +:shirt =:shirt
EXPR: 0 | POS | INT | 55 | 74 | 2398 | x=(109.0*(11.0+(13.0-2))) | x 109.0 11.0 13.0 2 - + * = | x:money 109.0:money 11.0:shirt 13.0:shirt 2:shirt -:shirt +:shirt *:money =:money
EXPR: 0 | POS | INT | 55 | 74 | 266 | x=(2*((13.0+11.0)+109.0)) | x 2 13.0 11.0 + 109.0 + * = | x:shirt 2:shirt 13.0:money 11.0:money +:money 109.0:money +:money *:shirt =:shirt
EXPR: 0 | POS | INT | 55 | 74 | 1272 | (((109.0-11.0)*13.0)-2)=x | 109.0 11.0 - 13.0 * 2 - x = | 109.0:money 11.0:money -:money 13.0:shirt *:money 2:money -:money x:money =:money
EXPR: 0 | POS | INT | 55 | 74 | 1188 | x=(2-(13.0-(109.0*11.0))) | x 2 13.0 109.0 11.0 * - - = | x:shirt 2:shirt 13.0:shirt 109.0:shirt 11.0:money *:shirt -:shirt -:shirt =:shirt
EXPR: 0 | POS | INT | 57 | 74 | 15613 | (((x/13.0)-2)/109.0)=11.0 | x 13.0 / 2 - 109.0 / 11.0 = | x:shirt 13.0:money /:shirt 2:shirt -:shirt 109.0:money /:shirt 11.0:shirt =:shirt
EXPR: 0 | POS | INT | 57 | 74 | 1276 | (x-((109.0-11.0)*13.0))=2 | x 109.0 11.0 - 13.0 * - 2 = | x:shirt 109.0:money 11.0:money -:money 13.0:shirt *:shirt -:shirt 2:shirt =:shirt
EXPR: 0 | POS | INT | 57 | 74 | 1408 | ((x-(109.0*13.0))+11.0)=2 | x 109.0 13.0 * - 11.0 + 2 = | x:shirt 109.0:shirt 13.0:money *:shirt -:shirt 11.0:shirt +:shirt 2:shirt =:shirt
EXPR: 0 | POS | INT | 57 | 74 | 109 | (((2-13.0)+x)+11.0)=109.0 | 2 13.0 - x + 11.0 + 109.0 = | 2:money 13.0:money -:money x:money +:money 11.0:money +:money 109.0:money =:money
EXPR: 0 | POS | INT | 60 | 74 | 1430 | (((2+11.0)*109.0)+13.0)=x | 2 11.0 + 109.0 * 13.0 + x = | 2:money 11.0:money +:money 109.0:shirt *:money 13.0:money +:money x:money =:money
EXPR: 0 | POS | INT | 60 | 74 | 15613 | x=(13.0*((109.0*11.0)+2)) | x 13.0 109.0 11.0 * 2 + * = | x:shirt 13.0:money 109.0:shirt 11.0:money *:shirt 2:shirt +:shirt *:shirt =:shirt
EXPR: 0 | POS | INT | 62 | 74 | 131 | ((2-109.0)+(x-11.0))=13.0 | 2 109.0 - x 11.0 - + 13.0 = | 2:shirt 109.0:shirt -:shirt x:shirt 11.0:shirt -:shirt +:shirt 13.0:shirt =:shirt
EXPR: 0 | POS | INT | 62 | 74 | 131 | ((x+2)-109.0)=(13.0+11.0) | x 2 + 109.0 - 13.0 11.0 + = | x:shirt 2:shirt +:shirt 109.0:shirt -:shirt 13.0:shirt 11.0:shirt +:shirt =:shirt
EXPR: 0 | POS | INT | 62 | 74 | 15613 | ((x/13.0)-(109.0*11.0))=2 | x 13.0 / 109.0 11.0 * - 2 = | x:shirt 13.0:money /:shirt 109.0:shirt 11.0:money *:shirt -:shirt 2:shirt =:shirt
EXPR: 0 | POS | INT | 62 | 74 | 109 | ((2-x)+(109.0+11.0))=13.0 | 2 x - 109.0 11.0 + + 13.0 = | 2:shirt x:shirt -:shirt 109.0:shirt 11.0:shirt +:shirt +:shirt 13.0:shirt =:shirt
EXPR: 0 | POS | INT | 62 | 74 | 0 | (2+(11.0-(109.0*x)))=13.0 | 2 11.0 109.0 x * - + 13.0 = | 2:money 11.0:money 109.0:money x:shirt *:money -:money +:money 13.0:money =:money
EXPR: 0 | POS | INT | 62 | 74 | - | (2+(11.0-(109.0/x)))=13.0 | 2 11.0 109.0 x / - + 13.0 = | 2:money 11.0:money 109.0:money x:shirt /:money -:money +:money 13.0:money =:money
EXPR: 0 | POS | INT | 62 | 74 | 994 | (x-13.0)=(109.0*(11.0-2)) | x 13.0 - 109.0 11.0 2 - * = | x:money 13.0:money -:money 109.0:money 11.0:shirt 2:shirt -:shirt *:money =:money
EXPR: 0 | POS | INT | 65 | 74 | 637 | x=((13.0/2)*(109.0-11.0)) | x 13.0 2 / 109.0 11.0 - * = | x:shirt 13.0:shirt 2:money /:shirt 109.0:money 11.0:money -:money *:shirt =:shirt
EXPR: 0 | POS | INT | 65 | 74 | 105 | (((109.0+11.0)-2)-13.0)=x | 109.0 11.0 + 2 - 13.0 - x = | 109.0:shirt 11.0:shirt +:shirt 2:shirt -:shirt 13.0:shirt -:shirt x:shirt =:shirt
EXPR: 0 | POS | INT | 65 | 74 | 703 | x=(((109.0*13.0)-11.0)/2) | x 109.0 13.0 * 11.0 - 2 / = | x:shirt 109.0:money 13.0:shirt *:shirt 11.0:shirt -:shirt 2:money /:shirt =:shirt
EXPR: 0 | POS | INT | 65 | 74 | 2541 | x=(11.0*((109.0*2)+13.0)) | x 11.0 109.0 2 * 13.0 + * = | x:shirt 11.0:money 109.0:money 2:shirt *:shirt 13.0:shirt +:shirt *:shirt =:shirt
EXPR: 0 | POS | INT | 65 | 74 | 109 | x=(2+(11.0-(13.0-109.0))) | x 2 11.0 13.0 109.0 - - + = | x:money 2:money 11.0:money 13.0:money 109.0:money -:money -:money +:money =:money
EXPR: 0 | POS | INT | 65 | 74 | 1364 | x=(11.0*((109.0+2)+13.0)) | x 11.0 109.0 2 + 13.0 + * = | x:money 11.0:money 109.0:shirt 2:shirt +:shirt 13.0:shirt +:shirt *:money =:money
EXPR: 0 | POS | INT | 65 | 74 | 220 | x=(2+((13.0-11.0)*109.0)) | x 2 13.0 11.0 - 109.0 * + = | x:shirt 2:shirt 13.0:money 11.0:money -:money 109.0:shirt *:shirt +:shirt =:shirt
EXPR: 0 | POS | INT | 65 | 74 | 1034 | (11.0*((109.0-2)-13.0))=x | 11.0 109.0 2 - 13.0 - * x = | 11.0:shirt 109.0:money 2:money -:money 13.0:money -:money *:money x:money =:money
EXPR: 0 | POS | INT | 65 | 74 | 1320 | (11.0*((109.0-2)+13.0))=x | 11.0 109.0 2 - 13.0 + * x = | 11.0:shirt 109.0:money 2:money -:money 13.0:money +:money *:money x:money =:money
EXPR: 0 | POS | INT | 65 | 74 | 1210 | x=(13.0-(2-(109.0*11.0))) | x 13.0 2 109.0 11.0 * - - = | x:shirt 13.0:shirt 2:shirt 109.0:shirt 11.0:money *:shirt -:shirt -:shirt =:shirt
EXPR: 0 | POS | INT | 67 | 74 | 15561 | ((x/13.0)+2)=(109.0*11.0) | x 13.0 / 2 + 109.0 11.0 * = | x:shirt 13.0:money /:shirt 2:shirt +:shirt 109.0:money 11.0:shirt *:shirt =:shirt
EXPR: 0 | POS | INT | 67 | 74 | 131 | ((109.0-x)+(13.0+11.0))=2 | 109.0 x - 13.0 11.0 + + 2 = | 109.0:shirt x:shirt -:shirt 13.0:shirt 11.0:shirt +:shirt +:shirt 2:shirt =:shirt
EXPR: 0 | POS | INT | 67 | 74 | 113 | ((x-(109.0+13.0))+11.0)=2 | x 109.0 13.0 + - 11.0 + 2 = | x:shirt 109.0:shirt 13.0:shirt +:shirt -:shirt 11.0:shirt +:shirt 2:shirt =:shirt
EXPR: 0 | POS | INT | 67 | 74 | 109 | (((2+11.0)+x)-13.0)=109.0 | 2 11.0 + x + 13.0 - 109.0 = | 2:money 11.0:money +:money x:money +:money 13.0:money -:money 109.0:money =:money
EXPR: 0 | POS | INT | 67 | 74 | 13189 | (109.0*11.0)=(x/(13.0-2)) | 109.0 11.0 * x 13.0 2 - / = | 109.0:shirt 11.0:money *:money x:money 13.0:shirt 2:shirt -:shirt /:money =:money
EXPR: 0 | POS | INT | 67 | 74 | 1078 | 2=(13.0+((x/11.0)-109.0)) | 2 13.0 x 11.0 / 109.0 - + = | 2:money 13.0:money x:money 11.0:shirt /:money 109.0:money -:money +:money =:money
EXPR: 0 | POS | INT | 67 | 74 | 105 | (((2-11.0)+x)+13.0)=109.0 | 2 11.0 - x + 13.0 + 109.0 = | 2:money 11.0:money -:money x:money +:money 13.0:money +:money 109.0:money =:money
EXPR: 0 | POS | INT | 70 | 74 | 1408 | x=(2-(11.0-(109.0*13.0))) | x 2 11.0 109.0 13.0 * - - = | x:shirt 2:shirt 11.0:shirt 109.0:shirt 13.0:money *:shirt -:shirt -:shirt =:shirt
EXPR: 0 | POS | INT | 70 | 74 | 113 | (13.0-(11.0-(109.0+2)))=x | 13.0 11.0 109.0 2 + - - x = | 13.0:money 11.0:money 109.0:money 2:money +:money -:money -:money x:money =:money
EXPR: 0 | POS | INT | 70 | 74 | 1404 | (((2+11.0)*109.0)-13.0)=x | 2 11.0 + 109.0 * 13.0 - x = | 2:shirt 11.0:shirt +:shirt 109.0:money *:shirt 13.0:shirt -:shirt x:shirt =:shirt
EXPR: 0 | POS | INT | 72 | 74 | 222 | ((x/2)-109.0)=(13.0-11.0) | x 2 / 109.0 - 13.0 11.0 - = | x:shirt 2:money /:shirt 109.0:shirt -:shirt 13.0:shirt 11.0:shirt -:shirt =:shirt
EXPR: 0 | POS | INT | 75 | 74 | 203 | x=(11.0+(2*(109.0-13.0))) | x 11.0 2 109.0 13.0 - * + = | x:shirt 11.0:shirt 2:shirt 109.0:money 13.0:money -:money *:shirt +:shirt =:shirt
EXPR: 0 | POS | INT | 75 | 74 | 1210 | x=(11.0+(109.0*(13.0-2))) | x 11.0 109.0 13.0 2 - * + = | x:money 11.0:money 109.0:shirt 13.0:money 2:money -:money *:money +:money =:money
EXPR: 0 | POS | INT | 75 | 74 | 242 | x=(11.0+((109.0*2)+13.0)) | x 11.0 109.0 2 * 13.0 + + = | x:shirt 11.0:shirt 109.0:money 2:shirt *:shirt 13.0:shirt +:shirt +:shirt =:shirt
EXPR: 0 | POS | INT | 75 | 74 | 216 | x=(11.0+((109.0*2)-13.0)) | x 11.0 109.0 2 * 13.0 - + = | x:shirt 11.0:shirt 109.0:money 2:shirt *:shirt 13.0:shirt -:shirt +:shirt =:shirt
EXPR: 0 | POS | INT | 75 | 74 | 1320 | x=((13.0-2)*(109.0+11.0)) | x 13.0 2 - 109.0 11.0 + * = | x:shirt 13.0:money 2:money -:money 109.0:shirt 11.0:shirt +:shirt *:shirt =:shirt
EXPR: 0 | POS | INT | 75 | 74 | 1078 | x=(11.0*(2+(109.0-13.0))) | x 11.0 2 109.0 13.0 - + * = | x:money 11.0:money 2:shirt 109.0:shirt 13.0:shirt -:shirt +:shirt *:money =:money
EXPR: 0 | POS | INT | 75 | 74 | 94 | x=(11.0+(109.0-(2*13.0))) | x 11.0 109.0 2 13.0 * - + = | x:shirt 11.0:shirt 109.0:shirt 2:shirt 13.0:money *:shirt -:shirt +:shirt =:shirt
EXPR: 0 | POS | INT | 75 | 74 | 1364 | x=(11.0*(2+(109.0+13.0))) | x 11.0 2 109.0 13.0 + + * = | x:money 11.0:money 2:shirt 109.0:shirt 13.0:shirt +:shirt +:shirt *:money =:money
EXPR: 0 | POS | INT | 75 | 74 | 15609 | x=(11.0*((109.0*13.0)+2)) | x 11.0 109.0 13.0 * 2 + * = | x:shirt 11.0:money 109.0:shirt 13.0:money *:shirt 2:shirt +:shirt *:shirt =:shirt
EXPR: 0 | POS | INT | 75 | 74 | 1034 | (11.0*((109.0-13.0)-2))=x | 11.0 109.0 13.0 - 2 - * x = | 11.0:shirt 109.0:money 13.0:money -:money 2:money -:money *:money x:money =:money
EXPR: 0 | POS | INT | 75 | 74 | 1078 | (11.0*((109.0-13.0)+2))=x | 11.0 109.0 13.0 - 2 + * x = | 11.0:shirt 109.0:money 13.0:money -:money 2:money +:money *:money x:money =:money
EXPR: 0 | POS | INT | 75 | 74 | 2834 | x=((2+(13.0+11.0))*109.0) | x 2 13.0 11.0 + + 109.0 * = | x:shirt 2:money 13.0:money 11.0:money +:money +:money 109.0:shirt *:shirt =:shirt
EXPR: 0 | POS | INT | 75 | 74 | 1703 | x=(13.0*((2*11.0)+109.0)) | x 13.0 2 11.0 * 109.0 + * = | x:shirt 13.0:money 2:shirt 11.0:money *:shirt 109.0:shirt +:shirt *:shirt =:shirt
EXPR: 0 | POS | INT | 77 | 74 | 105 | ((2*(13.0-11.0))+x)=109.0 | 2 13.0 11.0 - * x + 109.0 = | 2:money 13.0:shirt 11.0:shirt -:shirt *:money x:money +:money 109.0:money =:money
EXPR: 0 | POS | INT | 77 | 74 | 100 | (((2*11.0)+x)-13.0)=109.0 | 2 11.0 * x + 13.0 - 109.0 = | 2:money 11.0:shirt *:money x:money +:money 13.0:money -:money 109.0:money =:money
EXPR: 0 | POS | INT | 77 | 74 | 62 | ((2*(x-13.0))+11.0)=109.0 | 2 x 13.0 - * 11.0 + 109.0 = | 2:money x:shirt 13.0:shirt -:shirt *:money 11.0:money +:money 109.0:money =:money
EXPR: 0 | POS | INT | 77 | 74 | 108 | ((2/(13.0-11.0))+x)=109.0 | 2 13.0 11.0 - / x + 109.0 = | 2:money 13.0:shirt 11.0:shirt -:shirt /:money x:money +:money 109.0:money =:money
EXPR: 0 | POS | INT | 77 | 74 | 1300 | 2=(11.0+((x/13.0)-109.0)) | 2 11.0 x 13.0 / 109.0 - + = | 2:money 11.0:money x:money 13.0:shirt /:money 109.0:money -:money +:money =:money
NET 245 unique, non-negative, integer-valued solutions found out of 1000 total solutions
