parameters: n=9 l=4 k=1 p=5 q=2 m=10
TOTAL 1000 solutions found
SOLN: CORRECT | POS/NEG | INT/FRA | OBJ-SCORE | TRUE-ANS | ANS | INFIX | POSTFIX | TYPED-POSTFIX
EXPR: 0 | POS | INT | 0 | 55 | 585 | x=(9*((7*10)-5)) | x 9 7 10 * 5 - * = | x:can 9:package 7:package 10:can *:can 5:can -:can *:can =:can
EXPR: 0 | POS | INT | 0 | 55 | 675 | x=(9*((7*10)+5)) | x 9 7 10 * 5 + * = | x:can 9:package 7:package 10:can *:can 5:can +:can *:can =:can
EXPR: 0 | POS | INT | 0 | 55 | 155 | (((9+7)*10)-5)=x | 9 7 + 10 * 5 - x = | 9:package 7:package +:package 10:can *:can 5:can -:can x:can =:can
EXPR: 0 | POS | INT | 0 | 55 | 15 | (((9-7)*10)-5)=x | 9 7 - 10 * 5 - x = | 9:package 7:package -:package 10:can *:can 5:can -:can x:can =:can
EXPR: 0 | POS | INT | 0 | 55 | 165 | (((9+7)*10)+5)=x | 9 7 + 10 * 5 + x = | 9:package 7:package +:package 10:can *:can 5:can +:can x:can =:can
EXPR: 0 | POS | INT | 0 | 55 | 25 | (((9-7)*10)+5)=x | 9 7 - 10 * 5 + x = | 9:package 7:package -:package 10:can *:can 5:can +:can x:can =:can
EXPR: 0 | POS | INT | 0 | 55 | 10 | x=((9-7)*(10-5)) | x 9 7 - 10 5 - * = | x:can 9:package 7:package -:package 10:can 5:can -:can *:can =:can
EXPR: 0 | POS | INT | 0 | 55 | 30 | x=((9-7)*(10+5)) | x 9 7 - 10 5 + * = | x:can 9:package 7:package -:package 10:can 5:can +:can *:can =:can
EXPR: 0 | POS | INT | 0 | 55 | 80 | x=((9+7)*(10-5)) | x 9 7 + 10 5 - * = | x:can 9:package 7:package +:package 10:can 5:can -:can *:can =:can
EXPR: 0 | POS | INT | 0 | 55 | 240 | x=((9+7)*(10+5)) | x 9 7 + 10 5 + * = | x:can 9:package 7:package +:package 10:can 5:can +:can *:can =:can
EXPR: 0 | POS | INT | 0 | 55 | 30 | ((9-7)*(10+5))=x | 9 7 - 10 5 + * x = | 9:package 7:package -:package 10:can 5:can +:can *:can x:can =:can
EXPR: 0 | POS | INT | 0 | 55 | 240 | ((9+7)*(10+5))=x | 9 7 + 10 5 + * x = | 9:package 7:package +:package 10:can 5:can +:can *:can x:can =:can
EXPR: 0 | POS | INT | 0 | 55 | 675 | (9*((7*10)+5))=x | 9 7 10 * 5 + * x = | 9:package 7:package 10:can *:can 5:can +:can *:can x:can =:can
EXPR: 0 | POS | INT | 0 | 55 | 585 | (9*((7*10)-5))=x | 9 7 10 * 5 - * x = | 9:package 7:package 10:can *:can 5:can -:can *:can x:can =:can
EXPR: 0 | POS | INT | 0 | 55 | 15 | x=(((9-7)*10)-5) | x 9 7 - 10 * 5 - = | x:can 9:package 7:package -:package 10:can *:can 5:can -:can =:can
EXPR: 0 | POS | INT | 0 | 55 | 25 | x=(((9-7)*10)+5) | x 9 7 - 10 * 5 + = | x:can 9:package 7:package -:package 10:can *:can 5:can +:can =:can
EXPR: 0 | POS | INT | 0 | 55 | 155 | x=(((9+7)*10)-5) | x 9 7 + 10 * 5 - = | x:can 9:package 7:package +:package 10:can *:can 5:can -:can =:can
EXPR: 0 | POS | INT | 0 | 55 | 80 | ((9+7)*(10-5))=x | 9 7 + 10 5 - * x = | 9:package 7:package +:package 10:can 5:can -:can *:can x:can =:can
EXPR: 0 | POS | INT | 0 | 55 | 165 | x=(((9+7)*10)+5) | x 9 7 + 10 * 5 + = | x:can 9:package 7:package +:package 10:can *:can 5:can +:can =:can
EXPR: 0 | POS | INT | 0 | 55 | 395 | ((9+(7*10))*5)=x | 9 7 10 * + 5 * x = | 9:package 7:package 10:can *:package +:package 5:can *:can x:can =:can
EXPR: 0 | POS | INT | 0 | 55 | 10 | ((9-7)*(10-5))=x | 9 7 - 10 5 - * x = | 9:package 7:package -:package 10:can 5:can -:can *:can x:can =:can
EXPR: 0 | POS | INT | 0 | 55 | 395 | x=((9+(7*10))*5) | x 9 7 10 * + 5 * = | x:can 9:package 7:package 10:can *:package +:package 5:can *:can =:can
EXPR: 0 | POS | INT | 10 | 55 | 405 | x=(9*((7*5)+10)) | x 9 7 5 * 10 + * = | x:can 9:package 7:package 5:can *:can 10:can +:can *:can =:can
EXPR: 0 | POS | INT | 10 | 55 | 0 | (((9-7)*5)-10)=x | 9 7 - 5 * 10 - x = | 9:package 7:package -:package 5:can *:can 10:can -:can x:can =:can
EXPR: 0 | POS | INT | 10 | 55 | 68 | ((9*7)+(10-5))=x | 9 7 * 10 5 - + x = | 9:package 7:can *:can 10:can 5:can -:can +:can x:can =:can
EXPR: 0 | POS | INT | 10 | 55 | 30 | (((9+7)-10)*5)=x | 9 7 + 10 - 5 * x = | 9:package 7:package +:package 10:package -:package 5:can *:can x:can =:can
EXPR: 0 | POS | INT | 10 | 55 | 945 | ((9*7)*(10+5))=x | 9 7 * 10 5 + * x = | 9:can 7:package *:package 10:can 5:can +:can *:can x:can =:can
EXPR: 0 | POS | INT | 10 | 55 | 130 | (((9+7)+10)*5)=x | 9 7 + 10 + 5 * x = | 9:package 7:package +:package 10:package +:package 5:can *:can x:can =:can
EXPR: 0 | POS | INT | 10 | 55 | 198 | (9*((7+10)+5))=x | 9 7 10 + 5 + * x = | 9:package 7:can 10:can +:can 5:can +:can *:can x:can =:can
EXPR: 0 | POS | INT | 10 | 55 | 225 | (9*((7*5)-10))=x | 9 7 5 * 10 - * x = | 9:package 7:package 5:can *:can 10:can -:can *:can x:can =:can
EXPR: 0 | POS | INT | 10 | 55 | 485 | x=((7+(9*10))*5) | x 7 9 10 * + 5 * = | x:can 7:package 9:package 10:can *:package +:package 5:can *:can =:can
EXPR: 0 | POS | INT | 10 | 55 | 68 | (((9*7)+10)-5)=x | 9 7 * 10 + 5 - x = | 9:package 7:can *:can 10:can +:can 5:can -:can x:can =:can
EXPR: 0 | POS | INT | 10 | 55 | 60 | x=((9-(7-10))*5) | x 9 7 10 - - 5 * = | x:can 9:package 7:package 10:package -:package -:package 5:can *:can =:can
EXPR: 0 | POS | INT | 10 | 55 | 18 | (9*((7-10)+5))=x | 9 7 10 - 5 + * x = | 9:package 7:can 10:can -:can 5:can +:can *:can x:can =:can
EXPR: 0 | POS | INT | 10 | 55 | 44 | (9+(7*(10-5)))=x | 9 7 10 5 - * + x = | 9:package 7:package 10:can 5:can -:can *:package +:package x:package =:package
EXPR: 0 | POS | INT | 10 | 55 | 114 | (9+(7*(10+5)))=x | 9 7 10 5 + * + x = | 9:package 7:package 10:can 5:can +:can *:package +:package x:package =:package
EXPR: 0 | POS | INT | 10 | 55 | 108 | (9*((7+10)-5))=x | 9 7 10 + 5 - * x = | 9:package 7:can 10:can +:can 5:can -:can *:can x:can =:can
EXPR: 0 | POS | INT | 10 | 55 | 60 | x=(((9-7)+10)*5) | x 9 7 - 10 + 5 * = | x:can 9:package 7:package -:package 10:package +:package 5:can *:can =:can
EXPR: 0 | POS | INT | 12 | 55 | 48 | (((9*7)-x)-10)=5 | 9 7 * x - 10 - 5 = | 9:package 7:can *:can x:can -:can 10:can -:can 5:can =:can
EXPR: 0 | POS | INT | 12 | 55 | 66 | 9=((7*10)+(5-x)) | 9 7 10 * 5 x - + = | 9:can 7:package 10:can *:can 5:can x:can -:can +:can =:can
EXPR: 0 | POS | INT | 12 | 55 | 1 | (((9*x)-7)*5)=10 | 9 x * 7 - 5 * 10 = | 9:package x:can *:package 7:package -:package 5:can *:can 10:can =:can
EXPR: 0 | POS | INT | 12 | 55 | 1 | (((9/x)-7)*5)=10 | 9 x / 7 - 5 * 10 = | 9:package x:can /:package 7:package -:package 5:can *:can 10:can =:can
EXPR: 0 | POS | INT | 12 | 55 | 66 | 9=(((7*10)-x)+5) | 9 7 10 * x - 5 + = | 9:can 7:package 10:can *:can x:can -:can 5:can +:can =:can
EXPR: 0 | POS | INT | 12 | 55 | 56 | 9=(((7*10)-x)-5) | 9 7 10 * x - 5 - = | 9:can 7:package 10:can *:can x:can -:can 5:can -:can =:can
EXPR: 0 | POS | INT | 20 | 55 | 61 | ((9*7)-(10/5))=x | 9 7 * 10 5 / - x = | 9:package 7:can *:can 10:can 5:package /:can -:can x:can =:can
EXPR: 0 | POS | INT | 20 | 55 | 198 | (9*((7+5)+10))=x | 9 7 5 + 10 + * x = | 9:package 7:can 5:can +:can 10:can +:can *:can x:can =:can
EXPR: 0 | POS | INT | 20 | 55 | 60 | x=((9+(10-7))*5) | x 9 10 7 - + 5 * = | x:can 9:package 10:package 7:package -:package +:package 5:can *:can =:can
EXPR: 0 | POS | INT | 20 | 55 | 18 | (9*((7+5)-10))=x | 9 7 5 + 10 - * x = | 9:package 7:can 5:can +:can 10:can -:can *:can x:can =:can
EXPR: 0 | POS | INT | 20 | 55 | 110 | ((9+(7-5))*10)=x | 9 7 5 - + 10 * x = | 9:package 7:package 5:package -:package +:package 10:can *:can x:can =:can
EXPR: 0 | POS | INT | 20 | 55 | 104 | ((9+(7/5))*10)=x | 9 7 5 / + 10 * x = | 9:package 7:package 5:can /:package +:package 10:can *:package x:package =:package
EXPR: 0 | POS | INT | 20 | 55 | 30 | x=((9-(10-7))*5) | x 9 10 7 - - 5 * = | x:can 9:package 10:package 7:package -:package -:package 5:can *:can =:can
EXPR: 0 | POS | INT | 20 | 55 | 168 | x=(7*(9+(10+5))) | x 7 9 10 5 + + * = | x:can 7:package 9:can 10:can 5:can +:can +:can *:can =:can
EXPR: 0 | POS | INT | 20 | 55 | 58 | (((9*7)+5)-10)=x | 9 7 * 5 + 10 - x = | 9:package 7:can *:can 5:can +:can 10:can -:can x:can =:can
EXPR: 0 | POS | INT | 20 | 55 | 92 | (((9*10)+7)-5)=x | 9 10 * 7 + 5 - x = | 9:package 10:can *:can 7:can +:can 5:can -:can x:can =:can
EXPR: 0 | POS | INT | 20 | 55 | 440 | ((9+(7*5))*10)=x | 9 7 5 * + 10 * x = | 9:package 7:package 5:can *:package +:package 10:can *:package x:package =:package
EXPR: 0 | POS | INT | 20 | 55 | 70 | ((9-(7-5))*10)=x | 9 7 5 - - 10 * x = | 9:package 7:package 5:package -:package -:package 10:can *:can x:can =:can
EXPR: 0 | POS | INT | 20 | 55 | 210 | ((9+(7+5))*10)=x | 9 7 5 + + 10 * x = | 9:package 7:package 5:package +:package +:package 10:can *:can x:can =:can
EXPR: 0 | POS | INT | 20 | 55 | 40 | x=((7-(9-10))*5) | x 7 9 10 - - 5 * = | x:can 7:package 9:package 10:package -:package -:package 5:can *:can =:can
EXPR: 0 | POS | INT | 20 | 55 | 70 | x=((9-(7-5))*10) | x 9 7 5 - - 10 * = | x:can 9:package 7:package 5:package -:package -:package 10:can *:can =:can
EXPR: 0 | POS | INT | 20 | 55 | 98 | ((9*(7+5))-10)=x | 9 7 5 + * 10 - x = | 9:package 7:can 5:can +:can *:can 10:can -:can x:can =:can
EXPR: 0 | POS | INT | 20 | 55 | 8 | ((9*(7-5))-10)=x | 9 7 5 - * 10 - x = | 9:package 7:can 5:can -:can *:can 10:can -:can x:can =:can
EXPR: 0 | POS | INT | 20 | 55 | 28 | ((9*(7-5))+10)=x | 9 7 5 - * 10 + x = | 9:package 7:can 5:can -:can *:can 10:can +:can x:can =:can
EXPR: 0 | POS | INT | 20 | 55 | 54 | x=((9+(7*5))+10) | x 9 7 5 * + 10 + = | x:can 9:can 7:package 5:can *:can +:can 10:can +:can =:can
EXPR: 0 | POS | INT | 20 | 55 | 52 | ((9-7)+(10*5))=x | 9 7 - 10 5 * + x = | 9:package 7:package -:package 10:can 5:package *:package +:package x:package =:package
EXPR: 0 | POS | INT | 20 | 55 | 7 | ((9-7)+(10-5))=x | 9 7 - 10 5 - + x = | 9:can 7:can -:can 10:can 5:can -:can +:can x:can =:can
EXPR: 0 | POS | INT | 20 | 55 | 102 | x=((7+(9*10))+5) | x 7 9 10 * + 5 + = | x:can 7:can 9:package 10:can *:can +:can 5:can +:can =:can
EXPR: 0 | POS | INT | 20 | 55 | 118 | ((9*(7+5))+10)=x | 9 7 5 + * 10 + x = | 9:package 7:can 5:can +:can *:can 10:can +:can x:can =:can
EXPR: 0 | POS | INT | 20 | 55 | 60 | (((9-7)+10)*5)=x | 9 7 - 10 + 5 * x = | 9:package 7:package -:package 10:package +:package 5:can *:package x:package =:package
EXPR: 0 | POS | INT | 20 | 55 | 365 | x=(((9*7)+10)*5) | x 9 7 * 10 + 5 * = | x:can 9:package 7:can *:package 10:package +:package 5:can *:can =:can
EXPR: 0 | POS | INT | 22 | 55 |  | (((9-7)-x)*5)=10 | 9 7 - x - 5 * 10 = | 9:package 7:package -:package x:package -:package 5:can *:can 10:can =:can
EXPR: 0 | POS | INT | 22 | 55 | 34 | ((9-x)+(7*5))=10 | 9 x - 7 5 * + 10 = | 9:can x:can -:can 7:package 5:can *:can +:can 10:can =:can
EXPR: 0 | POS | INT | 22 | 55 | 44 | 9=(x+(7*(5-10))) | 9 x 7 5 10 - * + = | 9:can x:can 7:package 5:can 10:can -:can *:can +:can =:can
EXPR: 0 | POS | INT | 22 | 55 | 17 | 9=(x+(7-(10+5))) | 9 x 7 10 5 + - + = | 9:can x:can 7:can 10:can 5:can +:can -:can +:can =:can
EXPR: 0 | POS | INT | 22 | 55 | 7 | 9=((7-10)+(5+x)) | 9 7 10 - 5 x + + = | 9:can 7:can 10:can -:can 5:can x:can +:can +:can =:can
EXPR: 0 | POS | INT | 22 | 55 | 36 | ((9+x)-(7*5))=10 | 9 x + 7 5 * - 10 = | 9:can x:can +:can 7:package 5:can *:can -:can 10:can =:can
EXPR: 0 | POS | INT | 22 | 55 | 36 | 9=(((7*5)-x)+10) | 9 7 5 * x - 10 + = | 9:can 7:package 5:can *:can x:can -:can 10:can +:can =:can
EXPR: 0 | POS | INT | 27 | 55 |  | ((10/(9-7))+x)=5 | 10 9 7 - / x + 5 = | 10:can 9:package 7:package -:package /:can x:can +:can 5:can =:can
EXPR: 0 | POS | INT | 30 | 55 | 13 | x=(7-(9-(10+5))) | x 7 9 10 5 + - - = | x:can 7:can 9:can 10:can 5:can +:can -:can -:can =:can
EXPR: 0 | POS | INT | 30 | 55 | 24 | x=(9-((7-10)*5)) | x 9 7 10 - 5 * - = | x:can 9:can 7:can 10:can -:can 5:package *:can -:can =:can
EXPR: 0 | POS | INT | 30 | 55 | 11 | x=(9-(10-(7+5))) | x 9 10 7 5 + - - = | x:can 9:can 10:can 7:can 5:can +:can -:can -:can =:can
EXPR: 0 | POS | INT | 30 | 55 | 62 | x=((7+(9*5))+10) | x 7 9 5 * + 10 + = | x:can 7:can 9:package 5:can *:can +:can 10:can +:can =:can
EXPR: 0 | POS | INT | 30 | 55 | 580 | (((9*7)-5)*10)=x | 9 7 * 5 - 10 * x = | 9:can 7:package *:can 5:can -:can 10:package *:can x:can =:can
EXPR: 0 | POS | INT | 30 | 55 | 680 | (((9*7)+5)*10)=x | 9 7 * 5 + 10 * x = | 9:can 7:package *:can 5:can +:can 10:package *:can x:can =:can
EXPR: 0 | POS | INT | 30 | 55 | 30 | x=((7-(9-5))*10) | x 7 9 5 - - 10 * = | x:can 7:package 9:package 5:package -:package -:package 10:can *:can =:can
EXPR: 0 | POS | INT | 30 | 55 | 265 | (((9*7)-10)*5)=x | 9 7 * 10 - 5 * x = | 9:package 7:can *:package 10:package -:package 5:can *:package x:package =:package
EXPR: 0 | POS | INT | 30 | 55 | 108 | (9*(7-(5-10)))=x | 9 7 5 10 - - * x = | 9:package 7:can 5:can 10:can -:can -:can *:package x:package =:package
EXPR: 0 | POS | INT | 30 | 55 | 18 | (9*(7+(5-10)))=x | 9 7 5 10 - + * x = | 9:package 7:can 5:can 10:can -:can +:can *:package x:package =:package
EXPR: 0 | POS | INT | 30 | 55 | 365 | (((9*7)+10)*5)=x | 9 7 * 10 + 5 * x = | 9:package 7:can *:package 10:package +:package 5:can *:package x:package =:package
EXPR: 0 | POS | INT | 30 | 55 | 66 | ((9+7)+(10*5))=x | 9 7 + 10 5 * + x = | 9:can 7:can +:can 10:package 5:can *:can +:can x:can =:can
EXPR: 0 | POS | INT | 30 | 55 | 440 | x=((9+(7*5))*10) | x 9 7 5 * + 10 * = | x:can 9:package 7:can 5:package *:package +:package 10:can *:can =:can
EXPR: 0 | POS | INT | 30 | 55 | 245 | (7*((9*5)-10))=x | 7 9 5 * 10 - * x = | 7:package 9:package 5:can *:can 10:can -:can *:package x:package =:package
EXPR: 0 | POS | INT | 30 | 55 | 130 | ((9+(7+10))*5)=x | 9 7 10 + + 5 * x = | 9:can 7:can 10:can +:can +:can 5:package *:can x:can =:can
EXPR: 0 | POS | INT | 30 | 55 | 66 | (9+(7+(10*5)))=x | 9 7 10 5 * + + x = | 9:can 7:can 10:package 5:can *:can +:can +:can x:can =:can
EXPR: 0 | POS | INT | 30 | 55 | 60 | ((9-(7-10))*5)=x | 9 7 10 - - 5 * x = | 9:can 7:can 10:can -:can -:can 5:package *:can x:can =:can
EXPR: 0 | POS | INT | 30 | 55 | 21 | ((9+(7+10))-5)=x | 9 7 10 + + 5 - x = | 9:package 7:package 10:package +:package +:package 5:package -:package x:package =:package
EXPR: 0 | POS | INT | 32 | 55 | 30 | ((9+(x/10))-7)=5 | 9 x 10 / + 7 - 5 = | 9:package x:package 10:can /:package +:package 7:package -:package 5:package =:package
EXPR: 0 | POS | INT | 32 | 55 | 31 | 7=(x-(9+(10+5))) | 7 x 9 10 5 + + - = | 7:can x:can 9:can 10:can 5:can +:can +:can -:can =:can
EXPR: 0 | POS | INT | 32 | 55 | 13 | 9=((7+5)+(10-x)) | 9 7 5 + 10 x - + = | 9:can 7:can 5:can +:can 10:can x:can -:can +:can =:can
EXPR: 0 | POS | INT | 32 | 55 | 66 | 9=(x-(7+(10*5))) | 9 x 7 10 5 * + - = | 9:can x:can 7:can 10:package 5:can *:can +:can -:can =:can
EXPR: 0 | POS | INT | 32 | 55 | 13 | ((9-7)+(x-5))=10 | 9 7 - x 5 - + 10 = | 9:can 7:can -:can x:can 5:can -:can +:can 10:can =:can
EXPR: 0 | POS | INT | 32 | 55 | 1 | 9=((10-7)+(5+x)) | 9 10 7 - 5 x + + = | 9:can 10:can 7:can -:can 5:can x:can +:can +:can =:can
EXPR: 0 | POS | INT | 32 | 55 | 13 | 9=((10+(7+5))-x) | 9 10 7 5 + + x - = | 9:can 10:can 7:can 5:can +:can +:can x:can -:can =:can
EXPR: 0 | POS | INT | 32 | 55 | 7 | 9=((x+(7+5))-10) | 9 x 7 5 + + 10 - = | 9:can x:can 7:can 5:can +:can +:can 10:can -:can =:can
EXPR: 0 | POS | INT | 32 | 55 | 11 | 9=((x-(7+5))+10) | 9 x 7 5 + - 10 + = | 9:can x:can 7:can 5:can +:can -:can 10:can +:can =:can
EXPR: 0 | POS | INT | 32 | 55 | 245 | (x/7)=((9*5)-10) | x 7 / 9 5 * 10 - = | x:can 7:package /:can 9:package 5:can *:can 10:can -:can =:can
EXPR: 0 | POS | INT | 32 | 55 | 5 | (x*7)=((9*5)-10) | x 7 * 9 5 * 10 - = | x:can 7:package *:can 9:package 5:can *:can 10:can -:can =:can
EXPR: 0 | POS | INT | 32 | 55 | 36 | 9=(10-(x-(7*5))) | 9 10 x 7 5 * - - = | 9:package 10:package x:package 7:package 5:can *:package -:package -:package =:package
EXPR: 0 | POS | INT | 35 | 55 | 88 | (((9*10)+5)-7)=x | 9 10 * 5 + 7 - x = | 9:package 10:can *:can 5:can +:can 7:can -:can x:can =:can
EXPR: 0 | POS | INT | 35 | 55 | 198 | x=(9*(5+(7+10))) | x 9 5 7 10 + + * = | x:can 9:package 5:can 7:can 10:can +:can +:can *:can =:can
EXPR: 0 | POS | INT | 35 | 55 | 74 | (((7*10)+9)-5)=x | 7 10 * 9 + 5 - x = | 7:package 10:can *:can 9:can +:can 5:can -:can x:can =:can
EXPR: 0 | POS | INT | 35 | 55 | 74 | ((9-5)+(7*10))=x | 9 5 - 7 10 * + x = | 9:can 5:can -:can 7:package 10:can *:can +:can x:can =:can
EXPR: 0 | POS | INT | 35 | 55 | 42 | (((9*5)+7)-10)=x | 9 5 * 7 + 10 - x = | 9:package 5:can *:can 7:can +:can 10:can -:can x:can =:can
EXPR: 0 | POS | INT | 35 | 55 | 84 | ((9+5)+(7*10))=x | 9 5 + 7 10 * + x = | 9:can 5:can +:can 7:package 10:can *:can +:can x:can =:can
EXPR: 0 | POS | INT | 37 | 55 | 18 | 10=((x-(9+7))*5) | 10 x 9 7 + - 5 * = | 10:can x:package 9:package 7:package +:package -:package 5:can *:can =:can
EXPR: 0 | POS | INT | 37 | 55 | 28 | 9=(10-(5-(x/7))) | 9 10 5 x 7 / - - = | 9:can 10:can 5:can x:can 7:package /:can -:can -:can =:can
EXPR: 0 | POS | INT | 37 | 55 | 62 | 7=(x-(10+(9*5))) | 7 x 10 9 5 * + - = | 7:can x:can 10:can 9:package 5:can *:can +:can -:can =:can
EXPR: 0 | POS | INT | 37 | 55 | 0 | 10=((9+(x-7))*5) | 10 9 x 7 - + 5 * = | 10:can 9:package x:package 7:package -:package +:package 5:can *:can =:can
EXPR: 0 | POS | INT | 40 | 55 | 72 | x=(9*(10-(7-5))) | x 9 10 7 5 - - * = | x:can 9:can 10:package 7:package 5:package -:package -:package *:can =:can
EXPR: 0 | POS | INT | 40 | 55 | 108 | x=(9*(10+(7-5))) | x 9 10 7 5 - + * = | x:can 9:can 10:package 7:package 5:package -:package +:package *:can =:can
EXPR: 0 | POS | INT | 40 | 55 | 405 | (9*((7*5)+10))=x | 9 7 5 * 10 + * x = | 9:can 7:package 5:can *:package 10:package +:package *:package x:package =:package
EXPR: 0 | POS | INT | 40 | 55 | 520 | x=((7+(9*5))*10) | x 7 9 5 * + 10 * = | x:can 7:can 9:package 5:can *:can +:can 10:package *:can =:can
EXPR: 0 | POS | INT | 40 | 55 | 34 | x=((9+(7*5))-10) | x 9 7 5 * + 10 - = | x:can 9:can 7:can 5:package *:can +:can 10:can -:can =:can
EXPR: 0 | POS | INT | 42 | 55 | 42 | ((9+(x/7))-10)=5 | 9 x 7 / + 10 - 5 = | 9:package x:package 7:can /:package +:package 10:package -:package 5:package =:package
EXPR: 0 | POS | INT | 42 | 55 | 265 | ((9*7)-(x/5))=10 | 9 7 * x 5 / - 10 = | 9:package 7:can *:package x:package 5:can /:package -:package 10:package =:package
EXPR: 0 | POS | INT | 42 | 55 | 13 | ((9+(x-10))-7)=5 | 9 x 10 - + 7 - 5 = | 9:package x:package 10:package -:package +:package 7:package -:package 5:package =:package
EXPR: 0 | POS | INT | 42 | 55 |  | ((9-(7+x))*5)=10 | 9 7 x + - 5 * 10 = | 9:can 7:can x:can +:can -:can 5:package *:can 10:can =:can
EXPR: 0 | POS | INT | 45 | 55 | 580 | x=(10*((9*7)-5)) | x 10 9 7 * 5 - * = | x:can 10:package 9:package 7:can *:can 5:can -:can *:can =:can
EXPR: 0 | POS | INT | 45 | 55 | 680 | x=(10*((9*7)+5)) | x 10 9 7 * 5 + * = | x:can 10:package 9:package 7:can *:can 5:can +:can *:can =:can
EXPR: 0 | POS | INT | 45 | 55 | 28 | (((9-10)+5)*7)=x | 9 10 - 5 + 7 * x = | 9:can 10:can -:can 5:can +:can 7:package *:package x:package =:package
EXPR: 0 | POS | INT | 45 | 55 | 168 | (((9+10)+5)*7)=x | 9 10 + 5 + 7 * x = | 9:can 10:can +:can 5:can +:can 7:package *:package x:package =:package
EXPR: 0 | POS | INT | 45 | 55 | 25 | x=((7*10)-(9*5)) | x 7 10 * 9 5 * - = | x:can 7:can 10:package *:can 9:package 5:can *:can -:can =:can
EXPR: 0 | POS | INT | 45 | 55 | 115 | x=((7*10)+(9*5)) | x 7 10 * 9 5 * + = | x:can 7:can 10:package *:can 9:package 5:can *:can +:can =:can
EXPR: 0 | POS | INT | 45 | 55 | 98 | (((9+10)-5)*7)=x | 9 10 + 5 - 7 * x = | 9:can 10:can +:can 5:can -:can 7:package *:package x:package =:package
EXPR: 0 | POS | INT | 45 | 55 | 413 | x=((9+(10*5))*7) | x 9 10 5 * + 7 * = | x:can 9:package 10:can 5:package *:package +:package 7:can *:can =:can
EXPR: 0 | POS | INT | 47 | 55 | 98 | 9=(5-(10-(x/7))) | 9 5 10 x 7 / - - = | 9:can 5:can 10:can x:can 7:package /:can -:can -:can =:can
EXPR: 0 | POS | INT | 47 | 55 | 2 | 10=((x*7)-(9-5)) | 10 x 7 * 9 5 - - = | 10:can x:can 7:package *:can 9:can 5:can -:can -:can =:can
EXPR: 0 | POS | INT | 47 | 55 | 42 | 7=(10-(x/(9+5))) | 7 10 x 9 5 + / - = | 7:can 10:can x:can 9:package 5:package +:package /:can -:can =:can
EXPR: 0 | POS | INT | 47 | 55 | 52 | 10=(((x-7)/9)+5) | 10 x 7 - 9 / 5 + = | 10:can x:can 7:can -:can 9:package /:can 5:can +:can =:can
EXPR: 0 | POS | INT | 47 | 55 | 1 | 9=((5-7)+(10+x)) | 9 5 7 - 10 x + + = | 9:can 5:can 7:can -:can 10:can x:can +:can +:can =:can
EXPR: 0 | POS | INT | 47 | 55 | 1 | 7=((10-9)+(5+x)) | 7 10 9 - 5 x + + = | 7:can 10:can 9:can -:can 5:can x:can +:can +:can =:can
EXPR: 0 | POS | INT | 47 | 55 | 11 | 9=(10-(5-(x-7))) | 9 10 5 x 7 - - - = | 9:can 10:can 5:can x:can 7:can -:can -:can -:can =:can
EXPR: 0 | POS | INT | 50 | 55 | 28 | x=(7*((9+5)-10)) | x 7 9 5 + 10 - * = | x:can 7:can 9:package 5:package +:package 10:package -:package *:can =:can
EXPR: 0 | POS | INT | 50 | 55 | 168 | x=(7*((9+5)+10)) | x 7 9 5 + 10 + * = | x:can 7:can 9:package 5:package +:package 10:package +:package *:can =:can
EXPR: 0 | POS | INT | 50 | 55 | 34 | ((9+(7*5))-10)=x | 9 7 5 * + 10 - x = | 9:package 7:can 5:package *:package +:package 10:package -:package x:package =:package
EXPR: 0 | POS | INT | 50 | 55 | 70 | (((9-7)+5)*10)=x | 9 7 - 5 + 10 * x = | 9:can 7:can -:can 5:can +:can 10:package *:package x:package =:package
EXPR: 0 | POS | INT | 50 | 55 | 30 | x=(((7+5)-9)*10) | x 7 5 + 9 - 10 * = | x:can 7:package 5:package +:package 9:package -:package 10:can *:can =:can
EXPR: 0 | POS | INT | 50 | 55 | 34 | (((7*5)+9)-10)=x | 7 5 * 9 + 10 - x = | 7:package 5:can *:can 9:can +:can 10:can -:can x:can =:can
EXPR: 0 | POS | INT | 50 | 55 | 108 | (9*((7-5)+10))=x | 9 7 5 - 10 + * x = | 9:can 7:package 5:package -:package 10:package +:package *:package x:package =:package
EXPR: 0 | POS | INT | 50 | 55 | 110 | x=((7-(5-9))*10) | x 7 5 9 - - 10 * = | x:can 7:package 5:package 9:package -:package -:package 10:can *:can =:can
EXPR: 0 | POS | INT | 50 | 55 | 210 | (((9+7)+5)*10)=x | 9 7 + 5 + 10 * x = | 9:can 7:can +:can 5:can +:can 10:package *:package x:package =:package
EXPR: 0 | POS | INT | 50 | 55 | 110 | (((9+7)-5)*10)=x | 9 7 + 5 - 10 * x = | 9:can 7:can +:can 5:can -:can 10:package *:package x:package =:package
EXPR: 0 | POS | INT | 50 | 55 | 108 | ((7*(9+5))+10)=x | 7 9 5 + * 10 + x = | 7:package 9:can 5:can +:can *:package 10:package +:package x:package =:package
EXPR: 0 | POS | INT | 50 | 55 | 88 | ((7*(9+5))-10)=x | 7 9 5 + * 10 - x = | 7:package 9:can 5:can +:can *:package 10:package -:package x:package =:package
EXPR: 0 | POS | INT | 50 | 55 | 42 | x=((7+(9*5))-10) | x 7 9 5 * + 10 - = | x:can 7:can 9:can 5:package *:can +:can 10:can -:can =:can
EXPR: 0 | POS | INT | 50 | 55 | 485 | x=(((9*10)+7)*5) | x 9 10 * 7 + 5 * = | x:can 9:can 10:package *:can 7:can +:can 5:package *:can =:can
EXPR: 0 | POS | INT | 50 | 55 | 110 | x=(((7-5)+9)*10) | x 7 5 - 9 + 10 * = | x:can 7:package 5:package -:package 9:package +:package 10:can *:can =:can
EXPR: 0 | POS | INT | 50 | 55 | 210 | x=(((7+5)+9)*10) | x 7 5 + 9 + 10 * = | x:can 7:package 5:package +:package 9:package +:package 10:can *:can =:can
EXPR: 0 | POS | INT | 50 | 55 | 62 | ((7+(9*5))+10)=x | 7 9 5 * + 10 + x = | 7:can 9:can 5:package *:can +:can 10:can +:can x:can =:can
EXPR: 0 | POS | INT | 52 | 55 | 2 | 9=(10-(7/(x+5))) | 9 10 7 x 5 + / - = | 9:can 10:can 7:can x:package 5:package +:package /:can -:can =:can
EXPR: 0 | POS | INT | 52 | 55 |  | (((9-x)-7)*5)=10 | 9 x - 7 - 5 * 10 = | 9:can x:can -:can 7:can -:can 5:package *:package 10:package =:package
EXPR: 0 | POS | INT | 52 | 55 | 14 | (((9-x)+7)*5)=10 | 9 x - 7 + 5 * 10 = | 9:can x:can -:can 7:can +:can 5:package *:package 10:package =:package
EXPR: 0 | POS | INT | 52 | 55 | 18 | ((x-(9+7))*5)=10 | x 9 7 + - 5 * 10 = | x:can 9:can 7:can +:can -:can 5:package *:package 10:package =:package
EXPR: 0 | POS | INT | 52 | 55 | 4 | ((x-(9-7))*5)=10 | x 9 7 - - 5 * 10 = | x:can 9:can 7:can -:can -:can 5:package *:package 10:package =:package
EXPR: 0 | POS | INT | 55 | 55 | 130 | x=(5*(9+(7+10))) | x 5 9 7 10 + + * = | x:can 5:can 9:package 7:package 10:package +:package +:package *:can =:can
EXPR: 0 | POS | INT | 55 | 55 | 147 | (((9+5)*10)+7)=x | 9 5 + 10 * 7 + x = | 9:package 5:package +:package 10:can *:can 7:can +:can x:can =:can
EXPR: 0 | POS | INT | 55 | 55 | 47 | (((9-5)*10)+7)=x | 9 5 - 10 * 7 + x = | 9:package 5:package -:package 10:can *:can 7:can +:can x:can =:can
EXPR: 0 | POS | INT | 55 | 55 | 88 | x=(((9*10)+5)-7) | x 9 10 * 5 + 7 - = | x:can 9:can 10:package *:can 5:can +:can 7:can -:can =:can
EXPR: 0 | POS | INT | 55 | 55 | 148 | (((7+10)*9)-5)=x | 7 10 + 9 * 5 - x = | 7:can 10:can +:can 9:package *:package 5:package -:package x:package =:package
EXPR: 0 | POS | INT | 55 | 55 | 413 | ((9+(10*5))*7)=x | 9 10 5 * + 7 * x = | 9:package 10:can 5:package *:package +:package 7:can *:package x:package =:package
EXPR: 0 | POS | INT | 55 | 55 | 595 | (((9*10)-5)*7)=x | 9 10 * 5 - 7 * x = | 9:package 10:can *:package 5:package -:package 7:can *:package x:package =:package
EXPR: 0 | POS | INT | 55 | 55 | 665 | (((9*10)+5)*7)=x | 9 10 * 5 + 7 * x = | 9:package 10:can *:package 5:package +:package 7:can *:package x:package =:package
EXPR: 0 | POS | INT | 55 | 55 | 4 | x=((9+(10/5))-7) | x 9 10 5 / + 7 - = | x:can 9:can 10:can 5:package /:can +:can 7:can -:can =:can
EXPR: 0 | POS | INT | 55 | 55 | 98 | x=(((9+10)-5)*7) | x 9 10 + 5 - 7 * = | x:can 9:package 10:package +:package 5:package -:package 7:can *:can =:can
EXPR: 0 | POS | INT | 57 | 55 | 0 | 9=((10/5)+(7+x)) | 9 10 5 / 7 x + + = | 9:can 10:can 5:package /:can 7:can x:can +:can +:can =:can
EXPR: 0 | POS | INT | 57 | 55 | 68 | 5=(((9*7)+10)-x) | 5 9 7 * 10 + x - = | 5:can 9:can 7:package *:can 10:can +:can x:can -:can =:can
EXPR: 0 | POS | INT | 57 | 55 | 520 | (x/((9*5)+7))=10 | x 9 5 * 7 + / 10 = | x:package 9:package 5:can *:can 7:can +:can /:package 10:package =:package
EXPR: 0 | POS | INT | 57 | 55 | 395 | (x/((7*10)+9))=5 | x 7 10 * 9 + / 5 = | x:package 7:package 10:can *:can 9:can +:can /:package 5:package =:package
EXPR: 0 | POS | INT | 57 | 55 | 24 | 9=(x+(5*(7-10))) | 9 x 5 7 10 - * + = | 9:can x:can 5:package 7:can 10:can -:can *:can +:can =:can
EXPR: 0 | POS | INT | 57 | 55 | 125 | ((x-(9*10))/5)=7 | x 9 10 * - 5 / 7 = | x:package 9:can 10:package *:package -:package 5:can /:package 7:package =:package
EXPR: 0 | POS | INT | 57 | 55 | 7 | 9=((5-10)+(7+x)) | 9 5 10 - 7 x + + = | 9:can 5:can 10:can -:can 7:can x:can +:can +:can =:can
EXPR: 0 | POS | INT | 57 | 55 | 7 | 9=((5-(10-7))+x) | 9 5 10 7 - - x + = | 9:can 5:can 10:can 7:can -:can -:can x:can +:can =:can
EXPR: 0 | POS | INT | 57 | 55 | 1 | 9=(5+(10+(x-7))) | 9 5 10 x 7 - + + = | 9:can 5:can 10:can x:can 7:can -:can +:can +:can =:can
EXPR: 0 | POS | INT | 57 | 55 | 13 | 9=(5+(10-(x-7))) | 9 5 10 x 7 - - + = | 9:can 5:can 10:can x:can 7:can -:can -:can +:can =:can
EXPR: 0 | POS | INT | 57 | 55 | 48 | 9=(((10*5)-x)+7) | 9 10 5 * x - 7 + = | 9:can 10:package 5:can *:can x:can -:can 7:can +:can =:can
EXPR: 0 | POS | INT | 57 | 55 | 48 | ((9+x)-(10*5))=7 | 9 x + 10 5 * - 7 = | 9:can x:can +:can 10:package 5:can *:can -:can 7:can =:can
EXPR: 0 | POS | INT | 62 | 55 | 34 | (((10-9)+x)/5)=7 | 10 9 - x + 5 / 7 = | 10:package 9:package -:package x:package +:package 5:can /:package 7:package =:package
EXPR: 0 | POS | INT | 62 | 55 | 2 | 7=(x-(5/(9-10))) | 7 x 5 9 10 - / - = | 7:can x:can 5:can 9:package 10:package -:package /:can -:can =:can
EXPR: 0 | POS | INT | 62 | 55 | 12 | 7=(x+(5/(9-10))) | 7 x 5 9 10 - / + = | 7:can x:can 5:can 9:package 10:package -:package /:can +:can =:can
EXPR: 0 | POS | INT | 62 | 55 | 14 | (((7-x)+9)*5)=10 | 7 x - 9 + 5 * 10 = | 7:can x:can -:can 9:can +:can 5:package *:package 10:package =:package
EXPR: 0 | POS | INT | 62 | 55 | 21 | 7=(x+(5-(9+10))) | 7 x 5 9 10 + - + = | 7:can x:can 5:can 9:can 10:can +:can -:can +:can =:can
EXPR: 0 | POS | INT | 62 | 55 | 13 | 7=(x-(5-(9-10))) | 7 x 5 9 10 - - - = | 7:can x:can 5:can 9:can 10:can -:can -:can -:can =:can
EXPR: 0 | POS | INT | 62 | 55 | 1 | 7=(x+(5-(9-10))) | 7 x 5 9 10 - - + = | 7:can x:can 5:can 9:can 10:can -:can -:can +:can =:can
EXPR: 0 | POS | INT | 62 | 55 | 17 | 7=((5+(9+10))-x) | 7 5 9 10 + + x - = | 7:can 5:can 9:can 10:can +:can +:can x:can -:can =:can
EXPR: 0 | POS | INT | 62 | 55 | 1 | 7=((5-9)+(10+x)) | 7 5 9 - 10 x + + = | 7:can 5:can 9:can -:can 10:can x:can +:can +:can =:can
EXPR: 0 | POS | INT | 62 | 55 | 3 | 7=((5+(9-10))+x) | 7 5 9 10 - + x + = | 7:can 5:can 9:can 10:can -:can +:can x:can +:can =:can
EXPR: 0 | POS | INT | 65 | 55 | 513 | x=((7+(10*5))*9) | x 7 10 5 * + 9 * = | x:can 7:can 10:package 5:can *:can +:can 9:package *:can =:can
EXPR: 0 | POS | INT | 65 | 55 | 28 | x=(((9+5)-10)*7) | x 9 5 + 10 - 7 * = | x:can 9:package 5:package +:package 10:package -:package 7:can *:can =:can
EXPR: 0 | POS | INT | 65 | 55 | 70 | x=((5-(7-9))*10) | x 5 7 9 - - 10 * = | x:can 5:package 7:package 9:package -:package -:package 10:can *:can =:can
EXPR: 0 | POS | INT | 65 | 55 | 585 | x=(((7*10)-5)*9) | x 7 10 * 5 - 9 * = | x:can 7:package 10:can *:package 5:package -:package 9:can *:can =:can
EXPR: 0 | POS | INT | 65 | 55 | 88 | x=(((9/5)+7)*10) | x 9 5 / 7 + 10 * = | x:can 9:can 5:package /:can 7:can +:can 10:package *:can =:can
EXPR: 0 | POS | INT | 65 | 55 | 98 | x=(((9-5)+10)*7) | x 9 5 - 10 + 7 * = | x:can 9:package 5:package -:package 10:package +:package 7:can *:can =:can
EXPR: 1 | POS | INT | 67 | 55 | 55 | (((7*5)+x)/10)=9 | 7 5 * x + 10 / 9 = | 7:package 5:can *:package x:package +:package 10:can /:package 9:package =:package
EXPR: 0 | POS | INT | 67 | 55 | 8 | (((10-x)*7)-5)=9 | 10 x - 7 * 5 - 9 = | 10:can x:can -:can 7:package *:package 5:package -:package 9:package =:package
EXPR: 0 | POS | INT | 67 | 55 | 1 | 9=((10/5)+(7/x)) | 9 10 5 / 7 x / + = | 9:can 10:can 5:package /:can 7:can x:package /:can +:can =:can
EXPR: 0 | POS | INT | 67 | 55 | 135 | 5=((x/9)/(10-7)) | 5 x 9 / 10 7 - / = | 5:can x:can 9:package /:can 10:package 7:package -:package /:can =:can
EXPR: 0 | POS | INT | 67 | 55 | 42 | 5=(((x/7)+9)-10) | 5 x 7 / 9 + 10 - = | 5:can x:can 7:package /:can 9:can +:can 10:can -:can =:can
EXPR: 0 | POS | INT | 67 | 55 | 2 | (((7*x)+5)-10)=9 | 7 x * 5 + 10 - 9 = | 7:package x:can *:can 5:can +:can 10:can -:can 9:can =:can
EXPR: 0 | POS | INT | 67 | 55 | 25 | ((x+(9*5))/10)=7 | x 9 5 * + 10 / 7 = | x:package 9:can 5:package *:package +:package 10:can /:package 7:package =:package
EXPR: 0 | POS | INT | 67 | 55 | 17 | 7=(10+(5-(x-9))) | 7 10 5 x 9 - - + = | 7:can 10:can 5:can x:can 9:can -:can -:can +:can =:can
EXPR: 0 | POS | INT | 70 | 55 | 110 | (10*(9-(5-7)))=x | 10 9 5 7 - - * x = | 10:package 9:can 5:can 7:can -:can -:can *:can x:can =:can
EXPR: 0 | POS | INT | 70 | 55 | 70 | (10*(9+(5-7)))=x | 10 9 5 7 - + * x = | 10:package 9:can 5:can 7:can -:can +:can *:can x:can =:can
EXPR: 0 | POS | INT | 70 | 55 | 385 | (7*((9*5)+10))=x | 7 9 5 * 10 + * x = | 7:can 9:can 5:package *:package 10:package +:package *:package x:package =:package
EXPR: 0 | POS | INT | 70 | 55 | 98 | (((7+5)*9)-10)=x | 7 5 + 9 * 10 - x = | 7:can 5:can +:can 9:package *:package 10:package -:package x:package =:package
EXPR: 0 | POS | INT | 70 | 55 | 380 | (10*((9*5)-7))=x | 10 9 5 * 7 - * x = | 10:package 9:package 5:can *:can 7:can -:can *:package x:package =:package
EXPR: 0 | POS | INT | 72 | 55 | 12 | 7=(x+(5*(9-10))) | 7 x 5 9 10 - * + = | 7:can x:can 5:package 9:can 10:can -:can *:can +:can =:can
EXPR: 0 | POS | INT | 72 | 55 | 32 | 10=(((x-5)/9)+7) | 10 x 5 - 9 / 7 + = | 10:can x:can 5:can -:can 9:package /:can 7:can +:can =:can
EXPR: 0 | POS | INT | 72 | 55 | 98 | (((7+5)*9)-x)=10 | 7 5 + 9 * x - 10 = | 7:can 5:can +:can 9:package *:package x:package -:package 10:package =:package
EXPR: 0 | POS | INT | 72 | 55 | 380 | (x/10)=((9*5)-7) | x 10 / 9 5 * 7 - = | x:can 10:package /:can 9:package 5:can *:can 7:can -:can =:can
EXPR: 0 | POS | INT | 75 | 55 | 415 | x=(5*((9*10)-7)) | x 5 9 10 * 7 - * = | x:can 5:package 9:package 10:can *:can 7:can -:can *:can =:can
EXPR: 0 | POS | INT | 75 | 55 | 485 | x=(5*((9*10)+7)) | x 5 9 10 * 7 + * = | x:can 5:package 9:package 10:can *:can 7:can +:can *:can =:can
EXPR: 0 | POS | INT | 75 | 55 | 2 | x=((7-5)*(10-9)) | x 7 5 - 10 9 - * = | x:can 7:package 5:package -:package 10:can 9:can -:can *:can =:can
EXPR: 0 | POS | INT | 75 | 55 | 11 | x=(((7-5)*10)-9) | x 7 5 - 10 * 9 - = | x:can 7:package 5:package -:package 10:can *:can 9:can -:can =:can
EXPR: 0 | POS | INT | 75 | 55 | 66 | x=(((7*10)+5)-9) | x 7 10 * 5 + 9 - = | x:can 7:can 10:package *:can 5:can +:can 9:can -:can =:can
EXPR: 0 | POS | INT | 75 | 55 | 29 | x=(((7-5)*10)+9) | x 7 5 - 10 * 9 + = | x:can 7:package 5:package -:package 10:can *:can 9:can +:can =:can
EXPR: 0 | POS | INT | 75 | 55 | 48 | (((9*5)+10)-7)=x | 9 5 * 10 + 7 - x = | 9:can 5:package *:package 10:package +:package 7:package -:package x:package =:package
EXPR: 0 | POS | INT | 75 | 55 | 48 | x=((7+(10*5))-9) | x 7 10 5 * + 9 - = | x:can 7:can 10:can 5:package *:can +:can 9:can -:can =:can
EXPR: 0 | POS | INT | 75 | 55 | 210 | (10*(7+(9+5)))=x | 10 7 9 5 + + * x = | 10:package 7:can 9:can 5:can +:can +:can *:package x:package =:package
EXPR: 0 | POS | INT | 77 | 55 | 3 | ((7+10)-5)=(9+x) | 7 10 + 5 - 9 x + = | 7:can 10:can +:can 5:can -:can 9:can x:can +:can =:can
EXPR: 0 | POS | INT | 77 | 55 | 78 | (((7+5)+x)/10)=9 | 7 5 + x + 10 / 9 = | 7:package 5:package +:package x:package +:package 10:can /:package 9:package =:package
EXPR: 0 | POS | INT | 77 | 55 | 12 | 7=(x-(5/(10-9))) | 7 x 5 10 9 - / - = | 7:can x:can 5:can 10:package 9:package -:package /:can -:can =:can
EXPR: 0 | POS | INT | 77 | 55 | 115 | ((x-(7*10))/5)=9 | x 7 10 * - 5 / 9 = | x:package 7:can 10:package *:package -:package 5:can /:package 9:package =:package
EXPR: 0 | POS | INT | 77 | 55 | 3 | 7=((5-(10-9))+x) | 7 5 10 9 - - x + = | 7:can 5:can 10:can 9:can -:can -:can x:can +:can =:can
NET 232 unique, non-negative, integer-valued solutions found out of 1000 total solutions
