parameters: n=5 l=2 k=1 p=5 q=2 m=8
TOTAL 136 solutions found
SOLN: CORRECT | POS/NEG | INT/FRA | OBJ-SCORE | TRUE-ANS | ANS | INFIX | POSTFIX | TYPED-POSTFIX
EXPR: 0 | POS | INT | 2 | 0.666667 | 3 | 0.16666666666666666=(0.5/x) | 0.16666666666666666 0.5 x / = | 0.16666666666666666:mile 0.5:mile x:DISTANCE /:mile =:mile
EXPR: 0 | POS | FRA | 2 | 0.666667 | 0.333333333333333 | 0.16666666666666666=(x*0.5) | 0.16666666666666666 x 0.5 * = | 0.16666666666666666:mile x:DISTANCE 0.5:mile *:mile =:mile
EXPR: 0 | POS | FRA | 2 | 0.666667 | 0.333333333333333 | 0.16666666666666666=(0.5*x) | 0.16666666666666666 0.5 x * = | 0.16666666666666666:mile 0.5:mile x:DISTANCE *:mile =:mile
EXPR: 0 | POS | INT | 2 | 0.666667 | 3 | (x*0.16666666666666666)=0.5 | x 0.16666666666666666 * 0.5 = | x:DISTANCE 0.16666666666666666:mile *:mile 0.5:mile =:mile
EXPR: 0 | POS | INT | 2 | 0.666667 | 3 | (0.16666666666666666*x)=0.5 | 0.16666666666666666 x * 0.5 = | 0.16666666666666666:mile x:DISTANCE *:mile 0.5:mile =:mile
EXPR: 0 | POS | FRA | 2 | 0.666667 | 0.333333333333333 | (0.16666666666666666/x)=0.5 | 0.16666666666666666 x / 0.5 = | 0.16666666666666666:mile x:DISTANCE /:mile 0.5:mile =:mile
EXPR: 0 | POS | FRA | 10 | 0.666667 | 0.0833333333333333 | (0.16666666666666666*0.5)=x | 0.16666666666666666 0.5 * x = | 0.16666666666666666:mile 0.5:DISTANCE *:DISTANCE x:DISTANCE =:DISTANCE
EXPR: 1 | POS | FRA | 10 | 0.666667 | 0.666666666666667 | (0.16666666666666666+0.5)=x | 0.16666666666666666 0.5 + x = | 0.16666666666666666:mile 0.5:mile +:mile x:mile =:mile
EXPR: 0 | POS | FRA | 10 | 0.666667 | 0.0833333333333333 | x=(0.16666666666666666*0.5) | x 0.16666666666666666 0.5 * = | x:DISTANCE 0.16666666666666666:mile 0.5:DISTANCE *:DISTANCE =:DISTANCE
EXPR: 1 | POS | FRA | 10 | 0.666667 | 0.666666666666667 | x=(0.16666666666666666+0.5) | x 0.16666666666666666 0.5 + = | x:mile 0.16666666666666666:mile 0.5:mile +:mile =:mile
EXPR: 0 | POS | FRA | 10 | 0.666667 | 0.333333333333333 | x=(0.16666666666666666/0.5) | x 0.16666666666666666 0.5 / = | x:DISTANCE 0.16666666666666666:DISTANCE 0.5:mile /:DISTANCE =:DISTANCE
EXPR: 0 | POS | FRA | 10 | 0.666667 | 0.333333333333333 | (0.16666666666666666/0.5)=x | 0.16666666666666666 0.5 / x = | 0.16666666666666666:DISTANCE 0.5:mile /:DISTANCE x:DISTANCE =:DISTANCE
EXPR: 0 | POS | FRA | 12 | 0.666667 | 0.333333333333333 | 0.5=(0.16666666666666666/x) | 0.5 0.16666666666666666 x / = | 0.5:mile 0.16666666666666666:mile x:DISTANCE /:mile =:mile
EXPR: 0 | POS | FRA | 12 | 0.666667 | 0.333333333333333 | (x*0.5)=0.16666666666666666 | x 0.5 * 0.16666666666666666 = | x:DISTANCE 0.5:mile *:mile 0.16666666666666666:mile =:mile
EXPR: 0 | POS | FRA | 12 | 0.666667 | 0.0833333333333333 | 0.16666666666666666=(x/0.5) | 0.16666666666666666 x 0.5 / = | 0.16666666666666666:DISTANCE x:DISTANCE 0.5:mile /:DISTANCE =:DISTANCE
EXPR: 0 | POS | INT | 12 | 0.666667 | 3 | 0.5=(0.16666666666666666*x) | 0.5 0.16666666666666666 x * = | 0.5:mile 0.16666666666666666:mile x:DISTANCE *:mile =:mile
EXPR: 1 | POS | FRA | 12 | 0.666667 | 0.666666666666667 | 0.16666666666666666=(x-0.5) | 0.16666666666666666 x 0.5 - = | 0.16666666666666666:mile x:mile 0.5:mile -:mile =:mile
EXPR: 0 | POS | INT | 12 | 0.666667 | 3 | 0.5=(x*0.16666666666666666) | 0.5 x 0.16666666666666666 * = | 0.5:mile x:DISTANCE 0.16666666666666666:mile *:mile =:mile
EXPR: 0 | POS | FRA | 12 | 0.666667 | 0.333333333333333 | 0.16666666666666666=(0.5-x) | 0.16666666666666666 0.5 x - = | 0.16666666666666666:mile 0.5:mile x:mile -:mile =:mile
EXPR: 0 | POS | FRA | 12 | 0.666667 | 0.333333333333333 | (0.5*x)=0.16666666666666666 | 0.5 x * 0.16666666666666666 = | 0.5:mile x:DISTANCE *:mile 0.16666666666666666:mile =:mile
EXPR: 0 | POS | INT | 12 | 0.666667 | 3 | (0.5/x)=0.16666666666666666 | 0.5 x / 0.16666666666666666 = | 0.5:mile x:DISTANCE /:mile 0.16666666666666666:mile =:mile
EXPR: 0 | POS | FRA | 12 | 0.666667 | 0.333333333333333 | (x+0.16666666666666666)=0.5 | x 0.16666666666666666 + 0.5 = | x:mile 0.16666666666666666:mile +:mile 0.5:mile =:mile
EXPR: 0 | POS | FRA | 12 | 0.666667 | 0.333333333333333 | (0.16666666666666666+x)=0.5 | 0.16666666666666666 x + 0.5 = | 0.16666666666666666:mile x:mile +:mile 0.5:mile =:mile
EXPR: 1 | POS | FRA | 12 | 0.666667 | 0.666666666666667 | (x-0.16666666666666666)=0.5 | x 0.16666666666666666 - 0.5 = | x:mile 0.16666666666666666:mile -:mile 0.5:mile =:mile
EXPR: 0 | POS | FRA | 12 | 0.666667 | 0.0833333333333333 | (x/0.16666666666666666)=0.5 | x 0.16666666666666666 / 0.5 = | x:DISTANCE 0.16666666666666666:mile /:DISTANCE 0.5:DISTANCE =:DISTANCE
EXPR: 0 | POS | INT | 20 | 0.666667 | 3 | (0.5/0.16666666666666666)=x | 0.5 0.16666666666666666 / x = | 0.5:DISTANCE 0.16666666666666666:mile /:DISTANCE x:DISTANCE =:DISTANCE
EXPR: 0 | POS | FRA | 20 | 0.666667 | 0.333333333333333 | x=(0.5-0.16666666666666666) | x 0.5 0.16666666666666666 - = | x:mile 0.5:mile 0.16666666666666666:mile -:mile =:mile
EXPR: 0 | POS | FRA | 20 | 0.666667 | 0.333333333333333 | (0.5-0.16666666666666666)=x | 0.5 0.16666666666666666 - x = | 0.5:mile 0.16666666666666666:mile -:mile x:mile =:mile
EXPR: 0 | POS | INT | 20 | 0.666667 | 3 | x=(0.5/0.16666666666666666) | x 0.5 0.16666666666666666 / = | x:DISTANCE 0.5:DISTANCE 0.16666666666666666:mile /:DISTANCE =:DISTANCE
EXPR: 0 | POS | FRA | 22 | 0.666667 | 0.333333333333333 | (0.5-x)=0.16666666666666666 | 0.5 x - 0.16666666666666666 = | 0.5:mile x:mile -:mile 0.16666666666666666:mile =:mile
EXPR: 0 | POS | FRA | 22 | 0.666667 | 0.0833333333333333 | (x/0.5)=0.16666666666666666 | x 0.5 / 0.16666666666666666 = | x:DISTANCE 0.5:mile /:DISTANCE 0.16666666666666666:DISTANCE =:DISTANCE
EXPR: 1 | POS | FRA | 22 | 0.666667 | 0.666666666666667 | (x-0.5)=0.16666666666666666 | x 0.5 - 0.16666666666666666 = | x:mile 0.5:mile -:mile 0.16666666666666666:mile =:mile
EXPR: 1 | POS | FRA | 22 | 0.666667 | 0.666666666666667 | 0.5=(x-0.16666666666666666) | 0.5 x 0.16666666666666666 - = | 0.5:mile x:mile 0.16666666666666666:mile -:mile =:mile
EXPR: 0 | POS | FRA | 22 | 0.666667 | 0.333333333333333 | 0.5=(x+0.16666666666666666) | 0.5 x 0.16666666666666666 + = | 0.5:mile x:mile 0.16666666666666666:mile +:mile =:mile
EXPR: 0 | POS | FRA | 22 | 0.666667 | 0.333333333333333 | 0.5=(0.16666666666666666+x) | 0.5 0.16666666666666666 x + = | 0.5:mile 0.16666666666666666:mile x:mile +:mile =:mile
EXPR: 0 | POS | FRA | 22 | 0.666667 | 0.0833333333333333 | 0.5=(x/0.16666666666666666) | 0.5 x 0.16666666666666666 / = | 0.5:DISTANCE x:DISTANCE 0.16666666666666666:mile /:DISTANCE =:DISTANCE
NET 36 unique, non-negative solutions found out of 136 total solutions
