parameters: n=7 l=3 k=1 p=5 q=1 m=9
TOTAL 480 solutions found
SOLN: CORRECT | POS/NEG | INT/FRA | OBJ-SCORE | TRUE-ANS | ANS | INFIX | POSTFIX | TYPED-POSTFIX
EXPR: 1 | POS | FRA | 0 | 0.833333 | 0.833333333333333 | (0.08333333333333333+(0.08333333333333333+0.6666666666666666))=x | 0.08333333333333333 0.08333333333333333 0.6666666666666666 + + x = | 0.08333333333333333:mile 0.08333333333333333:mile 0.6666666666666666:mile +:mile +:mile x:mile =:mile
EXPR: 0 | POS | FRA | 0 | 0.833333 | 0.666666666666667 | x=((0.08333333333333333-0.08333333333333333)+0.6666666666666666) | x 0.08333333333333333 0.08333333333333333 - 0.6666666666666666 + = | x:mile 0.08333333333333333:mile 0.08333333333333333:mile -:mile 0.6666666666666666:mile +:mile =:mile
EXPR: 0 | POS | FRA | 0 | 0.833333 | 0.666666666666667 | x=(0.08333333333333333-(0.08333333333333333-0.6666666666666666)) | x 0.08333333333333333 0.08333333333333333 0.6666666666666666 - - = | x:mile 0.08333333333333333:mile 0.08333333333333333:mile 0.6666666666666666:mile -:mile -:mile =:mile
EXPR: 1 | POS | FRA | 0 | 0.833333 | 0.833333333333333 | x=(0.08333333333333333+(0.08333333333333333+0.6666666666666666)) | x 0.08333333333333333 0.08333333333333333 0.6666666666666666 + + = | x:mile 0.08333333333333333:mile 0.08333333333333333:mile 0.6666666666666666:mile +:mile +:mile =:mile
EXPR: 1 | POS | FRA | 0 | 0.833333 | 0.833333333333333 | x=((0.08333333333333333+0.08333333333333333)+0.6666666666666666) | x 0.08333333333333333 0.08333333333333333 + 0.6666666666666666 + = | x:mile 0.08333333333333333:mile 0.08333333333333333:mile +:mile 0.6666666666666666:mile +:mile =:mile
EXPR: 0 | POS | FRA | 0 | 0.833333 | 0.666666666666667 | (0.08333333333333333-(0.08333333333333333-0.6666666666666666))=x | 0.08333333333333333 0.08333333333333333 0.6666666666666666 - - x = | 0.08333333333333333:mile 0.08333333333333333:mile 0.6666666666666666:mile -:mile -:mile x:mile =:mile
EXPR: 0 | POS | FRA | 0 | 0.833333 | 0.666666666666667 | ((0.08333333333333333-0.08333333333333333)+0.6666666666666666)=x | 0.08333333333333333 0.08333333333333333 - 0.6666666666666666 + x = | 0.08333333333333333:mile 0.08333333333333333:mile -:mile 0.6666666666666666:mile +:mile x:mile =:mile
EXPR: 1 | POS | FRA | 0 | 0.833333 | 0.833333333333333 | ((0.08333333333333333+0.08333333333333333)+0.6666666666666666)=x | 0.08333333333333333 0.08333333333333333 + 0.6666666666666666 + x = | 0.08333333333333333:mile 0.08333333333333333:mile +:mile 0.6666666666666666:mile +:mile x:mile =:mile
EXPR: 1 | POS | FRA | 2 | 0.833333 | 0.833333333333333 | 0.08333333333333333=((x-0.08333333333333333)-0.6666666666666666) | 0.08333333333333333 x 0.08333333333333333 - 0.6666666666666666 - = | 0.08333333333333333:mile x:mile 0.08333333333333333:mile -:mile 0.6666666666666666:mile -:mile =:mile
EXPR: 0 | POS | FRA | 2 | 0.833333 | 0.666666666666667 | 0.08333333333333333=(0.08333333333333333+(0.6666666666666666-x)) | 0.08333333333333333 0.08333333333333333 0.6666666666666666 x - + = | 0.08333333333333333:mile 0.08333333333333333:mile 0.6666666666666666:mile x:mile -:mile +:mile =:mile
EXPR: 0 | POS | FRA | 2 | 0.833333 | 0.666666666666667 | 0.08333333333333333=(0.08333333333333333-(0.6666666666666666-x)) | 0.08333333333333333 0.08333333333333333 0.6666666666666666 x - - = | 0.08333333333333333:mile 0.08333333333333333:mile 0.6666666666666666:mile x:mile -:mile -:mile =:mile
EXPR: 0 | POS | FRA | 2 | 0.833333 | 0.666666666666667 | 0.08333333333333333=((0.08333333333333333+0.6666666666666666)-x) | 0.08333333333333333 0.08333333333333333 0.6666666666666666 + x - = | 0.08333333333333333:mile 0.08333333333333333:mile 0.6666666666666666:mile +:mile x:mile -:mile =:mile
EXPR: 0 | POS | FRA | 2 | 0.833333 | 0.666666666666667 | 0.08333333333333333=((0.08333333333333333+x)-0.6666666666666666) | 0.08333333333333333 0.08333333333333333 x + 0.6666666666666666 - = | 0.08333333333333333:mile 0.08333333333333333:mile x:mile +:mile 0.6666666666666666:mile -:mile =:mile
EXPR: 0 | POS | FRA | 2 | 0.833333 | 0.666666666666667 | ((0.08333333333333333-0.08333333333333333)+x)=0.6666666666666666 | 0.08333333333333333 0.08333333333333333 - x + 0.6666666666666666 = | 0.08333333333333333:mile 0.08333333333333333:mile -:mile x:mile +:mile 0.6666666666666666:mile =:mile
EXPR: 0 | POS | FRA | 2 | 0.833333 | 0.5 | ((0.08333333333333333+0.08333333333333333)+x)=0.6666666666666666 | 0.08333333333333333 0.08333333333333333 + x + 0.6666666666666666 = | 0.08333333333333333:mile 0.08333333333333333:mile +:mile x:mile +:mile 0.6666666666666666:mile =:mile
EXPR: 1 | POS | FRA | 2 | 0.833333 | 0.833333333333333 | 0.08333333333333333=(x-(0.08333333333333333+0.6666666666666666)) | 0.08333333333333333 x 0.08333333333333333 0.6666666666666666 + - = | 0.08333333333333333:mile x:mile 0.08333333333333333:mile 0.6666666666666666:mile +:mile -:mile =:mile
EXPR: 0 | POS | FRA | 2 | 0.833333 | 0.5 | ((0.08333333333333333+x)+0.08333333333333333)=0.6666666666666666 | 0.08333333333333333 x + 0.08333333333333333 + 0.6666666666666666 = | 0.08333333333333333:mile x:mile +:mile 0.08333333333333333:mile +:mile 0.6666666666666666:mile =:mile
EXPR: 0 | POS | FRA | 2 | 0.833333 | 0.666666666666667 | 0.08333333333333333=((0.08333333333333333-0.6666666666666666)+x) | 0.08333333333333333 0.08333333333333333 0.6666666666666666 - x + = | 0.08333333333333333:mile 0.08333333333333333:mile 0.6666666666666666:mile -:mile x:mile +:mile =:mile
EXPR: 0 | POS | FRA | 2 | 0.833333 | 0.666666666666667 | 0.08333333333333333=(x+(0.08333333333333333-0.6666666666666666)) | 0.08333333333333333 x 0.08333333333333333 0.6666666666666666 - + = | 0.08333333333333333:mile x:mile 0.08333333333333333:mile 0.6666666666666666:mile -:mile +:mile =:mile
EXPR: 0 | POS | FRA | 2 | 0.833333 | 0.666666666666667 | 0.08333333333333333=((x+0.08333333333333333)-0.6666666666666666) | 0.08333333333333333 x 0.08333333333333333 + 0.6666666666666666 - = | 0.08333333333333333:mile x:mile 0.08333333333333333:mile +:mile 0.6666666666666666:mile -:mile =:mile
EXPR: 0 | POS | FRA | 2 | 0.833333 | 0.666666666666667 | 0.08333333333333333=((0.08333333333333333-x)+0.6666666666666666) | 0.08333333333333333 0.08333333333333333 x - 0.6666666666666666 + = | 0.08333333333333333:mile 0.08333333333333333:mile x:mile -:mile 0.6666666666666666:mile +:mile =:mile
EXPR: 0 | POS | FRA | 2 | 0.833333 | 0.5 | ((x+0.08333333333333333)+0.08333333333333333)=0.6666666666666666 | x 0.08333333333333333 + 0.08333333333333333 + 0.6666666666666666 = | x:mile 0.08333333333333333:mile +:mile 0.08333333333333333:mile +:mile 0.6666666666666666:mile =:mile
EXPR: 0 | POS | FRA | 2 | 0.833333 | 0.666666666666667 | (0.08333333333333333-(0.08333333333333333-x))=0.6666666666666666 | 0.08333333333333333 0.08333333333333333 x - - 0.6666666666666666 = | 0.08333333333333333:mile 0.08333333333333333:mile x:mile -:mile -:mile 0.6666666666666666:mile =:mile
EXPR: 1 | POS | FRA | 2 | 0.833333 | 0.833333333333333 | (x-(0.08333333333333333+0.08333333333333333))=0.6666666666666666 | x 0.08333333333333333 0.08333333333333333 + - 0.6666666666666666 = | x:mile 0.08333333333333333:mile 0.08333333333333333:mile +:mile -:mile 0.6666666666666666:mile =:mile
EXPR: 0 | POS | FRA | 2 | 0.833333 | 0.666666666666667 | ((x-0.08333333333333333)+0.08333333333333333)=0.6666666666666666 | x 0.08333333333333333 - 0.08333333333333333 + 0.6666666666666666 = | x:mile 0.08333333333333333:mile -:mile 0.08333333333333333:mile +:mile 0.6666666666666666:mile =:mile
EXPR: 0 | POS | FRA | 2 | 0.833333 | 0.666666666666667 | ((0.08333333333333333+x)-0.08333333333333333)=0.6666666666666666 | 0.08333333333333333 x + 0.08333333333333333 - 0.6666666666666666 = | 0.08333333333333333:mile x:mile +:mile 0.08333333333333333:mile -:mile 0.6666666666666666:mile =:mile
EXPR: 0 | POS | FRA | 2 | 0.833333 | 0.666666666666667 | ((x+0.08333333333333333)-0.08333333333333333)=0.6666666666666666 | x 0.08333333333333333 + 0.08333333333333333 - 0.6666666666666666 = | x:mile 0.08333333333333333:mile +:mile 0.08333333333333333:mile -:mile 0.6666666666666666:mile =:mile
EXPR: 0 | POS | FRA | 2 | 0.833333 | 0.5 | (0.08333333333333333+(0.08333333333333333+x))=0.6666666666666666 | 0.08333333333333333 0.08333333333333333 x + + 0.6666666666666666 = | 0.08333333333333333:mile 0.08333333333333333:mile x:mile +:mile +:mile 0.6666666666666666:mile =:mile
EXPR: 1 | POS | FRA | 2 | 0.833333 | 0.833333333333333 | ((x-0.08333333333333333)-0.08333333333333333)=0.6666666666666666 | x 0.08333333333333333 - 0.08333333333333333 - 0.6666666666666666 = | x:mile 0.08333333333333333:mile -:mile 0.08333333333333333:mile -:mile 0.6666666666666666:mile =:mile
EXPR: 0 | POS | FRA | 2 | 0.833333 | 0.666666666666667 | (x-(0.08333333333333333-0.08333333333333333))=0.6666666666666666 | x 0.08333333333333333 0.08333333333333333 - - 0.6666666666666666 = | x:mile 0.08333333333333333:mile 0.08333333333333333:mile -:mile -:mile 0.6666666666666666:mile =:mile
EXPR: 0 | POS | FRA | 2 | 0.833333 | 0.666666666666667 | (0.08333333333333333+(x-0.08333333333333333))=0.6666666666666666 | 0.08333333333333333 x 0.08333333333333333 - + 0.6666666666666666 = | 0.08333333333333333:mile x:mile 0.08333333333333333:mile -:mile +:mile 0.6666666666666666:mile =:mile
EXPR: 0 | POS | FRA | 2 | 0.833333 | 0.5 | (0.08333333333333333+(x+0.08333333333333333))=0.6666666666666666 | 0.08333333333333333 x 0.08333333333333333 + + 0.6666666666666666 = | 0.08333333333333333:mile x:mile 0.08333333333333333:mile +:mile +:mile 0.6666666666666666:mile =:mile
EXPR: 0 | POS | FRA | 2 | 0.833333 | 0.666666666666667 | 0.08333333333333333=(0.08333333333333333-(x-0.6666666666666666)) | 0.08333333333333333 0.08333333333333333 x 0.6666666666666666 - - = | 0.08333333333333333:mile 0.08333333333333333:mile x:mile 0.6666666666666666:mile -:mile -:mile =:mile
EXPR: 0 | POS | FRA | 2 | 0.833333 | 0.666666666666667 | 0.08333333333333333=(0.08333333333333333+(x-0.6666666666666666)) | 0.08333333333333333 0.08333333333333333 x 0.6666666666666666 - + = | 0.08333333333333333:mile 0.08333333333333333:mile x:mile 0.6666666666666666:mile -:mile +:mile =:mile
EXPR: 0 | POS | FRA | 2 | 0.833333 | 0.5 | (x+(0.08333333333333333+0.08333333333333333))=0.6666666666666666 | x 0.08333333333333333 0.08333333333333333 + + 0.6666666666666666 = | x:mile 0.08333333333333333:mile 0.08333333333333333:mile +:mile +:mile 0.6666666666666666:mile =:mile
EXPR: 0 | POS | FRA | 2 | 0.833333 | 0.666666666666667 | (x+(0.08333333333333333-0.08333333333333333))=0.6666666666666666 | x 0.08333333333333333 0.08333333333333333 - + 0.6666666666666666 = | x:mile 0.08333333333333333:mile 0.08333333333333333:mile -:mile +:mile 0.6666666666666666:mile =:mile
EXPR: 0 | POS | FRA | 10 | 0.833333 | 0.666666666666667 | (0.08333333333333333+(0.6666666666666666-0.08333333333333333))=x | 0.08333333333333333 0.6666666666666666 0.08333333333333333 - + x = | 0.08333333333333333:mile 0.6666666666666666:mile 0.08333333333333333:mile -:mile +:mile x:mile =:mile
EXPR: 0 | POS | FRA | 10 | 0.833333 | 0.666666666666667 | x=((0.08333333333333333+0.6666666666666666)-0.08333333333333333) | x 0.08333333333333333 0.6666666666666666 + 0.08333333333333333 - = | x:mile 0.08333333333333333:mile 0.6666666666666666:mile +:mile 0.08333333333333333:mile -:mile =:mile
EXPR: 0 | POS | FRA | 10 | 0.833333 | 0.666666666666667 | ((0.08333333333333333+0.6666666666666666)-0.08333333333333333)=x | 0.08333333333333333 0.6666666666666666 + 0.08333333333333333 - x = | 0.08333333333333333:mile 0.6666666666666666:mile +:mile 0.08333333333333333:mile -:mile x:mile =:mile
EXPR: 1 | POS | FRA | 10 | 0.833333 | 0.833333333333333 | ((0.08333333333333333+0.6666666666666666)+0.08333333333333333)=x | 0.08333333333333333 0.6666666666666666 + 0.08333333333333333 + x = | 0.08333333333333333:mile 0.6666666666666666:mile +:mile 0.08333333333333333:mile +:mile x:mile =:mile
EXPR: 1 | POS | FRA | 10 | 0.833333 | 0.833333333333333 | x=((0.08333333333333333+0.6666666666666666)+0.08333333333333333) | x 0.08333333333333333 0.6666666666666666 + 0.08333333333333333 + = | x:mile 0.08333333333333333:mile 0.6666666666666666:mile +:mile 0.08333333333333333:mile +:mile =:mile
EXPR: 0 | POS | FRA | 10 | 0.833333 | 0.666666666666667 | x=(0.08333333333333333+(0.6666666666666666-0.08333333333333333)) | x 0.08333333333333333 0.6666666666666666 0.08333333333333333 - + = | x:mile 0.08333333333333333:mile 0.6666666666666666:mile 0.08333333333333333:mile -:mile +:mile =:mile
EXPR: 0 | POS | FRA | 12 | 0.833333 | 0.666666666666667 | (0.08333333333333333-x)=(0.08333333333333333-0.6666666666666666) | 0.08333333333333333 x - 0.08333333333333333 0.6666666666666666 - = | 0.08333333333333333:mile x:mile -:mile 0.08333333333333333:mile 0.6666666666666666:mile -:mile =:mile
EXPR: 0 | POS | FRA | 12 | 0.833333 | 0.666666666666667 | 0.08333333333333333=(x-(0.6666666666666666-0.08333333333333333)) | 0.08333333333333333 x 0.6666666666666666 0.08333333333333333 - - = | 0.08333333333333333:mile x:mile 0.6666666666666666:mile 0.08333333333333333:mile -:mile -:mile =:mile
EXPR: 0 | POS | FRA | 12 | 0.833333 | 0.5 | 0.08333333333333333=((0.6666666666666666-x)-0.08333333333333333) | 0.08333333333333333 0.6666666666666666 x - 0.08333333333333333 - = | 0.08333333333333333:mile 0.6666666666666666:mile x:mile -:mile 0.08333333333333333:mile -:mile =:mile
EXPR: 0 | POS | FRA | 12 | 0.833333 | 0.666666666666667 | 0.08333333333333333=(0.6666666666666666-(x-0.08333333333333333)) | 0.08333333333333333 0.6666666666666666 x 0.08333333333333333 - - = | 0.08333333333333333:mile 0.6666666666666666:mile x:mile 0.08333333333333333:mile -:mile -:mile =:mile
EXPR: 0 | POS | FRA | 12 | 0.833333 | 0.666666666666667 | ((0.08333333333333333+x)-0.6666666666666666)=0.08333333333333333 | 0.08333333333333333 x + 0.6666666666666666 - 0.08333333333333333 = | 0.08333333333333333:mile x:mile +:mile 0.6666666666666666:mile -:mile 0.08333333333333333:mile =:mile
EXPR: 1 | POS | FRA | 12 | 0.833333 | 0.833333333333333 | (x-0.08333333333333333)=(0.08333333333333333+0.6666666666666666) | x 0.08333333333333333 - 0.08333333333333333 0.6666666666666666 + = | x:mile 0.08333333333333333:mile -:mile 0.08333333333333333:mile 0.6666666666666666:mile +:mile =:mile
EXPR: 0 | POS | FRA | 12 | 0.833333 | 0.666666666666667 | (0.08333333333333333-(0.6666666666666666-x))=0.08333333333333333 | 0.08333333333333333 0.6666666666666666 x - - 0.08333333333333333 = | 0.08333333333333333:mile 0.6666666666666666:mile x:mile -:mile -:mile 0.08333333333333333:mile =:mile
EXPR: 0 | POS | FRA | 12 | 0.833333 | 0.666666666666667 | (0.08333333333333333+(0.6666666666666666-x))=0.08333333333333333 | 0.08333333333333333 0.6666666666666666 x - + 0.08333333333333333 = | 0.08333333333333333:mile 0.6666666666666666:mile x:mile -:mile +:mile 0.08333333333333333:mile =:mile
EXPR: 0 | POS | FRA | 12 | 0.833333 | 0.5 | 0.08333333333333333=((0.6666666666666666-0.08333333333333333)-x) | 0.08333333333333333 0.6666666666666666 0.08333333333333333 - x - = | 0.08333333333333333:mile 0.6666666666666666:mile 0.08333333333333333:mile -:mile x:mile -:mile =:mile
EXPR: 0 | POS | FRA | 12 | 0.833333 | 0.666666666666667 | (0.08333333333333333-0.08333333333333333)=(0.6666666666666666-x) | 0.08333333333333333 0.08333333333333333 - 0.6666666666666666 x - = | 0.08333333333333333:mile 0.08333333333333333:mile -:mile 0.6666666666666666:mile x:mile -:mile =:mile
EXPR: 0 | POS | FRA | 12 | 0.833333 | 0.666666666666667 | ((0.08333333333333333-0.6666666666666666)+x)=0.08333333333333333 | 0.08333333333333333 0.6666666666666666 - x + 0.08333333333333333 = | 0.08333333333333333:mile 0.6666666666666666:mile -:mile x:mile +:mile 0.08333333333333333:mile =:mile
EXPR: 0 | POS | FRA | 12 | 0.833333 | 0.666666666666667 | (0.08333333333333333+x)=(0.08333333333333333+0.6666666666666666) | 0.08333333333333333 x + 0.08333333333333333 0.6666666666666666 + = | 0.08333333333333333:mile x:mile +:mile 0.08333333333333333:mile 0.6666666666666666:mile +:mile =:mile
EXPR: 0 | POS | FRA | 12 | 0.833333 | 0.666666666666667 | (x+(0.08333333333333333-0.6666666666666666))=0.08333333333333333 | x 0.08333333333333333 0.6666666666666666 - + 0.08333333333333333 = | x:mile 0.08333333333333333:mile 0.6666666666666666:mile -:mile +:mile 0.08333333333333333:mile =:mile
EXPR: 0 | POS | FRA | 12 | 0.833333 | 0.5 | 0.08333333333333333=(0.6666666666666666-(x+0.08333333333333333)) | 0.08333333333333333 0.6666666666666666 x 0.08333333333333333 + - = | 0.08333333333333333:mile 0.6666666666666666:mile x:mile 0.08333333333333333:mile +:mile -:mile =:mile
EXPR: 0 | POS | FRA | 12 | 0.833333 | 0.666666666666667 | ((x+0.08333333333333333)-0.6666666666666666)=0.08333333333333333 | x 0.08333333333333333 + 0.6666666666666666 - 0.08333333333333333 = | x:mile 0.08333333333333333:mile +:mile 0.6666666666666666:mile -:mile 0.08333333333333333:mile =:mile
EXPR: 0 | POS | FRA | 12 | 0.833333 | 0.666666666666667 | 0.08333333333333333=((0.6666666666666666-x)+0.08333333333333333) | 0.08333333333333333 0.6666666666666666 x - 0.08333333333333333 + = | 0.08333333333333333:mile 0.6666666666666666:mile x:mile -:mile 0.08333333333333333:mile +:mile =:mile
EXPR: 0 | POS | FRA | 12 | 0.833333 | 0.666666666666667 | ((0.08333333333333333-x)+0.6666666666666666)=0.08333333333333333 | 0.08333333333333333 x - 0.6666666666666666 + 0.08333333333333333 = | 0.08333333333333333:mile x:mile -:mile 0.6666666666666666:mile +:mile 0.08333333333333333:mile =:mile
EXPR: 0 | POS | FRA | 12 | 0.833333 | 0.666666666666667 | (0.08333333333333333-(x-0.6666666666666666))=0.08333333333333333 | 0.08333333333333333 x 0.6666666666666666 - - 0.08333333333333333 = | 0.08333333333333333:mile x:mile 0.6666666666666666:mile -:mile -:mile 0.08333333333333333:mile =:mile
EXPR: 1 | POS | FRA | 12 | 0.833333 | 0.833333333333333 | (x-(0.08333333333333333+0.6666666666666666))=0.08333333333333333 | x 0.08333333333333333 0.6666666666666666 + - 0.08333333333333333 = | x:mile 0.08333333333333333:mile 0.6666666666666666:mile +:mile -:mile 0.08333333333333333:mile =:mile
EXPR: 0 | POS | FRA | 12 | 0.833333 | 0.666666666666667 | (0.08333333333333333+(x-0.6666666666666666))=0.08333333333333333 | 0.08333333333333333 x 0.6666666666666666 - + 0.08333333333333333 = | 0.08333333333333333:mile x:mile 0.6666666666666666:mile -:mile +:mile 0.08333333333333333:mile =:mile
EXPR: 0 | POS | FRA | 12 | 0.833333 | 0.5 | 0.08333333333333333=(0.6666666666666666-(0.08333333333333333+x)) | 0.08333333333333333 0.6666666666666666 0.08333333333333333 x + - = | 0.08333333333333333:mile 0.6666666666666666:mile 0.08333333333333333:mile x:mile +:mile -:mile =:mile
EXPR: 0 | POS | FRA | 12 | 0.833333 | 0.666666666666667 | (x+0.08333333333333333)=(0.08333333333333333+0.6666666666666666) | x 0.08333333333333333 + 0.08333333333333333 0.6666666666666666 + = | x:mile 0.08333333333333333:mile +:mile 0.08333333333333333:mile 0.6666666666666666:mile +:mile =:mile
EXPR: 1 | POS | FRA | 12 | 0.833333 | 0.833333333333333 | ((x-0.08333333333333333)-0.6666666666666666)=0.08333333333333333 | x 0.08333333333333333 - 0.6666666666666666 - 0.08333333333333333 = | x:mile 0.08333333333333333:mile -:mile 0.6666666666666666:mile -:mile 0.08333333333333333:mile =:mile
EXPR: 0 | POS | FRA | 12 | 0.833333 | 0.5 | (0.08333333333333333+0.08333333333333333)=(0.6666666666666666-x) | 0.08333333333333333 0.08333333333333333 + 0.6666666666666666 x - = | 0.08333333333333333:mile 0.08333333333333333:mile +:mile 0.6666666666666666:mile x:mile -:mile =:mile
EXPR: 1 | POS | FRA | 12 | 0.833333 | 0.833333333333333 | 0.08333333333333333=((x-0.6666666666666666)-0.08333333333333333) | 0.08333333333333333 x 0.6666666666666666 - 0.08333333333333333 - = | 0.08333333333333333:mile x:mile 0.6666666666666666:mile -:mile 0.08333333333333333:mile -:mile =:mile
EXPR: 0 | POS | FRA | 12 | 0.833333 | 0.666666666666667 | ((0.08333333333333333+0.6666666666666666)-x)=0.08333333333333333 | 0.08333333333333333 0.6666666666666666 + x - 0.08333333333333333 = | 0.08333333333333333:mile 0.6666666666666666:mile +:mile x:mile -:mile 0.08333333333333333:mile =:mile
EXPR: 0 | POS | FRA | 12 | 0.833333 | 0.666666666666667 | 0.08333333333333333=(0.6666666666666666+(0.08333333333333333-x)) | 0.08333333333333333 0.6666666666666666 0.08333333333333333 x - + = | 0.08333333333333333:mile 0.6666666666666666:mile 0.08333333333333333:mile x:mile -:mile +:mile =:mile
EXPR: 0 | POS | FRA | 12 | 0.833333 | 0.666666666666667 | (0.08333333333333333-0.08333333333333333)=(x-0.6666666666666666) | 0.08333333333333333 0.08333333333333333 - x 0.6666666666666666 - = | 0.08333333333333333:mile 0.08333333333333333:mile -:mile x:mile 0.6666666666666666:mile -:mile =:mile
EXPR: 1 | POS | FRA | 12 | 0.833333 | 0.833333333333333 | (0.08333333333333333+0.08333333333333333)=(x-0.6666666666666666) | 0.08333333333333333 0.08333333333333333 + x 0.6666666666666666 - = | 0.08333333333333333:mile 0.08333333333333333:mile +:mile x:mile 0.6666666666666666:mile -:mile =:mile
EXPR: 0 | POS | FRA | 12 | 0.833333 | 0.666666666666667 | 0.08333333333333333=((x-0.6666666666666666)+0.08333333333333333) | 0.08333333333333333 x 0.6666666666666666 - 0.08333333333333333 + = | 0.08333333333333333:mile x:mile 0.6666666666666666:mile -:mile 0.08333333333333333:mile +:mile =:mile
EXPR: 0 | POS | FRA | 22 | 0.833333 | 0.666666666666667 | (x-0.08333333333333333)=(0.6666666666666666-0.08333333333333333) | x 0.08333333333333333 - 0.6666666666666666 0.08333333333333333 - = | x:mile 0.08333333333333333:mile -:mile 0.6666666666666666:mile 0.08333333333333333:mile -:mile =:mile
EXPR: 0 | POS | FRA | 22 | 0.833333 | 0.5 | (x+0.08333333333333333)=(0.6666666666666666-0.08333333333333333) | x 0.08333333333333333 + 0.6666666666666666 0.08333333333333333 - = | x:mile 0.08333333333333333:mile +:mile 0.6666666666666666:mile 0.08333333333333333:mile -:mile =:mile
EXPR: 0 | POS | FRA | 22 | 0.833333 | 0.5 | (0.08333333333333333+x)=(0.6666666666666666-0.08333333333333333) | 0.08333333333333333 x + 0.6666666666666666 0.08333333333333333 - = | 0.08333333333333333:mile x:mile +:mile 0.6666666666666666:mile 0.08333333333333333:mile -:mile =:mile
EXPR: 0 | POS | FRA | 22 | 0.833333 | 0.666666666666667 | (0.08333333333333333-0.6666666666666666)=(0.08333333333333333-x) | 0.08333333333333333 0.6666666666666666 - 0.08333333333333333 x - = | 0.08333333333333333:mile 0.6666666666666666:mile -:mile 0.08333333333333333:mile x:mile -:mile =:mile
EXPR: 1 | POS | FRA | 22 | 0.833333 | 0.833333333333333 | (0.08333333333333333+0.6666666666666666)=(x-0.08333333333333333) | 0.08333333333333333 0.6666666666666666 + x 0.08333333333333333 - = | 0.08333333333333333:mile 0.6666666666666666:mile +:mile x:mile 0.08333333333333333:mile -:mile =:mile
EXPR: 0 | POS | FRA | 22 | 0.833333 | 0.666666666666667 | (0.08333333333333333+0.6666666666666666)=(0.08333333333333333+x) | 0.08333333333333333 0.6666666666666666 + 0.08333333333333333 x + = | 0.08333333333333333:mile 0.6666666666666666:mile +:mile 0.08333333333333333:mile x:mile +:mile =:mile
EXPR: 0 | POS | FRA | 22 | 0.833333 | 0.666666666666667 | (0.08333333333333333+0.6666666666666666)=(x+0.08333333333333333) | 0.08333333333333333 0.6666666666666666 + x 0.08333333333333333 + = | 0.08333333333333333:mile 0.6666666666666666:mile +:mile x:mile 0.08333333333333333:mile +:mile =:mile
EXPR: 1 | POS | FRA | 25 | 0.833333 | 0.833333333333333 | (0.6666666666666666+(0.08333333333333333+0.08333333333333333))=x | 0.6666666666666666 0.08333333333333333 0.08333333333333333 + + x = | 0.6666666666666666:mile 0.08333333333333333:mile 0.08333333333333333:mile +:mile +:mile x:mile =:mile
EXPR: 0 | POS | FRA | 25 | 0.833333 | 0.666666666666667 | ((0.6666666666666666-0.08333333333333333)+0.08333333333333333)=x | 0.6666666666666666 0.08333333333333333 - 0.08333333333333333 + x = | 0.6666666666666666:mile 0.08333333333333333:mile -:mile 0.08333333333333333:mile +:mile x:mile =:mile
EXPR: 0 | POS | FRA | 25 | 0.833333 | 0.5 | ((0.6666666666666666-0.08333333333333333)-0.08333333333333333)=x | 0.6666666666666666 0.08333333333333333 - 0.08333333333333333 - x = | 0.6666666666666666:mile 0.08333333333333333:mile -:mile 0.08333333333333333:mile -:mile x:mile =:mile
EXPR: 0 | POS | FRA | 25 | 0.833333 | 0.666666666666667 | x=(0.6666666666666666+(0.08333333333333333-0.08333333333333333)) | x 0.6666666666666666 0.08333333333333333 0.08333333333333333 - + = | x:mile 0.6666666666666666:mile 0.08333333333333333:mile 0.08333333333333333:mile -:mile +:mile =:mile
EXPR: 0 | POS | FRA | 25 | 0.833333 | 0.5 | x=(0.6666666666666666-(0.08333333333333333+0.08333333333333333)) | x 0.6666666666666666 0.08333333333333333 0.08333333333333333 + - = | x:mile 0.6666666666666666:mile 0.08333333333333333:mile 0.08333333333333333:mile +:mile -:mile =:mile
EXPR: 0 | POS | FRA | 25 | 0.833333 | 0.666666666666667 | (0.6666666666666666+(0.08333333333333333-0.08333333333333333))=x | 0.6666666666666666 0.08333333333333333 0.08333333333333333 - + x = | 0.6666666666666666:mile 0.08333333333333333:mile 0.08333333333333333:mile -:mile +:mile x:mile =:mile
EXPR: 0 | POS | FRA | 25 | 0.833333 | 0.666666666666667 | x=(0.6666666666666666-(0.08333333333333333-0.08333333333333333)) | x 0.6666666666666666 0.08333333333333333 0.08333333333333333 - - = | x:mile 0.6666666666666666:mile 0.08333333333333333:mile 0.08333333333333333:mile -:mile -:mile =:mile
EXPR: 1 | POS | FRA | 25 | 0.833333 | 0.833333333333333 | x=(0.6666666666666666+(0.08333333333333333+0.08333333333333333)) | x 0.6666666666666666 0.08333333333333333 0.08333333333333333 + + = | x:mile 0.6666666666666666:mile 0.08333333333333333:mile 0.08333333333333333:mile +:mile +:mile =:mile
EXPR: 0 | POS | FRA | 25 | 0.833333 | 0.5 | x=((0.6666666666666666-0.08333333333333333)-0.08333333333333333) | x 0.6666666666666666 0.08333333333333333 - 0.08333333333333333 - = | x:mile 0.6666666666666666:mile 0.08333333333333333:mile -:mile 0.08333333333333333:mile -:mile =:mile
EXPR: 0 | POS | FRA | 25 | 0.833333 | 0.666666666666667 | x=((0.6666666666666666-0.08333333333333333)+0.08333333333333333) | x 0.6666666666666666 0.08333333333333333 - 0.08333333333333333 + = | x:mile 0.6666666666666666:mile 0.08333333333333333:mile -:mile 0.08333333333333333:mile +:mile =:mile
EXPR: 0 | POS | FRA | 25 | 0.833333 | 0.5 | (0.6666666666666666-(0.08333333333333333+0.08333333333333333))=x | 0.6666666666666666 0.08333333333333333 0.08333333333333333 + - x = | 0.6666666666666666:mile 0.08333333333333333:mile 0.08333333333333333:mile +:mile -:mile x:mile =:mile
EXPR: 0 | POS | FRA | 25 | 0.833333 | 0.666666666666667 | (0.6666666666666666-(0.08333333333333333-0.08333333333333333))=x | 0.6666666666666666 0.08333333333333333 0.08333333333333333 - - x = | 0.6666666666666666:mile 0.08333333333333333:mile 0.08333333333333333:mile -:mile -:mile x:mile =:mile
EXPR: 1 | POS | FRA | 27 | 0.833333 | 0.833333333333333 | 0.6666666666666666=((x-0.08333333333333333)-0.08333333333333333) | 0.6666666666666666 x 0.08333333333333333 - 0.08333333333333333 - = | 0.6666666666666666:mile x:mile 0.08333333333333333:mile -:mile 0.08333333333333333:mile -:mile =:mile
EXPR: 0 | POS | FRA | 27 | 0.833333 | 0.5 | 0.6666666666666666=((x+0.08333333333333333)+0.08333333333333333) | 0.6666666666666666 x 0.08333333333333333 + 0.08333333333333333 + = | 0.6666666666666666:mile x:mile 0.08333333333333333:mile +:mile 0.08333333333333333:mile +:mile =:mile
EXPR: 0 | POS | FRA | 27 | 0.833333 | 0.666666666666667 | (0.6666666666666666+(0.08333333333333333-x))=0.08333333333333333 | 0.6666666666666666 0.08333333333333333 x - + 0.08333333333333333 = | 0.6666666666666666:mile 0.08333333333333333:mile x:mile -:mile +:mile 0.08333333333333333:mile =:mile
EXPR: 0 | POS | FRA | 27 | 0.833333 | 0.666666666666667 | 0.6666666666666666=((x+0.08333333333333333)-0.08333333333333333) | 0.6666666666666666 x 0.08333333333333333 + 0.08333333333333333 - = | 0.6666666666666666:mile x:mile 0.08333333333333333:mile +:mile 0.08333333333333333:mile -:mile =:mile
EXPR: 1 | POS | FRA | 27 | 0.833333 | 0.833333333333333 | ((x-0.6666666666666666)-0.08333333333333333)=0.08333333333333333 | x 0.6666666666666666 - 0.08333333333333333 - 0.08333333333333333 = | x:mile 0.6666666666666666:mile -:mile 0.08333333333333333:mile -:mile 0.08333333333333333:mile =:mile
EXPR: 0 | POS | FRA | 27 | 0.833333 | 0.666666666666667 | 0.6666666666666666=((0.08333333333333333-0.08333333333333333)+x) | 0.6666666666666666 0.08333333333333333 0.08333333333333333 - x + = | 0.6666666666666666:mile 0.08333333333333333:mile 0.08333333333333333:mile -:mile x:mile +:mile =:mile
EXPR: 0 | POS | FRA | 27 | 0.833333 | 0.666666666666667 | ((x-0.6666666666666666)+0.08333333333333333)=0.08333333333333333 | x 0.6666666666666666 - 0.08333333333333333 + 0.08333333333333333 = | x:mile 0.6666666666666666:mile -:mile 0.08333333333333333:mile +:mile 0.08333333333333333:mile =:mile
EXPR: 0 | POS | FRA | 27 | 0.833333 | 0.5 | 0.6666666666666666=(0.08333333333333333+(x+0.08333333333333333)) | 0.6666666666666666 0.08333333333333333 x 0.08333333333333333 + + = | 0.6666666666666666:mile 0.08333333333333333:mile x:mile 0.08333333333333333:mile +:mile +:mile =:mile
EXPR: 0 | POS | FRA | 27 | 0.833333 | 0.666666666666667 | 0.6666666666666666=((x-0.08333333333333333)+0.08333333333333333) | 0.6666666666666666 x 0.08333333333333333 - 0.08333333333333333 + = | 0.6666666666666666:mile x:mile 0.08333333333333333:mile -:mile 0.08333333333333333:mile +:mile =:mile
EXPR: 0 | POS | FRA | 27 | 0.833333 | 0.5 | 0.6666666666666666=((0.08333333333333333+0.08333333333333333)+x) | 0.6666666666666666 0.08333333333333333 0.08333333333333333 + x + = | 0.6666666666666666:mile 0.08333333333333333:mile 0.08333333333333333:mile +:mile x:mile +:mile =:mile
EXPR: 1 | POS | FRA | 27 | 0.833333 | 0.833333333333333 | 0.6666666666666666=(x-(0.08333333333333333+0.08333333333333333)) | 0.6666666666666666 x 0.08333333333333333 0.08333333333333333 + - = | 0.6666666666666666:mile x:mile 0.08333333333333333:mile 0.08333333333333333:mile +:mile -:mile =:mile
EXPR: 0 | POS | FRA | 27 | 0.833333 | 0.666666666666667 | 0.6666666666666666=(x-(0.08333333333333333-0.08333333333333333)) | 0.6666666666666666 x 0.08333333333333333 0.08333333333333333 - - = | 0.6666666666666666:mile x:mile 0.08333333333333333:mile 0.08333333333333333:mile -:mile -:mile =:mile
EXPR: 0 | POS | FRA | 27 | 0.833333 | 0.5 | ((0.6666666666666666-0.08333333333333333)-x)=0.08333333333333333 | 0.6666666666666666 0.08333333333333333 - x - 0.08333333333333333 = | 0.6666666666666666:mile 0.08333333333333333:mile -:mile x:mile -:mile 0.08333333333333333:mile =:mile
EXPR: 0 | POS | FRA | 27 | 0.833333 | 0.666666666666667 | 0.6666666666666666=((0.08333333333333333+x)-0.08333333333333333) | 0.6666666666666666 0.08333333333333333 x + 0.08333333333333333 - = | 0.6666666666666666:mile 0.08333333333333333:mile x:mile +:mile 0.08333333333333333:mile -:mile =:mile
EXPR: 0 | POS | FRA | 27 | 0.833333 | 0.666666666666667 | 0.6666666666666666=(0.08333333333333333-(0.08333333333333333-x)) | 0.6666666666666666 0.08333333333333333 0.08333333333333333 x - - = | 0.6666666666666666:mile 0.08333333333333333:mile 0.08333333333333333:mile x:mile -:mile -:mile =:mile
EXPR: 0 | POS | FRA | 27 | 0.833333 | 0.5 | (0.6666666666666666-(0.08333333333333333+x))=0.08333333333333333 | 0.6666666666666666 0.08333333333333333 x + - 0.08333333333333333 = | 0.6666666666666666:mile 0.08333333333333333:mile x:mile +:mile -:mile 0.08333333333333333:mile =:mile
EXPR: 0 | POS | FRA | 27 | 0.833333 | 0.666666666666667 | 0.6666666666666666=(x+(0.08333333333333333-0.08333333333333333)) | 0.6666666666666666 x 0.08333333333333333 0.08333333333333333 - + = | 0.6666666666666666:mile x:mile 0.08333333333333333:mile 0.08333333333333333:mile -:mile +:mile =:mile
EXPR: 0 | POS | FRA | 27 | 0.833333 | 0.5 | 0.6666666666666666=((0.08333333333333333+x)+0.08333333333333333) | 0.6666666666666666 0.08333333333333333 x + 0.08333333333333333 + = | 0.6666666666666666:mile 0.08333333333333333:mile x:mile +:mile 0.08333333333333333:mile +:mile =:mile
EXPR: 0 | POS | FRA | 27 | 0.833333 | 0.666666666666667 | ((0.6666666666666666-x)+0.08333333333333333)=0.08333333333333333 | 0.6666666666666666 x - 0.08333333333333333 + 0.08333333333333333 = | 0.6666666666666666:mile x:mile -:mile 0.08333333333333333:mile +:mile 0.08333333333333333:mile =:mile
EXPR: 0 | POS | FRA | 27 | 0.833333 | 0.5 | 0.6666666666666666=(0.08333333333333333+(0.08333333333333333+x)) | 0.6666666666666666 0.08333333333333333 0.08333333333333333 x + + = | 0.6666666666666666:mile 0.08333333333333333:mile 0.08333333333333333:mile x:mile +:mile +:mile =:mile
EXPR: 0 | POS | FRA | 27 | 0.833333 | 0.5 | 0.6666666666666666=(x+(0.08333333333333333+0.08333333333333333)) | 0.6666666666666666 x 0.08333333333333333 0.08333333333333333 + + = | 0.6666666666666666:mile x:mile 0.08333333333333333:mile 0.08333333333333333:mile +:mile +:mile =:mile
EXPR: 0 | POS | FRA | 27 | 0.833333 | 0.666666666666667 | (x-(0.6666666666666666-0.08333333333333333))=0.08333333333333333 | x 0.6666666666666666 0.08333333333333333 - - 0.08333333333333333 = | x:mile 0.6666666666666666:mile 0.08333333333333333:mile -:mile -:mile 0.08333333333333333:mile =:mile
EXPR: 0 | POS | FRA | 27 | 0.833333 | 0.5 | (0.6666666666666666-(x+0.08333333333333333))=0.08333333333333333 | 0.6666666666666666 x 0.08333333333333333 + - 0.08333333333333333 = | 0.6666666666666666:mile x:mile 0.08333333333333333:mile +:mile -:mile 0.08333333333333333:mile =:mile
EXPR: 0 | POS | FRA | 27 | 0.833333 | 0.666666666666667 | (0.6666666666666666-(x-0.08333333333333333))=0.08333333333333333 | 0.6666666666666666 x 0.08333333333333333 - - 0.08333333333333333 = | 0.6666666666666666:mile x:mile 0.08333333333333333:mile -:mile -:mile 0.08333333333333333:mile =:mile
EXPR: 0 | POS | FRA | 27 | 0.833333 | 0.666666666666667 | 0.6666666666666666=(0.08333333333333333+(x-0.08333333333333333)) | 0.6666666666666666 0.08333333333333333 x 0.08333333333333333 - + = | 0.6666666666666666:mile 0.08333333333333333:mile x:mile 0.08333333333333333:mile -:mile +:mile =:mile
EXPR: 0 | POS | FRA | 27 | 0.833333 | 0.5 | ((0.6666666666666666-x)-0.08333333333333333)=0.08333333333333333 | 0.6666666666666666 x - 0.08333333333333333 - 0.08333333333333333 = | 0.6666666666666666:mile x:mile -:mile 0.08333333333333333:mile -:mile 0.08333333333333333:mile =:mile
EXPR: 0 | POS | FRA | 37 | 0.833333 | 0.5 | (0.6666666666666666-x)=(0.08333333333333333+0.08333333333333333) | 0.6666666666666666 x - 0.08333333333333333 0.08333333333333333 + = | 0.6666666666666666:mile x:mile -:mile 0.08333333333333333:mile 0.08333333333333333:mile +:mile =:mile
EXPR: 0 | POS | FRA | 37 | 0.833333 | 0.666666666666667 | (0.6666666666666666-x)=(0.08333333333333333-0.08333333333333333) | 0.6666666666666666 x - 0.08333333333333333 0.08333333333333333 - = | 0.6666666666666666:mile x:mile -:mile 0.08333333333333333:mile 0.08333333333333333:mile -:mile =:mile
EXPR: 1 | POS | FRA | 37 | 0.833333 | 0.833333333333333 | (x-0.6666666666666666)=(0.08333333333333333+0.08333333333333333) | x 0.6666666666666666 - 0.08333333333333333 0.08333333333333333 + = | x:mile 0.6666666666666666:mile -:mile 0.08333333333333333:mile 0.08333333333333333:mile +:mile =:mile
EXPR: 0 | POS | FRA | 37 | 0.833333 | 0.5 | (0.6666666666666666-0.08333333333333333)=(x+0.08333333333333333) | 0.6666666666666666 0.08333333333333333 - x 0.08333333333333333 + = | 0.6666666666666666:mile 0.08333333333333333:mile -:mile x:mile 0.08333333333333333:mile +:mile =:mile
EXPR: 0 | POS | FRA | 37 | 0.833333 | 0.666666666666667 | (0.6666666666666666-0.08333333333333333)=(x-0.08333333333333333) | 0.6666666666666666 0.08333333333333333 - x 0.08333333333333333 - = | 0.6666666666666666:mile 0.08333333333333333:mile -:mile x:mile 0.08333333333333333:mile -:mile =:mile
EXPR: 0 | POS | FRA | 37 | 0.833333 | 0.5 | (0.6666666666666666-0.08333333333333333)=(0.08333333333333333+x) | 0.6666666666666666 0.08333333333333333 - 0.08333333333333333 x + = | 0.6666666666666666:mile 0.08333333333333333:mile -:mile 0.08333333333333333:mile x:mile +:mile =:mile
EXPR: 0 | POS | FRA | 37 | 0.833333 | 0.666666666666667 | (x-0.6666666666666666)=(0.08333333333333333-0.08333333333333333) | x 0.6666666666666666 - 0.08333333333333333 0.08333333333333333 - = | x:mile 0.6666666666666666:mile -:mile 0.08333333333333333:mile 0.08333333333333333:mile -:mile =:mile
NET 124 unique, non-negative solutions found out of 480 total solutions
