parameters: n=7 l=3 k=1 p=5 q=1 m=9
TOTAL 480 solutions found
SOLN: CORRECT | POS/NEG | INT/FRA | OBJ-SCORE | TRUE-ANS | ANS | INFIX | POSTFIX | TYPED-POSTFIX
EXPR: 1 | POS | FRA | 0 | 0.7 | 0.7 | (0.5+(0.1+0.1))=x | 0.5 0.1 0.1 + + x = | 0.5:light-year 0.1:light-year 0.1:light-year +:light-year +:light-year x:light-year =:light-year
EXPR: 0 | POS | FRA | 0 | 0.7 | 0.5 | x=((0.5+0.1)-0.1) | x 0.5 0.1 + 0.1 - = | x:light-year 0.5:light-year 0.1:light-year +:light-year 0.1:light-year -:light-year =:light-year
EXPR: 0 | POS | FRA | 0 | 0.7 | 0.5 | x=((0.5-0.1)+0.1) | x 0.5 0.1 - 0.1 + = | x:light-year 0.5:light-year 0.1:light-year -:light-year 0.1:light-year +:light-year =:light-year
EXPR: 0 | POS | FRA | 0 | 0.7 | 0.5 | x=(0.5-(0.1-0.1)) | x 0.5 0.1 0.1 - - = | x:light-year 0.5:light-year 0.1:light-year 0.1:light-year -:light-year -:light-year =:light-year
EXPR: 0 | POS | FRA | 0 | 0.7 | 0.3 | x=(0.5-(0.1+0.1)) | x 0.5 0.1 0.1 + - = | x:light-year 0.5:light-year 0.1:light-year 0.1:light-year +:light-year -:light-year =:light-year
EXPR: 1 | POS | FRA | 0 | 0.7 | 0.7 | x=(0.5+(0.1+0.1)) | x 0.5 0.1 0.1 + + = | x:light-year 0.5:light-year 0.1:light-year 0.1:light-year +:light-year +:light-year =:light-year
EXPR: 0 | POS | FRA | 0 | 0.7 | 0.3 | x=((0.5-0.1)-0.1) | x 0.5 0.1 - 0.1 - = | x:light-year 0.5:light-year 0.1:light-year -:light-year 0.1:light-year -:light-year =:light-year
EXPR: 0 | POS | FRA | 0 | 0.7 | 0.5 | x=(0.5+(0.1-0.1)) | x 0.5 0.1 0.1 - + = | x:light-year 0.5:light-year 0.1:light-year 0.1:light-year -:light-year +:light-year =:light-year
EXPR: 1 | POS | FRA | 0 | 0.7 | 0.7 | x=((0.5+0.1)+0.1) | x 0.5 0.1 + 0.1 + = | x:light-year 0.5:light-year 0.1:light-year +:light-year 0.1:light-year +:light-year =:light-year
EXPR: 0 | POS | FRA | 0 | 0.7 | 0.5 | ((0.5+0.1)-0.1)=x | 0.5 0.1 + 0.1 - x = | 0.5:light-year 0.1:light-year +:light-year 0.1:light-year -:light-year x:light-year =:light-year
EXPR: 0 | POS | FRA | 0 | 0.7 | 0.3 | ((0.5-0.1)-0.1)=x | 0.5 0.1 - 0.1 - x = | 0.5:light-year 0.1:light-year -:light-year 0.1:light-year -:light-year x:light-year =:light-year
EXPR: 0 | POS | FRA | 0 | 0.7 | 0.5 | (0.5-(0.1-0.1))=x | 0.5 0.1 0.1 - - x = | 0.5:light-year 0.1:light-year 0.1:light-year -:light-year -:light-year x:light-year =:light-year
EXPR: 0 | POS | FRA | 0 | 0.7 | 0.5 | (0.5+(0.1-0.1))=x | 0.5 0.1 0.1 - + x = | 0.5:light-year 0.1:light-year 0.1:light-year -:light-year +:light-year x:light-year =:light-year
EXPR: 0 | POS | FRA | 0 | 0.7 | 0.5 | ((0.5-0.1)+0.1)=x | 0.5 0.1 - 0.1 + x = | 0.5:light-year 0.1:light-year -:light-year 0.1:light-year +:light-year x:light-year =:light-year
EXPR: 0 | POS | FRA | 0 | 0.7 | 0.3 | (0.5-(0.1+0.1))=x | 0.5 0.1 0.1 + - x = | 0.5:light-year 0.1:light-year 0.1:light-year +:light-year -:light-year x:light-year =:light-year
EXPR: 1 | POS | FRA | 0 | 0.7 | 0.7 | ((0.5+0.1)+0.1)=x | 0.5 0.1 + 0.1 + x = | 0.5:light-year 0.1:light-year +:light-year 0.1:light-year +:light-year x:light-year =:light-year
EXPR: 1 | POS | FRA | 2 | 0.7 | 0.7 | 0.5=((x-0.1)-0.1) | 0.5 x 0.1 - 0.1 - = | 0.5:light-year x:light-year 0.1:light-year -:light-year 0.1:light-year -:light-year =:light-year
EXPR: 0 | POS | FRA | 2 | 0.7 | 0.5 | 0.5=(0.1-(0.1-x)) | 0.5 0.1 0.1 x - - = | 0.5:light-year 0.1:light-year 0.1:light-year x:light-year -:light-year -:light-year =:light-year
EXPR: 0 | POS | FRA | 2 | 0.7 | 0.3 | 0.5=(0.1+(0.1+x)) | 0.5 0.1 0.1 x + + = | 0.5:light-year 0.1:light-year 0.1:light-year x:light-year +:light-year +:light-year =:light-year
EXPR: 0 | POS | FRA | 2 | 0.7 | 0.5 | 0.5=((0.1+x)-0.1) | 0.5 0.1 x + 0.1 - = | 0.5:light-year 0.1:light-year x:light-year +:light-year 0.1:light-year -:light-year =:light-year
EXPR: 0 | POS | FRA | 2 | 0.7 | 0.3 | ((0.5-0.1)-x)=0.1 | 0.5 0.1 - x - 0.1 = | 0.5:light-year 0.1:light-year -:light-year x:light-year -:light-year 0.1:light-year =:light-year
EXPR: 0 | POS | FRA | 2 | 0.7 | 0.5 | ((0.5+0.1)-x)=0.1 | 0.5 0.1 + x - 0.1 = | 0.5:light-year 0.1:light-year +:light-year x:light-year -:light-year 0.1:light-year =:light-year
EXPR: 0 | POS | FRA | 2 | 0.7 | 0.3 | (0.5-(x+0.1))=0.1 | 0.5 x 0.1 + - 0.1 = | 0.5:light-year x:light-year 0.1:light-year +:light-year -:light-year 0.1:light-year =:light-year
EXPR: 1 | POS | FRA | 2 | 0.7 | 0.7 | 0.5=(x-(0.1+0.1)) | 0.5 x 0.1 0.1 + - = | 0.5:light-year x:light-year 0.1:light-year 0.1:light-year +:light-year -:light-year =:light-year
EXPR: 0 | POS | FRA | 2 | 0.7 | 0.5 | 0.5=(x-(0.1-0.1)) | 0.5 x 0.1 0.1 - - = | 0.5:light-year x:light-year 0.1:light-year 0.1:light-year -:light-year -:light-year =:light-year
EXPR: 0 | POS | FRA | 2 | 0.7 | 0.5 | 0.5=((0.1-0.1)+x) | 0.5 0.1 0.1 - x + = | 0.5:light-year 0.1:light-year 0.1:light-year -:light-year x:light-year +:light-year =:light-year
EXPR: 0 | POS | FRA | 2 | 0.7 | 0.3 | 0.5=((0.1+x)+0.1) | 0.5 0.1 x + 0.1 + = | 0.5:light-year 0.1:light-year x:light-year +:light-year 0.1:light-year +:light-year =:light-year
EXPR: 0 | POS | FRA | 2 | 0.7 | 0.5 | 0.5=(x+(0.1-0.1)) | 0.5 x 0.1 0.1 - + = | 0.5:light-year x:light-year 0.1:light-year 0.1:light-year -:light-year +:light-year =:light-year
EXPR: 0 | POS | FRA | 2 | 0.7 | 0.5 | 0.5=((x+0.1)-0.1) | 0.5 x 0.1 + 0.1 - = | 0.5:light-year x:light-year 0.1:light-year +:light-year 0.1:light-year -:light-year =:light-year
EXPR: 0 | POS | FRA | 2 | 0.7 | 0.3 | 0.5=((x+0.1)+0.1) | 0.5 x 0.1 + 0.1 + = | 0.5:light-year x:light-year 0.1:light-year +:light-year 0.1:light-year +:light-year =:light-year
EXPR: 0 | POS | FRA | 2 | 0.7 | 0.5 | 0.5=((x-0.1)+0.1) | 0.5 x 0.1 - 0.1 + = | 0.5:light-year x:light-year 0.1:light-year -:light-year 0.1:light-year +:light-year =:light-year
EXPR: 0 | POS | FRA | 2 | 0.7 | 0.3 | 0.5=(x+(0.1+0.1)) | 0.5 x 0.1 0.1 + + = | 0.5:light-year x:light-year 0.1:light-year 0.1:light-year +:light-year +:light-year =:light-year
EXPR: 1 | POS | FRA | 2 | 0.7 | 0.7 | (x-(0.5+0.1))=0.1 | x 0.5 0.1 + - 0.1 = | x:light-year 0.5:light-year 0.1:light-year +:light-year -:light-year 0.1:light-year =:light-year
EXPR: 0 | POS | FRA | 2 | 0.7 | 0.5 | ((x-0.5)+0.1)=0.1 | x 0.5 - 0.1 + 0.1 = | x:light-year 0.5:light-year -:light-year 0.1:light-year +:light-year 0.1:light-year =:light-year
EXPR: 0 | POS | FRA | 2 | 0.7 | 0.3 | (0.5-(0.1+x))=0.1 | 0.5 0.1 x + - 0.1 = | 0.5:light-year 0.1:light-year x:light-year +:light-year -:light-year 0.1:light-year =:light-year
EXPR: 0 | POS | FRA | 2 | 0.7 | 0.5 | (0.5+(0.1-x))=0.1 | 0.5 0.1 x - + 0.1 = | 0.5:light-year 0.1:light-year x:light-year -:light-year +:light-year 0.1:light-year =:light-year
EXPR: 1 | POS | FRA | 2 | 0.7 | 0.7 | ((x-0.5)-0.1)=0.1 | x 0.5 - 0.1 - 0.1 = | x:light-year 0.5:light-year -:light-year 0.1:light-year -:light-year 0.1:light-year =:light-year
EXPR: 0 | POS | FRA | 2 | 0.7 | 0.3 | 0.5=((0.1+0.1)+x) | 0.5 0.1 0.1 + x + = | 0.5:light-year 0.1:light-year 0.1:light-year +:light-year x:light-year +:light-year =:light-year
EXPR: 0 | POS | FRA | 2 | 0.7 | 0.5 | (x-(0.5-0.1))=0.1 | x 0.5 0.1 - - 0.1 = | x:light-year 0.5:light-year 0.1:light-year -:light-year -:light-year 0.1:light-year =:light-year
EXPR: 0 | POS | FRA | 2 | 0.7 | 0.5 | ((0.5-x)+0.1)=0.1 | 0.5 x - 0.1 + 0.1 = | 0.5:light-year x:light-year -:light-year 0.1:light-year +:light-year 0.1:light-year =:light-year
EXPR: 0 | POS | FRA | 2 | 0.7 | 0.5 | (0.5-(x-0.1))=0.1 | 0.5 x 0.1 - - 0.1 = | 0.5:light-year x:light-year 0.1:light-year -:light-year -:light-year 0.1:light-year =:light-year
EXPR: 0 | POS | FRA | 2 | 0.7 | 0.3 | ((0.5-x)-0.1)=0.1 | 0.5 x - 0.1 - 0.1 = | 0.5:light-year x:light-year -:light-year 0.1:light-year -:light-year 0.1:light-year =:light-year
EXPR: 0 | POS | FRA | 2 | 0.7 | 0.5 | 0.5=(0.1+(x-0.1)) | 0.5 0.1 x 0.1 - + = | 0.5:light-year 0.1:light-year x:light-year 0.1:light-year -:light-year +:light-year =:light-year
EXPR: 0 | POS | FRA | 2 | 0.7 | 0.3 | 0.5=(0.1+(x+0.1)) | 0.5 0.1 x 0.1 + + = | 0.5:light-year 0.1:light-year x:light-year 0.1:light-year +:light-year +:light-year =:light-year
EXPR: 1 | POS | FRA | 10 | 0.7 | 0.7 | x=(0.1+(0.5+0.1)) | x 0.1 0.5 0.1 + + = | x:light-year 0.1:light-year 0.5:light-year 0.1:light-year +:light-year +:light-year =:light-year
EXPR: 0 | POS | FRA | 10 | 0.7 | 0.5 | (0.1+(0.5-0.1))=x | 0.1 0.5 0.1 - + x = | 0.1:light-year 0.5:light-year 0.1:light-year -:light-year +:light-year x:light-year =:light-year
EXPR: 1 | POS | FRA | 10 | 0.7 | 0.7 | (0.1+(0.5+0.1))=x | 0.1 0.5 0.1 + + x = | 0.1:light-year 0.5:light-year 0.1:light-year +:light-year +:light-year x:light-year =:light-year
EXPR: 0 | POS | FRA | 10 | 0.7 | 0.5 | x=(0.1+(0.5-0.1)) | x 0.1 0.5 0.1 - + = | x:light-year 0.1:light-year 0.5:light-year 0.1:light-year -:light-year +:light-year =:light-year
EXPR: 0 | POS | FRA | 12 | 0.7 | 0.3 | 0.1=((0.5-x)-0.1) | 0.1 0.5 x - 0.1 - = | 0.1:light-year 0.5:light-year x:light-year -:light-year 0.1:light-year -:light-year =:light-year
EXPR: 0 | POS | FRA | 12 | 0.7 | 0.5 | (0.5-x)=(0.1-0.1) | 0.5 x - 0.1 0.1 - = | 0.5:light-year x:light-year -:light-year 0.1:light-year 0.1:light-year -:light-year =:light-year
EXPR: 0 | POS | FRA | 12 | 0.7 | 0.5 | 0.1=((x-0.5)+0.1) | 0.1 x 0.5 - 0.1 + = | 0.1:light-year x:light-year 0.5:light-year -:light-year 0.1:light-year +:light-year =:light-year
EXPR: 0 | POS | FRA | 12 | 0.7 | 0.5 | 0.1=(0.5-(x-0.1)) | 0.1 0.5 x 0.1 - - = | 0.1:light-year 0.5:light-year x:light-year 0.1:light-year -:light-year -:light-year =:light-year
EXPR: 0 | POS | FRA | 12 | 0.7 | 0.5 | (0.1-(0.5-x))=0.1 | 0.1 0.5 x - - 0.1 = | 0.1:light-year 0.5:light-year x:light-year -:light-year -:light-year 0.1:light-year =:light-year
EXPR: 0 | POS | FRA | 12 | 0.7 | 0.5 | 0.1=((0.5-x)+0.1) | 0.1 0.5 x - 0.1 + = | 0.1:light-year 0.5:light-year x:light-year -:light-year 0.1:light-year +:light-year =:light-year
EXPR: 1 | POS | FRA | 12 | 0.7 | 0.7 | (x-0.5)=(0.1+0.1) | x 0.5 - 0.1 0.1 + = | x:light-year 0.5:light-year -:light-year 0.1:light-year 0.1:light-year +:light-year =:light-year
EXPR: 0 | POS | FRA | 12 | 0.7 | 0.3 | (0.5-0.1)=(x+0.1) | 0.5 0.1 - x 0.1 + = | 0.5:light-year 0.1:light-year -:light-year x:light-year 0.1:light-year +:light-year =:light-year
EXPR: 0 | POS | FRA | 12 | 0.7 | 0.5 | ((0.1-0.5)+x)=0.1 | 0.1 0.5 - x + 0.1 = | 0.1:light-year 0.5:light-year -:light-year x:light-year +:light-year 0.1:light-year =:light-year
EXPR: 0 | POS | FRA | 12 | 0.7 | 0.3 | 0.1=((0.5-0.1)-x) | 0.1 0.5 0.1 - x - = | 0.1:light-year 0.5:light-year 0.1:light-year -:light-year x:light-year -:light-year =:light-year
EXPR: 0 | POS | FRA | 12 | 0.7 | 0.5 | (0.1+(0.5-x))=0.1 | 0.1 0.5 x - + 0.1 = | 0.1:light-year 0.5:light-year x:light-year -:light-year +:light-year 0.1:light-year =:light-year
EXPR: 0 | POS | FRA | 12 | 0.7 | 0.3 | (0.5-0.1)=(0.1+x) | 0.5 0.1 - 0.1 x + = | 0.5:light-year 0.1:light-year -:light-year 0.1:light-year x:light-year +:light-year =:light-year
EXPR: 0 | POS | FRA | 12 | 0.7 | 0.5 | (x+(0.1-0.5))=0.1 | x 0.1 0.5 - + 0.1 = | x:light-year 0.1:light-year 0.5:light-year -:light-year +:light-year 0.1:light-year =:light-year
EXPR: 1 | POS | FRA | 12 | 0.7 | 0.7 | 0.1=((x-0.5)-0.1) | 0.1 x 0.5 - 0.1 - = | 0.1:light-year x:light-year 0.5:light-year -:light-year 0.1:light-year -:light-year =:light-year
EXPR: 0 | POS | FRA | 12 | 0.7 | 0.3 | 0.1=(0.5-(x+0.1)) | 0.1 0.5 x 0.1 + - = | 0.1:light-year 0.5:light-year x:light-year 0.1:light-year +:light-year -:light-year =:light-year
EXPR: 0 | POS | FRA | 12 | 0.7 | 0.3 | 0.1=(0.5-(0.1+x)) | 0.1 0.5 0.1 x + - = | 0.1:light-year 0.5:light-year 0.1:light-year x:light-year +:light-year -:light-year =:light-year
EXPR: 0 | POS | FRA | 12 | 0.7 | 0.5 | ((x+0.1)-0.5)=0.1 | x 0.1 + 0.5 - 0.1 = | x:light-year 0.1:light-year +:light-year 0.5:light-year -:light-year 0.1:light-year =:light-year
EXPR: 1 | POS | FRA | 12 | 0.7 | 0.7 | 0.1=(x-(0.5+0.1)) | 0.1 x 0.5 0.1 + - = | 0.1:light-year x:light-year 0.5:light-year 0.1:light-year +:light-year -:light-year =:light-year
EXPR: 0 | POS | FRA | 12 | 0.7 | 0.5 | 0.1=((0.5+0.1)-x) | 0.1 0.5 0.1 + x - = | 0.1:light-year 0.5:light-year 0.1:light-year +:light-year x:light-year -:light-year =:light-year
EXPR: 0 | POS | FRA | 12 | 0.7 | 0.5 | (x-0.5)=(0.1-0.1) | x 0.5 - 0.1 0.1 - = | x:light-year 0.5:light-year -:light-year 0.1:light-year 0.1:light-year -:light-year =:light-year
EXPR: 1 | POS | FRA | 12 | 0.7 | 0.7 | ((x-0.1)-0.5)=0.1 | x 0.1 - 0.5 - 0.1 = | x:light-year 0.1:light-year -:light-year 0.5:light-year -:light-year 0.1:light-year =:light-year
EXPR: 0 | POS | FRA | 12 | 0.7 | 0.5 | 0.1=(x-(0.5-0.1)) | 0.1 x 0.5 0.1 - - = | 0.1:light-year x:light-year 0.5:light-year 0.1:light-year -:light-year -:light-year =:light-year
EXPR: 0 | POS | FRA | 12 | 0.7 | 0.5 | ((0.1+x)-0.5)=0.1 | 0.1 x + 0.5 - 0.1 = | 0.1:light-year x:light-year +:light-year 0.5:light-year -:light-year 0.1:light-year =:light-year
EXPR: 0 | POS | FRA | 12 | 0.7 | 0.5 | 0.1=(0.5+(0.1-x)) | 0.1 0.5 0.1 x - + = | 0.1:light-year 0.5:light-year 0.1:light-year x:light-year -:light-year +:light-year =:light-year
EXPR: 0 | POS | FRA | 12 | 0.7 | 0.5 | ((0.1-x)+0.5)=0.1 | 0.1 x - 0.5 + 0.1 = | 0.1:light-year x:light-year -:light-year 0.5:light-year +:light-year 0.1:light-year =:light-year
EXPR: 0 | POS | FRA | 12 | 0.7 | 0.5 | (0.1-(x-0.5))=0.1 | 0.1 x 0.5 - - 0.1 = | 0.1:light-year x:light-year 0.5:light-year -:light-year -:light-year 0.1:light-year =:light-year
EXPR: 0 | POS | FRA | 12 | 0.7 | 0.5 | (0.1+(x-0.5))=0.1 | 0.1 x 0.5 - + 0.1 = | 0.1:light-year x:light-year 0.5:light-year -:light-year +:light-year 0.1:light-year =:light-year
EXPR: 0 | POS | FRA | 12 | 0.7 | 0.5 | (0.5+0.1)=(0.1+x) | 0.5 0.1 + 0.1 x + = | 0.5:light-year 0.1:light-year +:light-year 0.1:light-year x:light-year +:light-year =:light-year
EXPR: 0 | POS | FRA | 12 | 0.7 | 0.5 | (0.5-0.1)=(x-0.1) | 0.5 0.1 - x 0.1 - = | 0.5:light-year 0.1:light-year -:light-year x:light-year 0.1:light-year -:light-year =:light-year
EXPR: 1 | POS | FRA | 12 | 0.7 | 0.7 | (0.5+0.1)=(x-0.1) | 0.5 0.1 + x 0.1 - = | 0.5:light-year 0.1:light-year +:light-year x:light-year 0.1:light-year -:light-year =:light-year
EXPR: 0 | POS | FRA | 12 | 0.7 | 0.5 | (0.5+0.1)=(x+0.1) | 0.5 0.1 + x 0.1 + = | 0.5:light-year 0.1:light-year +:light-year x:light-year 0.1:light-year +:light-year =:light-year
EXPR: 0 | POS | FRA | 12 | 0.7 | 0.3 | (0.5-x)=(0.1+0.1) | 0.5 x - 0.1 0.1 + = | 0.5:light-year x:light-year -:light-year 0.1:light-year 0.1:light-year +:light-year =:light-year
EXPR: 1 | POS | FRA | 22 | 0.7 | 0.7 | (x-0.1)=(0.5+0.1) | x 0.1 - 0.5 0.1 + = | x:light-year 0.1:light-year -:light-year 0.5:light-year 0.1:light-year +:light-year =:light-year
EXPR: 0 | POS | FRA | 22 | 0.7 | 0.5 | (x-0.1)=(0.5-0.1) | x 0.1 - 0.5 0.1 - = | x:light-year 0.1:light-year -:light-year 0.5:light-year 0.1:light-year -:light-year =:light-year
EXPR: 0 | POS | FRA | 22 | 0.7 | 0.3 | (0.1+x)=(0.5-0.1) | 0.1 x + 0.5 0.1 - = | 0.1:light-year x:light-year +:light-year 0.5:light-year 0.1:light-year -:light-year =:light-year
EXPR: 0 | POS | FRA | 22 | 0.7 | 0.3 | (x+0.1)=(0.5-0.1) | x 0.1 + 0.5 0.1 - = | x:light-year 0.1:light-year +:light-year 0.5:light-year 0.1:light-year -:light-year =:light-year
EXPR: 0 | POS | FRA | 22 | 0.7 | 0.5 | (0.1+x)=(0.5+0.1) | 0.1 x + 0.5 0.1 + = | 0.1:light-year x:light-year +:light-year 0.5:light-year 0.1:light-year +:light-year =:light-year
EXPR: 0 | POS | FRA | 22 | 0.7 | 0.5 | (x+0.1)=(0.5+0.1) | x 0.1 + 0.5 0.1 + = | x:light-year 0.1:light-year +:light-year 0.5:light-year 0.1:light-year +:light-year =:light-year
EXPR: 0 | POS | FRA | 22 | 0.7 | 0.5 | (0.1-0.5)=(0.1-x) | 0.1 0.5 - 0.1 x - = | 0.1:light-year 0.5:light-year -:light-year 0.1:light-year x:light-year -:light-year =:light-year
EXPR: 0 | POS | FRA | 25 | 0.7 | 0.5 | x=((0.1-0.1)+0.5) | x 0.1 0.1 - 0.5 + = | x:light-year 0.1:light-year 0.1:light-year -:light-year 0.5:light-year +:light-year =:light-year
EXPR: 0 | POS | FRA | 25 | 0.7 | 0.5 | x=(0.1-(0.1-0.5)) | x 0.1 0.1 0.5 - - = | x:light-year 0.1:light-year 0.1:light-year 0.5:light-year -:light-year -:light-year =:light-year
EXPR: 0 | POS | FRA | 25 | 0.7 | 0.5 | (0.1-(0.1-0.5))=x | 0.1 0.1 0.5 - - x = | 0.1:light-year 0.1:light-year 0.5:light-year -:light-year -:light-year x:light-year =:light-year
EXPR: 1 | POS | FRA | 25 | 0.7 | 0.7 | x=((0.1+0.1)+0.5) | x 0.1 0.1 + 0.5 + = | x:light-year 0.1:light-year 0.1:light-year +:light-year 0.5:light-year +:light-year =:light-year
EXPR: 1 | POS | FRA | 25 | 0.7 | 0.7 | ((0.1+0.1)+0.5)=x | 0.1 0.1 + 0.5 + x = | 0.1:light-year 0.1:light-year +:light-year 0.5:light-year +:light-year x:light-year =:light-year
EXPR: 0 | POS | FRA | 25 | 0.7 | 0.5 | ((0.1-0.1)+0.5)=x | 0.1 0.1 - 0.5 + x = | 0.1:light-year 0.1:light-year -:light-year 0.5:light-year +:light-year x:light-year =:light-year
EXPR: 0 | POS | FRA | 27 | 0.7 | 0.5 | ((x+0.1)-0.1)=0.5 | x 0.1 + 0.1 - 0.5 = | x:light-year 0.1:light-year +:light-year 0.1:light-year -:light-year 0.5:light-year =:light-year
EXPR: 0 | POS | FRA | 27 | 0.7 | 0.5 | ((x-0.1)+0.1)=0.5 | x 0.1 - 0.1 + 0.5 = | x:light-year 0.1:light-year -:light-year 0.1:light-year +:light-year 0.5:light-year =:light-year
EXPR: 0 | POS | FRA | 27 | 0.7 | 0.5 | ((0.1+x)-0.1)=0.5 | 0.1 x + 0.1 - 0.5 = | 0.1:light-year x:light-year +:light-year 0.1:light-year -:light-year 0.5:light-year =:light-year
EXPR: 1 | POS | FRA | 27 | 0.7 | 0.7 | ((x-0.1)-0.1)=0.5 | x 0.1 - 0.1 - 0.5 = | x:light-year 0.1:light-year -:light-year 0.1:light-year -:light-year 0.5:light-year =:light-year
EXPR: 0 | POS | FRA | 27 | 0.7 | 0.5 | 0.1=(x+(0.1-0.5)) | 0.1 x 0.1 0.5 - + = | 0.1:light-year x:light-year 0.1:light-year 0.5:light-year -:light-year +:light-year =:light-year
EXPR: 0 | POS | FRA | 27 | 0.7 | 0.5 | 0.1=((0.1-0.5)+x) | 0.1 0.1 0.5 - x + = | 0.1:light-year 0.1:light-year 0.5:light-year -:light-year x:light-year +:light-year =:light-year
EXPR: 0 | POS | FRA | 27 | 0.7 | 0.5 | 0.1=((x+0.1)-0.5) | 0.1 x 0.1 + 0.5 - = | 0.1:light-year x:light-year 0.1:light-year +:light-year 0.5:light-year -:light-year =:light-year
EXPR: 0 | POS | FRA | 27 | 0.7 | 0.5 | (x-(0.1-0.1))=0.5 | x 0.1 0.1 - - 0.5 = | x:light-year 0.1:light-year 0.1:light-year -:light-year -:light-year 0.5:light-year =:light-year
EXPR: 0 | POS | FRA | 27 | 0.7 | 0.5 | ((0.1-0.1)+x)=0.5 | 0.1 0.1 - x + 0.5 = | 0.1:light-year 0.1:light-year -:light-year x:light-year +:light-year 0.5:light-year =:light-year
EXPR: 0 | POS | FRA | 27 | 0.7 | 0.5 | 0.1=(0.1-(0.5-x)) | 0.1 0.1 0.5 x - - = | 0.1:light-year 0.1:light-year 0.5:light-year x:light-year -:light-year -:light-year =:light-year
EXPR: 0 | POS | FRA | 27 | 0.7 | 0.5 | 0.1=((0.1-x)+0.5) | 0.1 0.1 x - 0.5 + = | 0.1:light-year 0.1:light-year x:light-year -:light-year 0.5:light-year +:light-year =:light-year
EXPR: 0 | POS | FRA | 27 | 0.7 | 0.3 | ((x+0.1)+0.1)=0.5 | x 0.1 + 0.1 + 0.5 = | x:light-year 0.1:light-year +:light-year 0.1:light-year +:light-year 0.5:light-year =:light-year
EXPR: 0 | POS | FRA | 27 | 0.7 | 0.3 | ((0.1+x)+0.1)=0.5 | 0.1 x + 0.1 + 0.5 = | 0.1:light-year x:light-year +:light-year 0.1:light-year +:light-year 0.5:light-year =:light-year
EXPR: 0 | POS | FRA | 27 | 0.7 | 0.5 | 0.1=(0.1-(x-0.5)) | 0.1 0.1 x 0.5 - - = | 0.1:light-year 0.1:light-year x:light-year 0.5:light-year -:light-year -:light-year =:light-year
EXPR: 0 | POS | FRA | 27 | 0.7 | 0.5 | 0.1=((0.1+x)-0.5) | 0.1 0.1 x + 0.5 - = | 0.1:light-year 0.1:light-year x:light-year +:light-year 0.5:light-year -:light-year =:light-year
EXPR: 1 | POS | FRA | 27 | 0.7 | 0.7 | (x-(0.1+0.1))=0.5 | x 0.1 0.1 + - 0.5 = | x:light-year 0.1:light-year 0.1:light-year +:light-year -:light-year 0.5:light-year =:light-year
EXPR: 0 | POS | FRA | 27 | 0.7 | 0.5 | (0.1-(0.1-x))=0.5 | 0.1 0.1 x - - 0.5 = | 0.1:light-year 0.1:light-year x:light-year -:light-year -:light-year 0.5:light-year =:light-year
EXPR: 0 | POS | FRA | 27 | 0.7 | 0.5 | 0.1=(0.1+(x-0.5)) | 0.1 0.1 x 0.5 - + = | 0.1:light-year 0.1:light-year x:light-year 0.5:light-year -:light-year +:light-year =:light-year
EXPR: 0 | POS | FRA | 27 | 0.7 | 0.5 | (x+(0.1-0.1))=0.5 | x 0.1 0.1 - + 0.5 = | x:light-year 0.1:light-year 0.1:light-year -:light-year +:light-year 0.5:light-year =:light-year
EXPR: 1 | POS | FRA | 27 | 0.7 | 0.7 | 0.1=((x-0.1)-0.5) | 0.1 x 0.1 - 0.5 - = | 0.1:light-year x:light-year 0.1:light-year -:light-year 0.5:light-year -:light-year =:light-year
EXPR: 0 | POS | FRA | 27 | 0.7 | 0.3 | ((0.1+0.1)+x)=0.5 | 0.1 0.1 + x + 0.5 = | 0.1:light-year 0.1:light-year +:light-year x:light-year +:light-year 0.5:light-year =:light-year
EXPR: 0 | POS | FRA | 27 | 0.7 | 0.3 | (0.1+(0.1+x))=0.5 | 0.1 0.1 x + + 0.5 = | 0.1:light-year 0.1:light-year x:light-year +:light-year +:light-year 0.5:light-year =:light-year
EXPR: 0 | POS | FRA | 27 | 0.7 | 0.3 | (x+(0.1+0.1))=0.5 | x 0.1 0.1 + + 0.5 = | x:light-year 0.1:light-year 0.1:light-year +:light-year +:light-year 0.5:light-year =:light-year
EXPR: 0 | POS | FRA | 27 | 0.7 | 0.5 | 0.1=(0.1+(0.5-x)) | 0.1 0.1 0.5 x - + = | 0.1:light-year 0.1:light-year 0.5:light-year x:light-year -:light-year +:light-year =:light-year
EXPR: 0 | POS | FRA | 27 | 0.7 | 0.5 | (0.1+(x-0.1))=0.5 | 0.1 x 0.1 - + 0.5 = | 0.1:light-year x:light-year 0.1:light-year -:light-year +:light-year 0.5:light-year =:light-year
EXPR: 0 | POS | FRA | 27 | 0.7 | 0.3 | (0.1+(x+0.1))=0.5 | 0.1 x 0.1 + + 0.5 = | 0.1:light-year x:light-year 0.1:light-year +:light-year +:light-year 0.5:light-year =:light-year
EXPR: 0 | POS | FRA | 37 | 0.7 | 0.5 | (0.1-x)=(0.1-0.5) | 0.1 x - 0.1 0.5 - = | 0.1:light-year x:light-year -:light-year 0.1:light-year 0.5:light-year -:light-year =:light-year
EXPR: 0 | POS | FRA | 37 | 0.7 | 0.5 | (0.1-0.1)=(0.5-x) | 0.1 0.1 - 0.5 x - = | 0.1:light-year 0.1:light-year -:light-year 0.5:light-year x:light-year -:light-year =:light-year
EXPR: 0 | POS | FRA | 37 | 0.7 | 0.3 | (0.1+0.1)=(0.5-x) | 0.1 0.1 + 0.5 x - = | 0.1:light-year 0.1:light-year +:light-year 0.5:light-year x:light-year -:light-year =:light-year
EXPR: 0 | POS | FRA | 37 | 0.7 | 0.5 | (0.1-0.1)=(x-0.5) | 0.1 0.1 - x 0.5 - = | 0.1:light-year 0.1:light-year -:light-year x:light-year 0.5:light-year -:light-year =:light-year
EXPR: 1 | POS | FRA | 37 | 0.7 | 0.7 | (0.1+0.1)=(x-0.5) | 0.1 0.1 + x 0.5 - = | 0.1:light-year 0.1:light-year +:light-year x:light-year 0.5:light-year -:light-year =:light-year
NET 124 unique, non-negative solutions found out of 480 total solutions
