parameters: n=5 l=2 k=1 p=5 q=2 m=8
TOTAL 136 solutions found
SOLN: CORRECT | POS/NEG | INT/FRA | OBJ-SCORE | TRUE-ANS | ANS | INFIX | POSTFIX | TYPED-POSTFIX
EXPR: 0 | POS | FRA | 2 | 1.83333 | 0.388888888888889 | 3=(1.1666666666666667/x) | 3 1.1666666666666667 x / = | 3:inch 1.1666666666666667:inch x:caterpillar /:inch =:inch
EXPR: 0 | POS | FRA | 2 | 1.83333 | 2.57142857142857 | 3=(x*1.1666666666666667) | 3 x 1.1666666666666667 * = | 3:inch x:caterpillar 1.1666666666666667:inch *:inch =:inch
EXPR: 0 | POS | FRA | 2 | 1.83333 | 2.57142857142857 | 3=(1.1666666666666667*x) | 3 1.1666666666666667 x * = | 3:inch 1.1666666666666667:inch x:caterpillar *:inch =:inch
EXPR: 0 | POS | FRA | 2 | 1.83333 | 0.388888888888889 | (x*3)=1.1666666666666667 | x 3 * 1.1666666666666667 = | x:caterpillar 3:inch *:inch 1.1666666666666667:inch =:inch
EXPR: 0 | POS | FRA | 2 | 1.83333 | 0.388888888888889 | (3*x)=1.1666666666666667 | 3 x * 1.1666666666666667 = | 3:inch x:caterpillar *:inch 1.1666666666666667:inch =:inch
EXPR: 0 | POS | FRA | 2 | 1.83333 | 2.57142857142857 | (3/x)=1.1666666666666667 | 3 x / 1.1666666666666667 = | 3:inch x:caterpillar /:inch 1.1666666666666667:inch =:inch
EXPR: 0 | POS | FRA | 10 | 1.83333 | 3.5 | (3*1.1666666666666667)=x | 3 1.1666666666666667 * x = | 3:inch 1.1666666666666667:caterpillar *:caterpillar x:caterpillar =:caterpillar
EXPR: 0 | POS | FRA | 10 | 1.83333 | 4.16666666666667 | (3+1.1666666666666667)=x | 3 1.1666666666666667 + x = | 3:inch 1.1666666666666667:inch +:inch x:inch =:inch
EXPR: 1 | POS | FRA | 10 | 1.83333 | 1.83333333333333 | x=(3-1.1666666666666667) | x 3 1.1666666666666667 - = | x:inch 3:inch 1.1666666666666667:inch -:inch =:inch
EXPR: 0 | POS | FRA | 10 | 1.83333 | 3.5 | x=(3*1.1666666666666667) | x 3 1.1666666666666667 * = | x:caterpillar 3:inch 1.1666666666666667:caterpillar *:caterpillar =:caterpillar
EXPR: 0 | POS | FRA | 10 | 1.83333 | 4.16666666666667 | x=(3+1.1666666666666667) | x 3 1.1666666666666667 + = | x:inch 3:inch 1.1666666666666667:inch +:inch =:inch
EXPR: 1 | POS | FRA | 10 | 1.83333 | 1.83333333333333 | (3-1.1666666666666667)=x | 3 1.1666666666666667 - x = | 3:inch 1.1666666666666667:inch -:inch x:inch =:inch
EXPR: 0 | POS | FRA | 10 | 1.83333 | 2.57142857142857 | x=(3/1.1666666666666667) | x 3 1.1666666666666667 / = | x:caterpillar 3:caterpillar 1.1666666666666667:inch /:caterpillar =:caterpillar
EXPR: 0 | POS | FRA | 10 | 1.83333 | 2.57142857142857 | (3/1.1666666666666667)=x | 3 1.1666666666666667 / x = | 3:caterpillar 1.1666666666666667:inch /:caterpillar x:caterpillar =:caterpillar
EXPR: 0 | POS | FRA | 12 | 1.83333 | 2.57142857142857 | 1.1666666666666667=(3/x) | 1.1666666666666667 3 x / = | 1.1666666666666667:inch 3:inch x:caterpillar /:inch =:inch
EXPR: 0 | POS | FRA | 12 | 1.83333 | 2.57142857142857 | (x*1.1666666666666667)=3 | x 1.1666666666666667 * 3 = | x:caterpillar 1.1666666666666667:inch *:inch 3:inch =:inch
EXPR: 0 | POS | FRA | 12 | 1.83333 | 3.5 | 3=(x/1.1666666666666667) | 3 x 1.1666666666666667 / = | 3:caterpillar x:caterpillar 1.1666666666666667:inch /:caterpillar =:caterpillar
EXPR: 0 | POS | FRA | 12 | 1.83333 | 0.388888888888889 | 1.1666666666666667=(3*x) | 1.1666666666666667 3 x * = | 1.1666666666666667:inch 3:inch x:caterpillar *:inch =:inch
EXPR: 0 | POS | FRA | 12 | 1.83333 | 4.16666666666667 | 3=(x-1.1666666666666667) | 3 x 1.1666666666666667 - = | 3:inch x:inch 1.1666666666666667:inch -:inch =:inch
EXPR: 0 | POS | FRA | 12 | 1.83333 | 0.388888888888889 | 1.1666666666666667=(x*3) | 1.1666666666666667 x 3 * = | 1.1666666666666667:inch x:caterpillar 3:inch *:inch =:inch
EXPR: 1 | POS | FRA | 12 | 1.83333 | 1.83333333333333 | (3-x)=1.1666666666666667 | 3 x - 1.1666666666666667 = | 3:inch x:inch -:inch 1.1666666666666667:inch =:inch
EXPR: 0 | POS | FRA | 12 | 1.83333 | 2.57142857142857 | (1.1666666666666667*x)=3 | 1.1666666666666667 x * 3 = | 1.1666666666666667:inch x:caterpillar *:inch 3:inch =:inch
EXPR: 0 | POS | FRA | 12 | 1.83333 | 0.388888888888889 | (1.1666666666666667/x)=3 | 1.1666666666666667 x / 3 = | 1.1666666666666667:inch x:caterpillar /:inch 3:inch =:inch
EXPR: 1 | POS | FRA | 12 | 1.83333 | 1.83333333333333 | 3=(x+1.1666666666666667) | 3 x 1.1666666666666667 + = | 3:inch x:inch 1.1666666666666667:inch +:inch =:inch
EXPR: 1 | POS | FRA | 12 | 1.83333 | 1.83333333333333 | 3=(1.1666666666666667+x) | 3 1.1666666666666667 x + = | 3:inch 1.1666666666666667:inch x:inch +:inch =:inch
EXPR: 0 | POS | FRA | 12 | 1.83333 | 4.16666666666667 | (x-3)=1.1666666666666667 | x 3 - 1.1666666666666667 = | x:inch 3:inch -:inch 1.1666666666666667:inch =:inch
EXPR: 0 | POS | FRA | 12 | 1.83333 | 3.5 | (x/3)=1.1666666666666667 | x 3 / 1.1666666666666667 = | x:caterpillar 3:inch /:caterpillar 1.1666666666666667:caterpillar =:caterpillar
EXPR: 0 | POS | FRA | 20 | 1.83333 | 0.388888888888889 | (1.1666666666666667/3)=x | 1.1666666666666667 3 / x = | 1.1666666666666667:caterpillar 3:inch /:caterpillar x:caterpillar =:caterpillar
EXPR: 0 | POS | FRA | 20 | 1.83333 | 0.388888888888889 | x=(1.1666666666666667/3) | x 1.1666666666666667 3 / = | x:caterpillar 1.1666666666666667:caterpillar 3:inch /:caterpillar =:caterpillar
EXPR: 0 | POS | FRA | 22 | 1.83333 | 3.5 | (x/1.1666666666666667)=3 | x 1.1666666666666667 / 3 = | x:caterpillar 1.1666666666666667:inch /:caterpillar 3:caterpillar =:caterpillar
EXPR: 0 | POS | FRA | 22 | 1.83333 | 4.16666666666667 | (x-1.1666666666666667)=3 | x 1.1666666666666667 - 3 = | x:inch 1.1666666666666667:inch -:inch 3:inch =:inch
EXPR: 1 | POS | FRA | 22 | 1.83333 | 1.83333333333333 | (1.1666666666666667+x)=3 | 1.1666666666666667 x + 3 = | 1.1666666666666667:inch x:inch +:inch 3:inch =:inch
EXPR: 0 | POS | FRA | 22 | 1.83333 | 4.16666666666667 | 1.1666666666666667=(x-3) | 1.1666666666666667 x 3 - = | 1.1666666666666667:inch x:inch 3:inch -:inch =:inch
EXPR: 1 | POS | FRA | 22 | 1.83333 | 1.83333333333333 | (x+1.1666666666666667)=3 | x 1.1666666666666667 + 3 = | x:inch 1.1666666666666667:inch +:inch 3:inch =:inch
EXPR: 0 | POS | FRA | 22 | 1.83333 | 3.5 | 1.1666666666666667=(x/3) | 1.1666666666666667 x 3 / = | 1.1666666666666667:caterpillar x:caterpillar 3:inch /:caterpillar =:caterpillar
EXPR: 1 | POS | FRA | 22 | 1.83333 | 1.83333333333333 | 1.1666666666666667=(3-x) | 1.1666666666666667 3 x - = | 1.1666666666666667:inch 3:inch x:inch -:inch =:inch
NET 36 unique, non-negative solutions found out of 136 total solutions
