parameters: n=7 l=3 k=1 p=5 q=2 m=9
TOTAL 1000 solutions found
SOLN: CORRECT | POS/NEG | INT/FRA | OBJ-SCORE | TRUE-ANS | ANS | INFIX | POSTFIX | TYPED-POSTFIX
EXPR: 0 | POS | INT | 2 | 9 | 4 | 20=(x*(8-3)) | 20 x 8 3 - * = | 20:dollar x:UNKNOWN 8:dollar 3:dollar -:dollar *:dollar =:dollar
EXPR: 0 | POS | INT | 2 | 9 | 4 | 20=((8-3)*x) | 20 8 3 - x * = | 20:dollar 8:dollar 3:dollar -:dollar x:UNKNOWN *:dollar =:dollar
EXPR: 0 | POS | INT | 2 | 9 | 4 | ((20-8)/x)=3 | 20 8 - x / 3 = | 20:dollar 8:dollar -:dollar x:UNKNOWN /:dollar 3:dollar =:dollar
EXPR: 0 | POS | INT | 2 | 9 | 4 | 20=(8+(x*3)) | 20 8 x 3 * + = | 20:dollar 8:dollar x:UNKNOWN 3:dollar *:dollar +:dollar =:dollar
EXPR: 0 | POS | INT | 2 | 9 | 4 | 20=(8+(3*x)) | 20 8 3 x * + = | 20:dollar 8:dollar 3:dollar x:UNKNOWN *:dollar +:dollar =:dollar
EXPR: 0 | POS | INT | 10 | 9 | 4 | x=(20/(8-3)) | x 20 8 3 - / = | x:UNKNOWN 20:UNKNOWN 8:dollar 3:dollar -:dollar /:UNKNOWN =:UNKNOWN
EXPR: 0 | POS | INT | 10 | 9 | 220 | x=(20*(8+3)) | x 20 8 3 + * = | x:UNKNOWN 20:UNKNOWN 8:dollar 3:dollar +:dollar *:UNKNOWN =:UNKNOWN
EXPR: 0 | POS | INT | 10 | 9 | 100 | x=(20*(8-3)) | x 20 8 3 - * = | x:UNKNOWN 20:UNKNOWN 8:dollar 3:dollar -:dollar *:UNKNOWN =:UNKNOWN
EXPR: 0 | POS | INT | 10 | 9 | 36 | ((20-8)*3)=x | 20 8 - 3 * x = | 20:dollar 8:dollar -:dollar 3:UNKNOWN *:UNKNOWN x:UNKNOWN =:UNKNOWN
EXPR: 0 | POS | INT | 10 | 9 | 84 | ((20+8)*3)=x | 20 8 + 3 * x = | 20:dollar 8:dollar +:dollar 3:UNKNOWN *:UNKNOWN x:UNKNOWN =:UNKNOWN
EXPR: 0 | POS | INT | 10 | 9 | 100 | (20*(8-3))=x | 20 8 3 - * x = | 20:UNKNOWN 8:dollar 3:dollar -:dollar *:UNKNOWN x:UNKNOWN =:UNKNOWN
EXPR: 1 | POS | INT | 10 | 9 | 9 | (20-(8+3))=x | 20 8 3 + - x = | 20:dollar 8:dollar 3:dollar +:dollar -:dollar x:dollar =:dollar
EXPR: 0 | POS | INT | 10 | 9 | 31 | (20+(8+3))=x | 20 8 3 + + x = | 20:dollar 8:dollar 3:dollar +:dollar +:dollar x:dollar =:dollar
EXPR: 0 | POS | INT | 10 | 9 | 31 | x=((20+8)+3) | x 20 8 + 3 + = | x:dollar 20:dollar 8:dollar +:dollar 3:dollar +:dollar =:dollar
EXPR: 0 | POS | INT | 10 | 9 | 25 | x=((20+8)-3) | x 20 8 + 3 - = | x:dollar 20:dollar 8:dollar +:dollar 3:dollar -:dollar =:dollar
EXPR: 1 | POS | INT | 10 | 9 | 9 | x=((20-8)-3) | x 20 8 - 3 - = | x:dollar 20:dollar 8:dollar -:dollar 3:dollar -:dollar =:dollar
EXPR: 1 | POS | INT | 10 | 9 | 9 | x=(20-(8+3)) | x 20 8 3 + - = | x:dollar 20:dollar 8:dollar 3:dollar +:dollar -:dollar =:dollar
EXPR: 0 | POS | INT | 10 | 9 | 15 | x=((20-8)+3) | x 20 8 - 3 + = | x:dollar 20:dollar 8:dollar -:dollar 3:dollar +:dollar =:dollar
EXPR: 1 | POS | INT | 10 | 9 | 9 | ((20-8)-3)=x | 20 8 - 3 - x = | 20:dollar 8:dollar -:dollar 3:dollar -:dollar x:dollar =:dollar
EXPR: 0 | POS | INT | 10 | 9 | 25 | (20+(8-3))=x | 20 8 3 - + x = | 20:dollar 8:dollar 3:dollar -:dollar +:dollar x:dollar =:dollar
EXPR: 0 | POS | INT | 10 | 9 | 84 | x=((20+8)*3) | x 20 8 + 3 * = | x:UNKNOWN 20:dollar 8:dollar +:dollar 3:UNKNOWN *:UNKNOWN =:UNKNOWN
EXPR: 0 | POS | INT | 10 | 9 | 15 | x=(20-(8-3)) | x 20 8 3 - - = | x:dollar 20:dollar 8:dollar 3:dollar -:dollar -:dollar =:dollar
EXPR: 0 | POS | INT | 10 | 9 | 36 | x=((20-8)*3) | x 20 8 - 3 * = | x:UNKNOWN 20:dollar 8:dollar -:dollar 3:UNKNOWN *:UNKNOWN =:UNKNOWN
EXPR: 0 | POS | INT | 10 | 9 | 15 | ((20-8)+3)=x | 20 8 - 3 + x = | 20:dollar 8:dollar -:dollar 3:dollar +:dollar x:dollar =:dollar
EXPR: 0 | POS | INT | 10 | 9 | 31 | x=(20+(8+3)) | x 20 8 3 + + = | x:dollar 20:dollar 8:dollar 3:dollar +:dollar +:dollar =:dollar
EXPR: 0 | POS | INT | 10 | 9 | 25 | x=(20+(8-3)) | x 20 8 3 - + = | x:dollar 20:dollar 8:dollar 3:dollar -:dollar +:dollar =:dollar
EXPR: 0 | POS | INT | 10 | 9 | 15 | (20-(8-3))=x | 20 8 3 - - x = | 20:dollar 8:dollar 3:dollar -:dollar -:dollar x:dollar =:dollar
EXPR: 0 | POS | INT | 10 | 9 | 25 | ((20+8)-3)=x | 20 8 + 3 - x = | 20:dollar 8:dollar +:dollar 3:dollar -:dollar x:dollar =:dollar
EXPR: 0 | POS | INT | 10 | 9 | 31 | ((20+8)+3)=x | 20 8 + 3 + x = | 20:dollar 8:dollar +:dollar 3:dollar +:dollar x:dollar =:dollar
EXPR: 0 | POS | INT | 10 | 9 | 4 | (20/(8-3))=x | 20 8 3 - / x = | 20:UNKNOWN 8:dollar 3:dollar -:dollar /:UNKNOWN x:UNKNOWN =:UNKNOWN
EXPR: 0 | POS | INT | 10 | 9 | 220 | (20*(8+3))=x | 20 8 3 + * x = | 20:UNKNOWN 8:dollar 3:dollar +:dollar *:UNKNOWN x:UNKNOWN =:UNKNOWN
EXPR: 0 | POS | INT | 12 | 9 | 4 | (20-(3*x))=8 | 20 3 x * - 8 = | 20:dollar 3:dollar x:UNKNOWN *:dollar -:dollar 8:dollar =:dollar
EXPR: 0 | POS | INT | 12 | 9 | 4 | 20=((x*3)+8) | 20 x 3 * 8 + = | 20:dollar x:UNKNOWN 3:dollar *:dollar 8:dollar +:dollar =:dollar
EXPR: 0 | POS | INT | 12 | 9 | 4 | (20-(x*3))=8 | 20 x 3 * - 8 = | 20:dollar x:UNKNOWN 3:dollar *:dollar -:dollar 8:dollar =:dollar
EXPR: 0 | POS | INT | 12 | 9 | 4 | 20=((3*x)+8) | 20 3 x * 8 + = | 20:dollar 3:dollar x:UNKNOWN *:dollar 8:dollar +:dollar =:dollar
EXPR: 0 | POS | INT | 12 | 9 | 4 | ((20/x)+3)=8 | 20 x / 3 + 8 = | 20:dollar x:UNKNOWN /:dollar 3:dollar +:dollar 8:dollar =:dollar
EXPR: 1 | POS | INT | 12 | 9 | 9 | 20=(8+(3+x)) | 20 8 3 x + + = | 20:dollar 8:dollar 3:dollar x:dollar +:dollar +:dollar =:dollar
EXPR: 1 | POS | INT | 12 | 9 | 9 | 20=(8+(x+3)) | 20 8 x 3 + + = | 20:dollar 8:dollar x:dollar 3:dollar +:dollar +:dollar =:dollar
EXPR: 0 | POS | INT | 12 | 9 | 15 | 20=(8+(x-3)) | 20 8 x 3 - + = | 20:dollar 8:dollar x:dollar 3:dollar -:dollar +:dollar =:dollar
EXPR: 0 | POS | INT | 12 | 9 | 25 | 20=(x-(8-3)) | 20 x 8 3 - - = | 20:dollar x:dollar 8:dollar 3:dollar -:dollar -:dollar =:dollar
EXPR: 0 | POS | INT | 12 | 9 | 31 | 20=(x-(8+3)) | 20 x 8 3 + - = | 20:dollar x:dollar 8:dollar 3:dollar +:dollar -:dollar =:dollar
EXPR: 0 | POS | INT | 12 | 9 | 4 | (8-(20/x))=3 | 8 20 x / - 3 = | 8:dollar 20:dollar x:UNKNOWN /:dollar -:dollar 3:dollar =:dollar
EXPR: 0 | POS | INT | 12 | 9 | 15 | 20=(x+(8-3)) | 20 x 8 3 - + = | 20:dollar x:dollar 8:dollar 3:dollar -:dollar +:dollar =:dollar
EXPR: 0 | POS | INT | 12 | 9 | 15 | 20=(8-(3-x)) | 20 8 3 x - - = | 20:dollar 8:dollar 3:dollar x:dollar -:dollar -:dollar =:dollar
EXPR: 0 | POS | INT | 12 | 9 | 100 | 20=(x/(8-3)) | 20 x 8 3 - / = | 20:UNKNOWN x:UNKNOWN 8:dollar 3:dollar -:dollar /:UNKNOWN =:UNKNOWN
EXPR: 0 | POS | INT | 12 | 9 | 15 | 20=((8-3)+x) | 20 8 3 - x + = | 20:dollar 8:dollar 3:dollar -:dollar x:dollar +:dollar =:dollar
EXPR: 0 | POS | INT | 12 | 9 | 4 | (20-8)=(x*3) | 20 8 - x 3 * = | 20:dollar 8:dollar -:dollar x:UNKNOWN 3:dollar *:dollar =:dollar
EXPR: 1 | POS | INT | 12 | 9 | 9 | ((20-8)-x)=3 | 20 8 - x - 3 = | 20:dollar 8:dollar -:dollar x:dollar -:dollar 3:dollar =:dollar
EXPR: 0 | POS | INT | 12 | 9 | 25 | ((20+8)-x)=3 | 20 8 + x - 3 = | 20:dollar 8:dollar +:dollar x:dollar -:dollar 3:dollar =:dollar
EXPR: 0 | POS | INT | 12 | 9 | 220 | 20=(x/(8+3)) | 20 x 8 3 + / = | 20:UNKNOWN x:UNKNOWN 8:dollar 3:dollar +:dollar /:UNKNOWN =:UNKNOWN
EXPR: 0 | POS | INT | 12 | 9 | 31 | ((x-20)-8)=3 | x 20 - 8 - 3 = | x:dollar 20:dollar -:dollar 8:dollar -:dollar 3:dollar =:dollar
EXPR: 0 | POS | INT | 12 | 9 | 4 | 8=((20/x)+3) | 8 20 x / 3 + = | 8:dollar 20:dollar x:UNKNOWN /:dollar 3:dollar +:dollar =:dollar
EXPR: 1 | POS | INT | 12 | 9 | 9 | (20-(x+8))=3 | 20 x 8 + - 3 = | 20:dollar x:dollar 8:dollar +:dollar -:dollar 3:dollar =:dollar
EXPR: 0 | POS | INT | 12 | 9 | 31 | 20=((x-8)-3) | 20 x 8 - 3 - = | 20:dollar x:dollar 8:dollar -:dollar 3:dollar -:dollar =:dollar
EXPR: 0 | POS | INT | 12 | 9 | 4 | (20-8)=(3*x) | 20 8 - 3 x * = | 20:dollar 8:dollar -:dollar 3:dollar x:UNKNOWN *:dollar =:dollar
EXPR: 0 | POS | INT | 12 | 9 | 15 | ((x-20)+8)=3 | x 20 - 8 + 3 = | x:dollar 20:dollar -:dollar 8:dollar +:dollar 3:dollar =:dollar
EXPR: 0 | POS | INT | 12 | 9 | 84 | (x/(20+8))=3 | x 20 8 + / 3 = | x:UNKNOWN 20:dollar 8:dollar +:dollar /:UNKNOWN 3:UNKNOWN =:UNKNOWN
EXPR: 1 | POS | INT | 12 | 9 | 9 | (20-(8+x))=3 | 20 8 x + - 3 = | 20:dollar 8:dollar x:dollar +:dollar -:dollar 3:dollar =:dollar
EXPR: 0 | POS | INT | 12 | 9 | 4 | 8=(20-(3*x)) | 8 20 3 x * - = | 8:dollar 20:dollar 3:dollar x:UNKNOWN *:dollar -:dollar =:dollar
EXPR: 0 | POS | INT | 12 | 9 | 25 | ((20-x)+8)=3 | 20 x - 8 + 3 = | 20:dollar x:dollar -:dollar 8:dollar +:dollar 3:dollar =:dollar
EXPR: 0 | POS | INT | 12 | 9 | 25 | (20+(8-x))=3 | 20 8 x - + 3 = | 20:dollar 8:dollar x:dollar -:dollar +:dollar 3:dollar =:dollar
EXPR: 1 | POS | INT | 12 | 9 | 9 | ((20-x)-8)=3 | 20 x - 8 - 3 = | 20:dollar x:dollar -:dollar 8:dollar -:dollar 3:dollar =:dollar
EXPR: 0 | POS | INT | 12 | 9 | 25 | 20=((x-8)+3) | 20 x 8 - 3 + = | 20:dollar x:dollar 8:dollar -:dollar 3:dollar +:dollar =:dollar
EXPR: 1 | POS | INT | 12 | 9 | 9 | 20=(x+(8+3)) | 20 x 8 3 + + = | 20:dollar x:dollar 8:dollar 3:dollar +:dollar +:dollar =:dollar
EXPR: 0 | POS | INT | 12 | 9 | 31 | (x-(20+8))=3 | x 20 8 + - 3 = | x:dollar 20:dollar 8:dollar +:dollar -:dollar 3:dollar =:dollar
EXPR: 0 | POS | INT | 12 | 9 | 15 | (x-(20-8))=3 | x 20 8 - - 3 = | x:dollar 20:dollar 8:dollar -:dollar -:dollar 3:dollar =:dollar
EXPR: 0 | POS | INT | 12 | 9 | 25 | (20-(x-8))=3 | 20 x 8 - - 3 = | 20:dollar x:dollar 8:dollar -:dollar -:dollar 3:dollar =:dollar
EXPR: 0 | POS | INT | 12 | 9 | 4 | (20/x)=(8-3) | 20 x / 8 3 - = | 20:dollar x:UNKNOWN /:dollar 8:dollar 3:dollar -:dollar =:dollar
EXPR: 0 | POS | INT | 12 | 9 | 36 | (x/(20-8))=3 | x 20 8 - / 3 = | x:UNKNOWN 20:dollar 8:dollar -:dollar /:UNKNOWN 3:UNKNOWN =:UNKNOWN
EXPR: 0 | POS | INT | 12 | 9 | 4 | 8=(20-(x*3)) | 8 20 x 3 * - = | 8:dollar 20:dollar x:UNKNOWN 3:dollar *:dollar -:dollar =:dollar
EXPR: 0 | POS | INT | 12 | 9 | 15 | 20=((x+8)-3) | 20 x 8 + 3 - = | 20:dollar x:dollar 8:dollar +:dollar 3:dollar -:dollar =:dollar
EXPR: 0 | POS | INT | 12 | 9 | 15 | 20=((8+x)-3) | 20 8 x + 3 - = | 20:dollar 8:dollar x:dollar +:dollar 3:dollar -:dollar =:dollar
EXPR: 1 | POS | INT | 12 | 9 | 9 | 20=((8+x)+3) | 20 8 x + 3 + = | 20:dollar 8:dollar x:dollar +:dollar 3:dollar +:dollar =:dollar
EXPR: 1 | POS | INT | 12 | 9 | 9 | 20=((8+3)+x) | 20 8 3 + x + = | 20:dollar 8:dollar 3:dollar +:dollar x:dollar +:dollar =:dollar
EXPR: 1 | POS | INT | 12 | 9 | 9 | 20=((x+8)+3) | 20 x 8 + 3 + = | 20:dollar x:dollar 8:dollar +:dollar 3:dollar +:dollar =:dollar
EXPR: 0 | POS | INT | 20 | 9 | 157 | ((20*8)-3)=x | 20 8 * 3 - x = | 20:UNKNOWN 8:dollar *:dollar 3:dollar -:dollar x:dollar =:dollar
EXPR: 0 | POS | INT | 20 | 9 | 163 | ((20*8)+3)=x | 20 8 * 3 + x = | 20:UNKNOWN 8:dollar *:dollar 3:dollar +:dollar x:dollar =:dollar
EXPR: 0 | POS | INT | 20 | 9 | 157 | x=((20*8)-3) | x 20 8 * 3 - = | x:UNKNOWN 20:dollar 8:UNKNOWN *:UNKNOWN 3:UNKNOWN -:UNKNOWN =:UNKNOWN
EXPR: 0 | POS | INT | 20 | 9 | 163 | x=((20*8)+3) | x 20 8 * 3 + = | x:UNKNOWN 20:dollar 8:UNKNOWN *:UNKNOWN 3:UNKNOWN +:UNKNOWN =:UNKNOWN
EXPR: 0 | POS | INT | 20 | 9 | 44 | (20+(8*3))=x | 20 8 3 * + x = | 20:UNKNOWN 8:dollar 3:UNKNOWN *:UNKNOWN +:UNKNOWN x:UNKNOWN =:UNKNOWN
EXPR: 0 | POS | INT | 20 | 9 | 136 | (8*(20-3))=x | 8 20 3 - * x = | 8:UNKNOWN 20:dollar 3:dollar -:dollar *:UNKNOWN x:UNKNOWN =:UNKNOWN
EXPR: 0 | POS | INT | 20 | 9 | 4 | ((20-8)/3)=x | 20 8 - 3 / x = | 20:dollar 8:dollar -:dollar 3:UNKNOWN /:dollar x:dollar =:dollar
EXPR: 0 | POS | INT | 20 | 9 | 44 | x=(20+(8*3)) | x 20 8 3 * + = | x:dollar 20:dollar 8:dollar 3:UNKNOWN *:dollar +:dollar =:dollar
EXPR: 0 | POS | INT | 20 | 9 | 184 | (8*(20+3))=x | 8 20 3 + * x = | 8:UNKNOWN 20:dollar 3:dollar +:dollar *:UNKNOWN x:UNKNOWN =:UNKNOWN
EXPR: 0 | POS | INT | 20 | 9 | 31 | (8+(20+3))=x | 8 20 3 + + x = | 8:dollar 20:dollar 3:dollar +:dollar +:dollar x:dollar =:dollar
EXPR: 0 | POS | INT | 20 | 9 | 184 | x=((20+3)*8) | x 20 3 + 8 * = | x:UNKNOWN 20:dollar 3:dollar +:dollar 8:UNKNOWN *:UNKNOWN =:UNKNOWN
EXPR: 0 | POS | INT | 20 | 9 | 136 | ((20-3)*8)=x | 20 3 - 8 * x = | 20:dollar 3:dollar -:dollar 8:UNKNOWN *:UNKNOWN x:UNKNOWN =:UNKNOWN
EXPR: 0 | POS | INT | 20 | 9 | 31 | x=((20+3)+8) | x 20 3 + 8 + = | x:dollar 20:dollar 3:dollar +:dollar 8:dollar +:dollar =:dollar
EXPR: 0 | POS | INT | 20 | 9 | 184 | ((20+3)*8)=x | 20 3 + 8 * x = | 20:dollar 3:dollar +:dollar 8:UNKNOWN *:UNKNOWN x:UNKNOWN =:UNKNOWN
EXPR: 0 | POS | INT | 20 | 9 | 15 | x=((20+3)-8) | x 20 3 + 8 - = | x:dollar 20:dollar 3:dollar +:dollar 8:dollar -:dollar =:dollar
EXPR: 0 | POS | INT | 20 | 9 | 15 | (20+(3-8))=x | 20 3 8 - + x = | 20:dollar 3:dollar 8:dollar -:dollar +:dollar x:dollar =:dollar
EXPR: 0 | POS | INT | 20 | 9 | 25 | (8+(20-3))=x | 8 20 3 - + x = | 8:dollar 20:dollar 3:dollar -:dollar +:dollar x:dollar =:dollar
EXPR: 0 | POS | INT | 20 | 9 | 4 | x=((20-8)/3) | x 20 8 - 3 / = | x:UNKNOWN 20:UNKNOWN 8:UNKNOWN -:UNKNOWN 3:dollar /:UNKNOWN =:UNKNOWN
EXPR: 0 | POS | INT | 20 | 9 | 25 | (20-(3-8))=x | 20 3 8 - - x = | 20:dollar 3:dollar 8:dollar -:dollar -:dollar x:dollar =:dollar
EXPR: 0 | POS | INT | 20 | 9 | 184 | x=(8*(20+3)) | x 8 20 3 + * = | x:UNKNOWN 8:UNKNOWN 20:dollar 3:dollar +:dollar *:UNKNOWN =:UNKNOWN
EXPR: 0 | POS | INT | 20 | 9 | 136 | x=(8*(20-3)) | x 8 20 3 - * = | x:UNKNOWN 8:UNKNOWN 20:dollar 3:dollar -:dollar *:UNKNOWN =:UNKNOWN
EXPR: 0 | POS | INT | 20 | 9 | 136 | x=((20-3)*8) | x 20 3 - 8 * = | x:UNKNOWN 20:dollar 3:dollar -:dollar 8:UNKNOWN *:UNKNOWN =:UNKNOWN
EXPR: 1 | POS | INT | 20 | 9 | 9 | x=((20-3)-8) | x 20 3 - 8 - = | x:dollar 20:dollar 3:dollar -:dollar 8:dollar -:dollar =:dollar
EXPR: 0 | POS | INT | 20 | 9 | 25 | x=((20-3)+8) | x 20 3 - 8 + = | x:dollar 20:dollar 3:dollar -:dollar 8:dollar +:dollar =:dollar
EXPR: 1 | POS | INT | 20 | 9 | 9 | ((20-3)-8)=x | 20 3 - 8 - x = | 20:dollar 3:dollar -:dollar 8:dollar -:dollar x:dollar =:dollar
EXPR: 0 | POS | INT | 20 | 9 | 25 | ((20-3)+8)=x | 20 3 - 8 + x = | 20:dollar 3:dollar -:dollar 8:dollar +:dollar x:dollar =:dollar
EXPR: 0 | POS | INT | 20 | 9 | 25 | x=(20-(3-8)) | x 20 3 8 - - = | x:dollar 20:dollar 3:dollar 8:dollar -:dollar -:dollar =:dollar
EXPR: 0 | POS | INT | 20 | 9 | 15 | x=(20+(3-8)) | x 20 3 8 - + = | x:dollar 20:dollar 3:dollar 8:dollar -:dollar +:dollar =:dollar
EXPR: 0 | POS | INT | 20 | 9 | 15 | ((20+3)-8)=x | 20 3 + 8 - x = | 20:dollar 3:dollar +:dollar 8:dollar -:dollar x:dollar =:dollar
EXPR: 0 | POS | INT | 20 | 9 | 31 | ((20+3)+8)=x | 20 3 + 8 + x = | 20:dollar 3:dollar +:dollar 8:dollar +:dollar x:dollar =:dollar
EXPR: 0 | POS | INT | 20 | 9 | 31 | x=(8+(20+3)) | x 8 20 3 + + = | x:dollar 8:dollar 20:dollar 3:dollar +:dollar +:dollar =:dollar
EXPR: 0 | POS | INT | 20 | 9 | 25 | x=(8+(20-3)) | x 8 20 3 - + = | x:dollar 8:dollar 20:dollar 3:dollar -:dollar +:dollar =:dollar
EXPR: 0 | POS | INT | 22 | 9 | 44 | 20=(x-(8*3)) | 20 x 8 3 * - = | 20:dollar x:dollar 8:UNKNOWN 3:dollar *:dollar -:dollar =:dollar
EXPR: 0 | POS | INT | 22 | 9 | 163 | (x-(20*8))=3 | x 20 8 * - 3 = | x:dollar 20:UNKNOWN 8:dollar *:dollar -:dollar 3:dollar =:dollar
EXPR: 0 | POS | INT | 22 | 9 | 184 | 20=((x/8)-3) | 20 x 8 / 3 - = | 20:dollar x:dollar 8:UNKNOWN /:dollar 3:dollar -:dollar =:dollar
EXPR: 0 | POS | INT | 22 | 9 | 136 | (20-(x/8))=3 | 20 x 8 / - 3 = | 20:dollar x:dollar 8:UNKNOWN /:dollar -:dollar 3:dollar =:dollar
EXPR: 0 | POS | INT | 22 | 9 | 52 | 20=((x+8)/3) | 20 x 8 + 3 / = | 20:dollar x:dollar 8:dollar +:dollar 3:UNKNOWN /:dollar =:dollar
EXPR: 0 | POS | INT | 22 | 9 | 4 | 20=((8*3)-x) | 20 8 3 * x - = | 20:dollar 8:dollar 3:UNKNOWN *:dollar x:dollar -:dollar =:dollar
EXPR: 0 | POS | INT | 22 | 9 | 25 | (x-20)=(8-3) | x 20 - 8 3 - = | x:dollar 20:dollar -:dollar 8:dollar 3:dollar -:dollar =:dollar
EXPR: 0 | POS | INT | 22 | 9 | 157 | ((20*8)-x)=3 | 20 8 * x - 3 = | 20:dollar 8:UNKNOWN *:UNKNOWN x:UNKNOWN -:UNKNOWN 3:UNKNOWN =:UNKNOWN
EXPR: 0 | POS | INT | 22 | 9 | 15 | 20=((x-3)+8) | 20 x 3 - 8 + = | 20:dollar x:dollar 3:dollar -:dollar 8:dollar +:dollar =:dollar
EXPR: 0 | POS | INT | 22 | 9 | 15 | ((8-20)+x)=3 | 8 20 - x + 3 = | 8:dollar 20:dollar -:dollar x:dollar +:dollar 3:dollar =:dollar
EXPR: 1 | POS | INT | 22 | 9 | 9 | ((20-3)-x)=8 | 20 3 - x - 8 = | 20:dollar 3:dollar -:dollar x:dollar -:dollar 8:dollar =:dollar
EXPR: 0 | POS | INT | 22 | 9 | 25 | (8+(20-x))=3 | 8 20 x - + 3 = | 8:dollar 20:dollar x:dollar -:dollar +:dollar 3:dollar =:dollar
EXPR: 0 | POS | INT | 22 | 9 | 52 | 20=((8+x)/3) | 20 8 x + 3 / = | 20:dollar 8:dollar x:dollar +:dollar 3:UNKNOWN /:dollar =:dollar
EXPR: 0 | POS | INT | 22 | 9 | 15 | ((20+3)-x)=8 | 20 3 + x - 8 = | 20:dollar 3:dollar +:dollar x:dollar -:dollar 8:dollar =:dollar
EXPR: 0 | POS | INT | 22 | 9 | 184 | 8=(x/(20+3)) | 8 x 20 3 + / = | 8:UNKNOWN x:UNKNOWN 20:dollar 3:dollar +:dollar /:UNKNOWN =:UNKNOWN
EXPR: 0 | POS | INT | 22 | 9 | 136 | 8=(x/(20-3)) | 8 x 20 3 - / = | 8:UNKNOWN x:UNKNOWN 20:dollar 3:dollar -:dollar /:UNKNOWN =:UNKNOWN
EXPR: 0 | POS | INT | 22 | 9 | 15 | (8-(20-x))=3 | 8 20 x - - 3 = | 8:dollar 20:dollar x:dollar -:dollar -:dollar 3:dollar =:dollar
EXPR: 0 | POS | INT | 22 | 9 | 25 | ((8-x)+20)=3 | 8 x - 20 + 3 = | 8:dollar x:dollar -:dollar 20:dollar +:dollar 3:dollar =:dollar
EXPR: 0 | POS | INT | 22 | 9 | 480 | (x/20)=(8*3) | x 20 / 8 3 * = | x:UNKNOWN 20:dollar /:UNKNOWN 8:dollar 3:UNKNOWN *:UNKNOWN =:UNKNOWN
EXPR: 0 | POS | INT | 22 | 9 | 25 | 20=(x+(3-8)) | 20 x 3 8 - + = | 20:dollar x:dollar 3:dollar 8:dollar -:dollar +:dollar =:dollar
EXPR: 0 | POS | INT | 22 | 9 | 68 | 20=((x-8)/3) | 20 x 8 - 3 / = | 20:dollar x:dollar 8:dollar -:dollar 3:UNKNOWN /:dollar =:dollar
EXPR: 0 | POS | INT | 22 | 9 | 480 | (20*8)=(x/3) | 20 8 * x 3 / = | 20:UNKNOWN 8:dollar *:UNKNOWN x:UNKNOWN 3:dollar /:UNKNOWN =:UNKNOWN
EXPR: 0 | POS | INT | 22 | 9 | 25 | 20=((3-8)+x) | 20 3 8 - x + = | 20:dollar 3:dollar 8:dollar -:dollar x:dollar +:dollar =:dollar
EXPR: 0 | POS | INT | 22 | 9 | 36 | 20=(8+(x/3)) | 20 8 x 3 / + = | 20:UNKNOWN 8:UNKNOWN x:UNKNOWN 3:dollar /:UNKNOWN +:UNKNOWN =:UNKNOWN
EXPR: 1 | POS | INT | 22 | 9 | 9 | 20=(3+(x+8)) | 20 3 x 8 + + = | 20:dollar 3:dollar x:dollar 8:dollar +:dollar +:dollar =:dollar
EXPR: 0 | POS | INT | 22 | 9 | 4 | ((20+x)/8)=3 | 20 x + 8 / 3 = | 20:dollar x:dollar +:dollar 8:UNKNOWN /:dollar 3:dollar =:dollar
EXPR: 0 | POS | INT | 22 | 9 | 25 | 20=(3-(8-x)) | 20 3 8 x - - = | 20:dollar 3:dollar 8:dollar x:dollar -:dollar -:dollar =:dollar
EXPR: 1 | POS | INT | 22 | 9 | 9 | 20=(3+(8+x)) | 20 3 8 x + + = | 20:dollar 3:dollar 8:dollar x:dollar +:dollar +:dollar =:dollar
EXPR: 0 | POS | INT | 22 | 9 | 15 | (x+(8-20))=3 | x 8 20 - + 3 = | x:dollar 8:dollar 20:dollar -:dollar +:dollar 3:dollar =:dollar
EXPR: 1 | POS | INT | 22 | 9 | 9 | (20-8)=(x+3) | 20 8 - x 3 + = | 20:dollar 8:dollar -:dollar x:dollar 3:dollar +:dollar =:dollar
EXPR: 0 | POS | INT | 22 | 9 | 15 | (20-x)=(8-3) | 20 x - 8 3 - = | 20:dollar x:dollar -:dollar 8:dollar 3:dollar -:dollar =:dollar
EXPR: 0 | POS | INT | 22 | 9 | 31 | (x-20)=(8+3) | x 20 - 8 3 + = | x:dollar 20:dollar -:dollar 8:dollar 3:dollar +:dollar =:dollar
EXPR: 1 | POS | INT | 22 | 9 | 9 | (20-(3+x))=8 | 20 3 x + - 8 = | 20:dollar 3:dollar x:dollar +:dollar -:dollar 8:dollar =:dollar
EXPR: 0 | POS | INT | 22 | 9 | 25 | 8=((x-20)+3) | 8 x 20 - 3 + = | 8:dollar x:dollar 20:dollar -:dollar 3:dollar +:dollar =:dollar
EXPR: 0 | POS | INT | 22 | 9 | 15 | (20-8)=(x-3) | 20 8 - x 3 - = | 20:dollar 8:dollar -:dollar x:dollar 3:dollar -:dollar =:dollar
EXPR: 0 | POS | INT | 22 | 9 | 25 | (20+8)=(x+3) | 20 8 + x 3 + = | 20:dollar 8:dollar +:dollar x:dollar 3:dollar +:dollar =:dollar
EXPR: 0 | POS | INT | 22 | 9 | 31 | (20+8)=(x-3) | 20 8 + x 3 - = | 20:dollar 8:dollar +:dollar x:dollar 3:dollar -:dollar =:dollar
EXPR: 1 | POS | INT | 22 | 9 | 9 | (20-x)=(8+3) | 20 x - 8 3 + = | 20:dollar x:dollar -:dollar 8:dollar 3:dollar +:dollar =:dollar
EXPR: 1 | POS | INT | 22 | 9 | 9 | (20-8)=(3+x) | 20 8 - 3 x + = | 20:dollar 8:dollar -:dollar 3:dollar x:dollar +:dollar =:dollar
EXPR: 0 | POS | INT | 22 | 9 | 31 | 20=((x-3)-8) | 20 x 3 - 8 - = | 20:dollar x:dollar 3:dollar -:dollar 8:dollar -:dollar =:dollar
EXPR: 0 | POS | INT | 22 | 9 | 25 | (20+8)=(3+x) | 20 8 + 3 x + = | 20:dollar 8:dollar +:dollar 3:dollar x:dollar +:dollar =:dollar
EXPR: 1 | POS | INT | 22 | 9 | 9 | 8=((20-x)-3) | 8 20 x - 3 - = | 8:dollar 20:dollar x:dollar -:dollar 3:dollar -:dollar =:dollar
EXPR: 0 | POS | INT | 22 | 9 | 15 | 20=(x-(3-8)) | 20 x 3 8 - - = | 20:dollar x:dollar 3:dollar 8:dollar -:dollar -:dollar =:dollar
EXPR: 0 | POS | INT | 22 | 9 | 25 | 20=(3+(x-8)) | 20 3 x 8 - + = | 20:dollar 3:dollar x:dollar 8:dollar -:dollar +:dollar =:dollar
EXPR: 0 | POS | INT | 22 | 9 | 31 | ((x-8)-20)=3 | x 8 - 20 - 3 = | x:dollar 8:dollar -:dollar 20:dollar -:dollar 3:dollar =:dollar
EXPR: 0 | POS | INT | 22 | 9 | 136 | 20=((x/8)+3) | 20 x 8 / 3 + = | 20:dollar x:dollar 8:UNKNOWN /:dollar 3:dollar +:dollar =:dollar
EXPR: 0 | POS | INT | 22 | 9 | 184 | (x/(20+3))=8 | x 20 3 + / 8 = | x:UNKNOWN 20:dollar 3:dollar +:dollar /:UNKNOWN 8:UNKNOWN =:UNKNOWN
EXPR: 0 | POS | INT | 22 | 9 | 15 | 8=((20-x)+3) | 8 20 x - 3 + = | 8:dollar 20:dollar x:dollar -:dollar 3:dollar +:dollar =:dollar
EXPR: 0 | POS | INT | 22 | 9 | 31 | 8=((x-20)-3) | 8 x 20 - 3 - = | 8:dollar x:dollar 20:dollar -:dollar 3:dollar -:dollar =:dollar
EXPR: 0 | POS | INT | 22 | 9 | 15 | (20+(3-x))=8 | 20 3 x - + 8 = | 20:dollar 3:dollar x:dollar -:dollar +:dollar 8:dollar =:dollar
EXPR: 0 | POS | INT | 22 | 9 | 25 | (8-(x-20))=3 | 8 x 20 - - 3 = | 8:dollar x:dollar 20:dollar -:dollar -:dollar 3:dollar =:dollar
EXPR: 0 | POS | INT | 22 | 9 | 15 | (8+(x-20))=3 | 8 x 20 - + 3 = | 8:dollar x:dollar 20:dollar -:dollar +:dollar 3:dollar =:dollar
EXPR: 0 | POS | INT | 22 | 9 | 136 | (x/(20-3))=8 | x 20 3 - / 8 = | x:UNKNOWN 20:dollar 3:dollar -:dollar /:UNKNOWN 8:UNKNOWN =:UNKNOWN
EXPR: 0 | POS | INT | 22 | 9 | 220 | ((x/20)-8)=3 | x 20 / 8 - 3 = | x:UNKNOWN 20:dollar /:UNKNOWN 8:UNKNOWN -:UNKNOWN 3:UNKNOWN =:UNKNOWN
EXPR: 0 | POS | INT | 22 | 9 | 44 | ((x-20)/8)=3 | x 20 - 8 / 3 = | x:UNKNOWN 20:UNKNOWN -:UNKNOWN 8:dollar /:UNKNOWN 3:UNKNOWN =:UNKNOWN
EXPR: 0 | POS | INT | 22 | 9 | 4 | ((x+20)/8)=3 | x 20 + 8 / 3 = | x:UNKNOWN 20:UNKNOWN +:UNKNOWN 8:dollar /:UNKNOWN 3:UNKNOWN =:UNKNOWN
EXPR: 0 | POS | INT | 22 | 9 | 31 | ((x-20)-3)=8 | x 20 - 3 - 8 = | x:dollar 20:dollar -:dollar 3:dollar -:dollar 8:dollar =:dollar
EXPR: 0 | POS | INT | 22 | 9 | 25 | ((x-20)+3)=8 | x 20 - 3 + 8 = | x:dollar 20:dollar -:dollar 3:dollar +:dollar 8:dollar =:dollar
EXPR: 1 | POS | INT | 22 | 9 | 9 | ((20-x)-3)=8 | 20 x - 3 - 8 = | 20:dollar x:dollar -:dollar 3:dollar -:dollar 8:dollar =:dollar
EXPR: 1 | POS | INT | 22 | 9 | 9 | 8=(20-(3+x)) | 8 20 3 x + - = | 8:dollar 20:dollar 3:dollar x:dollar +:dollar -:dollar =:dollar
EXPR: 0 | POS | INT | 22 | 9 | 15 | ((20-x)+3)=8 | 20 x - 3 + 8 = | 20:dollar x:dollar -:dollar 3:dollar +:dollar 8:dollar =:dollar
EXPR: 0 | POS | INT | 22 | 9 | 31 | (x-(20+3))=8 | x 20 3 + - 8 = | x:dollar 20:dollar 3:dollar +:dollar -:dollar 8:dollar =:dollar
EXPR: 1 | POS | INT | 22 | 9 | 9 | 8=(20-(x+3)) | 8 20 x 3 + - = | 8:dollar 20:dollar x:dollar 3:dollar +:dollar -:dollar =:dollar
EXPR: 0 | POS | INT | 22 | 9 | 25 | (x-(20-3))=8 | x 20 3 - - 8 = | x:dollar 20:dollar 3:dollar -:dollar -:dollar 8:dollar =:dollar
EXPR: 0 | POS | INT | 22 | 9 | 15 | ((x+8)-20)=3 | x 8 + 20 - 3 = | x:dollar 8:dollar +:dollar 20:dollar -:dollar 3:dollar =:dollar
EXPR: 1 | POS | INT | 22 | 9 | 9 | (20-(x+3))=8 | 20 x 3 + - 8 = | 20:dollar x:dollar 3:dollar +:dollar -:dollar 8:dollar =:dollar
EXPR: 0 | POS | INT | 22 | 9 | 15 | 8=(20+(3-x)) | 8 20 3 x - + = | 8:dollar 20:dollar 3:dollar x:dollar -:dollar +:dollar =:dollar
EXPR: 0 | POS | INT | 22 | 9 | 15 | 8=((20+3)-x) | 8 20 3 + x - = | 8:dollar 20:dollar 3:dollar +:dollar x:dollar -:dollar =:dollar
EXPR: 0 | POS | INT | 22 | 9 | 15 | 8=(20-(x-3)) | 8 20 x 3 - - = | 8:dollar 20:dollar x:dollar 3:dollar -:dollar -:dollar =:dollar
EXPR: 1 | POS | INT | 22 | 9 | 9 | 8=((20-3)-x) | 8 20 3 - x - = | 8:dollar 20:dollar 3:dollar -:dollar x:dollar -:dollar =:dollar
EXPR: 0 | POS | INT | 22 | 9 | 15 | (20-(x-3))=8 | 20 x 3 - - 8 = | 20:dollar x:dollar 3:dollar -:dollar -:dollar 8:dollar =:dollar
EXPR: 0 | POS | INT | 22 | 9 | 15 | ((8+x)-20)=3 | 8 x + 20 - 3 = | 8:dollar x:dollar +:dollar 20:dollar -:dollar 3:dollar =:dollar
EXPR: 0 | POS | INT | 22 | 9 | 31 | 8=(x-(20+3)) | 8 x 20 3 + - = | 8:dollar x:dollar 20:dollar 3:dollar +:dollar -:dollar =:dollar
EXPR: 0 | POS | INT | 22 | 9 | 25 | 8=(x-(20-3)) | 8 x 20 3 - - = | 8:dollar x:dollar 20:dollar 3:dollar -:dollar -:dollar =:dollar
EXPR: 0 | POS | INT | 22 | 9 | 25 | 20=((3+x)-8) | 20 3 x + 8 - = | 20:dollar 3:dollar x:dollar +:dollar 8:dollar -:dollar =:dollar
EXPR: 1 | POS | INT | 22 | 9 | 9 | 20=((3+x)+8) | 20 3 x + 8 + = | 20:dollar 3:dollar x:dollar +:dollar 8:dollar +:dollar =:dollar
EXPR: 0 | POS | INT | 22 | 9 | 25 | 20=((x+3)-8) | 20 x 3 + 8 - = | 20:dollar x:dollar 3:dollar +:dollar 8:dollar -:dollar =:dollar
EXPR: 1 | POS | INT | 22 | 9 | 9 | 20=((x+3)+8) | 20 x 3 + 8 + = | 20:dollar x:dollar 3:dollar +:dollar 8:dollar +:dollar =:dollar
EXPR: 0 | POS | INT | 27 | 9 | 4 | (8+(x*3))=20 | 8 x 3 * + 20 = | 8:dollar x:UNKNOWN 3:dollar *:dollar +:dollar 20:dollar =:dollar
EXPR: 0 | POS | INT | 27 | 9 | 4 | 8=(3+(20/x)) | 8 3 20 x / + = | 8:dollar 3:dollar 20:dollar x:UNKNOWN /:dollar +:dollar =:dollar
EXPR: 0 | POS | INT | 27 | 9 | 4 | (3+(20/x))=8 | 3 20 x / + 8 = | 3:dollar 20:dollar x:UNKNOWN /:dollar +:dollar 8:dollar =:dollar
EXPR: 0 | POS | INT | 27 | 9 | 4 | (8+(3*x))=20 | 8 3 x * + 20 = | 8:dollar 3:dollar x:UNKNOWN *:dollar +:dollar 20:dollar =:dollar
EXPR: 0 | POS | INT | 27 | 9 | 4 | (x*(8-3))=20 | x 8 3 - * 20 = | x:UNKNOWN 8:dollar 3:dollar -:dollar *:dollar 20:dollar =:dollar
EXPR: 0 | POS | INT | 27 | 9 | 4 | 3=((20-8)/x) | 3 20 8 - x / = | 3:dollar 20:dollar 8:dollar -:dollar x:UNKNOWN /:dollar =:dollar
EXPR: 0 | POS | INT | 27 | 9 | 4 | ((8-3)*x)=20 | 8 3 - x * 20 = | 8:dollar 3:dollar -:dollar x:UNKNOWN *:dollar 20:dollar =:dollar
EXPR: 0 | POS | INT | 30 | 9 | 68 | ((20*3)+8)=x | 20 3 * 8 + x = | 20:UNKNOWN 3:dollar *:dollar 8:dollar +:dollar x:dollar =:dollar
EXPR: 0 | POS | INT | 30 | 9 | 68 | (8+(20*3))=x | 8 20 3 * + x = | 8:dollar 20:UNKNOWN 3:dollar *:dollar +:dollar x:dollar =:dollar
EXPR: 0 | POS | INT | 30 | 9 | 52 | ((20*3)-8)=x | 20 3 * 8 - x = | 20:dollar 3:UNKNOWN *:dollar 8:dollar -:dollar x:dollar =:dollar
EXPR: 0 | POS | INT | 30 | 9 | 68 | x=((20*3)+8) | x 20 3 * 8 + = | x:UNKNOWN 20:dollar 3:UNKNOWN *:UNKNOWN 8:UNKNOWN +:UNKNOWN =:UNKNOWN
EXPR: 0 | POS | INT | 30 | 9 | 68 | x=(8+(20*3)) | x 8 20 3 * + = | x:dollar 8:dollar 20:dollar 3:UNKNOWN *:dollar +:dollar =:dollar
EXPR: 0 | POS | INT | 30 | 9 | 52 | x=((20*3)-8) | x 20 3 * 8 - = | x:dollar 20:dollar 3:UNKNOWN *:dollar 8:dollar -:dollar =:dollar
NET 198 unique, non-negative, integer-valued solutions found out of 1000 total solutions
