parameters: n=7 l=3 k=1 p=5 q=3 m=9
TOTAL 1000 solutions found
SOLN: CORRECT | POS/NEG | INT/FRA | OBJ-SCORE | TRUE-ANS | ANS | INFIX | POSTFIX | TYPED-POSTFIX
EXPR: 0 | POS | FRA | 10 | 178 | 282.32 | (2+(12*23.36))=x | 2 12 23.36 * + x = | 2:dollar 12:cent 23.36:dollar *:dollar +:dollar x:dollar =:dollar
EXPR: 0 | POS | FRA | 10 | 178 | 0.64 | ((2*12)-23.36)=x | 2 12 * 23.36 - x = | 2:dollar 12:cent *:dollar 23.36:dollar -:dollar x:dollar =:dollar
EXPR: 0 | POS | FRA | 10 | 178 | 282.32 | x=(2+(12*23.36)) | x 2 12 23.36 * + = | x:dollar 2:dollar 12:cent 23.36:dollar *:dollar +:dollar =:dollar
EXPR: 0 | POS | FRA | 10 | 178 | 47.36 | ((2*12)+23.36)=x | 2 12 * 23.36 + x = | 2:dollar 12:cent *:dollar 23.36:dollar +:dollar x:dollar =:dollar
EXPR: 0 | POS | FRA | 10 | 178 | 23.5266666666667 | ((2/12)+23.36)=x | 2 12 / 23.36 + x = | 2:dollar 12:cent /:dollar 23.36:dollar +:dollar x:dollar =:dollar
EXPR: 0 | POS | FRA | 10 | 178 | 23.5266666666667 | x=((2/12)+23.36) | x 2 12 / 23.36 + = | x:dollar 2:dollar 12:cent /:dollar 23.36:dollar +:dollar =:dollar
EXPR: 0 | POS | FRA | 10 | 178 | 47.36 | x=((2*12)+23.36) | x 2 12 * 23.36 + = | x:dollar 2:dollar 12:cent *:dollar 23.36:dollar +:dollar =:dollar
EXPR: 0 | POS | FRA | 10 | 178 | 0.64 | x=((2*12)-23.36) | x 2 12 * 23.36 - = | x:dollar 2:dollar 12:cent *:dollar 23.36:dollar -:dollar =:dollar
EXPR: 0 | POS | FRA | 12 | 178 | 1.66857142857143 | (x*(2+12))=23.36 | x 2 12 + * 23.36 = | x:minute 2:dollar 12:dollar +:dollar *:dollar 23.36:dollar =:dollar
EXPR: 0 | POS | FRA | 12 | 178 | 17.68 | ((x*2)-12)=23.36 | x 2 * 12 - 23.36 = | x:minute 2:dollar *:dollar 12:dollar -:dollar 23.36:dollar =:dollar
EXPR: 0 | POS | FRA | 12 | 178 | 5.68 | ((x*2)+12)=23.36 | x 2 * 12 + 23.36 = | x:minute 2:dollar *:dollar 12:dollar +:dollar 23.36:dollar =:dollar
EXPR: 0 | POS | FRA | 12 | 178 | 1.78 | (2+(12*x))=23.36 | 2 12 x * + 23.36 = | 2:dollar 12:cent x:dollar *:dollar +:dollar 23.36:dollar =:dollar
EXPR: 0 | POS | FRA | 12 | 178 | 282.32 | 2=(x-(12*23.36)) | 2 x 12 23.36 * - = | 2:dollar x:dollar 12:cent 23.36:dollar *:dollar -:dollar =:dollar
EXPR: 0 | POS | FRA | 12 | 178 | 278.32 | 2=((12*23.36)-x) | 2 12 23.36 * x - = | 2:dollar 12:cent 23.36:dollar *:dollar x:dollar -:dollar =:dollar
EXPR: 0 | POS | FRA | 12 | 178 | 2.336 | 2=(12-(23.36/x)) | 2 12 23.36 x / - = | 2:dollar 12:dollar 23.36:dollar x:minute /:dollar -:dollar =:dollar
EXPR: 0 | POS | FRA | 12 | 178 | 0.0565610859728507 | 2=(x*(12+23.36)) | 2 x 12 23.36 + * = | 2:dollar x:minute 12:dollar 23.36:dollar +:dollar *:dollar =:dollar
EXPR: 0 | POS | FRA | 12 | 178 | 256.32 | (2+(x/12))=23.36 | 2 x 12 / + 23.36 = | 2:dollar x:dollar 12:cent /:dollar +:dollar 23.36:dollar =:dollar
EXPR: 0 | POS | FRA | 12 | 178 | 3.94666666666667 | ((x-2)*12)=23.36 | x 2 - 12 * 23.36 = | x:dollar 2:dollar -:dollar 12:cent *:dollar 23.36:dollar =:dollar
EXPR: 0 | POS | FRA | 12 | 178 | 2.11333333333333 | 2=((12*x)-23.36) | 2 12 x * 23.36 - = | 2:dollar 12:cent x:dollar *:dollar 23.36:dollar -:dollar =:dollar
EXPR: 0 | POS | FRA | 12 | 178 | 1.66857142857143 | ((2+12)*x)=23.36 | 2 12 + x * 23.36 = | 2:dollar 12:dollar +:dollar x:minute *:dollar 23.36:dollar =:dollar
EXPR: 0 | POS | FRA | 12 | 178 | 47.36 | (x-(2*12))=23.36 | x 2 12 * - 23.36 = | x:dollar 2:dollar 12:cent *:dollar -:dollar 23.36:dollar =:dollar
EXPR: 0 | POS | FRA | 12 | 178 | 0.32 | (2*(12-x))=23.36 | 2 12 x - * 23.36 = | 2:dollar 12:minute x:minute -:minute *:dollar 23.36:dollar =:dollar
EXPR: 0 | POS | FRA | 12 | 178 | 11.9143835616438 | (2/(12-x))=23.36 | 2 12 x - / 23.36 = | 2:dollar 12:minute x:minute -:minute /:dollar 23.36:dollar =:dollar
EXPR: 0 | POS | FRA | 12 | 178 | 23.1933333333333 | ((2/12)+x)=23.36 | 2 12 / x + 23.36 = | 2:dollar 12:cent /:dollar x:dollar +:dollar 23.36:dollar =:dollar
EXPR: 0 | POS | FRA | 12 | 178 | 5.68 | ((2*x)+12)=23.36 | 2 x * 12 + 23.36 = | 2:dollar x:minute *:dollar 12:dollar +:dollar 23.36:dollar =:dollar
EXPR: 0 | POS | FRA | 12 | 178 | 0.176056338028169 | ((2/x)+12)=23.36 | 2 x / 12 + 23.36 = | 2:dollar x:minute /:dollar 12:dollar +:dollar 23.36:dollar =:dollar
EXPR: 0 | POS | FRA | 12 | 178 | 0.599315068493151 | ((2+12)/x)=23.36 | 2 12 + x / 23.36 = | 2:dollar 12:dollar +:dollar x:minute /:dollar 23.36:dollar =:dollar
EXPR: 0 | POS | FRA | 12 | 178 | 278.32 | ((x+2)/12)=23.36 | x 2 + 12 / 23.36 = | x:dollar 2:dollar +:dollar 12:cent /:dollar 23.36:dollar =:dollar
EXPR: 0 | POS | FRA | 12 | 178 | 1.78 | (2+(x*12))=23.36 | 2 x 12 * + 23.36 = | 2:dollar x:minute 12:dollar *:dollar +:dollar 23.36:dollar =:dollar
EXPR: 0 | POS | FRA | 12 | 178 | 12.0856164383562 | 2=((x-12)*23.36) | 2 x 12 - 23.36 * = | 2:dollar x:minute 12:minute -:minute 23.36:dollar *:dollar =:dollar
EXPR: 0 | POS | FRA | 12 | 178 | 2.11333333333333 | 2=((x*12)-23.36) | 2 x 12 * 23.36 - = | 2:dollar x:minute 12:dollar *:dollar 23.36:dollar -:dollar =:dollar
EXPR: 0 | POS | FRA | 12 | 178 | 0.00713470319634703 | (2/x)=(12*23.36) | 2 x / 12 23.36 * = | 2:dollar x:minute /:dollar 12:cent 23.36:dollar *:dollar =:dollar
EXPR: 0 | POS | FRA | 12 | 178 | 0.973333333333333 | (2*12)=(23.36/x) | 2 12 * 23.36 x / = | 2:dollar 12:cent *:dollar 23.36:dollar x:minute /:dollar =:dollar
EXPR: 0 | POS | FRA | 12 | 178 | 1.02739726027397 | (2*12)=(23.36*x) | 2 12 * 23.36 x * = | 2:dollar 12:cent *:dollar 23.36:dollar x:minute *:dollar =:dollar
EXPR: 0 | POS | FRA | 12 | 178 | 0.00713470319634703 | (2/12)=(23.36*x) | 2 12 / 23.36 x * = | 2:dollar 12:cent /:dollar 23.36:dollar x:minute *:dollar =:dollar
EXPR: 0 | POS | FRA | 12 | 178 | 140.16 | (2/12)=(23.36/x) | 2 12 / 23.36 x / = | 2:dollar 12:cent /:dollar 23.36:dollar x:minute /:dollar =:dollar
EXPR: 0 | POS | FRA | 12 | 178 | 11.9143835616438 | 2=((12-x)*23.36) | 2 12 x - 23.36 * = | 2:dollar 12:cent x:cent -:cent 23.36:dollar *:dollar =:dollar
EXPR: 0 | POS | FRA | 12 | 178 | 0.428082191780822 | 2=(12-(23.36*x)) | 2 12 23.36 x * - = | 2:dollar 12:dollar 23.36:dollar x:minute *:dollar -:dollar =:dollar
EXPR: 0 | POS | FRA | 12 | 178 | 0.428082191780822 | 2=(12-(x*23.36)) | 2 12 x 23.36 * - = | 2:dollar 12:dollar x:minute 23.36:dollar *:dollar -:dollar =:dollar
EXPR: 0 | POS | FRA | 12 | 178 | 12.0856164383562 | (2/(x-12))=23.36 | 2 x 12 - / 23.36 = | 2:dollar x:cent 12:cent -:cent /:dollar 23.36:dollar =:dollar
EXPR: 0 | POS | FRA | 12 | 178 | 0.64 | ((2*12)-x)=23.36 | 2 12 * x - 23.36 = | 2:dollar 12:cent *:dollar x:dollar -:dollar 23.36:dollar =:dollar
EXPR: 0 | POS | FRA | 12 | 178 | 23.1933333333333 | (x+(2/12))=23.36 | x 2 12 / + 23.36 = | x:dollar 2:dollar 12:cent /:dollar +:dollar 23.36:dollar =:dollar
EXPR: 0 | POS | FRA | 12 | 178 | 23.5266666666667 | (x-(2/12))=23.36 | x 2 12 / - 23.36 = | x:dollar 2:dollar 12:cent /:dollar -:dollar 23.36:dollar =:dollar
EXPR: 0 | POS | FRA | 12 | 178 | 140.16 | (x*2)=(12*23.36) | x 2 * 12 23.36 * = | x:minute 2:dollar *:dollar 12:cent 23.36:dollar *:dollar =:dollar
EXPR: 0 | POS | FRA | 12 | 178 | 0.0533333333333333 | ((2-x)*12)=23.36 | 2 x - 12 * 23.36 = | 2:dollar x:dollar -:dollar 12:cent *:dollar 23.36:dollar =:dollar
EXPR: 0 | POS | FRA | 12 | 178 | 278.32 | ((2+x)/12)=23.36 | 2 x + 12 / 23.36 = | 2:dollar x:dollar +:dollar 12:cent /:dollar 23.36:dollar =:dollar
EXPR: 0 | POS | FRA | 12 | 178 | 0.561797752808989 | (2+(12/x))=23.36 | 2 12 x / + 23.36 = | 2:dollar 12:dollar x:minute /:dollar +:dollar 23.36:dollar =:dollar
EXPR: 0 | POS | FRA | 12 | 178 | 282.32 | ((x-2)/12)=23.36 | x 2 - 12 / 23.36 = | x:dollar 2:dollar -:dollar 12:cent /:dollar 23.36:dollar =:dollar
EXPR: 0 | POS | FRA | 12 | 178 | 0.00713470319634703 | (2/12)=(x*23.36) | 2 12 / x 23.36 * = | 2:dollar 12:cent /:dollar x:minute 23.36:dollar *:dollar =:dollar
EXPR: 0 | POS | FRA | 12 | 178 | 23.5266666666667 | 2=(12*(x-23.36)) | 2 12 x 23.36 - * = | 2:dollar 12:cent x:dollar 23.36:dollar -:dollar *:dollar =:dollar
EXPR: 0 | POS | FRA | 12 | 178 | 23.68 | (2*(x-12))=23.36 | 2 x 12 - * 23.36 = | 2:dollar x:cent 12:cent -:cent *:dollar 23.36:dollar =:dollar
EXPR: 0 | POS | FRA | 20 | 178 | 13.36 | x=((2-12)+23.36) | x 2 12 - 23.36 + = | x:dollar 2:dollar 12:dollar -:dollar 23.36:dollar +:dollar =:dollar
EXPR: 0 | POS | FRA | 20 | 178 | 2.51369863013699 | (2+(12/23.36))=x | 2 12 23.36 / + x = | 2:cent 12:cent 23.36:dollar /:cent +:cent x:cent =:cent
EXPR: 0 | POS | FRA | 20 | 178 | 70.72 | x=(2*(12+23.36)) | x 2 12 23.36 + * = | x:minute 2:dollar 12:minute 23.36:minute +:minute *:minute =:minute
EXPR: 0 | POS | FRA | 20 | 178 | 327.04 | ((2+12)*23.36)=x | 2 12 + 23.36 * x = | 2:minute 12:minute +:minute 23.36:dollar *:minute x:minute =:minute
EXPR: 0 | POS | FRA | 20 | 178 | 0.0565610859728507 | x=(2/(12+23.36)) | x 2 12 23.36 + / = | x:minute 2:minute 12:dollar 23.36:dollar +:dollar /:minute =:minute
EXPR: 0 | POS | FRA | 20 | 178 | 0.599315068493151 | x=((2+12)/23.36) | x 2 12 + 23.36 / = | x:minute 2:minute 12:minute +:minute 23.36:dollar /:minute =:minute
EXPR: 0 | POS | FRA | 20 | 178 | 304.32 | x=((2+23.36)*12) | x 2 23.36 + 12 * = | x:dollar 2:dollar 23.36:dollar +:dollar 12:cent *:dollar =:dollar
EXPR: 0 | POS | FRA | 20 | 178 | 37.36 | x=((2+12)+23.36) | x 2 12 + 23.36 + = | x:dollar 2:dollar 12:dollar +:dollar 23.36:dollar +:dollar =:dollar
EXPR: 0 | POS | FRA | 20 | 178 | 327.04 | x=((2+12)*23.36) | x 2 12 + 23.36 * = | x:minute 2:dollar 12:dollar +:dollar 23.36:minute *:minute =:minute
EXPR: 0 | POS | FRA | 20 | 178 | 1.48630136986301 | x=(2-(12/23.36)) | x 2 12 23.36 / - = | x:cent 2:cent 12:cent 23.36:dollar /:cent -:cent =:cent
EXPR: 0 | POS | FRA | 20 | 178 | 2.51369863013699 | x=(2+(12/23.36)) | x 2 12 23.36 / + = | x:cent 2:cent 12:cent 23.36:dollar /:cent +:cent =:cent
EXPR: 0 | POS | FRA | 20 | 178 | 304.32 | x=(12*(2+23.36)) | x 12 2 23.36 + * = | x:dollar 12:cent 2:dollar 23.36:dollar +:dollar *:dollar =:dollar
EXPR: 0 | POS | FRA | 20 | 178 | 0.473186119873817 | x=(12/(2+23.36)) | x 12 2 23.36 + / = | x:cent 12:cent 2:dollar 23.36:dollar +:dollar /:cent =:cent
EXPR: 0 | POS | FRA | 20 | 178 | 0.0533333333333333 | x=(2-(23.36/12)) | x 2 23.36 12 / - = | x:dollar 2:dollar 23.36:dollar 12:cent /:dollar -:dollar =:dollar
EXPR: 0 | POS | FRA | 20 | 178 | 37.36 | ((2+12)+23.36)=x | 2 12 + 23.36 + x = | 2:dollar 12:dollar +:dollar 23.36:dollar +:dollar x:dollar =:dollar
EXPR: 0 | POS | FRA | 20 | 178 | 304.32 | ((2+23.36)*12)=x | 2 23.36 + 12 * x = | 2:dollar 23.36:dollar +:dollar 12:cent *:dollar x:dollar =:dollar
EXPR: 0 | POS | FRA | 20 | 178 | 3.94666666666667 | (2+(23.36/12))=x | 2 23.36 12 / + x = | 2:dollar 23.36:dollar 12:cent /:dollar +:dollar x:dollar =:dollar
EXPR: 0 | POS | FRA | 20 | 178 | 0.0533333333333333 | (2-(23.36/12))=x | 2 23.36 12 / - x = | 2:dollar 23.36:dollar 12:cent /:dollar -:dollar x:dollar =:dollar
EXPR: 0 | POS | FRA | 20 | 178 | 13.36 | x=(2-(12-23.36)) | x 2 12 23.36 - - = | x:dollar 2:dollar 12:dollar 23.36:dollar -:dollar -:dollar =:dollar
EXPR: 0 | POS | FRA | 20 | 178 | 1.48630136986301 | (2-(12/23.36))=x | 2 12 23.36 / - x = | 2:minute 12:minute 23.36:dollar /:minute -:minute x:minute =:minute
EXPR: 0 | POS | FRA | 20 | 178 | 13.36 | ((2-12)+23.36)=x | 2 12 - 23.36 + x = | 2:dollar 12:dollar -:dollar 23.36:dollar +:dollar x:dollar =:dollar
EXPR: 0 | POS | FRA | 20 | 178 | 3.94666666666667 | x=(2+(23.36/12)) | x 2 23.36 12 / + = | x:dollar 2:dollar 23.36:dollar 12:cent /:dollar +:dollar =:dollar
EXPR: 0 | POS | FRA | 20 | 178 | 70.72 | (2*(12+23.36))=x | 2 12 23.36 + * x = | 2:dollar 12:cent 23.36:cent +:cent *:cent x:cent =:cent
EXPR: 0 | POS | FRA | 20 | 178 | 2.11333333333333 | ((2+23.36)/12)=x | 2 23.36 + 12 / x = | 2:dollar 23.36:dollar +:dollar 12:cent /:dollar x:dollar =:dollar
EXPR: 0 | POS | FRA | 20 | 178 | 304.32 | (12*(2+23.36))=x | 12 2 23.36 + * x = | 12:cent 2:dollar 23.36:dollar +:dollar *:cent x:cent =:cent
EXPR: 0 | POS | FRA | 20 | 178 | 0.473186119873817 | (12/(2+23.36))=x | 12 2 23.36 + / x = | 12:cent 2:dollar 23.36:dollar +:dollar /:cent x:cent =:cent
EXPR: 0 | POS | FRA | 22 | 178 | 22.72 | ((x/2)+12)=23.36 | x 2 / 12 + 23.36 = | x:minute 2:dollar /:minute 12:minute +:minute 23.36:minute =:minute
EXPR: 0 | POS | FRA | 22 | 178 | 0.473186119873817 | (x*(2+23.36))=12 | x 2 23.36 + * 12 = | x:minute 2:dollar 23.36:dollar +:dollar *:dollar 12:dollar =:dollar
EXPR: 0 | POS | FRA | 22 | 178 | 2.11333333333333 | ((x*12)-2)=23.36 | x 12 * 2 - 23.36 = | x:minute 12:dollar *:dollar 2:dollar -:dollar 23.36:dollar =:dollar
EXPR: 0 | POS | FRA | 22 | 178 | 3.94666666666667 | (12*(x-2))=23.36 | 12 x 2 - * 23.36 = | 12:cent x:dollar 2:dollar -:dollar *:dollar 23.36:dollar =:dollar
EXPR: 0 | POS | FRA | 22 | 178 | 23.1933333333333 | 2=(12*(23.36-x)) | 2 12 23.36 x - * = | 2:minute 12:cent 23.36:minute x:minute -:minute *:minute =:minute
EXPR: 0 | POS | FRA | 22 | 178 | 304.32 | (x/(2+23.36))=12 | x 2 23.36 + / 12 = | x:minute 2:dollar 23.36:dollar +:dollar /:minute 12:minute =:minute
EXPR: 0 | POS | FRA | 22 | 178 | 17.68 | (2*x)=(12+23.36) | 2 x * 12 23.36 + = | 2:dollar x:minute *:dollar 12:dollar 23.36:dollar +:dollar =:dollar
EXPR: 0 | POS | FRA | 22 | 178 | 0.0565610859728507 | (2/x)=(12+23.36) | 2 x / 12 23.36 + = | 2:dollar x:minute /:dollar 12:dollar 23.36:dollar +:dollar =:dollar
EXPR: 0 | POS | FRA | 22 | 178 | 0.176056338028169 | (12+(2/x))=23.36 | 12 2 x / + 23.36 = | 12:dollar 2:dollar x:minute /:dollar +:dollar 23.36:dollar =:dollar
EXPR: 0 | POS | FRA | 22 | 178 | 33.36 | (x+(2-12))=23.36 | x 2 12 - + 23.36 = | x:dollar 2:dollar 12:dollar -:dollar +:dollar 23.36:dollar =:dollar
EXPR: 0 | POS | FRA | 22 | 178 | 0.428082191780822 | 12=(2+(23.36*x)) | 12 2 23.36 x * + = | 12:dollar 2:dollar 23.36:dollar x:minute *:dollar +:dollar =:dollar
EXPR: 0 | POS | FRA | 22 | 178 | 1.78 | ((12*x)+2)=23.36 | 12 x * 2 + 23.36 = | 12:cent x:dollar *:dollar 2:dollar +:dollar 23.36:dollar =:dollar
EXPR: 0 | POS | FRA | 22 | 178 | 17.68 | ((2*x)-23.36)=12 | 2 x * 23.36 - 12 = | 2:dollar x:minute *:dollar 23.36:dollar -:dollar 12:dollar =:dollar
EXPR: 0 | POS | FRA | 22 | 178 | 0.0565610859728507 | ((2/x)-23.36)=12 | 2 x / 23.36 - 12 = | 2:dollar x:minute /:dollar 23.36:dollar -:dollar 12:dollar =:dollar
EXPR: 0 | POS | FRA | 22 | 178 | 17.68 | 12=((x*2)-23.36) | 12 x 2 * 23.36 - = | 12:dollar x:minute 2:dollar *:dollar 23.36:dollar -:dollar =:dollar
EXPR: 0 | POS | FRA | 22 | 178 | 1.48630136986301 | 2=(x+(12/23.36)) | 2 x 12 23.36 / + = | 2:minute x:minute 12:minute 23.36:dollar /:minute +:minute =:minute
EXPR: 0 | POS | FRA | 22 | 178 | 2.51369863013699 | 2=(x-(12/23.36)) | 2 x 12 23.36 / - = | 2:minute x:minute 12:minute 23.36:dollar /:minute -:minute =:minute
EXPR: 0 | POS | FRA | 22 | 178 | 0.176056338028169 | 2=(x*(23.36-12)) | 2 x 23.36 12 - * = | 2:dollar x:minute 23.36:dollar 12:dollar -:dollar *:dollar =:dollar
EXPR: 0 | POS | FRA | 22 | 178 | 0.473186119873817 | 12=((2+23.36)*x) | 12 2 23.36 + x * = | 12:dollar 2:dollar 23.36:dollar +:dollar x:minute *:dollar =:dollar
EXPR: 0 | POS | FRA | 22 | 178 | 2.11333333333333 | 12=((2+23.36)/x) | 12 2 23.36 + x / = | 12:dollar 2:dollar 23.36:dollar +:dollar x:minute /:dollar =:dollar
EXPR: 0 | POS | FRA | 22 | 178 | 0.0565610859728507 | 2=((12+23.36)*x) | 2 12 23.36 + x * = | 2:minute 12:cent 23.36:cent +:cent x:minute *:minute =:minute
EXPR: 0 | POS | FRA | 22 | 178 | 0.0533333333333333 | 2=(x+(23.36/12)) | 2 x 23.36 12 / + = | 2:dollar x:dollar 23.36:dollar 12:cent /:dollar +:dollar =:dollar
EXPR: 0 | POS | FRA | 22 | 178 | 560.64 | (2*12)=(x/23.36) | 2 12 * x 23.36 / = | 2:dollar 12:minute *:minute x:minute 23.36:dollar /:minute =:minute
EXPR: 0 | POS | FRA | 22 | 178 | 1.02739726027397 | (2*12)=(x*23.36) | 2 12 * x 23.36 * = | 2:dollar 12:minute *:minute x:minute 23.36:dollar *:minute =:minute
EXPR: 0 | POS | FRA | 22 | 178 | 17.36 | 2=(12/(23.36-x)) | 2 12 23.36 x - / = | 2:cent 12:cent 23.36:minute x:minute -:minute /:cent =:cent
EXPR: 0 | POS | FRA | 22 | 178 | 0.32 | 2=(23.36/(12-x)) | 2 23.36 12 x - / = | 2:dollar 23.36:dollar 12:cent x:cent -:cent /:dollar =:dollar
EXPR: 0 | POS | FRA | 22 | 178 | 23.68 | ((x-12)*2)=23.36 | x 12 - 2 * 23.36 = | x:minute 12:minute -:minute 2:dollar *:dollar 23.36:dollar =:dollar
EXPR: 0 | POS | FRA | 22 | 178 | 9.36 | (x+(2+12))=23.36 | x 2 12 + + 23.36 = | x:dollar 2:dollar 12:dollar +:dollar +:dollar 23.36:dollar =:dollar
EXPR: 0 | POS | FRA | 22 | 178 | 9.36 | (2+(12+x))=23.36 | 2 12 x + + 23.36 = | 2:dollar 12:dollar x:dollar +:dollar +:dollar 23.36:dollar =:dollar
EXPR: 0 | POS | FRA | 22 | 178 | 0.473186119873817 | 12=(x*(2+23.36)) | 12 x 2 23.36 + * = | 12:minute x:minute 2:dollar 23.36:dollar +:dollar *:minute =:minute
EXPR: 0 | POS | FRA | 22 | 178 | 1.48630136986301 | 2=((12/23.36)+x) | 2 12 23.36 / x + = | 2:minute 12:minute 23.36:dollar /:minute x:minute +:minute =:minute
EXPR: 0 | POS | FRA | 22 | 178 | 0.473186119873817 | 2=((12/x)-23.36) | 2 12 x / 23.36 - = | 2:cent 12:cent x:minute /:cent 23.36:cent -:cent =:cent
EXPR: 0 | POS | FRA | 22 | 178 | 11.9143835616438 | 2=(23.36*(12-x)) | 2 23.36 12 x - * = | 2:dollar 23.36:dollar 12:cent x:cent -:cent *:dollar =:dollar
EXPR: 0 | POS | FRA | 22 | 178 | 0.256849315068493 | (2*x)=(12/23.36) | 2 x * 12 23.36 / = | 2:dollar x:minute *:minute 12:minute 23.36:dollar /:minute =:minute
EXPR: 0 | POS | FRA | 22 | 178 | 70.72 | 2=(x/(12+23.36)) | 2 x 12 23.36 + / = | 2:minute x:minute 12:dollar 23.36:dollar +:dollar /:minute =:minute
EXPR: 0 | POS | FRA | 22 | 178 | 0.561797752808989 | ((12/x)+2)=23.36 | 12 x / 2 + 23.36 = | 12:dollar x:minute /:dollar 2:dollar +:dollar 23.36:dollar =:dollar
EXPR: 0 | POS | FRA | 22 | 178 | 233.6 | 2=(12-(x/23.36)) | 2 12 x 23.36 / - = | 2:cent 12:cent x:cent 23.36:dollar /:cent -:cent =:cent
EXPR: 0 | POS | FRA | 22 | 178 | 34.72 | 2=((x+12)/23.36) | 2 x 12 + 23.36 / = | 2:minute x:minute 12:minute +:minute 23.36:dollar /:minute =:minute
EXPR: 0 | POS | FRA | 22 | 178 | 58.7200000000001 | 2=((x-12)/23.36) | 2 x 12 - 23.36 / = | 2:minute x:minute 12:minute -:minute 23.36:dollar /:minute =:minute
EXPR: 0 | POS | FRA | 22 | 178 | 140.16 | (2*x)=(12*23.36) | 2 x * 12 23.36 * = | 2:dollar x:minute *:minute 12:minute 23.36:dollar *:minute =:minute
EXPR: 0 | POS | FRA | 22 | 178 | 0.32 | ((12-x)*2)=23.36 | 12 x - 2 * 23.36 = | 12:minute x:minute -:minute 2:dollar *:dollar 23.36:dollar =:dollar
EXPR: 0 | POS | FRA | 22 | 178 | 3.89333333333333 | (2/12)=(x/23.36) | 2 12 / x 23.36 / = | 2:minute 12:cent /:minute x:minute 23.36:dollar /:minute =:minute
EXPR: 0 | POS | FRA | 22 | 178 | 1.78 | 2=(23.36-(x*12)) | 2 23.36 x 12 * - = | 2:dollar 23.36:dollar x:minute 12:dollar *:dollar -:dollar =:dollar
EXPR: 0 | POS | FRA | 22 | 178 | 70.72 | ((x/2)-12)=23.36 | x 2 / 12 - 23.36 = | x:minute 2:dollar /:minute 12:minute -:minute 23.36:minute =:minute
EXPR: 0 | POS | FRA | 22 | 178 | 2.11333333333333 | ((12*x)-2)=23.36 | 12 x * 2 - 23.36 = | 12:dollar x:minute *:dollar 2:dollar -:dollar 23.36:dollar =:dollar
EXPR: 0 | POS | FRA | 22 | 178 | 0.473186119873817 | ((12/x)-2)=23.36 | 12 x / 2 - 23.36 = | 12:dollar x:minute /:dollar 2:dollar -:dollar 23.36:dollar =:dollar
EXPR: 0 | POS | FRA | 22 | 178 | 13.36 | 2=(x+(12-23.36)) | 2 x 12 23.36 - + = | 2:dollar x:dollar 12:dollar 23.36:dollar -:dollar +:dollar =:dollar
EXPR: 0 | POS | FRA | 22 | 178 | 13.36 | (x-(2-12))=23.36 | x 2 12 - - 23.36 = | x:dollar 2:dollar 12:dollar -:dollar -:dollar 23.36:dollar =:dollar
EXPR: 0 | POS | FRA | 22 | 178 | 37.36 | (x-(2+12))=23.36 | x 2 12 + - 23.36 = | x:dollar 2:dollar 12:dollar +:dollar -:dollar 23.36:dollar =:dollar
EXPR: 0 | POS | FRA | 22 | 178 | 0.599315068493151 | 2=((x*23.36)-12) | 2 x 23.36 * 12 - = | 2:dollar x:minute 23.36:dollar *:dollar 12:dollar -:dollar =:dollar
EXPR: 0 | POS | FRA | 22 | 178 | 9.36 | (2+(x+12))=23.36 | 2 x 12 + + 23.36 = | 2:dollar x:dollar 12:dollar +:dollar +:dollar 23.36:dollar =:dollar
EXPR: 0 | POS | FRA | 22 | 178 | 9.36 | ((2+x)+12)=23.36 | 2 x + 12 + 23.36 = | 2:dollar x:dollar +:dollar 12:dollar +:dollar 23.36:dollar =:dollar
EXPR: 0 | POS | FRA | 22 | 178 | 13.36 | 2=((12+x)-23.36) | 2 12 x + 23.36 - = | 2:dollar 12:dollar x:dollar +:dollar 23.36:dollar -:dollar =:dollar
EXPR: 0 | POS | FRA | 22 | 178 | 0.973333333333333 | (2*x)=(23.36/12) | 2 x * 23.36 12 / = | 2:dollar x:minute *:dollar 23.36:dollar 12:cent /:dollar =:dollar
EXPR: 0 | POS | FRA | 22 | 178 | 13.36 | 2=((12-23.36)+x) | 2 12 23.36 - x + = | 2:dollar 12:dollar 23.36:dollar -:dollar x:dollar +:dollar =:dollar
EXPR: 0 | POS | FRA | 22 | 178 | 278.32 | (2+x)=(12*23.36) | 2 x + 12 23.36 * = | 2:dollar x:dollar +:dollar 12:cent 23.36:dollar *:dollar =:dollar
EXPR: 0 | POS | FRA | 22 | 178 | 304.32 | 2=((x/12)-23.36) | 2 x 12 / 23.36 - = | 2:minute x:minute 12:cent /:minute 23.36:minute -:minute =:minute
EXPR: 0 | POS | FRA | 22 | 178 | 29.36 | 2=(12/(x-23.36)) | 2 12 x 23.36 - / = | 2:cent 12:cent x:dollar 23.36:dollar -:dollar /:cent =:cent
EXPR: 0 | POS | FRA | 22 | 178 | 17.68 | ((2*x)-12)=23.36 | 2 x * 12 - 23.36 = | 2:dollar x:cent *:cent 12:cent -:cent 23.36:cent =:cent
EXPR: 0 | POS | FRA | 22 | 178 | 0.256849315068493 | (x*2)=(12/23.36) | x 2 * 12 23.36 / = | x:minute 2:cent *:cent 12:cent 23.36:dollar /:cent =:cent
EXPR: 0 | POS | FRA | 22 | 178 | 0.0565610859728507 | ((2/x)-12)=23.36 | 2 x / 12 - 23.36 = | 2:cent x:minute /:cent 12:cent -:cent 23.36:cent =:cent
EXPR: 0 | POS | FRA | 22 | 178 | 1.78 | ((x*12)+2)=23.36 | x 12 * 2 + 23.36 = | x:dollar 12:cent *:dollar 2:dollar +:dollar 23.36:dollar =:dollar
EXPR: 0 | POS | FRA | 22 | 178 | 13.36 | 2=(12+(x-23.36)) | 2 12 x 23.36 - + = | 2:dollar 12:dollar x:dollar 23.36:dollar -:dollar +:dollar =:dollar
EXPR: 0 | POS | FRA | 22 | 178 | 17.68 | (x*2)=(12+23.36) | x 2 * 12 23.36 + = | x:minute 2:dollar *:dollar 12:dollar 23.36:dollar +:dollar =:dollar
EXPR: 0 | POS | FRA | 22 | 178 | 327.04 | (x/(2+12))=23.36 | x 2 12 + / 23.36 = | x:dollar 2:cent 12:cent +:cent /:dollar 23.36:dollar =:dollar
EXPR: 0 | POS | FRA | 22 | 178 | 17.68 | ((x*2)-23.36)=12 | x 2 * 23.36 - 12 = | x:minute 2:dollar *:dollar 23.36:dollar -:dollar 12:dollar =:dollar
EXPR: 0 | POS | FRA | 22 | 178 | 2.336 | ((12-2)*x)=23.36 | 12 2 - x * 23.36 = | 12:dollar 2:dollar -:dollar x:minute *:dollar 23.36:dollar =:dollar
EXPR: 0 | POS | FRA | 22 | 178 | 0.428082191780822 | ((12-2)/x)=23.36 | 12 2 - x / 23.36 = | 12:dollar 2:dollar -:dollar x:minute /:dollar 23.36:dollar =:dollar
EXPR: 0 | POS | FRA | 22 | 178 | 3.94666666666667 | 2=(x-(23.36/12)) | 2 x 23.36 12 / - = | 2:dollar x:dollar 23.36:dollar 12:cent /:dollar -:dollar =:dollar
EXPR: 0 | POS | FRA | 22 | 178 | 33.36 | (2-(12-x))=23.36 | 2 12 x - - 23.36 = | 2:dollar 12:dollar x:dollar -:dollar -:dollar 23.36:dollar =:dollar
EXPR: 0 | POS | FRA | 22 | 178 | 2.336 | (2+(23.36/x))=12 | 2 23.36 x / + 12 = | 2:dollar 23.36:dollar x:minute /:dollar +:dollar 12:dollar =:dollar
EXPR: 0 | POS | FRA | 22 | 178 | 0.0565610859728507 | 12=((2/x)-23.36) | 12 2 x / 23.36 - = | 12:dollar 2:dollar x:minute /:dollar 23.36:dollar -:dollar =:dollar
EXPR: 0 | POS | FRA | 22 | 178 | 0.428082191780822 | (2+(23.36*x))=12 | 2 23.36 x * + 12 = | 2:dollar 23.36:dollar x:minute *:dollar +:dollar 12:dollar =:dollar
EXPR: 0 | POS | FRA | 22 | 178 | 17.68 | 12=((2*x)-23.36) | 12 2 x * 23.36 - = | 12:dollar 2:dollar x:minute *:dollar 23.36:dollar -:dollar =:dollar
EXPR: 0 | POS | FRA | 22 | 178 | 0.0533333333333333 | (12*(2-x))=23.36 | 12 2 x - * 23.36 = | 12:cent 2:dollar x:dollar -:dollar *:dollar 23.36:dollar =:dollar
EXPR: 0 | POS | FRA | 22 | 178 | 5.68 | (12+(x*2))=23.36 | 12 x 2 * + 23.36 = | 12:dollar x:minute 2:dollar *:dollar +:dollar 23.36:dollar =:dollar
EXPR: 0 | POS | FRA | 22 | 178 | 13.36 | 2=((x+12)-23.36) | 2 x 12 + 23.36 - = | 2:dollar x:dollar 12:dollar +:dollar 23.36:dollar -:dollar =:dollar
EXPR: 0 | POS | FRA | 22 | 178 | 33.36 | 2=((12+23.36)-x) | 2 12 23.36 + x - = | 2:dollar 12:dollar 23.36:dollar +:dollar x:dollar -:dollar =:dollar
EXPR: 0 | POS | FRA | 22 | 178 | 0.428082191780822 | 12=(2+(x*23.36)) | 12 2 x 23.36 * + = | 12:dollar 2:dollar x:minute 23.36:dollar *:dollar +:dollar =:dollar
EXPR: 0 | POS | FRA | 22 | 178 | 2.336 | 12=(2+(23.36/x)) | 12 2 23.36 x / + = | 12:dollar 2:dollar 23.36:dollar x:minute /:dollar +:dollar =:dollar
EXPR: 0 | POS | FRA | 22 | 178 | 0.973333333333333 | (x*2)=(23.36/12) | x 2 * 23.36 12 / = | x:minute 2:dollar *:dollar 23.36:dollar 12:cent /:dollar =:dollar
EXPR: 0 | POS | FRA | 22 | 178 | 33.36 | 2=(12+(23.36-x)) | 2 12 23.36 x - + = | 2:dollar 12:dollar 23.36:dollar x:dollar -:dollar +:dollar =:dollar
EXPR: 0 | POS | FRA | 22 | 178 | 304.32 | 12=(x/(2+23.36)) | 12 x 2 23.36 + / = | 12:minute x:minute 2:dollar 23.36:dollar +:dollar /:minute =:minute
EXPR: 0 | POS | FRA | 22 | 178 | 0.599315068493151 | (2+12)=(x*23.36) | 2 12 + x 23.36 * = | 2:dollar 12:dollar +:dollar x:minute 23.36:dollar *:dollar =:dollar
EXPR: 0 | POS | FRA | 22 | 178 | 0.64 | 2=((x+23.36)/12) | 2 x 23.36 + 12 / = | 2:dollar x:dollar 23.36:dollar +:dollar 12:cent /:dollar =:dollar
EXPR: 0 | POS | FRA | 22 | 178 | 0.64 | (2*12)=(x+23.36) | 2 12 * x 23.36 + = | 2:dollar 12:cent *:dollar x:dollar 23.36:dollar +:dollar =:dollar
EXPR: 0 | POS | FRA | 22 | 178 | 23.5266666666667 | (2/12)=(x-23.36) | 2 12 / x 23.36 - = | 2:dollar 12:cent /:dollar x:dollar 23.36:dollar -:dollar =:dollar
EXPR: 0 | POS | FRA | 22 | 178 | 304.32 | ((x/12)-2)=23.36 | x 12 / 2 - 23.36 = | x:dollar 12:cent /:dollar 2:dollar -:dollar 23.36:dollar =:dollar
EXPR: 0 | POS | FRA | 22 | 178 | 0.64 | 2=((23.36+x)/12) | 2 23.36 x + 12 / = | 2:dollar 23.36:dollar x:dollar +:dollar 12:cent /:dollar =:dollar
EXPR: 0 | POS | FRA | 22 | 178 | 256.32 | ((x/12)+2)=23.36 | x 12 / 2 + 23.36 = | x:dollar 12:cent /:dollar 2:dollar +:dollar 23.36:dollar =:dollar
EXPR: 0 | POS | FRA | 22 | 178 | 256.32 | 2=(23.36-(x/12)) | 2 23.36 x 12 / - = | 2:dollar 23.36:dollar x:dollar 12:cent /:dollar -:dollar =:dollar
EXPR: 0 | POS | FRA | 30 | 178 | 58.72 | x=((2*23.36)+12) | x 2 23.36 * 12 + = | x:cent 2:cent 23.36:dollar *:cent 12:cent +:cent =:cent
EXPR: 0 | POS | FRA | 30 | 178 | 34.72 | x=((2*23.36)-12) | x 2 23.36 * 12 - = | x:cent 2:cent 23.36:dollar *:cent 12:cent -:cent =:cent
EXPR: 0 | POS | FRA | 30 | 178 | 58.72 | x=(12+(2*23.36)) | x 12 2 23.36 * + = | x:cent 12:cent 2:cent 23.36:dollar *:cent +:cent =:cent
EXPR: 0 | POS | FRA | 30 | 178 | 12.0856164383562 | x=(12+(2/23.36)) | x 12 2 23.36 / + = | x:cent 12:cent 2:cent 23.36:dollar /:cent +:cent =:cent
EXPR: 0 | POS | FRA | 30 | 178 | 233.6 | ((12-2)*23.36)=x | 12 2 - 23.36 * x = | 12:cent 2:cent -:cent 23.36:dollar *:dollar x:dollar =:dollar
EXPR: 0 | POS | FRA | 30 | 178 | 0.176056338028169 | x=(2/(23.36-12)) | x 2 23.36 12 - / = | x:minute 2:minute 23.36:dollar 12:dollar -:dollar /:minute =:minute
EXPR: 0 | POS | FRA | 30 | 178 | 29.36 | x=((12/2)+23.36) | x 12 2 / 23.36 + = | x:cent 12:cent 2:dollar /:cent 23.36:cent +:cent =:cent
EXPR: 0 | POS | FRA | 30 | 178 | 33.36 | x=((12-2)+23.36) | x 12 2 - 23.36 + = | x:dollar 12:dollar 2:dollar -:dollar 23.36:dollar +:dollar =:dollar
EXPR: 0 | POS | FRA | 30 | 178 | 233.6 | x=((12-2)*23.36) | x 12 2 - 23.36 * = | x:minute 12:dollar 2:dollar -:dollar 23.36:minute *:minute =:minute
EXPR: 0 | POS | FRA | 30 | 178 | 13.36 | (2-(12-23.36))=x | 2 12 23.36 - - x = | 2:cent 12:cent 23.36:cent -:cent -:cent x:cent =:cent
EXPR: 0 | POS | FRA | 30 | 178 | 0.176056338028169 | (2/(23.36-12))=x | 2 23.36 12 - / x = | 2:minute 23.36:cent 12:cent -:cent /:minute x:minute =:minute
EXPR: 0 | POS | FRA | 30 | 178 | 22.72 | (2*(23.36-12))=x | 2 23.36 12 - * x = | 2:minute 23.36:cent 12:cent -:cent *:minute x:minute =:minute
EXPR: 0 | POS | FRA | 30 | 178 | 0.0565610859728507 | (2/(12+23.36))=x | 2 12 23.36 + / x = | 2:dollar 12:minute 23.36:minute +:minute /:dollar x:dollar =:dollar
EXPR: 0 | POS | FRA | 30 | 178 | 13.36 | ((2+23.36)-12)=x | 2 23.36 + 12 - x = | 2:dollar 23.36:dollar +:dollar 12:dollar -:dollar x:dollar =:dollar
EXPR: 0 | POS | FRA | 30 | 178 | 58.72 | (12+(2*23.36))=x | 12 2 23.36 * + x = | 12:minute 2:dollar 23.36:minute *:minute +:minute x:minute =:minute
EXPR: 0 | POS | FRA | 30 | 178 | 37.36 | x=(2+(12+23.36)) | x 2 12 23.36 + + = | x:minute 2:minute 12:minute 23.36:minute +:minute +:minute =:minute
EXPR: 0 | POS | FRA | 30 | 178 | 13.36 | (2+(23.36-12))=x | 2 23.36 12 - + x = | 2:dollar 23.36:dollar 12:dollar -:dollar +:dollar x:dollar =:dollar
EXPR: 0 | POS | FRA | 30 | 178 | 12.0856164383562 | ((2/23.36)+12)=x | 2 23.36 / 12 + x = | 2:minute 23.36:dollar /:minute 12:minute +:minute x:minute =:minute
EXPR: 0 | POS | FRA | 30 | 178 | 13.36 | x=(2+(23.36-12)) | x 2 23.36 12 - + = | x:dollar 2:dollar 23.36:dollar 12:dollar -:dollar +:dollar =:dollar
EXPR: 0 | POS | FRA | 30 | 178 | 22.72 | x=(2*(23.36-12)) | x 2 23.36 12 - * = | x:minute 2:minute 23.36:cent 12:cent -:cent *:minute =:minute
EXPR: 0 | POS | FRA | 30 | 178 | 12.0856164383562 | (12+(2/23.36))=x | 12 2 23.36 / + x = | 12:minute 2:minute 23.36:dollar /:minute +:minute x:minute =:minute
EXPR: 0 | POS | FRA | 30 | 178 | 34.72 | ((2*23.36)-12)=x | 2 23.36 * 12 - x = | 2:minute 23.36:dollar *:minute 12:minute -:minute x:minute =:minute
EXPR: 0 | POS | FRA | 30 | 178 | 58.72 | ((2*23.36)+12)=x | 2 23.36 * 12 + x = | 2:minute 23.36:dollar *:minute 12:minute +:minute x:minute =:minute
EXPR: 0 | POS | FRA | 30 | 178 | 29.36 | ((12/2)+23.36)=x | 12 2 / 23.36 + x = | 12:minute 2:dollar /:minute 23.36:minute +:minute x:minute =:minute
EXPR: 0 | POS | FRA | 30 | 178 | 11.9143835616438 | (12-(2/23.36))=x | 12 2 23.36 / - x = | 12:minute 2:minute 23.36:dollar /:minute -:minute x:minute =:minute
EXPR: 0 | POS | FRA | 30 | 178 | 37.36 | ((2+23.36)+12)=x | 2 23.36 + 12 + x = | 2:dollar 23.36:dollar +:dollar 12:dollar +:dollar x:dollar =:dollar
EXPR: 0 | POS | FRA | 30 | 178 | 0.428082191780822 | x=((12-2)/23.36) | x 12 2 - 23.36 / = | x:cent 12:cent 2:cent -:cent 23.36:dollar /:cent =:cent
EXPR: 0 | POS | FRA | 30 | 178 | 0.599315068493151 | ((2+12)/23.36)=x | 2 12 + 23.36 / x = | 2:dollar 12:dollar +:dollar 23.36:cent /:dollar x:dollar =:dollar
EXPR: 0 | POS | FRA | 30 | 178 | 12.0856164383562 | x=((2/23.36)+12) | x 2 23.36 / 12 + = | x:cent 2:cent 23.36:dollar /:cent 12:cent +:cent =:cent
EXPR: 0 | POS | FRA | 30 | 178 | 37.36 | (2+(12+23.36))=x | 2 12 23.36 + + x = | 2:minute 12:minute 23.36:minute +:minute +:minute x:minute =:minute
EXPR: 0 | POS | FRA | 30 | 178 | 33.36 | ((12-2)+23.36)=x | 12 2 - 23.36 + x = | 12:dollar 2:dollar -:dollar 23.36:dollar +:dollar x:dollar =:dollar
EXPR: 0 | POS | FRA | 30 | 178 | 11.9143835616438 | x=(12-(2/23.36)) | x 12 2 23.36 / - = | x:cent 12:cent 2:cent 23.36:dollar /:cent -:cent =:cent
NET 200 unique, non-negative solutions found out of 1000 total solutions
