parameters: n=7 l=3 k=1 p=5 q=2 m=9
TOTAL 1000 solutions found
SOLN: CORRECT | POS/NEG | INT/FRA | OBJ-SCORE | TRUE-ANS | ANS | INFIX | POSTFIX | TYPED-POSTFIX
EXPR: 0 | POS | FRA | 2 | 50 | 0.02 | ((0.20/x)-4)=6 | 0.20 x / 4 - 6 = | 0.20:number x:UNKNOWN /:number 4:number -:number 6:number =:number
EXPR: 0 | POS | FRA | 2 | 50 | 0.1 | ((0.20/x)+4)=6 | 0.20 x / 4 + 6 = | 0.20:number x:UNKNOWN /:number 4:number +:number 6:number =:number
EXPR: 1 | POS | INT | 2 | 50 | 50 | ((x*0.20)-4)=6 | x 0.20 * 4 - 6 = | x:UNKNOWN 0.20:number *:number 4:number -:number 6:number =:number
EXPR: 0 | POS | FRA | 2 | 50 | 1.55 | 0.20=((x*4)-6) | 0.20 x 4 * 6 - = | 0.20:number x:UNKNOWN 4:number *:number 6:number -:number =:number
EXPR: 1 | POS | INT | 2 | 50 | 50 | ((0.20*x)-4)=6 | 0.20 x * 4 - 6 = | 0.20:number x:UNKNOWN *:number 4:number -:number 6:number =:number
EXPR: 0 | POS | INT | 2 | 50 | 10 | ((0.20*x)+4)=6 | 0.20 x * 4 + 6 = | 0.20:number x:UNKNOWN *:number 4:number +:number 6:number =:number
EXPR: 0 | POS | INT | 2 | 50 | 10 | ((x*0.20)+4)=6 | x 0.20 * 4 + 6 = | x:UNKNOWN 0.20:number *:number 4:number +:number 6:number =:number
EXPR: 0 | POS | FRA | 2 | 50 | 0.02 | 0.20=((4+6)*x) | 0.20 4 6 + x * = | 0.20:number 4:number 6:number +:number x:UNKNOWN *:number =:number
EXPR: 0 | POS | FRA | 2 | 50 | 0.02 | 0.20=(x*(4+6)) | 0.20 x 4 6 + * = | 0.20:number x:UNKNOWN 4:number 6:number +:number *:number =:number
EXPR: 0 | POS | FRA | 2 | 50 | 1.42857142857143 | ((0.20+4)*x)=6 | 0.20 4 + x * 6 = | 0.20:number 4:number +:number x:UNKNOWN *:number 6:number =:number
EXPR: 0 | POS | FRA | 2 | 50 | 0.7 | ((0.20+4)/x)=6 | 0.20 4 + x / 6 = | 0.20:number 4:number +:number x:UNKNOWN /:number 6:number =:number
EXPR: 1 | POS | INT | 2 | 50 | 50 | 0.20=((4+6)/x) | 0.20 4 6 + x / = | 0.20:number 4:number 6:number +:number x:UNKNOWN /:number =:number
EXPR: 0 | POS | FRA | 2 | 50 | 1.45 | (0.20+(x*4))=6 | 0.20 x 4 * + 6 = | 0.20:number x:UNKNOWN 4:number *:number +:number 6:number =:number
EXPR: 0 | POS | FRA | 2 | 50 | 1.55 | 0.20=((4*x)-6) | 0.20 4 x * 6 - = | 0.20:number 4:number x:UNKNOWN *:number 6:number -:number =:number
EXPR: 0 | POS | FRA | 2 | 50 | 0.645161290322581 | 0.20=((4/x)-6) | 0.20 4 x / 6 - = | 0.20:number 4:number x:UNKNOWN /:number 6:number -:number =:number
EXPR: 0 | POS | FRA | 2 | 50 | 1.45 | (0.20+(4*x))=6 | 0.20 4 x * + 6 = | 0.20:number 4:number x:UNKNOWN *:number +:number 6:number =:number
EXPR: 0 | POS | FRA | 2 | 50 | 0.689655172413793 | (0.20+(4/x))=6 | 0.20 4 x / + 6 = | 0.20:number 4:number x:UNKNOWN /:number +:number 6:number =:number
EXPR: 0 | POS | FRA | 2 | 50 | 0.633333333333333 | 0.20=(4-(x*6)) | 0.20 4 x 6 * - = | 0.20:number 4:number x:UNKNOWN 6:number *:number -:number =:number
EXPR: 0 | POS | FRA | 2 | 50 | 1.42857142857143 | (x*(0.20+4))=6 | x 0.20 4 + * 6 = | x:UNKNOWN 0.20:number 4:number +:number *:number 6:number =:number
EXPR: 0 | POS | FRA | 2 | 50 | 0.633333333333333 | 0.20=(4-(6*x)) | 0.20 4 6 x * - = | 0.20:number 4:number 6:number x:UNKNOWN *:number -:number =:number
EXPR: 0 | POS | FRA | 2 | 50 | 1.57894736842105 | 0.20=(4-(6/x)) | 0.20 4 6 x / - = | 0.20:number 4:number 6:number x:UNKNOWN /:number -:number =:number
EXPR: 0 | POS | FRA | 10 | 50 | 0.02 | (0.20/(4+6))=x | 0.20 4 6 + / x = | 0.20:UNKNOWN 4:number 6:number +:number /:UNKNOWN x:UNKNOWN =:UNKNOWN
EXPR: 0 | POS | FRA | 10 | 50 | 0.02 | x=(0.20/(4+6)) | x 0.20 4 6 + / = | x:UNKNOWN 0.20:UNKNOWN 4:number 6:number +:number /:UNKNOWN =:UNKNOWN
EXPR: 0 | POS | INT | 10 | 50 | 2 | x=(0.20*(4+6)) | x 0.20 4 6 + * = | x:UNKNOWN 0.20:UNKNOWN 4:number 6:number +:number *:UNKNOWN =:UNKNOWN
EXPR: 0 | POS | FRA | 10 | 50 | 25.2 | ((0.20+4)*6)=x | 0.20 4 + 6 * x = | 0.20:number 4:number +:number 6:UNKNOWN *:UNKNOWN x:UNKNOWN =:UNKNOWN
EXPR: 0 | POS | FRA | 10 | 50 | 10.2 | (0.20+(4+6))=x | 0.20 4 6 + + x = | 0.20:number 4:number 6:number +:number +:number x:number =:number
EXPR: 0 | POS | FRA | 10 | 50 | 10.2 | x=((0.20+4)+6) | x 0.20 4 + 6 + = | x:number 0.20:number 4:number +:number 6:number +:number =:number
EXPR: 0 | POS | FRA | 10 | 50 | 2.2 | x=((0.20-4)+6) | x 0.20 4 - 6 + = | x:number 0.20:number 4:number -:number 6:number +:number =:number
EXPR: 0 | POS | FRA | 10 | 50 | 25.2 | x=((0.20+4)*6) | x 0.20 4 + 6 * = | x:UNKNOWN 0.20:number 4:number +:number 6:UNKNOWN *:UNKNOWN =:UNKNOWN
EXPR: 0 | POS | FRA | 10 | 50 | 2.2 | x=(0.20-(4-6)) | x 0.20 4 6 - - = | x:number 0.20:number 4:number 6:number -:number -:number =:number
EXPR: 0 | POS | FRA | 10 | 50 | 2.2 | ((0.20-4)+6)=x | 0.20 4 - 6 + x = | 0.20:number 4:number -:number 6:number +:number x:number =:number
EXPR: 0 | POS | FRA | 10 | 50 | 10.2 | x=(0.20+(4+6)) | x 0.20 4 6 + + = | x:number 0.20:number 4:number 6:number +:number +:number =:number
EXPR: 0 | POS | FRA | 10 | 50 | 2.2 | (0.20-(4-6))=x | 0.20 4 6 - - x = | 0.20:number 4:number 6:number -:number -:number x:number =:number
EXPR: 0 | POS | FRA | 10 | 50 | 10.2 | ((0.20+4)+6)=x | 0.20 4 + 6 + x = | 0.20:number 4:number +:number 6:number +:number x:number =:number
EXPR: 0 | POS | INT | 10 | 50 | 2 | (0.20*(4+6))=x | 0.20 4 6 + * x = | 0.20:UNKNOWN 4:number 6:number +:number *:UNKNOWN x:UNKNOWN =:UNKNOWN
EXPR: 0 | POS | FRA | 12 | 50 | 0.7 | 0.20=((x*6)-4) | 0.20 x 6 * 4 - = | 0.20:number x:UNKNOWN 6:number *:number 4:number -:number =:number
EXPR: 0 | POS | INT | 12 | 50 | 10 | 0.20=((6-4)/x) | 0.20 6 4 - x / = | 0.20:number 6:number 4:number -:number x:UNKNOWN /:number =:number
EXPR: 0 | POS | FRA | 12 | 50 | 1.55 | ((x*4)-0.20)=6 | x 4 * 0.20 - 6 = | x:UNKNOWN 4:number *:number 0.20:number -:number 6:number =:number
EXPR: 0 | POS | FRA | 12 | 50 | 1.3 | ((x+0.20)*4)=6 | x 0.20 + 4 * 6 = | x:UNKNOWN 0.20:UNKNOWN +:UNKNOWN 4:number *:number 6:number =:number
EXPR: 0 | POS | FRA | 12 | 50 | 0.1 | 0.20=(x*(6-4)) | 0.20 x 6 4 - * = | 0.20:number x:UNKNOWN 6:number 4:number -:number *:number =:number
EXPR: 0 | POS | FRA | 12 | 50 | 0.1 | 0.20=((6-4)*x) | 0.20 6 4 - x * = | 0.20:number 6:number 4:number -:number x:UNKNOWN *:number =:number
EXPR: 0 | POS | FRA | 12 | 50 | 0.633333333333333 | (0.20+(x*6))=4 | 0.20 x 6 * + 4 = | 0.20:number x:UNKNOWN 6:number *:number +:number 4:number =:number
EXPR: 0 | POS | FRA | 12 | 50 | 0.7 | 0.20=((6*x)-4) | 0.20 6 x * 4 - = | 0.20:number 6:number x:UNKNOWN *:number 4:number -:number =:number
EXPR: 0 | POS | FRA | 12 | 50 | 1.7 | ((x-0.20)*4)=6 | x 0.20 - 4 * 6 = | x:UNKNOWN 0.20:UNKNOWN -:UNKNOWN 4:number *:number 6:number =:number
EXPR: 0 | POS | FRA | 12 | 50 | 0.02 | ((0.20/x)-6)=4 | 0.20 x / 6 - 4 = | 0.20:number x:UNKNOWN /:number 6:number -:number 4:number =:number
EXPR: 0 | POS | FRA | 12 | 50 | 9.8 | 0.20=(4+(6-x)) | 0.20 4 6 x - + = | 0.20:number 4:number 6:number x:number -:number +:number =:number
EXPR: 0 | POS | FRA | 12 | 50 | 3.96666666666667 | (0.20/(4-x))=6 | 0.20 4 x - / 6 = | 0.20:number 4:UNKNOWN x:UNKNOWN -:UNKNOWN /:number 6:number =:number
EXPR: 0 | POS | FRA | 12 | 50 | 1.45 | 0.20=(6-(x*4)) | 0.20 6 x 4 * - = | 0.20:number 6:number x:UNKNOWN 4:number *:number -:number =:number
EXPR: 0 | POS | FRA | 12 | 50 | 3.96666666666667 | 0.20=((4-x)*6) | 0.20 4 x - 6 * = | 0.20:number 4:UNKNOWN x:UNKNOWN -:UNKNOWN 6:number *:number =:number
EXPR: 0 | POS | INT | 12 | 50 | 26 | (0.20*(4+x))=6 | 0.20 4 x + * 6 = | 0.20:number 4:UNKNOWN x:UNKNOWN +:UNKNOWN *:number 6:number =:number
EXPR: 0 | POS | FRA | 12 | 50 | 1.42857142857143 | 0.20=((6/x)-4) | 0.20 6 x / 4 - = | 0.20:number 6:number x:UNKNOWN /:number 4:number -:number =:number
EXPR: 1 | POS | INT | 12 | 50 | 50 | ((0.20*x)-6)=4 | 0.20 x * 6 - 4 = | 0.20:number x:UNKNOWN *:number 6:number -:number 4:number =:number
EXPR: 0 | POS | FRA | 12 | 50 | 0.02 | (0.20/x)=(4+6) | 0.20 x / 4 6 + = | 0.20:number x:UNKNOWN /:number 4:number 6:number +:number =:number
EXPR: 0 | POS | FRA | 12 | 50 | 0.633333333333333 | (0.20+(6*x))=4 | 0.20 6 x * + 4 = | 0.20:number 6:number x:UNKNOWN *:number +:number 4:number =:number
EXPR: 0 | POS | FRA | 12 | 50 | 9.8 | 0.20=(4-(x-6)) | 0.20 4 x 6 - - = | 0.20:number 4:number x:number 6:number -:number -:number =:number
EXPR: 0 | POS | FRA | 12 | 50 | 0.645161290322581 | ((4/x)-0.20)=6 | 4 x / 0.20 - 6 = | 4:number x:UNKNOWN /:number 0.20:number -:number 6:number =:number
EXPR: 0 | POS | FRA | 12 | 50 | 0.689655172413793 | ((4/x)+0.20)=6 | 4 x / 0.20 + 6 = | 4:number x:UNKNOWN /:number 0.20:number +:number 6:number =:number
EXPR: 0 | POS | FRA | 12 | 50 | 2.2 | 0.20=(4+(x-6)) | 0.20 4 x 6 - + = | 0.20:number 4:number x:number 6:number -:number +:number =:number
EXPR: 0 | POS | FRA | 12 | 50 | 9.8 | 0.20=((4-x)+6) | 0.20 4 x - 6 + = | 0.20:number 4:number x:number -:number 6:number +:number =:number
EXPR: 1 | POS | INT | 12 | 50 | 50 | (0.20*x)=(4+6) | 0.20 x * 4 6 + = | 0.20:number x:UNKNOWN *:number 4:number 6:number +:number =:number
EXPR: 0 | POS | FRA | 12 | 50 | 10.2 | 0.20=(x-(4+6)) | 0.20 x 4 6 + - = | 0.20:number x:number 4:number 6:number +:number -:number =:number
EXPR: 0 | POS | FRA | 12 | 50 | 1.42857142857143 | (0.20+4)=(6/x) | 0.20 4 + 6 x / = | 0.20:number 4:number +:number 6:number x:UNKNOWN /:number =:number
EXPR: 0 | POS | FRA | 12 | 50 | 0.1 | (4+(0.20/x))=6 | 4 0.20 x / + 6 = | 4:number 0.20:number x:UNKNOWN /:number +:number 6:number =:number
EXPR: 0 | POS | INT | 12 | 50 | 10 | (4+(0.20*x))=6 | 4 0.20 x * + 6 = | 4:number 0.20:number x:UNKNOWN *:number +:number 6:number =:number
EXPR: 0 | POS | FRA | 12 | 50 | 2.2 | 0.20=(x+(4-6)) | 0.20 x 4 6 - + = | 0.20:number x:number 4:number 6:number -:number +:number =:number
EXPR: 0 | POS | FRA | 12 | 50 | 9.8 | ((x+0.20)-4)=6 | x 0.20 + 4 - 6 = | x:number 0.20:number +:number 4:number -:number 6:number =:number
EXPR: 0 | POS | FRA | 12 | 50 | 6.05 | 0.20=(4*(x-6)) | 0.20 4 x 6 - * = | 0.20:number 4:number x:UNKNOWN 6:UNKNOWN -:UNKNOWN *:number =:number
EXPR: 0 | POS | INT | 12 | 50 | 34 | (0.20*(x-4))=6 | 0.20 x 4 - * 6 = | 0.20:number x:UNKNOWN 4:UNKNOWN -:UNKNOWN *:number 6:number =:number
EXPR: 0 | POS | FRA | 12 | 50 | 4.03333333333333 | (0.20/(x-4))=6 | 0.20 x 4 - / 6 = | 0.20:number x:UNKNOWN 4:UNKNOWN -:UNKNOWN /:number 6:number =:number
EXPR: 0 | POS | FRA | 12 | 50 | 2.2 | 0.20=(4-(6-x)) | 0.20 4 6 x - - = | 0.20:number 4:number 6:number x:number -:number -:number =:number
EXPR: 0 | POS | INT | 12 | 50 | 26 | (0.20*(x+4))=6 | 0.20 x 4 + * 6 = | 0.20:number x:UNKNOWN 4:UNKNOWN +:UNKNOWN *:number 6:number =:number
EXPR: 0 | POS | FRA | 12 | 50 | 1.8 | ((x+0.20)+4)=6 | x 0.20 + 4 + 6 = | x:number 0.20:number +:number 4:number +:number 6:number =:number
EXPR: 0 | POS | FRA | 12 | 50 | 2.2 | 0.20=((4-6)+x) | 0.20 4 6 - x + = | 0.20:number 4:number 6:number -:number x:number +:number =:number
EXPR: 0 | POS | FRA | 12 | 50 | 0.7 | (0.20+4)=(x*6) | 0.20 4 + x 6 * = | 0.20:number 4:number +:number x:UNKNOWN 6:number *:number =:number
EXPR: 0 | POS | FRA | 12 | 50 | 1.8 | ((0.20+4)+x)=6 | 0.20 4 + x + 6 = | 0.20:number 4:number +:number x:number +:number 6:number =:number
EXPR: 0 | POS | FRA | 12 | 50 | 1.57894736842105 | (0.20+(6/x))=4 | 0.20 6 x / + 4 = | 0.20:number 6:number x:UNKNOWN /:number +:number 4:number =:number
EXPR: 0 | POS | FRA | 12 | 50 | 1.57894736842105 | 4=(0.20+(6/x)) | 4 0.20 6 x / + = | 4:number 0.20:number 6:number x:UNKNOWN /:number +:number =:number
EXPR: 0 | POS | INT | 12 | 50 | 2 | 0.20=(x/(4+6)) | 0.20 x 4 6 + / = | 0.20:UNKNOWN x:UNKNOWN 4:number 6:number +:number /:UNKNOWN =:UNKNOWN
EXPR: 0 | POS | FRA | 12 | 50 | 10.2 | ((x-0.20)-4)=6 | x 0.20 - 4 - 6 = | x:number 0.20:number -:number 4:number -:number 6:number =:number
EXPR: 0 | POS | FRA | 12 | 50 | 0.02 | 4=((0.20/x)-6) | 4 0.20 x / 6 - = | 4:number 0.20:number x:UNKNOWN /:number 6:number -:number =:number
EXPR: 0 | POS | FRA | 12 | 50 | 1.3 | ((0.20+x)*4)=6 | 0.20 x + 4 * 6 = | 0.20:UNKNOWN x:UNKNOWN +:UNKNOWN 4:number *:number 6:number =:number
EXPR: 0 | POS | FRA | 12 | 50 | 1.8 | (0.20+(x+4))=6 | 0.20 x 4 + + 6 = | 0.20:number x:number 4:number +:number +:number 6:number =:number
EXPR: 0 | POS | FRA | 12 | 50 | 1.57894736842105 | (x*(4-0.20))=6 | x 4 0.20 - * 6 = | x:UNKNOWN 4:number 0.20:number -:number *:number 6:number =:number
EXPR: 1 | POS | INT | 12 | 50 | 50 | 4=((0.20*x)-6) | 4 0.20 x * 6 - = | 4:number 0.20:number x:UNKNOWN *:number 6:number -:number =:number
EXPR: 0 | POS | FRA | 12 | 50 | 10.2 | 0.20=((x-4)-6) | 0.20 x 4 - 6 - = | 0.20:number x:number 4:number -:number 6:number -:number =:number
EXPR: 0 | POS | FRA | 12 | 50 | 0.7 | (0.20+4)=(6*x) | 0.20 4 + 6 x * = | 0.20:number 4:number +:number 6:number x:UNKNOWN *:number =:number
EXPR: 0 | POS | INT | 12 | 50 | 10 | (4+(x*0.20))=6 | 4 x 0.20 * + 6 = | 4:number x:UNKNOWN 0.20:number *:number +:number 6:number =:number
EXPR: 0 | POS | FRA | 12 | 50 | 0.645161290322581 | 4=(x*(0.20+6)) | 4 x 0.20 6 + * = | 4:number x:UNKNOWN 0.20:number 6:number +:number *:number =:number
EXPR: 0 | POS | FRA | 12 | 50 | 0.689655172413793 | 0.20=(6-(4/x)) | 0.20 6 4 x / - = | 0.20:number 6:number 4:number x:UNKNOWN /:number -:number =:number
EXPR: 0 | POS | FRA | 12 | 50 | 2.2 | ((x-0.20)+4)=6 | x 0.20 - 4 + 6 = | x:number 0.20:number -:number 4:number +:number 6:number =:number
EXPR: 0 | POS | FRA | 12 | 50 | 5.95 | 0.20=(4*(6-x)) | 0.20 4 6 x - * = | 0.20:number 4:number 6:UNKNOWN x:UNKNOWN -:UNKNOWN *:number =:number
EXPR: 0 | POS | FRA | 12 | 50 | 0.645161290322581 | ((0.20+6)*x)=4 | 0.20 6 + x * 4 = | 0.20:number 6:number +:number x:UNKNOWN *:number 4:number =:number
EXPR: 0 | POS | FRA | 12 | 50 | 1.55 | ((0.20+6)/x)=4 | 0.20 6 + x / 4 = | 0.20:number 6:number +:number x:UNKNOWN /:number 4:number =:number
EXPR: 0 | POS | FRA | 12 | 50 | 1.45 | 0.20=(6-(4*x)) | 0.20 6 4 x * - = | 0.20:number 6:number 4:number x:UNKNOWN *:number -:number =:number
EXPR: 0 | POS | FRA | 12 | 50 | 25.2 | (x/(0.20+4))=6 | x 0.20 4 + / 6 = | x:UNKNOWN 0.20:number 4:number +:number /:UNKNOWN 6:UNKNOWN =:UNKNOWN
EXPR: 0 | POS | FRA | 12 | 50 | 9.8 | ((0.20-4)+x)=6 | 0.20 4 - x + 6 = | 0.20:number 4:number -:number x:number +:number 6:number =:number
EXPR: 1 | POS | INT | 12 | 50 | 50 | ((x*0.20)-6)=4 | x 0.20 * 6 - 4 = | x:UNKNOWN 0.20:number *:number 6:number -:number 4:number =:number
EXPR: 0 | POS | FRA | 12 | 50 | 1.8 | (0.20+(4+x))=6 | 0.20 4 x + + 6 = | 0.20:number 4:number x:number +:number +:number 6:number =:number
EXPR: 0 | POS | INT | 12 | 50 | 14 | 0.20=(4/(x+6)) | 0.20 4 x 6 + / = | 0.20:number 4:number x:UNKNOWN 6:UNKNOWN +:UNKNOWN /:number =:number
EXPR: 0 | POS | INT | 12 | 50 | 26 | 0.20=(4/(x-6)) | 0.20 4 x 6 - / = | 0.20:number 4:number x:UNKNOWN 6:UNKNOWN -:UNKNOWN /:number =:number
EXPR: 0 | POS | FRA | 12 | 50 | 1.55 | ((4*x)-0.20)=6 | 4 x * 0.20 - 6 = | 4:number x:UNKNOWN *:number 0.20:number -:number 6:number =:number
EXPR: 0 | POS | FRA | 12 | 50 | 1.45 | ((4*x)+0.20)=6 | 4 x * 0.20 + 6 = | 4:number x:UNKNOWN *:number 0.20:number +:number 6:number =:number
EXPR: 0 | POS | FRA | 12 | 50 | 0.633333333333333 | 4=(0.20+(6*x)) | 4 0.20 6 x * + = | 4:number 0.20:number 6:number x:UNKNOWN *:number +:number =:number
EXPR: 0 | POS | FRA | 12 | 50 | 1.57894736842105 | ((4-0.20)*x)=6 | 4 0.20 - x * 6 = | 4:number 0.20:number -:number x:UNKNOWN *:number 6:number =:number
EXPR: 0 | POS | FRA | 12 | 50 | 0.633333333333333 | ((4-0.20)/x)=6 | 4 0.20 - x / 6 = | 4:number 0.20:number -:number x:UNKNOWN /:number 6:number =:number
EXPR: 0 | POS | FRA | 12 | 50 | 0.645161290322581 | (x*(0.20+6))=4 | x 0.20 6 + * 4 = | x:UNKNOWN 0.20:number 6:number +:number *:number 4:number =:number
EXPR: 0 | POS | FRA | 12 | 50 | 0.645161290322581 | 4=((0.20+6)*x) | 4 0.20 6 + x * = | 4:number 0.20:number 6:number +:number x:UNKNOWN *:number =:number
EXPR: 1 | POS | INT | 12 | 50 | 50 | 4=((x*0.20)-6) | 4 x 0.20 * 6 - = | 4:number x:UNKNOWN 0.20:number *:number 6:number -:number =:number
EXPR: 0 | POS | FRA | 12 | 50 | 9.8 | (0.20-(4-x))=6 | 0.20 4 x - - 6 = | 0.20:number 4:number x:number -:number -:number 6:number =:number
EXPR: 0 | POS | FRA | 12 | 50 | 1.55 | 4=((0.20+6)/x) | 4 0.20 6 + x / = | 4:number 0.20:number 6:number +:number x:UNKNOWN /:number =:number
EXPR: 0 | POS | FRA | 12 | 50 | 1.45 | ((x*4)+0.20)=6 | x 4 * 0.20 + 6 = | x:UNKNOWN 4:number *:number 0.20:number +:number 6:number =:number
EXPR: 0 | POS | FRA | 12 | 50 | 10.2 | (x-(0.20+4))=6 | x 0.20 4 + - 6 = | x:number 0.20:number 4:number +:number -:number 6:number =:number
EXPR: 0 | POS | FRA | 12 | 50 | 9.8 | (x+(0.20-4))=6 | x 0.20 4 - + 6 = | x:number 0.20:number 4:number -:number +:number 6:number =:number
EXPR: 0 | POS | FRA | 12 | 50 | 2.2 | (x-(0.20-4))=6 | x 0.20 4 - - 6 = | x:number 0.20:number 4:number -:number -:number 6:number =:number
EXPR: 0 | POS | FRA | 12 | 50 | 1.8 | (x+(0.20+4))=6 | x 0.20 4 + + 6 = | x:number 0.20:number 4:number +:number +:number 6:number =:number
EXPR: 0 | POS | FRA | 12 | 50 | 4.03333333333333 | 0.20=((x-4)*6) | 0.20 x 4 - 6 * = | 0.20:number x:UNKNOWN 4:UNKNOWN -:UNKNOWN 6:number *:number =:number
EXPR: 1 | POS | INT | 12 | 50 | 50 | (x*0.20)=(4+6) | x 0.20 * 4 6 + = | x:UNKNOWN 0.20:number *:number 4:number 6:number +:number =:number
EXPR: 0 | POS | FRA | 12 | 50 | 9.8 | ((0.20+x)-4)=6 | 0.20 x + 4 - 6 = | 0.20:number x:number +:number 4:number -:number 6:number =:number
EXPR: 0 | POS | FRA | 12 | 50 | 1.8 | ((0.20+x)+4)=6 | 0.20 x + 4 + 6 = | 0.20:number x:number +:number 4:number +:number 6:number =:number
EXPR: 0 | POS | INT | 12 | 50 | 14 | 0.20=(4/(6+x)) | 0.20 4 6 x + / = | 0.20:number 4:number 6:UNKNOWN x:UNKNOWN +:UNKNOWN /:number =:number
EXPR: 0 | POS | FRA | 12 | 50 | 0.633333333333333 | 4=(0.20+(x*6)) | 4 0.20 x 6 * + = | 4:number 0.20:number x:UNKNOWN 6:number *:number +:number =:number
EXPR: 0 | POS | FRA | 12 | 50 | 9.8 | (0.20+(x-4))=6 | 0.20 x 4 - + 6 = | 0.20:number x:number 4:number -:number +:number 6:number =:number
EXPR: 0 | POS | FRA | 12 | 50 | 2.2 | 0.20=((x+4)-6) | 0.20 x 4 + 6 - = | 0.20:number x:number 4:number +:number 6:number -:number =:number
EXPR: 0 | POS | FRA | 12 | 50 | 9.8 | 0.20=((4+6)-x) | 0.20 4 6 + x - = | 0.20:number 4:number 6:number +:number x:number -:number =:number
EXPR: 0 | POS | FRA | 12 | 50 | 2.2 | 0.20=((4+x)-6) | 0.20 4 x + 6 - = | 0.20:number 4:number x:number +:number 6:number -:number =:number
EXPR: 0 | POS | FRA | 20 | 50 | 6.8 | ((0.20*4)+6)=x | 0.20 4 * 6 + x = | 0.20:UNKNOWN 4:number *:number 6:number +:number x:number =:number
EXPR: 0 | POS | FRA | 20 | 50 | 0.645161290322581 | x=(4/(0.20+6)) | x 4 0.20 6 + / = | x:UNKNOWN 4:UNKNOWN 0.20:number 6:number +:number /:UNKNOWN =:UNKNOWN
EXPR: 0 | POS | FRA | 20 | 50 | 6.8 | x=((0.20*4)+6) | x 0.20 4 * 6 + = | x:UNKNOWN 0.20:number 4:UNKNOWN *:UNKNOWN 6:UNKNOWN +:UNKNOWN =:UNKNOWN
EXPR: 0 | POS | FRA | 20 | 50 | 24.2 | (0.20+(4*6))=x | 0.20 4 6 * + x = | 0.20:UNKNOWN 4:number 6:UNKNOWN *:UNKNOWN +:UNKNOWN x:UNKNOWN =:UNKNOWN
EXPR: 0 | POS | FRA | 20 | 50 | 0.7 | ((0.20+4)/6)=x | 0.20 4 + 6 / x = | 0.20:UNKNOWN 4:UNKNOWN +:UNKNOWN 6:number /:UNKNOWN x:UNKNOWN =:UNKNOWN
EXPR: 0 | POS | FRA | 20 | 50 | 0.866666666666667 | (0.20+(4/6))=x | 0.20 4 6 / + x = | 0.20:number 4:number 6:UNKNOWN /:number +:number x:number =:number
EXPR: 0 | POS | FRA | 20 | 50 | 9.8 | (4-(0.20-6))=x | 4 0.20 6 - - x = | 4:number 0.20:number 6:number -:number -:number x:number =:number
EXPR: 0 | POS | FRA | 20 | 50 | 24.2 | x=(0.20+(4*6)) | x 0.20 4 6 * + = | x:number 0.20:number 4:number 6:UNKNOWN *:number +:number =:number
EXPR: 0 | POS | FRA | 20 | 50 | 22.8 | ((4-0.20)*6)=x | 4 0.20 - 6 * x = | 4:number 0.20:number -:number 6:UNKNOWN *:UNKNOWN x:UNKNOWN =:UNKNOWN
EXPR: 0 | POS | FRA | 20 | 50 | 0.866666666666667 | x=(0.20+(4/6)) | x 0.20 4 6 / + = | x:number 0.20:number 4:number 6:UNKNOWN /:number +:number =:number
EXPR: 0 | POS | FRA | 20 | 50 | 24.8 | (4*(0.20+6))=x | 4 0.20 6 + * x = | 4:UNKNOWN 0.20:number 6:number +:number *:UNKNOWN x:UNKNOWN =:UNKNOWN
EXPR: 0 | POS | FRA | 20 | 50 | 10.2 | (4+(0.20+6))=x | 4 0.20 6 + + x = | 4:number 0.20:number 6:number +:number +:number x:number =:number
EXPR: 0 | POS | FRA | 20 | 50 | 0.4 | (0.20*(6-4))=x | 0.20 6 4 - * x = | 0.20:UNKNOWN 6:number 4:number -:number *:UNKNOWN x:UNKNOWN =:UNKNOWN
EXPR: 0 | POS | FRA | 20 | 50 | 0.645161290322581 | (4/(0.20+6))=x | 4 0.20 6 + / x = | 4:UNKNOWN 0.20:number 6:number +:number /:UNKNOWN x:UNKNOWN =:UNKNOWN
EXPR: 0 | POS | FRA | 20 | 50 | 24.8 | x=((0.20+6)*4) | x 0.20 6 + 4 * = | x:UNKNOWN 0.20:number 6:number +:number 4:UNKNOWN *:UNKNOWN =:UNKNOWN
EXPR: 0 | POS | FRA | 20 | 50 | 10.2 | x=((0.20+6)+4) | x 0.20 6 + 4 + = | x:number 0.20:number 6:number +:number 4:number +:number =:number
EXPR: 0 | POS | FRA | 20 | 50 | 0.7 | x=((0.20+4)/6) | x 0.20 4 + 6 / = | x:number 0.20:number 4:number +:number 6:UNKNOWN /:number =:number
EXPR: 0 | POS | FRA | 20 | 50 | 24.8 | ((0.20+6)*4)=x | 0.20 6 + 4 * x = | 0.20:number 6:number +:number 4:UNKNOWN *:UNKNOWN x:UNKNOWN =:UNKNOWN
EXPR: 0 | POS | FRA | 20 | 50 | 2.2 | x=((0.20+6)-4) | x 0.20 6 + 4 - = | x:number 0.20:number 6:number +:number 4:number -:number =:number
EXPR: 0 | POS | FRA | 20 | 50 | 6.05 | x=((0.20/4)+6) | x 0.20 4 / 6 + = | x:number 0.20:number 4:UNKNOWN /:number 6:number +:number =:number
EXPR: 0 | POS | FRA | 20 | 50 | 2.2 | (0.20+(6-4))=x | 0.20 6 4 - + x = | 0.20:number 6:number 4:number -:number +:number x:number =:number
EXPR: 0 | POS | FRA | 20 | 50 | 24.8 | x=(4*(0.20+6)) | x 4 0.20 6 + * = | x:UNKNOWN 4:UNKNOWN 0.20:number 6:number +:number *:UNKNOWN =:UNKNOWN
EXPR: 0 | POS | FRA | 20 | 50 | 6.05 | ((0.20/4)+6)=x | 0.20 4 / 6 + x = | 0.20:UNKNOWN 4:number /:UNKNOWN 6:UNKNOWN +:UNKNOWN x:UNKNOWN =:UNKNOWN
EXPR: 0 | POS | FRA | 20 | 50 | 9.8 | x=((4-0.20)+6) | x 4 0.20 - 6 + = | x:number 4:number 0.20:number -:number 6:number +:number =:number
EXPR: 0 | POS | FRA | 20 | 50 | 0.1 | x=(0.20/(6-4)) | x 0.20 6 4 - / = | x:UNKNOWN 0.20:UNKNOWN 6:number 4:number -:number /:UNKNOWN =:UNKNOWN
EXPR: 0 | POS | FRA | 20 | 50 | 0.4 | x=(0.20*(6-4)) | x 0.20 6 4 - * = | x:UNKNOWN 0.20:UNKNOWN 6:number 4:number -:number *:UNKNOWN =:UNKNOWN
EXPR: 0 | POS | FRA | 20 | 50 | 9.8 | ((4-0.20)+6)=x | 4 0.20 - 6 + x = | 4:number 0.20:number -:number 6:number +:number x:number =:number
EXPR: 0 | POS | FRA | 20 | 50 | 2.2 | x=(0.20+(6-4)) | x 0.20 6 4 - + = | x:number 0.20:number 6:number 4:number -:number +:number =:number
EXPR: 0 | POS | FRA | 20 | 50 | 2.2 | ((0.20+6)-4)=x | 0.20 6 + 4 - x = | 0.20:number 6:number +:number 4:number -:number x:number =:number
EXPR: 0 | POS | FRA | 20 | 50 | 0.1 | (0.20/(6-4))=x | 0.20 6 4 - / x = | 0.20:UNKNOWN 6:number 4:number -:number /:UNKNOWN x:UNKNOWN =:UNKNOWN
EXPR: 0 | POS | FRA | 20 | 50 | 10.2 | ((0.20+6)+4)=x | 0.20 6 + 4 + x = | 0.20:number 6:number +:number 4:number +:number x:number =:number
EXPR: 0 | POS | FRA | 20 | 50 | 22.8 | x=((4-0.20)*6) | x 4 0.20 - 6 * = | x:UNKNOWN 4:number 0.20:number -:number 6:UNKNOWN *:UNKNOWN =:UNKNOWN
EXPR: 0 | POS | FRA | 20 | 50 | 10.2 | x=(4+(0.20+6)) | x 4 0.20 6 + + = | x:number 4:number 0.20:number 6:number +:number +:number =:number
EXPR: 0 | POS | FRA | 20 | 50 | 9.8 | x=(4-(0.20-6)) | x 4 0.20 6 - - = | x:number 4:number 0.20:number 6:number -:number -:number =:number
EXPR: 0 | POS | FRA | 22 | 50 | 24.2 | 0.20=(x-(4*6)) | 0.20 x 4 6 * - = | 0.20:number x:number 4:UNKNOWN 6:number *:number -:number =:number
EXPR: 0 | POS | FRA | 22 | 50 | 6.8 | (x-(0.20*4))=6 | x 0.20 4 * - 6 = | x:number 0.20:UNKNOWN 4:number *:number -:number 6:number =:number
EXPR: 0 | POS | FRA | 22 | 50 | 5.2 | (x+(0.20*4))=6 | x 0.20 4 * + 6 = | x:number 0.20:UNKNOWN 4:number *:number +:number 6:number =:number
EXPR: 0 | POS | INT | 22 | 50 | 14 | 4=(0.20*(x+6)) | 4 0.20 x 6 + * = | 4:number 0.20:number x:UNKNOWN 6:UNKNOWN +:UNKNOWN *:number =:number
EXPR: 0 | POS | INT | 22 | 50 | 26 | 4=(0.20*(x-6)) | 4 0.20 x 6 - * = | 4:number 0.20:number x:UNKNOWN 6:UNKNOWN -:UNKNOWN *:number =:number
EXPR: 0 | POS | FRA | 22 | 50 | 5.95 | (0.20/(6-x))=4 | 0.20 6 x - / 4 = | 0.20:number 6:UNKNOWN x:UNKNOWN -:UNKNOWN /:number 4:number =:number
EXPR: 0 | POS | FRA | 22 | 50 | 24.8 | 0.20=((x/4)-6) | 0.20 x 4 / 6 - = | 0.20:number x:number 4:UNKNOWN /:number 6:number -:number =:number
EXPR: 0 | POS | FRA | 22 | 50 | 23.2 | (0.20+(x/4))=6 | 0.20 x 4 / + 6 = | 0.20:number x:number 4:UNKNOWN /:number +:number 6:number =:number
EXPR: 0 | POS | FRA | 22 | 50 | 23.8 | 0.20=((4*6)-x) | 0.20 4 6 * x - = | 0.20:number 4:number 6:UNKNOWN *:number x:number -:number =:number
EXPR: 0 | POS | FRA | 22 | 50 | 1.3 | (4*(0.20+x))=6 | 4 0.20 x + * 6 = | 4:number 0.20:UNKNOWN x:UNKNOWN +:UNKNOWN *:number 6:number =:number
EXPR: 0 | POS | FRA | 22 | 50 | 0.866666666666667 | ((x-0.20)*6)=4 | x 0.20 - 6 * 4 = | x:UNKNOWN 0.20:UNKNOWN -:UNKNOWN 6:number *:number 4:number =:number
EXPR: 0 | POS | FRA | 22 | 50 | 0.133333333333333 | (0.20*4)=(x*6) | 0.20 4 * x 6 * = | 0.20:UNKNOWN 4:number *:UNKNOWN x:UNKNOWN 6:number *:UNKNOWN =:UNKNOWN
EXPR: 0 | POS | FRA | 22 | 50 | 2.8 | 0.20=((4-x)/6) | 0.20 4 x - 6 / = | 0.20:number 4:number x:number -:number 6:UNKNOWN /:number =:number
EXPR: 0 | POS | FRA | 22 | 50 | 5.2 | ((0.20*4)+x)=6 | 0.20 4 * x + 6 = | 0.20:number 4:UNKNOWN *:UNKNOWN x:UNKNOWN +:UNKNOWN 6:UNKNOWN =:UNKNOWN
EXPR: 0 | POS | FRA | 22 | 50 | 2.2 | 0.20=((x-6)+4) | 0.20 x 6 - 4 + = | 0.20:number x:number 6:number -:number 4:number +:number =:number
EXPR: 0 | POS | FRA | 22 | 50 | 2.2 | ((4-0.20)+x)=6 | 4 0.20 - x + 6 = | 4:number 0.20:number -:number x:number +:number 6:number =:number
EXPR: 0 | POS | FRA | 22 | 50 | 1.8 | (4+(0.20+x))=6 | 4 0.20 x + + 6 = | 4:number 0.20:number x:number +:number +:number 6:number =:number
EXPR: 0 | POS | INT | 22 | 50 | 120 | (0.20*x)=(4*6) | 0.20 x * 4 6 * = | 0.20:number x:UNKNOWN *:UNKNOWN 4:UNKNOWN 6:number *:UNKNOWN =:UNKNOWN
EXPR: 0 | POS | FRA | 22 | 50 | 2.2 | ((0.20+6)-x)=4 | 0.20 6 + x - 4 = | 0.20:number 6:number +:number x:number -:number 4:number =:number
EXPR: 0 | POS | FRA | 22 | 50 | 24.8 | 4=(x/(0.20+6)) | 4 x 0.20 6 + / = | 4:UNKNOWN x:UNKNOWN 0.20:number 6:number +:number /:UNKNOWN =:UNKNOWN
EXPR: 0 | POS | FRA | 22 | 50 | 0.466666666666667 | (4/(0.20+x))=6 | 4 0.20 x + / 6 = | 4:number 0.20:UNKNOWN x:UNKNOWN +:UNKNOWN /:number 6:number =:number
EXPR: 0 | POS | FRA | 22 | 50 | 2.2 | (4-(0.20-x))=6 | 4 0.20 x - - 6 = | 4:number 0.20:number x:number -:number -:number 6:number =:number
EXPR: 0 | POS | INT | 22 | 50 | 34 | ((x-4)*0.20)=6 | x 4 - 0.20 * 6 = | x:UNKNOWN 4:UNKNOWN -:UNKNOWN 0.20:number *:number 6:number =:number
EXPR: 0 | POS | FRA | 22 | 50 | 4.8 | (x/0.20)=(4*6) | x 0.20 / 4 6 * = | x:UNKNOWN 0.20:number /:UNKNOWN 4:number 6:UNKNOWN *:UNKNOWN =:UNKNOWN
EXPR: 0 | POS | FRA | 22 | 50 | 5.2 | 0.20=((x-4)/6) | 0.20 x 4 - 6 / = | 0.20:number x:number 4:number -:number 6:UNKNOWN /:number =:number
EXPR: 0 | POS | FRA | 22 | 50 | 9.8 | ((0.20-6)+x)=4 | 0.20 6 - x + 4 = | 0.20:number 6:number -:number x:number +:number 4:number =:number
EXPR: 0 | POS | FRA | 22 | 50 | 1.55 | (x*4)=(0.20+6) | x 4 * 0.20 6 + = | x:UNKNOWN 4:number *:number 0.20:number 6:number +:number =:number
EXPR: 0 | POS | FRA | 22 | 50 | 4.8 | (0.20*4)=(x/6) | 0.20 4 * x 6 / = | 0.20:UNKNOWN 4:number *:UNKNOWN x:UNKNOWN 6:number /:UNKNOWN =:UNKNOWN
EXPR: 0 | POS | FRA | 22 | 50 | 0.466666666666667 | 0.20=((4/6)-x) | 0.20 4 6 / x - = | 0.20:number 4:number 6:UNKNOWN /:number x:number -:number =:number
EXPR: 0 | POS | FRA | 22 | 50 | 22.8 | 0.20=(4-(x/6)) | 0.20 4 x 6 / - = | 0.20:UNKNOWN 4:UNKNOWN x:UNKNOWN 6:number /:UNKNOWN -:UNKNOWN =:UNKNOWN
EXPR: 0 | POS | FRA | 22 | 50 | 0.866666666666667 | 0.20=(x-(4/6)) | 0.20 x 4 6 / - = | 0.20:number x:number 4:number 6:UNKNOWN /:number -:number =:number
EXPR: 0 | POS | FRA | 22 | 50 | 9.8 | (x+0.20)=(4+6) | x 0.20 + 4 6 + = | x:number 0.20:number +:number 4:number 6:number +:number =:number
EXPR: 0 | POS | FRA | 22 | 50 | 0.133333333333333 | (0.20*4)=(6*x) | 0.20 4 * 6 x * = | 0.20:number 4:UNKNOWN *:UNKNOWN 6:number x:UNKNOWN *:UNKNOWN =:UNKNOWN
EXPR: 0 | POS | FRA | 22 | 50 | 9.8 | 0.20=(6-(x-4)) | 0.20 6 x 4 - - = | 0.20:number 6:number x:number 4:number -:number -:number =:number
EXPR: 0 | POS | FRA | 22 | 50 | 5.95 | 0.20=((6-x)*4) | 0.20 6 x - 4 * = | 0.20:number 6:UNKNOWN x:UNKNOWN -:UNKNOWN 4:number *:number =:number
EXPR: 0 | POS | FRA | 22 | 50 | 23.8 | ((0.20+x)/4)=6 | 0.20 x + 4 / 6 = | 0.20:number x:number +:number 4:UNKNOWN /:number 6:number =:number
EXPR: 0 | POS | INT | 22 | 50 | 120 | (x*0.20)=(4*6) | x 0.20 * 4 6 * = | x:UNKNOWN 0.20:number *:UNKNOWN 4:UNKNOWN 6:number *:UNKNOWN =:UNKNOWN
EXPR: 0 | POS | FRA | 22 | 50 | 1.8 | 0.20=(6-(4+x)) | 0.20 6 4 x + - = | 0.20:number 6:number 4:number x:number +:number -:number =:number
EXPR: 0 | POS | FRA | 22 | 50 | 9.8 | 0.20=(6+(4-x)) | 0.20 6 4 x - + = | 0.20:number 6:number 4:number x:number -:number +:number =:number
EXPR: 0 | POS | FRA | 22 | 50 | 3.33333333333333 | (x*0.20)=(4/6) | x 0.20 * 4 6 / = | x:UNKNOWN 0.20:number *:number 4:number 6:UNKNOWN /:number =:number
EXPR: 0 | POS | FRA | 22 | 50 | 9.8 | 0.20=((6-x)+4) | 0.20 6 x - 4 + = | 0.20:number 6:number x:number -:number 4:number +:number =:number
EXPR: 0 | POS | FRA | 22 | 50 | 2.2 | (x+(4-0.20))=6 | x 4 0.20 - + 6 = | x:number 4:number 0.20:number -:number +:number 6:number =:number
EXPR: 0 | POS | FRA | 22 | 50 | 1.8 | 0.20=(6-(x+4)) | 0.20 6 x 4 + - = | 0.20:number 6:number x:number 4:number +:number -:number =:number
EXPR: 0 | POS | FRA | 22 | 50 | 9.8 | (x-(4-0.20))=6 | x 4 0.20 - - 6 = | x:number 4:number 0.20:number -:number -:number 6:number =:number
EXPR: 0 | POS | FRA | 22 | 50 | 0.466666666666667 | ((0.20+x)*6)=4 | 0.20 x + 6 * 4 = | 0.20:UNKNOWN x:UNKNOWN +:UNKNOWN 6:number *:number 4:number =:number
EXPR: 0 | POS | FRA | 22 | 50 | 2.2 | (0.20-x)=(4-6) | 0.20 x - 4 6 - = | 0.20:number x:number -:number 4:number 6:number -:number =:number
EXPR: 0 | POS | FRA | 22 | 50 | 10.2 | (x-0.20)=(4+6) | x 0.20 - 4 6 + = | x:number 0.20:number -:number 4:number 6:number +:number =:number
EXPR: 0 | POS | FRA | 22 | 50 | 1.8 | 0.20=((6-4)-x) | 0.20 6 4 - x - = | 0.20:number 6:number 4:number -:number x:number -:number =:number
EXPR: 0 | POS | FRA | 22 | 50 | 0.00833333333333333 | (0.20/x)=(4*6) | 0.20 x / 4 6 * = | 0.20:number x:UNKNOWN /:number 4:number 6:UNKNOWN *:number =:number
EXPR: 0 | POS | FRA | 22 | 50 | 2.2 | (0.20-4)=(x-6) | 0.20 4 - x 6 - = | 0.20:number 4:number -:number x:number 6:number -:number =:number
EXPR: 0 | POS | FRA | 22 | 50 | 10.2 | (0.20+4)=(x-6) | 0.20 4 + x 6 - = | 0.20:number 4:number +:number x:number 6:number -:number =:number
EXPR: 0 | POS | FRA | 22 | 50 | 3.33333333333333 | (0.20*x)=(4/6) | 0.20 x * 4 6 / = | 0.20:number x:UNKNOWN *:UNKNOWN 4:UNKNOWN 6:number /:UNKNOWN =:UNKNOWN
EXPR: 0 | POS | INT | 22 | 50 | 10 | (x*0.20)=(6-4) | x 0.20 * 6 4 - = | x:UNKNOWN 0.20:number *:number 6:number 4:number -:number =:number
EXPR: 0 | POS | FRA | 22 | 50 | 1.8 | 0.20=((6-x)-4) | 0.20 6 x - 4 - = | 0.20:number 6:number x:number -:number 4:number -:number =:number
EXPR: 0 | POS | FRA | 22 | 50 | 10.2 | 0.20=((x-6)-4) | 0.20 x 6 - 4 - = | 0.20:number x:number 6:number -:number 4:number -:number =:number
EXPR: 0 | POS | FRA | 22 | 50 | 9.8 | (0.20+x)=(4+6) | 0.20 x + 4 6 + = | 0.20:number x:number +:number 4:number 6:number +:number =:number
EXPR: 0 | POS | FRA | 22 | 50 | 9.8 | (0.20-4)=(6-x) | 0.20 4 - 6 x - = | 0.20:number 4:number -:number 6:number x:number -:number =:number
EXPR: 0 | POS | FRA | 22 | 50 | 1.7 | (4*(x-0.20))=6 | 4 x 0.20 - * 6 = | 4:number x:UNKNOWN 0.20:UNKNOWN -:UNKNOWN *:number 6:number =:number
EXPR: 0 | POS | FRA | 22 | 50 | 0.866666666666667 | (4/(x-0.20))=6 | 4 x 0.20 - / 6 = | 4:number x:UNKNOWN 0.20:UNKNOWN -:UNKNOWN /:number 6:number =:number
EXPR: 0 | POS | FRA | 22 | 50 | 2.2 | 0.20=(x-(6-4)) | 0.20 x 6 4 - - = | 0.20:number x:number 6:number 4:number -:number -:number =:number
EXPR: 0 | POS | FRA | 22 | 50 | 7.5 | (0.20*4)=(6/x) | 0.20 4 * 6 x / = | 0.20:UNKNOWN 4:number *:number 6:number x:UNKNOWN /:number =:number
EXPR: 0 | POS | FRA | 22 | 50 | 1.8 | (4+(x+0.20))=6 | 4 x 0.20 + + 6 = | 4:number x:number 0.20:number +:number +:number 6:number =:number
EXPR: 0 | POS | FRA | 22 | 50 | 1.8 | ((x+4)+0.20)=6 | x 4 + 0.20 + 6 = | x:number 4:number +:number 0.20:number +:number 6:number =:number
EXPR: 0 | POS | INT | 22 | 50 | 26 | ((4+x)*0.20)=6 | 4 x + 0.20 * 6 = | 4:UNKNOWN x:UNKNOWN +:UNKNOWN 0.20:number *:number 6:number =:number
EXPR: 0 | POS | FRA | 22 | 50 | 0.3 | (0.20/4)=(x/6) | 0.20 4 / x 6 / = | 0.20:UNKNOWN 4:number /:UNKNOWN x:UNKNOWN 6:number /:UNKNOWN =:UNKNOWN
EXPR: 0 | POS | FRA | 22 | 50 | 1.55 | (0.20+6)=(x*4) | 0.20 6 + x 4 * = | 0.20:number 6:number +:number x:UNKNOWN 4:number *:number =:number
EXPR: 0 | POS | FRA | 22 | 50 | 0.00833333333333333 | (0.20/4)=(x*6) | 0.20 4 / x 6 * = | 0.20:number 4:UNKNOWN /:number x:UNKNOWN 6:number *:number =:number
EXPR: 0 | POS | FRA | 22 | 50 | 9.8 | 4=((0.20+x)-6) | 4 0.20 x + 6 - = | 4:number 0.20:number x:number +:number 6:number -:number =:number
EXPR: 0 | POS | FRA | 22 | 50 | 1.3 | (4*(x+0.20))=6 | 4 x 0.20 + * 6 = | 4:number x:UNKNOWN 0.20:UNKNOWN +:UNKNOWN *:number 6:number =:number
EXPR: 0 | POS | FRA | 22 | 50 | 0.466666666666667 | (4/(x+0.20))=6 | 4 x 0.20 + / 6 = | 4:number x:UNKNOWN 0.20:UNKNOWN +:UNKNOWN /:number 6:number =:number
EXPR: 0 | POS | FRA | 22 | 50 | 0.4 | 0.20=(x/(6-4)) | 0.20 x 6 4 - / = | 0.20:UNKNOWN x:UNKNOWN 6:number 4:number -:number /:UNKNOWN =:UNKNOWN
EXPR: 0 | POS | FRA | 22 | 50 | 0.133333333333333 | (x/0.20)=(4/6) | x 0.20 / 4 6 / = | x:UNKNOWN 0.20:number /:UNKNOWN 4:UNKNOWN 6:number /:UNKNOWN =:UNKNOWN
EXPR: 0 | POS | FRA | 22 | 50 | 10.2 | ((x-4)-0.20)=6 | x 4 - 0.20 - 6 = | x:number 4:number -:number 0.20:number -:number 6:number =:number
EXPR: 0 | POS | FRA | 22 | 50 | 0.645161290322581 | (0.20+6)=(4/x) | 0.20 6 + 4 x / = | 0.20:number 6:number +:number 4:number x:UNKNOWN /:number =:number
EXPR: 0 | POS | FRA | 22 | 50 | 24.8 | (x/(0.20+6))=4 | x 0.20 6 + / 4 = | x:UNKNOWN 0.20:number 6:number +:number /:UNKNOWN 4:UNKNOWN =:UNKNOWN
EXPR: 0 | POS | FRA | 22 | 50 | 0.645161290322581 | (4/x)=(0.20+6) | 4 x / 0.20 6 + = | 4:number x:UNKNOWN /:number 0.20:number 6:number +:number =:number
EXPR: 0 | POS | INT | 22 | 50 | 14 | (0.20*(6+x))=4 | 0.20 6 x + * 4 = | 0.20:number 6:UNKNOWN x:UNKNOWN +:UNKNOWN *:number 4:number =:number
EXPR: 0 | POS | FRA | 22 | 50 | 9.8 | ((x+0.20)-6)=4 | x 0.20 + 6 - 4 = | x:number 0.20:number +:number 6:number -:number 4:number =:number
EXPR: 0 | POS | FRA | 22 | 50 | 2.2 | 4=((0.20-x)+6) | 4 0.20 x - 6 + = | 4:number 0.20:number x:number -:number 6:number +:number =:number
EXPR: 0 | POS | FRA | 22 | 50 | 0.466666666666667 | 4=((0.20+x)*6) | 4 0.20 x + 6 * = | 4:number 0.20:UNKNOWN x:UNKNOWN +:UNKNOWN 6:number *:number =:number
EXPR: 0 | POS | INT | 22 | 50 | 14 | 4=(0.20*(6+x)) | 4 0.20 6 x + * = | 4:number 0.20:number 6:UNKNOWN x:UNKNOWN +:UNKNOWN *:number =:number
EXPR: 0 | POS | FRA | 22 | 50 | 1.55 | (4*x)=(0.20+6) | 4 x * 0.20 6 + = | 4:number x:UNKNOWN *:number 0.20:number 6:number +:number =:number
EXPR: 0 | POS | INT | 22 | 50 | 120 | (0.20/4)=(6/x) | 0.20 4 / 6 x / = | 0.20:number 4:UNKNOWN /:number 6:number x:UNKNOWN /:number =:number
EXPR: 0 | POS | FRA | 22 | 50 | 10.2 | 4=((x-0.20)-6) | 4 x 0.20 - 6 - = | 4:number x:number 0.20:number -:number 6:number -:number =:number
EXPR: 0 | POS | FRA | 22 | 50 | 2.2 | (0.20+(6-x))=4 | 0.20 6 x - + 4 = | 0.20:number 6:number x:number -:number +:number 4:number =:number
EXPR: 0 | POS | FRA | 22 | 50 | 9.8 | (0.20-(6-x))=4 | 0.20 6 x - - 4 = | 0.20:number 6:number x:number -:number -:number 4:number =:number
EXPR: 0 | POS | FRA | 22 | 50 | 0.00833333333333333 | (0.20/4)=(6*x) | 0.20 4 / 6 x * = | 0.20:number 4:UNKNOWN /:number 6:number x:UNKNOWN *:number =:number
EXPR: 0 | POS | FRA | 22 | 50 | 2.2 | (4+(x-0.20))=6 | 4 x 0.20 - + 6 = | 4:number x:number 0.20:number -:number +:number 6:number =:number
EXPR: 0 | POS | FRA | 22 | 50 | 1.55 | (0.20+6)=(4*x) | 0.20 6 + 4 x * = | 0.20:number 6:number +:number 4:number x:UNKNOWN *:number =:number
EXPR: 0 | POS | FRA | 22 | 50 | 9.8 | ((x-4)+0.20)=6 | x 4 - 0.20 + 6 = | x:number 4:number -:number 0.20:number +:number 6:number =:number
EXPR: 0 | POS | INT | 22 | 50 | 2 | ((x/0.20)-4)=6 | x 0.20 / 4 - 6 = | x:UNKNOWN 0.20:number /:UNKNOWN 4:UNKNOWN -:UNKNOWN 6:UNKNOWN =:UNKNOWN
EXPR: 0 | POS | FRA | 22 | 50 | 0.4 | ((x/0.20)+4)=6 | x 0.20 / 4 + 6 = | x:UNKNOWN 0.20:number /:UNKNOWN 4:UNKNOWN +:UNKNOWN 6:UNKNOWN =:UNKNOWN
EXPR: 0 | POS | FRA | 22 | 50 | 24.2 | ((x-0.20)/4)=6 | x 0.20 - 4 / 6 = | x:UNKNOWN 0.20:UNKNOWN -:UNKNOWN 4:number /:UNKNOWN 6:UNKNOWN =:UNKNOWN
EXPR: 0 | POS | FRA | 22 | 50 | 23.8 | ((x+0.20)/4)=6 | x 0.20 + 4 / 6 = | x:UNKNOWN 0.20:UNKNOWN +:UNKNOWN 4:number /:UNKNOWN 6:UNKNOWN =:UNKNOWN
EXPR: 0 | POS | FRA | 22 | 50 | 10.2 | ((x-0.20)-6)=4 | x 0.20 - 6 - 4 = | x:number 0.20:number -:number 6:number -:number 4:number =:number
EXPR: 0 | POS | FRA | 22 | 50 | 0.633333333333333 | (4-0.20)=(x*6) | 4 0.20 - x 6 * = | 4:number 0.20:number -:number x:UNKNOWN 6:number *:number =:number
EXPR: 0 | POS | FRA | 22 | 50 | 1.8 | (0.20+4)=(6-x) | 0.20 4 + 6 x - = | 0.20:number 4:number +:number 6:number x:number -:number =:number
EXPR: 0 | POS | FRA | 22 | 50 | 6.05 | 4=(0.20/(x-6)) | 4 0.20 x 6 - / = | 4:number 0.20:number x:UNKNOWN 6:UNKNOWN -:UNKNOWN /:number =:number
EXPR: 0 | POS | FRA | 22 | 50 | 0.866666666666667 | 4=((x-0.20)*6) | 4 x 0.20 - 6 * = | 4:number x:UNKNOWN 0.20:UNKNOWN -:UNKNOWN 6:number *:number =:number
EXPR: 0 | POS | FRA | 22 | 50 | 2.2 | ((0.20-x)+6)=4 | 0.20 x - 6 + 4 = | 0.20:number x:number -:number 6:number +:number 4:number =:number
EXPR: 0 | POS | FRA | 22 | 50 | 10.2 | (x-(0.20+6))=4 | x 0.20 6 + - 4 = | x:number 0.20:number 6:number +:number -:number 4:number =:number
EXPR: 0 | POS | FRA | 22 | 50 | 9.8 | (x+(0.20-6))=4 | x 0.20 6 - + 4 = | x:number 0.20:number 6:number -:number +:number 4:number =:number
EXPR: 0 | POS | FRA | 22 | 50 | 9.8 | 4=(0.20-(6-x)) | 4 0.20 6 x - - = | 4:number 0.20:number 6:number x:number -:number -:number =:number
EXPR: 0 | POS | FRA | 22 | 50 | 9.8 | (0.20+(x-6))=4 | 0.20 x 6 - + 4 = | 0.20:number x:number 6:number -:number +:number 4:number =:number
EXPR: 0 | POS | FRA | 22 | 50 | 5.95 | ((0.20/4)+x)=6 | 0.20 4 / x + 6 = | 0.20:number 4:UNKNOWN /:number x:number +:number 6:number =:number
EXPR: 0 | POS | FRA | 22 | 50 | 2.2 | ((x+4)-0.20)=6 | x 4 + 0.20 - 6 = | x:number 4:number +:number 0.20:number -:number 6:number =:number
EXPR: 0 | POS | FRA | 22 | 50 | 9.8 | 4=(0.20+(x-6)) | 4 0.20 x 6 - + = | 4:number 0.20:number x:number 6:number -:number +:number =:number
EXPR: 0 | POS | FRA | 22 | 50 | 5.95 | (x+(0.20/4))=6 | x 0.20 4 / + 6 = | x:UNKNOWN 0.20:UNKNOWN 4:number /:UNKNOWN +:UNKNOWN 6:UNKNOWN =:UNKNOWN
EXPR: 0 | POS | FRA | 22 | 50 | 2.2 | 4=(0.20+(6-x)) | 4 0.20 6 x - + = | 4:number 0.20:number 6:number x:number -:number +:number =:number
EXPR: 0 | POS | FRA | 22 | 50 | 2.2 | 4=((0.20+6)-x) | 4 0.20 6 + x - = | 4:number 0.20:number 6:number +:number x:number -:number =:number
EXPR: 0 | POS | FRA | 22 | 50 | 2.2 | 4=(0.20-(x-6)) | 4 0.20 x 6 - - = | 4:number 0.20:number x:number 6:number -:number -:number =:number
EXPR: 0 | POS | FRA | 22 | 50 | 0.3 | (0.20/x)=(4/6) | 0.20 x / 4 6 / = | 0.20:number x:UNKNOWN /:number 4:number 6:UNKNOWN /:number =:number
EXPR: 0 | POS | FRA | 22 | 50 | 1.57894736842105 | (4-0.20)=(6/x) | 4 0.20 - 6 x / = | 4:number 0.20:number -:number 6:number x:UNKNOWN /:number =:number
EXPR: 0 | POS | FRA | 22 | 50 | 2.2 | (0.20-(x-6))=4 | 0.20 x 6 - - 4 = | 0.20:number x:number 6:number -:number -:number 4:number =:number
EXPR: 0 | POS | INT | 22 | 50 | 26 | ((x+4)*0.20)=6 | x 4 + 0.20 * 6 = | x:UNKNOWN 4:UNKNOWN +:UNKNOWN 0.20:number *:number 6:number =:number
EXPR: 0 | POS | FRA | 22 | 50 | 2.2 | ((4+x)-0.20)=6 | 4 x + 0.20 - 6 = | 4:number x:number +:number 0.20:number -:number 6:number =:number
EXPR: 0 | POS | FRA | 22 | 50 | 1.8 | ((4+x)+0.20)=6 | 4 x + 0.20 + 6 = | 4:number x:number +:number 0.20:number +:number 6:number =:number
EXPR: 0 | POS | FRA | 22 | 50 | 0.466666666666667 | 4=((x+0.20)*6) | 4 x 0.20 + 6 * = | 4:number x:UNKNOWN 0.20:UNKNOWN +:UNKNOWN 6:number *:number =:number
EXPR: 0 | POS | FRA | 22 | 50 | 9.8 | 4=((0.20-6)+x) | 4 0.20 6 - x + = | 4:number 0.20:number 6:number -:number x:number +:number =:number
EXPR: 0 | POS | INT | 22 | 50 | 10 | (0.20*x)=(6-4) | 0.20 x * 6 4 - = | 0.20:number x:UNKNOWN *:number 6:number 4:number -:number =:number
EXPR: 0 | POS | FRA | 22 | 50 | 0.466666666666667 | ((x+0.20)*6)=4 | x 0.20 + 6 * 4 = | x:UNKNOWN 0.20:UNKNOWN +:UNKNOWN 6:number *:number 4:number =:number
EXPR: 0 | POS | FRA | 22 | 50 | 6.05 | 0.20=((x-6)*4) | 0.20 x 6 - 4 * = | 0.20:number x:UNKNOWN 6:UNKNOWN -:UNKNOWN 4:number *:number =:number
EXPR: 0 | POS | FRA | 22 | 50 | 22.8 | (x/(4-0.20))=6 | x 4 0.20 - / 6 = | x:UNKNOWN 4:number 0.20:number -:number /:UNKNOWN 6:UNKNOWN =:UNKNOWN
EXPR: 0 | POS | FRA | 22 | 50 | 0.1 | (0.20/x)=(6-4) | 0.20 x / 6 4 - = | 0.20:number x:UNKNOWN /:number 6:number 4:number -:number =:number
EXPR: 0 | POS | FRA | 22 | 50 | 3.96666666666667 | 0.20=(6*(4-x)) | 0.20 6 4 x - * = | 0.20:number 6:number 4:UNKNOWN x:UNKNOWN -:UNKNOWN *:number =:number
EXPR: 0 | POS | FRA | 22 | 50 | 6.05 | (x-(0.20/4))=6 | x 0.20 4 / - 6 = | x:number 0.20:number 4:UNKNOWN /:number -:number 6:number =:number
EXPR: 0 | POS | INT | 22 | 50 | 26 | 0.20=(6/(4+x)) | 0.20 6 4 x + / = | 0.20:number 6:number 4:UNKNOWN x:UNKNOWN +:UNKNOWN /:number =:number
EXPR: 0 | POS | FRA | 22 | 50 | 5.95 | 4=(0.20/(6-x)) | 4 0.20 6 x - / = | 4:number 0.20:number 6:UNKNOWN x:UNKNOWN -:UNKNOWN /:number =:number
EXPR: 0 | POS | FRA | 22 | 50 | 10.2 | 4=(x-(0.20+6)) | 4 x 0.20 6 + - = | 4:number x:number 0.20:number 6:number +:number -:number =:number
EXPR: 0 | POS | FRA | 22 | 50 | 9.8 | ((0.20+x)-6)=4 | 0.20 x + 6 - 4 = | 0.20:number x:number +:number 6:number -:number 4:number =:number
EXPR: 0 | POS | FRA | 22 | 50 | 9.8 | 4=(x+(0.20-6)) | 4 x 0.20 6 - + = | 4:number x:number 0.20:number 6:number -:number +:number =:number
EXPR: 0 | POS | INT | 22 | 50 | 26 | (0.20*(x-6))=4 | 0.20 x 6 - * 4 = | 0.20:number x:UNKNOWN 6:UNKNOWN -:UNKNOWN *:number 4:number =:number
EXPR: 0 | POS | INT | 22 | 50 | 14 | (0.20*(x+6))=4 | 0.20 x 6 + * 4 = | 0.20:number x:UNKNOWN 6:UNKNOWN +:UNKNOWN *:number 4:number =:number
EXPR: 0 | POS | FRA | 22 | 50 | 6.05 | (0.20/(x-6))=4 | 0.20 x 6 - / 4 = | 0.20:number x:UNKNOWN 6:UNKNOWN -:UNKNOWN /:number 4:number =:number
EXPR: 0 | POS | INT | 22 | 50 | 26 | 0.20=(6/(x+4)) | 0.20 6 x 4 + / = | 0.20:number 6:number x:UNKNOWN 4:UNKNOWN +:UNKNOWN /:number =:number
EXPR: 0 | POS | INT | 22 | 50 | 34 | 0.20=(6/(x-4)) | 0.20 6 x 4 - / = | 0.20:number 6:number x:UNKNOWN 4:UNKNOWN -:UNKNOWN /:number =:number
EXPR: 0 | POS | FRA | 22 | 50 | 4.03333333333333 | 0.20=(6*(x-4)) | 0.20 6 x 4 - * = | 0.20:number 6:number x:UNKNOWN 4:UNKNOWN -:UNKNOWN *:number =:number
EXPR: 0 | POS | FRA | 22 | 50 | 9.8 | 4=((x+0.20)-6) | 4 x 0.20 + 6 - = | 4:number x:number 0.20:number +:number 6:number -:number =:number
EXPR: 0 | POS | FRA | 22 | 50 | 0.633333333333333 | (4-0.20)=(6*x) | 4 0.20 - 6 x * = | 4:number 0.20:number -:number 6:number x:UNKNOWN *:number =:number
EXPR: 0 | POS | FRA | 27 | 50 | 1.42857142857143 | 4=((6/x)-0.20) | 4 6 x / 0.20 - = | 4:number 6:number x:UNKNOWN /:number 0.20:number -:number =:number
EXPR: 0 | POS | FRA | 27 | 50 | 0.7 | ((x*6)-0.20)=4 | x 6 * 0.20 - 4 = | x:UNKNOWN 6:number *:number 0.20:number -:number 4:number =:number
EXPR: 0 | POS | FRA | 27 | 50 | 0.689655172413793 | 6=(0.20+(4/x)) | 6 0.20 4 x / + = | 6:number 0.20:number 4:number x:UNKNOWN /:number +:number =:number
EXPR: 0 | POS | FRA | 27 | 50 | 0.7 | 4=((6*x)-0.20) | 4 6 x * 0.20 - = | 4:number 6:number x:UNKNOWN *:number 0.20:number -:number =:number
EXPR: 0 | POS | FRA | 27 | 50 | 0.633333333333333 | ((x*6)+0.20)=4 | x 6 * 0.20 + 4 = | x:UNKNOWN 6:number *:number 0.20:number +:number 4:number =:number
EXPR: 0 | POS | FRA | 27 | 50 | 0.7 | 4=((x*6)-0.20) | 4 x 6 * 0.20 - = | 4:number x:UNKNOWN 6:number *:number 0.20:number -:number =:number
EXPR: 0 | POS | FRA | 27 | 50 | 1.45 | 6=(0.20+(4*x)) | 6 0.20 4 x * + = | 6:number 0.20:number 4:number x:UNKNOWN *:number +:number =:number
EXPR: 1 | POS | INT | 27 | 50 | 50 | 6=((x*0.20)-4) | 6 x 0.20 * 4 - = | 6:number x:UNKNOWN 0.20:number *:number 4:number -:number =:number
EXPR: 0 | POS | FRA | 27 | 50 | 0.633333333333333 | 4=((x*6)+0.20) | 4 x 6 * 0.20 + = | 4:number x:UNKNOWN 6:number *:number 0.20:number +:number =:number
EXPR: 0 | POS | FRA | 27 | 50 | 0.633333333333333 | (4-(x*6))=0.20 | 4 x 6 * - 0.20 = | 4:number x:UNKNOWN 6:number *:number -:number 0.20:number =:number
EXPR: 0 | POS | FRA | 27 | 50 | 0.689655172413793 | ((6-0.20)*x)=4 | 6 0.20 - x * 4 = | 6:number 0.20:number -:number x:UNKNOWN *:number 4:number =:number
EXPR: 0 | POS | FRA | 27 | 50 | 1.45 | ((6-0.20)/x)=4 | 6 0.20 - x / 4 = | 6:number 0.20:number -:number x:UNKNOWN /:number 4:number =:number
EXPR: 0 | POS | FRA | 27 | 50 | 0.1 | 4=(6-(0.20/x)) | 4 6 0.20 x / - = | 4:number 6:number 0.20:number x:UNKNOWN /:number -:number =:number
EXPR: 0 | POS | INT | 27 | 50 | 10 | (6-(0.20*x))=4 | 6 0.20 x * - 4 = | 6:number 0.20:number x:UNKNOWN *:number -:number 4:number =:number
EXPR: 0 | POS | FRA | 27 | 50 | 0.1 | (6-(0.20/x))=4 | 6 0.20 x / - 4 = | 6:number 0.20:number x:UNKNOWN /:number -:number 4:number =:number
EXPR: 0 | POS | INT | 27 | 50 | 10 | (6-(x*0.20))=4 | 6 x 0.20 * - 4 = | 6:number x:UNKNOWN 0.20:number *:number -:number 4:number =:number
EXPR: 0 | POS | INT | 27 | 50 | 10 | 4=(6-(0.20*x)) | 4 6 0.20 x * - = | 4:number 6:number 0.20:number x:UNKNOWN *:number -:number =:number
EXPR: 0 | POS | FRA | 27 | 50 | 0.689655172413793 | 4=(x*(6-0.20)) | 4 x 6 0.20 - * = | 4:number x:UNKNOWN 6:number 0.20:number -:number *:number =:number
EXPR: 0 | POS | INT | 27 | 50 | 10 | 6=((0.20*x)+4) | 6 0.20 x * 4 + = | 6:number 0.20:number x:UNKNOWN *:number 4:number +:number =:number
EXPR: 0 | POS | FRA | 27 | 50 | 1.42857142857143 | 6=(x*(0.20+4)) | 6 x 0.20 4 + * = | 6:number x:UNKNOWN 0.20:number 4:number +:number *:number =:number
EXPR: 1 | POS | INT | 27 | 50 | 50 | 6=((0.20*x)-4) | 6 0.20 x * 4 - = | 6:number 0.20:number x:UNKNOWN *:number 4:number -:number =:number
EXPR: 0 | POS | FRA | 27 | 50 | 0.1 | 6=((0.20/x)+4) | 6 0.20 x / 4 + = | 6:number 0.20:number x:UNKNOWN /:number 4:number +:number =:number
EXPR: 0 | POS | FRA | 27 | 50 | 1.57894736842105 | 4=((6/x)+0.20) | 4 6 x / 0.20 + = | 4:number 6:number x:UNKNOWN /:number 0.20:number +:number =:number
EXPR: 0 | POS | FRA | 27 | 50 | 0.689655172413793 | (x*(6-0.20))=4 | x 6 0.20 - * 4 = | x:UNKNOWN 6:number 0.20:number -:number *:number 4:number =:number
EXPR: 0 | POS | FRA | 27 | 50 | 0.633333333333333 | 4=((6*x)+0.20) | 4 6 x * 0.20 + = | 4:number 6:number x:UNKNOWN *:number 0.20:number +:number =:number
EXPR: 0 | POS | FRA | 27 | 50 | 0.02 | 6=((0.20/x)-4) | 6 0.20 x / 4 - = | 6:number 0.20:number x:UNKNOWN /:number 4:number -:number =:number
EXPR: 0 | POS | FRA | 27 | 50 | 0.633333333333333 | (4-(6*x))=0.20 | 4 6 x * - 0.20 = | 4:number 6:number x:UNKNOWN *:number -:number 0.20:number =:number
EXPR: 0 | POS | FRA | 27 | 50 | 1.42857142857143 | ((6/x)-0.20)=4 | 6 x / 0.20 - 4 = | 6:number x:UNKNOWN /:number 0.20:number -:number 4:number =:number
EXPR: 0 | POS | FRA | 27 | 50 | 1.57894736842105 | ((6/x)+0.20)=4 | 6 x / 0.20 + 4 = | 6:number x:UNKNOWN /:number 0.20:number +:number 4:number =:number
EXPR: 0 | POS | FRA | 27 | 50 | 0.645161290322581 | ((4/x)-6)=0.20 | 4 x / 6 - 0.20 = | 4:number x:UNKNOWN /:number 6:number -:number 0.20:number =:number
EXPR: 0 | POS | FRA | 27 | 50 | 1.55 | ((4*x)-6)=0.20 | 4 x * 6 - 0.20 = | 4:number x:UNKNOWN *:number 6:number -:number 0.20:number =:number
EXPR: 0 | POS | FRA | 27 | 50 | 0.7 | ((6*x)-0.20)=4 | 6 x * 0.20 - 4 = | 6:number x:UNKNOWN *:number 0.20:number -:number 4:number =:number
EXPR: 0 | POS | FRA | 27 | 50 | 0.633333333333333 | ((6*x)+0.20)=4 | 6 x * 0.20 + 4 = | 6:number x:UNKNOWN *:number 0.20:number +:number 4:number =:number
EXPR: 0 | POS | FRA | 27 | 50 | 1.55 | ((x*4)-6)=0.20 | x 4 * 6 - 0.20 = | x:UNKNOWN 4:number *:number 6:number -:number 0.20:number =:number
EXPR: 0 | POS | FRA | 27 | 50 | 1.57894736842105 | (4-(6/x))=0.20 | 4 6 x / - 0.20 = | 4:number 6:number x:UNKNOWN /:number -:number 0.20:number =:number
EXPR: 0 | POS | FRA | 27 | 50 | 1.42857142857143 | 6=((0.20+4)*x) | 6 0.20 4 + x * = | 6:number 0.20:number 4:number +:number x:UNKNOWN *:number =:number
EXPR: 0 | POS | FRA | 27 | 50 | 1.45 | 4=((6-0.20)/x) | 4 6 0.20 - x / = | 4:number 6:number 0.20:number -:number x:UNKNOWN /:number =:number
EXPR: 0 | POS | FRA | 27 | 50 | 0.689655172413793 | 4=((6-0.20)*x) | 4 6 0.20 - x * = | 4:number 6:number 0.20:number -:number x:UNKNOWN *:number =:number
EXPR: 0 | POS | INT | 27 | 50 | 10 | 6=((x*0.20)+4) | 6 x 0.20 * 4 + = | 6:number x:UNKNOWN 0.20:number *:number 4:number +:number =:number
EXPR: 0 | POS | FRA | 27 | 50 | 0.7 | 6=((0.20+4)/x) | 6 0.20 4 + x / = | 6:number 0.20:number 4:number +:number x:UNKNOWN /:number =:number
EXPR: 0 | POS | INT | 27 | 50 | 10 | 4=(6-(x*0.20)) | 4 6 x 0.20 * - = | 4:number 6:number x:UNKNOWN 0.20:number *:number -:number =:number
EXPR: 0 | POS | FRA | 27 | 50 | 1.45 | 6=(0.20+(x*4)) | 6 0.20 x 4 * + = | 6:number 0.20:number x:UNKNOWN 4:number *:number +:number =:number
EXPR: 0 | POS | FRA | 27 | 50 | 0.02 | ((4+6)*x)=0.20 | 4 6 + x * 0.20 = | 4:number 6:number +:number x:UNKNOWN *:number 0.20:number =:number
EXPR: 0 | POS | FRA | 27 | 50 | 0.02 | (x*(4+6))=0.20 | x 4 6 + * 0.20 = | x:UNKNOWN 4:number 6:number +:number *:number 0.20:number =:number
EXPR: 1 | POS | INT | 27 | 50 | 50 | ((4+6)/x)=0.20 | 4 6 + x / 0.20 = | 4:number 6:number +:number x:UNKNOWN /:number 0.20:number =:number
EXPR: 0 | POS | FRA | 30 | 50 | 5.2 | ((0.20*6)+4)=x | 0.20 6 * 4 + x = | 0.20:UNKNOWN 6:number *:number 4:number +:number x:number =:number
EXPR: 0 | POS | FRA | 30 | 50 | 1.7 | (0.20+(6/4))=x | 0.20 6 4 / + x = | 0.20:number 6:number 4:UNKNOWN /:number +:number x:number =:number
EXPR: 0 | POS | INT | 30 | 50 | 14 | ((4/0.20)-6)=x | 4 0.20 / 6 - x = | 4:number 0.20:UNKNOWN /:number 6:number -:number x:number =:number
EXPR: 0 | POS | INT | 30 | 50 | 26 | ((4/0.20)+6)=x | 4 0.20 / 6 + x = | 4:number 0.20:UNKNOWN /:number 6:number +:number x:number =:number
EXPR: 0 | POS | FRA | 30 | 50 | 4.03333333333333 | ((0.20/6)+4)=x | 0.20 6 / 4 + x = | 0.20:number 6:UNKNOWN /:number 4:number +:number x:number =:number
EXPR: 0 | POS | FRA | 30 | 50 | 0.633333333333333 | ((4-0.20)/6)=x | 4 0.20 - 6 / x = | 4:UNKNOWN 0.20:UNKNOWN -:UNKNOWN 6:number /:UNKNOWN x:UNKNOWN =:UNKNOWN
EXPR: 0 | POS | FRA | 30 | 50 | 2.8 | (4-(0.20*6))=x | 4 0.20 6 * - x = | 4:number 0.20:UNKNOWN 6:number *:number -:number x:number =:number
EXPR: 0 | POS | FRA | 30 | 50 | 5.2 | (4+(0.20*6))=x | 4 0.20 6 * + x = | 4:number 0.20:UNKNOWN 6:number *:number +:number x:number =:number
EXPR: 0 | POS | FRA | 30 | 50 | 1.55 | ((0.20+6)/4)=x | 0.20 6 + 4 / x = | 0.20:UNKNOWN 6:UNKNOWN +:UNKNOWN 4:number /:UNKNOWN x:UNKNOWN =:UNKNOWN
EXPR: 0 | POS | FRA | 30 | 50 | 1.55 | x=((0.20+6)/4) | x 0.20 6 + 4 / = | x:UNKNOWN 0.20:UNKNOWN 6:UNKNOWN +:UNKNOWN 4:number /:UNKNOWN =:UNKNOWN
EXPR: 0 | POS | FRA | 30 | 50 | 5.2 | x=((0.20*6)+4) | x 0.20 6 * 4 + = | x:UNKNOWN 0.20:number 6:UNKNOWN *:UNKNOWN 4:UNKNOWN +:UNKNOWN =:UNKNOWN
EXPR: 0 | POS | FRA | 30 | 50 | 0.633333333333333 | x=((4-0.20)/6) | x 4 0.20 - 6 / = | x:UNKNOWN 4:UNKNOWN 0.20:UNKNOWN -:UNKNOWN 6:number /:UNKNOWN =:UNKNOWN
EXPR: 0 | POS | INT | 30 | 50 | 14 | x=((4/0.20)-6) | x 4 0.20 / 6 - = | x:number 4:number 0.20:UNKNOWN /:number 6:number -:number =:number
EXPR: 0 | POS | FRA | 30 | 50 | 2.8 | x=(4-(0.20*6)) | x 4 0.20 6 * - = | x:UNKNOWN 4:UNKNOWN 0.20:UNKNOWN 6:number *:UNKNOWN -:UNKNOWN =:UNKNOWN
EXPR: 0 | POS | FRA | 30 | 50 | 3.96666666666667 | x=(4-(0.20/6)) | x 4 0.20 6 / - = | x:UNKNOWN 4:UNKNOWN 0.20:UNKNOWN 6:number /:UNKNOWN -:UNKNOWN =:UNKNOWN
EXPR: 0 | POS | FRA | 30 | 50 | 3.96666666666667 | (4-(0.20/6))=x | 4 0.20 6 / - x = | 4:number 0.20:number 6:UNKNOWN /:number -:number x:number =:number
EXPR: 0 | POS | FRA | 30 | 50 | 4.03333333333333 | (4+(0.20/6))=x | 4 0.20 6 / + x = | 4:number 0.20:number 6:UNKNOWN /:number +:number x:number =:number
EXPR: 0 | POS | FRA | 30 | 50 | 4.03333333333333 | x=(4+(0.20/6)) | x 4 0.20 6 / + = | x:number 4:number 0.20:number 6:UNKNOWN /:number +:number =:number
EXPR: 0 | POS | FRA | 30 | 50 | 1.7 | x=(0.20+(6/4)) | x 0.20 6 4 / + = | x:number 0.20:number 6:number 4:UNKNOWN /:number +:number =:number
EXPR: 0 | POS | FRA | 30 | 50 | 5.2 | x=(4+(0.20*6)) | x 4 0.20 6 * + = | x:number 4:number 0.20:number 6:UNKNOWN *:number +:number =:number
EXPR: 0 | POS | FRA | 30 | 50 | 4.03333333333333 | x=((0.20/6)+4) | x 0.20 6 / 4 + = | x:number 0.20:number 6:UNKNOWN /:number 4:number +:number =:number
NET 364 unique, non-negative solutions found out of 1000 total solutions
