parameters: n=7 l=3 k=1 p=5 q=3 m=9
TOTAL 1000 solutions found
SOLN: CORRECT | POS/NEG | INT/FRA | OBJ-SCORE | TRUE-ANS | ANS | INFIX | POSTFIX | TYPED-POSTFIX
EXPR: 0 | POS | INT | 10 | 200 | 1452 | x=((25.0+96.0)*12.0) | x 25.0 96.0 + 12.0 * = | x:UK 25.0:dollar 96.0:dollar +:dollar 12.0:UK *:UK =:UK
EXPR: 0 | POS | INT | 10 | 200 | 2412 | ((25.0*96.0)+12.0)=x | 25.0 96.0 * 12.0 + x = | 25.0:dollar 96.0:UK *:UK 12.0:UK +:UK x:UK =:UK
EXPR: 0 | POS | INT | 10 | 200 | 1452 | ((25.0+96.0)*12.0)=x | 25.0 96.0 + 12.0 * x = | 25.0:house 96.0:house +:house 12.0:UK *:UK x:UK =:UK
EXPR: 0 | POS | INT | 10 | 200 | 1177 | x=(25.0+(96.0*12.0)) | x 25.0 96.0 12.0 * + = | x:UK 25.0:UK 96.0:house 12.0:UK *:UK +:UK =:UK
EXPR: 0 | POS | INT | 10 | 200 | 2100 | (25.0*(96.0-12.0))=x | 25.0 96.0 12.0 - * x = | 25.0:dollar 96.0:UK 12.0:UK -:UK *:UK x:UK =:UK
EXPR: 0 | POS | INT | 10 | 200 | 2700 | (25.0*(96.0+12.0))=x | 25.0 96.0 12.0 + * x = | 25.0:dollar 96.0:UK 12.0:UK +:UK *:UK x:UK =:UK
EXPR: 0 | POS | INT | 10 | 200 | 1177 | (25.0+(96.0*12.0))=x | 25.0 96.0 12.0 * + x = | 25.0:UK 96.0:house 12.0:UK *:UK +:UK x:UK =:UK
EXPR: 0 | POS | INT | 10 | 200 | 2388 | ((25.0*96.0)-12.0)=x | 25.0 96.0 * 12.0 - x = | 25.0:dollar 96.0:UK *:UK 12.0:UK -:UK x:UK =:UK
EXPR: 0 | POS | INT | 10 | 200 | 2412 | x=((25.0*96.0)+12.0) | x 25.0 96.0 * 12.0 + = | x:UK 25.0:dollar 96.0:UK *:UK 12.0:UK +:UK =:UK
EXPR: 0 | POS | INT | 10 | 200 | 2388 | x=((25.0*96.0)-12.0) | x 25.0 96.0 * 12.0 - = | x:UK 25.0:dollar 96.0:UK *:UK 12.0:UK -:UK =:UK
EXPR: 0 | POS | INT | 10 | 200 | 2700 | x=(25.0*(96.0+12.0)) | x 25.0 96.0 12.0 + * = | x:UK 25.0:dollar 96.0:UK 12.0:UK +:UK *:UK =:UK
EXPR: 0 | POS | INT | 10 | 200 | 2100 | x=(25.0*(96.0-12.0)) | x 25.0 96.0 12.0 - * = | x:UK 25.0:dollar 96.0:UK 12.0:UK -:UK *:UK =:UK
EXPR: 0 | POS | INT | 12 | 200 | 1248 | 25.0=((x/96.0)+12.0) | 25.0 x 96.0 / 12.0 + = | 25.0:UK x:UK 96.0:house /:UK 12.0:UK +:UK =:UK
EXPR: 0 | POS | INT | 12 | 200 | 2388 | ((25.0*96.0)-x)=12.0 | 25.0 96.0 * x - 12.0 = | 25.0:dollar 96.0:UK *:UK x:UK -:UK 12.0:UK =:UK
EXPR: 0 | POS | INT | 12 | 200 | 3552 | 25.0=((x/96.0)-12.0) | 25.0 x 96.0 / 12.0 - = | 25.0:UK x:UK 96.0:house /:UK 12.0:UK -:UK =:UK
EXPR: 0 | POS | INT | 12 | 200 | 1127 | 25.0=((96.0*12.0)-x) | 25.0 96.0 12.0 * x - = | 25.0:UK 96.0:house 12.0:UK *:UK x:UK -:UK =:UK
EXPR: 0 | POS | INT | 12 | 200 | 1248 | (25.0-(x/96.0))=12.0 | 25.0 x 96.0 / - 12.0 = | 25.0:UK x:UK 96.0:house /:UK -:UK 12.0:UK =:UK
EXPR: 0 | POS | INT | 12 | 200 | 1177 | 25.0=(x-(96.0*12.0)) | 25.0 x 96.0 12.0 * - = | 25.0:UK x:UK 96.0:house 12.0:UK *:UK -:UK =:UK
EXPR: 0 | POS | INT | 12 | 200 | 1127 | ((25.0+x)/96.0)=12.0 | 25.0 x + 96.0 / 12.0 = | 25.0:UK x:UK +:UK 96.0:house /:UK 12.0:UK =:UK
EXPR: 0 | POS | INT | 12 | 200 | 2412 | (x-(25.0*96.0))=12.0 | x 25.0 96.0 * - 12.0 = | x:UK 25.0:dollar 96.0:UK *:UK -:UK 12.0:UK =:UK
EXPR: 0 | POS | INT | 12 | 200 | 1127 | ((x+25.0)/96.0)=12.0 | x 25.0 + 96.0 / 12.0 = | x:UK 25.0:UK +:UK 96.0:house /:UK 12.0:UK =:UK
EXPR: 0 | POS | INT | 12 | 200 | 1452 | (x/(25.0+96.0))=12.0 | x 25.0 96.0 + / 12.0 = | x:UK 25.0:dollar 96.0:dollar +:dollar /:UK 12.0:UK =:UK
EXPR: 0 | POS | INT | 20 | 200 | 852 | x=((96.0-25.0)*12.0) | x 96.0 25.0 - 12.0 * = | x:UK 96.0:house 25.0:house -:house 12.0:UK *:UK =:UK
EXPR: 0 | POS | INT | 20 | 200 | 1248 | x=(96.0*(25.0-12.0)) | x 96.0 25.0 12.0 - * = | x:UK 96.0:house 25.0:UK 12.0:UK -:UK *:UK =:UK
EXPR: 0 | POS | INT | 20 | 200 | 396 | x=(96.0+(25.0*12.0)) | x 96.0 25.0 12.0 * + = | x:UK 96.0:UK 25.0:dollar 12.0:UK *:UK +:UK =:UK
EXPR: 0 | POS | INT | 20 | 200 | 396 | (96.0+(25.0*12.0))=x | 96.0 25.0 12.0 * + x = | 96.0:UK 25.0:dollar 12.0:UK *:UK +:UK x:UK =:UK
EXPR: 0 | POS | INT | 20 | 200 | 3552 | ((25.0+12.0)*96.0)=x | 25.0 12.0 + 96.0 * x = | 25.0:UK 12.0:UK +:UK 96.0:house *:UK x:UK =:UK
EXPR: 0 | POS | INT | 20 | 200 | 396 | ((25.0*12.0)+96.0)=x | 25.0 12.0 * 96.0 + x = | 25.0:dollar 12.0:UK *:UK 96.0:UK +:UK x:UK =:UK
EXPR: 0 | POS | INT | 20 | 200 | 17 | (25.0-(96.0/12.0))=x | 25.0 96.0 12.0 / - x = | 25.0:house 96.0:house 12.0:UK /:house -:house x:house =:house
EXPR: 0 | POS | INT | 20 | 200 | 3552 | (96.0*(25.0+12.0))=x | 96.0 25.0 12.0 + * x = | 96.0:house 25.0:UK 12.0:UK +:UK *:UK x:UK =:UK
EXPR: 0 | POS | INT | 20 | 200 | 1248 | (96.0*(25.0-12.0))=x | 96.0 25.0 12.0 - * x = | 96.0:house 25.0:UK 12.0:UK -:UK *:UK x:UK =:UK
EXPR: 0 | POS | INT | 20 | 200 | 3552 | x=(96.0*(25.0+12.0)) | x 96.0 25.0 12.0 + * = | x:UK 96.0:house 25.0:UK 12.0:UK +:UK *:UK =:UK
EXPR: 0 | POS | INT | 20 | 200 | 33 | x=(25.0+(96.0/12.0)) | x 25.0 96.0 12.0 / + = | x:house 25.0:house 96.0:house 12.0:UK /:house +:house =:house
EXPR: 0 | POS | INT | 20 | 200 | 17 | x=(25.0-(96.0/12.0)) | x 25.0 96.0 12.0 / - = | x:house 25.0:house 96.0:house 12.0:UK /:house -:house =:house
EXPR: 0 | POS | INT | 20 | 200 | 3552 | x=((25.0+12.0)*96.0) | x 25.0 12.0 + 96.0 * = | x:UK 25.0:UK 12.0:UK +:UK 96.0:house *:UK =:UK
EXPR: 0 | POS | INT | 20 | 200 | 1248 | x=((25.0-12.0)*96.0) | x 25.0 12.0 - 96.0 * = | x:UK 25.0:UK 12.0:UK -:UK 96.0:house *:UK =:UK
EXPR: 0 | POS | INT | 20 | 200 | 109 | x=((25.0+96.0)-12.0) | x 25.0 96.0 + 12.0 - = | x:UK 25.0:UK 96.0:UK +:UK 12.0:UK -:UK =:UK
EXPR: 0 | POS | INT | 20 | 200 | 204 | x=((25.0*12.0)-96.0) | x 25.0 12.0 * 96.0 - = | x:UK 25.0:dollar 12.0:UK *:UK 96.0:UK -:UK =:UK
EXPR: 0 | POS | INT | 20 | 200 | 396 | x=((25.0*12.0)+96.0) | x 25.0 12.0 * 96.0 + = | x:UK 25.0:dollar 12.0:UK *:UK 96.0:UK +:UK =:UK
EXPR: 0 | POS | INT | 20 | 200 | 109 | x=(25.0+(96.0-12.0)) | x 25.0 96.0 12.0 - + = | x:UK 25.0:UK 96.0:UK 12.0:UK -:UK +:UK =:UK
EXPR: 0 | POS | INT | 20 | 200 | 109 | ((25.0+96.0)-12.0)=x | 25.0 96.0 + 12.0 - x = | 25.0:UK 96.0:UK +:UK 12.0:UK -:UK x:UK =:UK
EXPR: 0 | POS | INT | 20 | 200 | 133 | ((25.0+96.0)+12.0)=x | 25.0 96.0 + 12.0 + x = | 25.0:UK 96.0:UK +:UK 12.0:UK +:UK x:UK =:UK
EXPR: 0 | POS | INT | 22 | 200 | 396 | 96.0=(x-(25.0*12.0)) | 96.0 x 25.0 12.0 * - = | 96.0:UK x:UK 25.0:dollar 12.0:UK *:UK -:UK =:UK
EXPR: 0 | POS | INT | 22 | 200 | 2100 | 25.0=(x/(96.0-12.0)) | 25.0 x 96.0 12.0 - / = | 25.0:UK x:UK 96.0:house 12.0:house -:house /:UK =:UK
EXPR: 0 | POS | INT | 22 | 200 | 2700 | 25.0=(x/(96.0+12.0)) | 25.0 x 96.0 12.0 + / = | 25.0:UK x:UK 96.0:house 12.0:house +:house /:UK =:UK
EXPR: 0 | POS | INT | 22 | 200 | 2100 | ((x/25.0)+12.0)=96.0 | x 25.0 / 12.0 + 96.0 = | x:UK 25.0:dollar /:UK 12.0:UK +:UK 96.0:UK =:UK
EXPR: 0 | POS | INT | 22 | 200 | 396 | (x-(25.0*12.0))=96.0 | x 25.0 12.0 * - 96.0 = | x:UK 25.0:dollar 12.0:UK *:UK -:UK 96.0:UK =:UK
EXPR: 0 | POS | INT | 22 | 200 | 2412 | 25.0=((x-12.0)/96.0) | 25.0 x 12.0 - 96.0 / = | 25.0:UK x:UK 12.0:UK -:UK 96.0:house /:UK =:UK
EXPR: 0 | POS | INT | 22 | 200 | 2388 | 25.0=((x+12.0)/96.0) | 25.0 x 12.0 + 96.0 / = | 25.0:UK x:UK 12.0:UK +:UK 96.0:house /:UK =:UK
EXPR: 0 | POS | INT | 22 | 200 | 133 | 25.0=(x-(96.0+12.0)) | 25.0 x 96.0 12.0 + - = | 25.0:UK x:UK 96.0:UK 12.0:UK +:UK -:UK =:UK
EXPR: 0 | POS | INT | 22 | 200 | 59 | 25.0=((96.0-12.0)-x) | 25.0 96.0 12.0 - x - = | 25.0:UK 96.0:UK 12.0:UK -:UK x:UK -:UK =:UK
EXPR: 0 | POS | INT | 22 | 200 | 83 | 25.0=((96.0+12.0)-x) | 25.0 96.0 12.0 + x - = | 25.0:UK 96.0:UK 12.0:UK +:UK x:UK -:UK =:UK
EXPR: 0 | POS | INT | 22 | 200 | 2100 | (x/25.0)=(96.0-12.0) | x 25.0 / 96.0 12.0 - = | x:UK 25.0:dollar /:UK 96.0:UK 12.0:UK -:UK =:UK
EXPR: 0 | POS | INT | 22 | 200 | 2700 | (x/25.0)=(96.0+12.0) | x 25.0 / 96.0 12.0 + = | x:UK 25.0:dollar /:UK 96.0:UK 12.0:UK +:UK =:UK
EXPR: 0 | POS | INT | 22 | 200 | 83 | ((x+25.0)-96.0)=12.0 | x 25.0 + 96.0 - 12.0 = | x:UK 25.0:UK +:UK 96.0:UK -:UK 12.0:UK =:UK
EXPR: 1 | POS | INT | 22 | 200 | 200 | (25.0*96.0)=(x*12.0) | 25.0 96.0 * x 12.0 * = | 25.0:dollar 96.0:house *:house x:UK 12.0:house *:house =:house
EXPR: 0 | POS | INT | 22 | 200 | 2700 | ((x/25.0)-96.0)=12.0 | x 25.0 / 96.0 - 12.0 = | x:UK 25.0:house /:UK 96.0:UK -:UK 12.0:UK =:UK
EXPR: 0 | POS | INT | 22 | 200 | 17 | 25.0=((96.0/12.0)+x) | 25.0 96.0 12.0 / x + = | 25.0:dollar 96.0:dollar 12.0:UK /:dollar x:dollar +:dollar =:dollar
EXPR: 0 | POS | INT | 22 | 200 | 28800 | (25.0*96.0)=(x/12.0) | 25.0 96.0 * x 12.0 / = | 25.0:dollar 96.0:house *:house x:house 12.0:UK /:house =:house
EXPR: 0 | POS | INT | 22 | 200 | 28800 | (x/96.0)=(25.0*12.0) | x 96.0 / 25.0 12.0 * = | x:UK 96.0:house /:UK 25.0:dollar 12.0:UK *:UK =:UK
EXPR: 0 | POS | INT | 22 | 200 | 133 | ((x-25.0)-96.0)=12.0 | x 25.0 - 96.0 - 12.0 = | x:UK 25.0:UK -:UK 96.0:UK -:UK 12.0:UK =:UK
EXPR: 0 | POS | INT | 22 | 200 | 83 | ((25.0-96.0)+x)=12.0 | 25.0 96.0 - x + 12.0 = | 25.0:UK 96.0:UK -:UK x:UK +:UK 12.0:UK =:UK
EXPR: 0 | POS | INT | 22 | 200 | 2388 | (25.0*96.0)=(x+12.0) | 25.0 96.0 * x 12.0 + = | 25.0:dollar 96.0:UK *:UK x:UK 12.0:UK +:UK =:UK
EXPR: 0 | POS | INT | 22 | 200 | 2412 | (25.0*96.0)=(x-12.0) | 25.0 96.0 * x 12.0 - = | 25.0:dollar 96.0:UK *:UK x:UK 12.0:UK -:UK =:UK
EXPR: 0 | POS | INT | 22 | 200 | 852 | (x/(96.0-25.0))=12.0 | x 96.0 25.0 - / 12.0 = | x:UK 96.0:dollar 25.0:dollar -:dollar /:UK 12.0:UK =:UK
EXPR: 0 | POS | INT | 22 | 200 | 2388 | (25.0*96.0)=(12.0+x) | 25.0 96.0 * 12.0 x + = | 25.0:dollar 96.0:UK *:UK 12.0:UK x:UK +:UK =:UK
EXPR: 0 | POS | INT | 30 | 200 | 109 | (25.0+(96.0-12.0))=x | 25.0 96.0 12.0 - + x = | 25.0:house 96.0:house 12.0:house -:house +:house x:house =:house
EXPR: 0 | POS | INT | 30 | 200 | 133 | (25.0+(96.0+12.0))=x | 25.0 96.0 12.0 + + x = | 25.0:house 96.0:house 12.0:house +:house +:house x:house =:house
EXPR: 0 | POS | INT | 30 | 200 | 109 | (25.0-(12.0-96.0))=x | 25.0 12.0 96.0 - - x = | 25.0:UK 12.0:UK 96.0:UK -:UK -:UK x:UK =:UK
EXPR: 0 | POS | INT | 30 | 200 | 133 | x=((25.0+96.0)+12.0) | x 25.0 96.0 + 12.0 + = | x:house 25.0:house 96.0:house +:house 12.0:house +:house =:house
EXPR: 0 | POS | INT | 30 | 200 | 83 | x=((96.0-25.0)+12.0) | x 96.0 25.0 - 12.0 + = | x:UK 96.0:UK 25.0:UK -:UK 12.0:UK +:UK =:UK
EXPR: 0 | POS | INT | 30 | 200 | 1248 | ((25.0-12.0)*96.0)=x | 25.0 12.0 - 96.0 * x = | 25.0:dollar 12.0:dollar -:dollar 96.0:house *:dollar x:dollar =:dollar
EXPR: 0 | POS | INT | 30 | 200 | 59 | x=(96.0-(25.0+12.0)) | x 96.0 25.0 12.0 + - = | x:UK 96.0:UK 25.0:UK 12.0:UK +:UK -:UK =:UK
EXPR: 0 | POS | INT | 30 | 200 | 109 | x=(96.0+(25.0-12.0)) | x 96.0 25.0 12.0 - + = | x:UK 96.0:UK 25.0:UK 12.0:UK -:UK +:UK =:UK
EXPR: 0 | POS | INT | 30 | 200 | 133 | ((25.0+12.0)+96.0)=x | 25.0 12.0 + 96.0 + x = | 25.0:UK 12.0:UK +:UK 96.0:UK +:UK x:UK =:UK
EXPR: 0 | POS | INT | 30 | 200 | 204 | ((25.0*12.0)-96.0)=x | 25.0 12.0 * 96.0 - x = | 25.0:house 12.0:UK *:house 96.0:house -:house x:house =:house
EXPR: 0 | POS | INT | 30 | 200 | 109 | x=((25.0-12.0)+96.0) | x 25.0 12.0 - 96.0 + = | x:UK 25.0:UK 12.0:UK -:UK 96.0:UK +:UK =:UK
EXPR: 0 | POS | INT | 30 | 200 | 133 | x=((25.0+12.0)+96.0) | x 25.0 12.0 + 96.0 + = | x:UK 25.0:UK 12.0:UK +:UK 96.0:UK +:UK =:UK
EXPR: 0 | POS | INT | 32 | 200 | 59 | ((96.0-25.0)-x)=12.0 | 96.0 25.0 - x - 12.0 = | 96.0:UK 25.0:UK -:UK x:UK -:UK 12.0:UK =:UK
EXPR: 0 | POS | INT | 32 | 200 | 83 | 25.0=(96.0-(x-12.0)) | 25.0 96.0 x 12.0 - - = | 25.0:house 96.0:house x:house 12.0:house -:house -:house =:house
EXPR: 0 | POS | INT | 32 | 200 | 17 | (96.0/(25.0-x))=12.0 | 96.0 25.0 x - / 12.0 = | 96.0:house 25.0:dollar x:dollar -:dollar /:house 12.0:house =:house
EXPR: 0 | POS | INT | 32 | 200 | 17 | 96.0=((25.0-x)*12.0) | 96.0 25.0 x - 12.0 * = | 96.0:house 25.0:UK x:UK -:UK 12.0:house *:house =:house
EXPR: 0 | POS | INT | 32 | 200 | 109 | (96.0-(x-25.0))=12.0 | 96.0 x 25.0 - - 12.0 = | 96.0:UK x:UK 25.0:UK -:UK -:UK 12.0:UK =:UK
EXPR: 0 | POS | INT | 32 | 200 | 204 | 25.0=((x+96.0)/12.0) | 25.0 x 96.0 + 12.0 / = | 25.0:UK x:UK 96.0:UK +:UK 12.0:house /:UK =:UK
EXPR: 0 | POS | INT | 32 | 200 | 2100 | (96.0-(x/25.0))=12.0 | 96.0 x 25.0 / - 12.0 = | 96.0:UK x:UK 25.0:house /:UK -:UK 12.0:UK =:UK
EXPR: 0 | POS | INT | 32 | 200 | 59 | (96.0-(x+25.0))=12.0 | 96.0 x 25.0 + - 12.0 = | 96.0:UK x:UK 25.0:UK +:UK -:UK 12.0:UK =:UK
EXPR: 0 | POS | INT | 32 | 200 | 17 | 25.0=(x+(96.0/12.0)) | 25.0 x 96.0 12.0 / + = | 25.0:house x:house 96.0:house 12.0:dollar /:house +:house =:house
EXPR: 0 | POS | INT | 32 | 200 | 33 | 25.0=(x-(96.0/12.0)) | 25.0 x 96.0 12.0 / - = | 25.0:house x:house 96.0:house 12.0:dollar /:house -:house =:house
EXPR: 0 | POS | INT | 32 | 200 | 59 | 25.0=(96.0-(x+12.0)) | 25.0 96.0 x 12.0 + - = | 25.0:house 96.0:house x:house 12.0:house +:house -:house =:house
EXPR: 0 | POS | INT | 32 | 200 | 59 | (25.0+(12.0+x))=96.0 | 25.0 12.0 x + + 96.0 = | 25.0:UK 12.0:UK x:UK +:UK +:UK 96.0:UK =:UK
EXPR: 0 | POS | INT | 32 | 200 | 33 | (96.0/(x-25.0))=12.0 | 96.0 x 25.0 - / 12.0 = | 96.0:house x:dollar 25.0:dollar -:dollar /:house 12.0:house =:house
EXPR: 0 | POS | INT | 32 | 200 | 109 | 96.0=((x-25.0)+12.0) | 96.0 x 25.0 - 12.0 + = | 96.0:UK x:UK 25.0:UK -:UK 12.0:UK +:UK =:UK
EXPR: 0 | POS | INT | 32 | 200 | 59 | 96.0=((x+25.0)+12.0) | 96.0 x 25.0 + 12.0 + = | 96.0:UK x:UK 25.0:UK +:UK 12.0:UK +:UK =:UK
EXPR: 0 | POS | INT | 32 | 200 | 133 | 96.0=((x-25.0)-12.0) | 96.0 x 25.0 - 12.0 - = | 96.0:UK x:UK 25.0:UK -:UK 12.0:UK -:UK =:UK
EXPR: 0 | POS | INT | 32 | 200 | 133 | 96.0=(x-(25.0+12.0)) | 96.0 x 25.0 12.0 + - = | 96.0:UK x:UK 25.0:UK 12.0:UK +:UK -:UK =:UK
EXPR: 0 | POS | INT | 32 | 200 | 83 | 96.0=((x+25.0)-12.0) | 96.0 x 25.0 + 12.0 - = | 96.0:UK x:UK 25.0:UK +:UK 12.0:UK -:UK =:UK
EXPR: 0 | POS | INT | 32 | 200 | 83 | 96.0=(x+(25.0-12.0)) | 96.0 x 25.0 12.0 - + = | 96.0:UK x:UK 25.0:UK 12.0:UK -:UK +:UK =:UK
EXPR: 0 | POS | INT | 32 | 200 | 59 | 96.0=((25.0+x)+12.0) | 96.0 25.0 x + 12.0 + = | 96.0:UK 25.0:UK x:UK +:UK 12.0:UK +:UK =:UK
EXPR: 0 | POS | INT | 32 | 200 | 83 | 96.0=((25.0-12.0)+x) | 96.0 25.0 12.0 - x + = | 96.0:UK 25.0:UK 12.0:UK -:UK x:UK +:UK =:UK
EXPR: 0 | POS | INT | 32 | 200 | 1248 | 96.0=(x/(25.0-12.0)) | 96.0 x 25.0 12.0 - / = | 96.0:house x:house 25.0:UK 12.0:UK -:UK /:house =:house
EXPR: 0 | POS | INT | 32 | 200 | 3552 | 96.0=(x/(25.0+12.0)) | 96.0 x 25.0 12.0 + / = | 96.0:house x:house 25.0:UK 12.0:UK +:UK /:house =:house
EXPR: 0 | POS | INT | 32 | 200 | 204 | 96.0=((25.0*12.0)-x) | 96.0 25.0 12.0 * x - = | 96.0:dollar 25.0:dollar 12.0:UK *:dollar x:dollar -:dollar =:dollar
EXPR: 0 | POS | INT | 32 | 200 | 1127 | 96.0=((25.0+x)/12.0) | 96.0 25.0 x + 12.0 / = | 96.0:house 25.0:house x:house +:house 12.0:UK /:house =:house
EXPR: 0 | POS | INT | 32 | 200 | 83 | 25.0=((96.0-x)+12.0) | 25.0 96.0 x - 12.0 + = | 25.0:house 96.0:house x:house -:house 12.0:house +:house =:house
EXPR: 0 | POS | INT | 32 | 200 | 17 | ((25.0-x)*12.0)=96.0 | 25.0 x - 12.0 * 96.0 = | 25.0:dollar x:dollar -:dollar 12.0:UK *:UK 96.0:UK =:UK
EXPR: 0 | POS | INT | 32 | 200 | 1177 | 96.0=((x-25.0)/12.0) | 96.0 x 25.0 - 12.0 / = | 96.0:house x:house 25.0:house -:house 12.0:UK /:house =:house
EXPR: 0 | POS | INT | 32 | 200 | 33 | 96.0=((x-25.0)*12.0) | 96.0 x 25.0 - 12.0 * = | 96.0:house x:house 25.0:house -:house 12.0:UK *:house =:house
EXPR: 0 | POS | INT | 32 | 200 | 1127 | 96.0=((x+25.0)/12.0) | 96.0 x 25.0 + 12.0 / = | 96.0:house x:house 25.0:house +:house 12.0:UK /:house =:house
EXPR: 0 | POS | INT | 32 | 200 | 852 | (25.0+(x/12.0))=96.0 | 25.0 x 12.0 / + 96.0 = | 25.0:house x:house 12.0:UK /:house +:house 96.0:house =:house
EXPR: 0 | POS | INT | 32 | 200 | 1452 | 25.0=((x/12.0)-96.0) | 25.0 x 12.0 / 96.0 - = | 25.0:dollar x:dollar 12.0:UK /:dollar 96.0:dollar -:dollar =:dollar
EXPR: 0 | POS | INT | 32 | 200 | 1248 | (x/(25.0-12.0))=96.0 | x 25.0 12.0 - / 96.0 = | x:house 25.0:UK 12.0:UK -:UK /:house 96.0:house =:house
EXPR: 0 | POS | INT | 32 | 200 | 83 | (25.0+x)=(96.0+12.0) | 25.0 x + 96.0 12.0 + = | 25.0:UK x:UK +:UK 96.0:UK 12.0:UK +:UK =:UK
EXPR: 0 | POS | INT | 32 | 200 | 3552 | (25.0+12.0)=(x/96.0) | 25.0 12.0 + x 96.0 / = | 25.0:UK 12.0:UK +:UK x:UK 96.0:house /:UK =:UK
EXPR: 0 | POS | INT | 32 | 200 | 396 | ((x-96.0)/25.0)=12.0 | x 96.0 - 25.0 / 12.0 = | x:UK 96.0:UK -:UK 25.0:house /:UK 12.0:UK =:UK
EXPR: 0 | POS | INT | 32 | 200 | 1177 | (x-25.0)=(96.0*12.0) | x 25.0 - 96.0 12.0 * = | x:dollar 25.0:dollar -:dollar 96.0:house 12.0:dollar *:dollar =:dollar
EXPR: 0 | POS | INT | 32 | 200 | 83 | 25.0=(12.0+(96.0-x)) | 25.0 12.0 96.0 x - + = | 25.0:UK 12.0:UK 96.0:UK x:UK -:UK +:UK =:UK
EXPR: 0 | POS | INT | 32 | 200 | 109 | 25.0=(12.0-(96.0-x)) | 25.0 12.0 96.0 x - - = | 25.0:UK 12.0:UK 96.0:UK x:UK -:UK -:UK =:UK
EXPR: 0 | POS | INT | 32 | 200 | 204 | (25.0*12.0)=(x+96.0) | 25.0 12.0 * x 96.0 + = | 25.0:dollar 12.0:UK *:UK x:UK 96.0:UK +:UK =:UK
EXPR: 0 | POS | INT | 32 | 200 | 33 | ((x-25.0)*12.0)=96.0 | x 25.0 - 12.0 * 96.0 = | x:UK 25.0:UK -:UK 12.0:house *:house 96.0:house =:house
EXPR: 0 | POS | INT | 32 | 200 | 396 | (25.0*12.0)=(x-96.0) | 25.0 12.0 * x 96.0 - = | 25.0:dollar 12.0:UK *:UK x:UK 96.0:UK -:UK =:UK
EXPR: 0 | POS | INT | 32 | 200 | 109 | 25.0=((x-96.0)+12.0) | 25.0 x 96.0 - 12.0 + = | 25.0:house x:house 96.0:house -:house 12.0:house +:house =:house
EXPR: 0 | POS | INT | 32 | 200 | 133 | 25.0=((x-96.0)-12.0) | 25.0 x 96.0 - 12.0 - = | 25.0:house x:house 96.0:house -:house 12.0:house -:house =:house
EXPR: 0 | POS | INT | 32 | 200 | 3552 | (x/(25.0+12.0))=96.0 | x 25.0 12.0 + / 96.0 = | x:UK 25.0:dollar 12.0:dollar +:dollar /:UK 96.0:UK =:UK
NET 123 unique, non-negative, integer-valued solutions found out of 1000 total solutions
