parameters: n=7 l=3 k=1 p=5 q=2 m=9
TOTAL 1000 solutions found
SOLN: CORRECT | POS/NEG | INT/FRA | OBJ-SCORE | TRUE-ANS | ANS | INFIX | POSTFIX | TYPED-POSTFIX
EXPR: 1 | POS | INT | 2 | 9 | 9 | (17.0+(x*7.0))=80.0 | 17.0 x 7.0 * + 80.0 = | 17.0:dollar x:hour 7.0:dollar *:dollar +:dollar 80.0:dollar =:dollar
EXPR: 1 | POS | INT | 2 | 9 | 9 | (17.0+(7.0*x))=80.0 | 17.0 7.0 x * + 80.0 = | 17.0:dollar 7.0:dollar x:hour *:dollar +:dollar 80.0:dollar =:dollar
EXPR: 0 | POS | INT | 2 | 9 | 8 | ((17.0-7.0)*x)=80.0 | 17.0 7.0 - x * 80.0 = | 17.0:dollar 7.0:dollar -:dollar x:hour *:dollar 80.0:dollar =:dollar
EXPR: 0 | POS | INT | 2 | 9 | 8 | (x*(17.0-7.0))=80.0 | x 17.0 7.0 - * 80.0 = | x:hour 17.0:dollar 7.0:dollar -:dollar *:dollar 80.0:dollar =:dollar
EXPR: 0 | POS | INT | 2 | 9 | 8 | 17.0=(7.0+(80.0/x)) | 17.0 7.0 80.0 x / + = | 17.0:dollar 7.0:dollar 80.0:dollar x:hour /:dollar +:dollar =:dollar
EXPR: 0 | POS | INT | 10 | 9 | 1479 | x=(17.0*(7.0+80.0)) | x 17.0 7.0 80.0 + * = | x:hour 17.0:hour 7.0:dollar 80.0:dollar +:dollar *:hour =:hour
EXPR: 0 | POS | INT | 10 | 9 | 800 | ((17.0-7.0)*80.0)=x | 17.0 7.0 - 80.0 * x = | 17.0:dollar 7.0:dollar -:dollar 80.0:hour *:hour x:hour =:hour
EXPR: 0 | POS | INT | 10 | 9 | 1920 | ((17.0+7.0)*80.0)=x | 17.0 7.0 + 80.0 * x = | 17.0:dollar 7.0:dollar +:dollar 80.0:hour *:hour x:hour =:hour
EXPR: 0 | POS | INT | 10 | 9 | 104 | (17.0+(7.0+80.0))=x | 17.0 7.0 80.0 + + x = | 17.0:dollar 7.0:dollar 80.0:dollar +:dollar +:dollar x:dollar =:dollar
EXPR: 0 | POS | INT | 10 | 9 | 104 | x=((17.0+7.0)+80.0) | x 17.0 7.0 + 80.0 + = | x:dollar 17.0:dollar 7.0:dollar +:dollar 80.0:dollar +:dollar =:dollar
EXPR: 0 | POS | INT | 10 | 9 | 90 | x=((17.0-7.0)+80.0) | x 17.0 7.0 - 80.0 + = | x:dollar 17.0:dollar 7.0:dollar -:dollar 80.0:dollar +:dollar =:dollar
EXPR: 0 | POS | INT | 10 | 9 | 1920 | x=((17.0+7.0)*80.0) | x 17.0 7.0 + 80.0 * = | x:hour 17.0:dollar 7.0:dollar +:dollar 80.0:hour *:hour =:hour
EXPR: 0 | POS | INT | 10 | 9 | 90 | x=(17.0-(7.0-80.0)) | x 17.0 7.0 80.0 - - = | x:dollar 17.0:dollar 7.0:dollar 80.0:dollar -:dollar -:dollar =:dollar
EXPR: 0 | POS | INT | 10 | 9 | 800 | x=((17.0-7.0)*80.0) | x 17.0 7.0 - 80.0 * = | x:hour 17.0:dollar 7.0:dollar -:dollar 80.0:hour *:hour =:hour
EXPR: 0 | POS | INT | 10 | 9 | 90 | ((17.0-7.0)+80.0)=x | 17.0 7.0 - 80.0 + x = | 17.0:dollar 7.0:dollar -:dollar 80.0:dollar +:dollar x:dollar =:dollar
EXPR: 0 | POS | INT | 10 | 9 | 104 | x=(17.0+(7.0+80.0)) | x 17.0 7.0 80.0 + + = | x:dollar 17.0:dollar 7.0:dollar 80.0:dollar +:dollar +:dollar =:dollar
EXPR: 0 | POS | INT | 10 | 9 | 90 | (17.0-(7.0-80.0))=x | 17.0 7.0 80.0 - - x = | 17.0:dollar 7.0:dollar 80.0:dollar -:dollar -:dollar x:dollar =:dollar
EXPR: 0 | POS | INT | 10 | 9 | 104 | ((17.0+7.0)+80.0)=x | 17.0 7.0 + 80.0 + x = | 17.0:dollar 7.0:dollar +:dollar 80.0:dollar +:dollar x:dollar =:dollar
EXPR: 0 | POS | INT | 10 | 9 | 1479 | (17.0*(7.0+80.0))=x | 17.0 7.0 80.0 + * x = | 17.0:hour 7.0:dollar 80.0:dollar +:dollar *:hour x:hour =:hour
EXPR: 0 | POS | INT | 12 | 9 | 8 | (17.0-(80.0/x))=7.0 | 17.0 80.0 x / - 7.0 = | 17.0:dollar 80.0:dollar x:hour /:dollar -:dollar 7.0:dollar =:dollar
EXPR: 0 | POS | INT | 12 | 9 | 70 | 17.0=(7.0+(80.0-x)) | 17.0 7.0 80.0 x - + = | 17.0:dollar 7.0:dollar 80.0:dollar x:dollar -:dollar +:dollar =:dollar
EXPR: 1 | POS | INT | 12 | 9 | 9 | 17.0=(80.0-(x*7.0)) | 17.0 80.0 x 7.0 * - = | 17.0:dollar 80.0:dollar x:hour 7.0:dollar *:dollar -:dollar =:dollar
EXPR: 0 | POS | INT | 12 | 9 | 8 | 17.0=((80.0/x)+7.0) | 17.0 80.0 x / 7.0 + = | 17.0:dollar 80.0:dollar x:hour /:dollar 7.0:dollar +:dollar =:dollar
EXPR: 0 | POS | INT | 12 | 9 | 70 | 17.0=(7.0-(x-80.0)) | 17.0 7.0 x 80.0 - - = | 17.0:dollar 7.0:dollar x:dollar 80.0:dollar -:dollar -:dollar =:dollar
EXPR: 0 | POS | INT | 12 | 9 | 90 | 17.0=(7.0+(x-80.0)) | 17.0 7.0 x 80.0 - + = | 17.0:dollar 7.0:dollar x:dollar 80.0:dollar -:dollar +:dollar =:dollar
EXPR: 0 | POS | INT | 12 | 9 | 70 | 17.0=((7.0-x)+80.0) | 17.0 7.0 x - 80.0 + = | 17.0:dollar 7.0:dollar x:dollar -:dollar 80.0:dollar +:dollar =:dollar
EXPR: 0 | POS | INT | 12 | 9 | 104 | 17.0=(x-(7.0+80.0)) | 17.0 x 7.0 80.0 + - = | 17.0:dollar x:dollar 7.0:dollar 80.0:dollar +:dollar -:dollar =:dollar
EXPR: 0 | POS | INT | 12 | 9 | 8 | (17.0-7.0)=(80.0/x) | 17.0 7.0 - 80.0 x / = | 17.0:dollar 7.0:dollar -:dollar 80.0:dollar x:hour /:dollar =:dollar
EXPR: 0 | POS | INT | 12 | 9 | 90 | 17.0=(x+(7.0-80.0)) | 17.0 x 7.0 80.0 - + = | 17.0:dollar x:dollar 7.0:dollar 80.0:dollar -:dollar +:dollar =:dollar
EXPR: 0 | POS | INT | 12 | 9 | 70 | ((x+17.0)-7.0)=80.0 | x 17.0 + 7.0 - 80.0 = | x:dollar 17.0:dollar +:dollar 7.0:dollar -:dollar 80.0:dollar =:dollar
EXPR: 0 | POS | INT | 12 | 9 | 90 | 17.0=(7.0-(80.0-x)) | 17.0 7.0 80.0 x - - = | 17.0:dollar 7.0:dollar 80.0:dollar x:dollar -:dollar -:dollar =:dollar
EXPR: 0 | POS | INT | 12 | 9 | 56 | ((x+17.0)+7.0)=80.0 | x 17.0 + 7.0 + 80.0 = | x:dollar 17.0:dollar +:dollar 7.0:dollar +:dollar 80.0:dollar =:dollar
EXPR: 0 | POS | INT | 12 | 9 | 90 | 17.0=((7.0-80.0)+x) | 17.0 7.0 80.0 - x + = | 17.0:dollar 7.0:dollar 80.0:dollar -:dollar x:dollar +:dollar =:dollar
EXPR: 0 | POS | INT | 12 | 9 | 56 | ((17.0+7.0)+x)=80.0 | 17.0 7.0 + x + 80.0 = | 17.0:dollar 7.0:dollar +:dollar x:dollar +:dollar 80.0:dollar =:dollar
EXPR: 0 | POS | INT | 12 | 9 | 8 | 7.0=(17.0-(80.0/x)) | 7.0 17.0 80.0 x / - = | 7.0:dollar 17.0:dollar 80.0:dollar x:hour /:dollar -:dollar =:dollar
EXPR: 0 | POS | INT | 12 | 9 | 1479 | 17.0=(x/(7.0+80.0)) | 17.0 x 7.0 80.0 + / = | 17.0:hour x:hour 7.0:dollar 80.0:dollar +:dollar /:hour =:hour
EXPR: 0 | POS | INT | 12 | 9 | 104 | ((x-17.0)-7.0)=80.0 | x 17.0 - 7.0 - 80.0 = | x:dollar 17.0:dollar -:dollar 7.0:dollar -:dollar 80.0:dollar =:dollar
EXPR: 0 | POS | INT | 12 | 9 | 56 | (17.0+(x+7.0))=80.0 | 17.0 x 7.0 + + 80.0 = | 17.0:dollar x:dollar 7.0:dollar +:dollar +:dollar 80.0:dollar =:dollar
EXPR: 0 | POS | INT | 12 | 9 | 104 | 17.0=((x-7.0)-80.0) | 17.0 x 7.0 - 80.0 - = | 17.0:dollar x:dollar 7.0:dollar -:dollar 80.0:dollar -:dollar =:dollar
EXPR: 0 | POS | INT | 12 | 9 | 90 | ((x-17.0)+7.0)=80.0 | x 17.0 - 7.0 + 80.0 = | x:dollar 17.0:dollar -:dollar 7.0:dollar +:dollar 80.0:dollar =:dollar
EXPR: 1 | POS | INT | 12 | 9 | 9 | 17.0=(80.0-(7.0*x)) | 17.0 80.0 7.0 x * - = | 17.0:dollar 80.0:dollar 7.0:dollar x:hour *:dollar -:dollar =:dollar
EXPR: 0 | POS | INT | 12 | 9 | 1920 | (x/(17.0+7.0))=80.0 | x 17.0 7.0 + / 80.0 = | x:hour 17.0:dollar 7.0:dollar +:dollar /:hour 80.0:hour =:hour
EXPR: 0 | POS | INT | 12 | 9 | 70 | ((17.0-7.0)+x)=80.0 | 17.0 7.0 - x + 80.0 = | 17.0:dollar 7.0:dollar -:dollar x:dollar +:dollar 80.0:dollar =:dollar
EXPR: 0 | POS | INT | 12 | 9 | 56 | (17.0+(7.0+x))=80.0 | 17.0 7.0 x + + 80.0 = | 17.0:dollar 7.0:dollar x:dollar +:dollar +:dollar 80.0:dollar =:dollar
EXPR: 1 | POS | INT | 12 | 9 | 9 | ((7.0*x)+17.0)=80.0 | 7.0 x * 17.0 + 80.0 = | 7.0:dollar x:hour *:dollar 17.0:dollar +:dollar 80.0:dollar =:dollar
EXPR: 0 | POS | INT | 12 | 9 | 70 | (17.0-(7.0-x))=80.0 | 17.0 7.0 x - - 80.0 = | 17.0:dollar 7.0:dollar x:dollar -:dollar -:dollar 80.0:dollar =:dollar
EXPR: 1 | POS | INT | 12 | 9 | 9 | ((x*7.0)+17.0)=80.0 | x 7.0 * 17.0 + 80.0 = | x:hour 7.0:dollar *:dollar 17.0:dollar +:dollar 80.0:dollar =:dollar
EXPR: 0 | POS | INT | 12 | 9 | 104 | (x-(17.0+7.0))=80.0 | x 17.0 7.0 + - 80.0 = | x:dollar 17.0:dollar 7.0:dollar +:dollar -:dollar 80.0:dollar =:dollar
EXPR: 0 | POS | INT | 12 | 9 | 70 | (x+(17.0-7.0))=80.0 | x 17.0 7.0 - + 80.0 = | x:dollar 17.0:dollar 7.0:dollar -:dollar +:dollar 80.0:dollar =:dollar
EXPR: 0 | POS | INT | 12 | 9 | 90 | (x-(17.0-7.0))=80.0 | x 17.0 7.0 - - 80.0 = | x:dollar 17.0:dollar 7.0:dollar -:dollar -:dollar 80.0:dollar =:dollar
EXPR: 0 | POS | INT | 12 | 9 | 56 | (x+(17.0+7.0))=80.0 | x 17.0 7.0 + + 80.0 = | x:dollar 17.0:dollar 7.0:dollar +:dollar +:dollar 80.0:dollar =:dollar
EXPR: 0 | POS | INT | 12 | 9 | 70 | ((17.0+x)-7.0)=80.0 | 17.0 x + 7.0 - 80.0 = | 17.0:dollar x:dollar +:dollar 7.0:dollar -:dollar 80.0:dollar =:dollar
EXPR: 0 | POS | INT | 12 | 9 | 56 | ((17.0+x)+7.0)=80.0 | 17.0 x + 7.0 + 80.0 = | 17.0:dollar x:dollar +:dollar 7.0:dollar +:dollar 80.0:dollar =:dollar
EXPR: 0 | POS | INT | 12 | 9 | 800 | (x/(17.0-7.0))=80.0 | x 17.0 7.0 - / 80.0 = | x:hour 17.0:dollar 7.0:dollar -:dollar /:hour 80.0:hour =:hour
EXPR: 0 | POS | INT | 12 | 9 | 70 | (17.0+(x-7.0))=80.0 | 17.0 x 7.0 - + 80.0 = | 17.0:dollar x:dollar 7.0:dollar -:dollar +:dollar 80.0:dollar =:dollar
EXPR: 0 | POS | INT | 12 | 9 | 90 | 17.0=((x+7.0)-80.0) | 17.0 x 7.0 + 80.0 - = | 17.0:dollar x:dollar 7.0:dollar +:dollar 80.0:dollar -:dollar =:dollar
EXPR: 0 | POS | INT | 12 | 9 | 70 | 17.0=((7.0+80.0)-x) | 17.0 7.0 80.0 + x - = | 17.0:dollar 7.0:dollar 80.0:dollar +:dollar x:dollar -:dollar =:dollar
EXPR: 0 | POS | INT | 12 | 9 | 90 | 17.0=((7.0+x)-80.0) | 17.0 7.0 x + 80.0 - = | 17.0:dollar 7.0:dollar x:dollar +:dollar 80.0:dollar -:dollar =:dollar
EXPR: 0 | POS | INT | 20 | 9 | 39 | ((17.0*7.0)-80.0)=x | 17.0 7.0 * 80.0 - x = | 17.0:hour 7.0:dollar *:dollar 80.0:dollar -:dollar x:dollar =:dollar
EXPR: 0 | POS | INT | 20 | 9 | 199 | ((17.0*7.0)+80.0)=x | 17.0 7.0 * 80.0 + x = | 17.0:hour 7.0:dollar *:dollar 80.0:dollar +:dollar x:dollar =:dollar
EXPR: 0 | POS | INT | 20 | 9 | 39 | x=((17.0*7.0)-80.0) | x 17.0 7.0 * 80.0 - = | x:hour 17.0:dollar 7.0:hour *:hour 80.0:hour -:hour =:hour
EXPR: 0 | POS | INT | 20 | 9 | 199 | x=((17.0*7.0)+80.0) | x 17.0 7.0 * 80.0 + = | x:hour 17.0:dollar 7.0:hour *:hour 80.0:hour +:hour =:hour
EXPR: 0 | POS | INT | 20 | 9 | 577 | (17.0+(7.0*80.0))=x | 17.0 7.0 80.0 * + x = | 17.0:hour 7.0:dollar 80.0:hour *:hour +:hour x:hour =:hour
EXPR: 0 | POS | INT | 20 | 9 | 70 | (7.0-(17.0-80.0))=x | 7.0 17.0 80.0 - - x = | 7.0:dollar 17.0:dollar 80.0:dollar -:dollar -:dollar x:dollar =:dollar
EXPR: 0 | POS | INT | 20 | 9 | 577 | x=(17.0+(7.0*80.0)) | x 17.0 7.0 80.0 * + = | x:dollar 17.0:dollar 7.0:dollar 80.0:hour *:dollar +:dollar =:dollar
EXPR: 0 | POS | INT | 20 | 9 | 679 | (7.0*(17.0+80.0))=x | 7.0 17.0 80.0 + * x = | 7.0:hour 17.0:dollar 80.0:dollar +:dollar *:hour x:hour =:hour
EXPR: 0 | POS | INT | 20 | 9 | 104 | (7.0+(17.0+80.0))=x | 7.0 17.0 80.0 + + x = | 7.0:dollar 17.0:dollar 80.0:dollar +:dollar +:dollar x:dollar =:dollar
EXPR: 0 | POS | INT | 20 | 9 | 1241 | (17.0*(80.0-7.0))=x | 17.0 80.0 7.0 - * x = | 17.0:hour 80.0:dollar 7.0:dollar -:dollar *:hour x:hour =:hour
EXPR: 0 | POS | INT | 20 | 9 | 679 | x=((17.0+80.0)*7.0) | x 17.0 80.0 + 7.0 * = | x:hour 17.0:dollar 80.0:dollar +:dollar 7.0:hour *:hour =:hour
EXPR: 0 | POS | INT | 20 | 9 | 104 | x=((17.0+80.0)+7.0) | x 17.0 80.0 + 7.0 + = | x:dollar 17.0:dollar 80.0:dollar +:dollar 7.0:dollar +:dollar =:dollar
EXPR: 0 | POS | INT | 20 | 9 | 679 | ((17.0+80.0)*7.0)=x | 17.0 80.0 + 7.0 * x = | 17.0:dollar 80.0:dollar +:dollar 7.0:hour *:hour x:hour =:hour
EXPR: 0 | POS | INT | 20 | 9 | 90 | x=((17.0+80.0)-7.0) | x 17.0 80.0 + 7.0 - = | x:dollar 17.0:dollar 80.0:dollar +:dollar 7.0:dollar -:dollar =:dollar
EXPR: 0 | POS | INT | 20 | 9 | 90 | (17.0+(80.0-7.0))=x | 17.0 80.0 7.0 - + x = | 17.0:dollar 80.0:dollar 7.0:dollar -:dollar +:dollar x:dollar =:dollar
EXPR: 0 | POS | INT | 20 | 9 | 679 | x=(7.0*(17.0+80.0)) | x 7.0 17.0 80.0 + * = | x:hour 7.0:hour 17.0:dollar 80.0:dollar +:dollar *:hour =:hour
EXPR: 0 | POS | INT | 20 | 9 | 70 | x=((7.0-17.0)+80.0) | x 7.0 17.0 - 80.0 + = | x:dollar 7.0:dollar 17.0:dollar -:dollar 80.0:dollar +:dollar =:dollar
EXPR: 0 | POS | INT | 20 | 9 | 1241 | x=(17.0*(80.0-7.0)) | x 17.0 80.0 7.0 - * = | x:hour 17.0:hour 80.0:dollar 7.0:dollar -:dollar *:hour =:hour
EXPR: 0 | POS | INT | 20 | 9 | 70 | ((7.0-17.0)+80.0)=x | 7.0 17.0 - 80.0 + x = | 7.0:dollar 17.0:dollar -:dollar 80.0:dollar +:dollar x:dollar =:dollar
EXPR: 0 | POS | INT | 20 | 9 | 90 | x=(17.0+(80.0-7.0)) | x 17.0 80.0 7.0 - + = | x:dollar 17.0:dollar 80.0:dollar 7.0:dollar -:dollar +:dollar =:dollar
EXPR: 0 | POS | INT | 20 | 9 | 90 | ((17.0+80.0)-7.0)=x | 17.0 80.0 + 7.0 - x = | 17.0:dollar 80.0:dollar +:dollar 7.0:dollar -:dollar x:dollar =:dollar
EXPR: 0 | POS | INT | 20 | 9 | 104 | ((17.0+80.0)+7.0)=x | 17.0 80.0 + 7.0 + x = | 17.0:dollar 80.0:dollar +:dollar 7.0:dollar +:dollar x:dollar =:dollar
EXPR: 0 | POS | INT | 20 | 9 | 104 | x=(7.0+(17.0+80.0)) | x 7.0 17.0 80.0 + + = | x:dollar 7.0:dollar 17.0:dollar 80.0:dollar +:dollar +:dollar =:dollar
EXPR: 0 | POS | INT | 20 | 9 | 70 | x=(7.0-(17.0-80.0)) | x 7.0 17.0 80.0 - - = | x:dollar 7.0:dollar 17.0:dollar 80.0:dollar -:dollar -:dollar =:dollar
EXPR: 0 | POS | INT | 22 | 9 | 577 | 17.0=(x-(7.0*80.0)) | 17.0 x 7.0 80.0 * - = | 17.0:dollar x:dollar 7.0:hour 80.0:dollar *:dollar -:dollar =:dollar
EXPR: 0 | POS | INT | 22 | 9 | 199 | (x-(17.0*7.0))=80.0 | x 17.0 7.0 * - 80.0 = | x:dollar 17.0:hour 7.0:dollar *:dollar -:dollar 80.0:dollar =:dollar
EXPR: 0 | POS | INT | 22 | 9 | 679 | 17.0=((x/7.0)-80.0) | 17.0 x 7.0 / 80.0 - = | 17.0:dollar x:dollar 7.0:hour /:dollar 80.0:dollar -:dollar =:dollar
EXPR: 0 | POS | INT | 22 | 9 | 1353 | 17.0=((x+7.0)/80.0) | 17.0 x 7.0 + 80.0 / = | 17.0:dollar x:dollar 7.0:dollar +:dollar 80.0:hour /:dollar =:dollar
EXPR: 0 | POS | INT | 22 | 9 | 441 | (17.0+(x/7.0))=80.0 | 17.0 x 7.0 / + 80.0 = | 17.0:dollar x:dollar 7.0:hour /:dollar +:dollar 80.0:dollar =:dollar
EXPR: 0 | POS | INT | 22 | 9 | 543 | 17.0=((7.0*80.0)-x) | 17.0 7.0 80.0 * x - = | 17.0:dollar 7.0:dollar 80.0:hour *:dollar x:dollar -:dollar =:dollar
EXPR: 0 | POS | INT | 22 | 9 | 39 | ((17.0*7.0)-x)=80.0 | 17.0 7.0 * x - 80.0 = | 17.0:dollar 7.0:hour *:hour x:hour -:hour 80.0:hour =:hour
EXPR: 0 | POS | INT | 22 | 9 | 90 | 17.0=((x-80.0)+7.0) | 17.0 x 80.0 - 7.0 + = | 17.0:dollar x:dollar 80.0:dollar -:dollar 7.0:dollar +:dollar =:dollar
EXPR: 0 | POS | INT | 22 | 9 | 90 | ((7.0-17.0)+x)=80.0 | 7.0 17.0 - x + 80.0 = | 7.0:dollar 17.0:dollar -:dollar x:dollar +:dollar 80.0:dollar =:dollar
EXPR: 0 | POS | INT | 22 | 9 | 56 | (7.0+(17.0+x))=80.0 | 7.0 17.0 x + + 80.0 = | 7.0:dollar 17.0:dollar x:dollar +:dollar +:dollar 80.0:dollar =:dollar
EXPR: 0 | POS | INT | 22 | 9 | 1353 | 17.0=((7.0+x)/80.0) | 17.0 7.0 x + 80.0 / = | 17.0:dollar 7.0:dollar x:dollar +:dollar 80.0:hour /:dollar =:dollar
EXPR: 0 | POS | INT | 22 | 9 | 90 | ((17.0+80.0)-x)=7.0 | 17.0 80.0 + x - 7.0 = | 17.0:dollar 80.0:dollar +:dollar x:dollar -:dollar 7.0:dollar =:dollar
EXPR: 0 | POS | INT | 22 | 9 | 679 | 7.0=(x/(17.0+80.0)) | 7.0 x 17.0 80.0 + / = | 7.0:hour x:hour 17.0:dollar 80.0:dollar +:dollar /:hour =:hour
EXPR: 0 | POS | INT | 22 | 9 | 90 | (7.0-(17.0-x))=80.0 | 7.0 17.0 x - - 80.0 = | 7.0:dollar 17.0:dollar x:dollar -:dollar -:dollar 80.0:dollar =:dollar
EXPR: 0 | POS | INT | 22 | 9 | 9520 | (x/17.0)=(7.0*80.0) | x 17.0 / 7.0 80.0 * = | x:hour 17.0:dollar /:hour 7.0:dollar 80.0:hour *:hour =:hour
EXPR: 0 | POS | INT | 22 | 9 | 1367 | 17.0=((x-7.0)/80.0) | 17.0 x 7.0 - 80.0 / = | 17.0:dollar x:dollar 7.0:dollar -:dollar 80.0:hour /:dollar =:dollar
EXPR: 0 | POS | INT | 22 | 9 | 70 | ((17.0-80.0)+x)=7.0 | 17.0 80.0 - x + 7.0 = | 17.0:dollar 80.0:dollar -:dollar x:dollar +:dollar 7.0:dollar =:dollar
EXPR: 0 | POS | INT | 22 | 9 | 9520 | (17.0*7.0)=(x/80.0) | 17.0 7.0 * x 80.0 / = | 17.0:hour 7.0:dollar *:hour x:hour 80.0:dollar /:hour =:hour
EXPR: 0 | POS | INT | 22 | 9 | 800 | 17.0=(7.0+(x/80.0)) | 17.0 7.0 x 80.0 / + = | 17.0:hour 7.0:hour x:hour 80.0:dollar /:hour +:hour =:hour
EXPR: 0 | POS | INT | 22 | 9 | 70 | (x+17.0)=(7.0+80.0) | x 17.0 + 7.0 80.0 + = | x:dollar 17.0:dollar +:dollar 7.0:dollar 80.0:dollar +:dollar =:dollar
EXPR: 0 | POS | INT | 22 | 9 | 70 | 17.0=(80.0-(x-7.0)) | 17.0 80.0 x 7.0 - - = | 17.0:dollar 80.0:dollar x:dollar 7.0:dollar -:dollar -:dollar =:dollar
EXPR: 0 | POS | INT | 22 | 9 | 543 | ((17.0+x)/7.0)=80.0 | 17.0 x + 7.0 / 80.0 = | 17.0:dollar x:dollar +:dollar 7.0:hour /:dollar 80.0:dollar =:dollar
EXPR: 0 | POS | INT | 22 | 9 | 56 | 17.0=(80.0-(7.0+x)) | 17.0 80.0 7.0 x + - = | 17.0:dollar 80.0:dollar 7.0:dollar x:dollar +:dollar -:dollar =:dollar
EXPR: 0 | POS | INT | 22 | 9 | 70 | 17.0=(80.0+(7.0-x)) | 17.0 80.0 7.0 x - + = | 17.0:dollar 80.0:dollar 7.0:dollar x:dollar -:dollar +:dollar =:dollar
EXPR: 0 | POS | INT | 22 | 9 | 70 | 17.0=((80.0-x)+7.0) | 17.0 80.0 x - 7.0 + = | 17.0:dollar 80.0:dollar x:dollar -:dollar 7.0:dollar +:dollar =:dollar
EXPR: 0 | POS | INT | 22 | 9 | 90 | (x+(7.0-17.0))=80.0 | x 7.0 17.0 - + 80.0 = | x:dollar 7.0:dollar 17.0:dollar -:dollar +:dollar 80.0:dollar =:dollar
EXPR: 0 | POS | INT | 22 | 9 | 56 | 17.0=(80.0-(x+7.0)) | 17.0 80.0 x 7.0 + - = | 17.0:dollar 80.0:dollar x:dollar 7.0:dollar +:dollar -:dollar =:dollar
EXPR: 0 | POS | INT | 22 | 9 | 70 | (x-(7.0-17.0))=80.0 | x 7.0 17.0 - - 80.0 = | x:dollar 7.0:dollar 17.0:dollar -:dollar -:dollar 80.0:dollar =:dollar
EXPR: 0 | POS | INT | 22 | 9 | 90 | (17.0-x)=(7.0-80.0) | 17.0 x - 7.0 80.0 - = | 17.0:dollar x:dollar -:dollar 7.0:dollar 80.0:dollar -:dollar =:dollar
EXPR: 0 | POS | INT | 22 | 9 | 104 | (x-17.0)=(7.0+80.0) | x 17.0 - 7.0 80.0 + = | x:dollar 17.0:dollar -:dollar 7.0:dollar 80.0:dollar +:dollar =:dollar
EXPR: 0 | POS | INT | 22 | 9 | 56 | 17.0=((80.0-7.0)-x) | 17.0 80.0 7.0 - x - = | 17.0:dollar 80.0:dollar 7.0:dollar -:dollar x:dollar -:dollar =:dollar
EXPR: 0 | POS | INT | 22 | 9 | 90 | (17.0-7.0)=(x-80.0) | 17.0 7.0 - x 80.0 - = | 17.0:dollar 7.0:dollar -:dollar x:dollar 80.0:dollar -:dollar =:dollar
EXPR: 0 | POS | INT | 22 | 9 | 104 | (17.0+7.0)=(x-80.0) | 17.0 7.0 + x 80.0 - = | 17.0:dollar 7.0:dollar +:dollar x:dollar 80.0:dollar -:dollar =:dollar
EXPR: 0 | POS | INT | 22 | 9 | 56 | 17.0=((80.0-x)-7.0) | 17.0 80.0 x - 7.0 - = | 17.0:dollar 80.0:dollar x:dollar -:dollar 7.0:dollar -:dollar =:dollar
EXPR: 0 | POS | INT | 22 | 9 | 104 | 17.0=((x-80.0)-7.0) | 17.0 x 80.0 - 7.0 - = | 17.0:dollar x:dollar 80.0:dollar -:dollar 7.0:dollar -:dollar =:dollar
EXPR: 0 | POS | INT | 22 | 9 | 70 | (17.0+x)=(7.0+80.0) | 17.0 x + 7.0 80.0 + = | 17.0:dollar x:dollar +:dollar 7.0:dollar 80.0:dollar +:dollar =:dollar
EXPR: 0 | POS | INT | 22 | 9 | 70 | (17.0-7.0)=(80.0-x) | 17.0 7.0 - 80.0 x - = | 17.0:dollar 7.0:dollar -:dollar 80.0:dollar x:dollar -:dollar =:dollar
EXPR: 0 | POS | INT | 22 | 9 | 90 | 17.0=(x-(80.0-7.0)) | 17.0 x 80.0 7.0 - - = | 17.0:dollar x:dollar 80.0:dollar 7.0:dollar -:dollar -:dollar =:dollar
EXPR: 0 | POS | INT | 22 | 9 | 56 | (7.0+(x+17.0))=80.0 | 7.0 x 17.0 + + 80.0 = | 7.0:dollar x:dollar 17.0:dollar +:dollar +:dollar 80.0:dollar =:dollar
EXPR: 0 | POS | INT | 22 | 9 | 56 | ((x+7.0)+17.0)=80.0 | x 7.0 + 17.0 + 80.0 = | x:dollar 7.0:dollar +:dollar 17.0:dollar +:dollar 80.0:dollar =:dollar
EXPR: 0 | POS | INT | 22 | 9 | 70 | 7.0=((17.0+x)-80.0) | 7.0 17.0 x + 80.0 - = | 7.0:dollar 17.0:dollar x:dollar +:dollar 80.0:dollar -:dollar =:dollar
EXPR: 0 | POS | INT | 22 | 9 | 1241 | 17.0=(x/(80.0-7.0)) | 17.0 x 80.0 7.0 - / = | 17.0:hour x:hour 80.0:dollar 7.0:dollar -:dollar /:hour =:hour
EXPR: 0 | POS | INT | 22 | 9 | 104 | ((x-7.0)-17.0)=80.0 | x 7.0 - 17.0 - 80.0 = | x:dollar 7.0:dollar -:dollar 17.0:dollar -:dollar 80.0:dollar =:dollar
EXPR: 0 | POS | INT | 22 | 9 | 679 | (x/(17.0+80.0))=7.0 | x 17.0 80.0 + / 7.0 = | x:hour 17.0:dollar 80.0:dollar +:dollar /:hour 7.0:hour =:hour
EXPR: 0 | POS | INT | 22 | 9 | 70 | ((x+17.0)-80.0)=7.0 | x 17.0 + 80.0 - 7.0 = | x:dollar 17.0:dollar +:dollar 80.0:dollar -:dollar 7.0:dollar =:dollar
EXPR: 0 | POS | INT | 22 | 9 | 90 | 7.0=((17.0-x)+80.0) | 7.0 17.0 x - 80.0 + = | 7.0:dollar 17.0:dollar x:dollar -:dollar 80.0:dollar +:dollar =:dollar
EXPR: 0 | POS | INT | 22 | 9 | 104 | 7.0=((x-17.0)-80.0) | 7.0 x 17.0 - 80.0 - = | 7.0:dollar x:dollar 17.0:dollar -:dollar 80.0:dollar -:dollar =:dollar
EXPR: 0 | POS | INT | 22 | 9 | 90 | (17.0+(80.0-x))=7.0 | 17.0 80.0 x - + 7.0 = | 17.0:dollar 80.0:dollar x:dollar -:dollar +:dollar 7.0:dollar =:dollar
EXPR: 0 | POS | INT | 22 | 9 | 70 | (17.0-(80.0-x))=7.0 | 17.0 80.0 x - - 7.0 = | 17.0:dollar 80.0:dollar x:dollar -:dollar -:dollar 7.0:dollar =:dollar
EXPR: 0 | POS | INT | 22 | 9 | 90 | (7.0+(x-17.0))=80.0 | 7.0 x 17.0 - + 80.0 = | 7.0:dollar x:dollar 17.0:dollar -:dollar +:dollar 80.0:dollar =:dollar
EXPR: 0 | POS | INT | 22 | 9 | 70 | ((x-7.0)+17.0)=80.0 | x 7.0 - 17.0 + 80.0 = | x:dollar 7.0:dollar -:dollar 17.0:dollar +:dollar 80.0:dollar =:dollar
EXPR: 0 | POS | INT | 22 | 9 | 1479 | ((x/17.0)-7.0)=80.0 | x 17.0 / 7.0 - 80.0 = | x:hour 17.0:dollar /:hour 7.0:hour -:hour 80.0:hour =:hour
EXPR: 0 | POS | INT | 22 | 9 | 1241 | ((x/17.0)+7.0)=80.0 | x 17.0 / 7.0 + 80.0 = | x:hour 17.0:dollar /:hour 7.0:hour +:hour 80.0:hour =:hour
EXPR: 0 | POS | INT | 22 | 9 | 577 | ((x-17.0)/7.0)=80.0 | x 17.0 - 7.0 / 80.0 = | x:hour 17.0:hour -:hour 7.0:dollar /:hour 80.0:hour =:hour
EXPR: 0 | POS | INT | 22 | 9 | 543 | ((x+17.0)/7.0)=80.0 | x 17.0 + 7.0 / 80.0 = | x:hour 17.0:hour +:hour 7.0:dollar /:hour 80.0:hour =:hour
EXPR: 0 | POS | INT | 22 | 9 | 104 | ((x-17.0)-80.0)=7.0 | x 17.0 - 80.0 - 7.0 = | x:dollar 17.0:dollar -:dollar 80.0:dollar -:dollar 7.0:dollar =:dollar
EXPR: 0 | POS | INT | 22 | 9 | 56 | (17.0+7.0)=(80.0-x) | 17.0 7.0 + 80.0 x - = | 17.0:dollar 7.0:dollar +:dollar 80.0:dollar x:dollar -:dollar =:dollar
EXPR: 0 | POS | INT | 22 | 9 | 90 | ((17.0-x)+80.0)=7.0 | 17.0 x - 80.0 + 7.0 = | 17.0:dollar x:dollar -:dollar 80.0:dollar +:dollar 7.0:dollar =:dollar
EXPR: 0 | POS | INT | 22 | 9 | 104 | (x-(17.0+80.0))=7.0 | x 17.0 80.0 + - 7.0 = | x:dollar 17.0:dollar 80.0:dollar +:dollar -:dollar 7.0:dollar =:dollar
EXPR: 0 | POS | INT | 22 | 9 | 70 | (x+(17.0-80.0))=7.0 | x 17.0 80.0 - + 7.0 = | x:dollar 17.0:dollar 80.0:dollar -:dollar +:dollar 7.0:dollar =:dollar
EXPR: 0 | POS | INT | 22 | 9 | 70 | 7.0=(17.0-(80.0-x)) | 7.0 17.0 80.0 x - - = | 7.0:dollar 17.0:dollar 80.0:dollar x:dollar -:dollar -:dollar =:dollar
EXPR: 0 | POS | INT | 22 | 9 | 70 | (17.0+(x-80.0))=7.0 | 17.0 x 80.0 - + 7.0 = | 17.0:dollar x:dollar 80.0:dollar -:dollar +:dollar 7.0:dollar =:dollar
EXPR: 0 | POS | INT | 22 | 9 | 90 | ((x+7.0)-17.0)=80.0 | x 7.0 + 17.0 - 80.0 = | x:dollar 7.0:dollar +:dollar 17.0:dollar -:dollar 80.0:dollar =:dollar
EXPR: 0 | POS | INT | 22 | 9 | 70 | 7.0=(17.0+(x-80.0)) | 7.0 17.0 x 80.0 - + = | 7.0:dollar 17.0:dollar x:dollar 80.0:dollar -:dollar +:dollar =:dollar
EXPR: 0 | POS | INT | 22 | 9 | 90 | 7.0=(17.0+(80.0-x)) | 7.0 17.0 80.0 x - + = | 7.0:dollar 17.0:dollar 80.0:dollar x:dollar -:dollar +:dollar =:dollar
EXPR: 0 | POS | INT | 22 | 9 | 90 | 7.0=((17.0+80.0)-x) | 7.0 17.0 80.0 + x - = | 7.0:dollar 17.0:dollar 80.0:dollar +:dollar x:dollar -:dollar =:dollar
EXPR: 0 | POS | INT | 22 | 9 | 90 | 7.0=(17.0-(x-80.0)) | 7.0 17.0 x 80.0 - - = | 7.0:dollar 17.0:dollar x:dollar 80.0:dollar -:dollar -:dollar =:dollar
EXPR: 0 | POS | INT | 22 | 9 | 90 | (17.0-(x-80.0))=7.0 | 17.0 x 80.0 - - 7.0 = | 17.0:dollar x:dollar 80.0:dollar -:dollar -:dollar 7.0:dollar =:dollar
EXPR: 0 | POS | INT | 22 | 9 | 90 | ((7.0+x)-17.0)=80.0 | 7.0 x + 17.0 - 80.0 = | 7.0:dollar x:dollar +:dollar 17.0:dollar -:dollar 80.0:dollar =:dollar
EXPR: 0 | POS | INT | 22 | 9 | 56 | ((7.0+x)+17.0)=80.0 | 7.0 x + 17.0 + 80.0 = | 7.0:dollar x:dollar +:dollar 17.0:dollar +:dollar 80.0:dollar =:dollar
EXPR: 0 | POS | INT | 22 | 9 | 70 | 7.0=((17.0-80.0)+x) | 7.0 17.0 80.0 - x + = | 7.0:dollar 17.0:dollar 80.0:dollar -:dollar x:dollar +:dollar =:dollar
EXPR: 0 | POS | INT | 22 | 9 | 104 | 7.0=(x-(17.0+80.0)) | 7.0 x 17.0 80.0 + - = | 7.0:dollar x:dollar 17.0:dollar 80.0:dollar +:dollar -:dollar =:dollar
EXPR: 0 | POS | INT | 22 | 9 | 70 | ((17.0+x)-80.0)=7.0 | 17.0 x + 80.0 - 7.0 = | 17.0:dollar x:dollar +:dollar 80.0:dollar -:dollar 7.0:dollar =:dollar
EXPR: 0 | POS | INT | 22 | 9 | 70 | 7.0=(x+(17.0-80.0)) | 7.0 x 17.0 80.0 - + = | 7.0:dollar x:dollar 17.0:dollar 80.0:dollar -:dollar +:dollar =:dollar
EXPR: 0 | POS | INT | 22 | 9 | 70 | 7.0=((x+17.0)-80.0) | 7.0 x 17.0 + 80.0 - = | 7.0:dollar x:dollar 17.0:dollar +:dollar 80.0:dollar -:dollar =:dollar
EXPR: 1 | POS | INT | 27 | 9 | 9 | 80.0=(17.0+(7.0*x)) | 80.0 17.0 7.0 x * + = | 80.0:dollar 17.0:dollar 7.0:dollar x:hour *:dollar +:dollar =:dollar
EXPR: 1 | POS | INT | 27 | 9 | 9 | ((80.0-17.0)/x)=7.0 | 80.0 17.0 - x / 7.0 = | 80.0:dollar 17.0:dollar -:dollar x:hour /:dollar 7.0:dollar =:dollar
EXPR: 0 | POS | INT | 27 | 9 | 8 | 80.0=(x*(17.0-7.0)) | 80.0 x 17.0 7.0 - * = | 80.0:dollar x:hour 17.0:dollar 7.0:dollar -:dollar *:dollar =:dollar
EXPR: 0 | POS | INT | 27 | 9 | 8 | (7.0+(80.0/x))=17.0 | 7.0 80.0 x / + 17.0 = | 7.0:dollar 80.0:dollar x:hour /:dollar +:dollar 17.0:dollar =:dollar
EXPR: 0 | POS | INT | 27 | 9 | 8 | 80.0=((17.0-7.0)*x) | 80.0 17.0 7.0 - x * = | 80.0:dollar 17.0:dollar 7.0:dollar -:dollar x:hour *:dollar =:dollar
EXPR: 1 | POS | INT | 27 | 9 | 9 | 7.0=((80.0-17.0)/x) | 7.0 80.0 17.0 - x / = | 7.0:dollar 80.0:dollar 17.0:dollar -:dollar x:hour /:dollar =:dollar
EXPR: 1 | POS | INT | 27 | 9 | 9 | 80.0=(17.0+(x*7.0)) | 80.0 17.0 x 7.0 * + = | 80.0:dollar 17.0:dollar x:hour 7.0:dollar *:dollar +:dollar =:dollar
EXPR: 0 | POS | INT | 30 | 9 | 1367 | ((17.0*80.0)+7.0)=x | 17.0 80.0 * 7.0 + x = | 17.0:hour 80.0:dollar *:dollar 7.0:dollar +:dollar x:dollar =:dollar
EXPR: 0 | POS | INT | 30 | 9 | 1367 | (7.0+(17.0*80.0))=x | 7.0 17.0 80.0 * + x = | 7.0:dollar 17.0:hour 80.0:dollar *:dollar +:dollar x:dollar =:dollar
EXPR: 0 | POS | INT | 30 | 9 | 1353 | ((17.0*80.0)-7.0)=x | 17.0 80.0 * 7.0 - x = | 17.0:dollar 80.0:hour *:dollar 7.0:dollar -:dollar x:dollar =:dollar
EXPR: 0 | POS | INT | 30 | 9 | 1367 | x=((17.0*80.0)+7.0) | x 17.0 80.0 * 7.0 + = | x:hour 17.0:dollar 80.0:hour *:hour 7.0:hour +:hour =:hour
EXPR: 0 | POS | INT | 30 | 9 | 1367 | x=(7.0+(17.0*80.0)) | x 7.0 17.0 80.0 * + = | x:dollar 7.0:dollar 17.0:dollar 80.0:hour *:dollar +:dollar =:dollar
EXPR: 0 | POS | INT | 30 | 9 | 1353 | x=((17.0*80.0)-7.0) | x 17.0 80.0 * 7.0 - = | x:dollar 17.0:dollar 80.0:hour *:dollar 7.0:dollar -:dollar =:dollar
NET 170 unique, non-negative, integer-valued solutions found out of 1000 total solutions
