parameters: n=7 l=3 k=1 p=5 q=2 m=9
TOTAL 1000 solutions found
SOLN: CORRECT | POS/NEG | INT/FRA | OBJ-SCORE | TRUE-ANS | ANS | INFIX | POSTFIX | TYPED-POSTFIX
EXPR: 0 | POS | FRA | 2 | 34.72 | 0.702795487984306 | ((14.33/x)-9.31)=11.08 | 14.33 x / 9.31 - 11.08 = | 14.33:dollar x:money /:dollar 9.31:dollar -:dollar 11.08:dollar =:dollar
EXPR: 0 | POS | FRA | 2 | 34.72 | 8.09604519774011 | ((14.33/x)+9.31)=11.08 | 14.33 x / 9.31 + 11.08 = | 14.33:dollar x:money /:dollar 9.31:dollar +:dollar 11.08:dollar =:dollar
EXPR: 0 | POS | FRA | 2 | 34.72 | 1.42288904396371 | ((x*14.33)-9.31)=11.08 | x 14.33 * 9.31 - 11.08 = | x:money 14.33:dollar *:dollar 9.31:dollar -:dollar 11.08:dollar =:dollar
EXPR: 0 | POS | FRA | 2 | 34.72 | 2.72932330827068 | 14.33=((x*9.31)-11.08) | 14.33 x 9.31 * 11.08 - = | 14.33:dollar x:money 9.31:dollar *:dollar 11.08:dollar -:dollar =:dollar
EXPR: 0 | POS | FRA | 2 | 34.72 | 1.42288904396371 | ((14.33*x)-9.31)=11.08 | 14.33 x * 9.31 - 11.08 = | 14.33:dollar x:money *:dollar 9.31:dollar -:dollar 11.08:dollar =:dollar
EXPR: 0 | POS | FRA | 2 | 34.72 | 0.123517096999302 | ((14.33*x)+9.31)=11.08 | 14.33 x * 9.31 + 11.08 = | 14.33:dollar x:money *:dollar 9.31:dollar +:dollar 11.08:dollar =:dollar
EXPR: 0 | POS | FRA | 2 | 34.72 | 0.123517096999302 | ((x*14.33)+9.31)=11.08 | x 14.33 * 9.31 + 11.08 = | x:money 14.33:dollar *:dollar 9.31:dollar +:dollar 11.08:dollar =:dollar
EXPR: 0 | POS | FRA | 2 | 34.72 | 0.702795487984306 | 14.33=((9.31+11.08)*x) | 14.33 9.31 11.08 + x * = | 14.33:dollar 9.31:dollar 11.08:dollar +:dollar x:money *:dollar =:dollar
EXPR: 0 | POS | FRA | 2 | 34.72 | 0.702795487984306 | 14.33=(x*(9.31+11.08)) | 14.33 x 9.31 11.08 + * = | 14.33:dollar x:money 9.31:dollar 11.08:dollar +:dollar *:dollar =:dollar
EXPR: 0 | POS | FRA | 2 | 34.72 | 0.349087003222342 | 14.33=((x*9.31)+11.08) | 14.33 x 9.31 * 11.08 + = | 14.33:dollar x:money 9.31:dollar *:dollar 11.08:dollar +:dollar =:dollar
EXPR: 0 | POS | FRA | 2 | 34.72 | 0.468697123519459 | ((14.33+9.31)*x)=11.08 | 14.33 9.31 + x * 11.08 = | 14.33:dollar 9.31:dollar +:dollar x:money *:dollar 11.08:dollar =:dollar
EXPR: 0 | POS | FRA | 2 | 34.72 | 2.13357400722022 | ((14.33+9.31)/x)=11.08 | 14.33 9.31 + x / 11.08 = | 14.33:dollar 9.31:dollar +:dollar x:money /:dollar 11.08:dollar =:dollar
EXPR: 0 | POS | FRA | 2 | 34.72 | 1.42288904396371 | 14.33=((9.31+11.08)/x) | 14.33 9.31 11.08 + x / = | 14.33:dollar 9.31:dollar 11.08:dollar +:dollar x:money /:dollar =:dollar
EXPR: 0 | POS | FRA | 2 | 34.72 | 0.349087003222342 | (14.33-(x*9.31))=11.08 | 14.33 x 9.31 * - 11.08 = | 14.33:dollar x:money 9.31:dollar *:dollar -:dollar 11.08:dollar =:dollar
EXPR: 0 | POS | FRA | 2 | 34.72 | 0.453068592057762 | ((14.33-9.31)/x)=11.08 | 14.33 9.31 - x / 11.08 = | 14.33:dollar 9.31:dollar -:dollar x:money /:dollar 11.08:dollar =:dollar
EXPR: 0 | POS | FRA | 2 | 34.72 | 2.72932330827068 | 14.33=((9.31*x)-11.08) | 14.33 9.31 x * 11.08 - = | 14.33:dollar 9.31:dollar x:money *:dollar 11.08:dollar -:dollar =:dollar
EXPR: 0 | POS | FRA | 2 | 34.72 | 0.366391184573003 | 14.33=((9.31/x)-11.08) | 14.33 9.31 x / 11.08 - = | 14.33:dollar 9.31:dollar x:money /:dollar 11.08:dollar -:dollar =:dollar
EXPR: 0 | POS | FRA | 2 | 34.72 | 0.349087003222342 | (14.33-(9.31*x))=11.08 | 14.33 9.31 x * - 11.08 = | 14.33:dollar 9.31:dollar x:money *:dollar -:dollar 11.08:dollar =:dollar
EXPR: 0 | POS | FRA | 2 | 34.72 | 2.86461538461538 | (14.33-(9.31/x))=11.08 | 14.33 9.31 x / - 11.08 = | 14.33:dollar 9.31:dollar x:money /:dollar -:dollar 11.08:dollar =:dollar
EXPR: 0 | POS | FRA | 2 | 34.72 | 0.453068592057762 | 14.33=(9.31+(x*11.08)) | 14.33 9.31 x 11.08 * + = | 14.33:dollar 9.31:dollar x:money 11.08:dollar *:dollar +:dollar =:dollar
EXPR: 0 | POS | FRA | 2 | 34.72 | 2.20717131474104 | ((14.33-9.31)*x)=11.08 | 14.33 9.31 - x * 11.08 = | 14.33:dollar 9.31:dollar -:dollar x:money *:dollar 11.08:dollar =:dollar
EXPR: 0 | POS | FRA | 2 | 34.72 | 2.86461538461538 | 14.33=((9.31/x)+11.08) | 14.33 9.31 x / 11.08 + = | 14.33:dollar 9.31:dollar x:money /:dollar 11.08:dollar +:dollar =:dollar
EXPR: 0 | POS | FRA | 2 | 34.72 | 0.468697123519459 | (x*(14.33+9.31))=11.08 | x 14.33 9.31 + * 11.08 = | x:money 14.33:dollar 9.31:dollar +:dollar *:dollar 11.08:dollar =:dollar
EXPR: 0 | POS | FRA | 2 | 34.72 | 2.20717131474104 | (x*(14.33-9.31))=11.08 | x 14.33 9.31 - * 11.08 = | x:money 14.33:dollar 9.31:dollar -:dollar *:dollar 11.08:dollar =:dollar
EXPR: 0 | POS | FRA | 2 | 34.72 | 2.20717131474104 | 14.33=(9.31+(11.08/x)) | 14.33 9.31 11.08 x / + = | 14.33:dollar 9.31:dollar 11.08:dollar x:money /:dollar +:dollar =:dollar
EXPR: 0 | POS | FRA | 2 | 34.72 | 0.349087003222342 | 14.33=((9.31*x)+11.08) | 14.33 9.31 x * 11.08 + = | 14.33:dollar 9.31:dollar x:money *:dollar 11.08:dollar +:dollar =:dollar
EXPR: 0 | POS | FRA | 2 | 34.72 | 0.453068592057762 | 14.33=(9.31+(11.08*x)) | 14.33 9.31 11.08 x * + = | 14.33:dollar 9.31:dollar 11.08:dollar x:money *:dollar +:dollar =:dollar
EXPR: 0 | POS | FRA | 10 | 34.72 | 0.702795487984306 | (14.33/(9.31+11.08))=x | 14.33 9.31 11.08 + / x = | 14.33:money 9.31:dollar 11.08:dollar +:dollar /:money x:money =:money
EXPR: 0 | POS | FRA | 10 | 34.72 | 0.702795487984306 | x=(14.33/(9.31+11.08)) | x 14.33 9.31 11.08 + / = | x:money 14.33:money 9.31:dollar 11.08:dollar +:dollar /:money =:money
EXPR: 0 | POS | FRA | 10 | 34.72 | 292.1887 | x=(14.33*(9.31+11.08)) | x 14.33 9.31 11.08 + * = | x:money 14.33:money 9.31:dollar 11.08:dollar +:dollar *:money =:money
EXPR: 0 | POS | FRA | 10 | 34.72 | 55.6216 | ((14.33-9.31)*11.08)=x | 14.33 9.31 - 11.08 * x = | 14.33:dollar 9.31:dollar -:dollar 11.08:money *:money x:money =:money
EXPR: 0 | POS | FRA | 10 | 34.72 | 261.9312 | ((14.33+9.31)*11.08)=x | 14.33 9.31 + 11.08 * x = | 14.33:dollar 9.31:dollar +:dollar 11.08:money *:money x:money =:money
EXPR: 1 | POS | FRA | 10 | 34.72 | 34.72 | (14.33+(9.31+11.08))=x | 14.33 9.31 11.08 + + x = | 14.33:dollar 9.31:dollar 11.08:dollar +:dollar +:dollar x:dollar =:dollar
EXPR: 1 | POS | FRA | 10 | 34.72 | 34.72 | x=((14.33+9.31)+11.08) | x 14.33 9.31 + 11.08 + = | x:dollar 14.33:dollar 9.31:dollar +:dollar 11.08:dollar +:dollar =:dollar
EXPR: 0 | POS | FRA | 10 | 34.72 | 12.56 | x=((14.33+9.31)-11.08) | x 14.33 9.31 + 11.08 - = | x:dollar 14.33:dollar 9.31:dollar +:dollar 11.08:dollar -:dollar =:dollar
EXPR: 0 | POS | FRA | 10 | 34.72 | 16.1 | x=((14.33-9.31)+11.08) | x 14.33 9.31 - 11.08 + = | x:dollar 14.33:dollar 9.31:dollar -:dollar 11.08:dollar +:dollar =:dollar
EXPR: 0 | POS | FRA | 10 | 34.72 | 12.56 | (14.33+(9.31-11.08))=x | 14.33 9.31 11.08 - + x = | 14.33:dollar 9.31:dollar 11.08:dollar -:dollar +:dollar x:dollar =:dollar
EXPR: 0 | POS | FRA | 10 | 34.72 | 261.9312 | x=((14.33+9.31)*11.08) | x 14.33 9.31 + 11.08 * = | x:money 14.33:dollar 9.31:dollar +:dollar 11.08:money *:money =:money
EXPR: 0 | POS | FRA | 10 | 34.72 | 16.1 | x=(14.33-(9.31-11.08)) | x 14.33 9.31 11.08 - - = | x:dollar 14.33:dollar 9.31:dollar 11.08:dollar -:dollar -:dollar =:dollar
EXPR: 0 | POS | FRA | 10 | 34.72 | 55.6216 | x=((14.33-9.31)*11.08) | x 14.33 9.31 - 11.08 * = | x:money 14.33:dollar 9.31:dollar -:dollar 11.08:money *:money =:money
EXPR: 0 | POS | FRA | 10 | 34.72 | 16.1 | ((14.33-9.31)+11.08)=x | 14.33 9.31 - 11.08 + x = | 14.33:dollar 9.31:dollar -:dollar 11.08:dollar +:dollar x:dollar =:dollar
EXPR: 1 | POS | FRA | 10 | 34.72 | 34.72 | x=(14.33+(9.31+11.08)) | x 14.33 9.31 11.08 + + = | x:dollar 14.33:dollar 9.31:dollar 11.08:dollar +:dollar +:dollar =:dollar
EXPR: 0 | POS | FRA | 10 | 34.72 | 12.56 | x=(14.33+(9.31-11.08)) | x 14.33 9.31 11.08 - + = | x:dollar 14.33:dollar 9.31:dollar 11.08:dollar -:dollar +:dollar =:dollar
EXPR: 0 | POS | FRA | 10 | 34.72 | 16.1 | (14.33-(9.31-11.08))=x | 14.33 9.31 11.08 - - x = | 14.33:dollar 9.31:dollar 11.08:dollar -:dollar -:dollar x:dollar =:dollar
EXPR: 0 | POS | FRA | 10 | 34.72 | 12.56 | ((14.33+9.31)-11.08)=x | 14.33 9.31 + 11.08 - x = | 14.33:dollar 9.31:dollar +:dollar 11.08:dollar -:dollar x:dollar =:dollar
EXPR: 1 | POS | FRA | 10 | 34.72 | 34.72 | ((14.33+9.31)+11.08)=x | 14.33 9.31 + 11.08 + x = | 14.33:dollar 9.31:dollar +:dollar 11.08:dollar +:dollar x:dollar =:dollar
EXPR: 0 | POS | FRA | 10 | 34.72 | 292.1887 | (14.33*(9.31+11.08))=x | 14.33 9.31 11.08 + * x = | 14.33:money 9.31:dollar 11.08:dollar +:dollar *:money x:money =:money
EXPR: 0 | POS | FRA | 12 | 34.72 | 2.13357400722022 | 14.33=((x*11.08)-9.31) | 14.33 x 11.08 * 9.31 - = | 14.33:dollar x:money 11.08:dollar *:dollar 9.31:dollar -:dollar =:dollar
EXPR: 0 | POS | FRA | 12 | 34.72 | 0.123517096999302 | 14.33=((11.08-9.31)/x) | 14.33 11.08 9.31 - x / = | 14.33:dollar 11.08:dollar 9.31:dollar -:dollar x:money /:dollar =:dollar
EXPR: 0 | POS | FRA | 12 | 34.72 | 2.72932330827068 | ((x*9.31)-14.33)=11.08 | x 9.31 * 14.33 - 11.08 = | x:money 9.31:dollar *:dollar 14.33:dollar -:dollar 11.08:dollar =:dollar
EXPR: 0 | POS | FRA | 12 | 34.72 | 0.453068592057762 | (14.33-(11.08*x))=9.31 | 14.33 11.08 x * - 9.31 = | 14.33:dollar 11.08:dollar x:money *:dollar -:dollar 9.31:dollar =:dollar
EXPR: 0 | POS | FRA | 12 | 34.72 | 8.09604519774011 | 14.33=(x*(11.08-9.31)) | 14.33 x 11.08 9.31 - * = | 14.33:dollar x:money 11.08:dollar 9.31:dollar -:dollar *:dollar =:dollar
EXPR: 0 | POS | FRA | 12 | 34.72 | 2.20717131474104 | (14.33-(11.08/x))=9.31 | 14.33 11.08 x / - 9.31 = | 14.33:dollar 11.08:dollar x:money /:dollar -:dollar 9.31:dollar =:dollar
EXPR: 0 | POS | FRA | 12 | 34.72 | 8.09604519774011 | 14.33=((11.08-9.31)*x) | 14.33 11.08 9.31 - x * = | 14.33:dollar 11.08:dollar 9.31:dollar -:dollar x:money *:dollar =:dollar
EXPR: 0 | POS | FRA | 12 | 34.72 | 0.453068592057762 | 14.33=((x*11.08)+9.31) | 14.33 x 11.08 * 9.31 + = | 14.33:dollar x:money 11.08:dollar *:dollar 9.31:dollar +:dollar =:dollar
EXPR: 0 | POS | FRA | 12 | 34.72 | 0.453068592057762 | (14.33-(x*11.08))=9.31 | 14.33 x 11.08 * - 9.31 = | 14.33:dollar x:money 11.08:dollar *:dollar -:dollar 9.31:dollar =:dollar
EXPR: 0 | POS | FRA | 12 | 34.72 | 2.13357400722022 | 14.33=((11.08*x)-9.31) | 14.33 11.08 x * 9.31 - = | 14.33:dollar 11.08:dollar x:money *:dollar 9.31:dollar -:dollar =:dollar
EXPR: 0 | POS | FRA | 12 | 34.72 | 0.453068592057762 | 14.33=((11.08*x)+9.31) | 14.33 11.08 x * 9.31 + = | 14.33:dollar 11.08:dollar x:money *:dollar 9.31:dollar +:dollar =:dollar
EXPR: 0 | POS | FRA | 12 | 34.72 | 0.349087003222342 | 14.33=(11.08+(x*9.31)) | 14.33 11.08 x 9.31 * + = | 14.33:dollar 11.08:dollar x:money 9.31:dollar *:dollar +:dollar =:dollar
EXPR: 0 | POS | FRA | 12 | 34.72 | 15.5201181525242 | ((x-14.33)*9.31)=11.08 | x 14.33 - 9.31 * 11.08 = | x:money 14.33:money -:money 9.31:dollar *:dollar 11.08:dollar =:dollar
EXPR: 0 | POS | FRA | 12 | 34.72 | 0.702795487984306 | ((14.33/x)-11.08)=9.31 | 14.33 x / 11.08 - 9.31 = | 14.33:dollar x:money /:dollar 11.08:dollar -:dollar 9.31:dollar =:dollar
EXPR: 0 | POS | FRA | 12 | 34.72 | 6.06 | 14.33=(9.31+(11.08-x)) | 14.33 9.31 11.08 x - + = | 14.33:dollar 9.31:dollar 11.08:dollar x:dollar -:dollar +:dollar =:dollar
EXPR: 0 | POS | FRA | 12 | 34.72 | 8.53679692951849 | (14.33*(9.31-x))=11.08 | 14.33 9.31 x - * 11.08 = | 14.33:dollar 9.31:money x:money -:money *:dollar 11.08:dollar =:dollar
EXPR: 0 | POS | FRA | 12 | 34.72 | 8.01667870036101 | (14.33/(9.31-x))=11.08 | 14.33 9.31 x - / 11.08 = | 14.33:dollar 9.31:money x:money -:money /:dollar 11.08:dollar =:dollar
EXPR: 0 | POS | FRA | 12 | 34.72 | 8.01667870036101 | 14.33=((9.31-x)*11.08) | 14.33 9.31 x - 11.08 * = | 14.33:dollar 9.31:money x:money -:money 11.08:dollar *:dollar =:dollar
EXPR: 0 | POS | FRA | 12 | 34.72 | 0.468697123519459 | 14.33=((11.08/x)-9.31) | 14.33 11.08 x / 9.31 - = | 14.33:dollar 11.08:dollar x:money /:dollar 9.31:dollar -:dollar =:dollar
EXPR: 0 | POS | FRA | 12 | 34.72 | 2.20717131474104 | 14.33=((11.08/x)+9.31) | 14.33 11.08 x / 9.31 + = | 14.33:dollar 11.08:dollar x:money /:dollar 9.31:dollar +:dollar =:dollar
EXPR: 0 | POS | FRA | 12 | 34.72 | 1.42288904396371 | ((14.33*x)-11.08)=9.31 | 14.33 x * 11.08 - 9.31 = | 14.33:dollar x:money *:dollar 11.08:dollar -:dollar 9.31:dollar =:dollar
EXPR: 0 | POS | FRA | 12 | 34.72 | 0.702795487984306 | (14.33/x)=(9.31+11.08) | 14.33 x / 9.31 11.08 + = | 14.33:dollar x:money /:dollar 9.31:dollar 11.08:dollar +:dollar =:dollar
EXPR: 0 | POS | FRA | 12 | 34.72 | 6.06 | 14.33=(9.31-(x-11.08)) | 14.33 9.31 x 11.08 - - = | 14.33:dollar 9.31:dollar x:dollar 11.08:dollar -:dollar -:dollar =:dollar
EXPR: 0 | POS | FRA | 12 | 34.72 | 0.366391184573003 | ((9.31/x)-14.33)=11.08 | 9.31 x / 14.33 - 11.08 = | 9.31:dollar x:money /:dollar 14.33:dollar -:dollar 11.08:dollar =:dollar
EXPR: 0 | POS | FRA | 12 | 34.72 | 16.1 | 14.33=(9.31+(x-11.08)) | 14.33 9.31 x 11.08 - + = | 14.33:dollar 9.31:dollar x:dollar 11.08:dollar -:dollar +:dollar =:dollar
EXPR: 0 | POS | FRA | 12 | 34.72 | 6.06 | 14.33=((9.31-x)+11.08) | 14.33 9.31 x - 11.08 + = | 14.33:dollar 9.31:dollar x:dollar -:dollar 11.08:dollar +:dollar =:dollar
EXPR: 0 | POS | FRA | 12 | 34.72 | 1.42288904396371 | (14.33*x)=(9.31+11.08) | 14.33 x * 9.31 11.08 + = | 14.33:dollar x:money *:dollar 9.31:dollar 11.08:dollar +:dollar =:dollar
EXPR: 0 | POS | FRA | 12 | 34.72 | 12.56 | 14.33=(x-(9.31-11.08)) | 14.33 x 9.31 11.08 - - = | 14.33:dollar x:dollar 9.31:dollar 11.08:dollar -:dollar -:dollar =:dollar
EXPR: 1 | POS | FRA | 12 | 34.72 | 34.72 | 14.33=(x-(9.31+11.08)) | 14.33 x 9.31 11.08 + - = | 14.33:dollar x:dollar 9.31:dollar 11.08:dollar +:dollar -:dollar =:dollar
EXPR: 0 | POS | FRA | 12 | 34.72 | 2.20717131474104 | (14.33-9.31)=(11.08/x) | 14.33 9.31 - 11.08 x / = | 14.33:dollar 9.31:dollar -:dollar 11.08:dollar x:money /:dollar =:dollar
EXPR: 0 | POS | FRA | 12 | 34.72 | 0.468697123519459 | (14.33+9.31)=(11.08/x) | 14.33 9.31 + 11.08 x / = | 14.33:dollar 9.31:dollar +:dollar 11.08:dollar x:money /:dollar =:dollar
EXPR: 0 | POS | FRA | 12 | 34.72 | 8.09604519774011 | (9.31+(14.33/x))=11.08 | 9.31 14.33 x / + 11.08 = | 9.31:dollar 14.33:dollar x:money /:dollar +:dollar 11.08:dollar =:dollar
EXPR: 0 | POS | FRA | 12 | 34.72 | 0.123517096999302 | (9.31+(14.33*x))=11.08 | 9.31 14.33 x * + 11.08 = | 9.31:dollar 14.33:dollar x:money *:dollar +:dollar 11.08:dollar =:dollar
EXPR: 0 | POS | FRA | 12 | 34.72 | 16.1 | 14.33=(x+(9.31-11.08)) | 14.33 x 9.31 11.08 - + = | 14.33:dollar x:dollar 9.31:dollar 11.08:dollar -:dollar +:dollar =:dollar
EXPR: 0 | POS | FRA | 12 | 34.72 | 6.06 | ((x+14.33)-9.31)=11.08 | x 14.33 + 9.31 - 11.08 = | x:dollar 14.33:dollar +:dollar 9.31:dollar -:dollar 11.08:dollar =:dollar
EXPR: 0 | POS | FRA | 12 | 34.72 | 12.6192051557465 | 14.33=(9.31*(x-11.08)) | 14.33 9.31 x 11.08 - * = | 14.33:dollar 9.31:dollar x:money 11.08:money -:money *:dollar =:dollar
EXPR: 0 | POS | FRA | 12 | 34.72 | 10.0832030704815 | (14.33*(x-9.31))=11.08 | 14.33 x 9.31 - * 11.08 = | 14.33:dollar x:money 9.31:money -:money *:dollar 11.08:dollar =:dollar
EXPR: 0 | POS | FRA | 12 | 34.72 | 10.603321299639 | (14.33/(x-9.31))=11.08 | 14.33 x 9.31 - / 11.08 = | 14.33:dollar x:money 9.31:money -:money /:dollar 11.08:dollar =:dollar
EXPR: 0 | POS | FRA | 12 | 34.72 | 16.1 | 14.33=(9.31-(11.08-x)) | 14.33 9.31 11.08 x - - = | 14.33:dollar 9.31:dollar 11.08:dollar x:dollar -:dollar -:dollar =:dollar
EXPR: 0 | POS | FRA | 12 | 34.72 | 16.1 | 14.33=((9.31-11.08)+x) | 14.33 9.31 11.08 - x + = | 14.33:dollar 9.31:dollar 11.08:dollar -:dollar x:dollar +:dollar =:dollar
EXPR: 0 | POS | FRA | 12 | 34.72 | 2.13357400722022 | (14.33+9.31)=(x*11.08) | 14.33 9.31 + x 11.08 * = | 14.33:dollar 9.31:dollar +:dollar x:money 11.08:dollar *:dollar =:dollar
EXPR: 0 | POS | FRA | 12 | 34.72 | 0.453068592057762 | (14.33-9.31)=(x*11.08) | 14.33 9.31 - x 11.08 * = | 14.33:dollar 9.31:dollar -:dollar x:money 11.08:dollar *:dollar =:dollar
EXPR: 0 | POS | FRA | 12 | 34.72 | 12.56 | ((14.33+9.31)-x)=11.08 | 14.33 9.31 + x - 11.08 = | 14.33:dollar 9.31:dollar +:dollar x:dollar -:dollar 11.08:dollar =:dollar
EXPR: 0 | POS | FRA | 12 | 34.72 | 2.20717131474104 | 9.31=(14.33-(11.08/x)) | 9.31 14.33 11.08 x / - = | 9.31:dollar 14.33:dollar 11.08:dollar x:money /:dollar -:dollar =:dollar
EXPR: 0 | POS | FRA | 12 | 34.72 | 292.1887 | 14.33=(x/(9.31+11.08)) | 14.33 x 9.31 11.08 + / = | 14.33:money x:money 9.31:dollar 11.08:dollar +:dollar /:money =:money
EXPR: 1 | POS | FRA | 12 | 34.72 | 34.72 | ((x-14.33)-9.31)=11.08 | x 14.33 - 9.31 - 11.08 = | x:dollar 14.33:dollar -:dollar 9.31:dollar -:dollar 11.08:dollar =:dollar
EXPR: 0 | POS | FRA | 12 | 34.72 | 0.702795487984306 | 9.31=((14.33/x)-11.08) | 9.31 14.33 x / 11.08 - = | 9.31:dollar 14.33:dollar x:money /:dollar 11.08:dollar -:dollar =:dollar
EXPR: 0 | POS | FRA | 12 | 34.72 | 1.42288904396371 | 9.31=((14.33*x)-11.08) | 9.31 14.33 x * 11.08 - = | 9.31:dollar 14.33:dollar x:money *:dollar 11.08:dollar -:dollar =:dollar
EXPR: 1 | POS | FRA | 12 | 34.72 | 34.72 | 14.33=((x-9.31)-11.08) | 14.33 x 9.31 - 11.08 - = | 14.33:dollar x:dollar 9.31:dollar -:dollar 11.08:dollar -:dollar =:dollar
EXPR: 0 | POS | FRA | 12 | 34.72 | 0.453068592057762 | (14.33-9.31)=(11.08*x) | 14.33 9.31 - 11.08 x * = | 14.33:dollar 9.31:dollar -:dollar 11.08:dollar x:money *:dollar =:dollar
EXPR: 0 | POS | FRA | 12 | 34.72 | 2.13357400722022 | (14.33+9.31)=(11.08*x) | 14.33 9.31 + 11.08 x * = | 14.33:dollar 9.31:dollar +:dollar 11.08:dollar x:money *:dollar =:dollar
EXPR: 0 | POS | FRA | 12 | 34.72 | 0.123517096999302 | (9.31+(x*14.33))=11.08 | 9.31 x 14.33 * + 11.08 = | 9.31:dollar x:money 14.33:dollar *:dollar +:dollar 11.08:dollar =:dollar
EXPR: 0 | POS | FRA | 12 | 34.72 | 0.366391184573003 | 9.31=(x*(14.33+11.08)) | 9.31 x 14.33 11.08 + * = | 9.31:dollar x:money 14.33:dollar 11.08:dollar +:dollar *:dollar =:dollar
EXPR: 0 | POS | FRA | 12 | 34.72 | 2.86461538461538 | 14.33=(11.08+(9.31/x)) | 14.33 11.08 9.31 x / + = | 14.33:dollar 11.08:dollar 9.31:dollar x:money /:dollar +:dollar =:dollar
EXPR: 0 | POS | FRA | 12 | 34.72 | 2.86461538461538 | 9.31=(x*(14.33-11.08)) | 9.31 x 14.33 11.08 - * = | 9.31:dollar x:money 14.33:dollar 11.08:dollar -:dollar *:dollar =:dollar
EXPR: 0 | POS | FRA | 12 | 34.72 | 16.1 | ((x-14.33)+9.31)=11.08 | x 14.33 - 9.31 + 11.08 = | x:dollar 14.33:dollar -:dollar 9.31:dollar +:dollar 11.08:dollar =:dollar
EXPR: 0 | POS | FRA | 12 | 34.72 | 9.54079484425349 | 14.33=(9.31*(11.08-x)) | 14.33 9.31 11.08 x - * = | 14.33:dollar 9.31:dollar 11.08:money x:money -:money *:dollar =:dollar
EXPR: 0 | POS | FRA | 12 | 34.72 | 0.366391184573003 | ((14.33+11.08)*x)=9.31 | 14.33 11.08 + x * 9.31 = | 14.33:dollar 11.08:dollar +:dollar x:money *:dollar 9.31:dollar =:dollar
EXPR: 0 | POS | FRA | 12 | 34.72 | 2.72932330827068 | ((14.33+11.08)/x)=9.31 | 14.33 11.08 + x / 9.31 = | 14.33:dollar 11.08:dollar +:dollar x:money /:dollar 9.31:dollar =:dollar
EXPR: 0 | POS | FRA | 12 | 34.72 | 0.349087003222342 | 14.33=(11.08+(9.31*x)) | 14.33 11.08 9.31 x * + = | 14.33:dollar 11.08:dollar 9.31:dollar x:money *:dollar +:dollar =:dollar
EXPR: 0 | POS | FRA | 12 | 34.72 | 261.9312 | (x/(14.33+9.31))=11.08 | x 14.33 9.31 + / 11.08 = | x:money 14.33:dollar 9.31:dollar +:dollar /:money 11.08:money =:money
EXPR: 0 | POS | FRA | 12 | 34.72 | 2.86461538461538 | ((14.33-11.08)*x)=9.31 | 14.33 11.08 - x * 9.31 = | 14.33:dollar 11.08:dollar -:dollar x:money *:dollar 9.31:dollar =:dollar
EXPR: 0 | POS | FRA | 12 | 34.72 | 6.06 | ((14.33-9.31)+x)=11.08 | 14.33 9.31 - x + 11.08 = | 14.33:dollar 9.31:dollar -:dollar x:dollar +:dollar 11.08:dollar =:dollar
EXPR: 0 | POS | FRA | 12 | 34.72 | 1.42288904396371 | ((x*14.33)-11.08)=9.31 | x 14.33 * 11.08 - 9.31 = | x:money 14.33:dollar *:dollar 11.08:dollar -:dollar 9.31:dollar =:dollar
EXPR: 0 | POS | FRA | 12 | 34.72 | 0.349087003222342 | ((14.33-11.08)/x)=9.31 | 14.33 11.08 - x / 9.31 = | 14.33:dollar 11.08:dollar -:dollar x:money /:dollar 9.31:dollar =:dollar
EXPR: 0 | POS | FRA | 12 | 34.72 | 11.7296859734822 | 14.33=(9.31/(x-11.08)) | 14.33 9.31 x 11.08 - / = | 14.33:dollar 9.31:dollar x:money 11.08:money -:money /:dollar =:dollar
EXPR: 0 | POS | FRA | 12 | 34.72 | 13.1398818474758 | ((14.33-x)*9.31)=11.08 | 14.33 x - 9.31 * 11.08 = | 14.33:money x:money -:money 9.31:dollar *:dollar 11.08:dollar =:dollar
EXPR: 0 | POS | FRA | 12 | 34.72 | 2.72932330827068 | ((9.31*x)-14.33)=11.08 | 9.31 x * 14.33 - 11.08 = | 9.31:dollar x:money *:dollar 14.33:dollar -:dollar 11.08:dollar =:dollar
EXPR: 0 | POS | FRA | 12 | 34.72 | 0.453068592057762 | 9.31=(14.33-(11.08*x)) | 9.31 14.33 11.08 x * - = | 9.31:dollar 14.33:dollar 11.08:dollar x:money *:dollar -:dollar =:dollar
EXPR: 0 | POS | FRA | 12 | 34.72 | 0.366391184573003 | (x*(14.33+11.08))=9.31 | x 14.33 11.08 + * 9.31 = | x:money 14.33:dollar 11.08:dollar +:dollar *:dollar 9.31:dollar =:dollar
EXPR: 0 | POS | FRA | 12 | 34.72 | 2.86461538461538 | (x*(14.33-11.08))=9.31 | x 14.33 11.08 - * 9.31 = | x:money 14.33:dollar 11.08:dollar -:dollar *:dollar 9.31:dollar =:dollar
EXPR: 0 | POS | FRA | 12 | 34.72 | 12.56 | ((14.33-x)+9.31)=11.08 | 14.33 x - 9.31 + 11.08 = | 14.33:dollar x:dollar -:dollar 9.31:dollar +:dollar 11.08:dollar =:dollar
EXPR: 0 | POS | FRA | 12 | 34.72 | 0.366391184573003 | 9.31=((14.33+11.08)*x) | 9.31 14.33 11.08 + x * = | 9.31:dollar 14.33:dollar 11.08:dollar +:dollar x:money *:dollar =:dollar
EXPR: 0 | POS | FRA | 12 | 34.72 | 2.86461538461538 | 9.31=((14.33-11.08)*x) | 9.31 14.33 11.08 - x * = | 9.31:dollar 14.33:dollar 11.08:dollar -:dollar x:money *:dollar =:dollar
EXPR: 0 | POS | FRA | 12 | 34.72 | 12.56 | (14.33+(9.31-x))=11.08 | 14.33 9.31 x - + 11.08 = | 14.33:dollar 9.31:dollar x:dollar -:dollar +:dollar 11.08:dollar =:dollar
EXPR: 0 | POS | FRA | 12 | 34.72 | 1.42288904396371 | 9.31=((x*14.33)-11.08) | 9.31 x 14.33 * 11.08 - = | 9.31:dollar x:money 14.33:dollar *:dollar 11.08:dollar -:dollar =:dollar
EXPR: 0 | POS | FRA | 12 | 34.72 | 6.06 | (14.33-(9.31-x))=11.08 | 14.33 9.31 x - - 11.08 = | 14.33:dollar 9.31:dollar x:dollar -:dollar -:dollar 11.08:dollar =:dollar
EXPR: 0 | POS | FRA | 12 | 34.72 | 2.72932330827068 | 9.31=((14.33+11.08)/x) | 9.31 14.33 11.08 + x / = | 9.31:dollar 14.33:dollar 11.08:dollar +:dollar x:money /:dollar =:dollar
EXPR: 0 | POS | FRA | 12 | 34.72 | 12.56 | 14.33=((x-9.31)+11.08) | 14.33 x 9.31 - 11.08 + = | 14.33:dollar x:dollar 9.31:dollar -:dollar 11.08:dollar +:dollar =:dollar
EXPR: 1 | POS | FRA | 12 | 34.72 | 34.72 | (x-(14.33+9.31))=11.08 | x 14.33 9.31 + - 11.08 = | x:dollar 14.33:dollar 9.31:dollar +:dollar -:dollar 11.08:dollar =:dollar
EXPR: 0 | POS | FRA | 12 | 34.72 | 6.06 | (x+(14.33-9.31))=11.08 | x 14.33 9.31 - + 11.08 = | x:dollar 14.33:dollar 9.31:dollar -:dollar +:dollar 11.08:dollar =:dollar
EXPR: 0 | POS | FRA | 12 | 34.72 | 16.1 | (x-(14.33-9.31))=11.08 | x 14.33 9.31 - - 11.08 = | x:dollar 14.33:dollar 9.31:dollar -:dollar -:dollar 11.08:dollar =:dollar
EXPR: 0 | POS | FRA | 12 | 34.72 | 10.603321299639 | 14.33=((x-9.31)*11.08) | 14.33 x 9.31 - 11.08 * = | 14.33:dollar x:money 9.31:money -:money 11.08:dollar *:dollar =:dollar
EXPR: 0 | POS | FRA | 12 | 34.72 | 12.56 | (14.33-(x-9.31))=11.08 | 14.33 x 9.31 - - 11.08 = | 14.33:dollar x:dollar 9.31:dollar -:dollar -:dollar 11.08:dollar =:dollar
EXPR: 0 | POS | FRA | 12 | 34.72 | 1.42288904396371 | (x*14.33)=(9.31+11.08) | x 14.33 * 9.31 11.08 + = | x:money 14.33:dollar *:dollar 9.31:dollar 11.08:dollar +:dollar =:dollar
EXPR: 0 | POS | FRA | 12 | 34.72 | 0.349087003222342 | 9.31=((14.33-11.08)/x) | 9.31 14.33 11.08 - x / = | 9.31:dollar 14.33:dollar 11.08:dollar -:dollar x:money /:dollar =:dollar
EXPR: 0 | POS | FRA | 12 | 34.72 | 6.06 | ((14.33+x)-9.31)=11.08 | 14.33 x + 9.31 - 11.08 = | 14.33:dollar x:dollar +:dollar 9.31:dollar -:dollar 11.08:dollar =:dollar
EXPR: 0 | POS | FRA | 12 | 34.72 | 10.4303140265178 | 14.33=(9.31/(11.08-x)) | 14.33 9.31 11.08 x - / = | 14.33:dollar 9.31:dollar 11.08:money x:money -:money /:dollar =:dollar
EXPR: 0 | POS | FRA | 12 | 34.72 | 55.6216 | (x/(14.33-9.31))=11.08 | x 14.33 9.31 - / 11.08 = | x:money 14.33:dollar 9.31:dollar -:dollar /:money 11.08:money =:money
EXPR: 0 | POS | FRA | 12 | 34.72 | 0.453068592057762 | 9.31=(14.33-(x*11.08)) | 9.31 14.33 x 11.08 * - = | 9.31:dollar 14.33:dollar x:money 11.08:dollar *:dollar -:dollar =:dollar
EXPR: 0 | POS | FRA | 12 | 34.72 | 6.06 | (14.33+(x-9.31))=11.08 | 14.33 x 9.31 - + 11.08 = | 14.33:dollar x:dollar 9.31:dollar -:dollar +:dollar 11.08:dollar =:dollar
EXPR: 0 | POS | FRA | 12 | 34.72 | 16.1 | 14.33=((x+9.31)-11.08) | 14.33 x 9.31 + 11.08 - = | 14.33:dollar x:dollar 9.31:dollar +:dollar 11.08:dollar -:dollar =:dollar
EXPR: 0 | POS | FRA | 12 | 34.72 | 6.06 | 14.33=((9.31+11.08)-x) | 14.33 9.31 11.08 + x - = | 14.33:dollar 9.31:dollar 11.08:dollar +:dollar x:dollar -:dollar =:dollar
EXPR: 0 | POS | FRA | 12 | 34.72 | 16.1 | 14.33=((9.31+x)-11.08) | 14.33 9.31 x + 11.08 - = | 14.33:dollar 9.31:dollar x:dollar +:dollar 11.08:dollar -:dollar =:dollar
EXPR: 0 | POS | FRA | 20 | 34.72 | 122.3323 | ((14.33*9.31)-11.08)=x | 14.33 9.31 * 11.08 - x = | 14.33:money 9.31:dollar *:dollar 11.08:dollar -:dollar x:dollar =:dollar
EXPR: 0 | POS | FRA | 20 | 34.72 | 144.4923 | ((14.33*9.31)+11.08)=x | 14.33 9.31 * 11.08 + x = | 14.33:money 9.31:dollar *:dollar 11.08:dollar +:dollar x:dollar =:dollar
EXPR: 0 | POS | FRA | 20 | 34.72 | 0.366391184573003 | x=(9.31/(14.33+11.08)) | x 9.31 14.33 11.08 + / = | x:money 9.31:money 14.33:dollar 11.08:dollar +:dollar /:money =:money
EXPR: 0 | POS | FRA | 20 | 34.72 | 122.3323 | x=((14.33*9.31)-11.08) | x 14.33 9.31 * 11.08 - = | x:money 14.33:dollar 9.31:money *:money 11.08:money -:money =:money
EXPR: 0 | POS | FRA | 20 | 34.72 | 144.4923 | x=((14.33*9.31)+11.08) | x 14.33 9.31 * 11.08 + = | x:money 14.33:dollar 9.31:money *:money 11.08:money +:money =:money
EXPR: 0 | POS | FRA | 20 | 34.72 | 117.4848 | (14.33+(9.31*11.08))=x | 14.33 9.31 11.08 * + x = | 14.33:money 9.31:dollar 11.08:money *:money +:money x:money =:money
EXPR: 0 | POS | FRA | 20 | 34.72 | 30.2575 | (9.31*(14.33-11.08))=x | 9.31 14.33 11.08 - * x = | 9.31:money 14.33:dollar 11.08:dollar -:dollar *:money x:money =:money
EXPR: 0 | POS | FRA | 20 | 34.72 | 2.86461538461538 | (9.31/(14.33-11.08))=x | 9.31 14.33 11.08 - / x = | 9.31:money 14.33:dollar 11.08:dollar -:dollar /:money x:money =:money
EXPR: 0 | POS | FRA | 20 | 34.72 | 13.4897472924188 | (14.33-(9.31/11.08))=x | 14.33 9.31 11.08 / - x = | 14.33:money 9.31:money 11.08:dollar /:money -:money x:money =:money
EXPR: 0 | POS | FRA | 20 | 34.72 | 2.13357400722022 | ((14.33+9.31)/11.08)=x | 14.33 9.31 + 11.08 / x = | 14.33:money 9.31:money +:money 11.08:dollar /:money x:money =:money
EXPR: 0 | POS | FRA | 20 | 34.72 | 15.1702527075812 | (14.33+(9.31/11.08))=x | 14.33 9.31 11.08 / + x = | 14.33:dollar 9.31:dollar 11.08:money /:dollar +:dollar x:dollar =:dollar
EXPR: 0 | POS | FRA | 20 | 34.72 | 6.06 | (9.31-(14.33-11.08))=x | 9.31 14.33 11.08 - - x = | 9.31:dollar 14.33:dollar 11.08:dollar -:dollar -:dollar x:dollar =:dollar
EXPR: 0 | POS | FRA | 20 | 34.72 | 0.453068592057762 | ((14.33-9.31)/11.08)=x | 14.33 9.31 - 11.08 / x = | 14.33:dollar 9.31:dollar -:dollar 11.08:money /:dollar x:dollar =:dollar
EXPR: 0 | POS | FRA | 20 | 34.72 | 117.4848 | x=(14.33+(9.31*11.08)) | x 14.33 9.31 11.08 * + = | x:dollar 14.33:dollar 9.31:dollar 11.08:money *:dollar +:dollar =:dollar
EXPR: 0 | POS | FRA | 20 | 34.72 | 15.1702527075812 | x=(14.33+(9.31/11.08)) | x 14.33 9.31 11.08 / + = | x:dollar 14.33:dollar 9.31:dollar 11.08:money /:dollar +:dollar =:dollar
EXPR: 0 | POS | FRA | 20 | 34.72 | 236.5671 | (9.31*(14.33+11.08))=x | 9.31 14.33 11.08 + * x = | 9.31:money 14.33:dollar 11.08:dollar +:dollar *:money x:money =:money
EXPR: 1 | POS | FRA | 20 | 34.72 | 34.72 | (9.31+(14.33+11.08))=x | 9.31 14.33 11.08 + + x = | 9.31:dollar 14.33:dollar 11.08:dollar +:dollar +:dollar x:dollar =:dollar
EXPR: 0 | POS | FRA | 20 | 34.72 | 25.3641 | (14.33*(11.08-9.31))=x | 14.33 11.08 9.31 - * x = | 14.33:money 11.08:dollar 9.31:dollar -:dollar *:money x:money =:money
EXPR: 0 | POS | FRA | 20 | 34.72 | 13.4897472924188 | x=(14.33-(9.31/11.08)) | x 14.33 9.31 11.08 / - = | x:dollar 14.33:dollar 9.31:dollar 11.08:money /:dollar -:dollar =:dollar
EXPR: 0 | POS | FRA | 20 | 34.72 | 0.366391184573003 | (9.31/(14.33+11.08))=x | 9.31 14.33 11.08 + / x = | 9.31:money 14.33:dollar 11.08:dollar +:dollar /:money x:money =:money
EXPR: 0 | POS | FRA | 20 | 34.72 | 236.5671 | x=((14.33+11.08)*9.31) | x 14.33 11.08 + 9.31 * = | x:money 14.33:dollar 11.08:dollar +:dollar 9.31:money *:money =:money
EXPR: 0 | POS | FRA | 20 | 34.72 | 30.2575 | ((14.33-11.08)*9.31)=x | 14.33 11.08 - 9.31 * x = | 14.33:dollar 11.08:dollar -:dollar 9.31:money *:money x:money =:money
EXPR: 1 | POS | FRA | 20 | 34.72 | 34.72 | x=((14.33+11.08)+9.31) | x 14.33 11.08 + 9.31 + = | x:dollar 14.33:dollar 11.08:dollar +:dollar 9.31:dollar +:dollar =:dollar
EXPR: 0 | POS | FRA | 20 | 34.72 | 2.13357400722022 | x=((14.33+9.31)/11.08) | x 14.33 9.31 + 11.08 / = | x:dollar 14.33:dollar 9.31:dollar +:dollar 11.08:money /:dollar =:dollar
EXPR: 0 | POS | FRA | 20 | 34.72 | 236.5671 | ((14.33+11.08)*9.31)=x | 14.33 11.08 + 9.31 * x = | 14.33:dollar 11.08:dollar +:dollar 9.31:money *:money x:money =:money
EXPR: 0 | POS | FRA | 20 | 34.72 | 16.1 | x=((14.33+11.08)-9.31) | x 14.33 11.08 + 9.31 - = | x:dollar 14.33:dollar 11.08:dollar +:dollar 9.31:dollar -:dollar =:dollar
EXPR: 0 | POS | FRA | 20 | 34.72 | 12.6192051557465 | x=((14.33/9.31)+11.08) | x 14.33 9.31 / 11.08 + = | x:dollar 14.33:dollar 9.31:money /:dollar 11.08:dollar +:dollar =:dollar
EXPR: 0 | POS | FRA | 20 | 34.72 | 16.1 | (14.33+(11.08-9.31))=x | 14.33 11.08 9.31 - + x = | 14.33:dollar 11.08:dollar 9.31:dollar -:dollar +:dollar x:dollar =:dollar
EXPR: 0 | POS | FRA | 20 | 34.72 | 12.56 | (9.31+(14.33-11.08))=x | 9.31 14.33 11.08 - + x = | 9.31:dollar 14.33:dollar 11.08:dollar -:dollar +:dollar x:dollar =:dollar
EXPR: 0 | POS | FRA | 20 | 34.72 | 0.453068592057762 | x=((14.33-9.31)/11.08) | x 14.33 9.31 - 11.08 / = | x:money 14.33:money 9.31:money -:money 11.08:dollar /:money =:money
EXPR: 0 | POS | FRA | 20 | 34.72 | 12.56 | (14.33-(11.08-9.31))=x | 14.33 11.08 9.31 - - x = | 14.33:dollar 11.08:dollar 9.31:dollar -:dollar -:dollar x:dollar =:dollar
EXPR: 0 | POS | FRA | 20 | 34.72 | 236.5671 | x=(9.31*(14.33+11.08)) | x 9.31 14.33 11.08 + * = | x:money 9.31:money 14.33:dollar 11.08:dollar +:dollar *:money =:money
EXPR: 0 | POS | FRA | 20 | 34.72 | 30.2575 | x=(9.31*(14.33-11.08)) | x 9.31 14.33 11.08 - * = | x:money 9.31:money 14.33:dollar 11.08:dollar -:dollar *:money =:money
EXPR: 0 | POS | FRA | 20 | 34.72 | 12.6192051557465 | ((14.33/9.31)+11.08)=x | 14.33 9.31 / 11.08 + x = | 14.33:money 9.31:dollar /:money 11.08:money +:money x:money =:money
EXPR: 0 | POS | FRA | 20 | 34.72 | 30.2575 | x=((14.33-11.08)*9.31) | x 14.33 11.08 - 9.31 * = | x:money 14.33:dollar 11.08:dollar -:dollar 9.31:money *:money =:money
EXPR: 0 | POS | FRA | 20 | 34.72 | 12.56 | x=((14.33-11.08)+9.31) | x 14.33 11.08 - 9.31 + = | x:dollar 14.33:dollar 11.08:dollar -:dollar 9.31:dollar +:dollar =:dollar
EXPR: 0 | POS | FRA | 20 | 34.72 | 6.06 | x=((9.31-14.33)+11.08) | x 9.31 14.33 - 11.08 + = | x:dollar 9.31:dollar 14.33:dollar -:dollar 11.08:dollar +:dollar =:dollar
EXPR: 0 | POS | FRA | 20 | 34.72 | 8.09604519774011 | x=(14.33/(11.08-9.31)) | x 14.33 11.08 9.31 - / = | x:money 14.33:money 11.08:dollar 9.31:dollar -:dollar /:money =:money
EXPR: 0 | POS | FRA | 20 | 34.72 | 25.3641 | x=(14.33*(11.08-9.31)) | x 14.33 11.08 9.31 - * = | x:money 14.33:money 11.08:dollar 9.31:dollar -:dollar *:money =:money
EXPR: 0 | POS | FRA | 20 | 34.72 | 6.06 | ((9.31-14.33)+11.08)=x | 9.31 14.33 - 11.08 + x = | 9.31:dollar 14.33:dollar -:dollar 11.08:dollar +:dollar x:dollar =:dollar
EXPR: 0 | POS | FRA | 20 | 34.72 | 2.86461538461538 | x=(9.31/(14.33-11.08)) | x 9.31 14.33 11.08 - / = | x:money 9.31:money 14.33:dollar 11.08:dollar -:dollar /:money =:money
EXPR: 0 | POS | FRA | 20 | 34.72 | 12.56 | ((14.33-11.08)+9.31)=x | 14.33 11.08 - 9.31 + x = | 14.33:dollar 11.08:dollar -:dollar 9.31:dollar +:dollar x:dollar =:dollar
EXPR: 0 | POS | FRA | 20 | 34.72 | 12.56 | x=(14.33-(11.08-9.31)) | x 14.33 11.08 9.31 - - = | x:dollar 14.33:dollar 11.08:dollar 9.31:dollar -:dollar -:dollar =:dollar
EXPR: 0 | POS | FRA | 20 | 34.72 | 16.1 | x=(14.33+(11.08-9.31)) | x 14.33 11.08 9.31 - + = | x:dollar 14.33:dollar 11.08:dollar 9.31:dollar -:dollar +:dollar =:dollar
EXPR: 0 | POS | FRA | 20 | 34.72 | 16.1 | ((14.33+11.08)-9.31)=x | 14.33 11.08 + 9.31 - x = | 14.33:dollar 11.08:dollar +:dollar 9.31:dollar -:dollar x:dollar =:dollar
EXPR: 0 | POS | FRA | 20 | 34.72 | 8.09604519774011 | (14.33/(11.08-9.31))=x | 14.33 11.08 9.31 - / x = | 14.33:money 11.08:dollar 9.31:dollar -:dollar /:money x:money =:money
EXPR: 1 | POS | FRA | 20 | 34.72 | 34.72 | ((14.33+11.08)+9.31)=x | 14.33 11.08 + 9.31 + x = | 14.33:dollar 11.08:dollar +:dollar 9.31:dollar +:dollar x:dollar =:dollar
EXPR: 1 | POS | FRA | 20 | 34.72 | 34.72 | x=(9.31+(14.33+11.08)) | x 9.31 14.33 11.08 + + = | x:dollar 9.31:dollar 14.33:dollar 11.08:dollar +:dollar +:dollar =:dollar
EXPR: 0 | POS | FRA | 20 | 34.72 | 12.56 | x=(9.31+(14.33-11.08)) | x 9.31 14.33 11.08 - + = | x:dollar 9.31:dollar 14.33:dollar 11.08:dollar -:dollar +:dollar =:dollar
EXPR: 0 | POS | FRA | 20 | 34.72 | 6.06 | x=(9.31-(14.33-11.08)) | x 9.31 14.33 11.08 - - = | x:dollar 9.31:dollar 14.33:dollar 11.08:dollar -:dollar -:dollar =:dollar
EXPR: 0 | POS | FRA | 22 | 34.72 | 117.4848 | 14.33=(x-(9.31*11.08)) | 14.33 x 9.31 11.08 * - = | 14.33:dollar x:dollar 9.31:money 11.08:dollar *:dollar -:dollar =:dollar
EXPR: 0 | POS | FRA | 22 | 34.72 | 144.4923 | (x-(14.33*9.31))=11.08 | x 14.33 9.31 * - 11.08 = | x:dollar 14.33:money 9.31:dollar *:dollar -:dollar 11.08:dollar =:dollar
EXPR: 0 | POS | FRA | 22 | 34.72 | 11.7296859734822 | 9.31=(14.33*(x-11.08)) | 9.31 14.33 x 11.08 - * = | 9.31:dollar 14.33:dollar x:money 11.08:money -:money *:dollar =:dollar
EXPR: 0 | POS | FRA | 22 | 34.72 | 10.4303140265178 | (14.33*(11.08-x))=9.31 | 14.33 11.08 x - * 9.31 = | 14.33:dollar 11.08:money x:money -:money *:dollar 9.31:dollar =:dollar
EXPR: 0 | POS | FRA | 22 | 34.72 | 9.54079484425349 | (14.33/(11.08-x))=9.31 | 14.33 11.08 x - / 9.31 = | 14.33:dollar 11.08:money x:money -:money /:dollar 9.31:dollar =:dollar
EXPR: 0 | POS | FRA | 22 | 34.72 | 236.5671 | 14.33=((x/9.31)-11.08) | 14.33 x 9.31 / 11.08 - = | 14.33:dollar x:dollar 9.31:money /:dollar 11.08:dollar -:dollar =:dollar
EXPR: 0 | POS | FRA | 22 | 34.72 | 30.2575 | (14.33-(x/9.31))=11.08 | 14.33 x 9.31 / - 11.08 = | 14.33:dollar x:dollar 9.31:money /:dollar -:dollar 11.08:dollar =:dollar
EXPR: 0 | POS | FRA | 22 | 34.72 | 149.4664 | 14.33=((x+9.31)/11.08) | 14.33 x 9.31 + 11.08 / = | 14.33:dollar x:dollar 9.31:dollar +:dollar 11.08:money /:dollar =:dollar
EXPR: 0 | POS | FRA | 22 | 34.72 | 88.8248 | 14.33=((9.31*11.08)-x) | 14.33 9.31 11.08 * x - = | 14.33:dollar 9.31:dollar 11.08:money *:dollar x:dollar -:dollar =:dollar
EXPR: 0 | POS | FRA | 22 | 34.72 | 13.1398818474758 | (9.31*(14.33-x))=11.08 | 9.31 14.33 x - * 11.08 = | 9.31:dollar 14.33:money x:money -:money *:dollar 11.08:dollar =:dollar
EXPR: 0 | POS | FRA | 22 | 34.72 | 13.4897472924188 | (9.31/(14.33-x))=11.08 | 9.31 14.33 x - / 11.08 = | 9.31:dollar 14.33:money x:money -:money /:dollar 11.08:dollar =:dollar
EXPR: 0 | POS | FRA | 22 | 34.72 | 15.1702527075812 | ((x-14.33)*11.08)=9.31 | x 14.33 - 11.08 * 9.31 = | x:money 14.33:money -:money 11.08:dollar *:dollar 9.31:dollar =:dollar
EXPR: 0 | POS | FRA | 22 | 34.72 | 12.040821299639 | (14.33*9.31)=(x*11.08) | 14.33 9.31 * x 11.08 * = | 14.33:money 9.31:dollar *:money x:money 11.08:dollar *:money =:money
EXPR: 0 | POS | FRA | 22 | 34.72 | 12.56 | (x-14.33)=(9.31-11.08) | x 14.33 - 9.31 11.08 - = | x:dollar 14.33:dollar -:dollar 9.31:dollar 11.08:dollar -:dollar =:dollar
EXPR: 0 | POS | FRA | 22 | 34.72 | 122.3323 | ((14.33*9.31)-x)=11.08 | 14.33 9.31 * x - 11.08 = | 14.33:dollar 9.31:money *:money x:money -:money 11.08:money =:money
EXPR: 0 | POS | FRA | 22 | 34.72 | 16.1 | 14.33=((x-11.08)+9.31) | 14.33 x 11.08 - 9.31 + = | 14.33:dollar x:dollar 11.08:dollar -:dollar 9.31:dollar +:dollar =:dollar
EXPR: 0 | POS | FRA | 22 | 34.72 | 16.1 | ((9.31-14.33)+x)=11.08 | 9.31 14.33 - x + 11.08 = | 9.31:dollar 14.33:dollar -:dollar x:dollar +:dollar 11.08:dollar =:dollar
EXPR: 0 | POS | FRA | 22 | 34.72 | 12.56 | (9.31+(14.33-x))=11.08 | 9.31 14.33 x - + 11.08 = | 9.31:dollar 14.33:dollar x:dollar -:dollar +:dollar 11.08:dollar =:dollar
EXPR: 0 | POS | FRA | 22 | 34.72 | 149.4664 | 14.33=((9.31+x)/11.08) | 14.33 9.31 x + 11.08 / = | 14.33:dollar 9.31:dollar x:dollar +:dollar 11.08:money /:dollar =:dollar
EXPR: 0 | POS | FRA | 22 | 34.72 | 7.19852058618283 | (14.33*x)=(9.31*11.08) | 14.33 x * 9.31 11.08 * = | 14.33:dollar x:money *:money 9.31:money 11.08:dollar *:money =:money
EXPR: 0 | POS | FRA | 22 | 34.72 | 16.1 | ((14.33+11.08)-x)=9.31 | 14.33 11.08 + x - 9.31 = | 14.33:dollar 11.08:dollar +:dollar x:dollar -:dollar 9.31:dollar =:dollar
EXPR: 0 | POS | FRA | 22 | 34.72 | 236.5671 | 9.31=(x/(14.33+11.08)) | 9.31 x 14.33 11.08 + / = | 9.31:money x:money 14.33:dollar 11.08:dollar +:dollar /:money =:money
EXPR: 0 | POS | FRA | 22 | 34.72 | 30.2575 | 9.31=(x/(14.33-11.08)) | 9.31 x 14.33 11.08 - / = | 9.31:money x:money 14.33:dollar 11.08:dollar -:dollar /:money =:money
EXPR: 0 | POS | FRA | 22 | 34.72 | 16.1 | (9.31-(14.33-x))=11.08 | 9.31 14.33 x - - 11.08 = | 9.31:dollar 14.33:dollar x:dollar -:dollar -:dollar 11.08:dollar =:dollar
EXPR: 0 | POS | FRA | 22 | 34.72 | 12.56 | ((9.31-x)+14.33)=11.08 | 9.31 x - 14.33 + 11.08 = | 9.31:dollar x:dollar -:dollar 14.33:dollar +:dollar 11.08:dollar =:dollar
EXPR: 0 | POS | FRA | 22 | 34.72 | 10.0832030704815 | ((x-9.31)*14.33)=11.08 | x 9.31 - 14.33 * 11.08 = | x:money 9.31:money -:money 14.33:dollar *:dollar 11.08:dollar =:dollar
EXPR: 0 | POS | FRA | 22 | 34.72 | 1478.208284 | (x/14.33)=(9.31*11.08) | x 14.33 / 9.31 11.08 * = | x:money 14.33:dollar /:money 9.31:dollar 11.08:money *:money =:money
EXPR: 0 | POS | FRA | 22 | 34.72 | 12.56 | 14.33=(x+(11.08-9.31)) | 14.33 x 11.08 9.31 - + = | 14.33:dollar x:dollar 11.08:dollar 9.31:dollar -:dollar +:dollar =:dollar
EXPR: 0 | POS | FRA | 22 | 34.72 | 168.0864 | 14.33=((x-9.31)/11.08) | 14.33 x 9.31 - 11.08 / = | 14.33:dollar x:dollar 9.31:dollar -:dollar 11.08:money /:dollar =:dollar
EXPR: 0 | POS | FRA | 22 | 34.72 | 6.06 | ((14.33-11.08)+x)=9.31 | 14.33 11.08 - x + 9.31 = | 14.33:dollar 11.08:dollar -:dollar x:dollar +:dollar 9.31:dollar =:dollar
EXPR: 0 | POS | FRA | 22 | 34.72 | 2.72932330827068 | (x*9.31)=(14.33+11.08) | x 9.31 * 14.33 11.08 + = | x:money 9.31:dollar *:dollar 14.33:dollar 11.08:dollar +:dollar =:dollar
EXPR: 0 | POS | FRA | 22 | 34.72 | 1478.208284 | (14.33*9.31)=(x/11.08) | 14.33 9.31 * x 11.08 / = | 14.33:money 9.31:dollar *:money x:money 11.08:dollar /:money =:money
EXPR: 0 | POS | FRA | 22 | 34.72 | 12.56 | 14.33=((11.08-9.31)+x) | 14.33 11.08 9.31 - x + = | 14.33:dollar 11.08:dollar 9.31:dollar -:dollar x:dollar +:dollar =:dollar
EXPR: 0 | POS | FRA | 22 | 34.72 | 13.4897472924188 | 14.33=((9.31/11.08)+x) | 14.33 9.31 11.08 / x + = | 14.33:dollar 9.31:dollar 11.08:money /:dollar x:dollar +:dollar =:dollar
EXPR: 0 | POS | FRA | 22 | 34.72 | 55.6216 | 14.33=(9.31+(x/11.08)) | 14.33 9.31 x 11.08 / + = | 14.33:money 9.31:money x:money 11.08:dollar /:money +:money =:money
EXPR: 0 | POS | FRA | 22 | 34.72 | 15.1702527075812 | 14.33=(x-(9.31/11.08)) | 14.33 x 9.31 11.08 / - = | 14.33:dollar x:dollar 9.31:dollar 11.08:money /:dollar -:dollar =:dollar
EXPR: 0 | POS | FRA | 22 | 34.72 | 13.4897472924188 | 14.33=(x+(9.31/11.08)) | 14.33 x 9.31 11.08 / + = | 14.33:dollar x:dollar 9.31:dollar 11.08:money /:dollar +:dollar =:dollar
EXPR: 0 | POS | FRA | 22 | 34.72 | 8.53679692951849 | ((9.31-x)*14.33)=11.08 | 9.31 x - 14.33 * 11.08 = | 9.31:money x:money -:money 14.33:dollar *:dollar 11.08:dollar =:dollar
EXPR: 0 | POS | FRA | 22 | 34.72 | 6.06 | (x+14.33)=(9.31+11.08) | x 14.33 + 9.31 11.08 + = | x:dollar 14.33:dollar +:dollar 9.31:dollar 11.08:dollar +:dollar =:dollar
EXPR: 0 | POS | FRA | 22 | 34.72 | 12.040821299639 | (14.33*9.31)=(11.08*x) | 14.33 9.31 * 11.08 x * = | 14.33:dollar 9.31:money *:money 11.08:dollar x:money *:money =:money
EXPR: 0 | POS | FRA | 22 | 34.72 | 6.06 | 14.33=(11.08-(x-9.31)) | 14.33 11.08 x 9.31 - - = | 14.33:dollar 11.08:dollar x:dollar 9.31:dollar -:dollar -:dollar =:dollar
EXPR: 0 | POS | FRA | 22 | 34.72 | 9.54079484425349 | 14.33=((11.08-x)*9.31) | 14.33 11.08 x - 9.31 * = | 14.33:dollar 11.08:money x:money -:money 9.31:dollar *:dollar =:dollar
EXPR: 0 | POS | FRA | 22 | 34.72 | 88.8248 | ((14.33+x)/9.31)=11.08 | 14.33 x + 9.31 / 11.08 = | 14.33:dollar x:dollar +:dollar 9.31:money /:dollar 11.08:dollar =:dollar
EXPR: 0 | POS | FRA | 22 | 34.72 | 7.19852058618283 | (x*14.33)=(9.31*11.08) | x 14.33 * 9.31 11.08 * = | x:money 14.33:dollar *:money 9.31:money 11.08:dollar *:money =:money
EXPR: 0 | POS | FRA | 22 | 34.72 | 0.349087003222342 | (x*9.31)=(14.33-11.08) | x 9.31 * 14.33 11.08 - = | x:money 9.31:dollar *:dollar 14.33:dollar 11.08:dollar -:dollar =:dollar
EXPR: 0 | POS | FRA | 22 | 34.72 | 12.56 | 14.33=(11.08-(9.31-x)) | 14.33 11.08 9.31 x - - = | 14.33:dollar 11.08:dollar 9.31:dollar x:dollar -:dollar -:dollar =:dollar
EXPR: 0 | POS | FRA | 22 | 34.72 | 6.06 | 14.33=(11.08+(9.31-x)) | 14.33 11.08 9.31 x - + = | 14.33:dollar 11.08:dollar 9.31:dollar x:dollar -:dollar +:dollar =:dollar
EXPR: 0 | POS | FRA | 22 | 34.72 | 0.0586359181843145 | (x*14.33)=(9.31/11.08) | x 14.33 * 9.31 11.08 / = | x:money 14.33:dollar *:dollar 9.31:dollar 11.08:money /:dollar =:dollar
EXPR: 0 | POS | FRA | 22 | 34.72 | 6.06 | 14.33=((11.08-x)+9.31) | 14.33 11.08 x - 9.31 + = | 14.33:dollar 11.08:dollar x:dollar -:dollar 9.31:dollar +:dollar =:dollar
EXPR: 0 | POS | FRA | 22 | 34.72 | 16.1 | (x+(9.31-14.33))=11.08 | x 9.31 14.33 - + 11.08 = | x:dollar 9.31:dollar 14.33:dollar -:dollar +:dollar 11.08:dollar =:dollar
EXPR: 0 | POS | FRA | 22 | 34.72 | 6.06 | (x-(9.31-14.33))=11.08 | x 9.31 14.33 - - 11.08 = | x:dollar 9.31:dollar 14.33:dollar -:dollar -:dollar 11.08:dollar =:dollar
EXPR: 0 | POS | FRA | 22 | 34.72 | 16.1 | (14.33-x)=(9.31-11.08) | 14.33 x - 9.31 11.08 - = | 14.33:dollar x:dollar -:dollar 9.31:dollar 11.08:dollar -:dollar =:dollar
EXPR: 1 | POS | FRA | 22 | 34.72 | 34.72 | (x-14.33)=(9.31+11.08) | x 14.33 - 9.31 11.08 + = | x:dollar 14.33:dollar -:dollar 9.31:dollar 11.08:dollar +:dollar =:dollar
EXPR: 0 | POS | FRA | 22 | 34.72 | 0.138917432829107 | (14.33/x)=(9.31*11.08) | 14.33 x / 9.31 11.08 * = | 14.33:dollar x:money /:dollar 9.31:dollar 11.08:money *:dollar =:dollar
EXPR: 0 | POS | FRA | 22 | 34.72 | 12.56 | 9.31=((x-14.33)+11.08) | 9.31 x 14.33 - 11.08 + = | 9.31:dollar x:dollar 14.33:dollar -:dollar 11.08:dollar +:dollar =:dollar
EXPR: 0 | POS | FRA | 22 | 34.72 | 16.1 | (14.33-9.31)=(x-11.08) | 14.33 9.31 - x 11.08 - = | 14.33:dollar 9.31:dollar -:dollar x:dollar 11.08:dollar -:dollar =:dollar
EXPR: 0 | POS | FRA | 22 | 34.72 | 12.56 | (14.33+9.31)=(x+11.08) | 14.33 9.31 + x 11.08 + = | 14.33:dollar 9.31:dollar +:dollar x:dollar 11.08:dollar +:dollar =:dollar
EXPR: 1 | POS | FRA | 22 | 34.72 | 34.72 | (14.33+9.31)=(x-11.08) | 14.33 9.31 + x 11.08 - = | 14.33:dollar 9.31:dollar +:dollar x:dollar 11.08:dollar -:dollar =:dollar
EXPR: 0 | POS | FRA | 22 | 34.72 | 0.0586359181843145 | (14.33*x)=(9.31/11.08) | 14.33 x * 9.31 11.08 / = | 14.33:dollar x:money *:money 9.31:money 11.08:dollar /:money =:money
EXPR: 0 | POS | FRA | 22 | 34.72 | 0.123517096999302 | (x*14.33)=(11.08-9.31) | x 14.33 * 11.08 9.31 - = | x:money 14.33:dollar *:dollar 11.08:dollar 9.31:dollar -:dollar =:dollar
EXPR: 1 | POS | FRA | 22 | 34.72 | 34.72 | 14.33=((x-11.08)-9.31) | 14.33 x 11.08 - 9.31 - = | 14.33:dollar x:dollar 11.08:dollar -:dollar 9.31:dollar -:dollar =:dollar
EXPR: 0 | POS | FRA | 22 | 34.72 | 6.06 | (14.33+x)=(9.31+11.08) | 14.33 x + 9.31 11.08 + = | 14.33:dollar x:dollar +:dollar 9.31:dollar 11.08:dollar +:dollar =:dollar
EXPR: 0 | POS | FRA | 22 | 34.72 | 6.06 | (14.33-9.31)=(11.08-x) | 14.33 9.31 - 11.08 x - = | 14.33:dollar 9.31:dollar -:dollar 11.08:dollar x:dollar -:dollar =:dollar
EXPR: 0 | POS | FRA | 22 | 34.72 | 12.56 | (14.33+9.31)=(11.08+x) | 14.33 9.31 + 11.08 x + = | 14.33:dollar 9.31:dollar +:dollar 11.08:dollar x:dollar +:dollar =:dollar
EXPR: 0 | POS | FRA | 22 | 34.72 | 15.5201181525242 | (9.31*(x-14.33))=11.08 | 9.31 x 14.33 - * 11.08 = | 9.31:dollar x:money 14.33:money -:money *:dollar 11.08:dollar =:dollar
EXPR: 0 | POS | FRA | 22 | 34.72 | 15.1702527075812 | (9.31/(x-14.33))=11.08 | 9.31 x 14.33 - / 11.08 = | 9.31:dollar x:money 14.33:money -:money /:dollar 11.08:dollar =:dollar
EXPR: 0 | POS | FRA | 22 | 34.72 | 16.1 | 14.33=(x-(11.08-9.31)) | 14.33 x 11.08 9.31 - - = | 14.33:dollar x:dollar 11.08:dollar 9.31:dollar -:dollar -:dollar =:dollar
EXPR: 0 | POS | FRA | 22 | 34.72 | 0.0830508131559084 | (14.33*9.31)=(11.08/x) | 14.33 9.31 * 11.08 x / = | 14.33:money 9.31:dollar *:dollar 11.08:dollar x:money /:dollar =:dollar
EXPR: 0 | POS | FRA | 22 | 34.72 | 12.56 | 14.33=(11.08+(x-9.31)) | 14.33 11.08 x 9.31 - + = | 14.33:dollar 11.08:dollar x:dollar 9.31:dollar -:dollar +:dollar =:dollar
EXPR: 0 | POS | FRA | 22 | 34.72 | 17.0543931256713 | (14.33/9.31)=(x/11.08) | 14.33 9.31 / x 11.08 / = | 14.33:money 9.31:dollar /:money x:money 11.08:dollar /:money =:money
EXPR: 0 | POS | FRA | 22 | 34.72 | 2.72932330827068 | (14.33+11.08)=(x*9.31) | 14.33 11.08 + x 9.31 * = | 14.33:dollar 11.08:dollar +:dollar x:money 9.31:dollar *:dollar =:dollar
EXPR: 0 | POS | FRA | 22 | 34.72 | 0.138917432829107 | (14.33/9.31)=(x*11.08) | 14.33 9.31 / x 11.08 * = | 14.33:dollar 9.31:money /:dollar x:money 11.08:dollar *:dollar =:dollar
EXPR: 0 | POS | FRA | 22 | 34.72 | 6.06 | 9.31=((14.33+x)-11.08) | 9.31 14.33 x + 11.08 - = | 9.31:dollar 14.33:dollar x:dollar +:dollar 11.08:dollar -:dollar =:dollar
EXPR: 0 | POS | FRA | 22 | 34.72 | 0.349087003222342 | (14.33-11.08)=(x*9.31) | 14.33 11.08 - x 9.31 * = | 14.33:dollar 11.08:dollar -:dollar x:money 9.31:dollar *:dollar =:dollar
EXPR: 0 | POS | FRA | 22 | 34.72 | 25.3641 | 14.33=(x/(11.08-9.31)) | 14.33 x 11.08 9.31 - / = | 14.33:money x:money 11.08:dollar 9.31:dollar -:dollar /:money =:money
EXPR: 0 | POS | FRA | 22 | 34.72 | 12.040821299639 | (x/14.33)=(9.31/11.08) | x 14.33 / 9.31 11.08 / = | x:money 14.33:dollar /:money 9.31:money 11.08:dollar /:money =:money
EXPR: 1 | POS | FRA | 22 | 34.72 | 34.72 | ((x-9.31)-14.33)=11.08 | x 9.31 - 14.33 - 11.08 = | x:dollar 9.31:dollar -:dollar 14.33:dollar -:dollar 11.08:dollar =:dollar
EXPR: 0 | POS | FRA | 22 | 34.72 | 2.86461538461538 | (14.33-11.08)=(9.31/x) | 14.33 11.08 - 9.31 x / = | 14.33:dollar 11.08:dollar -:dollar 9.31:dollar x:money /:dollar =:dollar
EXPR: 0 | POS | FRA | 22 | 34.72 | 0.366391184573003 | (14.33+11.08)=(9.31/x) | 14.33 11.08 + 9.31 x / = | 14.33:dollar 11.08:dollar +:dollar 9.31:dollar x:money /:dollar =:dollar
EXPR: 0 | POS | FRA | 22 | 34.72 | 30.2575 | 14.33=((x/9.31)+11.08) | 14.33 x 9.31 / 11.08 + = | 14.33:dollar x:dollar 9.31:money /:dollar 11.08:dollar +:dollar =:dollar
EXPR: 0 | POS | FRA | 22 | 34.72 | 236.5671 | (x/(14.33+11.08))=9.31 | x 14.33 11.08 + / 9.31 = | x:money 14.33:dollar 11.08:dollar +:dollar /:money 9.31:money =:money
EXPR: 0 | POS | FRA | 22 | 34.72 | 2.86461538461538 | (9.31/x)=(14.33-11.08) | 9.31 x / 14.33 11.08 - = | 9.31:dollar x:money /:dollar 14.33:dollar 11.08:dollar -:dollar =:dollar
EXPR: 0 | POS | FRA | 22 | 34.72 | 0.366391184573003 | (9.31/x)=(14.33+11.08) | 9.31 x / 14.33 11.08 + = | 9.31:dollar x:money /:dollar 14.33:dollar 11.08:dollar +:dollar =:dollar
EXPR: 0 | POS | FRA | 22 | 34.72 | 6.06 | ((x+14.33)-11.08)=9.31 | x 14.33 + 11.08 - 9.31 = | x:dollar 14.33:dollar +:dollar 11.08:dollar -:dollar 9.31:dollar =:dollar
EXPR: 0 | POS | FRA | 22 | 34.72 | 16.1 | 9.31=((14.33-x)+11.08) | 9.31 14.33 x - 11.08 + = | 9.31:dollar 14.33:dollar x:dollar -:dollar 11.08:dollar +:dollar =:dollar
EXPR: 0 | POS | FRA | 22 | 34.72 | 0.349087003222342 | (9.31*x)=(14.33-11.08) | 9.31 x * 14.33 11.08 - = | 9.31:dollar x:money *:dollar 14.33:dollar 11.08:dollar -:dollar =:dollar
EXPR: 0 | POS | FRA | 22 | 34.72 | 2.72932330827068 | (9.31*x)=(14.33+11.08) | 9.31 x * 14.33 11.08 + = | 9.31:dollar x:money *:dollar 14.33:dollar 11.08:dollar +:dollar =:dollar
EXPR: 0 | POS | FRA | 22 | 34.72 | 7.19852058618283 | (14.33/9.31)=(11.08/x) | 14.33 9.31 / 11.08 x / = | 14.33:dollar 9.31:money /:dollar 11.08:dollar x:money /:dollar =:dollar
EXPR: 1 | POS | FRA | 22 | 34.72 | 34.72 | 9.31=((x-14.33)-11.08) | 9.31 x 14.33 - 11.08 - = | 9.31:dollar x:dollar 14.33:dollar -:dollar 11.08:dollar -:dollar =:dollar
EXPR: 0 | POS | FRA | 22 | 34.72 | 16.1 | (14.33+(11.08-x))=9.31 | 14.33 11.08 x - + 9.31 = | 14.33:dollar 11.08:dollar x:dollar -:dollar +:dollar 9.31:dollar =:dollar
EXPR: 0 | POS | FRA | 22 | 34.72 | 6.06 | (14.33-(11.08-x))=9.31 | 14.33 11.08 x - - 9.31 = | 14.33:dollar 11.08:dollar x:dollar -:dollar -:dollar 9.31:dollar =:dollar
EXPR: 0 | POS | FRA | 22 | 34.72 | 0.138917432829107 | (14.33/9.31)=(11.08*x) | 14.33 9.31 / 11.08 x * = | 14.33:dollar 9.31:money /:dollar 11.08:dollar x:money *:dollar =:dollar
EXPR: 0 | POS | FRA | 22 | 34.72 | 12.56 | (9.31-(x-14.33))=11.08 | 9.31 x 14.33 - - 11.08 = | 9.31:dollar x:dollar 14.33:dollar -:dollar -:dollar 11.08:dollar =:dollar
EXPR: 0 | POS | FRA | 22 | 34.72 | 16.1 | (9.31+(x-14.33))=11.08 | 9.31 x 14.33 - + 11.08 = | 9.31:dollar x:dollar 14.33:dollar -:dollar +:dollar 11.08:dollar =:dollar
EXPR: 0 | POS | FRA | 22 | 34.72 | 0.349087003222342 | (14.33-11.08)=(9.31*x) | 14.33 11.08 - 9.31 x * = | 14.33:dollar 11.08:dollar -:dollar 9.31:dollar x:money *:dollar =:dollar
EXPR: 0 | POS | FRA | 22 | 34.72 | 2.72932330827068 | (14.33+11.08)=(9.31*x) | 14.33 11.08 + 9.31 x * = | 14.33:dollar 11.08:dollar +:dollar 9.31:dollar x:money *:dollar =:dollar
EXPR: 0 | POS | FRA | 22 | 34.72 | 30.2575 | (x/(14.33-11.08))=9.31 | x 14.33 11.08 - / 9.31 = | x:money 14.33:dollar 11.08:dollar -:dollar /:money 9.31:money =:money
EXPR: 0 | POS | FRA | 22 | 34.72 | 10.4303140265178 | 9.31=(14.33*(11.08-x)) | 9.31 14.33 11.08 x - * = | 9.31:dollar 14.33:dollar 11.08:money x:money -:money *:dollar =:dollar
EXPR: 0 | POS | FRA | 22 | 34.72 | 6.06 | ((x-9.31)+14.33)=11.08 | x 9.31 - 14.33 + 11.08 = | x:dollar 9.31:dollar -:dollar 14.33:dollar +:dollar 11.08:dollar =:dollar
EXPR: 0 | POS | FRA | 22 | 34.72 | 292.1887 | ((x/14.33)-9.31)=11.08 | x 14.33 / 9.31 - 11.08 = | x:money 14.33:dollar /:money 9.31:money -:money 11.08:money =:money
EXPR: 0 | POS | FRA | 22 | 34.72 | 25.3641 | ((x/14.33)+9.31)=11.08 | x 14.33 / 9.31 + 11.08 = | x:money 14.33:dollar /:money 9.31:money +:money 11.08:money =:money
EXPR: 0 | POS | FRA | 22 | 34.72 | 117.4848 | ((x-14.33)/9.31)=11.08 | x 14.33 - 9.31 / 11.08 = | x:money 14.33:money -:money 9.31:dollar /:money 11.08:money =:money
EXPR: 0 | POS | FRA | 22 | 34.72 | 88.8248 | ((x+14.33)/9.31)=11.08 | x 14.33 + 9.31 / 11.08 = | x:money 14.33:money +:money 9.31:dollar /:money 11.08:money =:money
EXPR: 1 | POS | FRA | 22 | 34.72 | 34.72 | ((x-14.33)-11.08)=9.31 | x 14.33 - 11.08 - 9.31 = | x:dollar 14.33:dollar -:dollar 11.08:dollar -:dollar 9.31:dollar =:dollar
EXPR: 0 | POS | FRA | 22 | 34.72 | 12.6192051557465 | 9.31=(14.33/(x-11.08)) | 9.31 14.33 x 11.08 - / = | 9.31:dollar 14.33:dollar x:money 11.08:money -:money /:dollar =:dollar
EXPR: 0 | POS | FRA | 22 | 34.72 | 12.56 | ((x-14.33)+11.08)=9.31 | x 14.33 - 11.08 + 9.31 = | x:dollar 14.33:dollar -:dollar 11.08:dollar +:dollar 9.31:dollar =:dollar
EXPR: 0 | POS | FRA | 22 | 34.72 | 13.4897472924188 | ((14.33-x)*11.08)=9.31 | 14.33 x - 11.08 * 9.31 = | 14.33:money x:money -:money 11.08:dollar *:dollar 9.31:dollar =:dollar
EXPR: 0 | POS | FRA | 22 | 34.72 | 15.1702527075812 | 9.31=((x-14.33)*11.08) | 9.31 x 14.33 - 11.08 * = | 9.31:dollar x:money 14.33:money -:money 11.08:dollar *:dollar =:dollar
EXPR: 0 | POS | FRA | 22 | 34.72 | 13.4897472924188 | 9.31=((14.33-x)*11.08) | 9.31 14.33 x - 11.08 * = | 9.31:dollar 14.33:money x:money -:money 11.08:dollar *:dollar =:dollar
EXPR: 0 | POS | FRA | 22 | 34.72 | 16.1 | ((14.33-x)+11.08)=9.31 | 14.33 x - 11.08 + 9.31 = | 14.33:dollar x:dollar -:dollar 11.08:dollar +:dollar 9.31:dollar =:dollar
EXPR: 1 | POS | FRA | 22 | 34.72 | 34.72 | (x-(14.33+11.08))=9.31 | x 14.33 11.08 + - 9.31 = | x:dollar 14.33:dollar 11.08:dollar +:dollar -:dollar 9.31:dollar =:dollar
EXPR: 0 | POS | FRA | 22 | 34.72 | 6.06 | (x+(14.33-11.08))=9.31 | x 14.33 11.08 - + 9.31 = | x:dollar 14.33:dollar 11.08:dollar -:dollar +:dollar 9.31:dollar =:dollar
EXPR: 0 | POS | FRA | 22 | 34.72 | 6.06 | 9.31=(14.33-(11.08-x)) | 9.31 14.33 11.08 x - - = | 9.31:dollar 14.33:dollar 11.08:dollar x:dollar -:dollar -:dollar =:dollar
EXPR: 0 | POS | FRA | 22 | 34.72 | 6.06 | (14.33+(x-11.08))=9.31 | 14.33 x 11.08 - + 9.31 = | 14.33:dollar x:dollar 11.08:dollar -:dollar +:dollar 9.31:dollar =:dollar
EXPR: 0 | POS | FRA | 22 | 34.72 | 12.56 | (x-(14.33-11.08))=9.31 | x 14.33 11.08 - - 9.31 = | x:dollar 14.33:dollar 11.08:dollar -:dollar -:dollar 9.31:dollar =:dollar
EXPR: 0 | POS | FRA | 22 | 34.72 | 9.54079484425349 | ((14.33/9.31)+x)=11.08 | 14.33 9.31 / x + 11.08 = | 14.33:dollar 9.31:money /:dollar x:dollar +:dollar 11.08:dollar =:dollar
EXPR: 0 | POS | FRA | 22 | 34.72 | 16.1 | ((x+9.31)-14.33)=11.08 | x 9.31 + 14.33 - 11.08 = | x:dollar 9.31:dollar +:dollar 14.33:dollar -:dollar 11.08:dollar =:dollar
EXPR: 0 | POS | FRA | 22 | 34.72 | 6.06 | 9.31=(14.33+(x-11.08)) | 9.31 14.33 x 11.08 - + = | 9.31:dollar 14.33:dollar x:dollar 11.08:dollar -:dollar +:dollar =:dollar
EXPR: 0 | POS | FRA | 22 | 34.72 | 9.54079484425349 | (x+(14.33/9.31))=11.08 | x 14.33 9.31 / + 11.08 = | x:money 14.33:money 9.31:dollar /:money +:money 11.08:money =:money
EXPR: 0 | POS | FRA | 22 | 34.72 | 16.1 | 9.31=(14.33+(11.08-x)) | 9.31 14.33 11.08 x - + = | 9.31:dollar 14.33:dollar 11.08:dollar x:dollar -:dollar +:dollar =:dollar
EXPR: 0 | POS | FRA | 22 | 34.72 | 16.1 | 9.31=((14.33+11.08)-x) | 9.31 14.33 11.08 + x - = | 9.31:dollar 14.33:dollar 11.08:dollar +:dollar x:dollar -:dollar =:dollar
EXPR: 0 | POS | FRA | 22 | 34.72 | 16.1 | 9.31=(14.33-(x-11.08)) | 9.31 14.33 x 11.08 - - = | 9.31:dollar 14.33:dollar x:dollar 11.08:dollar -:dollar -:dollar =:dollar
EXPR: 0 | POS | FRA | 22 | 34.72 | 17.0543931256713 | (14.33/x)=(9.31/11.08) | 14.33 x / 9.31 11.08 / = | 14.33:dollar x:money /:dollar 9.31:dollar 11.08:money /:dollar =:dollar
EXPR: 0 | POS | FRA | 22 | 34.72 | 16.1 | (14.33-(x-11.08))=9.31 | 14.33 x 11.08 - - 9.31 = | 14.33:dollar x:dollar 11.08:dollar -:dollar -:dollar 9.31:dollar =:dollar
EXPR: 0 | POS | FRA | 22 | 34.72 | 16.1 | ((9.31+x)-14.33)=11.08 | 9.31 x + 14.33 - 11.08 = | 9.31:dollar x:dollar +:dollar 14.33:dollar -:dollar 11.08:dollar =:dollar
EXPR: 0 | POS | FRA | 22 | 34.72 | 6.06 | 9.31=((14.33-11.08)+x) | 9.31 14.33 11.08 - x + = | 9.31:dollar 14.33:dollar 11.08:dollar -:dollar x:dollar +:dollar =:dollar
EXPR: 0 | POS | FRA | 22 | 34.72 | 0.123517096999302 | (14.33*x)=(11.08-9.31) | 14.33 x * 11.08 9.31 - = | 14.33:dollar x:money *:dollar 11.08:dollar 9.31:dollar -:dollar =:dollar
EXPR: 0 | POS | FRA | 22 | 34.72 | 12.6192051557465 | 14.33=((x-11.08)*9.31) | 14.33 x 11.08 - 9.31 * = | 14.33:dollar x:money 11.08:money -:money 9.31:dollar *:dollar =:dollar
EXPR: 0 | POS | FRA | 22 | 34.72 | 8.09604519774011 | (14.33/x)=(11.08-9.31) | 14.33 x / 11.08 9.31 - = | 14.33:dollar x:money /:dollar 11.08:dollar 9.31:dollar -:dollar =:dollar
EXPR: 0 | POS | FRA | 22 | 34.72 | 8.01667870036101 | 14.33=(11.08*(9.31-x)) | 14.33 11.08 9.31 x - * = | 14.33:dollar 11.08:dollar 9.31:money x:money -:money *:dollar =:dollar
EXPR: 0 | POS | FRA | 22 | 34.72 | 12.6192051557465 | (x-(14.33/9.31))=11.08 | x 14.33 9.31 / - 11.08 = | x:dollar 14.33:dollar 9.31:money /:dollar -:dollar 11.08:dollar =:dollar
EXPR: 0 | POS | FRA | 22 | 34.72 | 8.53679692951849 | 14.33=(11.08/(9.31-x)) | 14.33 11.08 9.31 x - / = | 14.33:dollar 11.08:dollar 9.31:money x:money -:money /:dollar =:dollar
EXPR: 0 | POS | FRA | 22 | 34.72 | 9.54079484425349 | 9.31=(14.33/(11.08-x)) | 9.31 14.33 11.08 x - / = | 9.31:dollar 14.33:dollar 11.08:money x:money -:money /:dollar =:dollar
EXPR: 1 | POS | FRA | 22 | 34.72 | 34.72 | 9.31=(x-(14.33+11.08)) | 9.31 x 14.33 11.08 + - = | 9.31:dollar x:dollar 14.33:dollar 11.08:dollar +:dollar -:dollar =:dollar
EXPR: 0 | POS | FRA | 22 | 34.72 | 6.06 | ((14.33+x)-11.08)=9.31 | 14.33 x + 11.08 - 9.31 = | 14.33:dollar x:dollar +:dollar 11.08:dollar -:dollar 9.31:dollar =:dollar
EXPR: 0 | POS | FRA | 22 | 34.72 | 6.06 | 9.31=(x+(14.33-11.08)) | 9.31 x 14.33 11.08 - + = | 9.31:dollar x:dollar 14.33:dollar 11.08:dollar -:dollar +:dollar =:dollar
EXPR: 0 | POS | FRA | 22 | 34.72 | 11.7296859734822 | (14.33*(x-11.08))=9.31 | 14.33 x 11.08 - * 9.31 = | 14.33:dollar x:money 11.08:money -:money *:dollar 9.31:dollar =:dollar
EXPR: 0 | POS | FRA | 22 | 34.72 | 12.6192051557465 | (14.33/(x-11.08))=9.31 | 14.33 x 11.08 - / 9.31 = | 14.33:dollar x:money 11.08:money -:money /:dollar 9.31:dollar =:dollar
EXPR: 0 | POS | FRA | 22 | 34.72 | 10.0832030704815 | 14.33=(11.08/(x-9.31)) | 14.33 11.08 x 9.31 - / = | 14.33:dollar 11.08:dollar x:money 9.31:money -:money /:dollar =:dollar
EXPR: 0 | POS | FRA | 22 | 34.72 | 12.56 | 9.31=(x-(14.33-11.08)) | 9.31 x 14.33 11.08 - - = | 9.31:dollar x:dollar 14.33:dollar 11.08:dollar -:dollar -:dollar =:dollar
EXPR: 0 | POS | FRA | 22 | 34.72 | 10.603321299639 | 14.33=(11.08*(x-9.31)) | 14.33 11.08 x 9.31 - * = | 14.33:dollar 11.08:dollar x:money 9.31:money -:money *:dollar =:dollar
EXPR: 0 | POS | FRA | 22 | 34.72 | 12.56 | 14.33=((x+11.08)-9.31) | 14.33 x 11.08 + 9.31 - = | 14.33:dollar x:dollar 11.08:dollar +:dollar 9.31:dollar -:dollar =:dollar
EXPR: 0 | POS | FRA | 22 | 34.72 | 6.06 | 9.31=((x+14.33)-11.08) | 9.31 x 14.33 + 11.08 - = | 9.31:dollar x:dollar 14.33:dollar +:dollar 11.08:dollar -:dollar =:dollar
EXPR: 0 | POS | FRA | 22 | 34.72 | 12.56 | 14.33=((11.08+x)-9.31) | 14.33 11.08 x + 9.31 - = | 14.33:dollar 11.08:dollar x:dollar +:dollar 9.31:dollar -:dollar =:dollar
EXPR: 0 | POS | FRA | 27 | 34.72 | 0.468697123519459 | 9.31=((11.08/x)-14.33) | 9.31 11.08 x / 14.33 - = | 9.31:dollar 11.08:dollar x:money /:dollar 14.33:dollar -:dollar =:dollar
EXPR: 0 | POS | FRA | 27 | 34.72 | 2.13357400722022 | ((x*11.08)-14.33)=9.31 | x 11.08 * 14.33 - 9.31 = | x:money 11.08:dollar *:dollar 14.33:dollar -:dollar 9.31:dollar =:dollar
EXPR: 0 | POS | FRA | 27 | 34.72 | 0.349087003222342 | 11.08=(14.33-(9.31*x)) | 11.08 14.33 9.31 x * - = | 11.08:dollar 14.33:dollar 9.31:dollar x:money *:dollar -:dollar =:dollar
EXPR: 0 | POS | FRA | 27 | 34.72 | 2.86461538461538 | 11.08=(14.33-(9.31/x)) | 11.08 14.33 9.31 x / - = | 11.08:dollar 14.33:dollar 9.31:dollar x:money /:dollar -:dollar =:dollar
EXPR: 0 | POS | FRA | 27 | 34.72 | 2.13357400722022 | 9.31=((11.08*x)-14.33) | 9.31 11.08 x * 14.33 - = | 9.31:dollar 11.08:dollar x:money *:dollar 14.33:dollar -:dollar =:dollar
EXPR: 0 | POS | FRA | 27 | 34.72 | 2.13357400722022 | 9.31=((x*11.08)-14.33) | 9.31 x 11.08 * 14.33 - = | 9.31:dollar x:money 11.08:dollar *:dollar 14.33:dollar -:dollar =:dollar
EXPR: 0 | POS | FRA | 27 | 34.72 | 1.42288904396371 | 11.08=((x*14.33)-9.31) | 11.08 x 14.33 * 9.31 - = | 11.08:dollar x:money 14.33:dollar *:dollar 9.31:dollar -:dollar =:dollar
EXPR: 0 | POS | FRA | 27 | 34.72 | 0.453068592057762 | (9.31+(x*11.08))=14.33 | 9.31 x 11.08 * + 14.33 = | 9.31:dollar x:money 11.08:dollar *:dollar +:dollar 14.33:dollar =:dollar
EXPR: 0 | POS | FRA | 27 | 34.72 | 8.09604519774011 | 9.31=(11.08-(14.33/x)) | 9.31 11.08 14.33 x / - = | 9.31:dollar 11.08:dollar 14.33:dollar x:money /:dollar -:dollar =:dollar
EXPR: 0 | POS | FRA | 27 | 34.72 | 0.123517096999302 | (11.08-(14.33*x))=9.31 | 11.08 14.33 x * - 9.31 = | 11.08:dollar 14.33:dollar x:money *:dollar -:dollar 9.31:dollar =:dollar
EXPR: 0 | POS | FRA | 27 | 34.72 | 8.09604519774011 | (11.08-(14.33/x))=9.31 | 11.08 14.33 x / - 9.31 = | 11.08:dollar 14.33:dollar x:money /:dollar -:dollar 9.31:dollar =:dollar
EXPR: 0 | POS | FRA | 27 | 34.72 | 0.123517096999302 | (11.08-(x*14.33))=9.31 | 11.08 x 14.33 * - 9.31 = | 11.08:dollar x:money 14.33:dollar *:dollar -:dollar 9.31:dollar =:dollar
EXPR: 0 | POS | FRA | 27 | 34.72 | 0.123517096999302 | 9.31=(11.08-(14.33*x)) | 9.31 11.08 14.33 x * - = | 9.31:dollar 11.08:dollar 14.33:dollar x:money *:dollar -:dollar =:dollar
EXPR: 0 | POS | FRA | 27 | 34.72 | 0.123517096999302 | 11.08=((14.33*x)+9.31) | 11.08 14.33 x * 9.31 + = | 11.08:dollar 14.33:dollar x:money *:dollar 9.31:dollar +:dollar =:dollar
EXPR: 0 | POS | FRA | 27 | 34.72 | 0.468697123519459 | 11.08=(x*(14.33+9.31)) | 11.08 x 14.33 9.31 + * = | 11.08:dollar x:money 14.33:dollar 9.31:dollar +:dollar *:dollar =:dollar
EXPR: 0 | POS | FRA | 27 | 34.72 | 2.20717131474104 | 11.08=(x*(14.33-9.31)) | 11.08 x 14.33 9.31 - * = | 11.08:dollar x:money 14.33:dollar 9.31:dollar -:dollar *:dollar =:dollar
EXPR: 0 | POS | FRA | 27 | 34.72 | 1.42288904396371 | 11.08=((14.33*x)-9.31) | 11.08 14.33 x * 9.31 - = | 11.08:dollar 14.33:dollar x:money *:dollar 9.31:dollar -:dollar =:dollar
EXPR: 0 | POS | FRA | 27 | 34.72 | 8.09604519774011 | 11.08=((14.33/x)+9.31) | 11.08 14.33 x / 9.31 + = | 11.08:dollar 14.33:dollar x:money /:dollar 9.31:dollar +:dollar =:dollar
EXPR: 0 | POS | FRA | 27 | 34.72 | 0.702795487984306 | 11.08=((14.33/x)-9.31) | 11.08 14.33 x / 9.31 - = | 11.08:dollar 14.33:dollar x:money /:dollar 9.31:dollar -:dollar =:dollar
EXPR: 0 | POS | FRA | 27 | 34.72 | 0.453068592057762 | (9.31+(11.08*x))=14.33 | 9.31 11.08 x * + 14.33 = | 9.31:dollar 11.08:dollar x:money *:dollar +:dollar 14.33:dollar =:dollar
EXPR: 0 | POS | FRA | 27 | 34.72 | 0.468697123519459 | ((11.08/x)-14.33)=9.31 | 11.08 x / 14.33 - 9.31 = | 11.08:dollar x:money /:dollar 14.33:dollar -:dollar 9.31:dollar =:dollar
EXPR: 0 | POS | FRA | 27 | 34.72 | 0.366391184573003 | ((9.31/x)-11.08)=14.33 | 9.31 x / 11.08 - 14.33 = | 9.31:dollar x:money /:dollar 11.08:dollar -:dollar 14.33:dollar =:dollar
EXPR: 0 | POS | FRA | 27 | 34.72 | 2.86461538461538 | ((9.31/x)+11.08)=14.33 | 9.31 x / 11.08 + 14.33 = | 9.31:dollar x:money /:dollar 11.08:dollar +:dollar 14.33:dollar =:dollar
EXPR: 0 | POS | FRA | 27 | 34.72 | 2.72932330827068 | ((9.31*x)-11.08)=14.33 | 9.31 x * 11.08 - 14.33 = | 9.31:dollar x:money *:dollar 11.08:dollar -:dollar 14.33:dollar =:dollar
EXPR: 0 | POS | FRA | 27 | 34.72 | 0.349087003222342 | ((9.31*x)+11.08)=14.33 | 9.31 x * 11.08 + 14.33 = | 9.31:dollar x:money *:dollar 11.08:dollar +:dollar 14.33:dollar =:dollar
EXPR: 0 | POS | FRA | 27 | 34.72 | 2.13357400722022 | ((11.08*x)-14.33)=9.31 | 11.08 x * 14.33 - 9.31 = | 11.08:dollar x:money *:dollar 14.33:dollar -:dollar 9.31:dollar =:dollar
EXPR: 0 | POS | FRA | 27 | 34.72 | 2.72932330827068 | ((x*9.31)-11.08)=14.33 | x 9.31 * 11.08 - 14.33 = | x:money 9.31:dollar *:dollar 11.08:dollar -:dollar 14.33:dollar =:dollar
EXPR: 0 | POS | FRA | 27 | 34.72 | 2.20717131474104 | (9.31+(11.08/x))=14.33 | 9.31 11.08 x / + 14.33 = | 9.31:dollar 11.08:dollar x:money /:dollar +:dollar 14.33:dollar =:dollar
EXPR: 0 | POS | FRA | 27 | 34.72 | 2.20717131474104 | 11.08=((14.33-9.31)*x) | 11.08 14.33 9.31 - x * = | 11.08:dollar 14.33:dollar 9.31:dollar -:dollar x:money *:dollar =:dollar
EXPR: 0 | POS | FRA | 27 | 34.72 | 0.468697123519459 | 11.08=((14.33+9.31)*x) | 11.08 14.33 9.31 + x * = | 11.08:dollar 14.33:dollar 9.31:dollar +:dollar x:money *:dollar =:dollar
EXPR: 0 | POS | FRA | 27 | 34.72 | 0.349087003222342 | ((x*9.31)+11.08)=14.33 | x 9.31 * 11.08 + 14.33 = | x:money 9.31:dollar *:dollar 11.08:dollar +:dollar 14.33:dollar =:dollar
EXPR: 0 | POS | FRA | 27 | 34.72 | 0.123517096999302 | 11.08=((x*14.33)+9.31) | 11.08 x 14.33 * 9.31 + = | 11.08:dollar x:money 14.33:dollar *:dollar 9.31:dollar +:dollar =:dollar
EXPR: 0 | POS | FRA | 27 | 34.72 | 0.453068592057762 | 11.08=((14.33-9.31)/x) | 11.08 14.33 9.31 - x / = | 11.08:dollar 14.33:dollar 9.31:dollar -:dollar x:money /:dollar =:dollar
EXPR: 0 | POS | FRA | 27 | 34.72 | 2.13357400722022 | 11.08=((14.33+9.31)/x) | 11.08 14.33 9.31 + x / = | 11.08:dollar 14.33:dollar 9.31:dollar +:dollar x:money /:dollar =:dollar
EXPR: 0 | POS | FRA | 27 | 34.72 | 0.123517096999302 | 9.31=(11.08-(x*14.33)) | 9.31 11.08 x 14.33 * - = | 9.31:dollar 11.08:dollar x:money 14.33:dollar *:dollar -:dollar =:dollar
EXPR: 0 | POS | FRA | 27 | 34.72 | 0.349087003222342 | 11.08=(14.33-(x*9.31)) | 11.08 14.33 x 9.31 * - = | 11.08:dollar 14.33:dollar x:money 9.31:dollar *:dollar -:dollar =:dollar
EXPR: 0 | POS | FRA | 27 | 34.72 | 0.702795487984306 | ((9.31+11.08)*x)=14.33 | 9.31 11.08 + x * 14.33 = | 9.31:dollar 11.08:dollar +:dollar x:money *:dollar 14.33:dollar =:dollar
EXPR: 0 | POS | FRA | 27 | 34.72 | 0.702795487984306 | (x*(9.31+11.08))=14.33 | x 9.31 11.08 + * 14.33 = | x:money 9.31:dollar 11.08:dollar +:dollar *:dollar 14.33:dollar =:dollar
EXPR: 0 | POS | FRA | 27 | 34.72 | 1.42288904396371 | ((9.31+11.08)/x)=14.33 | 9.31 11.08 + x / 14.33 = | 9.31:dollar 11.08:dollar +:dollar x:money /:dollar 14.33:dollar =:dollar
EXPR: 0 | POS | FRA | 30 | 34.72 | 168.0864 | ((14.33*11.08)+9.31)=x | 14.33 11.08 * 9.31 + x = | 14.33:money 11.08:dollar *:dollar 9.31:dollar +:dollar x:dollar =:dollar
EXPR: 0 | POS | FRA | 30 | 34.72 | 13.1398818474758 | (14.33-(11.08/9.31))=x | 14.33 11.08 9.31 / - x = | 14.33:dollar 11.08:dollar 9.31:money /:dollar -:dollar x:dollar =:dollar
EXPR: 0 | POS | FRA | 30 | 34.72 | 15.5201181525242 | (14.33+(11.08/9.31))=x | 14.33 11.08 9.31 / + x = | 14.33:dollar 11.08:dollar 9.31:money /:dollar +:dollar x:dollar =:dollar
EXPR: 0 | POS | FRA | 30 | 34.72 | 11.7296859734822 | ((9.31/14.33)+11.08)=x | 9.31 14.33 / 11.08 + x = | 9.31:dollar 14.33:money /:dollar 11.08:dollar +:dollar x:dollar =:dollar
EXPR: 0 | POS | FRA | 30 | 34.72 | 10.603321299639 | ((14.33/11.08)+9.31)=x | 14.33 11.08 / 9.31 + x = | 14.33:dollar 11.08:money /:dollar 9.31:dollar +:dollar x:dollar =:dollar
EXPR: 0 | POS | FRA | 30 | 34.72 | 168.0864 | (9.31+(14.33*11.08))=x | 9.31 14.33 11.08 * + x = | 9.31:dollar 14.33:money 11.08:dollar *:dollar +:dollar x:dollar =:dollar
EXPR: 0 | POS | FRA | 30 | 34.72 | 2.72932330827068 | ((14.33+11.08)/9.31)=x | 14.33 11.08 + 9.31 / x = | 14.33:money 11.08:money +:money 9.31:dollar /:money x:money =:money
EXPR: 0 | POS | FRA | 30 | 34.72 | 149.4664 | ((14.33*11.08)-9.31)=x | 14.33 11.08 * 9.31 - x = | 14.33:dollar 11.08:money *:dollar 9.31:dollar -:dollar x:dollar =:dollar
EXPR: 0 | POS | FRA | 30 | 34.72 | 2.72932330827068 | x=((14.33+11.08)/9.31) | x 14.33 11.08 + 9.31 / = | x:money 14.33:money 11.08:money +:money 9.31:dollar /:money =:money
EXPR: 0 | POS | FRA | 30 | 34.72 | 168.0864 | x=((14.33*11.08)+9.31) | x 14.33 11.08 * 9.31 + = | x:money 14.33:dollar 11.08:money *:money 9.31:money +:money =:money
EXPR: 0 | POS | FRA | 30 | 34.72 | 0.349087003222342 | x=((14.33-11.08)/9.31) | x 14.33 11.08 - 9.31 / = | x:money 14.33:money 11.08:money -:money 9.31:dollar /:money =:money
EXPR: 0 | POS | FRA | 30 | 34.72 | 8.01667870036101 | x=(9.31-(14.33/11.08)) | x 9.31 14.33 11.08 / - = | x:money 9.31:money 14.33:money 11.08:dollar /:money -:money =:money
EXPR: 0 | POS | FRA | 30 | 34.72 | 8.01667870036101 | (9.31-(14.33/11.08))=x | 9.31 14.33 11.08 / - x = | 9.31:dollar 14.33:dollar 11.08:money /:dollar -:dollar x:dollar =:dollar
EXPR: 0 | POS | FRA | 30 | 34.72 | 10.603321299639 | (9.31+(14.33/11.08))=x | 9.31 14.33 11.08 / + x = | 9.31:dollar 14.33:dollar 11.08:money /:dollar +:dollar x:dollar =:dollar
EXPR: 0 | POS | FRA | 30 | 34.72 | 10.603321299639 | x=(9.31+(14.33/11.08)) | x 9.31 14.33 11.08 / + = | x:dollar 9.31:dollar 14.33:dollar 11.08:money /:dollar +:dollar =:dollar
EXPR: 0 | POS | FRA | 30 | 34.72 | 13.1398818474758 | x=(14.33-(11.08/9.31)) | x 14.33 11.08 9.31 / - = | x:dollar 14.33:dollar 11.08:dollar 9.31:money /:dollar -:dollar =:dollar
EXPR: 0 | POS | FRA | 30 | 34.72 | 15.5201181525242 | x=(14.33+(11.08/9.31)) | x 14.33 11.08 9.31 / + = | x:dollar 14.33:dollar 11.08:dollar 9.31:money /:dollar +:dollar =:dollar
EXPR: 0 | POS | FRA | 30 | 34.72 | 0.349087003222342 | ((14.33-11.08)/9.31)=x | 14.33 11.08 - 9.31 / x = | 14.33:money 11.08:money -:money 9.31:dollar /:money x:money =:money
EXPR: 0 | POS | FRA | 30 | 34.72 | 168.0864 | x=(9.31+(14.33*11.08)) | x 9.31 14.33 11.08 * + = | x:dollar 9.31:dollar 14.33:dollar 11.08:money *:dollar +:dollar =:dollar
EXPR: 0 | POS | FRA | 30 | 34.72 | 149.4664 | x=((14.33*11.08)-9.31) | x 14.33 11.08 * 9.31 - = | x:dollar 14.33:dollar 11.08:money *:dollar 9.31:dollar -:dollar =:dollar
EXPR: 0 | POS | FRA | 30 | 34.72 | 10.603321299639 | x=((14.33/11.08)+9.31) | x 14.33 11.08 / 9.31 + = | x:dollar 14.33:dollar 11.08:money /:dollar 9.31:dollar +:dollar =:dollar
NET 395 unique, non-negative solutions found out of 1000 total solutions
