parameters: n=7 l=3 k=1 p=5 q=2 m=9
TOTAL 1000 solutions found
SOLN: CORRECT | POS/NEG | INT/FRA | OBJ-SCORE | TRUE-ANS | ANS | INFIX | POSTFIX | TYPED-POSTFIX
EXPR: 0 | POS | FRA | 2 | 33.56 | 0.566760037348273 | ((12.14/x)-7.43)=13.99 | 12.14 x / 7.43 - 13.99 = | 12.14:dollar x:money /:dollar 7.43:dollar -:dollar 13.99:dollar =:dollar
EXPR: 0 | POS | FRA | 2 | 33.56 | 1.85060975609756 | ((12.14/x)+7.43)=13.99 | 12.14 x / 7.43 + 13.99 = | 12.14:dollar x:money /:dollar 7.43:dollar +:dollar 13.99:dollar =:dollar
EXPR: 0 | POS | FRA | 2 | 33.56 | 1.76441515650741 | ((x*12.14)-7.43)=13.99 | x 12.14 * 7.43 - 13.99 = | x:money 12.14:dollar *:dollar 7.43:dollar -:dollar 13.99:dollar =:dollar
EXPR: 0 | POS | FRA | 2 | 33.56 | 3.51682368775236 | 12.14=((x*7.43)-13.99) | 12.14 x 7.43 * 13.99 - = | 12.14:dollar x:money 7.43:dollar *:dollar 13.99:dollar -:dollar =:dollar
EXPR: 0 | POS | FRA | 2 | 33.56 | 1.76441515650741 | ((12.14*x)-7.43)=13.99 | 12.14 x * 7.43 - 13.99 = | 12.14:dollar x:money *:dollar 7.43:dollar -:dollar 13.99:dollar =:dollar
EXPR: 0 | POS | FRA | 2 | 33.56 | 0.540362438220758 | ((12.14*x)+7.43)=13.99 | 12.14 x * 7.43 + 13.99 = | 12.14:dollar x:money *:dollar 7.43:dollar +:dollar 13.99:dollar =:dollar
EXPR: 0 | POS | FRA | 2 | 33.56 | 0.540362438220758 | ((x*12.14)+7.43)=13.99 | x 12.14 * 7.43 + 13.99 = | x:money 12.14:dollar *:dollar 7.43:dollar +:dollar 13.99:dollar =:dollar
EXPR: 0 | POS | FRA | 2 | 33.56 | 0.566760037348273 | 12.14=((7.43+13.99)*x) | 12.14 7.43 13.99 + x * = | 12.14:dollar 7.43:dollar 13.99:dollar +:dollar x:money *:dollar =:dollar
EXPR: 0 | POS | FRA | 2 | 33.56 | 0.566760037348273 | 12.14=(x*(7.43+13.99)) | 12.14 x 7.43 13.99 + * = | 12.14:dollar x:money 7.43:dollar 13.99:dollar +:dollar *:dollar =:dollar
EXPR: 0 | POS | FRA | 2 | 33.56 | 0.71486969851814 | ((12.14+7.43)*x)=13.99 | 12.14 7.43 + x * 13.99 = | 12.14:dollar 7.43:dollar +:dollar x:money *:dollar 13.99:dollar =:dollar
EXPR: 0 | POS | FRA | 2 | 33.56 | 1.39885632594711 | ((12.14+7.43)/x)=13.99 | 12.14 7.43 + x / 13.99 = | 12.14:dollar 7.43:dollar +:dollar x:money /:dollar 13.99:dollar =:dollar
EXPR: 0 | POS | FRA | 2 | 33.56 | 1.76441515650741 | 12.14=((7.43+13.99)/x) | 12.14 7.43 13.99 + x / = | 12.14:dollar 7.43:dollar 13.99:dollar +:dollar x:money /:dollar =:dollar
EXPR: 0 | POS | FRA | 2 | 33.56 | 0.248990578734859 | (12.14+(x*7.43))=13.99 | 12.14 x 7.43 * + 13.99 = | 12.14:dollar x:money 7.43:dollar *:dollar +:dollar 13.99:dollar =:dollar
EXPR: 0 | POS | FRA | 2 | 33.56 | 0.336669049320944 | ((12.14-7.43)/x)=13.99 | 12.14 7.43 - x / 13.99 = | 12.14:dollar 7.43:dollar -:dollar x:money /:dollar 13.99:dollar =:dollar
EXPR: 0 | POS | FRA | 2 | 33.56 | 3.51682368775236 | 12.14=((7.43*x)-13.99) | 12.14 7.43 x * 13.99 - = | 12.14:dollar 7.43:dollar x:money *:dollar 13.99:dollar -:dollar =:dollar
EXPR: 0 | POS | FRA | 2 | 33.56 | 0.284347493302717 | 12.14=((7.43/x)-13.99) | 12.14 7.43 x / 13.99 - = | 12.14:dollar 7.43:dollar x:money /:dollar 13.99:dollar -:dollar =:dollar
EXPR: 0 | POS | FRA | 2 | 33.56 | 0.248990578734859 | (12.14+(7.43*x))=13.99 | 12.14 7.43 x * + 13.99 = | 12.14:dollar 7.43:dollar x:money *:dollar +:dollar 13.99:dollar =:dollar
EXPR: 0 | POS | FRA | 2 | 33.56 | 4.01621621621622 | (12.14+(7.43/x))=13.99 | 12.14 7.43 x / + 13.99 = | 12.14:dollar 7.43:dollar x:money /:dollar +:dollar 13.99:dollar =:dollar
EXPR: 0 | POS | FRA | 2 | 33.56 | 0.336669049320944 | 12.14=(7.43+(x*13.99)) | 12.14 7.43 x 13.99 * + = | 12.14:dollar 7.43:dollar x:money 13.99:dollar *:dollar +:dollar =:dollar
EXPR: 0 | POS | FRA | 2 | 33.56 | 2.97027600849257 | ((12.14-7.43)*x)=13.99 | 12.14 7.43 - x * 13.99 = | 12.14:dollar 7.43:dollar -:dollar x:money *:dollar 13.99:dollar =:dollar
EXPR: 0 | POS | FRA | 2 | 33.56 | 0.71486969851814 | (x*(12.14+7.43))=13.99 | x 12.14 7.43 + * 13.99 = | x:money 12.14:dollar 7.43:dollar +:dollar *:dollar 13.99:dollar =:dollar
EXPR: 0 | POS | FRA | 2 | 33.56 | 2.97027600849257 | (x*(12.14-7.43))=13.99 | x 12.14 7.43 - * 13.99 = | x:money 12.14:dollar 7.43:dollar -:dollar *:dollar 13.99:dollar =:dollar
EXPR: 0 | POS | FRA | 2 | 33.56 | 2.97027600849257 | 12.14=(7.43+(13.99/x)) | 12.14 7.43 13.99 x / + = | 12.14:dollar 7.43:dollar 13.99:dollar x:money /:dollar +:dollar =:dollar
EXPR: 0 | POS | FRA | 2 | 33.56 | 0.336669049320944 | 12.14=(7.43+(13.99*x)) | 12.14 7.43 13.99 x * + = | 12.14:dollar 7.43:dollar 13.99:dollar x:money *:dollar +:dollar =:dollar
EXPR: 0 | POS | FRA | 10 | 33.56 | 0.566760037348273 | (12.14/(7.43+13.99))=x | 12.14 7.43 13.99 + / x = | 12.14:money 7.43:dollar 13.99:dollar +:dollar /:money x:money =:money
EXPR: 0 | POS | FRA | 10 | 33.56 | 0.566760037348273 | x=(12.14/(7.43+13.99)) | x 12.14 7.43 13.99 + / = | x:money 12.14:money 7.43:dollar 13.99:dollar +:dollar /:money =:money
EXPR: 0 | POS | FRA | 10 | 33.56 | 260.0388 | x=(12.14*(7.43+13.99)) | x 12.14 7.43 13.99 + * = | x:money 12.14:money 7.43:dollar 13.99:dollar +:dollar *:money =:money
EXPR: 0 | POS | FRA | 10 | 33.56 | 65.8929 | ((12.14-7.43)*13.99)=x | 12.14 7.43 - 13.99 * x = | 12.14:dollar 7.43:dollar -:dollar 13.99:money *:money x:money =:money
EXPR: 0 | POS | FRA | 10 | 33.56 | 273.7843 | ((12.14+7.43)*13.99)=x | 12.14 7.43 + 13.99 * x = | 12.14:dollar 7.43:dollar +:dollar 13.99:money *:money x:money =:money
EXPR: 1 | POS | FRA | 10 | 33.56 | 33.56 | (12.14+(7.43+13.99))=x | 12.14 7.43 13.99 + + x = | 12.14:dollar 7.43:dollar 13.99:dollar +:dollar +:dollar x:dollar =:dollar
EXPR: 1 | POS | FRA | 10 | 33.56 | 33.56 | x=((12.14+7.43)+13.99) | x 12.14 7.43 + 13.99 + = | x:dollar 12.14:dollar 7.43:dollar +:dollar 13.99:dollar +:dollar =:dollar
EXPR: 0 | POS | FRA | 10 | 33.56 | 5.58 | x=((12.14+7.43)-13.99) | x 12.14 7.43 + 13.99 - = | x:dollar 12.14:dollar 7.43:dollar +:dollar 13.99:dollar -:dollar =:dollar
EXPR: 0 | POS | FRA | 10 | 33.56 | 18.7 | x=((12.14-7.43)+13.99) | x 12.14 7.43 - 13.99 + = | x:dollar 12.14:dollar 7.43:dollar -:dollar 13.99:dollar +:dollar =:dollar
EXPR: 0 | POS | FRA | 10 | 33.56 | 5.58 | (12.14+(7.43-13.99))=x | 12.14 7.43 13.99 - + x = | 12.14:dollar 7.43:dollar 13.99:dollar -:dollar +:dollar x:dollar =:dollar
EXPR: 0 | POS | FRA | 10 | 33.56 | 273.7843 | x=((12.14+7.43)*13.99) | x 12.14 7.43 + 13.99 * = | x:money 12.14:dollar 7.43:dollar +:dollar 13.99:money *:money =:money
EXPR: 0 | POS | FRA | 10 | 33.56 | 18.7 | x=(12.14-(7.43-13.99)) | x 12.14 7.43 13.99 - - = | x:dollar 12.14:dollar 7.43:dollar 13.99:dollar -:dollar -:dollar =:dollar
EXPR: 0 | POS | FRA | 10 | 33.56 | 65.8929 | x=((12.14-7.43)*13.99) | x 12.14 7.43 - 13.99 * = | x:money 12.14:dollar 7.43:dollar -:dollar 13.99:money *:money =:money
EXPR: 0 | POS | FRA | 10 | 33.56 | 18.7 | ((12.14-7.43)+13.99)=x | 12.14 7.43 - 13.99 + x = | 12.14:dollar 7.43:dollar -:dollar 13.99:dollar +:dollar x:dollar =:dollar
EXPR: 1 | POS | FRA | 10 | 33.56 | 33.56 | x=(12.14+(7.43+13.99)) | x 12.14 7.43 13.99 + + = | x:dollar 12.14:dollar 7.43:dollar 13.99:dollar +:dollar +:dollar =:dollar
EXPR: 0 | POS | FRA | 10 | 33.56 | 5.58 | x=(12.14+(7.43-13.99)) | x 12.14 7.43 13.99 - + = | x:dollar 12.14:dollar 7.43:dollar 13.99:dollar -:dollar +:dollar =:dollar
EXPR: 0 | POS | FRA | 10 | 33.56 | 18.7 | (12.14-(7.43-13.99))=x | 12.14 7.43 13.99 - - x = | 12.14:dollar 7.43:dollar 13.99:dollar -:dollar -:dollar x:dollar =:dollar
EXPR: 0 | POS | FRA | 10 | 33.56 | 5.58 | ((12.14+7.43)-13.99)=x | 12.14 7.43 + 13.99 - x = | 12.14:dollar 7.43:dollar +:dollar 13.99:dollar -:dollar x:dollar =:dollar
EXPR: 1 | POS | FRA | 10 | 33.56 | 33.56 | ((12.14+7.43)+13.99)=x | 12.14 7.43 + 13.99 + x = | 12.14:dollar 7.43:dollar +:dollar 13.99:dollar +:dollar x:dollar =:dollar
EXPR: 0 | POS | FRA | 10 | 33.56 | 260.0388 | (12.14*(7.43+13.99))=x | 12.14 7.43 13.99 + * x = | 12.14:money 7.43:dollar 13.99:dollar +:dollar *:money x:money =:money
EXPR: 0 | POS | FRA | 12 | 33.56 | 1.39885632594711 | 12.14=((x*13.99)-7.43) | 12.14 x 13.99 * 7.43 - = | 12.14:dollar x:money 13.99:dollar *:dollar 7.43:dollar -:dollar =:dollar
EXPR: 0 | POS | FRA | 12 | 33.56 | 0.540362438220758 | 12.14=((13.99-7.43)/x) | 12.14 13.99 7.43 - x / = | 12.14:dollar 13.99:dollar 7.43:dollar -:dollar x:money /:dollar =:dollar
EXPR: 0 | POS | FRA | 12 | 33.56 | 3.51682368775236 | ((x*7.43)-12.14)=13.99 | x 7.43 * 12.14 - 13.99 = | x:money 7.43:dollar *:dollar 12.14:dollar -:dollar 13.99:dollar =:dollar
EXPR: 0 | POS | FRA | 12 | 33.56 | 0.336669049320944 | (12.14-(13.99*x))=7.43 | 12.14 13.99 x * - 7.43 = | 12.14:dollar 13.99:dollar x:money *:dollar -:dollar 7.43:dollar =:dollar
EXPR: 0 | POS | FRA | 12 | 33.56 | 1.85060975609756 | 12.14=(x*(13.99-7.43)) | 12.14 x 13.99 7.43 - * = | 12.14:dollar x:money 13.99:dollar 7.43:dollar -:dollar *:dollar =:dollar
EXPR: 0 | POS | FRA | 12 | 33.56 | 2.97027600849257 | (12.14-(13.99/x))=7.43 | 12.14 13.99 x / - 7.43 = | 12.14:dollar 13.99:dollar x:money /:dollar -:dollar 7.43:dollar =:dollar
EXPR: 0 | POS | FRA | 12 | 33.56 | 1.85060975609756 | 12.14=((13.99-7.43)*x) | 12.14 13.99 7.43 - x * = | 12.14:dollar 13.99:dollar 7.43:dollar -:dollar x:money *:dollar =:dollar
EXPR: 0 | POS | FRA | 12 | 33.56 | 0.336669049320944 | 12.14=((x*13.99)+7.43) | 12.14 x 13.99 * 7.43 + = | 12.14:dollar x:money 13.99:dollar *:dollar 7.43:dollar +:dollar =:dollar
EXPR: 0 | POS | FRA | 12 | 33.56 | 0.336669049320944 | (12.14-(x*13.99))=7.43 | 12.14 x 13.99 * - 7.43 = | 12.14:dollar x:money 13.99:dollar *:dollar -:dollar 7.43:dollar =:dollar
EXPR: 0 | POS | FRA | 12 | 33.56 | 1.39885632594711 | 12.14=((13.99*x)-7.43) | 12.14 13.99 x * 7.43 - = | 12.14:dollar 13.99:dollar x:money *:dollar 7.43:dollar -:dollar =:dollar
EXPR: 0 | POS | FRA | 12 | 33.56 | 0.336669049320944 | 12.14=((13.99*x)+7.43) | 12.14 13.99 x * 7.43 + = | 12.14:dollar 13.99:dollar x:money *:dollar 7.43:dollar +:dollar =:dollar
EXPR: 0 | POS | FRA | 12 | 33.56 | 14.0229071332436 | ((x-12.14)*7.43)=13.99 | x 12.14 - 7.43 * 13.99 = | x:money 12.14:money -:money 7.43:dollar *:dollar 13.99:dollar =:dollar
EXPR: 0 | POS | FRA | 12 | 33.56 | 0.566760037348273 | ((12.14/x)-13.99)=7.43 | 12.14 x / 13.99 - 7.43 = | 12.14:dollar x:money /:dollar 13.99:dollar -:dollar 7.43:dollar =:dollar
EXPR: 0 | POS | FRA | 12 | 33.56 | 9.28 | 12.14=(7.43+(13.99-x)) | 12.14 7.43 13.99 x - + = | 12.14:dollar 7.43:dollar 13.99:dollar x:dollar -:dollar +:dollar =:dollar
EXPR: 0 | POS | FRA | 12 | 33.56 | 6.27761120263591 | (12.14*(7.43-x))=13.99 | 12.14 7.43 x - * 13.99 = | 12.14:dollar 7.43:money x:money -:money *:dollar 13.99:dollar =:dollar
EXPR: 0 | POS | FRA | 12 | 33.56 | 6.56223731236598 | (12.14/(7.43-x))=13.99 | 12.14 7.43 x - / 13.99 = | 12.14:dollar 7.43:money x:money -:money /:dollar 13.99:dollar =:dollar
EXPR: 0 | POS | FRA | 12 | 33.56 | 0.248990578734859 | 12.14=(13.99-(x*7.43)) | 12.14 13.99 x 7.43 * - = | 12.14:dollar 13.99:dollar x:money 7.43:dollar *:dollar -:dollar =:dollar
EXPR: 0 | POS | FRA | 12 | 33.56 | 6.56223731236598 | 12.14=((7.43-x)*13.99) | 12.14 7.43 x - 13.99 * = | 12.14:dollar 7.43:money x:money -:money 13.99:dollar *:dollar =:dollar
EXPR: 0 | POS | FRA | 12 | 33.56 | 0.71486969851814 | 12.14=((13.99/x)-7.43) | 12.14 13.99 x / 7.43 - = | 12.14:dollar 13.99:dollar x:money /:dollar 7.43:dollar -:dollar =:dollar
EXPR: 0 | POS | FRA | 12 | 33.56 | 2.97027600849257 | 12.14=((13.99/x)+7.43) | 12.14 13.99 x / 7.43 + = | 12.14:dollar 13.99:dollar x:money /:dollar 7.43:dollar +:dollar =:dollar
EXPR: 0 | POS | FRA | 12 | 33.56 | 1.76441515650741 | ((12.14*x)-13.99)=7.43 | 12.14 x * 13.99 - 7.43 = | 12.14:dollar x:money *:dollar 13.99:dollar -:dollar 7.43:dollar =:dollar
EXPR: 0 | POS | FRA | 12 | 33.56 | 0.566760037348273 | (12.14/x)=(7.43+13.99) | 12.14 x / 7.43 13.99 + = | 12.14:dollar x:money /:dollar 7.43:dollar 13.99:dollar +:dollar =:dollar
EXPR: 0 | POS | FRA | 12 | 33.56 | 9.28 | 12.14=(7.43-(x-13.99)) | 12.14 7.43 x 13.99 - - = | 12.14:dollar 7.43:dollar x:dollar 13.99:dollar -:dollar -:dollar =:dollar
EXPR: 0 | POS | FRA | 12 | 33.56 | 0.284347493302717 | ((7.43/x)-12.14)=13.99 | 7.43 x / 12.14 - 13.99 = | 7.43:dollar x:money /:dollar 12.14:dollar -:dollar 13.99:dollar =:dollar
EXPR: 0 | POS | FRA | 12 | 33.56 | 4.01621621621622 | ((7.43/x)+12.14)=13.99 | 7.43 x / 12.14 + 13.99 = | 7.43:dollar x:money /:dollar 12.14:dollar +:dollar 13.99:dollar =:dollar
EXPR: 0 | POS | FRA | 12 | 33.56 | 18.7 | 12.14=(7.43+(x-13.99)) | 12.14 7.43 x 13.99 - + = | 12.14:dollar 7.43:dollar x:dollar 13.99:dollar -:dollar +:dollar =:dollar
EXPR: 0 | POS | FRA | 12 | 33.56 | 9.28 | 12.14=((7.43-x)+13.99) | 12.14 7.43 x - 13.99 + = | 12.14:dollar 7.43:dollar x:dollar -:dollar 13.99:dollar +:dollar =:dollar
EXPR: 0 | POS | FRA | 12 | 33.56 | 1.76441515650741 | (12.14*x)=(7.43+13.99) | 12.14 x * 7.43 13.99 + = | 12.14:dollar x:money *:dollar 7.43:dollar 13.99:dollar +:dollar =:dollar
EXPR: 0 | POS | FRA | 12 | 33.56 | 5.58 | 12.14=(x-(7.43-13.99)) | 12.14 x 7.43 13.99 - - = | 12.14:dollar x:dollar 7.43:dollar 13.99:dollar -:dollar -:dollar =:dollar
EXPR: 1 | POS | FRA | 12 | 33.56 | 33.56 | 12.14=(x-(7.43+13.99)) | 12.14 x 7.43 13.99 + - = | 12.14:dollar x:dollar 7.43:dollar 13.99:dollar +:dollar -:dollar =:dollar
EXPR: 0 | POS | FRA | 12 | 33.56 | 2.97027600849257 | (12.14-7.43)=(13.99/x) | 12.14 7.43 - 13.99 x / = | 12.14:dollar 7.43:dollar -:dollar 13.99:dollar x:money /:dollar =:dollar
EXPR: 0 | POS | FRA | 12 | 33.56 | 0.71486969851814 | (12.14+7.43)=(13.99/x) | 12.14 7.43 + 13.99 x / = | 12.14:dollar 7.43:dollar +:dollar 13.99:dollar x:money /:dollar =:dollar
EXPR: 0 | POS | FRA | 12 | 33.56 | 1.85060975609756 | (7.43+(12.14/x))=13.99 | 7.43 12.14 x / + 13.99 = | 7.43:dollar 12.14:dollar x:money /:dollar +:dollar 13.99:dollar =:dollar
EXPR: 0 | POS | FRA | 12 | 33.56 | 0.540362438220758 | (7.43+(12.14*x))=13.99 | 7.43 12.14 x * + 13.99 = | 7.43:dollar 12.14:dollar x:money *:dollar +:dollar 13.99:dollar =:dollar
EXPR: 0 | POS | FRA | 12 | 33.56 | 18.7 | 12.14=(x+(7.43-13.99)) | 12.14 x 7.43 13.99 - + = | 12.14:dollar x:dollar 7.43:dollar 13.99:dollar -:dollar +:dollar =:dollar
EXPR: 0 | POS | FRA | 12 | 33.56 | 9.28 | ((x+12.14)-7.43)=13.99 | x 12.14 + 7.43 - 13.99 = | x:dollar 12.14:dollar +:dollar 7.43:dollar -:dollar 13.99:dollar =:dollar
EXPR: 0 | POS | FRA | 12 | 33.56 | 15.6239165545087 | 12.14=(7.43*(x-13.99)) | 12.14 7.43 x 13.99 - * = | 12.14:dollar 7.43:dollar x:money 13.99:money -:money *:dollar =:dollar
EXPR: 0 | POS | FRA | 12 | 33.56 | 8.58238879736409 | (12.14*(x-7.43))=13.99 | 12.14 x 7.43 - * 13.99 = | 12.14:dollar x:money 7.43:money -:money *:dollar 13.99:dollar =:dollar
EXPR: 0 | POS | FRA | 12 | 33.56 | 8.29776268763402 | (12.14/(x-7.43))=13.99 | 12.14 x 7.43 - / 13.99 = | 12.14:dollar x:money 7.43:money -:money /:dollar 13.99:dollar =:dollar
EXPR: 0 | POS | FRA | 12 | 33.56 | 18.7 | 12.14=(7.43-(13.99-x)) | 12.14 7.43 13.99 x - - = | 12.14:dollar 7.43:dollar 13.99:dollar x:dollar -:dollar -:dollar =:dollar
EXPR: 0 | POS | FRA | 12 | 33.56 | 18.7 | 12.14=((7.43-13.99)+x) | 12.14 7.43 13.99 - x + = | 12.14:dollar 7.43:dollar 13.99:dollar -:dollar x:dollar +:dollar =:dollar
EXPR: 0 | POS | FRA | 12 | 33.56 | 1.39885632594711 | (12.14+7.43)=(x*13.99) | 12.14 7.43 + x 13.99 * = | 12.14:dollar 7.43:dollar +:dollar x:money 13.99:dollar *:dollar =:dollar
EXPR: 0 | POS | FRA | 12 | 33.56 | 0.336669049320944 | (12.14-7.43)=(x*13.99) | 12.14 7.43 - x 13.99 * = | 12.14:dollar 7.43:dollar -:dollar x:money 13.99:dollar *:dollar =:dollar
EXPR: 0 | POS | FRA | 12 | 33.56 | 5.58 | ((12.14+7.43)-x)=13.99 | 12.14 7.43 + x - 13.99 = | 12.14:dollar 7.43:dollar +:dollar x:dollar -:dollar 13.99:dollar =:dollar
EXPR: 0 | POS | FRA | 12 | 33.56 | 2.97027600849257 | 7.43=(12.14-(13.99/x)) | 7.43 12.14 13.99 x / - = | 7.43:dollar 12.14:dollar 13.99:dollar x:money /:dollar -:dollar =:dollar
EXPR: 0 | POS | FRA | 12 | 33.56 | 260.0388 | 12.14=(x/(7.43+13.99)) | 12.14 x 7.43 13.99 + / = | 12.14:money x:money 7.43:dollar 13.99:dollar +:dollar /:money =:money
EXPR: 1 | POS | FRA | 12 | 33.56 | 33.56 | ((x-12.14)-7.43)=13.99 | x 12.14 - 7.43 - 13.99 = | x:dollar 12.14:dollar -:dollar 7.43:dollar -:dollar 13.99:dollar =:dollar
EXPR: 0 | POS | FRA | 12 | 33.56 | 0.566760037348273 | 7.43=((12.14/x)-13.99) | 7.43 12.14 x / 13.99 - = | 7.43:dollar 12.14:dollar x:money /:dollar 13.99:dollar -:dollar =:dollar
EXPR: 0 | POS | FRA | 12 | 33.56 | 1.76441515650741 | 7.43=((12.14*x)-13.99) | 7.43 12.14 x * 13.99 - = | 7.43:dollar 12.14:dollar x:money *:dollar 13.99:dollar -:dollar =:dollar
EXPR: 1 | POS | FRA | 12 | 33.56 | 33.56 | 12.14=((x-7.43)-13.99) | 12.14 x 7.43 - 13.99 - = | 12.14:dollar x:dollar 7.43:dollar -:dollar 13.99:dollar -:dollar =:dollar
EXPR: 0 | POS | FRA | 12 | 33.56 | 0.336669049320944 | (12.14-7.43)=(13.99*x) | 12.14 7.43 - 13.99 x * = | 12.14:dollar 7.43:dollar -:dollar 13.99:dollar x:money *:dollar =:dollar
EXPR: 0 | POS | FRA | 12 | 33.56 | 1.39885632594711 | (12.14+7.43)=(13.99*x) | 12.14 7.43 + 13.99 x * = | 12.14:dollar 7.43:dollar +:dollar 13.99:dollar x:money *:dollar =:dollar
EXPR: 0 | POS | FRA | 12 | 33.56 | 0.540362438220758 | (7.43+(x*12.14))=13.99 | 7.43 x 12.14 * + 13.99 = | 7.43:dollar x:money 12.14:dollar *:dollar +:dollar 13.99:dollar =:dollar
EXPR: 0 | POS | FRA | 12 | 33.56 | 0.284347493302717 | 7.43=(x*(12.14+13.99)) | 7.43 x 12.14 13.99 + * = | 7.43:dollar x:money 12.14:dollar 13.99:dollar +:dollar *:dollar =:dollar
EXPR: 0 | POS | FRA | 12 | 33.56 | 4.01621621621622 | 12.14=(13.99-(7.43/x)) | 12.14 13.99 7.43 x / - = | 12.14:dollar 13.99:dollar 7.43:dollar x:money /:dollar -:dollar =:dollar
EXPR: 0 | POS | FRA | 12 | 33.56 | 18.7 | ((x-12.14)+7.43)=13.99 | x 12.14 - 7.43 + 13.99 = | x:dollar 12.14:dollar -:dollar 7.43:dollar +:dollar 13.99:dollar =:dollar
EXPR: 0 | POS | FRA | 12 | 33.56 | 12.3560834454913 | 12.14=(7.43*(13.99-x)) | 12.14 7.43 13.99 x - * = | 12.14:dollar 7.43:dollar 13.99:money x:money -:money *:dollar =:dollar
EXPR: 0 | POS | FRA | 12 | 33.56 | 0.284347493302717 | ((12.14+13.99)*x)=7.43 | 12.14 13.99 + x * 7.43 = | 12.14:dollar 13.99:dollar +:dollar x:money *:dollar 7.43:dollar =:dollar
EXPR: 0 | POS | FRA | 12 | 33.56 | 3.51682368775236 | ((12.14+13.99)/x)=7.43 | 12.14 13.99 + x / 7.43 = | 12.14:dollar 13.99:dollar +:dollar x:money /:dollar 7.43:dollar =:dollar
EXPR: 0 | POS | FRA | 12 | 33.56 | 0.248990578734859 | 12.14=(13.99-(7.43*x)) | 12.14 13.99 7.43 x * - = | 12.14:dollar 13.99:dollar 7.43:dollar x:money *:dollar -:dollar =:dollar
EXPR: 0 | POS | FRA | 12 | 33.56 | 273.7843 | (x/(12.14+7.43))=13.99 | x 12.14 7.43 + / 13.99 = | x:money 12.14:dollar 7.43:dollar +:dollar /:money 13.99:money =:money
EXPR: 0 | POS | FRA | 12 | 33.56 | 9.28 | ((12.14-7.43)+x)=13.99 | 12.14 7.43 - x + 13.99 = | 12.14:dollar 7.43:dollar -:dollar x:dollar +:dollar 13.99:dollar =:dollar
EXPR: 0 | POS | FRA | 12 | 33.56 | 1.76441515650741 | ((x*12.14)-13.99)=7.43 | x 12.14 * 13.99 - 7.43 = | x:money 12.14:dollar *:dollar 13.99:dollar -:dollar 7.43:dollar =:dollar
EXPR: 0 | POS | FRA | 12 | 33.56 | 14.6020263591433 | 12.14=(7.43/(x-13.99)) | 12.14 7.43 x 13.99 - / = | 12.14:dollar 7.43:dollar x:money 13.99:money -:money /:dollar =:dollar
EXPR: 0 | POS | FRA | 12 | 33.56 | 10.2570928667564 | ((12.14-x)*7.43)=13.99 | 12.14 x - 7.43 * 13.99 = | 12.14:money x:money -:money 7.43:dollar *:dollar 13.99:dollar =:dollar
EXPR: 0 | POS | FRA | 12 | 33.56 | 3.51682368775236 | ((7.43*x)-12.14)=13.99 | 7.43 x * 12.14 - 13.99 = | 7.43:dollar x:money *:dollar 12.14:dollar -:dollar 13.99:dollar =:dollar
EXPR: 0 | POS | FRA | 12 | 33.56 | 0.248990578734859 | ((7.43*x)+12.14)=13.99 | 7.43 x * 12.14 + 13.99 = | 7.43:dollar x:money *:dollar 12.14:dollar +:dollar 13.99:dollar =:dollar
EXPR: 0 | POS | FRA | 12 | 33.56 | 0.336669049320944 | 7.43=(12.14-(13.99*x)) | 7.43 12.14 13.99 x * - = | 7.43:dollar 12.14:dollar 13.99:dollar x:money *:dollar -:dollar =:dollar
EXPR: 0 | POS | FRA | 12 | 33.56 | 0.284347493302717 | (x*(12.14+13.99))=7.43 | x 12.14 13.99 + * 7.43 = | x:money 12.14:dollar 13.99:dollar +:dollar *:dollar 7.43:dollar =:dollar
EXPR: 0 | POS | FRA | 12 | 33.56 | 5.58 | ((12.14-x)+7.43)=13.99 | 12.14 x - 7.43 + 13.99 = | 12.14:dollar x:dollar -:dollar 7.43:dollar +:dollar 13.99:dollar =:dollar
EXPR: 0 | POS | FRA | 12 | 33.56 | 0.284347493302717 | 7.43=((12.14+13.99)*x) | 7.43 12.14 13.99 + x * = | 7.43:dollar 12.14:dollar 13.99:dollar +:dollar x:money *:dollar =:dollar
EXPR: 0 | POS | FRA | 12 | 33.56 | 5.58 | (12.14+(7.43-x))=13.99 | 12.14 7.43 x - + 13.99 = | 12.14:dollar 7.43:dollar x:dollar -:dollar +:dollar 13.99:dollar =:dollar
EXPR: 0 | POS | FRA | 12 | 33.56 | 1.76441515650741 | 7.43=((x*12.14)-13.99) | 7.43 x 12.14 * 13.99 - = | 7.43:dollar x:money 12.14:dollar *:dollar 13.99:dollar -:dollar =:dollar
EXPR: 0 | POS | FRA | 12 | 33.56 | 9.28 | (12.14-(7.43-x))=13.99 | 12.14 7.43 x - - 13.99 = | 12.14:dollar 7.43:dollar x:dollar -:dollar -:dollar 13.99:dollar =:dollar
EXPR: 0 | POS | FRA | 12 | 33.56 | 3.51682368775236 | 7.43=((12.14+13.99)/x) | 7.43 12.14 13.99 + x / = | 7.43:dollar 12.14:dollar 13.99:dollar +:dollar x:money /:dollar =:dollar
EXPR: 0 | POS | FRA | 12 | 33.56 | 0.248990578734859 | ((x*7.43)+12.14)=13.99 | x 7.43 * 12.14 + 13.99 = | x:money 7.43:dollar *:dollar 12.14:dollar +:dollar 13.99:dollar =:dollar
EXPR: 0 | POS | FRA | 12 | 33.56 | 5.58 | 12.14=((x-7.43)+13.99) | 12.14 x 7.43 - 13.99 + = | 12.14:dollar x:dollar 7.43:dollar -:dollar 13.99:dollar +:dollar =:dollar
EXPR: 1 | POS | FRA | 12 | 33.56 | 33.56 | (x-(12.14+7.43))=13.99 | x 12.14 7.43 + - 13.99 = | x:dollar 12.14:dollar 7.43:dollar +:dollar -:dollar 13.99:dollar =:dollar
EXPR: 0 | POS | FRA | 12 | 33.56 | 9.28 | (x+(12.14-7.43))=13.99 | x 12.14 7.43 - + 13.99 = | x:dollar 12.14:dollar 7.43:dollar -:dollar +:dollar 13.99:dollar =:dollar
EXPR: 0 | POS | FRA | 12 | 33.56 | 18.7 | (x-(12.14-7.43))=13.99 | x 12.14 7.43 - - 13.99 = | x:dollar 12.14:dollar 7.43:dollar -:dollar -:dollar 13.99:dollar =:dollar
EXPR: 0 | POS | FRA | 12 | 33.56 | 8.29776268763402 | 12.14=((x-7.43)*13.99) | 12.14 x 7.43 - 13.99 * = | 12.14:dollar x:money 7.43:money -:money 13.99:dollar *:dollar =:dollar
EXPR: 0 | POS | FRA | 12 | 33.56 | 5.58 | (12.14-(x-7.43))=13.99 | 12.14 x 7.43 - - 13.99 = | 12.14:dollar x:dollar 7.43:dollar -:dollar -:dollar 13.99:dollar =:dollar
EXPR: 0 | POS | FRA | 12 | 33.56 | 1.76441515650741 | (x*12.14)=(7.43+13.99) | x 12.14 * 7.43 13.99 + = | x:money 12.14:dollar *:dollar 7.43:dollar 13.99:dollar +:dollar =:dollar
EXPR: 0 | POS | FRA | 12 | 33.56 | 9.28 | ((12.14+x)-7.43)=13.99 | 12.14 x + 7.43 - 13.99 = | 12.14:dollar x:dollar +:dollar 7.43:dollar -:dollar 13.99:dollar =:dollar
EXPR: 0 | POS | FRA | 12 | 33.56 | 9.28 | 12.14=((7.43+13.99)-x) | 12.14 7.43 13.99 + x - = | 12.14:dollar 7.43:dollar 13.99:dollar +:dollar x:dollar -:dollar =:dollar
EXPR: 0 | POS | FRA | 12 | 33.56 | 0.336669049320944 | 7.43=(12.14-(x*13.99)) | 7.43 12.14 x 13.99 * - = | 7.43:dollar 12.14:dollar x:money 13.99:dollar *:dollar -:dollar =:dollar
EXPR: 0 | POS | FRA | 12 | 33.56 | 13.3779736408567 | 12.14=(7.43/(13.99-x)) | 12.14 7.43 13.99 x - / = | 12.14:dollar 7.43:dollar 13.99:money x:money -:money /:dollar =:dollar
EXPR: 0 | POS | FRA | 12 | 33.56 | 18.7 | 12.14=((7.43+x)-13.99) | 12.14 7.43 x + 13.99 - = | 12.14:dollar 7.43:dollar x:dollar +:dollar 13.99:dollar -:dollar =:dollar
EXPR: 0 | POS | FRA | 12 | 33.56 | 65.8928999999999 | (x/(12.14-7.43))=13.99 | x 12.14 7.43 - / 13.99 = | x:money 12.14:dollar 7.43:dollar -:dollar /:money 13.99:money =:money
EXPR: 0 | POS | FRA | 12 | 33.56 | 9.28 | (12.14+(x-7.43))=13.99 | 12.14 x 7.43 - + 13.99 = | 12.14:dollar x:dollar 7.43:dollar -:dollar +:dollar 13.99:dollar =:dollar
EXPR: 0 | POS | FRA | 12 | 33.56 | 18.7 | 12.14=((x+7.43)-13.99) | 12.14 x 7.43 + 13.99 - = | 12.14:dollar x:dollar 7.43:dollar +:dollar 13.99:dollar -:dollar =:dollar
EXPR: 0 | POS | FRA | 20 | 33.56 | 76.2102 | ((12.14*7.43)-13.99)=x | 12.14 7.43 * 13.99 - x = | 12.14:money 7.43:dollar *:dollar 13.99:dollar -:dollar x:dollar =:dollar
EXPR: 0 | POS | FRA | 20 | 33.56 | 104.1902 | ((12.14*7.43)+13.99)=x | 12.14 7.43 * 13.99 + x = | 12.14:money 7.43:dollar *:dollar 13.99:dollar +:dollar x:dollar =:dollar
EXPR: 0 | POS | FRA | 20 | 33.56 | 0.284347493302717 | x=(7.43/(12.14+13.99)) | x 7.43 12.14 13.99 + / = | x:money 7.43:money 12.14:dollar 13.99:dollar +:dollar /:money =:money
EXPR: 0 | POS | FRA | 20 | 33.56 | 76.2102 | x=((12.14*7.43)-13.99) | x 12.14 7.43 * 13.99 - = | x:money 12.14:dollar 7.43:money *:money 13.99:money -:money =:money
EXPR: 0 | POS | FRA | 20 | 33.56 | 104.1902 | x=((12.14*7.43)+13.99) | x 12.14 7.43 * 13.99 + = | x:money 12.14:dollar 7.43:money *:money 13.99:money +:money =:money
EXPR: 0 | POS | FRA | 20 | 33.56 | 116.0857 | (12.14+(7.43*13.99))=x | 12.14 7.43 13.99 * + x = | 12.14:money 7.43:dollar 13.99:money *:money +:money x:money =:money
EXPR: 0 | POS | FRA | 20 | 33.56 | 11.6089063616869 | (12.14-(7.43/13.99))=x | 12.14 7.43 13.99 / - x = | 12.14:money 7.43:money 13.99:dollar /:money -:money x:money =:money
EXPR: 0 | POS | FRA | 20 | 33.56 | 1.39885632594711 | ((12.14+7.43)/13.99)=x | 12.14 7.43 + 13.99 / x = | 12.14:money 7.43:money +:money 13.99:dollar /:money x:money =:money
EXPR: 0 | POS | FRA | 20 | 33.56 | 12.6710936383131 | (12.14+(7.43/13.99))=x | 12.14 7.43 13.99 / + x = | 12.14:dollar 7.43:dollar 13.99:money /:dollar +:dollar x:dollar =:dollar
EXPR: 0 | POS | FRA | 20 | 33.56 | 9.28 | (7.43-(12.14-13.99))=x | 7.43 12.14 13.99 - - x = | 7.43:dollar 12.14:dollar 13.99:dollar -:dollar -:dollar x:dollar =:dollar
EXPR: 0 | POS | FRA | 20 | 33.56 | 0.336669049320944 | ((12.14-7.43)/13.99)=x | 12.14 7.43 - 13.99 / x = | 12.14:dollar 7.43:dollar -:dollar 13.99:money /:dollar x:dollar =:dollar
EXPR: 0 | POS | FRA | 20 | 33.56 | 116.0857 | x=(12.14+(7.43*13.99)) | x 12.14 7.43 13.99 * + = | x:dollar 12.14:dollar 7.43:dollar 13.99:money *:dollar +:dollar =:dollar
EXPR: 0 | POS | FRA | 20 | 33.56 | 12.6710936383131 | x=(12.14+(7.43/13.99)) | x 12.14 7.43 13.99 / + = | x:dollar 12.14:dollar 7.43:dollar 13.99:money /:dollar +:dollar =:dollar
EXPR: 0 | POS | FRA | 20 | 33.56 | 194.1459 | (7.43*(12.14+13.99))=x | 7.43 12.14 13.99 + * x = | 7.43:money 12.14:dollar 13.99:dollar +:dollar *:money x:money =:money
EXPR: 1 | POS | FRA | 20 | 33.56 | 33.56 | (7.43+(12.14+13.99))=x | 7.43 12.14 13.99 + + x = | 7.43:dollar 12.14:dollar 13.99:dollar +:dollar +:dollar x:dollar =:dollar
EXPR: 0 | POS | FRA | 20 | 33.56 | 79.6384 | (12.14*(13.99-7.43))=x | 12.14 13.99 7.43 - * x = | 12.14:money 13.99:dollar 7.43:dollar -:dollar *:money x:money =:money
EXPR: 0 | POS | FRA | 20 | 33.56 | 11.6089063616869 | x=(12.14-(7.43/13.99)) | x 12.14 7.43 13.99 / - = | x:dollar 12.14:dollar 7.43:dollar 13.99:money /:dollar -:dollar =:dollar
EXPR: 0 | POS | FRA | 20 | 33.56 | 0.284347493302717 | (7.43/(12.14+13.99))=x | 7.43 12.14 13.99 + / x = | 7.43:money 12.14:dollar 13.99:dollar +:dollar /:money x:money =:money
EXPR: 0 | POS | FRA | 20 | 33.56 | 194.1459 | x=((12.14+13.99)*7.43) | x 12.14 13.99 + 7.43 * = | x:money 12.14:dollar 13.99:dollar +:dollar 7.43:money *:money =:money
EXPR: 1 | POS | FRA | 20 | 33.56 | 33.56 | x=((12.14+13.99)+7.43) | x 12.14 13.99 + 7.43 + = | x:dollar 12.14:dollar 13.99:dollar +:dollar 7.43:dollar +:dollar =:dollar
EXPR: 0 | POS | FRA | 20 | 33.56 | 1.39885632594711 | x=((12.14+7.43)/13.99) | x 12.14 7.43 + 13.99 / = | x:dollar 12.14:dollar 7.43:dollar +:dollar 13.99:money /:dollar =:dollar
EXPR: 0 | POS | FRA | 20 | 33.56 | 194.1459 | ((12.14+13.99)*7.43)=x | 12.14 13.99 + 7.43 * x = | 12.14:dollar 13.99:dollar +:dollar 7.43:money *:money x:money =:money
EXPR: 0 | POS | FRA | 20 | 33.56 | 18.7 | x=((12.14+13.99)-7.43) | x 12.14 13.99 + 7.43 - = | x:dollar 12.14:dollar 13.99:dollar +:dollar 7.43:dollar -:dollar =:dollar
EXPR: 0 | POS | FRA | 20 | 33.56 | 15.6239165545087 | x=((12.14/7.43)+13.99) | x 12.14 7.43 / 13.99 + = | x:dollar 12.14:dollar 7.43:money /:dollar 13.99:dollar +:dollar =:dollar
EXPR: 0 | POS | FRA | 20 | 33.56 | 18.7 | (12.14+(13.99-7.43))=x | 12.14 13.99 7.43 - + x = | 12.14:dollar 13.99:dollar 7.43:dollar -:dollar +:dollar x:dollar =:dollar
EXPR: 0 | POS | FRA | 20 | 33.56 | 5.58 | (7.43+(12.14-13.99))=x | 7.43 12.14 13.99 - + x = | 7.43:dollar 12.14:dollar 13.99:dollar -:dollar +:dollar x:dollar =:dollar
EXPR: 0 | POS | FRA | 20 | 33.56 | 0.336669049320944 | x=((12.14-7.43)/13.99) | x 12.14 7.43 - 13.99 / = | x:money 12.14:money 7.43:money -:money 13.99:dollar /:money =:money
EXPR: 0 | POS | FRA | 20 | 33.56 | 5.58 | (12.14-(13.99-7.43))=x | 12.14 13.99 7.43 - - x = | 12.14:dollar 13.99:dollar 7.43:dollar -:dollar -:dollar x:dollar =:dollar
EXPR: 0 | POS | FRA | 20 | 33.56 | 194.1459 | x=(7.43*(12.14+13.99)) | x 7.43 12.14 13.99 + * = | x:money 7.43:money 12.14:dollar 13.99:dollar +:dollar *:money =:money
EXPR: 0 | POS | FRA | 20 | 33.56 | 15.6239165545087 | ((12.14/7.43)+13.99)=x | 12.14 7.43 / 13.99 + x = | 12.14:money 7.43:dollar /:money 13.99:money +:money x:money =:money
EXPR: 0 | POS | FRA | 20 | 33.56 | 5.58 | x=((12.14-13.99)+7.43) | x 12.14 13.99 - 7.43 + = | x:dollar 12.14:dollar 13.99:dollar -:dollar 7.43:dollar +:dollar =:dollar
EXPR: 0 | POS | FRA | 20 | 33.56 | 9.28 | x=((7.43-12.14)+13.99) | x 7.43 12.14 - 13.99 + = | x:dollar 7.43:dollar 12.14:dollar -:dollar 13.99:dollar +:dollar =:dollar
EXPR: 0 | POS | FRA | 20 | 33.56 | 1.85060975609756 | x=(12.14/(13.99-7.43)) | x 12.14 13.99 7.43 - / = | x:money 12.14:money 13.99:dollar 7.43:dollar -:dollar /:money =:money
EXPR: 0 | POS | FRA | 20 | 33.56 | 79.6384 | x=(12.14*(13.99-7.43)) | x 12.14 13.99 7.43 - * = | x:money 12.14:money 13.99:dollar 7.43:dollar -:dollar *:money =:money
EXPR: 0 | POS | FRA | 20 | 33.56 | 9.28 | ((7.43-12.14)+13.99)=x | 7.43 12.14 - 13.99 + x = | 7.43:dollar 12.14:dollar -:dollar 13.99:dollar +:dollar x:dollar =:dollar
EXPR: 0 | POS | FRA | 20 | 33.56 | 5.58 | ((12.14-13.99)+7.43)=x | 12.14 13.99 - 7.43 + x = | 12.14:dollar 13.99:dollar -:dollar 7.43:dollar +:dollar x:dollar =:dollar
EXPR: 0 | POS | FRA | 20 | 33.56 | 18.7 | ((12.14+13.99)-7.43)=x | 12.14 13.99 + 7.43 - x = | 12.14:dollar 13.99:dollar +:dollar 7.43:dollar -:dollar x:dollar =:dollar
EXPR: 0 | POS | FRA | 20 | 33.56 | 5.58 | x=(12.14-(13.99-7.43)) | x 12.14 13.99 7.43 - - = | x:dollar 12.14:dollar 13.99:dollar 7.43:dollar -:dollar -:dollar =:dollar
EXPR: 0 | POS | FRA | 20 | 33.56 | 1.85060975609756 | (12.14/(13.99-7.43))=x | 12.14 13.99 7.43 - / x = | 12.14:money 13.99:dollar 7.43:dollar -:dollar /:money x:money =:money
EXPR: 1 | POS | FRA | 20 | 33.56 | 33.56 | ((12.14+13.99)+7.43)=x | 12.14 13.99 + 7.43 + x = | 12.14:dollar 13.99:dollar +:dollar 7.43:dollar +:dollar x:dollar =:dollar
EXPR: 0 | POS | FRA | 20 | 33.56 | 18.7 | x=(12.14+(13.99-7.43)) | x 12.14 13.99 7.43 - + = | x:dollar 12.14:dollar 13.99:dollar 7.43:dollar -:dollar +:dollar =:dollar
EXPR: 1 | POS | FRA | 20 | 33.56 | 33.56 | x=(7.43+(12.14+13.99)) | x 7.43 12.14 13.99 + + = | x:dollar 7.43:dollar 12.14:dollar 13.99:dollar +:dollar +:dollar =:dollar
EXPR: 0 | POS | FRA | 20 | 33.56 | 9.28 | x=(7.43-(12.14-13.99)) | x 7.43 12.14 13.99 - - = | x:dollar 7.43:dollar 12.14:dollar 13.99:dollar -:dollar -:dollar =:dollar
EXPR: 0 | POS | FRA | 20 | 33.56 | 5.58 | x=(7.43+(12.14-13.99)) | x 7.43 12.14 13.99 - + = | x:dollar 7.43:dollar 12.14:dollar 13.99:dollar -:dollar +:dollar =:dollar
EXPR: 0 | POS | FRA | 22 | 33.56 | 116.0857 | 12.14=(x-(7.43*13.99)) | 12.14 x 7.43 13.99 * - = | 12.14:dollar x:dollar 7.43:money 13.99:dollar *:dollar -:dollar =:dollar
EXPR: 0 | POS | FRA | 22 | 33.56 | 104.1902 | (x-(12.14*7.43))=13.99 | x 12.14 7.43 * - 13.99 = | x:dollar 12.14:money 7.43:dollar *:dollar -:dollar 13.99:dollar =:dollar
EXPR: 0 | POS | FRA | 22 | 33.56 | 14.6020263591433 | 7.43=(12.14*(x-13.99)) | 7.43 12.14 x 13.99 - * = | 7.43:dollar 12.14:dollar x:money 13.99:money -:money *:dollar =:dollar
EXPR: 0 | POS | FRA | 22 | 33.56 | 13.3779736408567 | (12.14*(13.99-x))=7.43 | 12.14 13.99 x - * 7.43 = | 12.14:dollar 13.99:money x:money -:money *:dollar 7.43:dollar =:dollar
EXPR: 0 | POS | FRA | 22 | 33.56 | 12.3560834454913 | (12.14/(13.99-x))=7.43 | 12.14 13.99 x - / 7.43 = | 12.14:dollar 13.99:money x:money -:money /:dollar 7.43:dollar =:dollar
EXPR: 0 | POS | FRA | 22 | 33.56 | 194.1459 | 12.14=((x/7.43)-13.99) | 12.14 x 7.43 / 13.99 - = | 12.14:dollar x:dollar 7.43:money /:dollar 13.99:dollar -:dollar =:dollar
EXPR: 0 | POS | FRA | 22 | 33.56 | 162.4086 | 12.14=((x+7.43)/13.99) | 12.14 x 7.43 + 13.99 / = | 12.14:dollar x:dollar 7.43:dollar +:dollar 13.99:money /:dollar =:dollar
EXPR: 0 | POS | FRA | 22 | 33.56 | 13.7455 | (12.14+(x/7.43))=13.99 | 12.14 x 7.43 / + 13.99 = | 12.14:dollar x:dollar 7.43:money /:dollar +:dollar 13.99:dollar =:dollar
EXPR: 0 | POS | FRA | 22 | 33.56 | 91.8057 | 12.14=((7.43*13.99)-x) | 12.14 7.43 13.99 * x - = | 12.14:dollar 7.43:dollar 13.99:money *:dollar x:dollar -:dollar =:dollar
EXPR: 0 | POS | FRA | 22 | 33.56 | 10.2570928667564 | (7.43*(12.14-x))=13.99 | 7.43 12.14 x - * 13.99 = | 7.43:dollar 12.14:money x:money -:money *:dollar 13.99:dollar =:dollar
EXPR: 0 | POS | FRA | 22 | 33.56 | 11.6089063616869 | (7.43/(12.14-x))=13.99 | 7.43 12.14 x - / 13.99 = | 7.43:dollar 12.14:money x:money -:money /:dollar 13.99:dollar =:dollar
EXPR: 0 | POS | FRA | 22 | 33.56 | 12.6710936383131 | ((x-12.14)*13.99)=7.43 | x 12.14 - 13.99 * 7.43 = | x:money 12.14:money -:money 13.99:dollar *:dollar 7.43:dollar =:dollar
EXPR: 0 | POS | FRA | 22 | 33.56 | 6.4474767691208 | (12.14*7.43)=(x*13.99) | 12.14 7.43 * x 13.99 * = | 12.14:money 7.43:dollar *:money x:money 13.99:dollar *:money =:money
EXPR: 0 | POS | FRA | 22 | 33.56 | 5.58 | (x-12.14)=(7.43-13.99) | x 12.14 - 7.43 13.99 - = | x:dollar 12.14:dollar -:dollar 7.43:dollar 13.99:dollar -:dollar =:dollar
EXPR: 0 | POS | FRA | 22 | 33.56 | 76.2102 | ((12.14*7.43)-x)=13.99 | 12.14 7.43 * x - 13.99 = | 12.14:dollar 7.43:money *:money x:money -:money 13.99:money =:money
EXPR: 0 | POS | FRA | 22 | 33.56 | 18.7 | 12.14=((x-13.99)+7.43) | 12.14 x 13.99 - 7.43 + = | 12.14:dollar x:dollar 13.99:dollar -:dollar 7.43:dollar +:dollar =:dollar
EXPR: 0 | POS | FRA | 22 | 33.56 | 18.7 | ((7.43-12.14)+x)=13.99 | 7.43 12.14 - x + 13.99 = | 7.43:dollar 12.14:dollar -:dollar x:dollar +:dollar 13.99:dollar =:dollar
EXPR: 0 | POS | FRA | 22 | 33.56 | 5.58 | (7.43+(12.14-x))=13.99 | 7.43 12.14 x - + 13.99 = | 7.43:dollar 12.14:dollar x:dollar -:dollar +:dollar 13.99:dollar =:dollar
EXPR: 0 | POS | FRA | 22 | 33.56 | 162.4086 | 12.14=((7.43+x)/13.99) | 12.14 7.43 x + 13.99 / = | 12.14:dollar 7.43:dollar x:dollar +:dollar 13.99:money /:dollar =:dollar
EXPR: 0 | POS | FRA | 22 | 33.56 | 8.56224876441516 | (12.14*x)=(7.43*13.99) | 12.14 x * 7.43 13.99 * = | 12.14:dollar x:money *:money 7.43:money 13.99:dollar *:money =:money
EXPR: 0 | POS | FRA | 22 | 33.56 | 18.7 | ((12.14+13.99)-x)=7.43 | 12.14 13.99 + x - 7.43 = | 12.14:dollar 13.99:dollar +:dollar x:dollar -:dollar 7.43:dollar =:dollar
EXPR: 0 | POS | FRA | 22 | 33.56 | 194.1459 | 7.43=(x/(12.14+13.99)) | 7.43 x 12.14 13.99 + / = | 7.43:money x:money 12.14:dollar 13.99:dollar +:dollar /:money =:money
EXPR: 0 | POS | FRA | 22 | 33.56 | 18.7 | (7.43-(12.14-x))=13.99 | 7.43 12.14 x - - 13.99 = | 7.43:dollar 12.14:dollar x:dollar -:dollar -:dollar 13.99:dollar =:dollar
EXPR: 0 | POS | FRA | 22 | 33.56 | 5.58 | ((7.43-x)+12.14)=13.99 | 7.43 x - 12.14 + 13.99 = | 7.43:dollar x:dollar -:dollar 12.14:dollar +:dollar 13.99:dollar =:dollar
EXPR: 0 | POS | FRA | 22 | 33.56 | 8.58238879736409 | ((x-7.43)*12.14)=13.99 | x 7.43 - 12.14 * 13.99 = | x:money 7.43:money -:money 12.14:dollar *:dollar 13.99:dollar =:dollar
EXPR: 0 | POS | FRA | 22 | 33.56 | 1261.900798 | (x/12.14)=(7.43*13.99) | x 12.14 / 7.43 13.99 * = | x:money 12.14:dollar /:money 7.43:dollar 13.99:money *:money =:money
EXPR: 0 | POS | FRA | 22 | 33.56 | 5.58 | 12.14=(x+(13.99-7.43)) | 12.14 x 13.99 7.43 - + = | 12.14:dollar x:dollar 13.99:dollar 7.43:dollar -:dollar +:dollar =:dollar
EXPR: 0 | POS | FRA | 22 | 33.56 | 177.2686 | 12.14=((x-7.43)/13.99) | 12.14 x 7.43 - 13.99 / = | 12.14:dollar x:dollar 7.43:dollar -:dollar 13.99:money /:dollar =:dollar
EXPR: 0 | POS | FRA | 22 | 33.56 | 9.28 | ((12.14-13.99)+x)=7.43 | 12.14 13.99 - x + 7.43 = | 12.14:dollar 13.99:dollar -:dollar x:dollar +:dollar 7.43:dollar =:dollar
EXPR: 0 | POS | FRA | 22 | 33.56 | 3.51682368775236 | (x*7.43)=(12.14+13.99) | x 7.43 * 12.14 13.99 + = | x:money 7.43:dollar *:dollar 12.14:dollar 13.99:dollar +:dollar =:dollar
EXPR: 0 | POS | FRA | 22 | 33.56 | 1261.900798 | (12.14*7.43)=(x/13.99) | 12.14 7.43 * x 13.99 / = | 12.14:money 7.43:dollar *:money x:money 13.99:dollar /:money =:money
EXPR: 0 | POS | FRA | 22 | 33.56 | 5.58 | 12.14=((13.99-7.43)+x) | 12.14 13.99 7.43 - x + = | 12.14:dollar 13.99:dollar 7.43:dollar -:dollar x:dollar +:dollar =:dollar
EXPR: 0 | POS | FRA | 22 | 33.56 | 11.6089063616869 | 12.14=((7.43/13.99)+x) | 12.14 7.43 13.99 / x + = | 12.14:dollar 7.43:dollar 13.99:money /:dollar x:dollar +:dollar =:dollar
EXPR: 0 | POS | FRA | 22 | 33.56 | 65.8929 | 12.14=(7.43+(x/13.99)) | 12.14 7.43 x 13.99 / + = | 12.14:money 7.43:money x:money 13.99:dollar /:money +:money =:money
EXPR: 0 | POS | FRA | 22 | 33.56 | 12.6710936383131 | 12.14=(x-(7.43/13.99)) | 12.14 x 7.43 13.99 / - = | 12.14:dollar x:dollar 7.43:dollar 13.99:money /:dollar -:dollar =:dollar
EXPR: 0 | POS | FRA | 22 | 33.56 | 11.6089063616869 | 12.14=(x+(7.43/13.99)) | 12.14 x 7.43 13.99 / + = | 12.14:dollar x:dollar 7.43:dollar 13.99:money /:dollar +:dollar =:dollar
EXPR: 0 | POS | FRA | 22 | 33.56 | 6.27761120263591 | ((7.43-x)*12.14)=13.99 | 7.43 x - 12.14 * 13.99 = | 7.43:money x:money -:money 12.14:dollar *:dollar 13.99:dollar =:dollar
EXPR: 0 | POS | FRA | 22 | 33.56 | 9.28 | (x+12.14)=(7.43+13.99) | x 12.14 + 7.43 13.99 + = | x:dollar 12.14:dollar +:dollar 7.43:dollar 13.99:dollar +:dollar =:dollar
EXPR: 0 | POS | FRA | 22 | 33.56 | 6.4474767691208 | (12.14*7.43)=(13.99*x) | 12.14 7.43 * 13.99 x * = | 12.14:dollar 7.43:money *:money 13.99:dollar x:money *:money =:money
EXPR: 0 | POS | FRA | 22 | 33.56 | 9.28 | 12.14=(13.99-(x-7.43)) | 12.14 13.99 x 7.43 - - = | 12.14:dollar 13.99:dollar x:dollar 7.43:dollar -:dollar -:dollar =:dollar
EXPR: 0 | POS | FRA | 22 | 33.56 | 12.3560834454913 | 12.14=((13.99-x)*7.43) | 12.14 13.99 x - 7.43 * = | 12.14:dollar 13.99:money x:money -:money 7.43:dollar *:dollar =:dollar
EXPR: 0 | POS | FRA | 22 | 33.56 | 91.8057000000004 | ((12.14+x)/7.43)=13.99 | 12.14 x + 7.43 / 13.99 = | 12.14:dollar x:dollar +:dollar 7.43:money /:dollar 13.99:dollar =:dollar
EXPR: 0 | POS | FRA | 22 | 33.56 | 8.56224876441516 | (x*12.14)=(7.43*13.99) | x 12.14 * 7.43 13.99 * = | x:money 12.14:dollar *:money 7.43:money 13.99:dollar *:money =:money
EXPR: 0 | POS | FRA | 22 | 33.56 | 5.58 | 12.14=(13.99-(7.43-x)) | 12.14 13.99 7.43 x - - = | 12.14:dollar 13.99:dollar 7.43:dollar x:dollar -:dollar -:dollar =:dollar
EXPR: 0 | POS | FRA | 22 | 33.56 | 9.28 | 12.14=(13.99+(7.43-x)) | 12.14 13.99 7.43 x - + = | 12.14:dollar 13.99:dollar 7.43:dollar x:dollar -:dollar +:dollar =:dollar
EXPR: 0 | POS | FRA | 22 | 33.56 | 0.0437474166649984 | (x*12.14)=(7.43/13.99) | x 12.14 * 7.43 13.99 / = | x:money 12.14:dollar *:dollar 7.43:dollar 13.99:money /:dollar =:dollar
EXPR: 0 | POS | FRA | 22 | 33.56 | 9.28 | 12.14=((13.99-x)+7.43) | 12.14 13.99 x - 7.43 + = | 12.14:dollar 13.99:dollar x:dollar -:dollar 7.43:dollar +:dollar =:dollar
EXPR: 0 | POS | FRA | 22 | 33.56 | 18.7 | (x+(7.43-12.14))=13.99 | x 7.43 12.14 - + 13.99 = | x:dollar 7.43:dollar 12.14:dollar -:dollar +:dollar 13.99:dollar =:dollar
EXPR: 0 | POS | FRA | 22 | 33.56 | 9.28 | (x-(7.43-12.14))=13.99 | x 7.43 12.14 - - 13.99 = | x:dollar 7.43:dollar 12.14:dollar -:dollar -:dollar 13.99:dollar =:dollar
EXPR: 0 | POS | FRA | 22 | 33.56 | 18.7 | (12.14-x)=(7.43-13.99) | 12.14 x - 7.43 13.99 - = | 12.14:dollar x:dollar -:dollar 7.43:dollar 13.99:dollar -:dollar =:dollar
EXPR: 1 | POS | FRA | 22 | 33.56 | 33.56 | (x-12.14)=(7.43+13.99) | x 12.14 - 7.43 13.99 + = | x:dollar 12.14:dollar -:dollar 7.43:dollar 13.99:dollar +:dollar =:dollar
EXPR: 0 | POS | FRA | 22 | 33.56 | 0.116791747999196 | (12.14/x)=(7.43*13.99) | 12.14 x / 7.43 13.99 * = | 12.14:dollar x:money /:dollar 7.43:dollar 13.99:money *:dollar =:dollar
EXPR: 0 | POS | FRA | 22 | 33.56 | 5.58 | 7.43=((x-12.14)+13.99) | 7.43 x 12.14 - 13.99 + = | 7.43:dollar x:dollar 12.14:dollar -:dollar 13.99:dollar +:dollar =:dollar
EXPR: 0 | POS | FRA | 22 | 33.56 | 18.7 | (12.14-7.43)=(x-13.99) | 12.14 7.43 - x 13.99 - = | 12.14:dollar 7.43:dollar -:dollar x:dollar 13.99:dollar -:dollar =:dollar
EXPR: 0 | POS | FRA | 22 | 33.56 | 5.58 | (12.14+7.43)=(x+13.99) | 12.14 7.43 + x 13.99 + = | 12.14:dollar 7.43:dollar +:dollar x:dollar 13.99:dollar +:dollar =:dollar
EXPR: 1 | POS | FRA | 22 | 33.56 | 33.56 | (12.14+7.43)=(x-13.99) | 12.14 7.43 + x 13.99 - = | 12.14:dollar 7.43:dollar +:dollar x:dollar 13.99:dollar -:dollar =:dollar
EXPR: 0 | POS | FRA | 22 | 33.56 | 0.0437474166649984 | (12.14*x)=(7.43/13.99) | 12.14 x * 7.43 13.99 / = | 12.14:dollar x:money *:money 7.43:money 13.99:dollar /:money =:money
EXPR: 0 | POS | FRA | 22 | 33.56 | 0.540362438220758 | (x*12.14)=(13.99-7.43) | x 12.14 * 13.99 7.43 - = | x:money 12.14:dollar *:dollar 13.99:dollar 7.43:dollar -:dollar =:dollar
EXPR: 1 | POS | FRA | 22 | 33.56 | 33.56 | 12.14=((x-13.99)-7.43) | 12.14 x 13.99 - 7.43 - = | 12.14:dollar x:dollar 13.99:dollar -:dollar 7.43:dollar -:dollar =:dollar
EXPR: 0 | POS | FRA | 22 | 33.56 | 9.28 | (12.14+x)=(7.43+13.99) | 12.14 x + 7.43 13.99 + = | 12.14:dollar x:dollar +:dollar 7.43:dollar 13.99:dollar +:dollar =:dollar
EXPR: 0 | POS | FRA | 22 | 33.56 | 9.28 | (12.14-7.43)=(13.99-x) | 12.14 7.43 - 13.99 x - = | 12.14:dollar 7.43:dollar -:dollar 13.99:dollar x:dollar -:dollar =:dollar
EXPR: 0 | POS | FRA | 22 | 33.56 | 5.58 | (12.14+7.43)=(13.99+x) | 12.14 7.43 + 13.99 x + = | 12.14:dollar 7.43:dollar +:dollar 13.99:dollar x:dollar +:dollar =:dollar
EXPR: 0 | POS | FRA | 22 | 33.56 | 14.0229071332436 | (7.43*(x-12.14))=13.99 | 7.43 x 12.14 - * 13.99 = | 7.43:dollar x:money 12.14:money -:money *:dollar 13.99:dollar =:dollar
EXPR: 0 | POS | FRA | 22 | 33.56 | 12.6710936383131 | (7.43/(x-12.14))=13.99 | 7.43 x 12.14 - / 13.99 = | 7.43:dollar x:money 12.14:money -:money /:dollar 13.99:dollar =:dollar
EXPR: 0 | POS | FRA | 22 | 33.56 | 18.7 | 12.14=(x-(13.99-7.43)) | 12.14 x 13.99 7.43 - - = | 12.14:dollar x:dollar 13.99:dollar 7.43:dollar -:dollar -:dollar =:dollar
EXPR: 0 | POS | FRA | 22 | 33.56 | 0.155099434369325 | (12.14*7.43)=(13.99/x) | 12.14 7.43 * 13.99 x / = | 12.14:money 7.43:dollar *:dollar 13.99:dollar x:money /:dollar =:dollar
EXPR: 0 | POS | FRA | 22 | 33.56 | 5.58 | 12.14=(13.99+(x-7.43)) | 12.14 13.99 x 7.43 - + = | 12.14:dollar 13.99:dollar x:dollar 7.43:dollar -:dollar +:dollar =:dollar
EXPR: 0 | POS | FRA | 22 | 33.56 | 22.8584925975774 | (12.14/7.43)=(x/13.99) | 12.14 7.43 / x 13.99 / = | 12.14:money 7.43:dollar /:money x:money 13.99:dollar /:money =:money
EXPR: 0 | POS | FRA | 22 | 33.56 | 3.51682368775236 | (12.14+13.99)=(x*7.43) | 12.14 13.99 + x 7.43 * = | 12.14:dollar 13.99:dollar +:dollar x:money 7.43:dollar *:dollar =:dollar
EXPR: 0 | POS | FRA | 22 | 33.56 | 0.116791747999196 | (12.14/7.43)=(x*13.99) | 12.14 7.43 / x 13.99 * = | 12.14:dollar 7.43:money /:dollar x:money 13.99:dollar *:dollar =:dollar
EXPR: 0 | POS | FRA | 22 | 33.56 | 9.28 | 7.43=((12.14+x)-13.99) | 7.43 12.14 x + 13.99 - = | 7.43:dollar 12.14:dollar x:dollar +:dollar 13.99:dollar -:dollar =:dollar
EXPR: 0 | POS | FRA | 22 | 33.56 | 79.6384 | 12.14=(x/(13.99-7.43)) | 12.14 x 13.99 7.43 - / = | 12.14:money x:money 13.99:dollar 7.43:dollar -:dollar /:money =:money
EXPR: 0 | POS | FRA | 22 | 33.56 | 6.4474767691208 | (x/12.14)=(7.43/13.99) | x 12.14 / 7.43 13.99 / = | x:money 12.14:dollar /:money 7.43:money 13.99:dollar /:money =:money
EXPR: 1 | POS | FRA | 22 | 33.56 | 33.56 | ((x-7.43)-12.14)=13.99 | x 7.43 - 12.14 - 13.99 = | x:dollar 7.43:dollar -:dollar 12.14:dollar -:dollar 13.99:dollar =:dollar
EXPR: 0 | POS | FRA | 22 | 33.56 | 0.284347493302717 | (12.14+13.99)=(7.43/x) | 12.14 13.99 + 7.43 x / = | 12.14:dollar 13.99:dollar +:dollar 7.43:dollar x:money /:dollar =:dollar
EXPR: 0 | POS | FRA | 22 | 33.56 | 194.1459 | (x/(12.14+13.99))=7.43 | x 12.14 13.99 + / 7.43 = | x:money 12.14:dollar 13.99:dollar +:dollar /:money 7.43:money =:money
EXPR: 0 | POS | FRA | 22 | 33.56 | 0.284347493302717 | (7.43/x)=(12.14+13.99) | 7.43 x / 12.14 13.99 + = | 7.43:dollar x:money /:dollar 12.14:dollar 13.99:dollar +:dollar =:dollar
EXPR: 0 | POS | FRA | 22 | 33.56 | 9.28 | ((x+12.14)-13.99)=7.43 | x 12.14 + 13.99 - 7.43 = | x:dollar 12.14:dollar +:dollar 13.99:dollar -:dollar 7.43:dollar =:dollar
EXPR: 0 | POS | FRA | 22 | 33.56 | 18.7 | 7.43=((12.14-x)+13.99) | 7.43 12.14 x - 13.99 + = | 7.43:dollar 12.14:dollar x:dollar -:dollar 13.99:dollar +:dollar =:dollar
EXPR: 0 | POS | FRA | 22 | 33.56 | 3.51682368775236 | (7.43*x)=(12.14+13.99) | 7.43 x * 12.14 13.99 + = | 7.43:dollar x:money *:dollar 12.14:dollar 13.99:dollar +:dollar =:dollar
EXPR: 0 | POS | FRA | 22 | 33.56 | 8.56224876441515 | (12.14/7.43)=(13.99/x) | 12.14 7.43 / 13.99 x / = | 12.14:dollar 7.43:money /:dollar 13.99:dollar x:money /:dollar =:dollar
EXPR: 1 | POS | FRA | 22 | 33.56 | 33.56 | 7.43=((x-12.14)-13.99) | 7.43 x 12.14 - 13.99 - = | 7.43:dollar x:dollar 12.14:dollar -:dollar 13.99:dollar -:dollar =:dollar
EXPR: 0 | POS | FRA | 22 | 33.56 | 18.7 | (12.14+(13.99-x))=7.43 | 12.14 13.99 x - + 7.43 = | 12.14:dollar 13.99:dollar x:dollar -:dollar +:dollar 7.43:dollar =:dollar
EXPR: 0 | POS | FRA | 22 | 33.56 | 9.28 | (12.14-(13.99-x))=7.43 | 12.14 13.99 x - - 7.43 = | 12.14:dollar 13.99:dollar x:dollar -:dollar -:dollar 7.43:dollar =:dollar
EXPR: 0 | POS | FRA | 22 | 33.56 | 0.116791747999196 | (12.14/7.43)=(13.99*x) | 12.14 7.43 / 13.99 x * = | 12.14:dollar 7.43:money /:dollar 13.99:dollar x:money *:dollar =:dollar
EXPR: 0 | POS | FRA | 22 | 33.56 | 5.58 | (7.43-(x-12.14))=13.99 | 7.43 x 12.14 - - 13.99 = | 7.43:dollar x:dollar 12.14:dollar -:dollar -:dollar 13.99:dollar =:dollar
EXPR: 0 | POS | FRA | 22 | 33.56 | 18.7 | (7.43+(x-12.14))=13.99 | 7.43 x 12.14 - + 13.99 = | 7.43:dollar x:dollar 12.14:dollar -:dollar +:dollar 13.99:dollar =:dollar
EXPR: 0 | POS | FRA | 22 | 33.56 | 3.51682368775236 | (12.14+13.99)=(7.43*x) | 12.14 13.99 + 7.43 x * = | 12.14:dollar 13.99:dollar +:dollar 7.43:dollar x:money *:dollar =:dollar
EXPR: 0 | POS | FRA | 22 | 33.56 | 13.3779736408567 | 7.43=(12.14*(13.99-x)) | 7.43 12.14 13.99 x - * = | 7.43:dollar 12.14:dollar 13.99:money x:money -:money *:dollar =:dollar
EXPR: 0 | POS | FRA | 22 | 33.56 | 9.28 | ((x-7.43)+12.14)=13.99 | x 7.43 - 12.14 + 13.99 = | x:dollar 7.43:dollar -:dollar 12.14:dollar +:dollar 13.99:dollar =:dollar
EXPR: 0 | POS | FRA | 22 | 33.56 | 260.0388 | ((x/12.14)-7.43)=13.99 | x 12.14 / 7.43 - 13.99 = | x:money 12.14:dollar /:money 7.43:money -:money 13.99:money =:money
EXPR: 0 | POS | FRA | 22 | 33.56 | 79.6384 | ((x/12.14)+7.43)=13.99 | x 12.14 / 7.43 + 13.99 = | x:money 12.14:dollar /:money 7.43:money +:money 13.99:money =:money
EXPR: 0 | POS | FRA | 22 | 33.56 | 116.0857 | ((x-12.14)/7.43)=13.99 | x 12.14 - 7.43 / 13.99 = | x:money 12.14:money -:money 7.43:dollar /:money 13.99:money =:money
EXPR: 0 | POS | FRA | 22 | 33.56 | 91.8057000000004 | ((x+12.14)/7.43)=13.99 | x 12.14 + 7.43 / 13.99 = | x:money 12.14:money +:money 7.43:dollar /:money 13.99:money =:money
EXPR: 1 | POS | FRA | 22 | 33.56 | 33.56 | ((x-12.14)-13.99)=7.43 | x 12.14 - 13.99 - 7.43 = | x:dollar 12.14:dollar -:dollar 13.99:dollar -:dollar 7.43:dollar =:dollar
EXPR: 0 | POS | FRA | 22 | 33.56 | 15.6239165545087 | 7.43=(12.14/(x-13.99)) | 7.43 12.14 x 13.99 - / = | 7.43:dollar 12.14:dollar x:money 13.99:money -:money /:dollar =:dollar
EXPR: 0 | POS | FRA | 22 | 33.56 | 5.58 | ((x-12.14)+13.99)=7.43 | x 12.14 - 13.99 + 7.43 = | x:dollar 12.14:dollar -:dollar 13.99:dollar +:dollar 7.43:dollar =:dollar
EXPR: 0 | POS | FRA | 22 | 33.56 | 11.6089063616869 | ((12.14-x)*13.99)=7.43 | 12.14 x - 13.99 * 7.43 = | 12.14:money x:money -:money 13.99:dollar *:dollar 7.43:dollar =:dollar
EXPR: 0 | POS | FRA | 22 | 33.56 | 12.6710936383131 | 7.43=((x-12.14)*13.99) | 7.43 x 12.14 - 13.99 * = | 7.43:dollar x:money 12.14:money -:money 13.99:dollar *:dollar =:dollar
EXPR: 0 | POS | FRA | 22 | 33.56 | 11.6089063616869 | 7.43=((12.14-x)*13.99) | 7.43 12.14 x - 13.99 * = | 7.43:dollar 12.14:money x:money -:money 13.99:dollar *:dollar =:dollar
EXPR: 0 | POS | FRA | 22 | 33.56 | 18.7 | ((12.14-x)+13.99)=7.43 | 12.14 x - 13.99 + 7.43 = | 12.14:dollar x:dollar -:dollar 13.99:dollar +:dollar 7.43:dollar =:dollar
EXPR: 1 | POS | FRA | 22 | 33.56 | 33.56 | (x-(12.14+13.99))=7.43 | x 12.14 13.99 + - 7.43 = | x:dollar 12.14:dollar 13.99:dollar +:dollar -:dollar 7.43:dollar =:dollar
EXPR: 0 | POS | FRA | 22 | 33.56 | 9.28 | (x+(12.14-13.99))=7.43 | x 12.14 13.99 - + 7.43 = | x:dollar 12.14:dollar 13.99:dollar -:dollar +:dollar 7.43:dollar =:dollar
EXPR: 0 | POS | FRA | 22 | 33.56 | 9.28 | 7.43=(12.14-(13.99-x)) | 7.43 12.14 13.99 x - - = | 7.43:dollar 12.14:dollar 13.99:dollar x:dollar -:dollar -:dollar =:dollar
EXPR: 0 | POS | FRA | 22 | 33.56 | 9.28 | (12.14+(x-13.99))=7.43 | 12.14 x 13.99 - + 7.43 = | 12.14:dollar x:dollar 13.99:dollar -:dollar +:dollar 7.43:dollar =:dollar
EXPR: 0 | POS | FRA | 22 | 33.56 | 5.58 | (x-(12.14-13.99))=7.43 | x 12.14 13.99 - - 7.43 = | x:dollar 12.14:dollar 13.99:dollar -:dollar -:dollar 7.43:dollar =:dollar
EXPR: 0 | POS | FRA | 22 | 33.56 | 12.3560834454913 | ((12.14/7.43)+x)=13.99 | 12.14 7.43 / x + 13.99 = | 12.14:dollar 7.43:money /:dollar x:dollar +:dollar 13.99:dollar =:dollar
EXPR: 0 | POS | FRA | 22 | 33.56 | 18.7 | ((x+7.43)-12.14)=13.99 | x 7.43 + 12.14 - 13.99 = | x:dollar 7.43:dollar +:dollar 12.14:dollar -:dollar 13.99:dollar =:dollar
EXPR: 0 | POS | FRA | 22 | 33.56 | 9.28 | 7.43=(12.14+(x-13.99)) | 7.43 12.14 x 13.99 - + = | 7.43:dollar 12.14:dollar x:dollar 13.99:dollar -:dollar +:dollar =:dollar
EXPR: 0 | POS | FRA | 22 | 33.56 | 12.3560834454913 | (x+(12.14/7.43))=13.99 | x 12.14 7.43 / + 13.99 = | x:money 12.14:money 7.43:dollar /:money +:money 13.99:money =:money
EXPR: 0 | POS | FRA | 22 | 33.56 | 18.7 | 7.43=(12.14+(13.99-x)) | 7.43 12.14 13.99 x - + = | 7.43:dollar 12.14:dollar 13.99:dollar x:dollar -:dollar +:dollar =:dollar
EXPR: 0 | POS | FRA | 22 | 33.56 | 18.7 | 7.43=((12.14+13.99)-x) | 7.43 12.14 13.99 + x - = | 7.43:dollar 12.14:dollar 13.99:dollar +:dollar x:dollar -:dollar =:dollar
EXPR: 0 | POS | FRA | 22 | 33.56 | 18.7 | 7.43=(12.14-(x-13.99)) | 7.43 12.14 x 13.99 - - = | 7.43:dollar 12.14:dollar x:dollar 13.99:dollar -:dollar -:dollar =:dollar
EXPR: 0 | POS | FRA | 22 | 33.56 | 22.8584925975774 | (12.14/x)=(7.43/13.99) | 12.14 x / 7.43 13.99 / = | 12.14:dollar x:money /:dollar 7.43:dollar 13.99:money /:dollar =:dollar
EXPR: 0 | POS | FRA | 22 | 33.56 | 18.7 | (12.14-(x-13.99))=7.43 | 12.14 x 13.99 - - 7.43 = | 12.14:dollar x:dollar 13.99:dollar -:dollar -:dollar 7.43:dollar =:dollar
EXPR: 0 | POS | FRA | 22 | 33.56 | 18.7 | ((7.43+x)-12.14)=13.99 | 7.43 x + 12.14 - 13.99 = | 7.43:dollar x:dollar +:dollar 12.14:dollar -:dollar 13.99:dollar =:dollar
EXPR: 0 | POS | FRA | 22 | 33.56 | 9.28 | 7.43=((12.14-13.99)+x) | 7.43 12.14 13.99 - x + = | 7.43:dollar 12.14:dollar 13.99:dollar -:dollar x:dollar +:dollar =:dollar
EXPR: 0 | POS | FRA | 22 | 33.56 | 0.540362438220758 | (12.14*x)=(13.99-7.43) | 12.14 x * 13.99 7.43 - = | 12.14:dollar x:money *:dollar 13.99:dollar 7.43:dollar -:dollar =:dollar
EXPR: 0 | POS | FRA | 22 | 33.56 | 15.6239165545087 | 12.14=((x-13.99)*7.43) | 12.14 x 13.99 - 7.43 * = | 12.14:dollar x:money 13.99:money -:money 7.43:dollar *:dollar =:dollar
EXPR: 0 | POS | FRA | 22 | 33.56 | 1.85060975609756 | (12.14/x)=(13.99-7.43) | 12.14 x / 13.99 7.43 - = | 12.14:dollar x:money /:dollar 13.99:dollar 7.43:dollar -:dollar =:dollar
EXPR: 0 | POS | FRA | 22 | 33.56 | 6.56223731236598 | 12.14=(13.99*(7.43-x)) | 12.14 13.99 7.43 x - * = | 12.14:dollar 13.99:dollar 7.43:money x:money -:money *:dollar =:dollar
EXPR: 0 | POS | FRA | 22 | 33.56 | 15.6239165545087 | (x-(12.14/7.43))=13.99 | x 12.14 7.43 / - 13.99 = | x:dollar 12.14:dollar 7.43:money /:dollar -:dollar 13.99:dollar =:dollar
EXPR: 0 | POS | FRA | 22 | 33.56 | 6.27761120263591 | 12.14=(13.99/(7.43-x)) | 12.14 13.99 7.43 x - / = | 12.14:dollar 13.99:dollar 7.43:money x:money -:money /:dollar =:dollar
EXPR: 0 | POS | FRA | 22 | 33.56 | 12.3560834454913 | 7.43=(12.14/(13.99-x)) | 7.43 12.14 13.99 x - / = | 7.43:dollar 12.14:dollar 13.99:money x:money -:money /:dollar =:dollar
EXPR: 0 | POS | FRA | 22 | 33.56 | 5.58 | 12.14=((13.99+x)-7.43) | 12.14 13.99 x + 7.43 - = | 12.14:dollar 13.99:dollar x:dollar +:dollar 7.43:dollar -:dollar =:dollar
EXPR: 1 | POS | FRA | 22 | 33.56 | 33.56 | 7.43=(x-(12.14+13.99)) | 7.43 x 12.14 13.99 + - = | 7.43:dollar x:dollar 12.14:dollar 13.99:dollar +:dollar -:dollar =:dollar
EXPR: 0 | POS | FRA | 22 | 33.56 | 8.29776268763402 | 12.14=(13.99*(x-7.43)) | 12.14 13.99 x 7.43 - * = | 12.14:dollar 13.99:dollar x:money 7.43:money -:money *:dollar =:dollar
EXPR: 0 | POS | FRA | 22 | 33.56 | 14.6020263591433 | (12.14*(x-13.99))=7.43 | 12.14 x 13.99 - * 7.43 = | 12.14:dollar x:money 13.99:money -:money *:dollar 7.43:dollar =:dollar
EXPR: 0 | POS | FRA | 22 | 33.56 | 15.6239165545087 | (12.14/(x-13.99))=7.43 | 12.14 x 13.99 - / 7.43 = | 12.14:dollar x:money 13.99:money -:money /:dollar 7.43:dollar =:dollar
EXPR: 0 | POS | FRA | 22 | 33.56 | 8.58238879736409 | 12.14=(13.99/(x-7.43)) | 12.14 13.99 x 7.43 - / = | 12.14:dollar 13.99:dollar x:money 7.43:money -:money /:dollar =:dollar
EXPR: 0 | POS | FRA | 22 | 33.56 | 5.58 | 12.14=((x+13.99)-7.43) | 12.14 x 13.99 + 7.43 - = | 12.14:dollar x:dollar 13.99:dollar +:dollar 7.43:dollar -:dollar =:dollar
EXPR: 0 | POS | FRA | 22 | 33.56 | 5.58 | 7.43=(x-(12.14-13.99)) | 7.43 x 12.14 13.99 - - = | 7.43:dollar x:dollar 12.14:dollar 13.99:dollar -:dollar -:dollar =:dollar
EXPR: 0 | POS | FRA | 22 | 33.56 | 9.28 | 7.43=(x+(12.14-13.99)) | 7.43 x 12.14 13.99 - + = | 7.43:dollar x:dollar 12.14:dollar 13.99:dollar -:dollar +:dollar =:dollar
EXPR: 0 | POS | FRA | 22 | 33.56 | 9.28 | 7.43=((x+12.14)-13.99) | 7.43 x 12.14 + 13.99 - = | 7.43:dollar x:dollar 12.14:dollar +:dollar 13.99:dollar -:dollar =:dollar
EXPR: 0 | POS | FRA | 22 | 33.56 | 9.28 | ((12.14+x)-13.99)=7.43 | 12.14 x + 13.99 - 7.43 = | 12.14:dollar x:dollar +:dollar 13.99:dollar -:dollar 7.43:dollar =:dollar
EXPR: 0 | POS | FRA | 27 | 33.56 | 0.71486969851814 | 7.43=((13.99/x)-12.14) | 7.43 13.99 x / 12.14 - = | 7.43:dollar 13.99:dollar x:money /:dollar 12.14:dollar -:dollar =:dollar
EXPR: 0 | POS | FRA | 27 | 33.56 | 1.39885632594711 | ((x*13.99)-12.14)=7.43 | x 13.99 * 12.14 - 7.43 = | x:money 13.99:dollar *:dollar 12.14:dollar -:dollar 7.43:dollar =:dollar
EXPR: 0 | POS | FRA | 27 | 33.56 | 4.01621621621622 | 13.99=(12.14+(7.43/x)) | 13.99 12.14 7.43 x / + = | 13.99:dollar 12.14:dollar 7.43:dollar x:money /:dollar +:dollar =:dollar
EXPR: 0 | POS | FRA | 27 | 33.56 | 1.39885632594711 | 7.43=((13.99*x)-12.14) | 7.43 13.99 x * 12.14 - = | 7.43:dollar 13.99:dollar x:money *:dollar 12.14:dollar -:dollar =:dollar
EXPR: 0 | POS | FRA | 27 | 33.56 | 1.39885632594711 | 7.43=((x*13.99)-12.14) | 7.43 x 13.99 * 12.14 - = | 7.43:dollar x:money 13.99:dollar *:dollar 12.14:dollar -:dollar =:dollar
EXPR: 0 | POS | FRA | 27 | 33.56 | 0.248990578734859 | 13.99=(12.14+(7.43*x)) | 13.99 12.14 7.43 x * + = | 13.99:dollar 12.14:dollar 7.43:dollar x:money *:dollar +:dollar =:dollar
EXPR: 0 | POS | FRA | 27 | 33.56 | 1.76441515650741 | 13.99=((x*12.14)-7.43) | 13.99 x 12.14 * 7.43 - = | 13.99:dollar x:money 12.14:dollar *:dollar 7.43:dollar -:dollar =:dollar
EXPR: 0 | POS | FRA | 27 | 33.56 | 4.01621621621622 | ((13.99-12.14)*x)=7.43 | 13.99 12.14 - x * 7.43 = | 13.99:dollar 12.14:dollar -:dollar x:money *:dollar 7.43:dollar =:dollar
EXPR: 0 | POS | FRA | 27 | 33.56 | 0.248990578734859 | ((13.99-12.14)/x)=7.43 | 13.99 12.14 - x / 7.43 = | 13.99:dollar 12.14:dollar -:dollar x:money /:dollar 7.43:dollar =:dollar
EXPR: 0 | POS | FRA | 27 | 33.56 | 0.336669049320944 | (7.43+(x*13.99))=12.14 | 7.43 x 13.99 * + 12.14 = | 7.43:dollar x:money 13.99:dollar *:dollar +:dollar 12.14:dollar =:dollar
EXPR: 0 | POS | FRA | 27 | 33.56 | 1.85060975609756 | 7.43=(13.99-(12.14/x)) | 7.43 13.99 12.14 x / - = | 7.43:dollar 13.99:dollar 12.14:dollar x:money /:dollar -:dollar =:dollar
EXPR: 0 | POS | FRA | 27 | 33.56 | 0.540362438220758 | (13.99-(12.14*x))=7.43 | 13.99 12.14 x * - 7.43 = | 13.99:dollar 12.14:dollar x:money *:dollar -:dollar 7.43:dollar =:dollar
EXPR: 0 | POS | FRA | 27 | 33.56 | 1.85060975609756 | (13.99-(12.14/x))=7.43 | 13.99 12.14 x / - 7.43 = | 13.99:dollar 12.14:dollar x:money /:dollar -:dollar 7.43:dollar =:dollar
EXPR: 0 | POS | FRA | 27 | 33.56 | 0.540362438220758 | (13.99-(x*12.14))=7.43 | 13.99 x 12.14 * - 7.43 = | 13.99:dollar x:money 12.14:dollar *:dollar -:dollar 7.43:dollar =:dollar
EXPR: 0 | POS | FRA | 27 | 33.56 | 0.540362438220758 | 7.43=(13.99-(12.14*x)) | 7.43 13.99 12.14 x * - = | 7.43:dollar 13.99:dollar 12.14:dollar x:money *:dollar -:dollar =:dollar
EXPR: 0 | POS | FRA | 27 | 33.56 | 4.01621621621622 | 7.43=(x*(13.99-12.14)) | 7.43 x 13.99 12.14 - * = | 7.43:dollar x:money 13.99:dollar 12.14:dollar -:dollar *:dollar =:dollar
EXPR: 0 | POS | FRA | 27 | 33.56 | 0.540362438220758 | 13.99=((12.14*x)+7.43) | 13.99 12.14 x * 7.43 + = | 13.99:dollar 12.14:dollar x:money *:dollar 7.43:dollar +:dollar =:dollar
EXPR: 0 | POS | FRA | 27 | 33.56 | 0.71486969851814 | 13.99=(x*(12.14+7.43)) | 13.99 x 12.14 7.43 + * = | 13.99:dollar x:money 12.14:dollar 7.43:dollar +:dollar *:dollar =:dollar
EXPR: 0 | POS | FRA | 27 | 33.56 | 2.97027600849257 | 13.99=(x*(12.14-7.43)) | 13.99 x 12.14 7.43 - * = | 13.99:dollar x:money 12.14:dollar 7.43:dollar -:dollar *:dollar =:dollar
EXPR: 0 | POS | FRA | 27 | 33.56 | 1.76441515650741 | 13.99=((12.14*x)-7.43) | 13.99 12.14 x * 7.43 - = | 13.99:dollar 12.14:dollar x:money *:dollar 7.43:dollar -:dollar =:dollar
EXPR: 0 | POS | FRA | 27 | 33.56 | 1.85060975609756 | 13.99=((12.14/x)+7.43) | 13.99 12.14 x / 7.43 + = | 13.99:dollar 12.14:dollar x:money /:dollar 7.43:dollar +:dollar =:dollar
EXPR: 0 | POS | FRA | 27 | 33.56 | 4.01621621621622 | (x*(13.99-12.14))=7.43 | x 13.99 12.14 - * 7.43 = | x:money 13.99:dollar 12.14:dollar -:dollar *:dollar 7.43:dollar =:dollar
EXPR: 0 | POS | FRA | 27 | 33.56 | 0.566760037348273 | 13.99=((12.14/x)-7.43) | 13.99 12.14 x / 7.43 - = | 13.99:dollar 12.14:dollar x:money /:dollar 7.43:dollar -:dollar =:dollar
EXPR: 0 | POS | FRA | 27 | 33.56 | 0.336669049320944 | (7.43+(13.99*x))=12.14 | 7.43 13.99 x * + 12.14 = | 7.43:dollar 13.99:dollar x:money *:dollar +:dollar 12.14:dollar =:dollar
EXPR: 0 | POS | FRA | 27 | 33.56 | 0.71486969851814 | ((13.99/x)-12.14)=7.43 | 13.99 x / 12.14 - 7.43 = | 13.99:dollar x:money /:dollar 12.14:dollar -:dollar 7.43:dollar =:dollar
EXPR: 0 | POS | FRA | 27 | 33.56 | 0.284347493302717 | ((7.43/x)-13.99)=12.14 | 7.43 x / 13.99 - 12.14 = | 7.43:dollar x:money /:dollar 13.99:dollar -:dollar 12.14:dollar =:dollar
EXPR: 0 | POS | FRA | 27 | 33.56 | 3.51682368775236 | ((7.43*x)-13.99)=12.14 | 7.43 x * 13.99 - 12.14 = | 7.43:dollar x:money *:dollar 13.99:dollar -:dollar 12.14:dollar =:dollar
EXPR: 0 | POS | FRA | 27 | 33.56 | 1.39885632594711 | ((13.99*x)-12.14)=7.43 | 13.99 x * 12.14 - 7.43 = | 13.99:dollar x:money *:dollar 12.14:dollar -:dollar 7.43:dollar =:dollar
EXPR: 0 | POS | FRA | 27 | 33.56 | 3.51682368775236 | ((x*7.43)-13.99)=12.14 | x 7.43 * 13.99 - 12.14 = | x:money 7.43:dollar *:dollar 13.99:dollar -:dollar 12.14:dollar =:dollar
EXPR: 0 | POS | FRA | 27 | 33.56 | 2.97027600849257 | (7.43+(13.99/x))=12.14 | 7.43 13.99 x / + 12.14 = | 7.43:dollar 13.99:dollar x:money /:dollar +:dollar 12.14:dollar =:dollar
EXPR: 0 | POS | FRA | 27 | 33.56 | 2.97027600849257 | 13.99=((12.14-7.43)*x) | 13.99 12.14 7.43 - x * = | 13.99:dollar 12.14:dollar 7.43:dollar -:dollar x:money *:dollar =:dollar
EXPR: 0 | POS | FRA | 27 | 33.56 | 0.71486969851814 | 13.99=((12.14+7.43)*x) | 13.99 12.14 7.43 + x * = | 13.99:dollar 12.14:dollar 7.43:dollar +:dollar x:money *:dollar =:dollar
EXPR: 0 | POS | FRA | 27 | 33.56 | 0.248990578734859 | 7.43=((13.99-12.14)/x) | 7.43 13.99 12.14 - x / = | 7.43:dollar 13.99:dollar 12.14:dollar -:dollar x:money /:dollar =:dollar
EXPR: 0 | POS | FRA | 27 | 33.56 | 4.01621621621622 | 7.43=((13.99-12.14)*x) | 7.43 13.99 12.14 - x * = | 7.43:dollar 13.99:dollar 12.14:dollar -:dollar x:money *:dollar =:dollar
EXPR: 0 | POS | FRA | 27 | 33.56 | 0.540362438220758 | 13.99=((x*12.14)+7.43) | 13.99 x 12.14 * 7.43 + = | 13.99:dollar x:money 12.14:dollar *:dollar 7.43:dollar +:dollar =:dollar
EXPR: 0 | POS | FRA | 27 | 33.56 | 0.336669049320944 | 13.99=((12.14-7.43)/x) | 13.99 12.14 7.43 - x / = | 13.99:dollar 12.14:dollar 7.43:dollar -:dollar x:money /:dollar =:dollar
EXPR: 0 | POS | FRA | 27 | 33.56 | 1.39885632594711 | 13.99=((12.14+7.43)/x) | 13.99 12.14 7.43 + x / = | 13.99:dollar 12.14:dollar 7.43:dollar +:dollar x:money /:dollar =:dollar
EXPR: 0 | POS | FRA | 27 | 33.56 | 0.540362438220758 | 7.43=(13.99-(x*12.14)) | 7.43 13.99 x 12.14 * - = | 7.43:dollar 13.99:dollar x:money 12.14:dollar *:dollar -:dollar =:dollar
EXPR: 0 | POS | FRA | 27 | 33.56 | 0.566760037348273 | ((7.43+13.99)*x)=12.14 | 7.43 13.99 + x * 12.14 = | 7.43:dollar 13.99:dollar +:dollar x:money *:dollar 12.14:dollar =:dollar
EXPR: 0 | POS | FRA | 27 | 33.56 | 0.248990578734859 | 13.99=(12.14+(x*7.43)) | 13.99 12.14 x 7.43 * + = | 13.99:dollar 12.14:dollar x:money 7.43:dollar *:dollar +:dollar =:dollar
EXPR: 0 | POS | FRA | 27 | 33.56 | 1.76441515650741 | ((7.43+13.99)/x)=12.14 | 7.43 13.99 + x / 12.14 = | 7.43:dollar 13.99:dollar +:dollar x:money /:dollar 12.14:dollar =:dollar
EXPR: 0 | POS | FRA | 27 | 33.56 | 0.566760037348273 | (x*(7.43+13.99))=12.14 | x 7.43 13.99 + * 12.14 = | x:money 7.43:dollar 13.99:dollar +:dollar *:dollar 12.14:dollar =:dollar
EXPR: 0 | POS | FRA | 30 | 33.56 | 177.2686 | ((12.14*13.99)+7.43)=x | 12.14 13.99 * 7.43 + x = | 12.14:money 13.99:dollar *:dollar 7.43:dollar +:dollar x:dollar =:dollar
EXPR: 0 | POS | FRA | 30 | 33.56 | 10.2570928667564 | (12.14-(13.99/7.43))=x | 12.14 13.99 7.43 / - x = | 12.14:dollar 13.99:dollar 7.43:money /:dollar -:dollar x:dollar =:dollar
EXPR: 0 | POS | FRA | 30 | 33.56 | 14.0229071332436 | (12.14+(13.99/7.43))=x | 12.14 13.99 7.43 / + x = | 12.14:dollar 13.99:dollar 7.43:money /:dollar +:dollar x:dollar =:dollar
EXPR: 0 | POS | FRA | 30 | 33.56 | 14.6020263591433 | ((7.43/12.14)+13.99)=x | 7.43 12.14 / 13.99 + x = | 7.43:dollar 12.14:money /:dollar 13.99:dollar +:dollar x:dollar =:dollar
EXPR: 0 | POS | FRA | 30 | 33.56 | 8.29776268763402 | ((12.14/13.99)+7.43)=x | 12.14 13.99 / 7.43 + x = | 12.14:dollar 13.99:money /:dollar 7.43:dollar +:dollar x:dollar =:dollar
EXPR: 0 | POS | FRA | 30 | 33.56 | 177.2686 | (7.43+(12.14*13.99))=x | 7.43 12.14 13.99 * + x = | 7.43:dollar 12.14:money 13.99:dollar *:dollar +:dollar x:dollar =:dollar
EXPR: 0 | POS | FRA | 30 | 33.56 | 3.51682368775236 | ((12.14+13.99)/7.43)=x | 12.14 13.99 + 7.43 / x = | 12.14:money 13.99:money +:money 7.43:dollar /:money x:money =:money
EXPR: 0 | POS | FRA | 30 | 33.56 | 162.4086 | ((12.14*13.99)-7.43)=x | 12.14 13.99 * 7.43 - x = | 12.14:dollar 13.99:money *:dollar 7.43:dollar -:dollar x:dollar =:dollar
EXPR: 0 | POS | FRA | 30 | 33.56 | 3.51682368775236 | x=((12.14+13.99)/7.43) | x 12.14 13.99 + 7.43 / = | x:money 12.14:money 13.99:money +:money 7.43:dollar /:money =:money
EXPR: 0 | POS | FRA | 30 | 33.56 | 177.2686 | x=((12.14*13.99)+7.43) | x 12.14 13.99 * 7.43 + = | x:money 12.14:dollar 13.99:money *:money 7.43:money +:money =:money
EXPR: 0 | POS | FRA | 30 | 33.56 | 6.56223731236598 | x=(7.43-(12.14/13.99)) | x 7.43 12.14 13.99 / - = | x:money 7.43:money 12.14:money 13.99:dollar /:money -:money =:money
EXPR: 0 | POS | FRA | 30 | 33.56 | 6.56223731236598 | (7.43-(12.14/13.99))=x | 7.43 12.14 13.99 / - x = | 7.43:dollar 12.14:dollar 13.99:money /:dollar -:dollar x:dollar =:dollar
EXPR: 0 | POS | FRA | 30 | 33.56 | 8.29776268763402 | (7.43+(12.14/13.99))=x | 7.43 12.14 13.99 / + x = | 7.43:dollar 12.14:dollar 13.99:money /:dollar +:dollar x:dollar =:dollar
EXPR: 0 | POS | FRA | 30 | 33.56 | 8.29776268763402 | x=(7.43+(12.14/13.99)) | x 7.43 12.14 13.99 / + = | x:dollar 7.43:dollar 12.14:dollar 13.99:money /:dollar +:dollar =:dollar
EXPR: 0 | POS | FRA | 30 | 33.56 | 10.2570928667564 | x=(12.14-(13.99/7.43)) | x 12.14 13.99 7.43 / - = | x:dollar 12.14:dollar 13.99:dollar 7.43:money /:dollar -:dollar =:dollar
EXPR: 0 | POS | FRA | 30 | 33.56 | 14.0229071332436 | x=(12.14+(13.99/7.43)) | x 12.14 13.99 7.43 / + = | x:dollar 12.14:dollar 13.99:dollar 7.43:money /:dollar +:dollar =:dollar
EXPR: 0 | POS | FRA | 30 | 33.56 | 177.2686 | x=(7.43+(12.14*13.99)) | x 7.43 12.14 13.99 * + = | x:dollar 7.43:dollar 12.14:dollar 13.99:money *:dollar +:dollar =:dollar
EXPR: 0 | POS | FRA | 30 | 33.56 | 162.4086 | x=((12.14*13.99)-7.43) | x 12.14 13.99 * 7.43 - = | x:dollar 12.14:dollar 13.99:money *:dollar 7.43:dollar -:dollar =:dollar
EXPR: 0 | POS | FRA | 30 | 33.56 | 8.29776268763402 | x=((12.14/13.99)+7.43) | x 12.14 13.99 / 7.43 + = | x:dollar 12.14:dollar 13.99:money /:dollar 7.43:dollar +:dollar =:dollar
NET 375 unique, non-negative solutions found out of 1000 total solutions
