parameters: n=7 l=3 k=1 p=5 q=2 m=9
TOTAL 1000 solutions found
SOLN: CORRECT | POS/NEG | INT/FRA | OBJ-SCORE | TRUE-ANS | ANS | INFIX | POSTFIX | TYPED-POSTFIX
EXPR: 0 | POS | INT | 0 | 3120 | 15783 | (7341.0+(2.0*4221.0))=x | 7341.0 2.0 4221.0 * + x = | 7341.0:cell 2.0:sample 4221.0:cell *:cell +:cell x:cell =:cell
EXPR: 0 | POS | INT | 0 | 3120 | 18903 | ((7341.0*2.0)+4221.0)=x | 7341.0 2.0 * 4221.0 + x = | 7341.0:cell 2.0:sample *:cell 4221.0:cell +:cell x:cell =:cell
EXPR: 0 | POS | INT | 0 | 3120 | 15783 | x=(7341.0+(2.0*4221.0)) | x 7341.0 2.0 4221.0 * + = | x:cell 7341.0:cell 2.0:sample 4221.0:cell *:cell +:cell =:cell
EXPR: 0 | POS | INT | 0 | 3120 | 10461 | ((7341.0*2.0)-4221.0)=x | 7341.0 2.0 * 4221.0 - x = | 7341.0:cell 2.0:sample *:cell 4221.0:cell -:cell x:cell =:cell
EXPR: 0 | POS | INT | 0 | 3120 | 18903 | x=((7341.0*2.0)+4221.0) | x 7341.0 2.0 * 4221.0 + = | x:cell 7341.0:cell 2.0:sample *:cell 4221.0:cell +:cell =:cell
EXPR: 0 | POS | INT | 0 | 3120 | 10461 | x=((7341.0*2.0)-4221.0) | x 7341.0 2.0 * 4221.0 - = | x:cell 7341.0:cell 2.0:sample *:cell 4221.0:cell -:cell =:cell
EXPR: 0 | POS | INT | 2 | 3120 | 15783 | 7341.0=(x-(2.0*4221.0)) | 7341.0 x 2.0 4221.0 * - = | 7341.0:cell x:cell 2.0:sample 4221.0:cell *:cell -:cell =:cell
EXPR: 0 | POS | INT | 2 | 3120 | 1560 | (7341.0-(2.0*x))=4221.0 | 7341.0 2.0 x * - 4221.0 = | 7341.0:cell 2.0:sample x:cell *:cell -:cell 4221.0:cell =:cell
EXPR: 0 | POS | INT | 2 | 3120 | 1560 | (7341.0-(x*2.0))=4221.0 | 7341.0 x 2.0 * - 4221.0 = | 7341.0:cell x:cell 2.0:sample *:cell -:cell 4221.0:cell =:cell
EXPR: 0 | POS | INT | 2 | 3120 | 10461 | ((7341.0*2.0)-x)=4221.0 | 7341.0 2.0 * x - 4221.0 = | 7341.0:cell 2.0:sample *:cell x:cell -:cell 4221.0:cell =:cell
EXPR: 0 | POS | INT | 2 | 3120 | 6240 | (7341.0-(x/2.0))=4221.0 | 7341.0 x 2.0 / - 4221.0 = | 7341.0:cell x:cell 2.0:sample /:cell -:cell 4221.0:cell =:cell
EXPR: 0 | POS | INT | 2 | 3120 | 15783 | ((x-7341.0)/2.0)=4221.0 | x 7341.0 - 2.0 / 4221.0 = | x:cell 7341.0:cell -:cell 2.0:sample /:cell 4221.0:cell =:cell
EXPR: 0 | POS | INT | 2 | 3120 | 1560 | 7341.0=((x*2.0)+4221.0) | 7341.0 x 2.0 * 4221.0 + = | 7341.0:cell x:cell 2.0:sample *:cell 4221.0:cell +:cell =:cell
EXPR: 0 | POS | INT | 2 | 3120 | 6240 | 7341.0=((x/2.0)+4221.0) | 7341.0 x 2.0 / 4221.0 + = | 7341.0:cell x:cell 2.0:sample /:cell 4221.0:cell +:cell =:cell
EXPR: 0 | POS | INT | 2 | 3120 | 18903 | (x-(7341.0*2.0))=4221.0 | x 7341.0 2.0 * - 4221.0 = | x:cell 7341.0:cell 2.0:sample *:cell -:cell 4221.0:cell =:cell
EXPR: 0 | POS | INT | 2 | 3120 | 5781 | 7341.0=((x*2.0)-4221.0) | 7341.0 x 2.0 * 4221.0 - = | 7341.0:cell x:cell 2.0:sample *:cell 4221.0:cell -:cell =:cell
EXPR: 0 | POS | INT | 2 | 3120 | 23124 | 7341.0=((x/2.0)-4221.0) | 7341.0 x 2.0 / 4221.0 - = | 7341.0:cell x:cell 2.0:sample /:cell 4221.0:cell -:cell =:cell
EXPR: 0 | POS | INT | 2 | 3120 | 1101 | ((x+7341.0)/2.0)=4221.0 | x 7341.0 + 2.0 / 4221.0 = | x:cell 7341.0:cell +:cell 2.0:sample /:cell 4221.0:cell =:cell
EXPR: 0 | POS | INT | 2 | 3120 | 1101 | ((7341.0+x)/2.0)=4221.0 | 7341.0 x + 2.0 / 4221.0 = | 7341.0:cell x:cell +:cell 2.0:sample /:cell 4221.0:cell =:cell
EXPR: 0 | POS | INT | 2 | 3120 | 1101 | 7341.0=((2.0*4221.0)-x) | 7341.0 2.0 4221.0 * x - = | 7341.0:cell 2.0:sample 4221.0:cell *:cell x:cell -:cell =:cell
EXPR: 0 | POS | INT | 2 | 3120 | 1560 | 7341.0=((2.0*x)+4221.0) | 7341.0 2.0 x * 4221.0 + = | 7341.0:cell 2.0:sample x:cell *:cell 4221.0:cell +:cell =:cell
EXPR: 0 | POS | INT | 2 | 3120 | 5781 | 7341.0=((2.0*x)-4221.0) | 7341.0 2.0 x * 4221.0 - = | 7341.0:cell 2.0:sample x:cell *:cell 4221.0:cell -:cell =:cell
EXPR: 0 | POS | INT | 10 | 3120 | 31001043 | (7341.0*(2.0+4221.0))=x | 7341.0 2.0 4221.0 + * x = | 7341.0:cell 2.0:sample 4221.0:sample +:sample *:cell x:cell =:cell
EXPR: 0 | POS | INT | 10 | 3120 | 30977919 | ((7341.0-2.0)*4221.0)=x | 7341.0 2.0 - 4221.0 * x = | 7341.0:sample 2.0:sample -:sample 4221.0:cell *:cell x:cell =:cell
EXPR: 0 | POS | INT | 10 | 3120 | 30994803 | ((7341.0+2.0)*4221.0)=x | 7341.0 2.0 + 4221.0 * x = | 7341.0:sample 2.0:sample +:sample 4221.0:cell *:cell x:cell =:cell
EXPR: 0 | POS | INT | 10 | 3120 | 23124 | x=((7341.0+4221.0)*2.0) | x 7341.0 4221.0 + 2.0 * = | x:cell 7341.0:cell 4221.0:cell +:cell 2.0:sample *:cell =:cell
EXPR: 0 | POS | INT | 10 | 3120 | 5781 | x=((7341.0+4221.0)/2.0) | x 7341.0 4221.0 + 2.0 / = | x:cell 7341.0:cell 4221.0:cell +:cell 2.0:sample /:cell =:cell
EXPR: 0 | POS | INT | 10 | 3120 | 30977919 | x=((7341.0-2.0)*4221.0) | x 7341.0 2.0 - 4221.0 * = | x:cell 7341.0:sample 2.0:sample -:sample 4221.0:cell *:cell =:cell
EXPR: 0 | POS | INT | 10 | 3120 | 11560 | x=((7341.0-2.0)+4221.0) | x 7341.0 2.0 - 4221.0 + = | x:cell 7341.0:cell 2.0:cell -:cell 4221.0:cell +:cell =:cell
EXPR: 0 | POS | INT | 10 | 3120 | 31001043 | x=(7341.0*(2.0+4221.0)) | x 7341.0 2.0 4221.0 + * = | x:cell 7341.0:cell 2.0:sample 4221.0:sample +:sample *:cell =:cell
EXPR: 0 | POS | INT | 10 | 3120 | 3122 | x=((7341.0+2.0)-4221.0) | x 7341.0 2.0 + 4221.0 - = | x:cell 7341.0:cell 2.0:cell +:cell 4221.0:cell -:cell =:cell
EXPR: 0 | POS | INT | 10 | 3120 | 3118 | x=((7341.0-2.0)-4221.0) | x 7341.0 2.0 - 4221.0 - = | x:cell 7341.0:cell 2.0:cell -:cell 4221.0:cell -:cell =:cell
EXPR: 0 | POS | INT | 10 | 3120 | 11564 | x=((7341.0+2.0)+4221.0) | x 7341.0 2.0 + 4221.0 + = | x:cell 7341.0:cell 2.0:cell +:cell 4221.0:cell +:cell =:cell
EXPR: 0 | POS | INT | 10 | 3120 | 11564 | (7341.0+(2.0+4221.0))=x | 7341.0 2.0 4221.0 + + x = | 7341.0:cell 2.0:cell 4221.0:cell +:cell +:cell x:cell =:cell
EXPR: 0 | POS | INT | 10 | 3120 | 6240 | x=((7341.0-4221.0)*2.0) | x 7341.0 4221.0 - 2.0 * = | x:cell 7341.0:cell 4221.0:cell -:cell 2.0:sample *:cell =:cell
EXPR: 0 | POS | INT | 10 | 3120 | 1560 | x=((7341.0-4221.0)/2.0) | x 7341.0 4221.0 - 2.0 / = | x:cell 7341.0:cell 4221.0:cell -:cell 2.0:sample /:cell =:cell
EXPR: 0 | POS | INT | 10 | 3120 | 3122 | (7341.0+(2.0-4221.0))=x | 7341.0 2.0 4221.0 - + x = | 7341.0:cell 2.0:cell 4221.0:cell -:cell +:cell x:cell =:cell
EXPR: 0 | POS | INT | 10 | 3120 | 3122 | x=(7341.0+(2.0-4221.0)) | x 7341.0 2.0 4221.0 - + = | x:cell 7341.0:cell 2.0:cell 4221.0:cell -:cell +:cell =:cell
EXPR: 0 | POS | INT | 10 | 3120 | 23124 | (2.0*(7341.0+4221.0))=x | 2.0 7341.0 4221.0 + * x = | 2.0:sample 7341.0:cell 4221.0:cell +:cell *:cell x:cell =:cell
EXPR: 0 | POS | INT | 10 | 3120 | 11560 | (7341.0-(2.0-4221.0))=x | 7341.0 2.0 4221.0 - - x = | 7341.0:cell 2.0:cell 4221.0:cell -:cell -:cell x:cell =:cell
EXPR: 0 | POS | INT | 10 | 3120 | 23124 | ((7341.0+4221.0)*2.0)=x | 7341.0 4221.0 + 2.0 * x = | 7341.0:cell 4221.0:cell +:cell 2.0:sample *:cell x:cell =:cell
EXPR: 0 | POS | INT | 10 | 3120 | 6240 | ((7341.0-4221.0)*2.0)=x | 7341.0 4221.0 - 2.0 * x = | 7341.0:cell 4221.0:cell -:cell 2.0:sample *:cell x:cell =:cell
EXPR: 0 | POS | INT | 10 | 3120 | 3118 | (7341.0-(2.0+4221.0))=x | 7341.0 2.0 4221.0 + - x = | 7341.0:cell 2.0:cell 4221.0:cell +:cell -:cell x:cell =:cell
EXPR: 0 | POS | INT | 10 | 3120 | 5781 | ((7341.0+4221.0)/2.0)=x | 7341.0 4221.0 + 2.0 / x = | 7341.0:cell 4221.0:cell +:cell 2.0:sample /:cell x:cell =:cell
EXPR: 0 | POS | INT | 10 | 3120 | 1560 | ((7341.0-4221.0)/2.0)=x | 7341.0 4221.0 - 2.0 / x = | 7341.0:cell 4221.0:cell -:cell 2.0:sample /:cell x:cell =:cell
EXPR: 0 | POS | INT | 10 | 3120 | 11560 | x=(7341.0-(2.0-4221.0)) | x 7341.0 2.0 4221.0 - - = | x:cell 7341.0:cell 2.0:cell 4221.0:cell -:cell -:cell =:cell
EXPR: 0 | POS | INT | 10 | 3120 | 3122 | ((7341.0+2.0)-4221.0)=x | 7341.0 2.0 + 4221.0 - x = | 7341.0:cell 2.0:cell +:cell 4221.0:cell -:cell x:cell =:cell
EXPR: 0 | POS | INT | 10 | 3120 | 30994803 | x=((7341.0+2.0)*4221.0) | x 7341.0 2.0 + 4221.0 * = | x:cell 7341.0:sample 2.0:sample +:sample 4221.0:cell *:cell =:cell
EXPR: 0 | POS | INT | 10 | 3120 | 11560 | ((7341.0-2.0)+4221.0)=x | 7341.0 2.0 - 4221.0 + x = | 7341.0:cell 2.0:cell -:cell 4221.0:cell +:cell x:cell =:cell
EXPR: 0 | POS | INT | 10 | 3120 | 6240 | (2.0*(7341.0-4221.0))=x | 2.0 7341.0 4221.0 - * x = | 2.0:sample 7341.0:cell 4221.0:cell -:cell *:cell x:cell =:cell
EXPR: 0 | POS | INT | 10 | 3120 | 11564 | ((7341.0+2.0)+4221.0)=x | 7341.0 2.0 + 4221.0 + x = | 7341.0:cell 2.0:cell +:cell 4221.0:cell +:cell x:cell =:cell
EXPR: 0 | POS | INT | 10 | 3120 | 6240 | x=(2.0*(7341.0-4221.0)) | x 2.0 7341.0 4221.0 - * = | x:cell 2.0:sample 7341.0:cell 4221.0:cell -:cell *:cell =:cell
EXPR: 0 | POS | INT | 10 | 3120 | 3118 | ((7341.0-2.0)-4221.0)=x | 7341.0 2.0 - 4221.0 - x = | 7341.0:cell 2.0:cell -:cell 4221.0:cell -:cell x:cell =:cell
EXPR: 0 | POS | INT | 10 | 3120 | 23124 | x=(2.0*(7341.0+4221.0)) | x 2.0 7341.0 4221.0 + * = | x:cell 2.0:sample 7341.0:cell 4221.0:cell +:cell *:cell =:cell
EXPR: 0 | POS | INT | 10 | 3120 | 11564 | x=(7341.0+(2.0+4221.0)) | x 7341.0 2.0 4221.0 + + = | x:cell 7341.0:cell 2.0:cell 4221.0:cell +:cell +:cell =:cell
EXPR: 0 | POS | INT | 10 | 3120 | 3118 | x=(7341.0-(2.0+4221.0)) | x 7341.0 2.0 4221.0 + - = | x:cell 7341.0:cell 2.0:cell 4221.0:cell +:cell -:cell =:cell
EXPR: 0 | POS | INT | 12 | 3120 | 3118 | (7341.0-(x+2.0))=4221.0 | 7341.0 x 2.0 + - 4221.0 = | 7341.0:cell x:cell 2.0:cell +:cell -:cell 4221.0:cell =:cell
EXPR: 0 | POS | INT | 12 | 3120 | 3118 | 7341.0=(x+(2.0+4221.0)) | 7341.0 x 2.0 4221.0 + + = | 7341.0:cell x:cell 2.0:cell 4221.0:cell +:cell +:cell =:cell
EXPR: 0 | POS | INT | 12 | 3120 | 31001043 | 7341.0=(x/(2.0+4221.0)) | 7341.0 x 2.0 4221.0 + / = | 7341.0:cell x:cell 2.0:sample 4221.0:sample +:sample /:cell =:cell
EXPR: 0 | POS | INT | 12 | 3120 | 3122 | (7341.0+(2.0-x))=4221.0 | 7341.0 2.0 x - + 4221.0 = | 7341.0:cell 2.0:cell x:cell -:cell +:cell 4221.0:cell =:cell
EXPR: 0 | POS | INT | 12 | 3120 | 11564 | 7341.0=(x-(2.0+4221.0)) | 7341.0 x 2.0 4221.0 + - = | 7341.0:cell x:cell 2.0:cell 4221.0:cell +:cell -:cell =:cell
EXPR: 0 | POS | INT | 12 | 3120 | 11560 | 7341.0=(x+(2.0-4221.0)) | 7341.0 x 2.0 4221.0 - + = | 7341.0:cell x:cell 2.0:cell 4221.0:cell -:cell +:cell =:cell
EXPR: 0 | POS | INT | 12 | 3120 | 11560 | 7341.0=((x+2.0)-4221.0) | 7341.0 x 2.0 + 4221.0 - = | 7341.0:cell x:cell 2.0:cell +:cell 4221.0:cell -:cell =:cell
EXPR: 0 | POS | INT | 12 | 3120 | 11564 | (x-(7341.0+2.0))=4221.0 | x 7341.0 2.0 + - 4221.0 = | x:cell 7341.0:cell 2.0:cell +:cell -:cell 4221.0:cell =:cell
EXPR: 0 | POS | INT | 12 | 3120 | 18903 | 7341.0=((x-4221.0)/2.0) | 7341.0 x 4221.0 - 2.0 / = | 7341.0:cell x:cell 4221.0:cell -:cell 2.0:sample /:cell =:cell
EXPR: 0 | POS | INT | 12 | 3120 | 3122 | (7341.0-(x-2.0))=4221.0 | 7341.0 x 2.0 - - 4221.0 = | 7341.0:cell x:cell 2.0:cell -:cell -:cell 4221.0:cell =:cell
EXPR: 0 | POS | INT | 12 | 3120 | 3122 | 7341.0=(x-(2.0-4221.0)) | 7341.0 x 2.0 4221.0 - - = | 7341.0:cell x:cell 2.0:cell 4221.0:cell -:cell -:cell =:cell
EXPR: 0 | POS | INT | 12 | 3120 | 3118 | 7341.0=((x+2.0)+4221.0) | 7341.0 x 2.0 + 4221.0 + = | 7341.0:cell x:cell 2.0:cell +:cell 4221.0:cell +:cell =:cell
EXPR: 0 | POS | INT | 12 | 3120 | 3122 | 7341.0=((x-2.0)+4221.0) | 7341.0 x 2.0 - 4221.0 + = | 7341.0:cell x:cell 2.0:cell -:cell 4221.0:cell +:cell =:cell
EXPR: 0 | POS | INT | 12 | 3120 | 10461 | 7341.0=((x+4221.0)/2.0) | 7341.0 x 4221.0 + 2.0 / = | 7341.0:cell x:cell 4221.0:cell +:cell 2.0:sample /:cell =:cell
EXPR: 0 | POS | INT | 12 | 3120 | 11564 | 7341.0=((x-2.0)-4221.0) | 7341.0 x 2.0 - 4221.0 - = | 7341.0:cell x:cell 2.0:cell -:cell 4221.0:cell -:cell =:cell
EXPR: 0 | POS | INT | 12 | 3120 | 10461 | 7341.0=((4221.0+x)/2.0) | 7341.0 4221.0 x + 2.0 / = | 7341.0:cell 4221.0:cell x:cell +:cell 2.0:sample /:cell =:cell
EXPR: 0 | POS | INT | 12 | 3120 | 5781 | ((x*2.0)-7341.0)=4221.0 | x 2.0 * 7341.0 - 4221.0 = | x:cell 2.0:sample *:cell 7341.0:cell -:cell 4221.0:cell =:cell
EXPR: 0 | POS | INT | 12 | 3120 | 30977918.9999999 | (x/(7341.0-2.0))=4221.0 | x 7341.0 2.0 - / 4221.0 = | x:cell 7341.0:sample 2.0:sample -:sample /:cell 4221.0:cell =:cell
EXPR: 0 | POS | INT | 12 | 3120 | 3118 | (7341.0-(2.0+x))=4221.0 | 7341.0 2.0 x + - 4221.0 = | 7341.0:cell 2.0:cell x:cell +:cell -:cell 4221.0:cell =:cell
EXPR: 0 | POS | INT | 12 | 3120 | 11560 | (x-(7341.0-2.0))=4221.0 | x 7341.0 2.0 - - 4221.0 = | x:cell 7341.0:cell 2.0:cell -:cell -:cell 4221.0:cell =:cell
EXPR: 0 | POS | INT | 12 | 3120 | 30994803.0000001 | (x/(7341.0+2.0))=4221.0 | x 7341.0 2.0 + / 4221.0 = | x:cell 7341.0:sample 2.0:sample +:sample /:cell 4221.0:cell =:cell
EXPR: 0 | POS | INT | 12 | 3120 | 11560 | ((x-7341.0)+2.0)=4221.0 | x 7341.0 - 2.0 + 4221.0 = | x:cell 7341.0:cell -:cell 2.0:cell +:cell 4221.0:cell =:cell
EXPR: 0 | POS | INT | 12 | 3120 | 1560 | 7341.0=(4221.0+(x*2.0)) | 7341.0 4221.0 x 2.0 * + = | 7341.0:cell 4221.0:cell x:cell 2.0:sample *:cell +:cell =:cell
EXPR: 0 | POS | INT | 12 | 3120 | 6240 | 7341.0=(4221.0+(x/2.0)) | 7341.0 4221.0 x 2.0 / + = | 7341.0:cell 4221.0:cell x:cell 2.0:sample /:cell +:cell =:cell
EXPR: 0 | POS | INT | 12 | 3120 | 1560 | 7341.0=(4221.0+(2.0*x)) | 7341.0 4221.0 2.0 x * + = | 7341.0:cell 4221.0:cell 2.0:sample x:cell *:cell +:cell =:cell
EXPR: 0 | POS | INT | 12 | 3120 | 11560 | 7341.0=((2.0-4221.0)+x) | 7341.0 2.0 4221.0 - x + = | 7341.0:cell 2.0:cell 4221.0:cell -:cell x:cell +:cell =:cell
EXPR: 0 | POS | INT | 12 | 3120 | 3118 | 7341.0=((2.0+4221.0)+x) | 7341.0 2.0 4221.0 + x + = | 7341.0:cell 2.0:cell 4221.0:cell +:cell x:cell +:cell =:cell
EXPR: 0 | POS | INT | 12 | 3120 | 15783 | (x-7341.0)=(2.0*4221.0) | x 7341.0 - 2.0 4221.0 * = | x:cell 7341.0:cell -:cell 2.0:sample 4221.0:cell *:cell =:cell
EXPR: 0 | POS | INT | 12 | 3120 | 1101 | (x+7341.0)=(2.0*4221.0) | x 7341.0 + 2.0 4221.0 * = | x:cell 7341.0:cell +:cell 2.0:sample 4221.0:cell *:cell =:cell
EXPR: 0 | POS | INT | 12 | 3120 | 11564 | ((x-7341.0)-2.0)=4221.0 | x 7341.0 - 2.0 - 4221.0 = | x:cell 7341.0:cell -:cell 2.0:cell -:cell 4221.0:cell =:cell
EXPR: 0 | POS | INT | 12 | 3120 | 1101 | (7341.0+x)=(2.0*4221.0) | 7341.0 x + 2.0 4221.0 * = | 7341.0:cell x:cell +:cell 2.0:sample 4221.0:cell *:cell =:cell
EXPR: 0 | POS | INT | 12 | 3120 | 3122 | ((7341.0+2.0)-x)=4221.0 | 7341.0 2.0 + x - 4221.0 = | 7341.0:cell 2.0:cell +:cell x:cell -:cell 4221.0:cell =:cell
EXPR: 0 | POS | INT | 12 | 3120 | 3122 | ((7341.0-x)+2.0)=4221.0 | 7341.0 x - 2.0 + 4221.0 = | 7341.0:cell x:cell -:cell 2.0:cell +:cell 4221.0:cell =:cell
EXPR: 0 | POS | INT | 12 | 3120 | 5781 | ((2.0*x)-7341.0)=4221.0 | 2.0 x * 7341.0 - 4221.0 = | 2.0:sample x:cell *:cell 7341.0:cell -:cell 4221.0:cell =:cell
EXPR: 0 | POS | INT | 12 | 3120 | 23124 | ((x/2.0)-7341.0)=4221.0 | x 2.0 / 7341.0 - 4221.0 = | x:cell 2.0:sample /:cell 7341.0:cell -:cell 4221.0:cell =:cell
EXPR: 0 | POS | INT | 12 | 3120 | 10461 | (7341.0*2.0)=(4221.0+x) | 7341.0 2.0 * 4221.0 x + = | 7341.0:cell 2.0:sample *:cell 4221.0:cell x:cell +:cell =:cell
EXPR: 0 | POS | INT | 12 | 3120 | 3118 | 7341.0=((2.0+x)+4221.0) | 7341.0 2.0 x + 4221.0 + = | 7341.0:cell 2.0:cell x:cell +:cell 4221.0:cell +:cell =:cell
EXPR: 0 | POS | INT | 12 | 3120 | 3118 | ((7341.0-x)-2.0)=4221.0 | 7341.0 x - 2.0 - 4221.0 = | 7341.0:cell x:cell -:cell 2.0:cell -:cell 4221.0:cell =:cell
EXPR: 0 | POS | INT | 12 | 3120 | 11560 | 7341.0=((2.0+x)-4221.0) | 7341.0 2.0 x + 4221.0 - = | 7341.0:cell 2.0:cell x:cell +:cell 4221.0:cell -:cell =:cell
EXPR: 0 | POS | INT | 12 | 3120 | 3118 | ((7341.0-2.0)-x)=4221.0 | 7341.0 2.0 - x - 4221.0 = | 7341.0:cell 2.0:cell -:cell x:cell -:cell 4221.0:cell =:cell
EXPR: 0 | POS | INT | 12 | 3120 | 3118 | 7341.0=(2.0+(x+4221.0)) | 7341.0 2.0 x 4221.0 + + = | 7341.0:cell 2.0:cell x:cell 4221.0:cell +:cell +:cell =:cell
EXPR: 0 | POS | INT | 12 | 3120 | 11560 | 7341.0=(2.0+(x-4221.0)) | 7341.0 2.0 x 4221.0 - + = | 7341.0:cell 2.0:cell x:cell 4221.0:cell -:cell +:cell =:cell
EXPR: 0 | POS | INT | 12 | 3120 | 10461 | (7341.0*2.0)=(x+4221.0) | 7341.0 2.0 * x 4221.0 + = | 7341.0:cell 2.0:sample *:cell x:cell 4221.0:cell +:cell =:cell
EXPR: 0 | POS | INT | 12 | 3120 | 18903 | (7341.0*2.0)=(x-4221.0) | 7341.0 2.0 * x 4221.0 - = | 7341.0:cell 2.0:sample *:cell x:cell 4221.0:cell -:cell =:cell
EXPR: 0 | POS | INT | 12 | 3120 | 3118 | 7341.0=(2.0+(4221.0+x)) | 7341.0 2.0 4221.0 x + + = | 7341.0:cell 2.0:cell 4221.0:cell x:cell +:cell +:cell =:cell
EXPR: 0 | POS | INT | 12 | 3120 | 11560 | 7341.0=(2.0-(4221.0-x)) | 7341.0 2.0 4221.0 x - - = | 7341.0:cell 2.0:cell 4221.0:cell x:cell -:cell -:cell =:cell
EXPR: 0 | POS | INT | 20 | 3120 | 3122 | x=(7341.0-(4221.0-2.0)) | x 7341.0 4221.0 2.0 - - = | x:cell 7341.0:cell 4221.0:cell 2.0:cell -:cell -:cell =:cell
EXPR: 0 | POS | INT | 20 | 3120 | 3122 | x=(2.0+(7341.0-4221.0)) | x 2.0 7341.0 4221.0 - + = | x:cell 2.0:cell 7341.0:cell 4221.0:cell -:cell +:cell =:cell
EXPR: 0 | POS | INT | 20 | 3120 | 11560 | (7341.0+(4221.0-2.0))=x | 7341.0 4221.0 2.0 - + x = | 7341.0:cell 4221.0:cell 2.0:cell -:cell +:cell x:cell =:cell
EXPR: 0 | POS | INT | 20 | 3120 | 11560 | x=(7341.0+(4221.0-2.0)) | x 7341.0 4221.0 2.0 - + = | x:cell 7341.0:cell 4221.0:cell 2.0:cell -:cell +:cell =:cell
EXPR: 0 | POS | INT | 20 | 3120 | 3122 | (2.0+(7341.0-4221.0))=x | 2.0 7341.0 4221.0 - + x = | 2.0:cell 7341.0:cell 4221.0:cell -:cell +:cell x:cell =:cell
EXPR: 0 | POS | INT | 20 | 3120 | 11560 | x=((7341.0+4221.0)-2.0) | x 7341.0 4221.0 + 2.0 - = | x:cell 7341.0:cell 4221.0:cell +:cell 2.0:cell -:cell =:cell
EXPR: 0 | POS | INT | 20 | 3120 | 3122 | x=((7341.0-4221.0)+2.0) | x 7341.0 4221.0 - 2.0 + = | x:cell 7341.0:cell 4221.0:cell -:cell 2.0:cell +:cell =:cell
EXPR: 0 | POS | INT | 20 | 3120 | 3122 | (7341.0-(4221.0-2.0))=x | 7341.0 4221.0 2.0 - - x = | 7341.0:cell 4221.0:cell 2.0:cell -:cell -:cell x:cell =:cell
EXPR: 0 | POS | INT | 20 | 3120 | 11564 | (2.0+(7341.0+4221.0))=x | 2.0 7341.0 4221.0 + + x = | 2.0:cell 7341.0:cell 4221.0:cell +:cell +:cell x:cell =:cell
EXPR: 0 | POS | INT | 20 | 3120 | 11564 | x=((7341.0+4221.0)+2.0) | x 7341.0 4221.0 + 2.0 + = | x:cell 7341.0:cell 4221.0:cell +:cell 2.0:cell +:cell =:cell
EXPR: 0 | POS | INT | 20 | 3120 | 3118 | x=((7341.0-4221.0)-2.0) | x 7341.0 4221.0 - 2.0 - = | x:cell 7341.0:cell 4221.0:cell -:cell 2.0:cell -:cell =:cell
EXPR: 0 | POS | INT | 20 | 3120 | 11560 | ((7341.0+4221.0)-2.0)=x | 7341.0 4221.0 + 2.0 - x = | 7341.0:cell 4221.0:cell +:cell 2.0:cell -:cell x:cell =:cell
EXPR: 0 | POS | INT | 20 | 3120 | 11564 | ((7341.0+4221.0)+2.0)=x | 7341.0 4221.0 + 2.0 + x = | 7341.0:cell 4221.0:cell +:cell 2.0:cell +:cell x:cell =:cell
EXPR: 0 | POS | INT | 20 | 3120 | 3118 | ((7341.0-4221.0)-2.0)=x | 7341.0 4221.0 - 2.0 - x = | 7341.0:cell 4221.0:cell -:cell 2.0:cell -:cell x:cell =:cell
EXPR: 0 | POS | INT | 20 | 3120 | 3122 | ((7341.0-4221.0)+2.0)=x | 7341.0 4221.0 - 2.0 + x = | 7341.0:cell 4221.0:cell -:cell 2.0:cell +:cell x:cell =:cell
EXPR: 0 | POS | INT | 20 | 3120 | 30971679 | (7341.0*(4221.0-2.0))=x | 7341.0 4221.0 2.0 - * x = | 7341.0:cell 4221.0:sample 2.0:sample -:sample *:cell x:cell =:cell
EXPR: 0 | POS | INT | 20 | 3120 | 30971679 | x=(7341.0*(4221.0-2.0)) | x 7341.0 4221.0 2.0 - * = | x:cell 7341.0:cell 4221.0:sample 2.0:sample -:sample *:cell =:cell
EXPR: 0 | POS | INT | 20 | 3120 | 11564 | x=(2.0+(7341.0+4221.0)) | x 2.0 7341.0 4221.0 + + = | x:cell 2.0:cell 7341.0:cell 4221.0:cell +:cell +:cell =:cell
EXPR: 0 | POS | INT | 22 | 3120 | 3122 | (2.0+(7341.0-x))=4221.0 | 2.0 7341.0 x - + 4221.0 = | 2.0:cell 7341.0:cell x:cell -:cell +:cell 4221.0:cell =:cell
EXPR: 0 | POS | INT | 22 | 3120 | 23124 | 2.0=(x/(7341.0+4221.0)) | 2.0 x 7341.0 4221.0 + / = | 2.0:sample x:sample 7341.0:cell 4221.0:cell +:cell /:sample =:sample
EXPR: 0 | POS | INT | 22 | 3120 | 30986363 | 7341.0=((x-2.0)/4221.0) | 7341.0 x 2.0 - 4221.0 / = | 7341.0:cell x:cell 2.0:cell -:cell 4221.0:sample /:cell =:cell
EXPR: 0 | POS | INT | 22 | 3120 | 11560 | (2.0-(7341.0-x))=4221.0 | 2.0 7341.0 x - - 4221.0 = | 2.0:cell 7341.0:cell x:cell -:cell -:cell 4221.0:cell =:cell
EXPR: 0 | POS | INT | 22 | 3120 | 6240.00000000001 | 2.0=(x/(7341.0-4221.0)) | 2.0 x 7341.0 4221.0 - / = | 2.0:sample x:sample 7341.0:cell 4221.0:cell -:cell /:sample =:sample
EXPR: 0 | POS | INT | 22 | 3120 | 30971679 | ((x/7341.0)+2.0)=4221.0 | x 7341.0 / 2.0 + 4221.0 = | x:sample 7341.0:cell /:sample 2.0:sample +:sample 4221.0:sample =:sample
EXPR: 0 | POS | INT | 22 | 3120 | 3122 | 2.0=(x-(7341.0-4221.0)) | 2.0 x 7341.0 4221.0 - - = | 2.0:cell x:cell 7341.0:cell 4221.0:cell -:cell -:cell =:cell
EXPR: 0 | POS | INT | 22 | 3120 | 30986359 | 7341.0=((x+2.0)/4221.0) | 7341.0 x 2.0 + 4221.0 / = | 7341.0:sample x:sample 2.0:sample +:sample 4221.0:cell /:sample =:sample
EXPR: 0 | POS | INT | 22 | 3120 | 31001043 | ((x/7341.0)-2.0)=4221.0 | x 7341.0 / 2.0 - 4221.0 = | x:sample 7341.0:cell /:sample 2.0:sample -:sample 4221.0:sample =:sample
EXPR: 0 | POS | INT | 22 | 3120 | 3122 | 2.0=((x-7341.0)+4221.0) | 2.0 x 7341.0 - 4221.0 + = | 2.0:cell x:cell 7341.0:cell -:cell 4221.0:cell +:cell =:cell
EXPR: 0 | POS | INT | 22 | 3120 | 11564 | (x-(7341.0+4221.0))=2.0 | x 7341.0 4221.0 + - 2.0 = | x:cell 7341.0:cell 4221.0:cell +:cell -:cell 2.0:cell =:cell
EXPR: 0 | POS | INT | 22 | 3120 | 3118 | (7341.0-(x+4221.0))=2.0 | 7341.0 x 4221.0 + - 2.0 = | 7341.0:cell x:cell 4221.0:cell +:cell -:cell 2.0:cell =:cell
EXPR: 0 | POS | INT | 22 | 3120 | 11560 | (7341.0-(x-4221.0))=2.0 | 7341.0 x 4221.0 - - 2.0 = | 7341.0:cell x:cell 4221.0:cell -:cell -:cell 2.0:cell =:cell
EXPR: 0 | POS | INT | 22 | 3120 | 11560 | 7341.0=((x-4221.0)+2.0) | 7341.0 x 4221.0 - 2.0 + = | 7341.0:cell x:cell 4221.0:cell -:cell 2.0:cell +:cell =:cell
EXPR: 0 | POS | INT | 22 | 3120 | 11564 | 2.0=((x-7341.0)-4221.0) | 2.0 x 7341.0 - 4221.0 - = | 2.0:cell x:cell 7341.0:cell -:cell 4221.0:cell -:cell =:cell
EXPR: 0 | POS | INT | 22 | 3120 | 11564 | 2.0=(x-(7341.0+4221.0)) | 2.0 x 7341.0 4221.0 + - = | 2.0:cell x:cell 7341.0:cell 4221.0:cell +:cell -:cell =:cell
EXPR: 0 | POS | INT | 22 | 3120 | 11564 | 7341.0=((x-4221.0)-2.0) | 7341.0 x 4221.0 - 2.0 - = | 7341.0:cell x:cell 4221.0:cell -:cell 2.0:cell -:cell =:cell
EXPR: 0 | POS | INT | 22 | 3120 | 23124 | (x/(7341.0+4221.0))=2.0 | x 7341.0 4221.0 + / 2.0 = | x:sample 7341.0:cell 4221.0:cell +:cell /:sample 2.0:sample =:sample
EXPR: 0 | POS | INT | 22 | 3120 | 3122 | 7341.0=((x+4221.0)-2.0) | 7341.0 x 4221.0 + 2.0 - = | 7341.0:cell x:cell 4221.0:cell +:cell 2.0:cell -:cell =:cell
EXPR: 0 | POS | INT | 22 | 3120 | 3118 | 7341.0=((x+4221.0)+2.0) | 7341.0 x 4221.0 + 2.0 + = | 7341.0:cell x:cell 4221.0:cell +:cell 2.0:cell +:cell =:cell
EXPR: 0 | POS | INT | 22 | 3120 | 30986359 | 7341.0=((2.0+x)/4221.0) | 7341.0 2.0 x + 4221.0 / = | 7341.0:sample 2.0:sample x:sample +:sample 4221.0:cell /:sample =:sample
EXPR: 0 | POS | INT | 22 | 3120 | 11560 | (7341.0+(4221.0-x))=2.0 | 7341.0 4221.0 x - + 2.0 = | 7341.0:cell 4221.0:cell x:cell -:cell +:cell 2.0:cell =:cell
EXPR: 0 | POS | INT | 22 | 3120 | 11560 | (x+(2.0-7341.0))=4221.0 | x 2.0 7341.0 - + 4221.0 = | x:cell 2.0:cell 7341.0:cell -:cell +:cell 4221.0:cell =:cell
EXPR: 0 | POS | INT | 22 | 3120 | 11560 | (2.0+(x-7341.0))=4221.0 | 2.0 x 7341.0 - + 4221.0 = | 2.0:cell x:cell 7341.0:cell -:cell +:cell 4221.0:cell =:cell
EXPR: 0 | POS | INT | 22 | 3120 | 11560 | 7341.0=(x-(4221.0-2.0)) | 7341.0 x 4221.0 2.0 - - = | 7341.0:cell x:cell 4221.0:cell 2.0:cell -:cell -:cell =:cell
EXPR: 0 | POS | INT | 22 | 3120 | 30977919 | 7341.0=(2.0+(x/4221.0)) | 7341.0 2.0 x 4221.0 / + = | 7341.0:sample 2.0:sample x:sample 4221.0:cell /:sample +:sample =:sample
EXPR: 0 | POS | INT | 22 | 3120 | 30971679 | 7341.0=(x/(4221.0-2.0)) | 7341.0 x 4221.0 2.0 - / = | 7341.0:cell x:cell 4221.0:sample 2.0:sample -:sample /:cell =:cell
EXPR: 0 | POS | INT | 22 | 3120 | 1560 | (2.0*x)=(7341.0-4221.0) | 2.0 x * 7341.0 4221.0 - = | 2.0:sample x:cell *:cell 7341.0:cell 4221.0:cell -:cell =:cell
EXPR: 0 | POS | INT | 22 | 3120 | 3122 | ((x-7341.0)+4221.0)=2.0 | x 7341.0 - 4221.0 + 2.0 = | x:cell 7341.0:cell -:cell 4221.0:cell +:cell 2.0:cell =:cell
EXPR: 0 | POS | INT | 22 | 3120 | 3118 | (7341.0-(4221.0+x))=2.0 | 7341.0 4221.0 x + - 2.0 = | 7341.0:cell 4221.0:cell x:cell +:cell -:cell 2.0:cell =:cell
EXPR: 0 | POS | INT | 22 | 3120 | 6240.00000000001 | (x/(7341.0-4221.0))=2.0 | x 7341.0 4221.0 - / 2.0 = | x:sample 7341.0:cell 4221.0:cell -:cell /:sample 2.0:sample =:sample
EXPR: 0 | POS | INT | 22 | 3120 | 5781 | (2.0*x)=(7341.0+4221.0) | 2.0 x * 7341.0 4221.0 + = | 2.0:sample x:cell *:cell 7341.0:cell 4221.0:cell +:cell =:cell
EXPR: 0 | POS | INT | 22 | 3120 | 11560 | ((x+2.0)-7341.0)=4221.0 | x 2.0 + 7341.0 - 4221.0 = | x:cell 2.0:cell +:cell 7341.0:cell -:cell 4221.0:cell =:cell
EXPR: 0 | POS | INT | 22 | 3120 | 3122 | (2.0-(x-7341.0))=4221.0 | 2.0 x 7341.0 - - 4221.0 = | 2.0:cell x:cell 7341.0:cell -:cell -:cell 4221.0:cell =:cell
EXPR: 0 | POS | INT | 22 | 3120 | 11560 | ((2.0-7341.0)+x)=4221.0 | 2.0 7341.0 - x + 4221.0 = | 2.0:cell 7341.0:cell -:cell x:cell +:cell 4221.0:cell =:cell
EXPR: 0 | POS | INT | 22 | 3120 | 11564 | ((x-7341.0)-4221.0)=2.0 | x 7341.0 - 4221.0 - 2.0 = | x:cell 7341.0:cell -:cell 4221.0:cell -:cell 2.0:cell =:cell
EXPR: 0 | POS | INT | 22 | 3120 | 61972722 | (x/7341.0)=(2.0*4221.0) | x 7341.0 / 2.0 4221.0 * = | x:sample 7341.0:cell /:sample 2.0:sample 4221.0:cell *:sample =:sample
EXPR: 0 | POS | INT | 22 | 3120 | 11560 | ((2.0+x)-7341.0)=4221.0 | 2.0 x + 7341.0 - 4221.0 = | 2.0:cell x:cell +:cell 7341.0:cell -:cell 4221.0:cell =:cell
EXPR: 0 | POS | INT | 22 | 3120 | 11564 | ((x-2.0)-7341.0)=4221.0 | x 2.0 - 7341.0 - 4221.0 = | x:cell 2.0:cell -:cell 7341.0:cell -:cell 4221.0:cell =:cell
EXPR: 0 | POS | INT | 22 | 3120 | 6.45445265418549e-8 | (7341.0*x)=(2.0/4221.0) | 7341.0 x * 2.0 4221.0 / = | 7341.0:sample x:cell *:sample 2.0:sample 4221.0:cell /:sample =:sample
EXPR: 0 | POS | INT | 22 | 3120 | 3122 | ((2.0-x)+7341.0)=4221.0 | 2.0 x - 7341.0 + 4221.0 = | 2.0:cell x:cell -:cell 7341.0:cell +:cell 4221.0:cell =:cell
EXPR: 0 | POS | INT | 22 | 3120 | 3122 | (x-(7341.0-4221.0))=2.0 | x 7341.0 4221.0 - - 2.0 = | x:cell 7341.0:cell 4221.0:cell -:cell -:cell 2.0:cell =:cell
EXPR: 0 | POS | INT | 22 | 3120 | 11560 | 2.0=((7341.0+4221.0)-x) | 2.0 7341.0 4221.0 + x - = | 2.0:cell 7341.0:cell 4221.0:cell +:cell x:cell -:cell =:cell
EXPR: 0 | POS | INT | 22 | 3120 | 3122 | 7341.0=(x+(4221.0-2.0)) | 7341.0 x 4221.0 2.0 - + = | 7341.0:cell x:cell 4221.0:cell 2.0:cell -:cell +:cell =:cell
EXPR: 0 | POS | INT | 22 | 3120 | 6.45445265418549e-8 | (x*7341.0)=(2.0/4221.0) | x 7341.0 * 2.0 4221.0 / = | x:cell 7341.0:sample *:sample 2.0:sample 4221.0:cell /:sample =:sample
EXPR: 0 | POS | INT | 22 | 3120 | 11560 | ((7341.0-x)+4221.0)=2.0 | 7341.0 x - 4221.0 + 2.0 = | 7341.0:cell x:cell -:cell 4221.0:cell +:cell 2.0:cell =:cell
EXPR: 0 | POS | INT | 22 | 3120 | 61972721.9999999 | (7341.0*2.0)=(x/4221.0) | 7341.0 2.0 * x 4221.0 / = | 7341.0:cell 2.0:sample *:sample x:sample 4221.0:cell /:sample =:sample
EXPR: 0 | POS | INT | 22 | 3120 | 11560 | ((7341.0+4221.0)-x)=2.0 | 7341.0 4221.0 + x - 2.0 = | 7341.0:cell 4221.0:cell +:cell x:cell -:cell 2.0:cell =:cell
EXPR: 0 | POS | INT | 22 | 3120 | 1560 | (x*2.0)=(7341.0-4221.0) | x 2.0 * 7341.0 4221.0 - = | x:cell 2.0:sample *:cell 7341.0:cell 4221.0:cell -:cell =:cell
EXPR: 0 | POS | INT | 22 | 3120 | 6240 | (x/2.0)=(7341.0-4221.0) | x 2.0 / 7341.0 4221.0 - = | x:cell 2.0:sample /:cell 7341.0:cell 4221.0:cell -:cell =:cell
EXPR: 0 | POS | INT | 22 | 3120 | 3118 | 2.0=((7341.0-4221.0)-x) | 2.0 7341.0 4221.0 - x - = | 2.0:cell 7341.0:cell 4221.0:cell -:cell x:cell -:cell =:cell
EXPR: 0 | POS | INT | 22 | 3120 | 3118 | ((7341.0-4221.0)-x)=2.0 | 7341.0 4221.0 - x - 2.0 = | 7341.0:cell 4221.0:cell -:cell x:cell -:cell 2.0:cell =:cell
EXPR: 0 | POS | INT | 22 | 3120 | 11564 | (x-7341.0)=(2.0+4221.0) | x 7341.0 - 2.0 4221.0 + = | x:cell 7341.0:cell -:cell 2.0:cell 4221.0:cell +:cell =:cell
EXPR: 0 | POS | INT | 22 | 3120 | 5781 | (x*2.0)=(7341.0+4221.0) | x 2.0 * 7341.0 4221.0 + = | x:cell 2.0:sample *:cell 7341.0:cell 4221.0:cell +:cell =:cell
EXPR: 0 | POS | INT | 22 | 3120 | 23124 | (x/2.0)=(7341.0+4221.0) | x 2.0 / 7341.0 4221.0 + = | x:cell 2.0:sample /:cell 7341.0:cell 4221.0:cell +:cell =:cell
EXPR: 0 | POS | INT | 22 | 3120 | 3118 | (7341.0-2.0)=(4221.0+x) | 7341.0 2.0 - 4221.0 x + = | 7341.0:cell 2.0:cell -:cell 4221.0:cell x:cell +:cell =:cell
EXPR: 0 | POS | INT | 22 | 3120 | 3118 | ((7341.0-x)-4221.0)=2.0 | 7341.0 x - 4221.0 - 2.0 = | 7341.0:cell x:cell -:cell 4221.0:cell -:cell 2.0:cell =:cell
EXPR: 0 | POS | INT | 22 | 3120 | 3122 | 7341.0=((4221.0-2.0)+x) | 7341.0 4221.0 2.0 - x + = | 7341.0:cell 4221.0:cell 2.0:cell -:cell x:cell +:cell =:cell
EXPR: 0 | POS | INT | 22 | 3120 | 3118 | 7341.0=((4221.0+x)+2.0) | 7341.0 4221.0 x + 2.0 + = | 7341.0:cell 4221.0:cell x:cell +:cell 2.0:cell +:cell =:cell
EXPR: 0 | POS | INT | 22 | 3120 | 3122 | (7341.0+2.0)=(4221.0+x) | 7341.0 2.0 + 4221.0 x + = | 7341.0:cell 2.0:cell +:cell 4221.0:cell x:cell +:cell =:cell
EXPR: 0 | POS | INT | 22 | 3120 | 11564 | (7341.0+2.0)=(x-4221.0) | 7341.0 2.0 + x 4221.0 - = | 7341.0:cell 2.0:cell +:cell x:cell 4221.0:cell -:cell =:cell
EXPR: 0 | POS | INT | 22 | 3120 | 11560 | 2.0=((7341.0-x)+4221.0) | 2.0 7341.0 x - 4221.0 + = | 2.0:cell 7341.0:cell x:cell -:cell 4221.0:cell +:cell =:cell
EXPR: 0 | POS | INT | 22 | 3120 | 3118 | (7341.0-2.0)=(x+4221.0) | 7341.0 2.0 - x 4221.0 + = | 7341.0:cell 2.0:cell -:cell x:cell 4221.0:cell +:cell =:cell
EXPR: 0 | POS | INT | 22 | 3120 | 3118 | (7341.0-x)=(2.0+4221.0) | 7341.0 x - 2.0 4221.0 + = | 7341.0:cell x:cell -:cell 2.0:cell 4221.0:cell +:cell =:cell
EXPR: 0 | POS | INT | 22 | 3120 | 3122 | 7341.0=((4221.0+x)-2.0) | 7341.0 4221.0 x + 2.0 - = | 7341.0:cell 4221.0:cell x:cell +:cell 2.0:cell -:cell =:cell
EXPR: 0 | POS | INT | 22 | 3120 | 1560 | (7341.0-4221.0)=(x*2.0) | 7341.0 4221.0 - x 2.0 * = | 7341.0:cell 4221.0:cell -:cell x:cell 2.0:sample *:cell =:cell
EXPR: 0 | POS | INT | 22 | 3120 | 6240 | (7341.0-4221.0)=(x/2.0) | 7341.0 4221.0 - x 2.0 / = | 7341.0:cell 4221.0:cell -:cell x:cell 2.0:sample /:cell =:cell
EXPR: 0 | POS | INT | 22 | 3120 | 11560 | (7341.0-2.0)=(x-4221.0) | 7341.0 2.0 - x 4221.0 - = | 7341.0:cell 2.0:cell -:cell x:cell 4221.0:cell -:cell =:cell
EXPR: 0 | POS | INT | 22 | 3120 | 3118 | 2.0=((7341.0-x)-4221.0) | 2.0 7341.0 x - 4221.0 - = | 2.0:cell 7341.0:cell x:cell -:cell 4221.0:cell -:cell =:cell
EXPR: 0 | POS | INT | 22 | 3120 | 3122 | (7341.0+2.0)=(x+4221.0) | 7341.0 2.0 + x 4221.0 + = | 7341.0:cell 2.0:cell +:cell x:cell 4221.0:cell +:cell =:cell
EXPR: 0 | POS | INT | 22 | 3120 | 3122 | (x-7341.0)=(2.0-4221.0) | x 7341.0 - 2.0 4221.0 - = | x:cell 7341.0:cell -:cell 2.0:cell 4221.0:cell -:cell =:cell
EXPR: 0 | POS | INT | 22 | 3120 | 5781 | (7341.0+4221.0)=(x*2.0) | 7341.0 4221.0 + x 2.0 * = | 7341.0:cell 4221.0:cell +:cell x:cell 2.0:sample *:cell =:cell
EXPR: 0 | POS | INT | 22 | 3120 | 23124 | (7341.0+4221.0)=(x/2.0) | 7341.0 4221.0 + x 2.0 / = | 7341.0:cell 4221.0:cell +:cell x:cell 2.0:sample /:cell =:cell
EXPR: 0 | POS | INT | 22 | 3120 | 1560 | (7341.0-4221.0)=(2.0*x) | 7341.0 4221.0 - 2.0 x * = | 7341.0:cell 4221.0:cell -:cell 2.0:sample x:cell *:cell =:cell
EXPR: 0 | POS | INT | 22 | 3120 | 11560 | (7341.0-x)=(2.0-4221.0) | 7341.0 x - 2.0 4221.0 - = | 7341.0:cell x:cell -:cell 2.0:cell 4221.0:cell -:cell =:cell
EXPR: 0 | POS | INT | 22 | 3120 | 3118 | 2.0=(7341.0-(x+4221.0)) | 2.0 7341.0 x 4221.0 + - = | 2.0:cell 7341.0:cell x:cell 4221.0:cell +:cell -:cell =:cell
EXPR: 0 | POS | INT | 22 | 3120 | 11560 | 2.0=(7341.0+(4221.0-x)) | 2.0 7341.0 4221.0 x - + = | 2.0:cell 7341.0:cell 4221.0:cell x:cell -:cell +:cell =:cell
EXPR: 0 | POS | INT | 22 | 3120 | 3118 | 2.0=(7341.0-(4221.0+x)) | 2.0 7341.0 4221.0 x + - = | 2.0:cell 7341.0:cell 4221.0:cell x:cell +:cell -:cell =:cell
EXPR: 0 | POS | INT | 22 | 3120 | 11560 | 2.0=(7341.0-(x-4221.0)) | 2.0 7341.0 x 4221.0 - - = | 2.0:cell 7341.0:cell x:cell 4221.0:cell -:cell -:cell =:cell
EXPR: 0 | POS | INT | 22 | 3120 | 5781 | (7341.0+4221.0)=(2.0*x) | 7341.0 4221.0 + 2.0 x * = | 7341.0:cell 4221.0:cell +:cell 2.0:sample x:cell *:cell =:cell
EXPR: 0 | POS | INT | 22 | 3120 | 3118 | 7341.0=(4221.0+(2.0+x)) | 7341.0 4221.0 2.0 x + + = | 7341.0:cell 4221.0:cell 2.0:cell x:cell +:cell +:cell =:cell
EXPR: 0 | POS | INT | 22 | 3120 | 3122 | 7341.0=(4221.0-(2.0-x)) | 7341.0 4221.0 2.0 x - - = | 7341.0:cell 4221.0:cell 2.0:cell x:cell -:cell -:cell =:cell
EXPR: 0 | POS | INT | 22 | 3120 | 3118 | 7341.0=(4221.0+(x+2.0)) | 7341.0 4221.0 x 2.0 + + = | 7341.0:cell 4221.0:cell x:cell 2.0:cell +:cell +:cell =:cell
EXPR: 0 | POS | INT | 22 | 3120 | 3122 | 7341.0=(4221.0+(x-2.0)) | 7341.0 4221.0 x 2.0 - + = | 7341.0:cell 4221.0:cell x:cell 2.0:cell -:cell +:cell =:cell
EXPR: 0 | POS | INT | 25 | 3120 | 18903 | x=(4221.0+(7341.0*2.0)) | x 4221.0 7341.0 2.0 * + = | x:cell 4221.0:cell 7341.0:cell 2.0:sample *:cell +:cell =:cell
EXPR: 0 | POS | INT | 25 | 3120 | 15783 | ((2.0*4221.0)+7341.0)=x | 2.0 4221.0 * 7341.0 + x = | 2.0:sample 4221.0:cell *:cell 7341.0:cell +:cell x:cell =:cell
EXPR: 0 | POS | INT | 25 | 3120 | 1101 | ((2.0*4221.0)-7341.0)=x | 2.0 4221.0 * 7341.0 - x = | 2.0:sample 4221.0:cell *:cell 7341.0:cell -:cell x:cell =:cell
EXPR: 0 | POS | INT | 25 | 3120 | 1101 | x=((2.0*4221.0)-7341.0) | x 2.0 4221.0 * 7341.0 - = | x:cell 2.0:sample 4221.0:cell *:cell 7341.0:cell -:cell =:cell
EXPR: 0 | POS | INT | 25 | 3120 | 15783 | x=((2.0*4221.0)+7341.0) | x 2.0 4221.0 * 7341.0 + = | x:cell 2.0:sample 4221.0:cell *:cell 7341.0:cell +:cell =:cell
EXPR: 0 | POS | INT | 25 | 3120 | 18903 | (4221.0+(7341.0*2.0))=x | 4221.0 7341.0 2.0 * + x = | 4221.0:cell 7341.0:cell 2.0:sample *:cell +:cell x:cell =:cell
EXPR: 0 | POS | INT | 27 | 3120 | 1560 | ((x*2.0)+4221.0)=7341.0 | x 2.0 * 4221.0 + 7341.0 = | x:cell 2.0:sample *:cell 4221.0:cell +:cell 7341.0:cell =:cell
EXPR: 0 | POS | INT | 27 | 3120 | 5781 | ((x*2.0)-4221.0)=7341.0 | x 2.0 * 4221.0 - 7341.0 = | x:cell 2.0:sample *:cell 4221.0:cell -:cell 7341.0:cell =:cell
EXPR: 0 | POS | INT | 27 | 3120 | 6240 | ((x/2.0)+4221.0)=7341.0 | x 2.0 / 4221.0 + 7341.0 = | x:cell 2.0:sample /:cell 4221.0:cell +:cell 7341.0:cell =:cell
EXPR: 0 | POS | INT | 27 | 3120 | 15783 | 4221.0=((x-7341.0)/2.0) | 4221.0 x 7341.0 - 2.0 / = | 4221.0:cell x:cell 7341.0:cell -:cell 2.0:sample /:cell =:cell
EXPR: 0 | POS | INT | 27 | 3120 | 18903 | 4221.0=(x-(7341.0*2.0)) | 4221.0 x 7341.0 2.0 * - = | 4221.0:cell x:cell 7341.0:cell 2.0:sample *:cell -:cell =:cell
EXPR: 0 | POS | INT | 27 | 3120 | 23124 | ((x/2.0)-4221.0)=7341.0 | x 2.0 / 4221.0 - 7341.0 = | x:cell 2.0:sample /:cell 4221.0:cell -:cell 7341.0:cell =:cell
EXPR: 0 | POS | INT | 27 | 3120 | 1101 | 4221.0=((x+7341.0)/2.0) | 4221.0 x 7341.0 + 2.0 / = | 4221.0:cell x:cell 7341.0:cell +:cell 2.0:sample /:cell =:cell
EXPR: 0 | POS | INT | 27 | 3120 | 1101 | 4221.0=((7341.0+x)/2.0) | 4221.0 7341.0 x + 2.0 / = | 4221.0:cell 7341.0:cell x:cell +:cell 2.0:sample /:cell =:cell
EXPR: 0 | POS | INT | 27 | 3120 | 10461 | 4221.0=((7341.0*2.0)-x) | 4221.0 7341.0 2.0 * x - = | 4221.0:cell 7341.0:cell 2.0:sample *:cell x:cell -:cell =:cell
EXPR: 0 | POS | INT | 27 | 3120 | 15783 | (x-(2.0*4221.0))=7341.0 | x 2.0 4221.0 * - 7341.0 = | x:cell 2.0:sample 4221.0:cell *:cell -:cell 7341.0:cell =:cell
EXPR: 0 | POS | INT | 27 | 3120 | 1560 | ((2.0*x)+4221.0)=7341.0 | 2.0 x * 4221.0 + 7341.0 = | 2.0:sample x:cell *:cell 4221.0:cell +:cell 7341.0:cell =:cell
EXPR: 0 | POS | INT | 27 | 3120 | 1560 | 4221.0=(7341.0-(2.0*x)) | 4221.0 7341.0 2.0 x * - = | 4221.0:cell 7341.0:cell 2.0:sample x:cell *:cell -:cell =:cell
EXPR: 0 | POS | INT | 27 | 3120 | 1560 | 4221.0=(7341.0-(x*2.0)) | 4221.0 7341.0 x 2.0 * - = | 4221.0:cell 7341.0:cell x:cell 2.0:sample *:cell -:cell =:cell
EXPR: 0 | POS | INT | 27 | 3120 | 5781 | ((2.0*x)-4221.0)=7341.0 | 2.0 x * 4221.0 - 7341.0 = | 2.0:sample x:cell *:cell 4221.0:cell -:cell 7341.0:cell =:cell
EXPR: 0 | POS | INT | 27 | 3120 | 1101 | ((2.0*4221.0)-x)=7341.0 | 2.0 4221.0 * x - 7341.0 = | 2.0:sample 4221.0:cell *:cell x:cell -:cell 7341.0:cell =:cell
EXPR: 0 | POS | INT | 27 | 3120 | 6240 | 4221.0=(7341.0-(x/2.0)) | 4221.0 7341.0 x 2.0 / - = | 4221.0:cell 7341.0:cell x:cell 2.0:sample /:cell -:cell =:cell
EXPR: 0 | POS | INT | 30 | 3120 | 30986363 | (2.0+(7341.0*4221.0))=x | 2.0 7341.0 4221.0 * + x = | 2.0:cell 7341.0:sample 4221.0:cell *:cell +:cell x:cell =:cell
EXPR: 0 | POS | INT | 30 | 3120 | 30986363 | x=(2.0+(7341.0*4221.0)) | x 2.0 7341.0 4221.0 * + = | x:cell 2.0:cell 7341.0:sample 4221.0:cell *:cell +:cell =:cell
EXPR: 0 | POS | INT | 30 | 3120 | 30986363 | ((7341.0*4221.0)+2.0)=x | 7341.0 4221.0 * 2.0 + x = | 7341.0:cell 4221.0:sample *:sample 2.0:sample +:sample x:sample =:sample
EXPR: 0 | POS | INT | 30 | 3120 | 30986359 | ((7341.0*4221.0)-2.0)=x | 7341.0 4221.0 * 2.0 - x = | 7341.0:cell 4221.0:sample *:sample 2.0:sample -:sample x:sample =:sample
EXPR: 0 | POS | INT | 30 | 3120 | 30986363 | x=((7341.0*4221.0)+2.0) | x 7341.0 4221.0 * 2.0 + = | x:cell 7341.0:cell 4221.0:sample *:cell 2.0:cell +:cell =:cell
EXPR: 0 | POS | INT | 30 | 3120 | 30986359 | x=((7341.0*4221.0)-2.0) | x 7341.0 4221.0 * 2.0 - = | x:cell 7341.0:cell 4221.0:sample *:cell 2.0:cell -:cell =:cell
NET 232 unique, non-negative, integer-valued solutions found out of 1000 total solutions
