parameters: n=9 l=4 k=1 p=5 q=2 m=10
TOTAL 359 solutions found
SOLN: CORRECT | POS/NEG | INT/FRA | OBJ-SCORE | TRUE-ANS | ANS | INFIX | POSTFIX | TYPED-POSTFIX
EXPR: 0 | POS | INT | 12 | 1 | 4 | 8.0=((13.0*(x-2.0))-18.0) | 8.0 13.0 x 2.0 - * 18.0 - = | 8.0:dollar 13.0:dollar x:money 2.0:money -:money *:dollar 18.0:dollar -:dollar =:dollar
EXPR: 1 | POS | INT | 12 | 1 | 1 | (((8.0+13.0)-x)-2.0)=18.0 | 8.0 13.0 + x - 2.0 - 18.0 = | 8.0:dollar 13.0:dollar +:dollar x:dollar -:dollar 2.0:dollar -:dollar 18.0:dollar =:dollar
EXPR: 0 | POS | INT | 12 | 1 | 6 | ((13.0-(8.0+2.0))*x)=18.0 | 13.0 8.0 2.0 + - x * 18.0 = | 13.0:dollar 8.0:dollar 2.0:dollar +:dollar -:dollar x:money *:dollar 18.0:dollar =:dollar
EXPR: 0 | POS | INT | 20 | 1 | 261 | x=((8.0+(13.0/2.0))*18.0) | x 8.0 13.0 2.0 / + 18.0 * = | x:money 8.0:money 13.0:money 2.0:dollar /:money +:money 18.0:dollar *:money =:money
EXPR: 0 | POS | INT | 22 | 1 | 33 | (8.0+((x-13.0)/2.0))=18.0 | 8.0 x 13.0 - 2.0 / + 18.0 = | 8.0:dollar x:dollar 13.0:dollar -:dollar 2.0:money /:dollar +:dollar 18.0:dollar =:dollar
EXPR: 0 | POS | INT | 22 | 1 | 18 | (8.0+((x-13.0)*2.0))=18.0 | 8.0 x 13.0 - 2.0 * + 18.0 = | 8.0:dollar x:dollar 13.0:dollar -:dollar 2.0:money *:dollar +:dollar 18.0:dollar =:dollar
EXPR: 0 | POS | INT | 22 | 1 | 6 | ((8.0+13.0)-(x/2.0))=18.0 | 8.0 13.0 + x 2.0 / - 18.0 = | 8.0:dollar 13.0:dollar +:dollar x:dollar 2.0:money /:dollar -:dollar 18.0:dollar =:dollar
EXPR: 0 | POS | INT | 22 | 1 | 113 | ((8.0+(x*2.0))/13.0)=18.0 | 8.0 x 2.0 * + 13.0 / 18.0 = | 8.0:dollar x:money 2.0:dollar *:dollar +:dollar 13.0:money /:dollar 18.0:dollar =:dollar
EXPR: 0 | POS | INT | 22 | 1 | 262 | 8.0=(((13.0+2.0)*18.0)-x) | 8.0 13.0 2.0 + 18.0 * x - = | 8.0:money 13.0:dollar 2.0:dollar +:dollar 18.0:money *:money x:money -:money =:money
EXPR: 0 | POS | INT | 22 | 1 | 15 | ((x-(8.0+2.0))+13.0)=18.0 | x 8.0 2.0 + - 13.0 + 18.0 = | x:dollar 8.0:dollar 2.0:dollar +:dollar -:dollar 13.0:dollar +:dollar 18.0:dollar =:dollar
EXPR: 0 | POS | INT | 22 | 1 | 15 | (13.0-(8.0+(2.0-x)))=18.0 | 13.0 8.0 2.0 x - + - 18.0 = | 13.0:dollar 8.0:dollar 2.0:dollar x:dollar -:dollar +:dollar -:dollar 18.0:dollar =:dollar
EXPR: 0 | POS | INT | 22 | 1 | 36 | ((8.0-(13.0*2.0))+x)=18.0 | 8.0 13.0 2.0 * - x + 18.0 = | 8.0:dollar 13.0:money 2.0:dollar *:dollar -:dollar x:dollar +:dollar 18.0:dollar =:dollar
EXPR: 0 | POS | INT | 22 | 1 | 15 | 13.0=((8.0+(2.0-x))+18.0) | 13.0 8.0 2.0 x - + 18.0 + = | 13.0:dollar 8.0:dollar 2.0:dollar x:dollar -:dollar +:dollar 18.0:dollar +:dollar =:dollar
EXPR: 0 | POS | INT | 22 | 1 | 252 | 8.0=((13.0*(2.0+18.0))-x) | 8.0 13.0 2.0 18.0 + * x - = | 8.0:dollar 13.0:money 2.0:dollar 18.0:dollar +:dollar *:dollar x:dollar -:dollar =:dollar
EXPR: 0 | POS | INT | 30 | 1 | 16 | x=((8.0+(13.0*2.0))-18.0) | x 8.0 13.0 2.0 * + 18.0 - = | x:money 8.0:money 13.0:dollar 2.0:money *:money +:money 18.0:money -:money =:money
EXPR: 0 | POS | INT | 32 | 1 | 15 | (((8.0*2.0)+x)-13.0)=18.0 | 8.0 2.0 * x + 13.0 - 18.0 = | 8.0:money 2.0:dollar *:dollar x:dollar +:dollar 13.0:dollar -:dollar 18.0:dollar =:dollar
EXPR: 0 | POS | INT | 32 | 1 | 95 | (8.0-((x+13.0)/18.0))=2.0 | 8.0 x 13.0 + 18.0 / - 2.0 = | 8.0:dollar x:dollar 13.0:dollar +:dollar 18.0:money /:dollar -:dollar 2.0:dollar =:dollar
EXPR: 0 | POS | INT | 32 | 1 | 442 | ((x/13.0)-(8.0*2.0))=18.0 | x 13.0 / 8.0 2.0 * - 18.0 = | x:money 13.0:dollar /:money 8.0:dollar 2.0:money *:money -:money 18.0:money =:money
EXPR: 0 | POS | INT | 32 | 1 | 26 | ((x/13.0)+(8.0*2.0))=18.0 | x 13.0 / 8.0 2.0 * + 18.0 = | x:money 13.0:dollar /:money 8.0:dollar 2.0:money *:money +:money 18.0:money =:money
EXPR: 0 | POS | INT | 32 | 1 | 6 | 8.0=((x/2.0)-(13.0-18.0)) | 8.0 x 2.0 / 13.0 18.0 - - = | 8.0:dollar x:dollar 2.0:money /:dollar 13.0:dollar 18.0:dollar -:dollar -:dollar =:dollar
EXPR: 0 | POS | INT | 37 | 1 | 37 | 8.0=((2.0-(18.0-x))-13.0) | 8.0 2.0 18.0 x - - 13.0 - = | 8.0:dollar 2.0:dollar 18.0:dollar x:dollar -:dollar -:dollar 13.0:dollar -:dollar =:dollar
EXPR: 0 | POS | INT | 37 | 1 | 25 | ((x-(13.0+2.0))+8.0)=18.0 | x 13.0 2.0 + - 8.0 + 18.0 = | x:dollar 13.0:dollar 2.0:dollar +:dollar -:dollar 8.0:dollar +:dollar 18.0:dollar =:dollar
EXPR: 0 | POS | INT | 37 | 1 | 15 | (((13.0-2.0)-8.0)+x)=18.0 | 13.0 2.0 - 8.0 - x + 18.0 = | 13.0:dollar 2.0:dollar -:dollar 8.0:dollar -:dollar x:dollar +:dollar 18.0:dollar =:dollar
EXPR: 0 | POS | INT | 37 | 1 | 37 | (x-((8.0-2.0)+18.0))=13.0 | x 8.0 2.0 - 18.0 + - 13.0 = | x:dollar 8.0:dollar 2.0:dollar -:dollar 18.0:dollar +:dollar -:dollar 13.0:dollar =:dollar
EXPR: 1 | POS | INT | 37 | 1 | 1 | ((13.0*2.0)-(8.0/x))=18.0 | 13.0 2.0 * 8.0 x / - 18.0 = | 13.0:money 2.0:dollar *:dollar 8.0:dollar x:money /:dollar -:dollar 18.0:dollar =:dollar
EXPR: 0 | POS | INT | 42 | 1 | 228 | (8.0+(x-2.0))=(13.0*18.0) | 8.0 x 2.0 - + 13.0 18.0 * = | 8.0:dollar x:dollar 2.0:dollar -:dollar +:dollar 13.0:money 18.0:dollar *:dollar =:dollar
EXPR: 0 | POS | INT | 47 | 1 | 155 | 13.0=((x+2.0)-(8.0*18.0)) | 13.0 x 2.0 + 8.0 18.0 * - = | 13.0:dollar x:dollar 2.0:dollar +:dollar 8.0:dollar 18.0:money *:dollar -:dollar =:dollar
EXPR: 0 | POS | INT | 47 | 1 | 6 | 13.0=((x/2.0)-(8.0-18.0)) | 13.0 x 2.0 / 8.0 18.0 - - = | 13.0:dollar x:dollar 2.0:money /:dollar 8.0:dollar 18.0:dollar -:dollar -:dollar =:dollar
EXPR: 0 | POS | INT | 47 | 1 | 78 | 13.0=((x/2.0)-(8.0+18.0)) | 13.0 x 2.0 / 8.0 18.0 + - = | 13.0:dollar x:dollar 2.0:money /:dollar 8.0:dollar 18.0:dollar +:dollar -:dollar =:dollar
EXPR: 0 | POS | INT | 52 | 1 | 0 | 8.0=((2.0*(13.0+x))-18.0) | 8.0 2.0 13.0 x + * 18.0 - = | 8.0:money 2.0:money 13.0:dollar x:dollar +:dollar *:money 18.0:money -:money =:money
EXPR: 0 | POS | INT | 52 | 1 | 84 | ((8.0*13.0)-18.0)=(2.0+x) | 8.0 13.0 * 18.0 - 2.0 x + = | 8.0:dollar 13.0:money *:money 18.0:money -:money 2.0:money x:money +:money =:money
EXPR: 0 | POS | INT | 52 | 1 | 15 | (((13.0-18.0)-8.0)+x)=2.0 | 13.0 18.0 - 8.0 - x + 2.0 = | 13.0:dollar 18.0:dollar -:dollar 8.0:dollar -:dollar x:dollar +:dollar 2.0:dollar =:dollar
EXPR: 0 | POS | INT | 57 | 1 | 364 | 8.0=((2.0*18.0)-(x/13.0)) | 8.0 2.0 18.0 * x 13.0 / - = | 8.0:dollar 2.0:money 18.0:dollar *:dollar x:dollar 13.0:money /:dollar -:dollar =:dollar
EXPR: 0 | POS | INT | 57 | 1 | 88 | ((x+2.0)/(13.0-8.0))=18.0 | x 2.0 + 13.0 8.0 - / 18.0 = | x:money 2.0:money +:money 13.0:dollar 8.0:dollar -:dollar /:money 18.0:money =:money
EXPR: 0 | POS | INT | 57 | 1 | 420 | 8.0=((x/(2.0+18.0))-13.0) | 8.0 x 2.0 18.0 + / 13.0 - = | 8.0:dollar x:dollar 2.0:money 18.0:money +:money /:dollar 13.0:dollar -:dollar =:dollar
EXPR: 0 | POS | INT | 57 | 1 | 129 | (13.0+(x+2.0))=(8.0*18.0) | 13.0 x 2.0 + + 8.0 18.0 * = | 13.0:dollar x:dollar 2.0:dollar +:dollar +:dollar 8.0:money 18.0:dollar *:dollar =:dollar
EXPR: 0 | POS | INT | 57 | 1 | 26 | ((8.0+18.0)-(x/2.0))=13.0 | 8.0 18.0 + x 2.0 / - 13.0 = | 8.0:dollar 18.0:dollar +:dollar x:dollar 2.0:money /:dollar -:dollar 13.0:dollar =:dollar
EXPR: 0 | POS | INT | 57 | 1 | 6 | ((13.0-(18.0/x))-2.0)=8.0 | 13.0 18.0 x / - 2.0 - 8.0 = | 13.0:dollar 18.0:dollar x:money /:dollar -:dollar 2.0:dollar -:dollar 8.0:dollar =:dollar
EXPR: 0 | POS | INT | 57 | 1 | 6 | 18.0=(x*(13.0-(8.0+2.0))) | 18.0 x 13.0 8.0 2.0 + - * = | 18.0:dollar x:money 13.0:dollar 8.0:dollar 2.0:dollar +:dollar -:dollar *:dollar =:dollar
EXPR: 0 | POS | INT | 57 | 1 | 6 | 13.0=(((x/2.0)-8.0)+18.0) | 13.0 x 2.0 / 8.0 - 18.0 + = | 13.0:money x:money 2.0:dollar /:money 8.0:money -:money 18.0:money +:money =:money
EXPR: 0 | POS | INT | 62 | 1 | 95 | 13.0=((18.0*(8.0-2.0))-x) | 13.0 18.0 8.0 2.0 - * x - = | 13.0:dollar 18.0:money 8.0:dollar 2.0:dollar -:dollar *:dollar x:dollar -:dollar =:dollar
EXPR: 0 | POS | INT | 72 | 1 | 25 | ((x-(2.0+18.0))+8.0)=13.0 | x 2.0 18.0 + - 8.0 + 13.0 = | x:dollar 2.0:dollar 18.0:dollar +:dollar -:dollar 8.0:dollar +:dollar 13.0:dollar =:dollar
EXPR: 0 | POS | INT | 72 | 1 | 314 | ((x/2.0)-(8.0*18.0))=13.0 | x 2.0 / 8.0 18.0 * - 13.0 = | x:dollar 2.0:money /:dollar 8.0:dollar 18.0:money *:dollar -:dollar 13.0:dollar =:dollar
EXPR: 0 | POS | INT | 72 | 1 | 37 | (((2.0-18.0)-8.0)+x)=13.0 | 2.0 18.0 - 8.0 - x + 13.0 = | 2.0:dollar 18.0:dollar -:dollar 8.0:dollar -:dollar x:dollar +:dollar 13.0:dollar =:dollar
EXPR: 0 | POS | INT | 77 | 1 | 141 | 13.0=(x-((18.0-2.0)*8.0)) | 13.0 x 18.0 2.0 - 8.0 * - = | 13.0:money x:money 18.0:dollar 2.0:dollar -:dollar 8.0:money *:money -:money =:money
EXPR: 0 | POS | INT | 77 | 1 | 100 | 13.0=((x/(2.0+18.0))+8.0) | 13.0 x 2.0 18.0 + / 8.0 + = | 13.0:dollar x:dollar 2.0:money 18.0:money +:money /:dollar 8.0:dollar +:dollar =:dollar
EXPR: 0 | POS | INT | 77 | 1 | 46 | ((13.0+18.0)-(x/2.0))=8.0 | 13.0 18.0 + x 2.0 / - 8.0 = | 13.0:dollar 18.0:dollar +:dollar x:dollar 2.0:money /:dollar -:dollar 8.0:dollar =:dollar
EXPR: 0 | POS | INT | 77 | 1 | 184 | 13.0=((2.0*18.0)-(x/8.0)) | 13.0 2.0 18.0 * x 8.0 / - = | 13.0:dollar 2.0:money 18.0:dollar *:dollar x:dollar 8.0:money /:dollar -:dollar =:dollar
EXPR: 0 | POS | INT | 82 | 1 | 41 | ((x-(2.0*18.0))+8.0)=13.0 | x 2.0 18.0 * - 8.0 + 13.0 = | x:dollar 2.0:money 18.0:dollar *:dollar -:dollar 8.0:dollar +:dollar 13.0:dollar =:dollar
EXPR: 0 | POS | INT | 82 | 1 | 5 | 18.0=((13.0+(2.0-x))+8.0) | 18.0 13.0 2.0 x - + 8.0 + = | 18.0:dollar 13.0:dollar 2.0:dollar x:dollar -:dollar +:dollar 8.0:dollar +:dollar =:dollar
EXPR: 0 | POS | INT | 82 | 1 | 37 | (((2.0-18.0)-13.0)+x)=8.0 | 2.0 18.0 - 13.0 - x + 8.0 = | 2.0:dollar 18.0:dollar -:dollar 13.0:dollar -:dollar x:dollar +:dollar 8.0:dollar =:dollar
EXPR: 0 | POS | INT | 92 | 1 | 88 | 2.0=((18.0*(13.0-8.0))-x) | 2.0 18.0 13.0 8.0 - * x - = | 2.0:dollar 18.0:money 13.0:dollar 8.0:dollar -:dollar *:dollar x:dollar -:dollar =:dollar
EXPR: 0 | POS | INT | 92 | 1 | 38 | (18.0-((2.0+x)/8.0))=13.0 | 18.0 2.0 x + 8.0 / - 13.0 = | 18.0:dollar 2.0:dollar x:dollar +:dollar 8.0:money /:dollar -:dollar 13.0:dollar =:dollar
EXPR: 0 | POS | INT | 100 | 1 | 113 | ((18.0/2.0)+(8.0*13.0))=x | 18.0 2.0 / 8.0 13.0 * + x = | 18.0:dollar 2.0:money /:dollar 8.0:money 13.0:dollar *:dollar +:dollar x:dollar =:dollar
EXPR: 0 | POS | INT | 102 | 1 | 121 | 18.0=(((2.0*x)-8.0)/13.0) | 18.0 2.0 x * 8.0 - 13.0 / = | 18.0:dollar 2.0:money x:dollar *:dollar 8.0:dollar -:dollar 13.0:money /:dollar =:dollar
EXPR: 0 | POS | INT | 102 | 1 | 84 | (18.0+(x+2.0))=(8.0*13.0) | 18.0 x 2.0 + + 8.0 13.0 * = | 18.0:dollar x:dollar 2.0:dollar +:dollar +:dollar 8.0:money 13.0:dollar *:dollar =:dollar
EXPR: 0 | POS | INT | 102 | 1 | 41 | ((x-(2.0+18.0))-8.0)=13.0 | x 2.0 18.0 + - 8.0 - 13.0 = | x:money 2.0:money 18.0:money +:money -:money 8.0:money -:money 13.0:money =:money
EXPR: 0 | POS | INT | 112 | 1 | 61 | ((x*2.0)-18.0)=(8.0*13.0) | x 2.0 * 18.0 - 8.0 13.0 * = | x:dollar 2.0:money *:money 18.0:money -:money 8.0:dollar 13.0:money *:money =:money
EXPR: 0 | POS | INT | 122 | 1 | 5 | 18.0=(((2.0-x)+13.0)+8.0) | 18.0 2.0 x - 13.0 + 8.0 + = | 18.0:money 2.0:money x:money -:money 13.0:money +:money 8.0:money +:money =:money
NET 59 unique, non-negative, integer-valued solutions found out of 359 total solutions
