parameters: n=7 l=3 k=1 p=5 q=1 m=9
TOTAL 480 solutions found
SOLN: CORRECT | POS/NEG | INT/FRA | OBJ-SCORE | TRUE-ANS | ANS | INFIX | POSTFIX | TYPED-POSTFIX
EXPR: 1 | POS | FRA | 0 | 0.7 | 0.7 | (0.2+(0.4+0.1))=x | 0.2 0.4 0.1 + + x = | 0.2:mile 0.4:mile 0.1:mile +:mile +:mile x:mile =:mile
EXPR: 0 | POS | FRA | 0 | 0.7 | 0.5 | x=((0.2+0.4)-0.1) | x 0.2 0.4 + 0.1 - = | x:mile 0.2:mile 0.4:mile +:mile 0.1:mile -:mile =:mile
EXPR: 1 | POS | FRA | 0 | 0.7 | 0.7 | x=(0.2+(0.4+0.1)) | x 0.2 0.4 0.1 + + = | x:mile 0.2:mile 0.4:mile 0.1:mile +:mile +:mile =:mile
EXPR: 0 | POS | FRA | 0 | 0.7 | 0.5 | x=(0.2+(0.4-0.1)) | x 0.2 0.4 0.1 - + = | x:mile 0.2:mile 0.4:mile 0.1:mile -:mile +:mile =:mile
EXPR: 1 | POS | FRA | 0 | 0.7 | 0.7 | x=((0.2+0.4)+0.1) | x 0.2 0.4 + 0.1 + = | x:mile 0.2:mile 0.4:mile +:mile 0.1:mile +:mile =:mile
EXPR: 0 | POS | FRA | 0 | 0.7 | 0.5 | ((0.2+0.4)-0.1)=x | 0.2 0.4 + 0.1 - x = | 0.2:mile 0.4:mile +:mile 0.1:mile -:mile x:mile =:mile
EXPR: 0 | POS | FRA | 0 | 0.7 | 0.5 | (0.2+(0.4-0.1))=x | 0.2 0.4 0.1 - + x = | 0.2:mile 0.4:mile 0.1:mile -:mile +:mile x:mile =:mile
EXPR: 1 | POS | FRA | 0 | 0.7 | 0.7 | ((0.2+0.4)+0.1)=x | 0.2 0.4 + 0.1 + x = | 0.2:mile 0.4:mile +:mile 0.1:mile +:mile x:mile =:mile
EXPR: 1 | POS | FRA | 2 | 0.7 | 0.7 | 0.2=((x-0.4)-0.1) | 0.2 x 0.4 - 0.1 - = | 0.2:mile x:mile 0.4:mile -:mile 0.1:mile -:mile =:mile
EXPR: 0 | POS | FRA | 2 | 0.7 | 0.3 | 0.2=(0.4+(0.1-x)) | 0.2 0.4 0.1 x - + = | 0.2:mile 0.4:mile 0.1:mile x:mile -:mile +:mile =:mile
EXPR: 0 | POS | FRA | 2 | 0.7 | 0.3 | 0.2=((0.4+0.1)-x) | 0.2 0.4 0.1 + x - = | 0.2:mile 0.4:mile 0.1:mile +:mile x:mile -:mile =:mile
EXPR: 0 | POS | FRA | 2 | 0.7 | 0.1 | 0.2=(0.4-(0.1+x)) | 0.2 0.4 0.1 x + - = | 0.2:mile 0.4:mile 0.1:mile x:mile +:mile -:mile =:mile
EXPR: 0 | POS | FRA | 2 | 0.7 | 0.1 | 0.2=((0.4-x)-0.1) | 0.2 0.4 x - 0.1 - = | 0.2:mile 0.4:mile x:mile -:mile 0.1:mile -:mile =:mile
EXPR: 0 | POS | FRA | 2 | 0.7 | 0.1 | 0.2=((0.4-0.1)-x) | 0.2 0.4 0.1 - x - = | 0.2:mile 0.4:mile 0.1:mile -:mile x:mile -:mile =:mile
EXPR: 0 | POS | FRA | 2 | 0.7 | 0.3 | ((0.2-0.4)+x)=0.1 | 0.2 0.4 - x + 0.1 = | 0.2:mile 0.4:mile -:mile x:mile +:mile 0.1:mile =:mile
EXPR: 0 | POS | FRA | 2 | 0.7 | 0.5 | ((0.2+0.4)-x)=0.1 | 0.2 0.4 + x - 0.1 = | 0.2:mile 0.4:mile +:mile x:mile -:mile 0.1:mile =:mile
EXPR: 1 | POS | FRA | 2 | 0.7 | 0.7 | 0.2=(x-(0.4+0.1)) | 0.2 x 0.4 0.1 + - = | 0.2:mile x:mile 0.4:mile 0.1:mile +:mile -:mile =:mile
EXPR: 0 | POS | FRA | 2 | 0.7 | 0.5 | 0.2=(x-(0.4-0.1)) | 0.2 x 0.4 0.1 - - = | 0.2:mile x:mile 0.4:mile 0.1:mile -:mile -:mile =:mile
EXPR: 0 | POS | FRA | 2 | 0.7 | 0.5 | 0.2=((x-0.4)+0.1) | 0.2 x 0.4 - 0.1 + = | 0.2:mile x:mile 0.4:mile -:mile 0.1:mile +:mile =:mile
EXPR: 0 | POS | FRA | 2 | 0.7 | 0.3 | 0.2=((0.4-x)+0.1) | 0.2 0.4 x - 0.1 + = | 0.2:mile 0.4:mile x:mile -:mile 0.1:mile +:mile =:mile
EXPR: 0 | POS | FRA | 2 | 0.7 | 0.3 | (0.2-(0.4-x))=0.1 | 0.2 0.4 x - - 0.1 = | 0.2:mile 0.4:mile x:mile -:mile -:mile 0.1:mile =:mile
EXPR: 1 | POS | FRA | 2 | 0.7 | 0.7 | (x-(0.2+0.4))=0.1 | x 0.2 0.4 + - 0.1 = | x:mile 0.2:mile 0.4:mile +:mile -:mile 0.1:mile =:mile
EXPR: 0 | POS | FRA | 2 | 0.7 | 0.3 | ((0.2+x)-0.4)=0.1 | 0.2 x + 0.4 - 0.1 = | 0.2:mile x:mile +:mile 0.4:mile -:mile 0.1:mile =:mile
EXPR: 0 | POS | FRA | 2 | 0.7 | 0.3 | ((x+0.2)-0.4)=0.1 | x 0.2 + 0.4 - 0.1 = | x:mile 0.2:mile +:mile 0.4:mile -:mile 0.1:mile =:mile
EXPR: 0 | POS | FRA | 2 | 0.7 | 0.5 | (0.2+(0.4-x))=0.1 | 0.2 0.4 x - + 0.1 = | 0.2:mile 0.4:mile x:mile -:mile +:mile 0.1:mile =:mile
EXPR: 1 | POS | FRA | 2 | 0.7 | 0.7 | ((x-0.2)-0.4)=0.1 | x 0.2 - 0.4 - 0.1 = | x:mile 0.2:mile -:mile 0.4:mile -:mile 0.1:mile =:mile
EXPR: 0 | POS | FRA | 2 | 0.7 | 0.3 | (0.2+(x-0.4))=0.1 | 0.2 x 0.4 - + 0.1 = | 0.2:mile x:mile 0.4:mile -:mile +:mile 0.1:mile =:mile
EXPR: 0 | POS | FRA | 2 | 0.7 | 0.5 | ((0.2-x)+0.4)=0.1 | 0.2 x - 0.4 + 0.1 = | 0.2:mile x:mile -:mile 0.4:mile +:mile 0.1:mile =:mile
EXPR: 0 | POS | FRA | 2 | 0.7 | 0.1 | 0.2=(0.4-(x+0.1)) | 0.2 0.4 x 0.1 + - = | 0.2:mile 0.4:mile x:mile 0.1:mile +:mile -:mile =:mile
EXPR: 0 | POS | FRA | 2 | 0.7 | 0.5 | (0.2-(x-0.4))=0.1 | 0.2 x 0.4 - - 0.1 = | 0.2:mile x:mile 0.4:mile -:mile -:mile 0.1:mile =:mile
EXPR: 0 | POS | FRA | 2 | 0.7 | 0.3 | 0.2=(0.4-(x-0.1)) | 0.2 0.4 x 0.1 - - = | 0.2:mile 0.4:mile x:mile 0.1:mile -:mile -:mile =:mile
EXPR: 0 | POS | FRA | 2 | 0.7 | 0.3 | (x+(0.2-0.4))=0.1 | x 0.2 0.4 - + 0.1 = | x:mile 0.2:mile 0.4:mile -:mile +:mile 0.1:mile =:mile
EXPR: 0 | POS | FRA | 10 | 0.7 | 0.1 | x=(0.4-(0.2+0.1)) | x 0.4 0.2 0.1 + - = | x:mile 0.4:mile 0.2:mile 0.1:mile +:mile -:mile =:mile
EXPR: 1 | POS | FRA | 10 | 0.7 | 0.7 | x=(0.4+(0.2+0.1)) | x 0.4 0.2 0.1 + + = | x:mile 0.4:mile 0.2:mile 0.1:mile +:mile +:mile =:mile
EXPR: 0 | POS | FRA | 10 | 0.7 | 0.5 | (0.2-(0.1-0.4))=x | 0.2 0.1 0.4 - - x = | 0.2:mile 0.1:mile 0.4:mile -:mile -:mile x:mile =:mile
EXPR: 0 | POS | FRA | 10 | 0.7 | 0.3 | x=((0.4-0.2)+0.1) | x 0.4 0.2 - 0.1 + = | x:mile 0.4:mile 0.2:mile -:mile 0.1:mile +:mile =:mile
EXPR: 0 | POS | FRA | 10 | 0.7 | 0.1 | x=((0.4-0.2)-0.1) | x 0.4 0.2 - 0.1 - = | x:mile 0.4:mile 0.2:mile -:mile 0.1:mile -:mile =:mile
EXPR: 0 | POS | FRA | 10 | 0.7 | 0.5 | x=(0.2-(0.1-0.4)) | x 0.2 0.1 0.4 - - = | x:mile 0.2:mile 0.1:mile 0.4:mile -:mile -:mile =:mile
EXPR: 0 | POS | FRA | 10 | 0.7 | 0.5 | ((0.2-0.1)+0.4)=x | 0.2 0.1 - 0.4 + x = | 0.2:mile 0.1:mile -:mile 0.4:mile +:mile x:mile =:mile
EXPR: 0 | POS | FRA | 10 | 0.7 | 0.1 | ((0.4-0.2)-0.1)=x | 0.4 0.2 - 0.1 - x = | 0.4:mile 0.2:mile -:mile 0.1:mile -:mile x:mile =:mile
EXPR: 0 | POS | FRA | 10 | 0.7 | 0.3 | ((0.4-0.2)+0.1)=x | 0.4 0.2 - 0.1 + x = | 0.4:mile 0.2:mile -:mile 0.1:mile +:mile x:mile =:mile
EXPR: 1 | POS | FRA | 10 | 0.7 | 0.7 | ((0.2+0.1)+0.4)=x | 0.2 0.1 + 0.4 + x = | 0.2:mile 0.1:mile +:mile 0.4:mile +:mile x:mile =:mile
EXPR: 1 | POS | FRA | 10 | 0.7 | 0.7 | x=((0.2+0.1)+0.4) | x 0.2 0.1 + 0.4 + = | x:mile 0.2:mile 0.1:mile +:mile 0.4:mile +:mile =:mile
EXPR: 0 | POS | FRA | 10 | 0.7 | 0.3 | (0.4-(0.2-0.1))=x | 0.4 0.2 0.1 - - x = | 0.4:mile 0.2:mile 0.1:mile -:mile -:mile x:mile =:mile
EXPR: 0 | POS | FRA | 10 | 0.7 | 0.5 | (0.4+(0.2-0.1))=x | 0.4 0.2 0.1 - + x = | 0.4:mile 0.2:mile 0.1:mile -:mile +:mile x:mile =:mile
EXPR: 0 | POS | FRA | 10 | 0.7 | 0.5 | x=((0.2-0.1)+0.4) | x 0.2 0.1 - 0.4 + = | x:mile 0.2:mile 0.1:mile -:mile 0.4:mile +:mile =:mile
EXPR: 0 | POS | FRA | 10 | 0.7 | 0.3 | x=(0.4-(0.2-0.1)) | x 0.4 0.2 0.1 - - = | x:mile 0.4:mile 0.2:mile 0.1:mile -:mile -:mile =:mile
EXPR: 1 | POS | FRA | 10 | 0.7 | 0.7 | (0.4+(0.2+0.1))=x | 0.4 0.2 0.1 + + x = | 0.4:mile 0.2:mile 0.1:mile +:mile +:mile x:mile =:mile
EXPR: 0 | POS | FRA | 10 | 0.7 | 0.1 | (0.4-(0.2+0.1))=x | 0.4 0.2 0.1 + - x = | 0.4:mile 0.2:mile 0.1:mile +:mile -:mile x:mile =:mile
EXPR: 0 | POS | FRA | 10 | 0.7 | 0.5 | x=(0.4+(0.2-0.1)) | x 0.4 0.2 0.1 - + = | x:mile 0.4:mile 0.2:mile 0.1:mile -:mile +:mile =:mile
EXPR: 0 | POS | FRA | 12 | 0.7 | 0.5 | 0.4=((x-0.2)+0.1) | 0.4 x 0.2 - 0.1 + = | 0.4:mile x:mile 0.2:mile -:mile 0.1:mile +:mile =:mile
EXPR: 0 | POS | FRA | 12 | 0.7 | 0.5 | ((x-0.2)+0.1)=0.4 | x 0.2 - 0.1 + 0.4 = | x:mile 0.2:mile -:mile 0.1:mile +:mile 0.4:mile =:mile
EXPR: 0 | POS | FRA | 12 | 0.7 | 0.1 | 0.4=((x+0.2)+0.1) | 0.4 x 0.2 + 0.1 + = | 0.4:mile x:mile 0.2:mile +:mile 0.1:mile +:mile =:mile
EXPR: 0 | POS | FRA | 12 | 0.7 | 0.3 | 0.4=(0.2+(x-0.1)) | 0.4 0.2 x 0.1 - + = | 0.4:mile 0.2:mile x:mile 0.1:mile -:mile +:mile =:mile
EXPR: 0 | POS | FRA | 12 | 0.7 | 0.1 | (0.2+x)=(0.4-0.1) | 0.2 x + 0.4 0.1 - = | 0.2:mile x:mile +:mile 0.4:mile 0.1:mile -:mile =:mile
EXPR: 0 | POS | FRA | 12 | 0.7 | 0.3 | 0.2=(0.1-(x-0.4)) | 0.2 0.1 x 0.4 - - = | 0.2:mile 0.1:mile x:mile 0.4:mile -:mile -:mile =:mile
EXPR: 0 | POS | FRA | 12 | 0.7 | 0.3 | ((0.2+x)-0.1)=0.4 | 0.2 x + 0.1 - 0.4 = | 0.2:mile x:mile +:mile 0.1:mile -:mile 0.4:mile =:mile
EXPR: 1 | POS | FRA | 12 | 0.7 | 0.7 | (x-0.2)=(0.4+0.1) | x 0.2 - 0.4 0.1 + = | x:mile 0.2:mile -:mile 0.4:mile 0.1:mile +:mile =:mile
EXPR: 0 | POS | FRA | 12 | 0.7 | 0.3 | (0.2-(0.1-x))=0.4 | 0.2 0.1 x - - 0.4 = | 0.2:mile 0.1:mile x:mile -:mile -:mile 0.4:mile =:mile
EXPR: 0 | POS | FRA | 12 | 0.7 | 0.3 | 0.4=(0.2-(0.1-x)) | 0.4 0.2 0.1 x - - = | 0.4:mile 0.2:mile 0.1:mile x:mile -:mile -:mile =:mile
EXPR: 0 | POS | FRA | 12 | 0.7 | 0.5 | 0.2=((0.1+x)-0.4) | 0.2 0.1 x + 0.4 - = | 0.2:mile 0.1:mile x:mile +:mile 0.4:mile -:mile =:mile
EXPR: 0 | POS | FRA | 12 | 0.7 | 0.3 | (0.2-0.4)=(0.1-x) | 0.2 0.4 - 0.1 x - = | 0.2:mile 0.4:mile -:mile 0.1:mile x:mile -:mile =:mile
EXPR: 0 | POS | FRA | 12 | 0.7 | 0.5 | (0.4+(0.2-x))=0.1 | 0.4 0.2 x - + 0.1 = | 0.4:mile 0.2:mile x:mile -:mile +:mile 0.1:mile =:mile
EXPR: 0 | POS | FRA | 12 | 0.7 | 0.3 | ((0.2-0.1)+x)=0.4 | 0.2 0.1 - x + 0.4 = | 0.2:mile 0.1:mile -:mile x:mile +:mile 0.4:mile =:mile
EXPR: 0 | POS | FRA | 12 | 0.7 | 0.1 | (0.2+(0.1+x))=0.4 | 0.2 0.1 x + + 0.4 = | 0.2:mile 0.1:mile x:mile +:mile +:mile 0.4:mile =:mile
EXPR: 0 | POS | FRA | 12 | 0.7 | 0.1 | (0.4-(0.2+x))=0.1 | 0.4 0.2 x + - 0.1 = | 0.4:mile 0.2:mile x:mile +:mile -:mile 0.1:mile =:mile
EXPR: 0 | POS | FRA | 12 | 0.7 | 0.1 | ((x+0.2)+0.1)=0.4 | x 0.2 + 0.1 + 0.4 = | x:mile 0.2:mile +:mile 0.1:mile +:mile 0.4:mile =:mile
EXPR: 0 | POS | FRA | 12 | 0.7 | 0.3 | (0.2+x)=(0.4+0.1) | 0.2 x + 0.4 0.1 + = | 0.2:mile x:mile +:mile 0.4:mile 0.1:mile +:mile =:mile
EXPR: 1 | POS | FRA | 12 | 0.7 | 0.7 | 0.4=((x-0.2)-0.1) | 0.4 x 0.2 - 0.1 - = | 0.4:mile x:mile 0.2:mile -:mile 0.1:mile -:mile =:mile
EXPR: 0 | POS | FRA | 12 | 0.7 | 0.1 | (x+(0.2+0.1))=0.4 | x 0.2 0.1 + + 0.4 = | x:mile 0.2:mile 0.1:mile +:mile +:mile 0.4:mile =:mile
EXPR: 0 | POS | FRA | 12 | 0.7 | 0.3 | 0.4=((0.2+x)-0.1) | 0.4 0.2 x + 0.1 - = | 0.4:mile 0.2:mile x:mile +:mile 0.1:mile -:mile =:mile
EXPR: 0 | POS | FRA | 12 | 0.7 | 0.3 | (x+(0.2-0.1))=0.4 | x 0.2 0.1 - + 0.4 = | x:mile 0.2:mile 0.1:mile -:mile +:mile 0.4:mile =:mile
EXPR: 0 | POS | FRA | 12 | 0.7 | 0.1 | 0.4=(0.2+(x+0.1)) | 0.4 0.2 x 0.1 + + = | 0.4:mile 0.2:mile x:mile 0.1:mile +:mile +:mile =:mile
EXPR: 0 | POS | FRA | 12 | 0.7 | 0.5 | 0.2=((x+0.1)-0.4) | 0.2 x 0.1 + 0.4 - = | 0.2:mile x:mile 0.1:mile +:mile 0.4:mile -:mile =:mile
EXPR: 0 | POS | FRA | 12 | 0.7 | 0.5 | 0.2=(x+(0.1-0.4)) | 0.2 x 0.1 0.4 - + = | 0.2:mile x:mile 0.1:mile 0.4:mile -:mile +:mile =:mile
EXPR: 0 | POS | FRA | 12 | 0.7 | 0.5 | (x-(0.2-0.1))=0.4 | x 0.2 0.1 - - 0.4 = | x:mile 0.2:mile 0.1:mile -:mile -:mile 0.4:mile =:mile
EXPR: 0 | POS | FRA | 12 | 0.7 | 0.3 | (x-(0.4-0.2))=0.1 | x 0.4 0.2 - - 0.1 = | x:mile 0.4:mile 0.2:mile -:mile -:mile 0.1:mile =:mile
EXPR: 0 | POS | FRA | 12 | 0.7 | 0.3 | ((x-0.4)+0.2)=0.1 | x 0.4 - 0.2 + 0.1 = | x:mile 0.4:mile -:mile 0.2:mile +:mile 0.1:mile =:mile
EXPR: 0 | POS | FRA | 12 | 0.7 | 0.3 | 0.4=((x+0.2)-0.1) | 0.4 x 0.2 + 0.1 - = | 0.4:mile x:mile 0.2:mile +:mile 0.1:mile -:mile =:mile
EXPR: 0 | POS | FRA | 12 | 0.7 | 0.5 | 0.2=((0.1-0.4)+x) | 0.2 0.1 0.4 - x + = | 0.2:mile 0.1:mile 0.4:mile -:mile x:mile +:mile =:mile
EXPR: 0 | POS | FRA | 12 | 0.7 | 0.3 | ((x+0.2)-0.1)=0.4 | x 0.2 + 0.1 - 0.4 = | x:mile 0.2:mile +:mile 0.1:mile -:mile 0.4:mile =:mile
EXPR: 0 | POS | FRA | 12 | 0.7 | 0.1 | 0.4=((0.2+x)+0.1) | 0.4 0.2 x + 0.1 + = | 0.4:mile 0.2:mile x:mile +:mile 0.1:mile +:mile =:mile
EXPR: 0 | POS | FRA | 12 | 0.7 | 0.3 | 0.2=((0.1-x)+0.4) | 0.2 0.1 x - 0.4 + = | 0.2:mile 0.1:mile x:mile -:mile 0.4:mile +:mile =:mile
EXPR: 1 | POS | FRA | 12 | 0.7 | 0.7 | 0.4=(x-(0.2+0.1)) | 0.4 x 0.2 0.1 + - = | 0.4:mile x:mile 0.2:mile 0.1:mile +:mile -:mile =:mile
EXPR: 0 | POS | FRA | 12 | 0.7 | 0.5 | (x-0.2)=(0.4-0.1) | x 0.2 - 0.4 0.1 - = | x:mile 0.2:mile -:mile 0.4:mile 0.1:mile -:mile =:mile
EXPR: 0 | POS | FRA | 12 | 0.7 | 0.1 | 0.4=(x+(0.2+0.1)) | 0.4 x 0.2 0.1 + + = | 0.4:mile x:mile 0.2:mile 0.1:mile +:mile +:mile =:mile
EXPR: 1 | POS | FRA | 12 | 0.7 | 0.7 | (x-(0.2+0.1))=0.4 | x 0.2 0.1 + - 0.4 = | x:mile 0.2:mile 0.1:mile +:mile -:mile 0.4:mile =:mile
EXPR: 0 | POS | FRA | 12 | 0.7 | 0.1 | ((0.2+0.1)+x)=0.4 | 0.2 0.1 + x + 0.4 = | 0.2:mile 0.1:mile +:mile x:mile +:mile 0.4:mile =:mile
EXPR: 0 | POS | FRA | 12 | 0.7 | 0.1 | 0.4=((0.2+0.1)+x) | 0.4 0.2 0.1 + x + = | 0.4:mile 0.2:mile 0.1:mile +:mile x:mile +:mile =:mile
EXPR: 1 | POS | FRA | 12 | 0.7 | 0.7 | ((x-0.4)-0.2)=0.1 | x 0.4 - 0.2 - 0.1 = | x:mile 0.4:mile -:mile 0.2:mile -:mile 0.1:mile =:mile
EXPR: 0 | POS | FRA | 12 | 0.7 | 0.3 | (0.2+(x-0.1))=0.4 | 0.2 x 0.1 - + 0.4 = | 0.2:mile x:mile 0.1:mile -:mile +:mile 0.4:mile =:mile
EXPR: 0 | POS | FRA | 12 | 0.7 | 0.5 | 0.2=(0.1-(0.4-x)) | 0.2 0.1 0.4 x - - = | 0.2:mile 0.1:mile 0.4:mile x:mile -:mile -:mile =:mile
EXPR: 0 | POS | FRA | 12 | 0.7 | 0.1 | ((0.2+x)+0.1)=0.4 | 0.2 x + 0.1 + 0.4 = | 0.2:mile x:mile +:mile 0.1:mile +:mile 0.4:mile =:mile
EXPR: 0 | POS | FRA | 12 | 0.7 | 0.5 | 0.2=(0.1+(x-0.4)) | 0.2 0.1 x 0.4 - + = | 0.2:mile 0.1:mile x:mile 0.4:mile -:mile +:mile =:mile
EXPR: 0 | POS | FRA | 12 | 0.7 | 0.1 | (0.2+(x+0.1))=0.4 | 0.2 x 0.1 + + 0.4 = | 0.2:mile x:mile 0.1:mile +:mile +:mile 0.4:mile =:mile
EXPR: 0 | POS | FRA | 12 | 0.7 | 0.1 | (x+0.2)=(0.4-0.1) | x 0.2 + 0.4 0.1 - = | x:mile 0.2:mile +:mile 0.4:mile 0.1:mile -:mile =:mile
EXPR: 0 | POS | FRA | 12 | 0.7 | 0.5 | 0.4=(x-(0.2-0.1)) | 0.4 x 0.2 0.1 - - = | 0.4:mile x:mile 0.2:mile 0.1:mile -:mile -:mile =:mile
EXPR: 0 | POS | FRA | 12 | 0.7 | 0.3 | 0.4=(x+(0.2-0.1)) | 0.4 x 0.2 0.1 - + = | 0.4:mile x:mile 0.2:mile 0.1:mile -:mile +:mile =:mile
EXPR: 0 | POS | FRA | 12 | 0.7 | 0.1 | 0.4=(0.2+(0.1+x)) | 0.4 0.2 0.1 x + + = | 0.4:mile 0.2:mile 0.1:mile x:mile +:mile +:mile =:mile
EXPR: 0 | POS | FRA | 12 | 0.7 | 0.3 | (x+0.2)=(0.4+0.1) | x 0.2 + 0.4 0.1 + = | x:mile 0.2:mile +:mile 0.4:mile 0.1:mile +:mile =:mile
EXPR: 1 | POS | FRA | 12 | 0.7 | 0.7 | ((x-0.2)-0.1)=0.4 | x 0.2 - 0.1 - 0.4 = | x:mile 0.2:mile -:mile 0.1:mile -:mile 0.4:mile =:mile
EXPR: 1 | POS | FRA | 12 | 0.7 | 0.7 | 0.2=((x-0.1)-0.4) | 0.2 x 0.1 - 0.4 - = | 0.2:mile x:mile 0.1:mile -:mile 0.4:mile -:mile =:mile
EXPR: 0 | POS | FRA | 12 | 0.7 | 0.1 | ((0.4-0.2)-x)=0.1 | 0.4 0.2 - x - 0.1 = | 0.4:mile 0.2:mile -:mile x:mile -:mile 0.1:mile =:mile
EXPR: 0 | POS | FRA | 12 | 0.7 | 0.3 | 0.4=((0.2-0.1)+x) | 0.4 0.2 0.1 - x + = | 0.4:mile 0.2:mile 0.1:mile -:mile x:mile +:mile =:mile
EXPR: 0 | POS | FRA | 12 | 0.7 | 0.5 | ((0.4-x)+0.2)=0.1 | 0.4 x - 0.2 + 0.1 = | 0.4:mile x:mile -:mile 0.2:mile +:mile 0.1:mile =:mile
EXPR: 0 | POS | FRA | 12 | 0.7 | 0.5 | (0.4-(x-0.2))=0.1 | 0.4 x 0.2 - - 0.1 = | 0.4:mile x:mile 0.2:mile -:mile -:mile 0.1:mile =:mile
EXPR: 0 | POS | FRA | 12 | 0.7 | 0.5 | (0.2+0.4)=(0.1+x) | 0.2 0.4 + 0.1 x + = | 0.2:mile 0.4:mile +:mile 0.1:mile x:mile +:mile =:mile
EXPR: 0 | POS | FRA | 12 | 0.7 | 0.1 | (0.4-(x+0.2))=0.1 | 0.4 x 0.2 + - 0.1 = | 0.4:mile x:mile 0.2:mile +:mile -:mile 0.1:mile =:mile
EXPR: 0 | POS | FRA | 12 | 0.7 | 0.1 | ((0.4-x)-0.2)=0.1 | 0.4 x - 0.2 - 0.1 = | 0.4:mile x:mile -:mile 0.2:mile -:mile 0.1:mile =:mile
EXPR: 0 | POS | FRA | 12 | 0.7 | 0.3 | 0.2=(0.1+(0.4-x)) | 0.2 0.1 0.4 x - + = | 0.2:mile 0.1:mile 0.4:mile x:mile -:mile +:mile =:mile
EXPR: 1 | POS | FRA | 12 | 0.7 | 0.7 | (0.2+0.4)=(x-0.1) | 0.2 0.4 + x 0.1 - = | 0.2:mile 0.4:mile +:mile x:mile 0.1:mile -:mile =:mile
EXPR: 0 | POS | FRA | 12 | 0.7 | 0.5 | (0.2+0.4)=(x+0.1) | 0.2 0.4 + x 0.1 + = | 0.2:mile 0.4:mile +:mile x:mile 0.1:mile +:mile =:mile
EXPR: 0 | POS | FRA | 22 | 0.7 | 0.1 | (0.4-x)=(0.2+0.1) | 0.4 x - 0.2 0.1 + = | 0.4:mile x:mile -:mile 0.2:mile 0.1:mile +:mile =:mile
EXPR: 1 | POS | FRA | 22 | 0.7 | 0.7 | (x-0.4)=(0.2+0.1) | x 0.4 - 0.2 0.1 + = | x:mile 0.4:mile -:mile 0.2:mile 0.1:mile +:mile =:mile
EXPR: 0 | POS | FRA | 22 | 0.7 | 0.5 | (x-0.4)=(0.2-0.1) | x 0.4 - 0.2 0.1 - = | x:mile 0.4:mile -:mile 0.2:mile 0.1:mile -:mile =:mile
EXPR: 0 | POS | FRA | 22 | 0.7 | 0.5 | (0.2-x)=(0.1-0.4) | 0.2 x - 0.1 0.4 - = | 0.2:mile x:mile -:mile 0.1:mile 0.4:mile -:mile =:mile
EXPR: 0 | POS | FRA | 22 | 0.7 | 0.3 | (0.2-0.1)=(0.4-x) | 0.2 0.1 - 0.4 x - = | 0.2:mile 0.1:mile -:mile 0.4:mile x:mile -:mile =:mile
EXPR: 0 | POS | FRA | 22 | 0.7 | 0.1 | (0.2+0.1)=(0.4-x) | 0.2 0.1 + 0.4 x - = | 0.2:mile 0.1:mile +:mile 0.4:mile x:mile -:mile =:mile
EXPR: 0 | POS | FRA | 22 | 0.7 | 0.3 | (0.4-x)=(0.2-0.1) | 0.4 x - 0.2 0.1 - = | 0.4:mile x:mile -:mile 0.2:mile 0.1:mile -:mile =:mile
EXPR: 0 | POS | FRA | 22 | 0.7 | 0.5 | (0.2-0.1)=(x-0.4) | 0.2 0.1 - x 0.4 - = | 0.2:mile 0.1:mile -:mile x:mile 0.4:mile -:mile =:mile
EXPR: 0 | POS | FRA | 22 | 0.7 | 0.1 | (0.4-0.2)=(x+0.1) | 0.4 0.2 - x 0.1 + = | 0.4:mile 0.2:mile -:mile x:mile 0.1:mile +:mile =:mile
EXPR: 0 | POS | FRA | 22 | 0.7 | 0.3 | (0.4-0.2)=(x-0.1) | 0.4 0.2 - x 0.1 - = | 0.4:mile 0.2:mile -:mile x:mile 0.1:mile -:mile =:mile
EXPR: 1 | POS | FRA | 22 | 0.7 | 0.7 | (0.2+0.1)=(x-0.4) | 0.2 0.1 + x 0.4 - = | 0.2:mile 0.1:mile +:mile x:mile 0.4:mile -:mile =:mile
EXPR: 0 | POS | FRA | 22 | 0.7 | 0.1 | (0.4-0.2)=(0.1+x) | 0.4 0.2 - 0.1 x + = | 0.4:mile 0.2:mile -:mile 0.1:mile x:mile +:mile =:mile
EXPR: 0 | POS | FRA | 25 | 0.7 | 0.3 | x=((0.4+0.1)-0.2) | x 0.4 0.1 + 0.2 - = | x:mile 0.4:mile 0.1:mile +:mile 0.2:mile -:mile =:mile
EXPR: 0 | POS | FRA | 25 | 0.7 | 0.5 | x=((0.4-0.1)+0.2) | x 0.4 0.1 - 0.2 + = | x:mile 0.4:mile 0.1:mile -:mile 0.2:mile +:mile =:mile
EXPR: 0 | POS | FRA | 25 | 0.7 | 0.1 | x=((0.4-0.1)-0.2) | x 0.4 0.1 - 0.2 - = | x:mile 0.4:mile 0.1:mile -:mile 0.2:mile -:mile =:mile
EXPR: 1 | POS | FRA | 25 | 0.7 | 0.7 | (0.1+(0.2+0.4))=x | 0.1 0.2 0.4 + + x = | 0.1:mile 0.2:mile 0.4:mile +:mile +:mile x:mile =:mile
EXPR: 0 | POS | FRA | 25 | 0.7 | 0.3 | ((0.1-0.2)+0.4)=x | 0.1 0.2 - 0.4 + x = | 0.1:mile 0.2:mile -:mile 0.4:mile +:mile x:mile =:mile
EXPR: 0 | POS | FRA | 25 | 0.7 | 0.5 | x=(0.4-(0.1-0.2)) | x 0.4 0.1 0.2 - - = | x:mile 0.4:mile 0.1:mile 0.2:mile -:mile -:mile =:mile
EXPR: 0 | POS | FRA | 25 | 0.7 | 0.5 | (0.4-(0.1-0.2))=x | 0.4 0.1 0.2 - - x = | 0.4:mile 0.1:mile 0.2:mile -:mile -:mile x:mile =:mile
EXPR: 0 | POS | FRA | 25 | 0.7 | 0.3 | (0.4+(0.1-0.2))=x | 0.4 0.1 0.2 - + x = | 0.4:mile 0.1:mile 0.2:mile -:mile +:mile x:mile =:mile
EXPR: 0 | POS | FRA | 25 | 0.7 | 0.3 | x=(0.4+(0.1-0.2)) | x 0.4 0.1 0.2 - + = | x:mile 0.4:mile 0.1:mile 0.2:mile -:mile +:mile =:mile
EXPR: 0 | POS | FRA | 25 | 0.7 | 0.1 | ((0.4-0.1)-0.2)=x | 0.4 0.1 - 0.2 - x = | 0.4:mile 0.1:mile -:mile 0.2:mile -:mile x:mile =:mile
EXPR: 1 | POS | FRA | 25 | 0.7 | 0.7 | x=((0.4+0.1)+0.2) | x 0.4 0.1 + 0.2 + = | x:mile 0.4:mile 0.1:mile +:mile 0.2:mile +:mile =:mile
EXPR: 0 | POS | FRA | 25 | 0.7 | 0.3 | x=(0.1-(0.2-0.4)) | x 0.1 0.2 0.4 - - = | x:mile 0.1:mile 0.2:mile 0.4:mile -:mile -:mile =:mile
EXPR: 1 | POS | FRA | 25 | 0.7 | 0.7 | ((0.4+0.1)+0.2)=x | 0.4 0.1 + 0.2 + x = | 0.4:mile 0.1:mile +:mile 0.2:mile +:mile x:mile =:mile
EXPR: 1 | POS | FRA | 25 | 0.7 | 0.7 | x=(0.1+(0.2+0.4)) | x 0.1 0.2 0.4 + + = | x:mile 0.1:mile 0.2:mile 0.4:mile +:mile +:mile =:mile
EXPR: 0 | POS | FRA | 25 | 0.7 | 0.3 | x=((0.1-0.2)+0.4) | x 0.1 0.2 - 0.4 + = | x:mile 0.1:mile 0.2:mile -:mile 0.4:mile +:mile =:mile
EXPR: 0 | POS | FRA | 25 | 0.7 | 0.5 | ((0.4-0.1)+0.2)=x | 0.4 0.1 - 0.2 + x = | 0.4:mile 0.1:mile -:mile 0.2:mile +:mile x:mile =:mile
EXPR: 0 | POS | FRA | 25 | 0.7 | 0.3 | ((0.4+0.1)-0.2)=x | 0.4 0.1 + 0.2 - x = | 0.4:mile 0.1:mile +:mile 0.2:mile -:mile x:mile =:mile
EXPR: 0 | POS | FRA | 25 | 0.7 | 0.3 | (0.1-(0.2-0.4))=x | 0.1 0.2 0.4 - - x = | 0.1:mile 0.2:mile 0.4:mile -:mile -:mile x:mile =:mile
EXPR: 1 | POS | FRA | 27 | 0.7 | 0.7 | 0.1=((x-0.2)-0.4) | 0.1 x 0.2 - 0.4 - = | 0.1:mile x:mile 0.2:mile -:mile 0.4:mile -:mile =:mile
EXPR: 0 | POS | FRA | 27 | 0.7 | 0.5 | ((x-0.4)+0.1)=0.2 | x 0.4 - 0.1 + 0.2 = | x:mile 0.4:mile -:mile 0.1:mile +:mile 0.2:mile =:mile
EXPR: 0 | POS | FRA | 27 | 0.7 | 0.5 | ((x+0.1)-0.2)=0.4 | x 0.1 + 0.2 - 0.4 = | x:mile 0.1:mile +:mile 0.2:mile -:mile 0.4:mile =:mile
EXPR: 1 | POS | FRA | 27 | 0.7 | 0.7 | ((x-0.4)-0.1)=0.2 | x 0.4 - 0.1 - 0.2 = | x:mile 0.4:mile -:mile 0.1:mile -:mile 0.2:mile =:mile
EXPR: 0 | POS | FRA | 27 | 0.7 | 0.1 | ((0.4-x)-0.1)=0.2 | 0.4 x - 0.1 - 0.2 = | 0.4:mile x:mile -:mile 0.1:mile -:mile 0.2:mile =:mile
EXPR: 0 | POS | FRA | 27 | 0.7 | 0.3 | 0.4=(x-(0.1-0.2)) | 0.4 x 0.1 0.2 - - = | 0.4:mile x:mile 0.1:mile 0.2:mile -:mile -:mile =:mile
EXPR: 0 | POS | FRA | 27 | 0.7 | 0.5 | 0.4=(x+(0.1-0.2)) | 0.4 x 0.1 0.2 - + = | 0.4:mile x:mile 0.1:mile 0.2:mile -:mile +:mile =:mile
EXPR: 0 | POS | FRA | 27 | 0.7 | 0.5 | 0.1=(0.2+(0.4-x)) | 0.1 0.2 0.4 x - + = | 0.1:mile 0.2:mile 0.4:mile x:mile -:mile +:mile =:mile
EXPR: 0 | POS | FRA | 27 | 0.7 | 0.5 | 0.4=((0.1-0.2)+x) | 0.4 0.1 0.2 - x + = | 0.4:mile 0.1:mile 0.2:mile -:mile x:mile +:mile =:mile
EXPR: 0 | POS | FRA | 27 | 0.7 | 0.5 | (0.1-(0.2-x))=0.4 | 0.1 0.2 x - - 0.4 = | 0.1:mile 0.2:mile x:mile -:mile -:mile 0.4:mile =:mile
EXPR: 0 | POS | FRA | 27 | 0.7 | 0.5 | 0.4=((x+0.1)-0.2) | 0.4 x 0.1 + 0.2 - = | 0.4:mile x:mile 0.1:mile +:mile 0.2:mile -:mile =:mile
EXPR: 0 | POS | FRA | 27 | 0.7 | 0.3 | 0.1=((x+0.2)-0.4) | 0.1 x 0.2 + 0.4 - = | 0.1:mile x:mile 0.2:mile +:mile 0.4:mile -:mile =:mile
EXPR: 0 | POS | FRA | 27 | 0.7 | 0.5 | (x-(0.4-0.1))=0.2 | x 0.4 0.1 - - 0.2 = | x:mile 0.4:mile 0.1:mile -:mile -:mile 0.2:mile =:mile
EXPR: 0 | POS | FRA | 27 | 0.7 | 0.5 | 0.4=(0.1-(0.2-x)) | 0.4 0.1 0.2 x - - = | 0.4:mile 0.1:mile 0.2:mile x:mile -:mile -:mile =:mile
EXPR: 0 | POS | FRA | 27 | 0.7 | 0.1 | 0.4=(0.1+(0.2+x)) | 0.4 0.1 0.2 x + + = | 0.4:mile 0.1:mile 0.2:mile x:mile +:mile +:mile =:mile
EXPR: 1 | POS | FRA | 27 | 0.7 | 0.7 | ((x-0.1)-0.2)=0.4 | x 0.1 - 0.2 - 0.4 = | x:mile 0.1:mile -:mile 0.2:mile -:mile 0.4:mile =:mile
EXPR: 0 | POS | FRA | 27 | 0.7 | 0.1 | 0.4=((x+0.1)+0.2) | 0.4 x 0.1 + 0.2 + = | 0.4:mile x:mile 0.1:mile +:mile 0.2:mile +:mile =:mile
EXPR: 0 | POS | FRA | 27 | 0.7 | 0.3 | ((0.4-x)+0.1)=0.2 | 0.4 x - 0.1 + 0.2 = | 0.4:mile x:mile -:mile 0.1:mile +:mile 0.2:mile =:mile
EXPR: 0 | POS | FRA | 27 | 0.7 | 0.5 | 0.4=((0.1+x)-0.2) | 0.4 0.1 x + 0.2 - = | 0.4:mile 0.1:mile x:mile +:mile 0.2:mile -:mile =:mile
EXPR: 0 | POS | FRA | 27 | 0.7 | 0.3 | 0.1=((0.2-0.4)+x) | 0.1 0.2 0.4 - x + = | 0.1:mile 0.2:mile 0.4:mile -:mile x:mile +:mile =:mile
EXPR: 0 | POS | FRA | 27 | 0.7 | 0.3 | ((x-0.1)+0.2)=0.4 | x 0.1 - 0.2 + 0.4 = | x:mile 0.1:mile -:mile 0.2:mile +:mile 0.4:mile =:mile
EXPR: 0 | POS | FRA | 27 | 0.7 | 0.1 | ((0.1+x)+0.2)=0.4 | 0.1 x + 0.2 + 0.4 = | 0.1:mile x:mile +:mile 0.2:mile +:mile 0.4:mile =:mile
EXPR: 0 | POS | FRA | 27 | 0.7 | 0.5 | 0.1=((0.2+0.4)-x) | 0.1 0.2 0.4 + x - = | 0.1:mile 0.2:mile 0.4:mile +:mile x:mile -:mile =:mile
EXPR: 0 | POS | FRA | 27 | 0.7 | 0.3 | ((0.4+0.1)-x)=0.2 | 0.4 0.1 + x - 0.2 = | 0.4:mile 0.1:mile +:mile x:mile -:mile 0.2:mile =:mile
EXPR: 0 | POS | FRA | 27 | 0.7 | 0.5 | ((0.1-0.2)+x)=0.4 | 0.1 0.2 - x + 0.4 = | 0.1:mile 0.2:mile -:mile x:mile +:mile 0.4:mile =:mile
EXPR: 0 | POS | FRA | 27 | 0.7 | 0.1 | 0.4=(0.1+(x+0.2)) | 0.4 0.1 x 0.2 + + = | 0.4:mile 0.1:mile x:mile 0.2:mile +:mile +:mile =:mile
EXPR: 1 | POS | FRA | 27 | 0.7 | 0.7 | (x-(0.4+0.1))=0.2 | x 0.4 0.1 + - 0.2 = | x:mile 0.4:mile 0.1:mile +:mile -:mile 0.2:mile =:mile
EXPR: 0 | POS | FRA | 27 | 0.7 | 0.5 | 0.4=(0.1+(x-0.2)) | 0.4 0.1 x 0.2 - + = | 0.4:mile 0.1:mile x:mile 0.2:mile -:mile +:mile =:mile
EXPR: 0 | POS | FRA | 27 | 0.7 | 0.3 | (0.4-(x-0.1))=0.2 | 0.4 x 0.1 - - 0.2 = | 0.4:mile x:mile 0.1:mile -:mile -:mile 0.2:mile =:mile
EXPR: 0 | POS | FRA | 27 | 0.7 | 0.1 | ((x+0.1)+0.2)=0.4 | x 0.1 + 0.2 + 0.4 = | x:mile 0.1:mile +:mile 0.2:mile +:mile 0.4:mile =:mile
EXPR: 0 | POS | FRA | 27 | 0.7 | 0.1 | (0.1+(0.2+x))=0.4 | 0.1 0.2 x + + 0.4 = | 0.1:mile 0.2:mile x:mile +:mile +:mile 0.4:mile =:mile
EXPR: 0 | POS | FRA | 27 | 0.7 | 0.5 | ((0.1+x)-0.2)=0.4 | 0.1 x + 0.2 - 0.4 = | 0.1:mile x:mile +:mile 0.2:mile -:mile 0.4:mile =:mile
EXPR: 0 | POS | FRA | 27 | 0.7 | 0.3 | (0.4+(0.1-x))=0.2 | 0.4 0.1 x - + 0.2 = | 0.4:mile 0.1:mile x:mile -:mile +:mile 0.2:mile =:mile
EXPR: 1 | POS | FRA | 27 | 0.7 | 0.7 | 0.4=((x-0.1)-0.2) | 0.4 x 0.1 - 0.2 - = | 0.4:mile x:mile 0.1:mile -:mile 0.2:mile -:mile =:mile
EXPR: 0 | POS | FRA | 27 | 0.7 | 0.3 | 0.4=((x-0.1)+0.2) | 0.4 x 0.1 - 0.2 + = | 0.4:mile x:mile 0.1:mile -:mile 0.2:mile +:mile =:mile
EXPR: 1 | POS | FRA | 27 | 0.7 | 0.7 | 0.1=(x-(0.2+0.4)) | 0.1 x 0.2 0.4 + - = | 0.1:mile x:mile 0.2:mile 0.4:mile +:mile -:mile =:mile
EXPR: 0 | POS | FRA | 27 | 0.7 | 0.1 | (0.4-(0.1+x))=0.2 | 0.4 0.1 x + - 0.2 = | 0.4:mile 0.1:mile x:mile +:mile -:mile 0.2:mile =:mile
EXPR: 0 | POS | FRA | 27 | 0.7 | 0.1 | ((0.4-0.1)-x)=0.2 | 0.4 0.1 - x - 0.2 = | 0.4:mile 0.1:mile -:mile x:mile -:mile 0.2:mile =:mile
EXPR: 0 | POS | FRA | 27 | 0.7 | 0.3 | 0.1=((0.2+x)-0.4) | 0.1 0.2 x + 0.4 - = | 0.1:mile 0.2:mile x:mile +:mile 0.4:mile -:mile =:mile
EXPR: 0 | POS | FRA | 27 | 0.7 | 0.3 | 0.1=(0.2-(0.4-x)) | 0.1 0.2 0.4 x - - = | 0.1:mile 0.2:mile 0.4:mile x:mile -:mile -:mile =:mile
EXPR: 0 | POS | FRA | 27 | 0.7 | 0.1 | 0.4=((0.1+x)+0.2) | 0.4 0.1 x + 0.2 + = | 0.4:mile 0.1:mile x:mile +:mile 0.2:mile +:mile =:mile
EXPR: 0 | POS | FRA | 27 | 0.7 | 0.3 | 0.1=(x+(0.2-0.4)) | 0.1 x 0.2 0.4 - + = | 0.1:mile x:mile 0.2:mile 0.4:mile -:mile +:mile =:mile
EXPR: 0 | POS | FRA | 27 | 0.7 | 0.5 | 0.1=(0.2-(x-0.4)) | 0.1 0.2 x 0.4 - - = | 0.1:mile 0.2:mile x:mile 0.4:mile -:mile -:mile =:mile
EXPR: 0 | POS | FRA | 27 | 0.7 | 0.5 | 0.1=((0.2-x)+0.4) | 0.1 0.2 x - 0.4 + = | 0.1:mile 0.2:mile x:mile -:mile 0.4:mile +:mile =:mile
EXPR: 0 | POS | FRA | 27 | 0.7 | 0.3 | (x-(0.1-0.2))=0.4 | x 0.1 0.2 - - 0.4 = | x:mile 0.1:mile 0.2:mile -:mile -:mile 0.4:mile =:mile
EXPR: 0 | POS | FRA | 27 | 0.7 | 0.5 | (x+(0.1-0.2))=0.4 | x 0.1 0.2 - + 0.4 = | x:mile 0.1:mile 0.2:mile -:mile +:mile 0.4:mile =:mile
EXPR: 0 | POS | FRA | 27 | 0.7 | 0.1 | (0.1+(x+0.2))=0.4 | 0.1 x 0.2 + + 0.4 = | 0.1:mile x:mile 0.2:mile +:mile +:mile 0.4:mile =:mile
EXPR: 0 | POS | FRA | 27 | 0.7 | 0.1 | (0.4-(x+0.1))=0.2 | 0.4 x 0.1 + - 0.2 = | 0.4:mile x:mile 0.1:mile +:mile -:mile 0.2:mile =:mile
EXPR: 0 | POS | FRA | 27 | 0.7 | 0.3 | 0.1=(0.2+(x-0.4)) | 0.1 0.2 x 0.4 - + = | 0.1:mile 0.2:mile x:mile 0.4:mile -:mile +:mile =:mile
EXPR: 0 | POS | FRA | 27 | 0.7 | 0.5 | (0.1+(x-0.2))=0.4 | 0.1 x 0.2 - + 0.4 = | 0.1:mile x:mile 0.2:mile -:mile +:mile 0.4:mile =:mile
EXPR: 0 | POS | FRA | 35 | 0.7 | 0.3 | (0.1+(0.4-0.2))=x | 0.1 0.4 0.2 - + x = | 0.1:mile 0.4:mile 0.2:mile -:mile +:mile x:mile =:mile
EXPR: 0 | POS | FRA | 35 | 0.7 | 0.3 | x=(0.1+(0.4-0.2)) | x 0.1 0.4 0.2 - + = | x:mile 0.1:mile 0.4:mile 0.2:mile -:mile +:mile =:mile
EXPR: 0 | POS | FRA | 37 | 0.7 | 0.5 | (0.1+(x-0.4))=0.2 | 0.1 x 0.4 - + 0.2 = | 0.1:mile x:mile 0.4:mile -:mile +:mile 0.2:mile =:mile
EXPR: 0 | POS | FRA | 37 | 0.7 | 0.5 | (0.1-(0.4-x))=0.2 | 0.1 0.4 x - - 0.2 = | 0.1:mile 0.4:mile x:mile -:mile -:mile 0.2:mile =:mile
EXPR: 0 | POS | FRA | 37 | 0.7 | 0.5 | ((x+0.1)-0.4)=0.2 | x 0.1 + 0.4 - 0.2 = | x:mile 0.1:mile +:mile 0.4:mile -:mile 0.2:mile =:mile
EXPR: 0 | POS | FRA | 37 | 0.7 | 0.1 | 0.1=(0.4-(0.2+x)) | 0.1 0.4 0.2 x + - = | 0.1:mile 0.4:mile 0.2:mile x:mile +:mile -:mile =:mile
EXPR: 0 | POS | FRA | 37 | 0.7 | 0.5 | (0.4-x)=(0.1-0.2) | 0.4 x - 0.1 0.2 - = | 0.4:mile x:mile -:mile 0.1:mile 0.2:mile -:mile =:mile
EXPR: 0 | POS | FRA | 37 | 0.7 | 0.5 | (x+(0.1-0.4))=0.2 | x 0.1 0.4 - + 0.2 = | x:mile 0.1:mile 0.4:mile -:mile +:mile 0.2:mile =:mile
EXPR: 0 | POS | FRA | 37 | 0.7 | 0.3 | (x-0.4)=(0.1-0.2) | x 0.4 - 0.1 0.2 - = | x:mile 0.4:mile -:mile 0.1:mile 0.2:mile -:mile =:mile
EXPR: 0 | POS | FRA | 37 | 0.7 | 0.3 | 0.1=(x-(0.4-0.2)) | 0.1 x 0.4 0.2 - - = | 0.1:mile x:mile 0.4:mile 0.2:mile -:mile -:mile =:mile
EXPR: 0 | POS | FRA | 37 | 0.7 | 0.1 | 0.1=((0.4-0.2)-x) | 0.1 0.4 0.2 - x - = | 0.1:mile 0.4:mile 0.2:mile -:mile x:mile -:mile =:mile
EXPR: 0 | POS | FRA | 37 | 0.7 | 0.5 | 0.1=(0.4+(0.2-x)) | 0.1 0.4 0.2 x - + = | 0.1:mile 0.4:mile 0.2:mile x:mile -:mile +:mile =:mile
EXPR: 1 | POS | FRA | 37 | 0.7 | 0.7 | ((x-0.1)-0.4)=0.2 | x 0.1 - 0.4 - 0.2 = | x:mile 0.1:mile -:mile 0.4:mile -:mile 0.2:mile =:mile
EXPR: 0 | POS | FRA | 37 | 0.7 | 0.3 | (0.1-x)=(0.2-0.4) | 0.1 x - 0.2 0.4 - = | 0.1:mile x:mile -:mile 0.2:mile 0.4:mile -:mile =:mile
EXPR: 0 | POS | FRA | 37 | 0.7 | 0.3 | (0.1-(x-0.4))=0.2 | 0.1 x 0.4 - - 0.2 = | 0.1:mile x:mile 0.4:mile -:mile -:mile 0.2:mile =:mile
EXPR: 1 | POS | FRA | 37 | 0.7 | 0.7 | (x-0.1)=(0.2+0.4) | x 0.1 - 0.2 0.4 + = | x:mile 0.1:mile -:mile 0.2:mile 0.4:mile +:mile =:mile
EXPR: 0 | POS | FRA | 37 | 0.7 | 0.1 | 0.1=((0.4-x)-0.2) | 0.1 0.4 x - 0.2 - = | 0.1:mile 0.4:mile x:mile -:mile 0.2:mile -:mile =:mile
EXPR: 0 | POS | FRA | 37 | 0.7 | 0.1 | (0.4-0.1)=(0.2+x) | 0.4 0.1 - 0.2 x + = | 0.4:mile 0.1:mile -:mile 0.2:mile x:mile +:mile =:mile
EXPR: 0 | POS | FRA | 37 | 0.7 | 0.5 | ((0.1-0.4)+x)=0.2 | 0.1 0.4 - x + 0.2 = | 0.1:mile 0.4:mile -:mile x:mile +:mile 0.2:mile =:mile
EXPR: 0 | POS | FRA | 37 | 0.7 | 0.5 | (0.1+x)=(0.2+0.4) | 0.1 x + 0.2 0.4 + = | 0.1:mile x:mile +:mile 0.2:mile 0.4:mile +:mile =:mile
EXPR: 1 | POS | FRA | 37 | 0.7 | 0.7 | 0.1=((x-0.4)-0.2) | 0.1 x 0.4 - 0.2 - = | 0.1:mile x:mile 0.4:mile -:mile 0.2:mile -:mile =:mile
EXPR: 0 | POS | FRA | 37 | 0.7 | 0.3 | 0.1=((x-0.4)+0.2) | 0.1 x 0.4 - 0.2 + = | 0.1:mile x:mile 0.4:mile -:mile 0.2:mile +:mile =:mile
EXPR: 0 | POS | FRA | 37 | 0.7 | 0.3 | (0.1-0.2)=(x-0.4) | 0.1 0.2 - x 0.4 - = | 0.1:mile 0.2:mile -:mile x:mile 0.4:mile -:mile =:mile
EXPR: 0 | POS | FRA | 37 | 0.7 | 0.5 | ((0.1+x)-0.4)=0.2 | 0.1 x + 0.4 - 0.2 = | 0.1:mile x:mile +:mile 0.4:mile -:mile 0.2:mile =:mile
EXPR: 0 | POS | FRA | 37 | 0.7 | 0.3 | (0.1+(0.4-x))=0.2 | 0.1 0.4 x - + 0.2 = | 0.1:mile 0.4:mile x:mile -:mile +:mile 0.2:mile =:mile
EXPR: 0 | POS | FRA | 37 | 0.7 | 0.5 | 0.1=((0.4-x)+0.2) | 0.1 0.4 x - 0.2 + = | 0.1:mile 0.4:mile x:mile -:mile 0.2:mile +:mile =:mile
EXPR: 0 | POS | FRA | 37 | 0.7 | 0.3 | ((0.1-x)+0.4)=0.2 | 0.1 x - 0.4 + 0.2 = | 0.1:mile x:mile -:mile 0.4:mile +:mile 0.2:mile =:mile
EXPR: 0 | POS | FRA | 37 | 0.7 | 0.1 | 0.1=(0.4-(x+0.2)) | 0.1 0.4 x 0.2 + - = | 0.1:mile 0.4:mile x:mile 0.2:mile +:mile -:mile =:mile
EXPR: 0 | POS | FRA | 37 | 0.7 | 0.1 | (0.4-0.1)=(x+0.2) | 0.4 0.1 - x 0.2 + = | 0.4:mile 0.1:mile -:mile x:mile 0.2:mile +:mile =:mile
EXPR: 0 | POS | FRA | 37 | 0.7 | 0.5 | (x+0.1)=(0.2+0.4) | x 0.1 + 0.2 0.4 + = | x:mile 0.1:mile +:mile 0.2:mile 0.4:mile +:mile =:mile
EXPR: 0 | POS | FRA | 37 | 0.7 | 0.5 | 0.1=(0.4-(x-0.2)) | 0.1 0.4 x 0.2 - - = | 0.1:mile 0.4:mile x:mile 0.2:mile -:mile -:mile =:mile
EXPR: 0 | POS | FRA | 37 | 0.7 | 0.5 | (0.4-0.1)=(x-0.2) | 0.4 0.1 - x 0.2 - = | 0.4:mile 0.1:mile -:mile x:mile 0.2:mile -:mile =:mile
EXPR: 1 | POS | FRA | 37 | 0.7 | 0.7 | (0.4+0.1)=(x-0.2) | 0.4 0.1 + x 0.2 - = | 0.4:mile 0.1:mile +:mile x:mile 0.2:mile -:mile =:mile
EXPR: 0 | POS | FRA | 37 | 0.7 | 0.3 | (0.4+0.1)=(0.2+x) | 0.4 0.1 + 0.2 x + = | 0.4:mile 0.1:mile +:mile 0.2:mile x:mile +:mile =:mile
EXPR: 0 | POS | FRA | 37 | 0.7 | 0.5 | (0.1-0.2)=(0.4-x) | 0.1 0.2 - 0.4 x - = | 0.1:mile 0.2:mile -:mile 0.4:mile x:mile -:mile =:mile
EXPR: 0 | POS | FRA | 37 | 0.7 | 0.3 | (0.4+0.1)=(x+0.2) | 0.4 0.1 + x 0.2 + = | 0.4:mile 0.1:mile +:mile x:mile 0.2:mile +:mile =:mile
EXPR: 0 | POS | FRA | 47 | 0.7 | 0.3 | (x-0.1)=(0.4-0.2) | x 0.1 - 0.4 0.2 - = | x:mile 0.1:mile -:mile 0.4:mile 0.2:mile -:mile =:mile
EXPR: 0 | POS | FRA | 47 | 0.7 | 0.5 | (0.1-0.4)=(0.2-x) | 0.1 0.4 - 0.2 x - = | 0.1:mile 0.4:mile -:mile 0.2:mile x:mile -:mile =:mile
EXPR: 0 | POS | FRA | 47 | 0.7 | 0.1 | (0.1+x)=(0.4-0.2) | 0.1 x + 0.4 0.2 - = | 0.1:mile x:mile +:mile 0.4:mile 0.2:mile -:mile =:mile
EXPR: 0 | POS | FRA | 47 | 0.7 | 0.1 | (x+0.1)=(0.4-0.2) | x 0.1 + 0.4 0.2 - = | x:mile 0.1:mile +:mile 0.4:mile 0.2:mile -:mile =:mile
NET 232 unique, non-negative solutions found out of 480 total solutions
