parameters: n=7 l=3 k=1 p=5 q=2 m=9
TOTAL 1000 solutions found
SOLN: CORRECT | POS/NEG | INT/FRA | OBJ-SCORE | TRUE-ANS | ANS | INFIX | POSTFIX | TYPED-POSTFIX
EXPR: 0 | POS | FRA | 0 | 0.75 | 0.138888894777778 | (0.33333334*(0.33333334+0.083333336))=x | 0.33333334 0.33333334 0.083333336 + * x = | 0.33333334:UK 0.33333334:ton 0.083333336:ton +:ton *:ton x:ton =:ton
EXPR: 0 | POS | FRA | 0 | 0.75 | 0.194444451555556 | ((0.33333334*0.33333334)+0.083333336)=x | 0.33333334 0.33333334 * 0.083333336 + x = | 0.33333334:UK 0.33333334:ton *:ton 0.083333336:ton +:ton x:ton =:ton
EXPR: 0 | POS | FRA | 0 | 0.75 | 0.0277777795555556 | x=((0.33333334*0.33333334)-0.083333336) | x 0.33333334 0.33333334 * 0.083333336 - = | x:ton 0.33333334:UK 0.33333334:ton *:ton 0.083333336:ton -:ton =:ton
EXPR: 0 | POS | FRA | 0 | 0.75 | 0.194444451555556 | x=((0.33333334*0.33333334)+0.083333336) | x 0.33333334 0.33333334 * 0.083333336 + = | x:ton 0.33333334:UK 0.33333334:ton *:ton 0.083333336:ton +:ton =:ton
EXPR: 0 | POS | FRA | 0 | 0.75 | 0.138888894777778 | x=(0.33333334*(0.33333334+0.083333336)) | x 0.33333334 0.33333334 0.083333336 + * = | x:ton 0.33333334:UK 0.33333334:ton 0.083333336:ton +:ton *:ton =:ton
EXPR: 0 | POS | FRA | 0 | 0.75 | 0.0833333363333334 | x=(0.33333334*(0.33333334-0.083333336)) | x 0.33333334 0.33333334 0.083333336 - * = | x:ton 0.33333334:UK 0.33333334:ton 0.083333336:ton -:ton *:ton =:ton
EXPR: 0 | POS | FRA | 0 | 0.75 | 0.0277777795555556 | ((0.33333334*0.33333334)-0.083333336)=x | 0.33333334 0.33333334 * 0.083333336 - x = | 0.33333334:UK 0.33333334:ton *:ton 0.083333336:ton -:ton x:ton =:ton
EXPR: 0 | POS | FRA | 0 | 0.75 | 0.0833333363333334 | (0.33333334*(0.33333334-0.083333336))=x | 0.33333334 0.33333334 0.083333336 - * x = | 0.33333334:UK 0.33333334:ton 0.083333336:ton -:ton *:ton x:ton =:ton
EXPR: 0 | POS | FRA | 2 | 0.75 | 0.0833333386666668 | (0.33333334*(0.33333334-x))=0.083333336 | 0.33333334 0.33333334 x - * 0.083333336 = | 0.33333334:UK 0.33333334:ton x:ton -:ton *:ton 0.083333336:ton =:ton
EXPR: 0 | POS | FRA | 2 | 0.75 | 1.250000028 | ((0.33333334*x)-0.33333334)=0.083333336 | 0.33333334 x * 0.33333334 - 0.083333336 = | 0.33333334:UK x:ton *:ton 0.33333334:ton -:ton 0.083333336:ton =:ton
EXPR: 0 | POS | FRA | 2 | 0.75 | 0.138888892 | ((x/0.33333334)-0.33333334)=0.083333336 | x 0.33333334 / 0.33333334 - 0.083333336 = | x:ton 0.33333334:UK /:ton 0.33333334:ton -:ton 0.083333336:ton =:ton
EXPR: 0 | POS | FRA | 2 | 0.75 | 0.0277777795555556 | ((0.33333334*0.33333334)-x)=0.083333336 | 0.33333334 0.33333334 * x - 0.083333336 = | 0.33333334:UK 0.33333334:ton *:ton x:ton -:ton 0.083333336:ton =:ton
EXPR: 0 | POS | FRA | 2 | 0.75 | 0.583333354666668 | (0.33333334*(x-0.33333334))=0.083333336 | 0.33333334 x 0.33333334 - * 0.083333336 = | 0.33333334:UK x:ton 0.33333334:ton -:ton *:ton 0.083333336:ton =:ton
EXPR: 0 | POS | FRA | 2 | 0.75 | 1.250000028 | ((x*0.33333334)-0.33333334)=0.083333336 | x 0.33333334 * 0.33333334 - 0.083333336 = | x:ton 0.33333334:UK *:ton 0.33333334:ton -:ton 0.083333336:ton =:ton
EXPR: 0 | POS | FRA | 2 | 0.75 | 0.194444451555556 | (x-(0.33333334*0.33333334))=0.083333336 | x 0.33333334 0.33333334 * - 0.083333336 = | x:ton 0.33333334:UK 0.33333334:ton *:ton -:ton 0.083333336:ton =:ton
EXPR: 0 | POS | INT | 10 | 0.75 |  | x=((0.33333334-0.33333334)*0.083333336) | x 0.33333334 0.33333334 - 0.083333336 * = | x:ton 0.33333334:UK 0.33333334:UK -:UK 0.083333336:ton *:ton =:ton
EXPR: 0 | POS | FRA | 10 | 0.75 | 0.0555555584444445 | x=((0.33333334+0.33333334)*0.083333336) | x 0.33333334 0.33333334 + 0.083333336 * = | x:ton 0.33333334:UK 0.33333334:UK +:UK 0.083333336:ton *:ton =:ton
EXPR: 0 | POS | FRA | 10 | 0.75 | 0.361111119222222 | ((0.33333334*0.083333336)+0.33333334)=x | 0.33333334 0.083333336 * 0.33333334 + x = | 0.33333334:UK 0.083333336:ton *:ton 0.33333334:ton +:ton x:ton =:ton
EXPR: 0 | POS | FRA | 10 | 0.75 | 0.361111119222222 | x=((0.33333334*0.083333336)+0.33333334) | x 0.33333334 0.083333336 * 0.33333334 + = | x:ton 0.33333334:UK 0.083333336:ton *:ton 0.33333334:ton +:ton =:ton
EXPR: 0 | POS | FRA | 10 | 0.75 | 1.08333333333333 | ((0.33333334/0.33333334)+0.083333336)=x | 0.33333334 0.33333334 / 0.083333336 + x = | 0.33333334:ton 0.33333334:UK /:ton 0.083333336:ton +:ton x:ton =:ton
EXPR: 0 | POS | FRA | 10 | 0.75 | 0.916666666666667 | ((0.33333334/0.33333334)-0.083333336)=x | 0.33333334 0.33333334 / 0.083333336 - x = | 0.33333334:ton 0.33333334:UK /:ton 0.083333336:ton -:ton x:ton =:ton
EXPR: 0 | POS | FRA | 10 | 0.75 | 0.083333336 | x=((0.33333334-0.33333334)+0.083333336) | x 0.33333334 0.33333334 - 0.083333336 + = | x:ton 0.33333334:ton 0.33333334:ton -:ton 0.083333336:ton +:ton =:ton
EXPR: 0 | POS | FRA | 10 | 0.75 | 1.33333333333333 | (0.33333334/(0.33333334-0.083333336))=x | 0.33333334 0.33333334 0.083333336 - / x = | 0.33333334:UK 0.33333334:ton 0.083333336:ton -:ton /:UK x:UK =:UK
EXPR: 0 | POS | FRA | 10 | 0.75 | 0.083333336 | (0.33333334-(0.33333334-0.083333336))=x | 0.33333334 0.33333334 0.083333336 - - x = | 0.33333334:ton 0.33333334:ton 0.083333336:ton -:ton -:ton x:ton =:ton
EXPR: 0 | POS | FRA | 10 | 0.75 | 0.583333344 | (0.33333334+(0.33333334-0.083333336))=x | 0.33333334 0.33333334 0.083333336 - + x = | 0.33333334:ton 0.33333334:ton 0.083333336:ton -:ton +:ton x:ton =:ton
EXPR: 0 | POS | FRA | 10 | 0.75 | 0.361111119222222 | (0.33333334+(0.33333334*0.083333336))=x | 0.33333334 0.33333334 0.083333336 * + x = | 0.33333334:ton 0.33333334:UK 0.083333336:ton *:ton +:ton x:ton =:ton
EXPR: 0 | POS | FRA | 10 | 0.75 | 0.305555560777778 | (0.33333334-(0.33333334*0.083333336))=x | 0.33333334 0.33333334 0.083333336 * - x = | 0.33333334:ton 0.33333334:UK 0.083333336:ton *:ton -:ton x:ton =:ton
EXPR: 0 | POS | FRA | 10 | 0.75 | 0.583333344 | ((0.33333334+0.33333334)-0.083333336)=x | 0.33333334 0.33333334 + 0.083333336 - x = | 0.33333334:ton 0.33333334:ton +:ton 0.083333336:ton -:ton x:ton =:ton
EXPR: 0 | POS | FRA | 10 | 0.75 | 0.0555555584444445 | ((0.33333334+0.33333334)*0.083333336)=x | 0.33333334 0.33333334 + 0.083333336 * x = | 0.33333334:UK 0.33333334:UK +:UK 0.083333336:ton *:ton x:ton =:ton
EXPR: 1 | POS | FRA | 10 | 0.75 | 0.750000016 | x=((0.33333334+0.33333334)+0.083333336) | x 0.33333334 0.33333334 + 0.083333336 + = | x:ton 0.33333334:ton 0.33333334:ton +:ton 0.083333336:ton +:ton =:ton
EXPR: 0 | POS | FRA | 10 | 0.75 | 0.305555560777778 | x=(0.33333334-(0.33333334*0.083333336)) | x 0.33333334 0.33333334 0.083333336 * - = | x:ton 0.33333334:ton 0.33333334:UK 0.083333336:ton *:ton -:ton =:ton
EXPR: 0 | POS | FRA | 10 | 0.75 | 0.361111119222222 | x=(0.33333334+(0.33333334*0.083333336)) | x 0.33333334 0.33333334 0.083333336 * + = | x:ton 0.33333334:ton 0.33333334:UK 0.083333336:ton *:ton +:ton =:ton
EXPR: 0 | POS | FRA | 10 | 0.75 | 0.8 | (0.33333334/(0.33333334+0.083333336))=x | 0.33333334 0.33333334 0.083333336 + / x = | 0.33333334:UK 0.33333334:ton 0.083333336:ton +:ton /:UK x:UK =:UK
EXPR: 0 | POS | FRA | 10 | 0.75 | 0.083333336 | ((0.33333334-0.33333334)+0.083333336)=x | 0.33333334 0.33333334 - 0.083333336 + x = | 0.33333334:ton 0.33333334:ton -:ton 0.083333336:ton +:ton x:ton =:ton
EXPR: 0 | POS | FRA | 10 | 0.75 | 0.8 | x=(0.33333334/(0.33333334+0.083333336)) | x 0.33333334 0.33333334 0.083333336 + / = | x:UK 0.33333334:UK 0.33333334:ton 0.083333336:ton +:ton /:UK =:UK
EXPR: 0 | POS | FRA | 10 | 0.75 | 1.33333333333333 | x=(0.33333334/(0.33333334-0.083333336)) | x 0.33333334 0.33333334 0.083333336 - / = | x:UK 0.33333334:UK 0.33333334:ton 0.083333336:ton -:ton /:UK =:UK
EXPR: 0 | POS | FRA | 10 | 0.75 | 0.583333344 | x=(0.33333334+(0.33333334-0.083333336)) | x 0.33333334 0.33333334 0.083333336 - + = | x:ton 0.33333334:ton 0.33333334:ton 0.083333336:ton -:ton +:ton =:ton
EXPR: 1 | POS | FRA | 10 | 0.75 | 0.750000016 | ((0.33333334+0.33333334)+0.083333336)=x | 0.33333334 0.33333334 + 0.083333336 + x = | 0.33333334:ton 0.33333334:ton +:ton 0.083333336:ton +:ton x:ton =:ton
EXPR: 0 | POS | FRA | 10 | 0.75 | 0.583333344 | x=((0.33333334+0.33333334)-0.083333336) | x 0.33333334 0.33333334 + 0.083333336 - = | x:ton 0.33333334:ton 0.33333334:ton +:ton 0.083333336:ton -:ton =:ton
EXPR: 0 | POS | FRA | 10 | 0.75 | 0.083333336 | x=(0.33333334-(0.33333334-0.083333336)) | x 0.33333334 0.33333334 0.083333336 - - = | x:ton 0.33333334:ton 0.33333334:ton 0.083333336:ton -:ton -:ton =:ton
EXPR: 1 | POS | FRA | 10 | 0.75 | 0.750000016 | x=(0.33333334+(0.33333334+0.083333336)) | x 0.33333334 0.33333334 0.083333336 + + = | x:ton 0.33333334:ton 0.33333334:ton 0.083333336:ton +:ton +:ton =:ton
EXPR: 0 | POS | INT | 10 | 0.75 | 0 | ((0.33333334-0.33333334)*0.083333336)=x | 0.33333334 0.33333334 - 0.083333336 * x = | 0.33333334:UK 0.33333334:UK -:UK 0.083333336:ton *:ton x:ton =:ton
EXPR: 1 | POS | FRA | 10 | 0.75 | 0.750000016 | (0.33333334+(0.33333334+0.083333336))=x | 0.33333334 0.33333334 0.083333336 + + x = | 0.33333334:ton 0.33333334:ton 0.083333336:ton +:ton +:ton x:ton =:ton
EXPR: 0 | POS | FRA | 10 | 0.75 | 0.916666666666667 | x=((0.33333334/0.33333334)-0.083333336) | x 0.33333334 0.33333334 / 0.083333336 - = | x:ton 0.33333334:ton 0.33333334:UK /:ton 0.083333336:ton -:ton =:ton
EXPR: 0 | POS | FRA | 10 | 0.75 | 1.08333333333333 | x=((0.33333334/0.33333334)+0.083333336) | x 0.33333334 0.33333334 / 0.083333336 + = | x:ton 0.33333334:ton 0.33333334:UK /:ton 0.083333336:ton +:ton =:ton
EXPR: 0 | POS | FRA | 12 | 0.75 | 0.1250000015 | (x*(0.33333334+0.33333334))=0.083333336 | x 0.33333334 0.33333334 + * 0.083333336 = | x:ton 0.33333334:UK 0.33333334:UK +:UK *:ton 0.083333336:ton =:ton
EXPR: 0 | POS | FRA | 12 | 0.75 | 0.0555555584444445 | (x/(0.33333334+0.33333334))=0.083333336 | x 0.33333334 0.33333334 + / 0.083333336 = | x:ton 0.33333334:UK 0.33333334:UK +:UK /:ton 0.083333336:ton =:ton
EXPR: 0 | POS | FRA | 12 | 0.75 | 0.083333336 | (x-(0.33333334-0.33333334))=0.083333336 | x 0.33333334 0.33333334 - - 0.083333336 = | x:ton 0.33333334:ton 0.33333334:ton -:ton -:ton 0.083333336:ton =:ton
EXPR: 0 | POS | FRA | 12 | 0.75 | 0.083333336 | (x+(0.33333334-0.33333334))=0.083333336 | x 0.33333334 0.33333334 - + 0.083333336 = | x:ton 0.33333334:ton 0.33333334:ton -:ton +:ton 0.083333336:ton =:ton
EXPR: 1 | POS | FRA | 12 | 0.75 | 0.75 | ((0.33333334*x)+0.083333336)=0.33333334 | 0.33333334 x * 0.083333336 + 0.33333334 = | 0.33333334:UK x:ton *:ton 0.083333336:ton +:ton 0.33333334:ton =:ton
EXPR: 0 | POS | FRA | 12 | 0.75 | 1.250000028 | ((0.33333334*x)-0.083333336)=0.33333334 | 0.33333334 x * 0.083333336 - 0.33333334 = | 0.33333334:UK x:ton *:ton 0.083333336:ton -:ton 0.33333334:ton =:ton
EXPR: 0 | POS | FRA | 12 | 0.75 | 0.583333344 | ((0.33333334+0.33333334)-x)=0.083333336 | 0.33333334 0.33333334 + x - 0.083333336 = | 0.33333334:ton 0.33333334:ton +:ton x:ton -:ton 0.083333336:ton =:ton
EXPR: 0 | POS | FRA | 12 | 0.75 | 3.66666653866667 | (0.33333334/(0.33333334+x))=0.083333336 | 0.33333334 0.33333334 x + / 0.083333336 = | 0.33333334:UK 0.33333334:ton x:ton +:ton /:UK 0.083333336:UK =:UK
EXPR: 0 | POS | FRA | 12 | 0.75 | 0.583333344 | (0.33333334-(x-0.33333334))=0.083333336 | 0.33333334 x 0.33333334 - - 0.083333336 = | 0.33333334:ton x:ton 0.33333334:ton -:ton -:ton 0.083333336:ton =:ton
EXPR: 1 | POS | FRA | 12 | 0.75 | 0.75 | 0.33333334=((x*0.33333334)+0.083333336) | 0.33333334 x 0.33333334 * 0.083333336 + = | 0.33333334:ton x:ton 0.33333334:UK *:ton 0.083333336:ton +:ton =:ton
EXPR: 1 | POS | FRA | 12 | 0.75 | 0.75 | (0.33333334*x)=(0.33333334-0.083333336) | 0.33333334 x * 0.33333334 0.083333336 - = | 0.33333334:UK x:ton *:ton 0.33333334:ton 0.083333336:ton -:ton =:ton
EXPR: 1 | POS | FRA | 12 | 0.75 | 0.750000016 | (x-(0.33333334+0.33333334))=0.083333336 | x 0.33333334 0.33333334 + - 0.083333336 = | x:ton 0.33333334:ton 0.33333334:ton +:ton -:ton 0.083333336:ton =:ton
EXPR: 0 | POS | FRA | 12 | 0.75 | 1.250000028 | (0.33333334*x)=(0.33333334+0.083333336) | 0.33333334 x * 0.33333334 0.083333336 + = | 0.33333334:UK x:ton *:ton 0.33333334:ton 0.083333336:ton +:ton =:ton
EXPR: 0 | POS | FRA | 12 | 0.75 | 0.916666682333334 | (0.33333334*(x+0.083333336))=0.33333334 | 0.33333334 x 0.083333336 + * 0.33333334 = | 0.33333334:UK x:ton 0.083333336:ton +:ton *:ton 0.33333334:ton =:ton
EXPR: 0 | POS | FRA | 12 | 0.75 | 3.66666653866667 | (0.33333334/(x+0.33333334))=0.083333336 | 0.33333334 x 0.33333334 + / 0.083333336 = | 0.33333334:UK x:ton 0.33333334:ton +:ton /:UK 0.083333336:UK =:UK
EXPR: 0 | POS | FRA | 12 | 0.75 | 0.79999998208 | 0.33333334=(x*(0.33333334+0.083333336)) | 0.33333334 x 0.33333334 0.083333336 + * = | 0.33333334:UK x:UK 0.33333334:ton 0.083333336:ton +:ton *:UK =:UK
EXPR: 0 | POS | FRA | 12 | 0.75 | 0.138888892 | 0.33333334=(x/(0.33333334+0.083333336)) | 0.33333334 x 0.33333334 0.083333336 + / = | 0.33333334:UK x:UK 0.33333334:ton 0.083333336:ton +:ton /:UK =:UK
EXPR: 0 | POS | FRA | 12 | 0.75 | 0.0833333386666668 | ((0.33333334-x)*0.33333334)=0.083333336 | 0.33333334 x - 0.33333334 * 0.083333336 = | 0.33333334:UK x:UK -:UK 0.33333334:ton *:ton 0.083333336:ton =:ton
EXPR: 0 | POS | FRA | 12 | 0.75 | 1.250000028 | 0.33333334=((0.33333334*x)-0.083333336) | 0.33333334 0.33333334 x * 0.083333336 - = | 0.33333334:ton 0.33333334:UK x:ton *:ton 0.083333336:ton -:ton =:ton
EXPR: 1 | POS | FRA | 12 | 0.75 | 0.75 | 0.33333334=((0.33333334*x)+0.083333336) | 0.33333334 0.33333334 x * 0.083333336 + = | 0.33333334:ton 0.33333334:UK x:ton *:ton 0.083333336:ton +:ton =:ton
EXPR: 0 | POS | FRA | 12 | 0.75 | 1.33333333333333 | 0.33333334=(x*(0.33333334-0.083333336)) | 0.33333334 x 0.33333334 0.083333336 - * = | 0.33333334:UK x:UK 0.33333334:ton 0.083333336:ton -:ton *:UK =:UK
EXPR: 0 | POS | FRA | 12 | 0.75 | 1.08333335766667 | (0.33333334*(x-0.083333336))=0.33333334 | 0.33333334 x 0.083333336 - * 0.33333334 = | 0.33333334:UK x:ton 0.083333336:ton -:ton *:ton 0.33333334:ton =:ton
EXPR: 0 | POS | FRA | 12 | 0.75 | 0.583333344 | (0.33333334+(0.33333334-x))=0.083333336 | 0.33333334 0.33333334 x - + 0.083333336 = | 0.33333334:ton 0.33333334:ton x:ton -:ton +:ton 0.083333336:ton =:ton
EXPR: 0 | POS | FRA | 12 | 0.75 | 0.138888892 | ((x/0.33333334)-0.083333336)=0.33333334 | x 0.33333334 / 0.083333336 - 0.33333334 = | x:ton 0.33333334:UK /:ton 0.083333336:ton -:ton 0.33333334:ton =:ton
EXPR: 0 | POS | FRA | 12 | 0.75 | 0.0833333333333333 | ((x/0.33333334)+0.083333336)=0.33333334 | x 0.33333334 / 0.083333336 + 0.33333334 = | x:ton 0.33333334:UK /:ton 0.083333336:ton +:ton 0.33333334:ton =:ton
EXPR: 0 | POS | FRA | 12 | 0.75 | 0.194444451555556 | (0.33333334*0.33333334)=(x-0.083333336) | 0.33333334 0.33333334 * x 0.083333336 - = | 0.33333334:UK 0.33333334:ton *:ton x:ton 0.083333336:ton -:ton =:ton
EXPR: 0 | POS | FRA | 12 | 0.75 | 0.0277777795555556 | (0.33333334*0.33333334)=(x+0.083333336) | 0.33333334 0.33333334 * x 0.083333336 + = | 0.33333334:UK 0.33333334:ton *:ton x:ton 0.083333336:ton +:ton =:ton
EXPR: 0 | POS | FRA | 12 | 0.75 | 0.0833333333333333 | 0.33333334=(x/(0.33333334-0.083333336)) | 0.33333334 x 0.33333334 0.083333336 - / = | 0.33333334:UK x:UK 0.33333334:ton 0.083333336:ton -:ton /:UK =:UK
EXPR: 0 | POS | FRA | 12 | 0.75 | 0.1250000015 | ((0.33333334+0.33333334)*x)=0.083333336 | 0.33333334 0.33333334 + x * 0.083333336 = | 0.33333334:UK 0.33333334:UK +:UK x:ton *:ton 0.083333336:ton =:ton
EXPR: 0 | POS | FRA | 12 | 0.75 | 0.0277777795555556 | (0.33333334*0.33333334)=(0.083333336+x) | 0.33333334 0.33333334 * 0.083333336 x + = | 0.33333334:UK 0.33333334:ton *:ton 0.083333336:ton x:ton +:ton =:ton
EXPR: 0 | POS | FRA | 12 | 0.75 | 0.583333354666668 | ((x-0.33333334)*0.33333334)=0.083333336 | x 0.33333334 - 0.33333334 * 0.083333336 = | x:UK 0.33333334:UK -:UK 0.33333334:ton *:ton 0.083333336:ton =:ton
EXPR: 1 | POS | FRA | 12 | 0.75 | 0.75 | (0.33333334-(0.33333334*x))=0.083333336 | 0.33333334 0.33333334 x * - 0.083333336 = | 0.33333334:ton 0.33333334:UK x:ton *:ton -:ton 0.083333336:ton =:ton
EXPR: 0 | POS | FRA | 12 | 0.75 | 0.083333336 | ((0.33333334+x)-0.33333334)=0.083333336 | 0.33333334 x + 0.33333334 - 0.083333336 = | 0.33333334:ton x:ton +:ton 0.33333334:ton -:ton 0.083333336:ton =:ton
EXPR: 1 | POS | FRA | 12 | 0.75 | 0.750000016 | ((x-0.33333334)-0.33333334)=0.083333336 | x 0.33333334 - 0.33333334 - 0.083333336 = | x:ton 0.33333334:ton -:ton 0.33333334:ton -:ton 0.083333336:ton =:ton
EXPR: 0 | POS | FRA | 12 | 0.75 | 0.138888892 | (x/0.33333334)=(0.33333334+0.083333336) | x 0.33333334 / 0.33333334 0.083333336 + = | x:ton 0.33333334:UK /:ton 0.33333334:ton 0.083333336:ton +:ton =:ton
EXPR: 0 | POS | FRA | 12 | 0.75 | 0.916666666666667 | ((0.33333334/0.33333334)-x)=0.083333336 | 0.33333334 0.33333334 / x - 0.083333336 = | 0.33333334:ton 0.33333334:UK /:ton x:ton -:ton 0.083333336:ton =:ton
EXPR: 0 | POS | FRA | 12 | 0.75 | 0.083333336 | ((x+0.33333334)-0.33333334)=0.083333336 | x 0.33333334 + 0.33333334 - 0.083333336 = | x:ton 0.33333334:ton +:ton 0.33333334:ton -:ton 0.083333336:ton =:ton
EXPR: 0 | POS | FRA | 12 | 0.75 | 0.083333336 | (0.33333334-(0.33333334-x))=0.083333336 | 0.33333334 0.33333334 x - - 0.083333336 = | 0.33333334:ton 0.33333334:ton x:ton -:ton -:ton 0.083333336:ton =:ton
EXPR: 0 | POS | FRA | 12 | 0.75 | 0.083333336 | 0.33333334=((0.33333334+x)-0.083333336) | 0.33333334 0.33333334 x + 0.083333336 - = | 0.33333334:ton 0.33333334:ton x:ton +:ton 0.083333336:ton -:ton =:ton
EXPR: 0 | POS | FRA | 12 | 0.75 | 0.083333336 | 0.33333334=((x+0.33333334)-0.083333336) | 0.33333334 x 0.33333334 + 0.083333336 - = | 0.33333334:ton x:ton 0.33333334:ton +:ton 0.083333336:ton -:ton =:ton
EXPR: 0 | POS | FRA | 12 | 0.75 | 1.250000028 | 0.33333334=((x*0.33333334)-0.083333336) | 0.33333334 x 0.33333334 * 0.083333336 - = | 0.33333334:ton x:ton 0.33333334:UK *:ton 0.083333336:ton -:ton =:ton
EXPR: 0 | POS | FRA | 12 | 0.75 | 0.083333336 | 0.33333334=((0.33333334-x)+0.083333336) | 0.33333334 0.33333334 x - 0.083333336 + = | 0.33333334:ton 0.33333334:ton x:ton -:ton 0.083333336:ton +:ton =:ton
EXPR: 0 | POS | FRA | 12 | 0.75 | 0.305555560777778 | ((0.33333334*0.083333336)+x)=0.33333334 | 0.33333334 0.083333336 * x + 0.33333334 = | 0.33333334:UK 0.083333336:ton *:ton x:ton +:ton 0.33333334:ton =:ton
EXPR: 1 | POS | FRA | 12 | 0.75 | 0.75 | (x*0.33333334)=(0.33333334-0.083333336) | x 0.33333334 * 0.33333334 0.083333336 - = | x:ton 0.33333334:UK *:ton 0.33333334:ton 0.083333336:ton -:ton =:ton
EXPR: 0 | POS | FRA | 12 | 0.75 | 0.0833333333333333 | (x/0.33333334)=(0.33333334-0.083333336) | x 0.33333334 / 0.33333334 0.083333336 - = | x:ton 0.33333334:UK /:ton 0.33333334:ton 0.083333336:ton -:ton =:ton
EXPR: 0 | POS | FRA | 12 | 0.75 | 0.083333336 | 0.33333334=((0.33333334+0.083333336)-x) | 0.33333334 0.33333334 0.083333336 + x - = | 0.33333334:ton 0.33333334:ton 0.083333336:ton +:ton x:ton -:ton =:ton
EXPR: 0 | POS | FRA | 12 | 0.75 | 0.083333336 | (0.33333334+(x-0.33333334))=0.083333336 | 0.33333334 x 0.33333334 - + 0.083333336 = | 0.33333334:ton x:ton 0.33333334:ton -:ton +:ton 0.083333336:ton =:ton
EXPR: 0 | POS | FRA | 12 | 0.75 | 0.305555560777778 | 0.33333334=((0.33333334*0.083333336)+x) | 0.33333334 0.33333334 0.083333336 * x + = | 0.33333334:ton 0.33333334:UK 0.083333336:ton *:ton x:ton +:ton =:ton
EXPR: 0 | POS | FRA | 12 | 0.75 | 0.083333336 | 0.33333334=((0.33333334-0.083333336)+x) | 0.33333334 0.33333334 0.083333336 - x + = | 0.33333334:ton 0.33333334:ton 0.083333336:ton -:ton x:ton +:ton =:ton
EXPR: 0 | POS | FRA | 12 | 0.75 | 0.083333336 | ((0.33333334-0.33333334)+x)=0.083333336 | 0.33333334 0.33333334 - x + 0.083333336 = | 0.33333334:ton 0.33333334:ton -:ton x:ton +:ton 0.083333336:ton =:ton
EXPR: 0 | POS | FRA | 12 | 0.75 | 0.305555555555556 | ((0.33333334-x)/0.33333334)=0.083333336 | 0.33333334 x - 0.33333334 / 0.083333336 = | 0.33333334:ton x:ton -:ton 0.33333334:UK /:ton 0.083333336:ton =:ton
EXPR: 0 | POS | INT | 12 | 0.75 | - | ((0.33333334-0.33333334)*x)=0.083333336 | 0.33333334 0.33333334 - x * 0.083333336 = | 0.33333334:UK 0.33333334:UK -:UK x:ton *:ton 0.083333336:ton =:ton
EXPR: 0 | POS | FRA | 12 | 0.75 | 1.250000028 | ((x*0.33333334)-0.083333336)=0.33333334 | x 0.33333334 * 0.083333336 - 0.33333334 = | x:ton 0.33333334:UK *:ton 0.083333336:ton -:ton 0.33333334:ton =:ton
EXPR: 1 | POS | FRA | 12 | 0.75 | 0.75 | ((x*0.33333334)+0.083333336)=0.33333334 | x 0.33333334 * 0.083333336 + 0.33333334 = | x:ton 0.33333334:UK *:ton 0.083333336:ton +:ton 0.33333334:ton =:ton
EXPR: 0 | POS | FRA | 12 | 0.75 | 0.083333336 | ((x-0.33333334)+0.33333334)=0.083333336 | x 0.33333334 - 0.33333334 + 0.083333336 = | x:ton 0.33333334:ton -:ton 0.33333334:ton +:ton 0.083333336:ton =:ton
EXPR: 0 | POS | FRA | 12 | 0.75 | 1.250000028 | (x*0.33333334)=(0.33333334+0.083333336) | x 0.33333334 * 0.33333334 0.083333336 + = | x:ton 0.33333334:UK *:ton 0.33333334:ton 0.083333336:ton +:ton =:ton
EXPR: 0 | POS | FRA | 12 | 0.75 | 0.0833333333333333 | (0.33333334-(x/0.33333334))=0.083333336 | 0.33333334 x 0.33333334 / - 0.083333336 = | 0.33333334:ton x:ton 0.33333334:UK /:ton -:ton 0.083333336:ton =:ton
EXPR: 0 | POS | FRA | 12 | 0.75 | 1.08333333333333 | (x-(0.33333334/0.33333334))=0.083333336 | x 0.33333334 0.33333334 / - 0.083333336 = | x:ton 0.33333334:ton 0.33333334:UK /:ton -:ton 0.083333336:ton =:ton
EXPR: 0 | POS | INT | 12 | 0.75 | - | (x*(0.33333334-0.33333334))=0.083333336 | x 0.33333334 0.33333334 - * 0.083333336 = | x:ton 0.33333334:UK 0.33333334:UK -:UK *:ton 0.083333336:ton =:ton
EXPR: 0 | POS | INT | 12 | 0.75 | - | (x/(0.33333334-0.33333334))=0.083333336 | x 0.33333334 0.33333334 - / 0.083333336 = | x:ton 0.33333334:UK 0.33333334:UK -:UK /:ton 0.083333336:ton =:ton
EXPR: 0 | POS | FRA | 12 | 0.75 | 0.305555560777778 | 0.33333334=(x+(0.33333334*0.083333336)) | 0.33333334 x 0.33333334 0.083333336 * + = | 0.33333334:ton x:ton 0.33333334:UK 0.083333336:ton *:ton +:ton =:ton
EXPR: 0 | POS | FRA | 12 | 0.75 | 0.361111111111111 | ((x-0.33333334)/0.33333334)=0.083333336 | x 0.33333334 - 0.33333334 / 0.083333336 = | x:ton 0.33333334:ton -:ton 0.33333334:UK /:ton 0.083333336:ton =:ton
EXPR: 0 | POS | FRA | 12 | 0.75 | 0.583333344 | 0.33333334=((x-0.33333334)+0.083333336) | 0.33333334 x 0.33333334 - 0.083333336 + = | 0.33333334:ton x:ton 0.33333334:ton -:ton 0.083333336:ton +:ton =:ton
EXPR: 1 | POS | FRA | 12 | 0.75 | 0.750000016 | 0.33333334=((x-0.33333334)-0.083333336) | 0.33333334 x 0.33333334 - 0.083333336 - = | 0.33333334:ton x:ton 0.33333334:ton -:ton 0.083333336:ton -:ton =:ton
EXPR: 1 | POS | FRA | 12 | 0.75 | 0.75 | (0.33333334-(x*0.33333334))=0.083333336 | 0.33333334 x 0.33333334 * - 0.083333336 = | 0.33333334:ton x:ton 0.33333334:UK *:ton -:ton 0.083333336:ton =:ton
EXPR: 0 | POS | FRA | 12 | 0.75 | 0.361111119222222 | 0.33333334=(x-(0.33333334*0.083333336)) | 0.33333334 x 0.33333334 0.083333336 * - = | 0.33333334:ton x:ton 0.33333334:UK 0.083333336:ton *:ton -:ton =:ton
EXPR: 0 | POS | FRA | 12 | 0.75 | 0.083333336 | 0.33333334=(x+(0.33333334-0.083333336)) | 0.33333334 x 0.33333334 0.083333336 - + = | 0.33333334:ton x:ton 0.33333334:ton 0.083333336:ton -:ton +:ton =:ton
EXPR: 0 | POS | FRA | 12 | 0.75 | 0.083333336 | 0.33333334=(0.33333334+(0.083333336-x)) | 0.33333334 0.33333334 0.083333336 x - + = | 0.33333334:ton 0.33333334:ton 0.083333336:ton x:ton -:ton +:ton =:ton
EXPR: 1 | POS | FRA | 12 | 0.75 | 0.750000016 | 0.33333334=(x-(0.33333334+0.083333336)) | 0.33333334 x 0.33333334 0.083333336 + - = | 0.33333334:ton x:ton 0.33333334:ton 0.083333336:ton +:ton -:ton =:ton
EXPR: 0 | POS | FRA | 12 | 0.75 | 0.916666682333334 | (0.33333334*(0.083333336+x))=0.33333334 | 0.33333334 0.083333336 x + * 0.33333334 = | 0.33333334:UK 0.083333336:ton x:ton +:ton *:ton 0.33333334:ton =:ton
EXPR: 0 | POS | FRA | 12 | 0.75 | 0.083333336 | 0.33333334=(0.33333334+(x-0.083333336)) | 0.33333334 0.33333334 x 0.083333336 - + = | 0.33333334:ton 0.33333334:ton x:ton 0.083333336:ton -:ton +:ton =:ton
EXPR: 0 | POS | FRA | 12 | 0.75 | 0.305555560777778 | (x+(0.33333334*0.083333336))=0.33333334 | x 0.33333334 0.083333336 * + 0.33333334 = | x:ton 0.33333334:UK 0.083333336:ton *:ton +:ton 0.33333334:ton =:ton
EXPR: 0 | POS | FRA | 12 | 0.75 | 0.916666682333334 | 0.33333334=(0.33333334*(x+0.083333336)) | 0.33333334 0.33333334 x 0.083333336 + * = | 0.33333334:ton 0.33333334:UK x:ton 0.083333336:ton +:ton *:ton =:ton
EXPR: 0 | POS | FRA | 12 | 0.75 | 0.083333336 | 0.33333334=(0.33333334-(0.083333336-x)) | 0.33333334 0.33333334 0.083333336 x - - = | 0.33333334:ton 0.33333334:ton 0.083333336:ton x:ton -:ton -:ton =:ton
EXPR: 0 | POS | FRA | 12 | 0.75 | 4.33333320533334 | (0.33333334/(x-0.33333334))=0.083333336 | 0.33333334 x 0.33333334 - / 0.083333336 = | 0.33333334:UK x:ton 0.33333334:ton -:ton /:UK 0.083333336:UK =:UK
EXPR: 0 | POS | FRA | 12 | 0.75 | 1.08333335766667 | 0.33333334=(0.33333334*(x-0.083333336)) | 0.33333334 0.33333334 x 0.083333336 - * = | 0.33333334:ton 0.33333334:UK x:ton 0.083333336:ton -:ton *:ton =:ton
EXPR: 0 | POS | FRA | 12 | 0.75 | 0.0833333333333333 | 0.33333334=((x/0.33333334)+0.083333336) | 0.33333334 x 0.33333334 / 0.083333336 + = | 0.33333334:ton x:ton 0.33333334:UK /:ton 0.083333336:ton +:ton =:ton
EXPR: 0 | POS | FRA | 12 | 0.75 | 0.916666682333334 | 0.33333334=(0.33333334*(0.083333336+x)) | 0.33333334 0.33333334 0.083333336 x + * = | 0.33333334:UK 0.33333334:UK 0.083333336:ton x:ton +:ton *:UK =:UK
EXPR: 0 | POS | FRA | 12 | 0.75 | 0.916666664 | 0.33333334=(0.33333334/(0.083333336+x)) | 0.33333334 0.33333334 0.083333336 x + / = | 0.33333334:UK 0.33333334:UK 0.083333336:ton x:ton +:ton /:UK =:UK
EXPR: 0 | POS | FRA | 12 | 0.75 | 0.138888892 | 0.33333334=((x/0.33333334)-0.083333336) | 0.33333334 x 0.33333334 / 0.083333336 - = | 0.33333334:ton x:ton 0.33333334:UK /:ton 0.083333336:ton -:ton =:ton
EXPR: 0 | POS | FRA | 12 | 0.75 | 0.583333344 | ((0.33333334-x)+0.33333334)=0.083333336 | 0.33333334 x - 0.33333334 + 0.083333336 = | 0.33333334:ton x:ton -:ton 0.33333334:ton +:ton 0.083333336:ton =:ton
EXPR: 0 | POS | FRA | 12 | 0.75 | 0.916666664 | 0.33333334=(0.33333334/(x+0.083333336)) | 0.33333334 0.33333334 x 0.083333336 + / = | 0.33333334:UK 0.33333334:UK x:ton 0.083333336:ton +:ton /:UK =:UK
EXPR: 0 | POS | FRA | 12 | 0.75 | 1.083333336 | 0.33333334=(0.33333334/(x-0.083333336)) | 0.33333334 0.33333334 x 0.083333336 - / = | 0.33333334:UK 0.33333334:UK x:ton 0.083333336:ton -:ton /:UK =:UK
EXPR: 0 | POS | FRA | 12 | 0.75 | 0.361111119222222 | (x-(0.33333334*0.083333336))=0.33333334 | x 0.33333334 0.083333336 * - 0.33333334 = | x:ton 0.33333334:UK 0.083333336:ton *:ton -:ton 0.33333334:ton =:ton
EXPR: 0 | POS | FRA | 12 | 0.75 | 0.79999998208 | 0.33333334=((0.33333334+0.083333336)*x) | 0.33333334 0.33333334 0.083333336 + x * = | 0.33333334:UK 0.33333334:ton 0.083333336:ton +:ton x:UK *:UK =:UK
EXPR: 0 | POS | FRA | 12 | 0.75 | 0.083333336 | 0.33333334=(0.33333334-(x-0.083333336)) | 0.33333334 0.33333334 x 0.083333336 - - = | 0.33333334:ton 0.33333334:ton x:ton 0.083333336:ton -:ton -:ton =:ton
EXPR: 0 | POS | FRA | 12 | 0.75 | 0.583333344 | 0.33333334=(x-(0.33333334-0.083333336)) | 0.33333334 x 0.33333334 0.083333336 - - = | 0.33333334:ton x:ton 0.33333334:ton 0.083333336:ton -:ton -:ton =:ton
EXPR: 0 | POS | FRA | 12 | 0.75 | 1.33333333333333 | 0.33333334=((0.33333334-0.083333336)*x) | 0.33333334 0.33333334 0.083333336 - x * = | 0.33333334:UK 0.33333334:ton 0.083333336:ton -:ton x:UK *:UK =:UK
EXPR: 0 | POS | FRA | 12 | 0.75 | 3.666666612 | 0.33333334=((0.33333334+x)*0.083333336) | 0.33333334 0.33333334 x + 0.083333336 * = | 0.33333334:UK 0.33333334:ton x:ton +:ton 0.083333336:UK *:UK =:UK
EXPR: 0 | POS | FRA | 12 | 0.75 | 4.333333292 | 0.33333334=((x-0.33333334)*0.083333336) | 0.33333334 x 0.33333334 - 0.083333336 * = | 0.33333334:UK x:ton 0.33333334:ton -:ton 0.083333336:UK *:UK =:UK
EXPR: 0 | POS | FRA | 12 | 0.75 | 3.666666612 | 0.33333334=((x+0.33333334)*0.083333336) | 0.33333334 x 0.33333334 + 0.083333336 * = | 0.33333334:UK x:ton 0.33333334:ton +:ton 0.083333336:UK *:UK =:UK
EXPR: 0 | POS | INT | 20 | 0.75 |  | x=((0.33333334-0.33333334)/0.083333336) | x 0.33333334 0.33333334 - 0.083333336 / = | x:UK 0.33333334:UK 0.33333334:UK -:UK 0.083333336:ton /:UK =:UK
EXPR: 0 | POS | FRA | 20 | 0.75 | 0.138888894777778 | x=((0.33333334+0.083333336)*0.33333334) | x 0.33333334 0.083333336 + 0.33333334 * = | x:ton 0.33333334:UK 0.083333336:UK +:UK 0.33333334:ton *:ton =:ton
EXPR: 0 | POS | FRA | 20 | 0.75 | 0.0833333363333334 | x=((0.33333334-0.083333336)*0.33333334) | x 0.33333334 0.083333336 - 0.33333334 * = | x:ton 0.33333334:UK 0.083333336:UK -:UK 0.33333334:ton *:ton =:ton
EXPR: 0 | POS | FRA | 20 | 0.75 | 0.138888894777778 | ((0.33333334+0.083333336)*0.33333334)=x | 0.33333334 0.083333336 + 0.33333334 * x = | 0.33333334:UK 0.083333336:UK +:UK 0.33333334:ton *:ton x:ton =:ton
EXPR: 0 | POS | INT | 20 | 0.75 | 8 | ((0.33333334+0.33333334)/0.083333336)=x | 0.33333334 0.33333334 + 0.083333336 / x = | 0.33333334:UK 0.33333334:UK +:UK 0.083333336:ton /:UK x:UK =:UK
EXPR: 1 | POS | FRA | 20 | 0.75 | 0.750000016 | ((0.33333334+0.083333336)+0.33333334)=x | 0.33333334 0.083333336 + 0.33333334 + x = | 0.33333334:ton 0.083333336:ton +:ton 0.33333334:ton +:ton x:ton =:ton
EXPR: 0 | POS | FRA | 20 | 0.75 | 0.583333344 | (0.33333334-(0.083333336-0.33333334))=x | 0.33333334 0.083333336 0.33333334 - - x = | 0.33333334:ton 0.083333336:ton 0.33333334:ton -:ton -:ton x:ton =:ton
EXPR: 0 | POS | INT | 20 | 0.75 | 8 | x=((0.33333334+0.33333334)/0.083333336) | x 0.33333334 0.33333334 + 0.083333336 / = | x:UK 0.33333334:UK 0.33333334:UK +:UK 0.083333336:ton /:UK =:UK
EXPR: 0 | POS | FRA | 20 | 0.75 | 0.083333336 | (0.33333334+(0.083333336-0.33333334))=x | 0.33333334 0.083333336 0.33333334 - + x = | 0.33333334:ton 0.083333336:ton 0.33333334:ton -:ton +:ton x:ton =:ton
EXPR: 0 | POS | FRA | 20 | 0.75 | 0.0833333363333334 | ((0.33333334-0.083333336)*0.33333334)=x | 0.33333334 0.083333336 - 0.33333334 * x = | 0.33333334:UK 0.083333336:UK -:UK 0.33333334:ton *:ton x:ton =:ton
EXPR: 1 | POS | FRA | 20 | 0.75 | 0.750000016 | x=((0.33333334+0.083333336)+0.33333334) | x 0.33333334 0.083333336 + 0.33333334 + = | x:ton 0.33333334:ton 0.083333336:ton +:ton 0.33333334:ton +:ton =:ton
EXPR: 0 | POS | FRA | 20 | 0.75 | 0.583333344 | x=((0.33333334-0.083333336)+0.33333334) | x 0.33333334 0.083333336 - 0.33333334 + = | x:ton 0.33333334:ton 0.083333336:ton -:ton 0.33333334:ton +:ton =:ton
EXPR: 0 | POS | FRA | 20 | 0.75 | 0.583333344 | x=(0.33333334-(0.083333336-0.33333334)) | x 0.33333334 0.083333336 0.33333334 - - = | x:ton 0.33333334:ton 0.083333336:ton 0.33333334:ton -:ton -:ton =:ton
EXPR: 0 | POS | FRA | 20 | 0.75 | 0.083333336 | x=(0.33333334+(0.083333336-0.33333334)) | x 0.33333334 0.083333336 0.33333334 - + = | x:ton 0.33333334:ton 0.083333336:ton 0.33333334:ton -:ton +:ton =:ton
EXPR: 0 | POS | FRA | 20 | 0.75 | 4.33333333333333 | (0.33333334+(0.33333334/0.083333336))=x | 0.33333334 0.33333334 0.083333336 / + x = | 0.33333334:UK 0.33333334:UK 0.083333336:ton /:UK +:UK x:UK =:UK
EXPR: 0 | POS | FRA | 20 | 0.75 | 0.083333336 | ((0.33333334+0.083333336)-0.33333334)=x | 0.33333334 0.083333336 + 0.33333334 - x = | 0.33333334:ton 0.083333336:ton +:ton 0.33333334:ton -:ton x:ton =:ton
EXPR: 0 | POS | FRA | 20 | 0.75 | 4.33333333333333 | x=(0.33333334+(0.33333334/0.083333336)) | x 0.33333334 0.33333334 0.083333336 / + = | x:UK 0.33333334:UK 0.33333334:UK 0.083333336:ton /:UK +:UK =:UK
EXPR: 0 | POS | FRA | 20 | 0.75 | 0.083333336 | x=((0.33333334+0.083333336)-0.33333334) | x 0.33333334 0.083333336 + 0.33333334 - = | x:ton 0.33333334:ton 0.083333336:ton +:ton 0.33333334:ton -:ton =:ton
EXPR: 0 | POS | INT | 20 | 0.75 | 0 | ((0.33333334-0.33333334)/0.083333336)=x | 0.33333334 0.33333334 - 0.083333336 / x = | 0.33333334:ton 0.33333334:ton -:ton 0.083333336:UK /:ton x:ton =:ton
EXPR: 0 | POS | FRA | 20 | 0.75 | 0.583333344 | ((0.33333334-0.083333336)+0.33333334)=x | 0.33333334 0.083333336 - 0.33333334 + x = | 0.33333334:ton 0.083333336:ton -:ton 0.33333334:ton +:ton x:ton =:ton
EXPR: 0 | POS | FRA | 22 | 0.75 | 0.361111122666667 | 0.33333334=((x-0.33333334)/0.083333336) | 0.33333334 x 0.33333334 - 0.083333336 / = | 0.33333334:UK x:UK 0.33333334:UK -:UK 0.083333336:ton /:UK =:UK
EXPR: 0 | POS | FRA | 22 | 0.75 | 0.583333344 | (x-(0.33333334-0.083333336))=0.33333334 | x 0.33333334 0.083333336 - - 0.33333334 = | x:ton 0.33333334:ton 0.083333336:ton -:ton -:ton 0.33333334:ton =:ton
EXPR: 0 | POS | FRA | 22 | 0.75 | 0.083333336 | (x+(0.33333334-0.083333336))=0.33333334 | x 0.33333334 0.083333336 - + 0.33333334 = | x:ton 0.33333334:ton 0.083333336:ton -:ton +:ton 0.33333334:ton =:ton
EXPR: 0 | POS | FRA | 22 | 0.75 | 3.666666612 | ((x+0.33333334)*0.083333336)=0.33333334 | x 0.33333334 + 0.083333336 * 0.33333334 = | x:UK 0.33333334:UK +:UK 0.083333336:ton *:ton 0.33333334:ton =:ton
EXPR: 0 | POS | FRA | 22 | 0.75 | 3.666666612 | ((0.33333334+x)*0.083333336)=0.33333334 | 0.33333334 x + 0.083333336 * 0.33333334 = | 0.33333334:UK x:UK +:UK 0.083333336:ton *:ton 0.33333334:ton =:ton
EXPR: 0 | POS | FRA | 22 | 0.75 | 0.916666664 | (0.33333334/(0.083333336+x))=0.33333334 | 0.33333334 0.083333336 x + / 0.33333334 = | 0.33333334:UK 0.083333336:ton x:ton +:ton /:UK 0.33333334:UK =:UK
EXPR: 1 | POS | FRA | 22 | 0.75 | 0.750000016 | (x-(0.33333334+0.083333336))=0.33333334 | x 0.33333334 0.083333336 + - 0.33333334 = | x:ton 0.33333334:ton 0.083333336:ton +:ton -:ton 0.33333334:ton =:ton
EXPR: 0 | POS | FRA | 22 | 0.75 | 0.083333336 | ((0.33333334+0.083333336)-x)=0.33333334 | 0.33333334 0.083333336 + x - 0.33333334 = | 0.33333334:ton 0.083333336:ton +:ton x:ton -:ton 0.33333334:ton =:ton
EXPR: 0 | POS | FRA | 22 | 0.75 | 0.79999998208 | ((0.33333334+0.083333336)*x)=0.33333334 | 0.33333334 0.083333336 + x * 0.33333334 = | 0.33333334:UK 0.083333336:UK +:UK x:ton *:ton 0.33333334:ton =:ton
EXPR: 0 | POS | FRA | 22 | 0.75 | 0.083333336 | ((0.33333334-x)+0.083333336)=0.33333334 | 0.33333334 x - 0.083333336 + 0.33333334 = | 0.33333334:ton x:ton -:ton 0.083333336:ton +:ton 0.33333334:ton =:ton
EXPR: 0 | POS | FRA | 22 | 0.75 | 0.083333336 | (0.33333334+(0.083333336-x))=0.33333334 | 0.33333334 0.083333336 x - + 0.33333334 = | 0.33333334:ton 0.083333336:ton x:ton -:ton +:ton 0.33333334:ton =:ton
EXPR: 0 | POS | FRA | 22 | 0.75 | 1.250000028 | 0.33333334=((0.33333334+0.083333336)/x) | 0.33333334 0.33333334 0.083333336 + x / = | 0.33333334:UK 0.33333334:UK 0.083333336:UK +:UK x:ton /:UK =:UK
EXPR: 1 | POS | FRA | 22 | 0.75 | 0.75 | 0.33333334=((0.33333334-0.083333336)/x) | 0.33333334 0.33333334 0.083333336 - x / = | 0.33333334:UK 0.33333334:UK 0.083333336:UK -:UK x:ton /:UK =:UK
EXPR: 0 | POS | FRA | 22 | 0.75 | 0.083333336 | ((x+0.33333334)-0.083333336)=0.33333334 | x 0.33333334 + 0.083333336 - 0.33333334 = | x:ton 0.33333334:ton +:ton 0.083333336:ton -:ton 0.33333334:ton =:ton
EXPR: 0 | POS | FRA | 22 | 0.75 | 0.083333336 | (0.33333334-(0.083333336-x))=0.33333334 | 0.33333334 0.083333336 x - - 0.33333334 = | 0.33333334:ton 0.083333336:ton x:ton -:ton -:ton 0.33333334:ton =:ton
EXPR: 0 | POS | FRA | 22 | 0.75 | 4.333333292 | ((x-0.33333334)*0.083333336)=0.33333334 | x 0.33333334 - 0.083333336 * 0.33333334 = | x:UK 0.33333334:UK -:UK 0.083333336:ton *:ton 0.33333334:ton =:ton
EXPR: 0 | POS | FRA | 22 | 0.75 | 1.33333333333333 | (0.33333334-(0.33333334/x))=0.083333336 | 0.33333334 0.33333334 x / - 0.083333336 = | 0.33333334:UK 0.33333334:UK x:ton /:UK -:UK 0.083333336:UK =:UK
EXPR: 0 | POS | INT | 22 | 0.75 | 0 | 0.33333334=(0.33333334+(x*0.083333336)) | 0.33333334 0.33333334 x 0.083333336 * + = | 0.33333334:UK 0.33333334:UK x:ton 0.083333336:UK *:UK +:UK =:UK
EXPR: 0 | POS | INT | 22 | 0.75 | 0 | 0.33333334=(0.33333334-(x*0.083333336)) | 0.33333334 0.33333334 x 0.083333336 * - = | 0.33333334:UK 0.33333334:UK x:ton 0.083333336:UK *:UK -:UK =:UK
EXPR: 0 | POS | FRA | 22 | 0.75 | 0.361111119222222 | (0.33333334*0.083333336)=(x-0.33333334) | 0.33333334 0.083333336 * x 0.33333334 - = | 0.33333334:UK 0.083333336:ton *:ton x:ton 0.33333334:ton -:ton =:ton
EXPR: 1 | POS | FRA | 22 | 0.75 | 0.750000016 | ((x-0.33333334)-0.083333336)=0.33333334 | x 0.33333334 - 0.083333336 - 0.33333334 = | x:ton 0.33333334:ton -:ton 0.083333336:ton -:ton 0.33333334:ton =:ton
EXPR: 0 | POS | FRA | 22 | 0.75 | 0.583333344 | ((x-0.33333334)+0.083333336)=0.33333334 | x 0.33333334 - 0.083333336 + 0.33333334 = | x:ton 0.33333334:ton -:ton 0.083333336:ton +:ton 0.33333334:ton =:ton
EXPR: 0 | POS | FRA | 22 | 0.75 | 0.79999998208 | 0.33333334=((0.33333334/x)-0.083333336) | 0.33333334 0.33333334 x / 0.083333336 - = | 0.33333334:ton 0.33333334:ton x:UK /:ton 0.083333336:ton -:ton =:ton
EXPR: 0 | POS | FRA | 22 | 0.75 | 1.33333333333333 | 0.33333334=((0.33333334/x)+0.083333336) | 0.33333334 0.33333334 x / 0.083333336 + = | 0.33333334:ton 0.33333334:ton x:UK /:ton 0.083333336:ton +:ton =:ton
EXPR: 0 | POS | INT | 22 | 0.75 | 12 | (x*0.33333334)=(0.33333334/0.083333336) | x 0.33333334 * 0.33333334 0.083333336 / = | x:ton 0.33333334:UK *:UK 0.33333334:UK 0.083333336:ton /:UK =:UK
EXPR: 0 | POS | FRA | 22 | 0.75 | 0.305555560777778 | 0.33333334=((0.33333334-x)/0.083333336) | 0.33333334 0.33333334 x - 0.083333336 / = | 0.33333334:UK 0.33333334:UK x:UK -:UK 0.083333336:ton /:UK =:UK
EXPR: 0 | POS | FRA | 22 | 0.75 | 0.583333344 | (x-0.33333334)=(0.33333334-0.083333336) | x 0.33333334 - 0.33333334 0.083333336 - = | x:ton 0.33333334:ton -:ton 0.33333334:ton 0.083333336:ton -:ton =:ton
EXPR: 0 | POS | FRA | 22 | 0.75 | 0.583333344 | 0.33333334=((x+0.083333336)-0.33333334) | 0.33333334 x 0.083333336 + 0.33333334 - = | 0.33333334:ton x:ton 0.083333336:ton +:ton 0.33333334:ton -:ton =:ton
EXPR: 0 | POS | FRA | 22 | 0.75 | 0.083333336 | (x+0.33333334)=(0.33333334+0.083333336) | x 0.33333334 + 0.33333334 0.083333336 + = | x:ton 0.33333334:ton +:ton 0.33333334:ton 0.083333336:ton +:ton =:ton
EXPR: 0 | POS | FRA | 22 | 0.75 | 0.305555560777778 | (0.33333334-x)=(0.33333334*0.083333336) | 0.33333334 x - 0.33333334 0.083333336 * = | 0.33333334:ton x:ton -:ton 0.33333334:UK 0.083333336:ton *:ton =:ton
EXPR: 0 | POS | FRA | 22 | 0.75 | 0.083333336 | (0.33333334-(x-0.083333336))=0.33333334 | 0.33333334 x 0.083333336 - - 0.33333334 = | 0.33333334:ton x:ton 0.083333336:ton -:ton -:ton 0.33333334:ton =:ton
EXPR: 0 | POS | FRA | 22 | 0.75 | 0.583333344 | 0.33333334=((0.083333336+x)-0.33333334) | 0.33333334 0.083333336 x + 0.33333334 - = | 0.33333334:ton 0.083333336:ton x:ton +:ton 0.33333334:ton -:ton =:ton
EXPR: 0 | POS | INT | 22 | 0.75 | 7.999999904 | ((0.33333334+0.33333334)/x)=0.083333336 | 0.33333334 0.33333334 + x / 0.083333336 = | 0.33333334:UK 0.33333334:UK +:UK x:ton /:UK 0.083333336:UK =:UK
EXPR: 0 | POS | FRA | 22 | 0.75 | 0.083333336 | ((0.33333334+x)-0.083333336)=0.33333334 | 0.33333334 x + 0.083333336 - 0.33333334 = | 0.33333334:ton x:ton +:ton 0.083333336:ton -:ton 0.33333334:ton =:ton
EXPR: 0 | POS | FRA | 22 | 0.75 | 0.0833333333333333 | (0.33333334*x)=(0.33333334*0.083333336) | 0.33333334 x * 0.33333334 0.083333336 * = | 0.33333334:UK x:ton *:ton 0.33333334:UK 0.083333336:ton *:ton =:ton
EXPR: 0 | POS | FRA | 22 | 0.75 | 1.33333329066667 | (0.33333334*0.33333334)=(x*0.083333336) | 0.33333334 0.33333334 * x 0.083333336 * = | 0.33333334:UK 0.33333334:ton *:ton x:UK 0.083333336:ton *:ton =:ton
EXPR: 1 | POS | FRA | 22 | 0.75 | 0.750000016 | (x-0.33333334)=(0.33333334+0.083333336) | x 0.33333334 - 0.33333334 0.083333336 + = | x:ton 0.33333334:ton -:ton 0.33333334:ton 0.083333336:ton +:ton =:ton
EXPR: 0 | POS | FRA | 22 | 0.75 | 1.33333333333333 | (x*(0.33333334-0.083333336))=0.33333334 | x 0.33333334 0.083333336 - * 0.33333334 = | x:ton 0.33333334:UK 0.083333336:UK -:UK *:ton 0.33333334:ton =:ton
EXPR: 0 | POS | FRA | 22 | 0.75 | 1.33333333333333 | ((0.33333334-0.083333336)*x)=0.33333334 | 0.33333334 0.083333336 - x * 0.33333334 = | 0.33333334:UK 0.083333336:UK -:UK x:ton *:ton 0.33333334:ton =:ton
EXPR: 0 | POS | FRA | 22 | 0.75 | 0.0833333333333333 | (x*0.33333334)=(0.33333334*0.083333336) | x 0.33333334 * 0.33333334 0.083333336 * = | x:ton 0.33333334:UK *:UK 0.33333334:UK 0.083333336:ton *:UK =:UK
EXPR: 0 | POS | FRA | 22 | 0.75 | 0.0833333333333333 | (x/(0.33333334-0.083333336))=0.33333334 | x 0.33333334 0.083333336 - / 0.33333334 = | x:ton 0.33333334:UK 0.083333336:UK -:UK /:ton 0.33333334:ton =:ton
EXPR: 0 | POS | INT | 22 | 0.75 | 12 | (0.33333334/x)=(0.33333334*0.083333336) | 0.33333334 x / 0.33333334 0.083333336 * = | 0.33333334:UK x:ton /:UK 0.33333334:UK 0.083333336:ton *:UK =:UK
EXPR: 0 | POS | FRA | 22 | 0.75 | 1.33333329066667 | (0.33333334*0.33333334)=(0.083333336*x) | 0.33333334 0.33333334 * 0.083333336 x * = | 0.33333334:UK 0.33333334:ton *:ton 0.083333336:UK x:ton *:ton =:ton
EXPR: 0 | POS | FRA | 22 | 0.75 | 0.083333336 | (0.33333334+(x-0.083333336))=0.33333334 | 0.33333334 x 0.083333336 - + 0.33333334 = | 0.33333334:ton x:ton 0.083333336:ton -:ton +:ton 0.33333334:ton =:ton
EXPR: 0 | POS | INT | 22 | 0.75 | - | ((0.33333334-0.33333334)/x)=0.083333336 | 0.33333334 0.33333334 - x / 0.083333336 = | 0.33333334:ton 0.33333334:ton -:ton x:UK /:ton 0.083333336:ton =:ton
EXPR: 0 | POS | FRA | 22 | 0.75 | 1.083333336 | (0.33333334/(x-0.083333336))=0.33333334 | 0.33333334 x 0.083333336 - / 0.33333334 = | 0.33333334:UK x:ton 0.083333336:ton -:ton /:UK 0.33333334:UK =:UK
EXPR: 0 | POS | FRA | 22 | 0.75 | 3.666666612 | 0.33333334=((0.33333334/0.083333336)-x) | 0.33333334 0.33333334 0.083333336 / x - = | 0.33333334:ton 0.33333334:ton 0.083333336:UK /:ton x:ton -:ton =:ton
EXPR: 0 | POS | FRA | 22 | 0.75 | 0.083333336 | ((0.33333334-0.083333336)+x)=0.33333334 | 0.33333334 0.083333336 - x + 0.33333334 = | 0.33333334:ton 0.083333336:ton -:ton x:ton +:ton 0.33333334:ton =:ton
EXPR: 0 | POS | FRA | 22 | 0.75 | 4.33333333333333 | 0.33333334=(x-(0.33333334/0.083333336)) | 0.33333334 x 0.33333334 0.083333336 / - = | 0.33333334:UK x:UK 0.33333334:UK 0.083333336:ton /:UK -:UK =:UK
EXPR: 0 | POS | FRA | 22 | 0.75 | 0.583333344 | 0.33333334=((0.083333336-0.33333334)+x) | 0.33333334 0.083333336 0.33333334 - x + = | 0.33333334:ton 0.083333336:ton 0.33333334:ton -:ton x:ton +:ton =:ton
EXPR: 0 | POS | INT | 22 | 0.75 | 11.999999616 | (0.33333334/0.33333334)=(x*0.083333336) | 0.33333334 0.33333334 / x 0.083333336 * = | 0.33333334:UK 0.33333334:ton /:UK x:UK 0.083333336:ton *:UK =:UK
EXPR: 0 | POS | FRA | 22 | 0.75 | 0.00925925955555557 | (0.33333334*0.33333334)=(x/0.083333336) | 0.33333334 0.33333334 * x 0.083333336 / = | 0.33333334:UK 0.33333334:ton *:UK x:UK 0.083333336:ton /:UK =:UK
EXPR: 0 | POS | FRA | 22 | 0.75 | 0.0833333360000001 | (0.33333334/0.33333334)=(x/0.083333336) | 0.33333334 0.33333334 / x 0.083333336 / = | 0.33333334:UK 0.33333334:ton /:UK x:UK 0.083333336:ton /:UK =:UK
EXPR: 0 | POS | INT | 22 | 0.75 | 0 | 0.33333334=(0.33333334+(0.083333336*x)) | 0.33333334 0.33333334 0.083333336 x * + = | 0.33333334:UK 0.33333334:UK 0.083333336:UK x:ton *:UK +:UK =:UK
EXPR: 0 | POS | FRA | 22 | 0.75 | 0.083333336 | 0.33333334=((0.083333336-x)+0.33333334) | 0.33333334 0.083333336 x - 0.33333334 + = | 0.33333334:ton 0.083333336:ton x:ton -:ton 0.33333334:ton +:ton =:ton
EXPR: 0 | POS | INT | 22 | 0.75 | 12 | (0.33333334*x)=(0.33333334/0.083333336) | 0.33333334 x * 0.33333334 0.083333336 / = | 0.33333334:UK x:ton *:UK 0.33333334:UK 0.083333336:ton /:UK =:UK
EXPR: 0 | POS | INT | 22 | 0.75 | 11.999999616 | (0.33333334/0.33333334)=(0.083333336*x) | 0.33333334 0.33333334 / 0.083333336 x * = | 0.33333334:UK 0.33333334:ton /:UK 0.083333336:UK x:ton *:UK =:UK
EXPR: 0 | POS | INT | 22 | 0.75 | - | 0.33333334=(0.33333334+(0.083333336/x)) | 0.33333334 0.33333334 0.083333336 x / + = | 0.33333334:UK 0.33333334:UK 0.083333336:UK x:ton /:UK +:UK =:UK
EXPR: 0 | POS | INT | 22 | 0.75 | 0 | 0.33333334=(0.33333334-(0.083333336*x)) | 0.33333334 0.33333334 0.083333336 x * - = | 0.33333334:ton 0.33333334:ton 0.083333336:UK x:ton *:ton -:ton =:ton
EXPR: 0 | POS | INT | 22 | 0.75 | 0 | 0.33333334=(0.33333334-(x/0.083333336)) | 0.33333334 0.33333334 x 0.083333336 / - = | 0.33333334:UK 0.33333334:UK x:UK 0.083333336:ton /:UK -:UK =:UK
EXPR: 1 | POS | FRA | 22 | 0.75 | 0.750000024 | (0.33333334*0.33333334)=(0.083333336/x) | 0.33333334 0.33333334 * 0.083333336 x / = | 0.33333334:UK 0.33333334:ton *:UK 0.083333336:UK x:ton /:UK =:UK
EXPR: 0 | POS | INT | 22 | 0.75 | - | 0.33333334=(0.33333334-(0.083333336/x)) | 0.33333334 0.33333334 0.083333336 x / - = | 0.33333334:UK 0.33333334:UK 0.083333336:UK x:ton /:UK -:UK =:UK
EXPR: 0 | POS | INT | 22 | 0.75 | 0 | 0.33333334=(0.33333334+(x/0.083333336)) | 0.33333334 0.33333334 x 0.083333336 / + = | 0.33333334:UK 0.33333334:UK x:UK 0.083333336:ton /:UK +:UK =:UK
EXPR: 0 | POS | FRA | 22 | 0.75 | 0.0833333333333333 | (0.33333334/x)=(0.33333334/0.083333336) | 0.33333334 x / 0.33333334 0.083333336 / = | 0.33333334:UK x:ton /:UK 0.33333334:UK 0.083333336:ton /:UK =:UK
EXPR: 0 | POS | FRA | 22 | 0.75 | 0.083333336 | 0.33333334=((x-0.083333336)+0.33333334) | 0.33333334 x 0.083333336 - 0.33333334 + = | 0.33333334:ton x:ton 0.083333336:ton -:ton 0.33333334:ton +:ton =:ton
EXPR: 1 | POS | FRA | 22 | 0.75 | 0.750000016 | (0.33333334+0.33333334)=(x-0.083333336) | 0.33333334 0.33333334 + x 0.083333336 - = | 0.33333334:ton 0.33333334:ton +:ton x:ton 0.083333336:ton -:ton =:ton
EXPR: 0 | POS | FRA | 22 | 0.75 | 0.583333344 | (0.33333334+0.33333334)=(x+0.083333336) | 0.33333334 0.33333334 + x 0.083333336 + = | 0.33333334:ton 0.33333334:ton +:ton x:ton 0.083333336:ton +:ton =:ton
EXPR: 0 | POS | FRA | 22 | 0.75 | 0.083333336 | 0.33333334=(0.083333336+(0.33333334-x)) | 0.33333334 0.083333336 0.33333334 x - + = | 0.33333334:ton 0.083333336:ton 0.33333334:ton x:ton -:ton +:ton =:ton
EXPR: 0 | POS | FRA | 22 | 0.75 | 0.083333336 | (0.33333334-x)=(0.33333334-0.083333336) | 0.33333334 x - 0.33333334 0.083333336 - = | 0.33333334:ton x:ton -:ton 0.33333334:ton 0.083333336:ton -:ton =:ton
EXPR: 0 | POS | FRA | 22 | 0.75 | 0.083333336 | (0.33333334/0.33333334)=(0.083333336/x) | 0.33333334 0.33333334 / 0.083333336 x / = | 0.33333334:UK 0.33333334:ton /:UK 0.083333336:UK x:ton /:UK =:UK
EXPR: 1 | POS | FRA | 22 | 0.75 | 0.750000016 | 0.33333334=((x-0.083333336)-0.33333334) | 0.33333334 x 0.083333336 - 0.33333334 - = | 0.33333334:ton x:ton 0.083333336:ton -:ton 0.33333334:ton -:ton =:ton
EXPR: 0 | POS | FRA | 22 | 0.75 | 0.305555560777778 | (0.33333334*0.083333336)=(0.33333334-x) | 0.33333334 0.083333336 * 0.33333334 x - = | 0.33333334:UK 0.083333336:ton *:ton 0.33333334:ton x:ton -:ton =:ton
EXPR: 0 | POS | FRA | 22 | 0.75 | 0.00925925925925926 | (x/0.33333334)=(0.33333334*0.083333336) | x 0.33333334 / 0.33333334 0.083333336 * = | x:ton 0.33333334:UK /:ton 0.33333334:ton 0.083333336:UK *:ton =:ton
EXPR: 0 | POS | FRA | 22 | 0.75 | 0.916666664 | (0.33333334/(x+0.083333336))=0.33333334 | 0.33333334 x 0.083333336 + / 0.33333334 = | 0.33333334:UK x:ton 0.083333336:ton +:ton /:UK 0.33333334:UK =:UK
EXPR: 0 | POS | FRA | 22 | 0.75 | 0.583333344 | (0.33333334+0.33333334)=(0.083333336+x) | 0.33333334 0.33333334 + 0.083333336 x + = | 0.33333334:ton 0.33333334:ton +:ton 0.083333336:ton x:ton +:ton =:ton
EXPR: 0 | POS | FRA | 22 | 0.75 | 0.583333344 | 0.33333334=(0.083333336+(x-0.33333334)) | 0.33333334 0.083333336 x 0.33333334 - + = | 0.33333334:ton 0.083333336:ton x:ton 0.33333334:ton -:ton +:ton =:ton
EXPR: 0 | POS | FRA | 22 | 0.75 | 0.916666682333334 | 0.33333334=((x+0.083333336)*0.33333334) | 0.33333334 x 0.083333336 + 0.33333334 * = | 0.33333334:UK x:ton 0.083333336:ton +:ton 0.33333334:UK *:UK =:UK
EXPR: 0 | POS | FRA | 22 | 0.75 | 1.08333335766667 | 0.33333334=((x-0.083333336)*0.33333334) | 0.33333334 x 0.083333336 - 0.33333334 * = | 0.33333334:UK x:ton 0.083333336:ton -:ton 0.33333334:UK *:UK =:UK
EXPR: 0 | POS | FRA | 22 | 0.75 | 0.083333336 | (0.33333334-0.33333334)=(0.083333336-x) | 0.33333334 0.33333334 - 0.083333336 x - = | 0.33333334:ton 0.33333334:ton -:ton 0.083333336:ton x:ton -:ton =:ton
EXPR: 0 | POS | FRA | 22 | 0.75 | 0.083333336 | (0.33333334-0.33333334)=(x-0.083333336) | 0.33333334 0.33333334 - x 0.083333336 - = | 0.33333334:ton 0.33333334:ton -:ton x:ton 0.083333336:ton -:ton =:ton
EXPR: 0 | POS | FRA | 22 | 0.75 | 0.79999998208 | (x*(0.33333334+0.083333336))=0.33333334 | x 0.33333334 0.083333336 + * 0.33333334 = | x:ton 0.33333334:UK 0.083333336:UK +:UK *:ton 0.33333334:ton =:ton
EXPR: 0 | POS | FRA | 22 | 0.75 | 0.138888892 | (x/(0.33333334+0.083333336))=0.33333334 | x 0.33333334 0.083333336 + / 0.33333334 = | x:ton 0.33333334:UK 0.083333336:UK +:UK /:ton 0.33333334:ton =:ton
EXPR: 0 | POS | FRA | 22 | 0.75 | 0.583333344 | 0.33333334=(0.083333336-(0.33333334-x)) | 0.33333334 0.083333336 0.33333334 x - - = | 0.33333334:ton 0.083333336:ton 0.33333334:ton x:ton -:ton -:ton =:ton
EXPR: 0 | POS | FRA | 22 | 0.75 | 0.916666682333334 | 0.33333334=((0.083333336+x)*0.33333334) | 0.33333334 0.083333336 x + 0.33333334 * = | 0.33333334:UK 0.083333336:ton x:ton +:ton 0.33333334:UK *:UK =:UK
EXPR: 0 | POS | FRA | 22 | 0.75 | 0.916666666666667 | (0.33333334/0.33333334)=(x+0.083333336) | 0.33333334 0.33333334 / x 0.083333336 + = | 0.33333334:ton 0.33333334:UK /:ton x:ton 0.083333336:ton +:ton =:ton
EXPR: 0 | POS | FRA | 22 | 0.75 | 1.08333333333333 | (0.33333334/0.33333334)=(x-0.083333336) | 0.33333334 0.33333334 / x 0.083333336 - = | 0.33333334:ton 0.33333334:UK /:ton x:ton 0.083333336:ton -:ton =:ton
EXPR: 0 | POS | FRA | 22 | 0.75 | 0.083333336 | (0.33333334+x)=(0.33333334+0.083333336) | 0.33333334 x + 0.33333334 0.083333336 + = | 0.33333334:ton x:ton +:ton 0.33333334:ton 0.083333336:ton +:ton =:ton
EXPR: 0 | POS | FRA | 22 | 0.75 | 0.79999998208 | ((0.33333334/x)-0.33333334)=0.083333336 | 0.33333334 x / 0.33333334 - 0.083333336 = | 0.33333334:ton x:UK /:ton 0.33333334:ton -:ton 0.083333336:ton =:ton
EXPR: 0 | POS | FRA | 22 | 0.75 | 1.33333333333333 | (x/0.33333334)=(0.33333334/0.083333336) | x 0.33333334 / 0.33333334 0.083333336 / = | x:ton 0.33333334:UK /:ton 0.33333334:ton 0.083333336:UK /:ton =:ton
EXPR: 0 | POS | FRA | 22 | 0.75 | 0.916666666666667 | (0.33333334/0.33333334)=(0.083333336+x) | 0.33333334 0.33333334 / 0.083333336 x + = | 0.33333334:ton 0.33333334:UK /:ton 0.083333336:ton x:ton +:ton =:ton
EXPR: 0 | POS | FRA | 22 | 0.75 | 0.361111119222222 | (x-0.33333334)=(0.33333334*0.083333336) | x 0.33333334 - 0.33333334 0.083333336 * = | x:ton 0.33333334:ton -:ton 0.33333334:UK 0.083333336:ton *:ton =:ton
EXPR: 0 | POS | FRA | 22 | 0.75 | 3.666666612 | 0.33333334=(0.083333336*(x+0.33333334)) | 0.33333334 0.083333336 x 0.33333334 + * = | 0.33333334:UK 0.083333336:UK x:ton 0.33333334:ton +:ton *:UK =:UK
EXPR: 0 | POS | FRA | 22 | 0.75 | 0.583333344 | 0.33333334=(x+(0.083333336-0.33333334)) | 0.33333334 x 0.083333336 0.33333334 - + = | 0.33333334:ton x:ton 0.083333336:ton 0.33333334:ton -:ton +:ton =:ton
EXPR: 0 | POS | FRA | 22 | 0.75 | 4.333333292 | 0.33333334=(0.083333336*(x-0.33333334)) | 0.33333334 0.083333336 x 0.33333334 - * = | 0.33333334:UK 0.083333336:UK x:ton 0.33333334:ton -:ton *:UK =:UK
EXPR: 0 | POS | FRA | 22 | 0.75 | 0.083333336 | 0.33333334=(x-(0.083333336-0.33333334)) | 0.33333334 x 0.083333336 0.33333334 - - = | 0.33333334:ton x:ton 0.083333336:ton 0.33333334:ton -:ton -:ton =:ton
EXPR: 0 | POS | FRA | 22 | 0.75 | 0.083333336 | 0.33333334=(0.083333336-(x-0.33333334)) | 0.33333334 0.083333336 x 0.33333334 - - = | 0.33333334:ton 0.083333336:ton x:ton 0.33333334:ton -:ton -:ton =:ton
EXPR: 0 | POS | FRA | 22 | 0.75 | 0.583333341333333 | 0.33333334=(0.083333336/(x-0.33333334)) | 0.33333334 0.083333336 x 0.33333334 - / = | 0.33333334:UK 0.083333336:UK x:ton 0.33333334:ton -:ton /:UK =:UK
EXPR: 0 | POS | FRA | 22 | 0.75 | 3.666666612 | 0.33333334=(0.083333336*(0.33333334+x)) | 0.33333334 0.083333336 0.33333334 x + * = | 0.33333334:UK 0.083333336:UK 0.33333334:ton x:ton +:ton *:UK =:UK
EXPR: 0 | POS | FRA | 22 | 0.75 | 0.0833333253333333 | 0.33333334=(0.083333336/(0.33333334-x)) | 0.33333334 0.083333336 0.33333334 x - / = | 0.33333334:UK 0.083333336:UK 0.33333334:ton x:ton -:ton /:UK =:UK
EXPR: 0 | POS | FRA | 25 | 0.75 | 1.25 | ((0.33333334+0.083333336)/0.33333334)=x | 0.33333334 0.083333336 + 0.33333334 / x = | 0.33333334:ton 0.083333336:ton +:ton 0.33333334:UK /:ton x:ton =:ton
EXPR: 0 | POS | FRA | 25 | 0.75 | 0.194444451555556 | x=(0.083333336+(0.33333334*0.33333334)) | x 0.083333336 0.33333334 0.33333334 * + = | x:ton 0.083333336:ton 0.33333334:UK 0.33333334:ton *:ton +:ton =:ton
EXPR: 0 | POS | FRA | 25 | 0.75 | 0.583333343 | (0.33333334+(0.083333336/0.33333334))=x | 0.33333334 0.083333336 0.33333334 / + x = | 0.33333334:ton 0.083333336:ton 0.33333334:UK /:ton +:ton x:ton =:ton
EXPR: 0 | POS | FRA | 25 | 0.75 | 0.583333343 | ((0.083333336/0.33333334)+0.33333334)=x | 0.083333336 0.33333334 / 0.33333334 + x = | 0.083333336:ton 0.33333334:UK /:ton 0.33333334:ton +:ton x:ton =:ton
EXPR: 1 | POS | FRA | 25 | 0.75 | 0.75 | x=((0.33333334-0.083333336)/0.33333334) | x 0.33333334 0.083333336 - 0.33333334 / = | x:ton 0.33333334:ton 0.083333336:ton -:ton 0.33333334:UK /:ton =:ton
EXPR: 0 | POS | FRA | 25 | 0.75 | 0.583333343 | x=(0.33333334+(0.083333336/0.33333334)) | x 0.33333334 0.083333336 0.33333334 / + = | x:ton 0.33333334:ton 0.083333336:ton 0.33333334:UK /:ton +:ton =:ton
EXPR: 0 | POS | FRA | 25 | 0.75 | 0.194444451555556 | (0.083333336+(0.33333334*0.33333334))=x | 0.083333336 0.33333334 0.33333334 * + x = | 0.083333336:ton 0.33333334:UK 0.33333334:ton *:ton +:ton x:ton =:ton
EXPR: 0 | POS | FRA | 25 | 0.75 | 0.0833333370000001 | x=(0.33333334-(0.083333336/0.33333334)) | x 0.33333334 0.083333336 0.33333334 / - = | x:ton 0.33333334:ton 0.083333336:ton 0.33333334:UK /:ton -:ton =:ton
EXPR: 0 | POS | FRA | 25 | 0.75 | 1.25 | x=((0.33333334+0.083333336)/0.33333334) | x 0.33333334 0.083333336 + 0.33333334 / = | x:ton 0.33333334:ton 0.083333336:ton +:ton 0.33333334:UK /:ton =:ton
EXPR: 0 | POS | FRA | 25 | 0.75 | 0.0833333370000001 | (0.33333334-(0.083333336/0.33333334))=x | 0.33333334 0.083333336 0.33333334 / - x = | 0.33333334:ton 0.083333336:ton 0.33333334:UK /:ton -:ton x:ton =:ton
EXPR: 1 | POS | FRA | 25 | 0.75 | 0.75 | ((0.33333334-0.083333336)/0.33333334)=x | 0.33333334 0.083333336 - 0.33333334 / x = | 0.33333334:ton 0.083333336:ton -:ton 0.33333334:UK /:ton x:ton =:ton
EXPR: 0 | POS | FRA | 25 | 0.75 | 0.583333343 | x=((0.083333336/0.33333334)+0.33333334) | x 0.083333336 0.33333334 / 0.33333334 + = | x:ton 0.083333336:ton 0.33333334:UK /:ton 0.33333334:ton +:ton =:ton
EXPR: 0 | POS | FRA | 27 | 0.75 | 1.250000028 | 0.083333336=((0.33333334*x)-0.33333334) | 0.083333336 0.33333334 x * 0.33333334 - = | 0.083333336:ton 0.33333334:UK x:ton *:ton 0.33333334:ton -:ton =:ton
EXPR: 1 | POS | FRA | 27 | 0.75 | 0.75 | (0.083333336+(0.33333334*x))=0.33333334 | 0.083333336 0.33333334 x * + 0.33333334 = | 0.083333336:ton 0.33333334:UK x:ton *:ton +:ton 0.33333334:ton =:ton
EXPR: 0 | POS | FRA | 27 | 0.75 | 0.0833333370000001 | ((0.083333336/0.33333334)+x)=0.33333334 | 0.083333336 0.33333334 / x + 0.33333334 = | 0.083333336:ton 0.33333334:UK /:ton x:ton +:ton 0.33333334:ton =:ton
EXPR: 1 | POS | FRA | 27 | 0.75 | 0.75 | 0.33333334=(0.083333336+(x*0.33333334)) | 0.33333334 0.083333336 x 0.33333334 * + = | 0.33333334:ton 0.083333336:ton x:ton 0.33333334:UK *:ton +:ton =:ton
EXPR: 0 | POS | FRA | 27 | 0.75 | 0.0833333333333333 | 0.33333334=(0.083333336+(x/0.33333334)) | 0.33333334 0.083333336 x 0.33333334 / + = | 0.33333334:ton 0.083333336:ton x:ton 0.33333334:UK /:ton +:ton =:ton
EXPR: 0 | POS | FRA | 27 | 0.75 | 0.0833333370000001 | 0.33333334=(x+(0.083333336/0.33333334)) | 0.33333334 x 0.083333336 0.33333334 / + = | 0.33333334:ton x:ton 0.083333336:ton 0.33333334:UK /:ton +:ton =:ton
EXPR: 0 | POS | FRA | 27 | 0.75 | 0.0277777795555556 | 0.083333336=((0.33333334*0.33333334)-x) | 0.083333336 0.33333334 0.33333334 * x - = | 0.083333336:ton 0.33333334:UK 0.33333334:ton *:ton x:ton -:ton =:ton
EXPR: 0 | POS | FRA | 27 | 0.75 | 0.583333343 | 0.33333334=(x-(0.083333336/0.33333334)) | 0.33333334 x 0.083333336 0.33333334 / - = | 0.33333334:ton x:ton 0.083333336:ton 0.33333334:UK /:ton -:ton =:ton
EXPR: 0 | POS | FRA | 27 | 0.75 | 0.194444451555556 | 0.083333336=(x-(0.33333334*0.33333334)) | 0.083333336 x 0.33333334 0.33333334 * - = | 0.083333336:ton x:ton 0.33333334:UK 0.33333334:ton *:ton -:ton =:ton
EXPR: 0 | POS | FRA | 27 | 0.75 | 0.0833333370000001 | 0.33333334=((0.083333336/0.33333334)+x) | 0.33333334 0.083333336 0.33333334 / x + = | 0.33333334:ton 0.083333336:ton 0.33333334:UK /:ton x:ton +:ton =:ton
EXPR: 0 | POS | FRA | 27 | 0.75 | 0.138888892 | 0.083333336=((x/0.33333334)-0.33333334) | 0.083333336 x 0.33333334 / 0.33333334 - = | 0.083333336:ton x:ton 0.33333334:UK /:ton 0.33333334:ton -:ton =:ton
EXPR: 0 | POS | FRA | 27 | 0.75 | 0.0833333333333333 | (0.083333336+(x/0.33333334))=0.33333334 | 0.083333336 x 0.33333334 / + 0.33333334 = | 0.083333336:ton x:ton 0.33333334:UK /:ton +:ton 0.33333334:ton =:ton
EXPR: 0 | POS | FRA | 27 | 0.75 | 0.583333354666668 | 0.083333336=(0.33333334*(x-0.33333334)) | 0.083333336 0.33333334 x 0.33333334 - * = | 0.083333336:ton 0.33333334:UK x:ton 0.33333334:ton -:ton *:ton =:ton
EXPR: 0 | POS | FRA | 27 | 0.75 | 0.027777779 | ((0.083333336+x)/0.33333334)=0.33333334 | 0.083333336 x + 0.33333334 / 0.33333334 = | 0.083333336:ton x:ton +:ton 0.33333334:UK /:ton 0.33333334:ton =:ton
EXPR: 0 | POS | FRA | 27 | 0.75 | 0.0833333370000001 | (x+(0.083333336/0.33333334))=0.33333334 | x 0.083333336 0.33333334 / + 0.33333334 = | x:ton 0.083333336:ton 0.33333334:UK /:ton +:ton 0.33333334:ton =:ton
EXPR: 0 | POS | FRA | 27 | 0.75 | 0.916666682333334 | ((x+0.083333336)*0.33333334)=0.33333334 | x 0.083333336 + 0.33333334 * 0.33333334 = | x:ton 0.083333336:ton +:ton 0.33333334:UK *:ton 0.33333334:ton =:ton
EXPR: 0 | POS | FRA | 27 | 0.75 | 0.916666682333334 | ((0.083333336+x)*0.33333334)=0.33333334 | 0.083333336 x + 0.33333334 * 0.33333334 = | 0.083333336:ton x:ton +:ton 0.33333334:UK *:ton 0.33333334:ton =:ton
EXPR: 0 | POS | FRA | 27 | 0.75 | 0.027777779 | ((x+0.083333336)/0.33333334)=0.33333334 | x 0.083333336 + 0.33333334 / 0.33333334 = | x:ton 0.083333336:ton +:ton 0.33333334:UK /:ton 0.33333334:ton =:ton
EXPR: 0 | POS | FRA | 27 | 0.75 | 1.250000028 | 0.083333336=((x*0.33333334)-0.33333334) | 0.083333336 x 0.33333334 * 0.33333334 - = | 0.083333336:ton x:ton 0.33333334:UK *:ton 0.33333334:ton -:ton =:ton
EXPR: 0 | POS | FRA | 27 | 0.75 | 1.08333335766667 | ((x-0.083333336)*0.33333334)=0.33333334 | x 0.083333336 - 0.33333334 * 0.33333334 = | x:ton 0.083333336:ton -:ton 0.33333334:UK *:ton 0.33333334:ton =:ton
EXPR: 0 | POS | FRA | 27 | 0.75 | 0.194444447666667 | ((x-0.083333336)/0.33333334)=0.33333334 | x 0.083333336 - 0.33333334 / 0.33333334 = | x:ton 0.083333336:ton -:ton 0.33333334:UK /:ton 0.33333334:ton =:ton
EXPR: 0 | POS | FRA | 27 | 0.75 | 0.027777779 | 0.33333334=((x+0.083333336)/0.33333334) | 0.33333334 x 0.083333336 + 0.33333334 / = | 0.33333334:ton x:ton 0.083333336:ton +:ton 0.33333334:UK /:ton =:ton
EXPR: 0 | POS | FRA | 27 | 0.75 | 0.194444447666667 | 0.33333334=((x-0.083333336)/0.33333334) | 0.33333334 x 0.083333336 - 0.33333334 / = | 0.33333334:ton x:ton 0.083333336:ton -:ton 0.33333334:UK /:ton =:ton
EXPR: 1 | POS | FRA | 27 | 0.75 | 0.75 | 0.33333334=(0.083333336+(0.33333334*x)) | 0.33333334 0.083333336 0.33333334 x * + = | 0.33333334:ton 0.083333336:ton 0.33333334:UK x:ton *:ton +:ton =:ton
EXPR: 0 | POS | FRA | 27 | 0.75 | 0.027777779 | 0.33333334=((0.083333336+x)/0.33333334) | 0.33333334 0.083333336 x + 0.33333334 / = | 0.33333334:ton 0.083333336:ton x:ton +:ton 0.33333334:UK /:ton =:ton
EXPR: 0 | POS | FRA | 27 | 0.75 | 0.583333343 | (x-(0.083333336/0.33333334))=0.33333334 | x 0.083333336 0.33333334 / - 0.33333334 = | x:ton 0.083333336:ton 0.33333334:UK /:ton -:ton 0.33333334:ton =:ton
EXPR: 1 | POS | FRA | 27 | 0.75 | 0.75 | (0.083333336+(x*0.33333334))=0.33333334 | 0.083333336 x 0.33333334 * + 0.33333334 = | 0.083333336:ton x:ton 0.33333334:UK *:ton +:ton 0.33333334:ton =:ton
EXPR: 0 | POS | FRA | 27 | 0.75 | 0.0833333386666668 | 0.083333336=(0.33333334*(0.33333334-x)) | 0.083333336 0.33333334 0.33333334 x - * = | 0.083333336:ton 0.33333334:UK 0.33333334:ton x:ton -:ton *:ton =:ton
EXPR: 0 | POS | FRA | 30 | 0.75 | 3.666666612 | x=((0.33333334/0.083333336)-0.33333334) | x 0.33333334 0.083333336 / 0.33333334 - = | x:ton 0.33333334:ton 0.083333336:UK /:ton 0.33333334:ton -:ton =:ton
EXPR: 0 | POS | FRA | 30 | 0.75 | 4.33333333333333 | x=((0.33333334/0.083333336)+0.33333334) | x 0.33333334 0.083333336 / 0.33333334 + = | x:ton 0.33333334:ton 0.083333336:UK /:ton 0.33333334:ton +:ton =:ton
EXPR: 0 | POS | FRA | 30 | 0.75 | 4.33333333333333 | ((0.33333334/0.083333336)+0.33333334)=x | 0.33333334 0.083333336 / 0.33333334 + x = | 0.33333334:UK 0.083333336:ton /:UK 0.33333334:UK +:UK x:UK =:UK
EXPR: 0 | POS | FRA | 30 | 0.75 | 3.666666612 | ((0.33333334/0.083333336)-0.33333334)=x | 0.33333334 0.083333336 / 0.33333334 - x = | 0.33333334:UK 0.083333336:ton /:UK 0.33333334:UK -:UK x:UK =:UK
NET 299 unique, non-negative solutions found out of 1000 total solutions
