parameters: n=9 l=4 k=1 p=5 q=2 m=10
TOTAL 341 solutions found
SOLN: CORRECT | POS/NEG | INT/FRA | OBJ-SCORE | TRUE-ANS | ANS | INFIX | POSTFIX | TYPED-POSTFIX
EXPR: 0 | POS | FRA | 0 | 0.833333 | 0.673611144888889 | ((0.083333336*0.083333336)+(0.6666667/1.0))=x | 0.083333336 0.083333336 * 0.6666667 1.0 / + x = | 0.083333336:mile 0.083333336:UK *:UK 0.6666667:UK 1.0:mile /:UK +:UK x:UK =:UK
EXPR: 0 | POS | FRA | 0 | 0.833333 | 0.673611144888889 | ((0.083333336*0.083333336)+(0.6666667*1.0))=x | 0.083333336 0.083333336 * 0.6666667 1.0 * + x = | 0.083333336:mile 0.083333336:UK *:UK 0.6666667:UK 1.0:mile *:UK +:UK x:UK =:UK
EXPR: 0 | POS | FRA | 0 | 0.833333 | 0.673611144888889 | (((0.083333336*0.083333336)+0.6666667)/1.0)=x | 0.083333336 0.083333336 * 0.6666667 + 1.0 / x = | 0.083333336:mile 0.083333336:UK *:UK 0.6666667:UK +:UK 1.0:mile /:UK x:UK =:UK
EXPR: 0 | POS | FRA | 0 | 0.833333 | 0.673611144888889 | x=((0.083333336*0.083333336)+(0.6666667/1.0)) | x 0.083333336 0.083333336 * 0.6666667 1.0 / + = | x:UK 0.083333336:mile 0.083333336:UK *:UK 0.6666667:UK 1.0:mile /:UK +:UK =:UK
EXPR: 0 | POS | FRA | 0 | 0.833333 | 0.673611144888889 | x=((0.083333336*0.083333336)+(0.6666667*1.0)) | x 0.083333336 0.083333336 * 0.6666667 1.0 * + = | x:UK 0.083333336:mile 0.083333336:UK *:UK 0.6666667:UK 1.0:mile *:UK +:UK =:UK
EXPR: 0 | POS | FRA | 0 | 0.833333 | 0.673611144888889 | x=(((0.083333336*0.083333336)+0.6666667)/1.0) | x 0.083333336 0.083333336 * 0.6666667 + 1.0 / = | x:UK 0.083333336:mile 0.083333336:UK *:UK 0.6666667:UK +:UK 1.0:mile /:UK =:UK
EXPR: 0 | POS | FRA | 0 | 0.833333 | 0.673611144888889 | x=(((0.083333336*0.083333336)+0.6666667)*1.0) | x 0.083333336 0.083333336 * 0.6666667 + 1.0 * = | x:UK 0.083333336:mile 0.083333336:UK *:UK 0.6666667:UK +:UK 1.0:mile *:UK =:UK
EXPR: 0 | POS | FRA | 0 | 0.833333 | 0.673611144888889 | (((0.083333336*0.083333336)+0.6666667)*1.0)=x | 0.083333336 0.083333336 * 0.6666667 + 1.0 * x = | 0.083333336:mile 0.083333336:UK *:UK 0.6666667:UK +:UK 1.0:mile *:UK x:UK =:UK
EXPR: 0 | POS | FRA | 10 | 0.833333 | 0.3333333 | x=(((0.083333336/0.083333336)-0.6666667)*1.0) | x 0.083333336 0.083333336 / 0.6666667 - 1.0 * = | x:UK 0.083333336:UK 0.083333336:mile /:UK 0.6666667:UK -:UK 1.0:mile *:UK =:UK
EXPR: 0 | POS | FRA | 10 | 0.833333 | 0.340277744888889 | (((0.083333336*0.083333336)-0.6666667)+1.0)=x | 0.083333336 0.083333336 * 0.6666667 - 1.0 + x = | 0.083333336:mile 0.083333336:UK *:UK 0.6666667:UK -:UK 1.0:UK +:UK x:UK =:UK
EXPR: 1 | POS | FRA | 10 | 0.833333 | 0.833333372 | x=((0.083333336+0.083333336)+(0.6666667*1.0)) | x 0.083333336 0.083333336 + 0.6666667 1.0 * + = | x:UK 0.083333336:UK 0.083333336:UK +:UK 0.6666667:UK 1.0:mile *:UK +:UK =:UK
EXPR: 1 | POS | FRA | 10 | 0.833333 | 0.833333372 | x=(0.083333336+(0.083333336+(0.6666667/1.0))) | x 0.083333336 0.083333336 0.6666667 1.0 / + + = | x:UK 0.083333336:UK 0.083333336:UK 0.6666667:UK 1.0:mile /:UK +:UK +:UK =:UK
EXPR: 0 | POS | FRA | 10 | 0.833333 | 1.67361114488889 | x=((0.083333336*0.083333336)+(0.6666667+1.0)) | x 0.083333336 0.083333336 * 0.6666667 1.0 + + = | x:UK 0.083333336:mile 0.083333336:UK *:UK 0.6666667:UK 1.0:UK +:UK +:UK =:UK
EXPR: 0 | POS | FRA | 10 | 0.833333 | 0.0115740750462963 | x=((0.083333336*0.083333336)*(0.6666667+1.0)) | x 0.083333336 0.083333336 * 0.6666667 1.0 + * = | x:UK 0.083333336:mile 0.083333336:UK *:UK 0.6666667:mile 1.0:mile +:mile *:UK =:UK
EXPR: 0 | POS | FRA | 12 | 0.833333 | 0.0277777758888888 | 0.083333336=((0.083333336*0.6666667)+(x/1.0)) | 0.083333336 0.083333336 0.6666667 * x 1.0 / + = | 0.083333336:UK 0.083333336:mile 0.6666667:UK *:UK x:UK 1.0:mile /:UK +:UK =:UK
EXPR: 0 | POS | FRA | 20 | 0.833333 | 0.3333333 | ((0.083333336/0.083333336)-(0.6666667*1.0))=x | 0.083333336 0.083333336 / 0.6666667 1.0 * - x = | 0.083333336:UK 0.083333336:mile /:UK 0.6666667:UK 1.0:mile *:UK -:UK x:UK =:UK
EXPR: 0 | POS | FRA | 20 | 0.833333 | 0.3333333 | ((0.083333336/0.083333336)-(0.6666667/1.0))=x | 0.083333336 0.083333336 / 0.6666667 1.0 / - x = | 0.083333336:UK 0.083333336:mile /:UK 0.6666667:UK 1.0:mile /:UK -:UK x:UK =:UK
EXPR: 0 | POS | INT | 20 | 0.833333 | 1 | (((0.083333336-0.083333336)/0.6666667)+1.0)=x | 0.083333336 0.083333336 - 0.6666667 / 1.0 + x = | 0.083333336:mile 0.083333336:mile -:mile 0.6666667:UK /:mile 1.0:mile +:mile x:mile =:mile
EXPR: 0 | POS | FRA | 20 | 0.833333 | 0.131944451222222 | x=(0.083333336*((0.6666667-0.083333336)+1.0)) | x 0.083333336 0.6666667 0.083333336 - 1.0 + * = | x:UK 0.083333336:mile 0.6666667:UK 0.083333336:UK -:UK 1.0:UK +:UK *:UK =:UK
EXPR: 1 | POS | FRA | 20 | 0.833333 | 0.833333372 | x=(0.083333336+((0.083333336+0.6666667)*1.0)) | x 0.083333336 0.083333336 0.6666667 + 1.0 * + = | x:UK 0.083333336:UK 0.083333336:UK 0.6666667:UK +:UK 1.0:mile *:UK +:UK =:UK
EXPR: 1 | POS | FRA | 20 | 0.833333 | 0.833333372 | x=(0.083333336+((0.083333336+0.6666667)/1.0)) | x 0.083333336 0.083333336 0.6666667 + 1.0 / + = | x:UK 0.083333336:UK 0.083333336:UK 0.6666667:UK +:UK 1.0:mile /:UK +:UK =:UK
EXPR: 0 | POS | FRA | 20 | 0.833333 | 0.6666667 | x=(0.083333336+(0.6666667-(0.083333336*1.0))) | x 0.083333336 0.6666667 0.083333336 1.0 * - + = | x:UK 0.083333336:UK 0.6666667:UK 0.083333336:UK 1.0:mile *:UK -:UK +:UK =:UK
EXPR: 0 | POS | FRA | 20 | 0.833333 | 0.222222232111111 | x=(0.083333336+(0.083333336*(0.6666667+1.0))) | x 0.083333336 0.083333336 0.6666667 1.0 + * + = | x:UK 0.083333336:UK 0.083333336:UK 0.6666667:mile 1.0:mile +:mile *:UK +:UK =:UK
EXPR: 0 | POS | FRA | 20 | 0.833333 | 0.1333333366 | x=(0.083333336+(0.083333336/(0.6666667+1.0))) | x 0.083333336 0.083333336 0.6666667 1.0 + / + = | x:UK 0.083333336:UK 0.083333336:UK 0.6666667:mile 1.0:mile +:mile /:UK +:UK =:UK
EXPR: 1 | POS | FRA | 20 | 0.833333 | 0.833333372 | x=((0.083333336+(0.083333336+0.6666667))/1.0) | x 0.083333336 0.083333336 0.6666667 + + 1.0 / = | x:UK 0.083333336:UK 0.083333336:UK 0.6666667:UK +:UK +:UK 1.0:mile /:UK =:UK
EXPR: 1 | POS | FRA | 20 | 0.833333 | 0.833333372 | x=(0.083333336+(0.6666667+(0.083333336/1.0))) | x 0.083333336 0.6666667 0.083333336 1.0 / + + = | x:UK 0.083333336:UK 0.6666667:UK 0.083333336:UK 1.0:mile /:UK +:UK +:UK =:UK
EXPR: 0 | POS | FRA | 22 | 0.833333 | 7.91666680799999 | ((x+0.083333336)*0.083333336)=(0.6666667*1.0) | x 0.083333336 + 0.083333336 * 0.6666667 1.0 * = | x:UK 0.083333336:UK +:UK 0.083333336:mile *:mile 0.6666667:UK 1.0:mile *:mile =:mile
EXPR: 0 | POS | FRA | 30 | 0.833333 | 0.0277777758888888 | ((0.083333336-(0.083333336*0.6666667))*1.0)=x | 0.083333336 0.083333336 0.6666667 * - 1.0 * x = | 0.083333336:mile 0.083333336:UK 0.6666667:mile *:mile -:mile 1.0:UK *:mile x:mile =:mile
EXPR: 0 | POS | FRA | 30 | 0.833333 | 0.138888896111111 | ((0.083333336+(0.083333336*0.6666667))*1.0)=x | 0.083333336 0.083333336 0.6666667 * + 1.0 * x = | 0.083333336:mile 0.083333336:UK 0.6666667:mile *:mile +:mile 1.0:UK *:mile x:mile =:mile
EXPR: 0 | POS | FRA | 30 | 0.833333 | 1.5104165918125 | (((0.083333336*0.083333336)+1.0)/0.6666667)=x | 0.083333336 0.083333336 * 1.0 + 0.6666667 / x = | 0.083333336:mile 0.083333336:UK *:UK 1.0:UK +:UK 0.6666667:mile /:UK x:UK =:UK
EXPR: 0 | POS | FRA | 30 | 0.833333 | 1.02777777588889 | ((0.083333336-(0.083333336*0.6666667))+1.0)=x | 0.083333336 0.083333336 0.6666667 * - 1.0 + x = | 0.083333336:UK 0.083333336:mile 0.6666667:UK *:UK -:UK 1.0:UK +:UK x:UK =:UK
EXPR: 0 | POS | FRA | 30 | 0.833333 | 0.671296330157407 | (((0.083333336*0.083333336)+1.0)*0.6666667)=x | 0.083333336 0.083333336 * 1.0 + 0.6666667 * x = | 0.083333336:mile 0.083333336:UK *:UK 1.0:UK +:UK 0.6666667:mile *:UK x:UK =:UK
EXPR: 0 | POS | FRA | 30 | 0.833333 | 1.50694436988889 | x=((0.083333336*0.083333336)+(1.0/0.6666667)) | x 0.083333336 0.083333336 * 1.0 0.6666667 / + = | x:UK 0.083333336:mile 0.083333336:UK *:UK 1.0:UK 0.6666667:mile /:UK +:UK =:UK
EXPR: 0 | POS | FRA | 30 | 0.833333 | 1.5104165918125 | x=(((0.083333336*0.083333336)+1.0)/0.6666667) | x 0.083333336 0.083333336 * 1.0 + 0.6666667 / = | x:UK 0.083333336:mile 0.083333336:UK *:UK 1.0:UK +:UK 0.6666667:mile /:UK =:UK
EXPR: 0 | POS | INT | 30 | 0.833333 |  | x=((0.083333336-0.083333336)*(0.6666667+1.0)) | x 0.083333336 0.083333336 - 0.6666667 1.0 + * = | x:UK 0.083333336:UK 0.083333336:UK -:UK 0.6666667:mile 1.0:mile +:mile *:UK =:UK
EXPR: 0 | POS | FRA | 30 | 0.833333 | 0.6666667 | x=(((0.083333336-0.083333336)+1.0)*0.6666667) | x 0.083333336 0.083333336 - 1.0 + 0.6666667 * = | x:UK 0.083333336:mile 0.083333336:mile -:mile 1.0:mile +:mile 0.6666667:UK *:UK =:UK
EXPR: 0 | POS | FRA | 30 | 0.833333 | 0.972222224111111 | x=(((0.083333336*0.6666667)-0.083333336)+1.0) | x 0.083333336 0.6666667 * 0.083333336 - 1.0 + = | x:mile 0.083333336:mile 0.6666667:UK *:mile 0.083333336:mile -:mile 1.0:mile +:mile =:mile
EXPR: 0 | POS | FRA | 30 | 0.833333 | 0.6666667 | (((0.083333336-0.083333336)+0.6666667)*1.0)=x | 0.083333336 0.083333336 - 0.6666667 + 1.0 * x = | 0.083333336:mile 0.083333336:mile -:mile 0.6666667:mile +:mile 1.0:UK *:UK x:UK =:UK
EXPR: 0 | POS | FRA | 32 | 0.833333 | 0.6666667 | 0.083333336=((0.083333336+(0.6666667*1.0))-x) | 0.083333336 0.083333336 0.6666667 1.0 * + x - = | 0.083333336:UK 0.083333336:UK 0.6666667:mile 1.0:UK *:UK +:UK x:UK -:UK =:UK
EXPR: 0 | POS | FRA | 32 | 0.833333 | 1.48453600803316 | (((0.083333336*0.083333336)+0.6666667)*x)=1.0 | 0.083333336 0.083333336 * 0.6666667 + x * 1.0 = | 0.083333336:UK 0.083333336:mile *:UK 0.6666667:UK +:UK x:mile *:mile 1.0:mile =:mile
EXPR: 0 | POS | FRA | 35 | 0.833333 | 0.6666667 | (0.083333336+(0.6666667-(0.083333336*1.0)))=x | 0.083333336 0.6666667 0.083333336 1.0 * - + x = | 0.083333336:UK 0.6666667:UK 0.083333336:UK 1.0:mile *:UK -:UK +:UK x:UK =:UK
EXPR: 0 | POS | FRA | 35 | 0.833333 | 0.131944451222222 | (0.083333336*((0.6666667-0.083333336)+1.0))=x | 0.083333336 0.6666667 0.083333336 - 1.0 + * x = | 0.083333336:UK 0.6666667:mile 0.083333336:mile -:mile 1.0:mile +:mile *:UK x:UK =:UK
EXPR: 0 | POS | FRA | 35 | 0.833333 | 0.0526315789473684 | (0.083333336/((0.6666667-0.083333336)+1.0))=x | 0.083333336 0.6666667 0.083333336 - 1.0 + / x = | 0.083333336:UK 0.6666667:mile 0.083333336:mile -:mile 1.0:mile +:mile /:UK x:UK =:UK
EXPR: 0 | POS | FRA | 35 | 0.833333 | 0.972222224111111 | x=((0.083333336*0.6666667)+(1.0-0.083333336)) | x 0.083333336 0.6666667 * 1.0 0.083333336 - + = | x:UK 0.083333336:mile 0.6666667:UK *:UK 1.0:UK 0.083333336:UK -:UK +:UK =:UK
EXPR: 0 | POS | FRA | 35 | 0.833333 | 0.576388919111111 | x=(0.6666667-(0.083333336*(0.083333336+1.0))) | x 0.6666667 0.083333336 0.083333336 1.0 + * - = | x:UK 0.6666667:UK 0.083333336:UK 0.083333336:mile 1.0:mile +:mile *:UK -:UK =:UK
EXPR: 0 | POS | FRA | 37 | 0.833333 | 1.22222216355556 | 0.083333336=(1.0-((0.083333336+0.6666667)*x)) | 0.083333336 1.0 0.083333336 0.6666667 + x * - = | 0.083333336:mile 1.0:mile 0.083333336:UK 0.6666667:UK +:UK x:mile *:mile -:mile =:mile
EXPR: 0 | POS | FRA | 37 | 0.833333 | 94.9999986560001 | 0.6666667=((0.083333336*0.083333336)*(1.0+x)) | 0.6666667 0.083333336 0.083333336 * 1.0 x + * = | 0.6666667:UK 0.083333336:mile 0.083333336:UK *:mile 1.0:UK x:UK +:UK *:UK =:UK
EXPR: 0 | POS | INT | 37 | 0.833333 | 9.000000144 | (x*0.083333336)=((0.6666667/1.0)+0.083333336) | x 0.083333336 * 0.6666667 1.0 / 0.083333336 + = | x:UK 0.083333336:mile *:UK 0.6666667:UK 1.0:mile /:UK 0.083333336:UK +:UK =:UK
EXPR: 0 | POS | FRA | 40 | 0.833333 | 0.671296330157407 | x=(((0.083333336*0.083333336)+1.0)*0.6666667) | x 0.083333336 0.083333336 * 1.0 + 0.6666667 * = | x:mile 0.083333336:mile 0.083333336:UK *:UK 1.0:UK +:UK 0.6666667:mile *:mile =:mile
EXPR: 0 | POS | FRA | 40 | 0.833333 | 0.777777820222222 | x=((0.083333336+(0.083333336+1.0))*0.6666667) | x 0.083333336 0.083333336 1.0 + + 0.6666667 * = | x:mile 0.083333336:mile 0.083333336:mile 1.0:mile +:mile +:mile 0.6666667:UK *:mile =:mile
EXPR: 0 | POS | FRA | 40 | 0.833333 | 0.6666667 | x=((0.083333336-(0.083333336-1.0))*0.6666667) | x 0.083333336 0.083333336 1.0 - - 0.6666667 * = | x:mile 0.083333336:mile 0.083333336:mile 1.0:mile -:mile -:mile 0.6666667:UK *:mile =:mile
EXPR: 0 | POS | FRA | 42 | 0.833333 | 0.6666667 | ((x-0.083333336)+(0.083333336*1.0))=0.6666667 | x 0.083333336 - 0.083333336 1.0 * + 0.6666667 = | x:UK 0.083333336:UK -:UK 0.083333336:mile 1.0:UK *:UK +:UK 0.6666667:UK =:UK
EXPR: 0 | POS | FRA | 42 | 0.833333 | 0.6666667 | 0.083333336=(x+(0.083333336-(0.6666667*1.0))) | 0.083333336 x 0.083333336 0.6666667 1.0 * - + = | 0.083333336:UK x:UK 0.083333336:UK 0.6666667:mile 1.0:UK *:UK -:UK +:UK =:UK
EXPR: 0 | POS | FRA | 42 | 0.833333 | 3.91666613600002 | ((0.083333336*(0.083333336+x))+0.6666667)=1.0 | 0.083333336 0.083333336 x + * 0.6666667 + 1.0 = | 0.083333336:UK 0.083333336:mile x:mile +:mile *:UK 0.6666667:UK +:UK 1.0:UK =:UK
EXPR: 0 | POS | FRA | 42 | 0.833333 | 0.810606101752066 | (x+(0.6666667/(0.083333336-1.0)))=0.083333336 | x 0.6666667 0.083333336 1.0 - / + 0.083333336 = | x:UK 0.6666667:UK 0.083333336:mile 1.0:mile -:mile /:UK +:UK 0.083333336:UK =:UK
EXPR: 0 | POS | FRA | 45 | 0.833333 | 0.6666667 | x=(((0.083333336+0.6666667)*1.0)-0.083333336) | x 0.083333336 0.6666667 + 1.0 * 0.083333336 - = | x:UK 0.083333336:mile 0.6666667:mile +:mile 1.0:UK *:UK 0.083333336:UK -:UK =:UK
EXPR: 0 | POS | FRA | 45 | 0.833333 | 0.0476190476190476 | x=(0.083333336/((0.6666667+1.0)+0.083333336)) | x 0.083333336 0.6666667 1.0 + 0.083333336 + / = | x:mile 0.083333336:mile 0.6666667:UK 1.0:UK +:UK 0.083333336:UK +:UK /:mile =:mile
EXPR: 0 | POS | FRA | 45 | 0.833333 | 0.0555555601111112 | ((0.083333336*(0.6666667+1.0))-0.083333336)=x | 0.083333336 0.6666667 1.0 + * 0.083333336 - x = | 0.083333336:UK 0.6666667:mile 1.0:mile +:mile *:UK 0.083333336:UK -:UK x:UK =:UK
EXPR: 0 | POS | FRA | 45 | 0.833333 | 0.138888896111111 | x=((0.083333336*0.6666667)+(0.083333336*1.0)) | x 0.083333336 0.6666667 * 0.083333336 1.0 * + = | x:UK 0.083333336:UK 0.6666667:mile *:UK 0.083333336:mile 1.0:UK *:UK +:UK =:UK
EXPR: 0 | POS | FRA | 45 | 0.833333 | 0.6666667 | x=(0.6666667-(0.083333336-(0.083333336/1.0))) | x 0.6666667 0.083333336 0.083333336 1.0 / - - = | x:UK 0.6666667:UK 0.083333336:UK 0.083333336:UK 1.0:mile /:UK -:UK -:UK =:UK
EXPR: 0 | POS | FRA | 45 | 0.833333 | 0.6666667 | x=(0.6666667-(0.083333336-(0.083333336*1.0))) | x 0.6666667 0.083333336 0.083333336 1.0 * - - = | x:UK 0.6666667:UK 0.083333336:UK 0.083333336:UK 1.0:mile *:UK -:UK -:UK =:UK
EXPR: 0 | POS | FRA | 45 | 0.833333 | 0.6666667 | x=(0.083333336+((0.6666667-0.083333336)*1.0)) | x 0.083333336 0.6666667 0.083333336 - 1.0 * + = | x:UK 0.083333336:UK 0.6666667:mile 0.083333336:mile -:mile 1.0:UK *:UK +:UK =:UK
EXPR: 0 | POS | FRA | 47 | 0.833333 | 0.3333333 | 0.6666667=((0.083333336/0.083333336)*(1.0-x)) | 0.6666667 0.083333336 0.083333336 / 1.0 x - * = | 0.6666667:mile 0.083333336:mile 0.083333336:UK /:mile 1.0:UK x:UK -:UK *:mile =:mile
EXPR: 0 | POS | FRA | 47 | 0.833333 | 12.666666316 | ((x*0.083333336)-1.0)=(0.083333336*0.6666667) | x 0.083333336 * 1.0 - 0.083333336 0.6666667 * = | x:UK 0.083333336:mile *:mile 1.0:mile -:mile 0.083333336:UK 0.6666667:mile *:mile =:mile
EXPR: 0 | POS | INT | 47 | 0.833333 | 19.99999976 | ((x-(0.6666667/0.083333336))*0.083333336)=1.0 | x 0.6666667 0.083333336 / - 0.083333336 * 1.0 = | x:UK 0.6666667:UK 0.083333336:mile /:UK -:UK 0.083333336:mile *:mile 1.0:mile =:mile
EXPR: 0 | POS | INT | 47 | 0.833333 | 3.99999947200002 | ((x+(0.6666667/0.083333336))*0.083333336)=1.0 | x 0.6666667 0.083333336 / + 0.083333336 * 1.0 = | x:UK 0.6666667:UK 0.083333336:mile /:UK +:UK 0.083333336:mile *:mile 1.0:mile =:mile
EXPR: 0 | POS | INT | 47 | 0.833333 | 20.99999976 | ((x*0.083333336)-(0.6666667+1.0))=0.083333336 | x 0.083333336 * 0.6666667 1.0 + - 0.083333336 = | x:UK 0.083333336:mile *:mile 0.6666667:mile 1.0:mile +:mile -:mile 0.083333336:mile =:mile
EXPR: 0 | POS | FRA | 47 | 0.833333 | 0.0208333309999999 | (0.6666667+(0.083333336+(x/0.083333336)))=1.0 | 0.6666667 0.083333336 x 0.083333336 / + + 1.0 = | 0.6666667:mile 0.083333336:mile x:mile 0.083333336:UK /:mile +:mile +:mile 1.0:mile =:mile
EXPR: 0 | POS | INT | 47 | 0.833333 | - | (x*((0.083333336*1.0)-0.083333336))=0.6666667 | x 0.083333336 1.0 * 0.083333336 - * 0.6666667 = | x:mile 0.083333336:mile 1.0:UK *:UK 0.083333336:UK -:UK *:UK 0.6666667:UK =:UK
EXPR: 0 | POS | FRA | 50 | 0.833333 | 0.145833341 | x=((0.6666667+(0.083333336+1.0))*0.083333336) | x 0.6666667 0.083333336 1.0 + + 0.083333336 * = | x:UK 0.6666667:mile 0.083333336:mile 1.0:mile +:mile +:mile 0.083333336:UK *:UK =:UK
EXPR: 0 | POS | FRA | 50 | 0.833333 | 0.500000028 | x=(0.6666667-((0.083333336*1.0)+0.083333336)) | x 0.6666667 0.083333336 1.0 * 0.083333336 + - = | x:UK 0.6666667:UK 0.083333336:mile 1.0:UK *:UK 0.083333336:UK +:UK -:UK =:UK
EXPR: 0 | POS | FRA | 50 | 0.833333 | 0.3333333 | x=((0.083333336-(0.083333336-1.0))-0.6666667) | x 0.083333336 0.083333336 1.0 - - 0.6666667 - = | x:mile 0.083333336:mile 0.083333336:mile 1.0:mile -:mile -:mile 0.6666667:mile -:mile =:mile
EXPR: 0 | POS | INT | 52 | 0.833333 | 18.99999976 | (0.083333336+((x*0.083333336)-1.0))=0.6666667 | 0.083333336 x 0.083333336 * 1.0 - + 0.6666667 = | 0.083333336:UK x:mile 0.083333336:UK *:UK 1.0:UK -:UK +:UK 0.6666667:UK =:UK
EXPR: 0 | POS | INT | 55 | 0.833333 | 9 | (((0.083333336/1.0)+0.6666667)/0.083333336)=x | 0.083333336 1.0 / 0.6666667 + 0.083333336 / x = | 0.083333336:UK 1.0:mile /:UK 0.6666667:UK +:UK 0.083333336:mile /:UK x:UK =:UK
EXPR: 1 | POS | FRA | 55 | 0.833333 | 0.833333372 | x=((0.083333336+(0.6666667*1.0))+0.083333336) | x 0.083333336 0.6666667 1.0 * + 0.083333336 + = | x:UK 0.083333336:UK 0.6666667:UK 1.0:mile *:UK +:UK 0.083333336:UK +:UK =:UK
EXPR: 0 | POS | FRA | 55 | 0.833333 | 1.11111112022222 | x=((0.6666667*(0.083333336+0.083333336))+1.0) | x 0.6666667 0.083333336 0.083333336 + * 1.0 + = | x:UK 0.6666667:mile 0.083333336:UK 0.083333336:UK +:UK *:UK 1.0:UK +:UK =:UK
EXPR: 0 | POS | FRA | 55 | 0.833333 | 0.0555555601111112 | ((0.083333336*(0.6666667-1.0))+0.083333336)=x | 0.083333336 0.6666667 1.0 - * 0.083333336 + x = | 0.083333336:mile 0.6666667:UK 1.0:UK -:UK *:mile 0.083333336:mile +:mile x:mile =:mile
EXPR: 0 | POS | FRA | 55 | 0.833333 | 0.6666667 | x=((0.083333336+(1.0-0.083333336))*0.6666667) | x 0.083333336 1.0 0.083333336 - + 0.6666667 * = | x:UK 0.083333336:UK 1.0:UK 0.083333336:UK -:UK +:UK 0.6666667:mile *:UK =:UK
EXPR: 0 | POS | FRA | 55 | 0.833333 | 0.0509259299537038 | x=((0.083333336*0.6666667)*(1.0-0.083333336)) | x 0.083333336 0.6666667 * 1.0 0.083333336 - * = | x:UK 0.083333336:UK 0.6666667:mile *:UK 1.0:mile 0.083333336:mile -:mile *:UK =:UK
EXPR: 0 | POS | FRA | 55 | 0.833333 | 11.416666252 | x=(0.083333336-(0.6666667-(1.0/0.083333336))) | x 0.083333336 0.6666667 1.0 0.083333336 / - - = | x:UK 0.083333336:UK 0.6666667:UK 1.0:UK 0.083333336:mile /:UK -:UK -:UK =:UK
EXPR: 0 | POS | FRA | 55 | 0.833333 | 0.534722248777778 | x=((1.0-0.083333336)*(0.6666667-0.083333336)) | x 1.0 0.083333336 - 0.6666667 0.083333336 - * = | x:UK 1.0:mile 0.083333336:mile -:mile 0.6666667:UK 0.083333336:UK -:UK *:UK =:UK
EXPR: 0 | POS | FRA | 55 | 0.833333 | 0.0526315789473684 | x=(0.083333336/((0.6666667+1.0)-0.083333336)) | x 0.083333336 0.6666667 1.0 + 0.083333336 - / = | x:UK 0.083333336:UK 0.6666667:mile 1.0:mile +:mile 0.083333336:mile -:mile /:UK =:UK
EXPR: 0 | POS | FRA | 55 | 0.833333 | 0.6666667 | x=((0.6666667+(0.083333336-0.083333336))*1.0) | x 0.6666667 0.083333336 0.083333336 - + 1.0 * = | x:mile 0.6666667:UK 0.083333336:UK 0.083333336:UK -:UK +:UK 1.0:mile *:mile =:mile
EXPR: 0 | POS | FRA | 55 | 0.833333 | 1.20833333375 | x=(0.083333336+(1.0+(0.083333336/0.6666667))) | x 0.083333336 1.0 0.083333336 0.6666667 / + + = | x:UK 0.083333336:UK 1.0:UK 0.083333336:UK 0.6666667:mile /:UK +:UK +:UK =:UK
EXPR: 0 | POS | FRA | 55 | 0.833333 | 0.673611144888889 | x=((0.6666667+(0.083333336*0.083333336))*1.0) | x 0.6666667 0.083333336 0.083333336 * + 1.0 * = | x:mile 0.6666667:mile 0.083333336:mile 0.083333336:UK *:mile +:mile 1.0:UK *:mile =:mile
EXPR: 0 | POS | FRA | 57 | 0.833333 | 0.6666667 | (x*(0.083333336+(1.0-0.083333336)))=0.6666667 | x 0.083333336 1.0 0.083333336 - + * 0.6666667 = | x:mile 0.083333336:UK 1.0:UK 0.083333336:UK -:UK +:UK *:UK 0.6666667:UK =:UK
EXPR: 0 | POS | FRA | 57 | 0.833333 | 1.6666667 | (x*0.083333336)=((0.6666667+1.0)*0.083333336) | x 0.083333336 * 0.6666667 1.0 + 0.083333336 * = | x:UK 0.083333336:mile *:mile 0.6666667:UK 1.0:UK +:UK 0.083333336:mile *:mile =:mile
EXPR: 0 | POS | FRA | 57 | 0.833333 | 0.222222232111111 | (x-0.083333336)=((0.6666667+1.0)*0.083333336) | x 0.083333336 - 0.6666667 1.0 + 0.083333336 * = | x:UK 0.083333336:UK -:UK 0.6666667:mile 1.0:mile +:mile 0.083333336:UK *:UK =:UK
EXPR: 0 | POS | FRA | 57 | 0.833333 | 1.4895832581875 | 1.0=((0.083333336*0.083333336)+(0.6666667*x)) | 1.0 0.083333336 0.083333336 * 0.6666667 x * + = | 1.0:mile 0.083333336:mile 0.083333336:UK *:mile 0.6666667:UK x:mile *:mile +:mile =:mile
EXPR: 0 | POS | FRA | 57 | 0.833333 | 0.6666667 | 0.6666667=(0.083333336+((x-0.083333336)*1.0)) | 0.6666667 0.083333336 x 0.083333336 - 1.0 * + = | 0.6666667:UK 0.083333336:UK x:mile 0.083333336:mile -:mile 1.0:UK *:UK +:UK =:UK
EXPR: 0 | POS | FRA | 57 | 0.833333 | 0.136363634305785 | 0.083333336=((x*0.6666667)*(1.0-0.083333336)) | 0.083333336 x 0.6666667 * 1.0 0.083333336 - * = | 0.083333336:UK x:mile 0.6666667:UK *:UK 1.0:mile 0.083333336:mile -:mile *:UK =:UK
EXPR: 0 | POS | FRA | 57 | 0.833333 | 1.7499999125 | 0.083333336=((0.6666667*x)-(0.083333336+1.0)) | 0.083333336 0.6666667 x * 0.083333336 1.0 + - = | 0.083333336:UK 0.6666667:mile x:UK *:UK 0.083333336:UK 1.0:UK +:UK -:UK =:UK
EXPR: 0 | POS | FRA | 60 | 0.833333 | 0.0625000050000001 | x=((0.6666667+(0.083333336/1.0))*0.083333336) | x 0.6666667 0.083333336 1.0 / + 0.083333336 * = | x:UK 0.6666667:mile 0.083333336:mile 1.0:UK /:mile +:mile 0.083333336:UK *:UK =:UK
EXPR: 0 | POS | FRA | 60 | 0.833333 | 0.743055591111111 | ((0.083333336*(1.0-0.083333336))+0.6666667)=x | 0.083333336 1.0 0.083333336 - * 0.6666667 + x = | 0.083333336:UK 1.0:mile 0.083333336:mile -:mile *:mile 0.6666667:mile +:mile x:mile =:mile
EXPR: 0 | POS | FRA | 60 | 0.833333 | 0.111111120222222 | x=(0.6666667*((0.083333336*1.0)+0.083333336)) | x 0.6666667 0.083333336 1.0 * 0.083333336 + * = | x:UK 0.6666667:mile 0.083333336:mile 1.0:UK *:UK 0.083333336:UK +:UK *:UK =:UK
EXPR: 0 | POS | INT | 60 | 0.833333 |  | x=(0.6666667*((0.083333336*1.0)-0.083333336)) | x 0.6666667 0.083333336 1.0 * 0.083333336 - * = | x:UK 0.6666667:mile 0.083333336:mile 1.0:UK *:UK 0.083333336:UK -:UK *:UK =:UK
EXPR: 0 | POS | FRA | 60 | 0.833333 | 0.743055591111111 | x=(0.6666667-((0.083333336-1.0)*0.083333336)) | x 0.6666667 0.083333336 1.0 - 0.083333336 * - = | x:mile 0.6666667:mile 0.083333336:mile 1.0:mile -:mile 0.083333336:UK *:mile -:mile =:mile
EXPR: 0 | POS | FRA | 60 | 0.833333 | 0.534722248777778 | x=((0.6666667-0.083333336)*(1.0-0.083333336)) | x 0.6666667 0.083333336 - 1.0 0.083333336 - * = | x:UK 0.6666667:mile 0.083333336:mile -:mile 1.0:UK 0.083333336:UK -:UK *:UK =:UK
EXPR: 0 | POS | FRA | 62 | 0.833333 | 1.04166666441667 | (0.083333336/((x+0.083333336)-1.0))=0.6666667 | 0.083333336 x 0.083333336 + 1.0 - / 0.6666667 = | 0.083333336:mile x:UK 0.083333336:UK +:UK 1.0:UK -:UK /:mile 0.6666667:mile =:mile
EXPR: 0 | POS | FRA | 62 | 0.833333 | 8.91666680799999 | (0.083333336*((x+0.083333336)-1.0))=0.6666667 | 0.083333336 x 0.083333336 + 1.0 - * 0.6666667 = | 0.083333336:mile x:UK 0.083333336:UK +:UK 1.0:UK -:UK *:mile 0.6666667:mile =:mile
EXPR: 0 | POS | FRA | 62 | 0.833333 | 0.0526315796121884 | (x*(0.6666667-(0.083333336-1.0)))=0.083333336 | x 0.6666667 0.083333336 1.0 - - * 0.083333336 = | x:UK 0.6666667:mile 0.083333336:mile 1.0:mile -:mile -:mile *:mile 0.083333336:mile =:mile
EXPR: 0 | POS | FRA | 65 | 0.833333 | 12.666666316 | (((0.083333336*0.6666667)+1.0)/0.083333336)=x | 0.083333336 0.6666667 * 1.0 + 0.083333336 / x = | 0.083333336:mile 0.6666667:UK *:UK 1.0:UK +:UK 0.083333336:mile /:UK x:UK =:UK
EXPR: 0 | POS | FRA | 65 | 0.833333 | 1.500000028 | (1.0-(0.083333336+(0.083333336-0.6666667)))=x | 1.0 0.083333336 0.083333336 0.6666667 - + - x = | 1.0:UK 0.083333336:UK 0.083333336:UK 0.6666667:UK -:UK +:UK -:UK x:UK =:UK
EXPR: 0 | POS | FRA | 65 | 0.833333 | 0.0879629661574074 | (((0.083333336*0.6666667)+1.0)*0.083333336)=x | 0.083333336 0.6666667 * 1.0 + 0.083333336 * x = | 0.083333336:mile 0.6666667:UK *:UK 1.0:UK +:UK 0.083333336:mile *:UK x:UK =:UK
EXPR: 0 | POS | FRA | 65 | 0.833333 | 0.0347222207777777 | x=(0.083333336*((1.0-0.6666667)+0.083333336)) | x 0.083333336 1.0 0.6666667 - 0.083333336 + * = | x:UK 0.083333336:UK 1.0:mile 0.6666667:mile -:mile 0.083333336:mile +:mile *:UK =:UK
EXPR: 0 | POS | FRA | 65 | 0.833333 | 0.142857142857143 | x=((0.083333336*1.0)/(0.6666667-0.083333336)) | x 0.083333336 1.0 * 0.6666667 0.083333336 - / = | x:UK 0.083333336:mile 1.0:UK *:UK 0.6666667:mile 0.083333336:mile -:mile /:UK =:UK
EXPR: 0 | POS | FRA | 65 | 0.833333 | 0.142857142857143 | x=(0.083333336/((0.6666667*1.0)-0.083333336)) | x 0.083333336 0.6666667 1.0 * 0.083333336 - / = | x:UK 0.083333336:UK 0.6666667:mile 1.0:UK *:mile 0.083333336:mile -:mile /:UK =:UK
EXPR: 0 | POS | FRA | 67 | 0.833333 | 0.6666667 | 0.6666667=(x*(0.083333336-(0.083333336-1.0))) | 0.6666667 x 0.083333336 0.083333336 1.0 - - * = | 0.6666667:UK x:mile 0.083333336:UK 0.083333336:UK 1.0:UK -:UK -:UK *:UK =:UK
EXPR: 0 | POS | FRA | 67 | 0.833333 | 0.6666667 | ((x-0.6666667)+0.083333336)=(0.083333336*1.0) | x 0.6666667 - 0.083333336 + 0.083333336 1.0 * = | x:UK 0.6666667:UK -:UK 0.083333336:UK +:UK 0.083333336:mile 1.0:UK *:UK =:UK
EXPR: 0 | POS | FRA | 67 | 0.833333 | 0.95833333825 | (0.083333336/0.6666667)=((0.083333336+1.0)-x) | 0.083333336 0.6666667 / 0.083333336 1.0 + x - = | 0.083333336:UK 0.6666667:mile /:UK 0.083333336:UK 1.0:UK +:UK x:UK -:UK =:UK
EXPR: 0 | POS | FRA | 67 | 0.833333 | 0.67132870519556 | 1.0=((0.083333336*0.083333336)+(0.6666667/x)) | 1.0 0.083333336 0.083333336 * 0.6666667 x / + = | 1.0:UK 0.083333336:mile 0.083333336:UK *:UK 0.6666667:UK x:mile /:UK +:UK =:UK
EXPR: 0 | POS | INT | 67 | 0.833333 | 20.99999976 | 0.6666667=((x*0.083333336)-(0.083333336+1.0)) | 0.6666667 x 0.083333336 * 0.083333336 1.0 + - = | 0.6666667:UK x:mile 0.083333336:UK *:UK 0.083333336:UK 1.0:UK +:UK -:UK =:UK
EXPR: 0 | POS | FRA | 70 | 0.833333 | 0.131944451222222 | (0.083333336*((1.0-0.083333336)+0.6666667))=x | 0.083333336 1.0 0.083333336 - 0.6666667 + * x = | 0.083333336:mile 1.0:UK 0.083333336:UK -:UK 0.6666667:UK +:UK *:UK x:UK =:UK
EXPR: 0 | POS | FRA | 72 | 0.833333 | 8.72727290975206 | 0.6666667=((x*0.083333336)*(1.0-0.083333336)) | 0.6666667 x 0.083333336 * 1.0 0.083333336 - * = | 0.6666667:UK x:mile 0.083333336:UK *:mile 1.0:UK 0.083333336:UK -:UK *:UK =:UK
EXPR: 0 | POS | FRA | 72 | 0.833333 | 7.333333444 | 0.6666667=((x*0.083333336)/(1.0-0.083333336)) | 0.6666667 x 0.083333336 * 1.0 0.083333336 - / = | 0.6666667:UK x:mile 0.083333336:UK *:UK 1.0:mile 0.083333336:mile -:mile /:UK =:UK
EXPR: 0 | POS | FRA | 75 | 0.833333 | 0.0208333309999999 | (0.083333336*((1.0-0.6666667)-0.083333336))=x | 0.083333336 1.0 0.6666667 - 0.083333336 - * x = | 0.083333336:UK 1.0:mile 0.6666667:mile -:mile 0.083333336:mile -:mile *:mile x:mile =:mile
EXPR: 0 | POS | FRA | 75 | 0.833333 | 0.131944442638889 | x=((0.083333336+(1.0/0.6666667))*0.083333336) | x 0.083333336 1.0 0.6666667 / + 0.083333336 * = | x:UK 0.083333336:mile 1.0:mile 0.6666667:UK /:mile +:mile 0.083333336:UK *:UK =:UK
EXPR: 0 | POS | FRA | 75 | 0.833333 | 0.3333333 | x=((0.083333336+(1.0-0.6666667))-0.083333336) | x 0.083333336 1.0 0.6666667 - + 0.083333336 - = | x:UK 0.083333336:UK 1.0:UK 0.6666667:UK -:UK +:UK 0.083333336:UK -:UK =:UK
EXPR: 0 | POS | FRA | 77 | 0.833333 | 7.94444444088889 | 1.0=((0.083333336+(x/0.6666667))*0.083333336) | 1.0 0.083333336 x 0.6666667 / + 0.083333336 * = | 1.0:UK 0.083333336:mile x:mile 0.6666667:UK /:mile +:mile 0.083333336:UK *:UK =:UK
EXPR: 0 | POS | FRA | 77 | 0.833333 | 0.200000021120002 | (((0.083333336+1.0)-0.6666667)*x)=0.083333336 | 0.083333336 1.0 + 0.6666667 - x * 0.083333336 = | 0.083333336:UK 1.0:UK +:UK 0.6666667:UK -:UK x:mile *:mile 0.083333336:mile =:mile
EXPR: 0 | POS | FRA | 77 | 0.833333 | 1.63095228816327 | 1.0=((x+0.083333336)*(0.6666667-0.083333336)) | 1.0 x 0.083333336 + 0.6666667 0.083333336 - * = | 1.0:UK x:mile 0.083333336:mile +:mile 0.6666667:UK 0.083333336:UK -:UK *:UK =:UK
EXPR: 0 | POS | INT | 77 | 0.833333 | 0 | (x*0.6666667)=((0.083333336*1.0)-0.083333336) | x 0.6666667 * 0.083333336 1.0 * 0.083333336 - = | x:UK 0.6666667:mile *:mile 0.083333336:UK 1.0:mile *:mile 0.083333336:mile -:mile =:mile
EXPR: 0 | POS | FRA | 77 | 0.833333 | 0.2499999955 | (x*0.6666667)=((0.083333336*1.0)+0.083333336) | x 0.6666667 * 0.083333336 1.0 * 0.083333336 + = | x:UK 0.6666667:mile *:mile 0.083333336:UK 1.0:mile *:mile 0.083333336:mile +:mile =:mile
EXPR: 0 | POS | FRA | 80 | 0.833333 | 0.937499995 | x=(1.0-((0.083333336+0.6666667)*0.083333336)) | x 1.0 0.083333336 0.6666667 + 0.083333336 * - = | x:UK 1.0:UK 0.083333336:UK 0.6666667:UK +:UK 0.083333336:mile *:UK -:UK =:UK
EXPR: 0 | POS | FRA | 80 | 0.833333 | 0.659722255111111 | x=((0.6666667*1.0)-(0.083333336*0.083333336)) | x 0.6666667 1.0 * 0.083333336 0.083333336 * - = | x:UK 0.6666667:mile 1.0:UK *:UK 0.083333336:mile 0.083333336:UK *:UK -:UK =:UK
EXPR: 0 | POS | FRA | 82 | 0.833333 | 0.6666667 | (1.0*((0.6666667-x)+0.083333336))=0.083333336 | 1.0 0.6666667 x - 0.083333336 + * 0.083333336 = | 1.0:mile 0.6666667:UK x:UK -:UK 0.083333336:UK +:UK *:mile 0.083333336:mile =:mile
EXPR: 0 | POS | FRA | 82 | 0.833333 | 11.9444440558889 | 1.0=(((0.083333336*0.6666667)+x)*0.083333336) | 1.0 0.083333336 0.6666667 * x + 0.083333336 * = | 1.0:mile 0.083333336:mile 0.6666667:UK *:UK x:UK +:UK 0.083333336:mile *:mile =:mile
EXPR: 0 | POS | FRA | 82 | 0.833333 | 1.24999993333334 | 1.0=((0.083333336+0.6666667)*(0.083333336+x)) | 1.0 0.083333336 0.6666667 + 0.083333336 x + * = | 1.0:mile 0.083333336:UK 0.6666667:UK +:UK 0.083333336:mile x:mile +:mile *:mile =:mile
EXPR: 0 | POS | FRA | 85 | 0.833333 | 0.951388884777778 | x=(1.0+(0.083333336*(0.083333336-0.6666667))) | x 1.0 0.083333336 0.083333336 0.6666667 - * + = | x:UK 1.0:UK 0.083333336:UK 0.083333336:mile 0.6666667:mile -:mile *:UK +:UK =:UK
EXPR: 0 | POS | FRA | 85 | 0.833333 | 0.857142857142857 | x=(1.0+(0.083333336/(0.083333336-0.6666667))) | x 1.0 0.083333336 0.083333336 0.6666667 - / + = | x:UK 1.0:UK 0.083333336:UK 0.083333336:mile 0.6666667:mile -:mile /:UK +:UK =:UK
EXPR: 0 | POS | FRA | 85 | 0.833333 | 0.111111120222222 | x=(0.6666667*((0.083333336/1.0)+0.083333336)) | x 0.6666667 0.083333336 1.0 / 0.083333336 + * = | x:mile 0.6666667:UK 0.083333336:mile 1.0:UK /:mile 0.083333336:mile +:mile *:mile =:mile
EXPR: 0 | POS | FRA | 87 | 0.833333 | 0.575757606181818 | 1.0=(0.083333336+(0.083333336/(0.6666667-x))) | 1.0 0.083333336 0.083333336 0.6666667 x - / + = | 1.0:UK 0.083333336:UK 0.083333336:UK 0.6666667:mile x:mile -:mile /:UK +:UK =:UK
EXPR: 0 | POS | FRA | 87 | 0.833333 | 0.687500032999998 | (1.0-(x/(0.083333336+0.6666667)))=0.083333336 | 1.0 x 0.083333336 0.6666667 + / - 0.083333336 = | 1.0:mile x:mile 0.083333336:UK 0.6666667:UK +:UK /:mile -:mile 0.083333336:mile =:mile
EXPR: 0 | POS | FRA | 87 | 0.833333 | 1.22222216355556 | (1.0-(x*(0.083333336+0.6666667)))=0.083333336 | 1.0 x 0.083333336 0.6666667 + * - 0.083333336 = | 1.0:mile x:mile 0.083333336:UK 0.6666667:UK +:UK *:mile -:mile 0.083333336:mile =:mile
EXPR: 0 | POS | FRA | 87 | 0.833333 | 151.999990928 | 0.6666667=((x*0.083333336)-(1.0/0.083333336)) | 0.6666667 x 0.083333336 * 1.0 0.083333336 / - = | 0.6666667:mile x:mile 0.083333336:UK *:mile 1.0:mile 0.083333336:UK /:mile -:mile =:mile
EXPR: 0 | POS | INT | 87 | 0.833333 | 7.000000144 | (x*0.083333336)=((0.6666667*1.0)-0.083333336) | x 0.083333336 * 0.6666667 1.0 * 0.083333336 - = | x:UK 0.083333336:mile *:mile 0.6666667:mile 1.0:UK *:mile 0.083333336:mile -:mile =:mile
EXPR: 0 | POS | INT | 87 | 0.833333 | 9.000000144 | (x*0.083333336)=((0.6666667*1.0)+0.083333336) | x 0.083333336 * 0.6666667 1.0 * 0.083333336 + = | x:UK 0.083333336:mile *:mile 0.6666667:mile 1.0:UK *:mile 0.083333336:mile +:mile =:mile
EXPR: 0 | POS | FRA | 87 | 0.833333 | 0.2499999955 | ((1.0/x)*(0.083333336+0.083333336))=0.6666667 | 1.0 x / 0.083333336 0.083333336 + * 0.6666667 = | 1.0:UK x:mile /:UK 0.083333336:mile 0.083333336:mile +:mile *:mile 0.6666667:mile =:mile
EXPR: 0 | POS | FRA | 87 | 0.833333 | 15.9999987200001 | 1.0=((x*0.083333336)*(0.083333336+0.6666667)) | 1.0 x 0.083333336 * 0.083333336 0.6666667 + * = | 1.0:UK x:mile 0.083333336:UK *:UK 0.083333336:mile 0.6666667:mile +:mile *:UK =:UK
EXPR: 0 | POS | FRA | 87 | 0.833333 | 0.6666667 | 0.083333336=((x*1.0)-(0.6666667-0.083333336)) | 0.083333336 x 1.0 * 0.6666667 0.083333336 - - = | 0.083333336:UK x:mile 1.0:UK *:UK 0.6666667:UK 0.083333336:UK -:UK -:UK =:UK
EXPR: 0 | POS | INT | 87 | 0.833333 | 4.99999947200002 | (x*0.083333336)=((1.0-0.6666667)+0.083333336) | x 0.083333336 * 1.0 0.6666667 - 0.083333336 + = | x:UK 0.083333336:mile *:mile 1.0:mile 0.6666667:mile -:mile 0.083333336:mile +:mile =:mile
EXPR: 0 | POS | FRA | 90 | 0.833333 | 0.500000028 | ((0.6666667*1.0)-(0.083333336+0.083333336))=x | 0.6666667 1.0 * 0.083333336 0.083333336 + - x = | 0.6666667:mile 1.0:UK *:UK 0.083333336:UK 0.083333336:UK +:UK -:UK x:UK =:UK
EXPR: 0 | POS | INT | 90 | 0.833333 | 9 | x=(((0.6666667*1.0)+0.083333336)/0.083333336) | x 0.6666667 1.0 * 0.083333336 + 0.083333336 / = | x:UK 0.6666667:mile 1.0:UK *:UK 0.083333336:UK +:UK 0.083333336:mile /:UK =:UK
EXPR: 0 | POS | FRA | 92 | 0.833333 | 0.500000028 | (((0.6666667*1.0)-x)-0.083333336)=0.083333336 | 0.6666667 1.0 * x - 0.083333336 - 0.083333336 = | 0.6666667:mile 1.0:UK *:UK x:UK -:UK 0.083333336:UK -:UK 0.083333336:UK =:UK
EXPR: 0 | POS | FRA | 92 | 0.833333 | 1.833333372 | (0.6666667+1.0)=(x-(0.083333336+0.083333336)) | 0.6666667 1.0 + x 0.083333336 0.083333336 + - = | 0.6666667:UK 1.0:UK +:UK x:UK 0.083333336:UK 0.083333336:UK +:UK -:UK =:UK
EXPR: 0 | POS | FRA | 92 | 0.833333 | 1.4895832581875 | (x*0.6666667)=(1.0-(0.083333336*0.083333336)) | x 0.6666667 * 1.0 0.083333336 0.083333336 * - = | x:UK 0.6666667:mile *:UK 1.0:UK 0.083333336:mile 0.083333336:UK *:UK -:UK =:UK
EXPR: 0 | POS | FRA | 92 | 0.833333 | 17.9166651880001 | 1.0=((0.083333336*0.6666667)*(0.083333336+x)) | 1.0 0.083333336 0.6666667 * 0.083333336 x + * = | 1.0:mile 0.083333336:mile 0.6666667:UK *:UK 0.083333336:mile x:mile +:mile *:mile =:mile
EXPR: 0 | POS | FRA | 92 | 0.833333 | 0.0277777758888888 | 1.0=(((0.083333336*0.6666667)+x)/0.083333336) | 1.0 0.083333336 0.6666667 * x + 0.083333336 / = | 1.0:UK 0.083333336:mile 0.6666667:UK *:UK x:UK +:UK 0.083333336:mile /:UK =:UK
EXPR: 1 | POS | FRA | 92 | 0.833333 | 0.833333372 | 0.6666667=((x*1.0)-(0.083333336+0.083333336)) | 0.6666667 x 1.0 * 0.083333336 0.083333336 + - = | 0.6666667:UK x:mile 1.0:UK *:UK 0.083333336:UK 0.083333336:UK +:UK -:UK =:UK
EXPR: 0 | POS | FRA | 92 | 0.833333 | 0.6666667 | 0.6666667=((x*1.0)-(0.083333336-0.083333336)) | 0.6666667 x 1.0 * 0.083333336 0.083333336 - - = | 0.6666667:UK x:mile 1.0:UK *:UK 0.083333336:UK 0.083333336:UK -:UK -:UK =:UK
EXPR: 0 | POS | FRA | 97 | 0.833333 | 11.9444440558889 | 1.0=((x+(0.083333336*0.6666667))*0.083333336) | 1.0 x 0.083333336 0.6666667 * + 0.083333336 * = | 1.0:UK x:mile 0.083333336:UK 0.6666667:mile *:mile +:mile 0.083333336:UK *:UK =:UK
EXPR: 0 | POS | FRA | 100 | 0.833333 | 1.05555556011111 | (((1.0/0.083333336)+0.6666667)*0.083333336)=x | 1.0 0.083333336 / 0.6666667 + 0.083333336 * x = | 1.0:UK 0.083333336:mile /:UK 0.6666667:UK +:UK 0.083333336:mile *:mile x:mile =:mile
EXPR: 0 | POS | FRA | 100 | 0.833333 | 0.944444439888889 | (((1.0/0.083333336)-0.6666667)*0.083333336)=x | 1.0 0.083333336 / 0.6666667 - 0.083333336 * x = | 1.0:UK 0.083333336:mile /:UK 0.6666667:UK -:UK 0.083333336:mile *:mile x:mile =:mile
EXPR: 0 | POS | FRA | 100 | 0.833333 | 1.6666667 | x=((0.6666667*1.0)+(0.083333336/0.083333336)) | x 0.6666667 1.0 * 0.083333336 0.083333336 / + = | x:UK 0.6666667:mile 1.0:UK *:UK 0.083333336:UK 0.083333336:mile /:UK +:UK =:UK
EXPR: 0 | POS | FRA | 102 | 0.833333 | 0.6666667 | ((0.6666667-(1.0*x))+0.083333336)=0.083333336 | 0.6666667 1.0 x * - 0.083333336 + 0.083333336 = | 0.6666667:mile 1.0:UK x:mile *:mile -:mile 0.083333336:mile +:mile 0.083333336:mile =:mile
EXPR: 0 | POS | FRA | 102 | 0.833333 | 20.5714268316736 | 1.0=((x*0.083333336)*(0.6666667-0.083333336)) | 1.0 x 0.083333336 * 0.6666667 0.083333336 - * = | 1.0:UK x:mile 0.083333336:UK *:mile 0.6666667:UK 0.083333336:UK -:UK *:UK =:UK
EXPR: 0 | POS | INT | 102 | 0.833333 | 18.99999976 | 1.0=((x*0.083333336)-(0.6666667-0.083333336)) | 1.0 x 0.083333336 * 0.6666667 0.083333336 - - = | 1.0:UK x:mile 0.083333336:UK *:UK 0.6666667:UK 0.083333336:UK -:UK -:UK =:UK
EXPR: 0 | POS | FRA | 102 | 0.833333 | 7.19999962560003 | 1.0=(((0.083333336*0.6666667)+0.083333336)*x) | 1.0 0.083333336 0.6666667 * 0.083333336 + x * = | 1.0:mile 0.083333336:mile 0.6666667:UK *:UK 0.083333336:UK +:UK x:mile *:mile =:mile
EXPR: 0 | POS | INT | 102 | 0.833333 | 0 | 1.0=(((x*0.6666667)+0.083333336)/0.083333336) | 1.0 x 0.6666667 * 0.083333336 + 0.083333336 / = | 1.0:UK x:mile 0.6666667:UK *:UK 0.083333336:UK +:UK 0.083333336:mile /:UK =:UK
EXPR: 0 | POS | INT | 102 | 0.833333 | 7 | 1.0=((x*0.083333336)/(0.6666667-0.083333336)) | 1.0 x 0.083333336 * 0.6666667 0.083333336 - / = | 1.0:UK x:mile 0.083333336:UK *:UK 0.6666667:mile 0.083333336:mile -:mile /:UK =:UK
EXPR: 0 | POS | FRA | 102 | 0.833333 | 1.02777777588889 | 1.0=((0.083333336*0.6666667)-(0.083333336-x)) | 1.0 0.083333336 0.6666667 * 0.083333336 x - - = | 1.0:UK 0.083333336:mile 0.6666667:UK *:UK 0.083333336:UK x:UK -:UK -:UK =:UK
EXPR: 0 | POS | FRA | 107 | 0.833333 | 7.333333444 | ((1.0-0.083333336)*0.6666667)=(x*0.083333336) | 1.0 0.083333336 - 0.6666667 * x 0.083333336 * = | 1.0:UK 0.083333336:UK -:UK 0.6666667:mile *:UK x:mile 0.083333336:UK *:UK =:UK
EXPR: 0 | POS | FRA | 107 | 0.833333 | 0.6666667 | ((x-0.083333336)/1.0)=(0.6666667-0.083333336) | x 0.083333336 - 1.0 / 0.6666667 0.083333336 - = | x:mile 0.083333336:mile -:mile 1.0:UK /:mile 0.6666667:mile 0.083333336:mile -:mile =:mile
EXPR: 0 | POS | FRA | 110 | 0.833333 | 0.694444475888889 | ((0.6666667*(1.0-0.083333336))+0.083333336)=x | 0.6666667 1.0 0.083333336 - * 0.083333336 + x = | 0.6666667:mile 1.0:UK 0.083333336:UK -:UK *:mile 0.083333336:mile +:mile x:mile =:mile
EXPR: 0 | POS | FRA | 110 | 0.833333 | 0.131944451222222 | x=((0.6666667+(1.0-0.083333336))*0.083333336) | x 0.6666667 1.0 0.083333336 - + 0.083333336 * = | x:mile 0.6666667:mile 1.0:mile 0.083333336:mile -:mile +:mile 0.083333336:UK *:mile =:mile
EXPR: 0 | POS | FRA | 120 | 0.833333 | 8.05555570411111 | (0.6666667*((1.0/0.083333336)+0.083333336))=x | 0.6666667 1.0 0.083333336 / 0.083333336 + * x = | 0.6666667:mile 1.0:UK 0.083333336:mile /:UK 0.083333336:UK +:UK *:mile x:mile =:mile
EXPR: 0 | POS | FRA | 120 | 0.833333 | 0.6666667 | x=((1.0*(0.6666667-0.083333336))+0.083333336) | x 1.0 0.6666667 0.083333336 - * 0.083333336 + = | x:mile 1.0:UK 0.6666667:mile 0.083333336:mile -:mile *:mile 0.083333336:mile +:mile =:mile
NET 167 unique, non-negative solutions found out of 341 total solutions
