parameters: n=7 l=3 k=1 p=5 q=1 m=9
TOTAL 480 solutions found
SOLN: CORRECT | POS/NEG | INT/FRA | OBJ-SCORE | TRUE-ANS | ANS | INFIX | POSTFIX | TYPED-POSTFIX
EXPR: 1 | POS | FRA | 0 | 0.833333 | 0.83333334 | (0.16666667+(0.16666667+0.5))=x | 0.16666667 0.16666667 0.5 + + x = | 0.16666667:ton 0.16666667:ton 0.5:ton +:ton +:ton x:ton =:ton
EXPR: 0 | POS | FRA | 0 | 0.833333 | 0.5 | x=((0.16666667-0.16666667)+0.5) | x 0.16666667 0.16666667 - 0.5 + = | x:ton 0.16666667:ton 0.16666667:ton -:ton 0.5:ton +:ton =:ton
EXPR: 0 | POS | FRA | 0 | 0.833333 | 0.5 | x=(0.16666667-(0.16666667-0.5)) | x 0.16666667 0.16666667 0.5 - - = | x:ton 0.16666667:ton 0.16666667:ton 0.5:ton -:ton -:ton =:ton
EXPR: 1 | POS | FRA | 0 | 0.833333 | 0.83333334 | x=(0.16666667+(0.16666667+0.5)) | x 0.16666667 0.16666667 0.5 + + = | x:ton 0.16666667:ton 0.16666667:ton 0.5:ton +:ton +:ton =:ton
EXPR: 1 | POS | FRA | 0 | 0.833333 | 0.83333334 | x=((0.16666667+0.16666667)+0.5) | x 0.16666667 0.16666667 + 0.5 + = | x:ton 0.16666667:ton 0.16666667:ton +:ton 0.5:ton +:ton =:ton
EXPR: 0 | POS | FRA | 0 | 0.833333 | 0.5 | (0.16666667-(0.16666667-0.5))=x | 0.16666667 0.16666667 0.5 - - x = | 0.16666667:ton 0.16666667:ton 0.5:ton -:ton -:ton x:ton =:ton
EXPR: 0 | POS | FRA | 0 | 0.833333 | 0.5 | ((0.16666667-0.16666667)+0.5)=x | 0.16666667 0.16666667 - 0.5 + x = | 0.16666667:ton 0.16666667:ton -:ton 0.5:ton +:ton x:ton =:ton
EXPR: 1 | POS | FRA | 0 | 0.833333 | 0.83333334 | ((0.16666667+0.16666667)+0.5)=x | 0.16666667 0.16666667 + 0.5 + x = | 0.16666667:ton 0.16666667:ton +:ton 0.5:ton +:ton x:ton =:ton
EXPR: 1 | POS | FRA | 2 | 0.833333 | 0.83333334 | 0.16666667=((x-0.16666667)-0.5) | 0.16666667 x 0.16666667 - 0.5 - = | 0.16666667:ton x:ton 0.16666667:ton -:ton 0.5:ton -:ton =:ton
EXPR: 0 | POS | FRA | 2 | 0.833333 | 0.5 | 0.16666667=(0.16666667+(0.5-x)) | 0.16666667 0.16666667 0.5 x - + = | 0.16666667:ton 0.16666667:ton 0.5:ton x:ton -:ton +:ton =:ton
EXPR: 0 | POS | FRA | 2 | 0.833333 | 0.5 | 0.16666667=(0.16666667-(0.5-x)) | 0.16666667 0.16666667 0.5 x - - = | 0.16666667:ton 0.16666667:ton 0.5:ton x:ton -:ton -:ton =:ton
EXPR: 0 | POS | FRA | 2 | 0.833333 | 0.5 | 0.16666667=((0.16666667+0.5)-x) | 0.16666667 0.16666667 0.5 + x - = | 0.16666667:ton 0.16666667:ton 0.5:ton +:ton x:ton -:ton =:ton
EXPR: 0 | POS | FRA | 2 | 0.833333 | 0.5 | 0.16666667=((0.16666667+x)-0.5) | 0.16666667 0.16666667 x + 0.5 - = | 0.16666667:ton 0.16666667:ton x:ton +:ton 0.5:ton -:ton =:ton
EXPR: 0 | POS | FRA | 2 | 0.833333 | 0.5 | ((0.16666667-0.16666667)+x)=0.5 | 0.16666667 0.16666667 - x + 0.5 = | 0.16666667:ton 0.16666667:ton -:ton x:ton +:ton 0.5:ton =:ton
EXPR: 0 | POS | FRA | 2 | 0.833333 | 0.16666666 | ((0.16666667+0.16666667)+x)=0.5 | 0.16666667 0.16666667 + x + 0.5 = | 0.16666667:ton 0.16666667:ton +:ton x:ton +:ton 0.5:ton =:ton
EXPR: 1 | POS | FRA | 2 | 0.833333 | 0.83333334 | 0.16666667=(x-(0.16666667+0.5)) | 0.16666667 x 0.16666667 0.5 + - = | 0.16666667:ton x:ton 0.16666667:ton 0.5:ton +:ton -:ton =:ton
EXPR: 0 | POS | FRA | 2 | 0.833333 | 0.16666666 | ((0.16666667+x)+0.16666667)=0.5 | 0.16666667 x + 0.16666667 + 0.5 = | 0.16666667:ton x:ton +:ton 0.16666667:ton +:ton 0.5:ton =:ton
EXPR: 0 | POS | FRA | 2 | 0.833333 | 0.5 | 0.16666667=((0.16666667-0.5)+x) | 0.16666667 0.16666667 0.5 - x + = | 0.16666667:ton 0.16666667:ton 0.5:ton -:ton x:ton +:ton =:ton
EXPR: 0 | POS | FRA | 2 | 0.833333 | 0.5 | 0.16666667=(x+(0.16666667-0.5)) | 0.16666667 x 0.16666667 0.5 - + = | 0.16666667:ton x:ton 0.16666667:ton 0.5:ton -:ton +:ton =:ton
EXPR: 0 | POS | FRA | 2 | 0.833333 | 0.5 | 0.16666667=((x+0.16666667)-0.5) | 0.16666667 x 0.16666667 + 0.5 - = | 0.16666667:ton x:ton 0.16666667:ton +:ton 0.5:ton -:ton =:ton
EXPR: 0 | POS | FRA | 2 | 0.833333 | 0.5 | 0.16666667=((0.16666667-x)+0.5) | 0.16666667 0.16666667 x - 0.5 + = | 0.16666667:ton 0.16666667:ton x:ton -:ton 0.5:ton +:ton =:ton
EXPR: 0 | POS | FRA | 2 | 0.833333 | 0.16666666 | ((x+0.16666667)+0.16666667)=0.5 | x 0.16666667 + 0.16666667 + 0.5 = | x:ton 0.16666667:ton +:ton 0.16666667:ton +:ton 0.5:ton =:ton
EXPR: 0 | POS | FRA | 2 | 0.833333 | 0.5 | (0.16666667-(0.16666667-x))=0.5 | 0.16666667 0.16666667 x - - 0.5 = | 0.16666667:ton 0.16666667:ton x:ton -:ton -:ton 0.5:ton =:ton
EXPR: 1 | POS | FRA | 2 | 0.833333 | 0.83333334 | (x-(0.16666667+0.16666667))=0.5 | x 0.16666667 0.16666667 + - 0.5 = | x:ton 0.16666667:ton 0.16666667:ton +:ton -:ton 0.5:ton =:ton
EXPR: 0 | POS | FRA | 2 | 0.833333 | 0.5 | ((x-0.16666667)+0.16666667)=0.5 | x 0.16666667 - 0.16666667 + 0.5 = | x:ton 0.16666667:ton -:ton 0.16666667:ton +:ton 0.5:ton =:ton
EXPR: 0 | POS | FRA | 2 | 0.833333 | 0.5 | ((0.16666667+x)-0.16666667)=0.5 | 0.16666667 x + 0.16666667 - 0.5 = | 0.16666667:ton x:ton +:ton 0.16666667:ton -:ton 0.5:ton =:ton
EXPR: 0 | POS | FRA | 2 | 0.833333 | 0.5 | ((x+0.16666667)-0.16666667)=0.5 | x 0.16666667 + 0.16666667 - 0.5 = | x:ton 0.16666667:ton +:ton 0.16666667:ton -:ton 0.5:ton =:ton
EXPR: 0 | POS | FRA | 2 | 0.833333 | 0.16666666 | (0.16666667+(0.16666667+x))=0.5 | 0.16666667 0.16666667 x + + 0.5 = | 0.16666667:ton 0.16666667:ton x:ton +:ton +:ton 0.5:ton =:ton
EXPR: 1 | POS | FRA | 2 | 0.833333 | 0.83333334 | ((x-0.16666667)-0.16666667)=0.5 | x 0.16666667 - 0.16666667 - 0.5 = | x:ton 0.16666667:ton -:ton 0.16666667:ton -:ton 0.5:ton =:ton
EXPR: 0 | POS | FRA | 2 | 0.833333 | 0.5 | (x-(0.16666667-0.16666667))=0.5 | x 0.16666667 0.16666667 - - 0.5 = | x:ton 0.16666667:ton 0.16666667:ton -:ton -:ton 0.5:ton =:ton
EXPR: 0 | POS | FRA | 2 | 0.833333 | 0.5 | (0.16666667+(x-0.16666667))=0.5 | 0.16666667 x 0.16666667 - + 0.5 = | 0.16666667:ton x:ton 0.16666667:ton -:ton +:ton 0.5:ton =:ton
EXPR: 0 | POS | FRA | 2 | 0.833333 | 0.16666666 | (0.16666667+(x+0.16666667))=0.5 | 0.16666667 x 0.16666667 + + 0.5 = | 0.16666667:ton x:ton 0.16666667:ton +:ton +:ton 0.5:ton =:ton
EXPR: 0 | POS | FRA | 2 | 0.833333 | 0.5 | 0.16666667=(0.16666667-(x-0.5)) | 0.16666667 0.16666667 x 0.5 - - = | 0.16666667:ton 0.16666667:ton x:ton 0.5:ton -:ton -:ton =:ton
EXPR: 0 | POS | FRA | 2 | 0.833333 | 0.5 | 0.16666667=(0.16666667+(x-0.5)) | 0.16666667 0.16666667 x 0.5 - + = | 0.16666667:ton 0.16666667:ton x:ton 0.5:ton -:ton +:ton =:ton
EXPR: 0 | POS | FRA | 2 | 0.833333 | 0.16666666 | (x+(0.16666667+0.16666667))=0.5 | x 0.16666667 0.16666667 + + 0.5 = | x:ton 0.16666667:ton 0.16666667:ton +:ton +:ton 0.5:ton =:ton
EXPR: 0 | POS | FRA | 2 | 0.833333 | 0.5 | (x+(0.16666667-0.16666667))=0.5 | x 0.16666667 0.16666667 - + 0.5 = | x:ton 0.16666667:ton 0.16666667:ton -:ton +:ton 0.5:ton =:ton
EXPR: 0 | POS | FRA | 10 | 0.833333 | 0.5 | (0.16666667+(0.5-0.16666667))=x | 0.16666667 0.5 0.16666667 - + x = | 0.16666667:ton 0.5:ton 0.16666667:ton -:ton +:ton x:ton =:ton
EXPR: 0 | POS | FRA | 10 | 0.833333 | 0.5 | x=((0.16666667+0.5)-0.16666667) | x 0.16666667 0.5 + 0.16666667 - = | x:ton 0.16666667:ton 0.5:ton +:ton 0.16666667:ton -:ton =:ton
EXPR: 0 | POS | FRA | 10 | 0.833333 | 0.5 | ((0.16666667+0.5)-0.16666667)=x | 0.16666667 0.5 + 0.16666667 - x = | 0.16666667:ton 0.5:ton +:ton 0.16666667:ton -:ton x:ton =:ton
EXPR: 1 | POS | FRA | 10 | 0.833333 | 0.83333334 | ((0.16666667+0.5)+0.16666667)=x | 0.16666667 0.5 + 0.16666667 + x = | 0.16666667:ton 0.5:ton +:ton 0.16666667:ton +:ton x:ton =:ton
EXPR: 1 | POS | FRA | 10 | 0.833333 | 0.83333334 | x=((0.16666667+0.5)+0.16666667) | x 0.16666667 0.5 + 0.16666667 + = | x:ton 0.16666667:ton 0.5:ton +:ton 0.16666667:ton +:ton =:ton
EXPR: 0 | POS | FRA | 10 | 0.833333 | 0.5 | x=(0.16666667+(0.5-0.16666667)) | x 0.16666667 0.5 0.16666667 - + = | x:ton 0.16666667:ton 0.5:ton 0.16666667:ton -:ton +:ton =:ton
EXPR: 0 | POS | FRA | 12 | 0.833333 | 0.5 | (0.16666667-x)=(0.16666667-0.5) | 0.16666667 x - 0.16666667 0.5 - = | 0.16666667:ton x:ton -:ton 0.16666667:ton 0.5:ton -:ton =:ton
EXPR: 0 | POS | FRA | 12 | 0.833333 | 0.5 | 0.16666667=(x-(0.5-0.16666667)) | 0.16666667 x 0.5 0.16666667 - - = | 0.16666667:ton x:ton 0.5:ton 0.16666667:ton -:ton -:ton =:ton
EXPR: 0 | POS | FRA | 12 | 0.833333 | 0.16666666 | 0.16666667=((0.5-x)-0.16666667) | 0.16666667 0.5 x - 0.16666667 - = | 0.16666667:ton 0.5:ton x:ton -:ton 0.16666667:ton -:ton =:ton
EXPR: 0 | POS | FRA | 12 | 0.833333 | 0.5 | 0.16666667=(0.5-(x-0.16666667)) | 0.16666667 0.5 x 0.16666667 - - = | 0.16666667:ton 0.5:ton x:ton 0.16666667:ton -:ton -:ton =:ton
EXPR: 0 | POS | FRA | 12 | 0.833333 | 0.5 | ((0.16666667+x)-0.5)=0.16666667 | 0.16666667 x + 0.5 - 0.16666667 = | 0.16666667:ton x:ton +:ton 0.5:ton -:ton 0.16666667:ton =:ton
EXPR: 1 | POS | FRA | 12 | 0.833333 | 0.83333334 | (x-0.16666667)=(0.16666667+0.5) | x 0.16666667 - 0.16666667 0.5 + = | x:ton 0.16666667:ton -:ton 0.16666667:ton 0.5:ton +:ton =:ton
EXPR: 0 | POS | FRA | 12 | 0.833333 | 0.5 | (0.16666667-(0.5-x))=0.16666667 | 0.16666667 0.5 x - - 0.16666667 = | 0.16666667:ton 0.5:ton x:ton -:ton -:ton 0.16666667:ton =:ton
EXPR: 0 | POS | FRA | 12 | 0.833333 | 0.5 | (0.16666667+(0.5-x))=0.16666667 | 0.16666667 0.5 x - + 0.16666667 = | 0.16666667:ton 0.5:ton x:ton -:ton +:ton 0.16666667:ton =:ton
EXPR: 0 | POS | FRA | 12 | 0.833333 | 0.16666666 | 0.16666667=((0.5-0.16666667)-x) | 0.16666667 0.5 0.16666667 - x - = | 0.16666667:ton 0.5:ton 0.16666667:ton -:ton x:ton -:ton =:ton
EXPR: 0 | POS | FRA | 12 | 0.833333 | 0.5 | (0.16666667-0.16666667)=(0.5-x) | 0.16666667 0.16666667 - 0.5 x - = | 0.16666667:ton 0.16666667:ton -:ton 0.5:ton x:ton -:ton =:ton
EXPR: 0 | POS | FRA | 12 | 0.833333 | 0.5 | ((0.16666667-0.5)+x)=0.16666667 | 0.16666667 0.5 - x + 0.16666667 = | 0.16666667:ton 0.5:ton -:ton x:ton +:ton 0.16666667:ton =:ton
EXPR: 0 | POS | FRA | 12 | 0.833333 | 0.5 | (0.16666667+x)=(0.16666667+0.5) | 0.16666667 x + 0.16666667 0.5 + = | 0.16666667:ton x:ton +:ton 0.16666667:ton 0.5:ton +:ton =:ton
EXPR: 0 | POS | FRA | 12 | 0.833333 | 0.5 | (x+(0.16666667-0.5))=0.16666667 | x 0.16666667 0.5 - + 0.16666667 = | x:ton 0.16666667:ton 0.5:ton -:ton +:ton 0.16666667:ton =:ton
EXPR: 0 | POS | FRA | 12 | 0.833333 | 0.16666666 | 0.16666667=(0.5-(x+0.16666667)) | 0.16666667 0.5 x 0.16666667 + - = | 0.16666667:ton 0.5:ton x:ton 0.16666667:ton +:ton -:ton =:ton
EXPR: 0 | POS | FRA | 12 | 0.833333 | 0.5 | ((x+0.16666667)-0.5)=0.16666667 | x 0.16666667 + 0.5 - 0.16666667 = | x:ton 0.16666667:ton +:ton 0.5:ton -:ton 0.16666667:ton =:ton
EXPR: 0 | POS | FRA | 12 | 0.833333 | 0.5 | 0.16666667=((0.5-x)+0.16666667) | 0.16666667 0.5 x - 0.16666667 + = | 0.16666667:ton 0.5:ton x:ton -:ton 0.16666667:ton +:ton =:ton
EXPR: 0 | POS | FRA | 12 | 0.833333 | 0.5 | ((0.16666667-x)+0.5)=0.16666667 | 0.16666667 x - 0.5 + 0.16666667 = | 0.16666667:ton x:ton -:ton 0.5:ton +:ton 0.16666667:ton =:ton
EXPR: 0 | POS | FRA | 12 | 0.833333 | 0.5 | (0.16666667-(x-0.5))=0.16666667 | 0.16666667 x 0.5 - - 0.16666667 = | 0.16666667:ton x:ton 0.5:ton -:ton -:ton 0.16666667:ton =:ton
EXPR: 1 | POS | FRA | 12 | 0.833333 | 0.83333334 | (x-(0.16666667+0.5))=0.16666667 | x 0.16666667 0.5 + - 0.16666667 = | x:ton 0.16666667:ton 0.5:ton +:ton -:ton 0.16666667:ton =:ton
EXPR: 0 | POS | FRA | 12 | 0.833333 | 0.5 | (0.16666667+(x-0.5))=0.16666667 | 0.16666667 x 0.5 - + 0.16666667 = | 0.16666667:ton x:ton 0.5:ton -:ton +:ton 0.16666667:ton =:ton
EXPR: 0 | POS | FRA | 12 | 0.833333 | 0.16666666 | 0.16666667=(0.5-(0.16666667+x)) | 0.16666667 0.5 0.16666667 x + - = | 0.16666667:ton 0.5:ton 0.16666667:ton x:ton +:ton -:ton =:ton
EXPR: 0 | POS | FRA | 12 | 0.833333 | 0.5 | (x+0.16666667)=(0.16666667+0.5) | x 0.16666667 + 0.16666667 0.5 + = | x:ton 0.16666667:ton +:ton 0.16666667:ton 0.5:ton +:ton =:ton
EXPR: 1 | POS | FRA | 12 | 0.833333 | 0.83333334 | ((x-0.16666667)-0.5)=0.16666667 | x 0.16666667 - 0.5 - 0.16666667 = | x:ton 0.16666667:ton -:ton 0.5:ton -:ton 0.16666667:ton =:ton
EXPR: 0 | POS | FRA | 12 | 0.833333 | 0.16666666 | (0.16666667+0.16666667)=(0.5-x) | 0.16666667 0.16666667 + 0.5 x - = | 0.16666667:ton 0.16666667:ton +:ton 0.5:ton x:ton -:ton =:ton
EXPR: 1 | POS | FRA | 12 | 0.833333 | 0.83333334 | 0.16666667=((x-0.5)-0.16666667) | 0.16666667 x 0.5 - 0.16666667 - = | 0.16666667:ton x:ton 0.5:ton -:ton 0.16666667:ton -:ton =:ton
EXPR: 0 | POS | FRA | 12 | 0.833333 | 0.5 | ((0.16666667+0.5)-x)=0.16666667 | 0.16666667 0.5 + x - 0.16666667 = | 0.16666667:ton 0.5:ton +:ton x:ton -:ton 0.16666667:ton =:ton
EXPR: 0 | POS | FRA | 12 | 0.833333 | 0.5 | 0.16666667=(0.5+(0.16666667-x)) | 0.16666667 0.5 0.16666667 x - + = | 0.16666667:ton 0.5:ton 0.16666667:ton x:ton -:ton +:ton =:ton
EXPR: 0 | POS | FRA | 12 | 0.833333 | 0.5 | (0.16666667-0.16666667)=(x-0.5) | 0.16666667 0.16666667 - x 0.5 - = | 0.16666667:ton 0.16666667:ton -:ton x:ton 0.5:ton -:ton =:ton
EXPR: 1 | POS | FRA | 12 | 0.833333 | 0.83333334 | (0.16666667+0.16666667)=(x-0.5) | 0.16666667 0.16666667 + x 0.5 - = | 0.16666667:ton 0.16666667:ton +:ton x:ton 0.5:ton -:ton =:ton
EXPR: 0 | POS | FRA | 12 | 0.833333 | 0.5 | 0.16666667=((x-0.5)+0.16666667) | 0.16666667 x 0.5 - 0.16666667 + = | 0.16666667:ton x:ton 0.5:ton -:ton 0.16666667:ton +:ton =:ton
EXPR: 0 | POS | FRA | 22 | 0.833333 | 0.5 | (x-0.16666667)=(0.5-0.16666667) | x 0.16666667 - 0.5 0.16666667 - = | x:ton 0.16666667:ton -:ton 0.5:ton 0.16666667:ton -:ton =:ton
EXPR: 0 | POS | FRA | 22 | 0.833333 | 0.16666666 | (x+0.16666667)=(0.5-0.16666667) | x 0.16666667 + 0.5 0.16666667 - = | x:ton 0.16666667:ton +:ton 0.5:ton 0.16666667:ton -:ton =:ton
EXPR: 0 | POS | FRA | 22 | 0.833333 | 0.16666666 | (0.16666667+x)=(0.5-0.16666667) | 0.16666667 x + 0.5 0.16666667 - = | 0.16666667:ton x:ton +:ton 0.5:ton 0.16666667:ton -:ton =:ton
EXPR: 0 | POS | FRA | 22 | 0.833333 | 0.5 | (0.16666667-0.5)=(0.16666667-x) | 0.16666667 0.5 - 0.16666667 x - = | 0.16666667:ton 0.5:ton -:ton 0.16666667:ton x:ton -:ton =:ton
EXPR: 1 | POS | FRA | 22 | 0.833333 | 0.83333334 | (0.16666667+0.5)=(x-0.16666667) | 0.16666667 0.5 + x 0.16666667 - = | 0.16666667:ton 0.5:ton +:ton x:ton 0.16666667:ton -:ton =:ton
EXPR: 0 | POS | FRA | 22 | 0.833333 | 0.5 | (0.16666667+0.5)=(0.16666667+x) | 0.16666667 0.5 + 0.16666667 x + = | 0.16666667:ton 0.5:ton +:ton 0.16666667:ton x:ton +:ton =:ton
EXPR: 0 | POS | FRA | 22 | 0.833333 | 0.5 | (0.16666667+0.5)=(x+0.16666667) | 0.16666667 0.5 + x 0.16666667 + = | 0.16666667:ton 0.5:ton +:ton x:ton 0.16666667:ton +:ton =:ton
EXPR: 1 | POS | FRA | 25 | 0.833333 | 0.83333334 | (0.5+(0.16666667+0.16666667))=x | 0.5 0.16666667 0.16666667 + + x = | 0.5:ton 0.16666667:ton 0.16666667:ton +:ton +:ton x:ton =:ton
EXPR: 0 | POS | FRA | 25 | 0.833333 | 0.5 | ((0.5-0.16666667)+0.16666667)=x | 0.5 0.16666667 - 0.16666667 + x = | 0.5:ton 0.16666667:ton -:ton 0.16666667:ton +:ton x:ton =:ton
EXPR: 0 | POS | FRA | 25 | 0.833333 | 0.16666666 | ((0.5-0.16666667)-0.16666667)=x | 0.5 0.16666667 - 0.16666667 - x = | 0.5:ton 0.16666667:ton -:ton 0.16666667:ton -:ton x:ton =:ton
EXPR: 0 | POS | FRA | 25 | 0.833333 | 0.5 | x=(0.5+(0.16666667-0.16666667)) | x 0.5 0.16666667 0.16666667 - + = | x:ton 0.5:ton 0.16666667:ton 0.16666667:ton -:ton +:ton =:ton
EXPR: 0 | POS | FRA | 25 | 0.833333 | 0.16666666 | x=(0.5-(0.16666667+0.16666667)) | x 0.5 0.16666667 0.16666667 + - = | x:ton 0.5:ton 0.16666667:ton 0.16666667:ton +:ton -:ton =:ton
EXPR: 0 | POS | FRA | 25 | 0.833333 | 0.5 | (0.5+(0.16666667-0.16666667))=x | 0.5 0.16666667 0.16666667 - + x = | 0.5:ton 0.16666667:ton 0.16666667:ton -:ton +:ton x:ton =:ton
EXPR: 0 | POS | FRA | 25 | 0.833333 | 0.5 | x=(0.5-(0.16666667-0.16666667)) | x 0.5 0.16666667 0.16666667 - - = | x:ton 0.5:ton 0.16666667:ton 0.16666667:ton -:ton -:ton =:ton
EXPR: 1 | POS | FRA | 25 | 0.833333 | 0.83333334 | x=(0.5+(0.16666667+0.16666667)) | x 0.5 0.16666667 0.16666667 + + = | x:ton 0.5:ton 0.16666667:ton 0.16666667:ton +:ton +:ton =:ton
EXPR: 0 | POS | FRA | 25 | 0.833333 | 0.16666666 | x=((0.5-0.16666667)-0.16666667) | x 0.5 0.16666667 - 0.16666667 - = | x:ton 0.5:ton 0.16666667:ton -:ton 0.16666667:ton -:ton =:ton
EXPR: 0 | POS | FRA | 25 | 0.833333 | 0.5 | x=((0.5-0.16666667)+0.16666667) | x 0.5 0.16666667 - 0.16666667 + = | x:ton 0.5:ton 0.16666667:ton -:ton 0.16666667:ton +:ton =:ton
EXPR: 0 | POS | FRA | 25 | 0.833333 | 0.16666666 | (0.5-(0.16666667+0.16666667))=x | 0.5 0.16666667 0.16666667 + - x = | 0.5:ton 0.16666667:ton 0.16666667:ton +:ton -:ton x:ton =:ton
EXPR: 0 | POS | FRA | 25 | 0.833333 | 0.5 | (0.5-(0.16666667-0.16666667))=x | 0.5 0.16666667 0.16666667 - - x = | 0.5:ton 0.16666667:ton 0.16666667:ton -:ton -:ton x:ton =:ton
EXPR: 1 | POS | FRA | 27 | 0.833333 | 0.83333334 | 0.5=((x-0.16666667)-0.16666667) | 0.5 x 0.16666667 - 0.16666667 - = | 0.5:ton x:ton 0.16666667:ton -:ton 0.16666667:ton -:ton =:ton
EXPR: 0 | POS | FRA | 27 | 0.833333 | 0.16666666 | 0.5=((x+0.16666667)+0.16666667) | 0.5 x 0.16666667 + 0.16666667 + = | 0.5:ton x:ton 0.16666667:ton +:ton 0.16666667:ton +:ton =:ton
EXPR: 0 | POS | FRA | 27 | 0.833333 | 0.5 | (0.5+(0.16666667-x))=0.16666667 | 0.5 0.16666667 x - + 0.16666667 = | 0.5:ton 0.16666667:ton x:ton -:ton +:ton 0.16666667:ton =:ton
EXPR: 0 | POS | FRA | 27 | 0.833333 | 0.5 | 0.5=((x+0.16666667)-0.16666667) | 0.5 x 0.16666667 + 0.16666667 - = | 0.5:ton x:ton 0.16666667:ton +:ton 0.16666667:ton -:ton =:ton
EXPR: 1 | POS | FRA | 27 | 0.833333 | 0.83333334 | ((x-0.5)-0.16666667)=0.16666667 | x 0.5 - 0.16666667 - 0.16666667 = | x:ton 0.5:ton -:ton 0.16666667:ton -:ton 0.16666667:ton =:ton
EXPR: 0 | POS | FRA | 27 | 0.833333 | 0.5 | 0.5=((0.16666667-0.16666667)+x) | 0.5 0.16666667 0.16666667 - x + = | 0.5:ton 0.16666667:ton 0.16666667:ton -:ton x:ton +:ton =:ton
EXPR: 0 | POS | FRA | 27 | 0.833333 | 0.5 | ((x-0.5)+0.16666667)=0.16666667 | x 0.5 - 0.16666667 + 0.16666667 = | x:ton 0.5:ton -:ton 0.16666667:ton +:ton 0.16666667:ton =:ton
EXPR: 0 | POS | FRA | 27 | 0.833333 | 0.16666666 | 0.5=(0.16666667+(x+0.16666667)) | 0.5 0.16666667 x 0.16666667 + + = | 0.5:ton 0.16666667:ton x:ton 0.16666667:ton +:ton +:ton =:ton
EXPR: 0 | POS | FRA | 27 | 0.833333 | 0.5 | 0.5=((x-0.16666667)+0.16666667) | 0.5 x 0.16666667 - 0.16666667 + = | 0.5:ton x:ton 0.16666667:ton -:ton 0.16666667:ton +:ton =:ton
EXPR: 0 | POS | FRA | 27 | 0.833333 | 0.16666666 | 0.5=((0.16666667+0.16666667)+x) | 0.5 0.16666667 0.16666667 + x + = | 0.5:ton 0.16666667:ton 0.16666667:ton +:ton x:ton +:ton =:ton
EXPR: 1 | POS | FRA | 27 | 0.833333 | 0.83333334 | 0.5=(x-(0.16666667+0.16666667)) | 0.5 x 0.16666667 0.16666667 + - = | 0.5:ton x:ton 0.16666667:ton 0.16666667:ton +:ton -:ton =:ton
EXPR: 0 | POS | FRA | 27 | 0.833333 | 0.5 | 0.5=(x-(0.16666667-0.16666667)) | 0.5 x 0.16666667 0.16666667 - - = | 0.5:ton x:ton 0.16666667:ton 0.16666667:ton -:ton -:ton =:ton
EXPR: 0 | POS | FRA | 27 | 0.833333 | 0.16666666 | ((0.5-0.16666667)-x)=0.16666667 | 0.5 0.16666667 - x - 0.16666667 = | 0.5:ton 0.16666667:ton -:ton x:ton -:ton 0.16666667:ton =:ton
EXPR: 0 | POS | FRA | 27 | 0.833333 | 0.5 | 0.5=((0.16666667+x)-0.16666667) | 0.5 0.16666667 x + 0.16666667 - = | 0.5:ton 0.16666667:ton x:ton +:ton 0.16666667:ton -:ton =:ton
EXPR: 0 | POS | FRA | 27 | 0.833333 | 0.5 | 0.5=(0.16666667-(0.16666667-x)) | 0.5 0.16666667 0.16666667 x - - = | 0.5:ton 0.16666667:ton 0.16666667:ton x:ton -:ton -:ton =:ton
EXPR: 0 | POS | FRA | 27 | 0.833333 | 0.16666666 | (0.5-(0.16666667+x))=0.16666667 | 0.5 0.16666667 x + - 0.16666667 = | 0.5:ton 0.16666667:ton x:ton +:ton -:ton 0.16666667:ton =:ton
EXPR: 0 | POS | FRA | 27 | 0.833333 | 0.5 | 0.5=(x+(0.16666667-0.16666667)) | 0.5 x 0.16666667 0.16666667 - + = | 0.5:ton x:ton 0.16666667:ton 0.16666667:ton -:ton +:ton =:ton
EXPR: 0 | POS | FRA | 27 | 0.833333 | 0.16666666 | 0.5=((0.16666667+x)+0.16666667) | 0.5 0.16666667 x + 0.16666667 + = | 0.5:ton 0.16666667:ton x:ton +:ton 0.16666667:ton +:ton =:ton
EXPR: 0 | POS | FRA | 27 | 0.833333 | 0.5 | ((0.5-x)+0.16666667)=0.16666667 | 0.5 x - 0.16666667 + 0.16666667 = | 0.5:ton x:ton -:ton 0.16666667:ton +:ton 0.16666667:ton =:ton
EXPR: 0 | POS | FRA | 27 | 0.833333 | 0.16666666 | 0.5=(0.16666667+(0.16666667+x)) | 0.5 0.16666667 0.16666667 x + + = | 0.5:ton 0.16666667:ton 0.16666667:ton x:ton +:ton +:ton =:ton
EXPR: 0 | POS | FRA | 27 | 0.833333 | 0.16666666 | 0.5=(x+(0.16666667+0.16666667)) | 0.5 x 0.16666667 0.16666667 + + = | 0.5:ton x:ton 0.16666667:ton 0.16666667:ton +:ton +:ton =:ton
EXPR: 0 | POS | FRA | 27 | 0.833333 | 0.5 | (x-(0.5-0.16666667))=0.16666667 | x 0.5 0.16666667 - - 0.16666667 = | x:ton 0.5:ton 0.16666667:ton -:ton -:ton 0.16666667:ton =:ton
EXPR: 0 | POS | FRA | 27 | 0.833333 | 0.16666666 | (0.5-(x+0.16666667))=0.16666667 | 0.5 x 0.16666667 + - 0.16666667 = | 0.5:ton x:ton 0.16666667:ton +:ton -:ton 0.16666667:ton =:ton
EXPR: 0 | POS | FRA | 27 | 0.833333 | 0.5 | (0.5-(x-0.16666667))=0.16666667 | 0.5 x 0.16666667 - - 0.16666667 = | 0.5:ton x:ton 0.16666667:ton -:ton -:ton 0.16666667:ton =:ton
EXPR: 0 | POS | FRA | 27 | 0.833333 | 0.5 | 0.5=(0.16666667+(x-0.16666667)) | 0.5 0.16666667 x 0.16666667 - + = | 0.5:ton 0.16666667:ton x:ton 0.16666667:ton -:ton +:ton =:ton
EXPR: 0 | POS | FRA | 27 | 0.833333 | 0.16666666 | ((0.5-x)-0.16666667)=0.16666667 | 0.5 x - 0.16666667 - 0.16666667 = | 0.5:ton x:ton -:ton 0.16666667:ton -:ton 0.16666667:ton =:ton
EXPR: 0 | POS | FRA | 37 | 0.833333 | 0.16666666 | (0.5-x)=(0.16666667+0.16666667) | 0.5 x - 0.16666667 0.16666667 + = | 0.5:ton x:ton -:ton 0.16666667:ton 0.16666667:ton +:ton =:ton
EXPR: 0 | POS | FRA | 37 | 0.833333 | 0.5 | (0.5-x)=(0.16666667-0.16666667) | 0.5 x - 0.16666667 0.16666667 - = | 0.5:ton x:ton -:ton 0.16666667:ton 0.16666667:ton -:ton =:ton
EXPR: 1 | POS | FRA | 37 | 0.833333 | 0.83333334 | (x-0.5)=(0.16666667+0.16666667) | x 0.5 - 0.16666667 0.16666667 + = | x:ton 0.5:ton -:ton 0.16666667:ton 0.16666667:ton +:ton =:ton
EXPR: 0 | POS | FRA | 37 | 0.833333 | 0.16666666 | (0.5-0.16666667)=(x+0.16666667) | 0.5 0.16666667 - x 0.16666667 + = | 0.5:ton 0.16666667:ton -:ton x:ton 0.16666667:ton +:ton =:ton
EXPR: 0 | POS | FRA | 37 | 0.833333 | 0.5 | (0.5-0.16666667)=(x-0.16666667) | 0.5 0.16666667 - x 0.16666667 - = | 0.5:ton 0.16666667:ton -:ton x:ton 0.16666667:ton -:ton =:ton
EXPR: 0 | POS | FRA | 37 | 0.833333 | 0.16666666 | (0.5-0.16666667)=(0.16666667+x) | 0.5 0.16666667 - 0.16666667 x + = | 0.5:ton 0.16666667:ton -:ton 0.16666667:ton x:ton +:ton =:ton
EXPR: 0 | POS | FRA | 37 | 0.833333 | 0.5 | (x-0.5)=(0.16666667-0.16666667) | x 0.5 - 0.16666667 0.16666667 - = | x:ton 0.5:ton -:ton 0.16666667:ton 0.16666667:ton -:ton =:ton
NET 124 unique, non-negative solutions found out of 480 total solutions
