parameters: n=11 l=5 k=1 p=5 q=2 m=11
TOTAL 82 solutions found
SOLN: CORRECT | POS/NEG | INT/FRA | OBJ-SCORE | TRUE-ANS | ANS | INFIX | POSTFIX | TYPED-POSTFIX
EXPR: 0 | POS | FRA | 0 | 0.916667 | 3.166666635 | ((0.25+0.41666666)*(2.0-(0.25-3.0)))=x | 0.25 0.41666666 + 2.0 0.25 3.0 - - * x = | 0.25:pitcher 0.41666666:pitcher +:pitcher 2.0:UK 0.25:UK 3.0:UK -:UK -:UK *:pitcher x:pitcher =:pitcher
EXPR: 0 | POS | FRA | 0 | 0.916667 | 0.140350875789474 | ((0.25+0.41666666)/(2.0-(0.25-3.0)))=x | 0.25 0.41666666 + 2.0 0.25 3.0 - - / x = | 0.25:pitcher 0.41666666:pitcher +:pitcher 2.0:UK 0.25:UK 3.0:UK -:UK -:UK /:pitcher x:pitcher =:pitcher
EXPR: 0 | POS | FRA | 0 | 0.916667 | 0.124999995 | ((0.25-0.41666666)*((2.0+0.25)-3.0))=x | 0.25 0.41666666 - 2.0 0.25 + 3.0 - * x = | 0.25:pitcher 0.41666666:pitcher -:pitcher 2.0:UK 0.25:UK +:UK 3.0:UK -:UK *:pitcher x:pitcher =:pitcher
EXPR: 0 | POS | FRA | 0 | 0.916667 | 0.222222213333333 | ((0.25-0.41666666)/((2.0+0.25)-3.0))=x | 0.25 0.41666666 - 2.0 0.25 + 3.0 - / x = | 0.25:pitcher 0.41666666:pitcher -:pitcher 2.0:UK 0.25:UK +:UK 3.0:UK -:UK /:pitcher x:pitcher =:pitcher
EXPR: 0 | POS | FRA | 10 | 0.916667 | 5.33333333333333 | ((0.25-0.41666666)-(2.0*(0.25-3.0)))=x | 0.25 0.41666666 - 2.0 0.25 3.0 - * - x = | 0.25:pitcher 0.41666666:pitcher -:pitcher 2.0:pitcher 0.25:UK 3.0:UK -:UK *:pitcher -:pitcher x:pitcher =:pitcher
EXPR: 0 | POS | FRA | 10 | 0.916667 | 0.833333325 | ((0.25+0.41666666)*((0.25-2.0)+3.0))=x | 0.25 0.41666666 + 0.25 2.0 - 3.0 + * x = | 0.25:pitcher 0.41666666:pitcher +:pitcher 0.25:UK 2.0:UK -:UK 3.0:UK +:UK *:pitcher x:pitcher =:pitcher
EXPR: 0 | POS | FRA | 10 | 0.916667 | 0.54687499125 | ((0.25*0.41666666)*((2.0+0.25)+3.0))=x | 0.25 0.41666666 * 2.0 0.25 + 3.0 + * x = | 0.25:UK 0.41666666:pitcher *:pitcher 2.0:UK 0.25:UK +:UK 3.0:UK +:UK *:pitcher x:pitcher =:pitcher
EXPR: 0 | POS | FRA | 20 | 0.916667 | 3.833333295 | ((0.25+0.41666666)*((2.0*3.0)-0.25))=x | 0.25 0.41666666 + 2.0 3.0 * 0.25 - * x = | 0.25:pitcher 0.41666666:pitcher +:pitcher 2.0:pitcher 3.0:UK *:UK 0.25:UK -:UK *:pitcher x:pitcher =:pitcher
EXPR: 0 | POS | FRA | 22 | 0.916667 | 2.91666664 | 0.41666666=(0.25*(((2.0+x)-0.25)-3.0)) | 0.41666666 0.25 2.0 x + 0.25 - 3.0 - * = | 0.41666666:pitcher 0.25:pitcher 2.0:UK x:UK +:UK 0.25:UK -:UK 3.0:UK -:UK *:pitcher =:pitcher
EXPR: 1 | POS | FRA | 30 | 0.916667 | 0.91666666 | ((0.41666666-0.25)+((2.0+0.25)/3.0))=x | 0.41666666 0.25 - 2.0 0.25 + 3.0 / + x = | 0.41666666:pitcher 0.25:pitcher -:pitcher 2.0:pitcher 0.25:pitcher +:pitcher 3.0:UK /:pitcher +:pitcher x:pitcher =:pitcher
EXPR: 0 | POS | FRA | 30 | 0.916667 | 2.66666666666667 | x=((0.25*(0.41666666+(0.25-2.0)))+3.0) | x 0.25 0.41666666 0.25 2.0 - + * 3.0 + = | x:UK 0.25:pitcher 0.41666666:UK 0.25:UK 2.0:UK -:UK +:UK *:UK 3.0:UK +:UK =:UK
EXPR: 0 | POS | FRA | 32 | 0.916667 | 3.604166665 | (x-((0.25*0.41666666)+(2.0*0.25)))=3.0 | x 0.25 0.41666666 * 2.0 0.25 * + - 3.0 = | x:UK 0.25:UK 0.41666666:pitcher *:UK 2.0:UK 0.25:pitcher *:UK +:UK -:UK 3.0:UK =:UK
EXPR: 0 | POS | FRA | 32 | 0.916667 | 5.41666666 | (((x+0.25)-0.41666666)-(2.0+0.25))=3.0 | x 0.25 + 0.41666666 - 2.0 0.25 + - 3.0 = | x:UK 0.25:UK +:UK 0.41666666:UK -:UK 2.0:UK 0.25:UK +:UK -:UK 3.0:UK =:UK
EXPR: 0 | POS | FRA | 32 | 0.916667 | 5.1499999904 | 0.25=(0.41666666*(((2.0*3.0)-0.25)-x)) | 0.25 0.41666666 2.0 3.0 * 0.25 - x - * = | 0.25:pitcher 0.41666666:pitcher 2.0:pitcher 3.0:UK *:UK 0.25:UK -:UK x:UK -:UK *:pitcher =:pitcher
EXPR: 0 | POS | FRA | 35 | 0.916667 | 0.88888888 | ((0.25+0.41666666)/((3.0-0.25)-2.0))=x | 0.25 0.41666666 + 3.0 0.25 - 2.0 - / x = | 0.25:pitcher 0.41666666:pitcher +:pitcher 3.0:UK 0.25:UK -:UK 2.0:UK -:UK /:pitcher x:pitcher =:pitcher
EXPR: 0 | POS | FRA | 37 | 0.916667 | 18.58333334 | 0.25=((2.0-(0.25*(x+0.41666666)))+3.0) | 0.25 2.0 0.25 x 0.41666666 + * - 3.0 + = | 0.25:UK 2.0:UK 0.25:UK x:pitcher 0.41666666:pitcher +:pitcher *:UK -:UK 3.0:UK +:UK =:UK
EXPR: 0 | POS | FRA | 45 | 0.916667 | 2.19270834625 | x=((((0.25*0.25)-2.0)*0.41666666)+3.0) | x 0.25 0.25 * 2.0 - 0.41666666 * 3.0 + = | x:pitcher 0.25:pitcher 0.25:UK *:UK 2.0:UK -:UK 0.41666666:pitcher *:pitcher 3.0:pitcher +:pitcher =:pitcher
EXPR: 0 | POS | FRA | 52 | 0.916667 | 16.66666656 | 0.41666666=(0.25*(((2.0+x)*0.25)-3.0)) | 0.41666666 0.25 2.0 x + 0.25 * 3.0 - * = | 0.41666666:pitcher 0.25:UK 2.0:UK x:UK +:UK 0.25:pitcher *:pitcher 3.0:pitcher -:pitcher *:pitcher =:pitcher
EXPR: 0 | POS | FRA | 60 | 0.916667 | 1.395833335 | (0.25-((0.25*(0.41666666+3.0))-2.0))=x | 0.25 0.25 0.41666666 3.0 + * 2.0 - - x = | 0.25:pitcher 0.25:UK 0.41666666:pitcher 3.0:pitcher +:pitcher *:pitcher 2.0:pitcher -:pitcher -:pitcher x:pitcher =:pitcher
EXPR: 0 | POS | FRA | 65 | 0.916667 | 2.0833333 | x=(0.41666666*(0.25+(2.0-(0.25-3.0)))) | x 0.41666666 0.25 2.0 0.25 3.0 - - + * = | x:pitcher 0.41666666:pitcher 0.25:UK 2.0:UK 0.25:UK 3.0:UK -:UK -:UK +:UK *:pitcher =:pitcher
EXPR: 0 | POS | FRA | 67 | 0.916667 | 8.87500036000001 | ((0.41666666-0.25)*((x*2.0)+0.25))=3.0 | 0.41666666 0.25 - x 2.0 * 0.25 + * 3.0 = | 0.41666666:UK 0.25:UK -:UK x:pitcher 2.0:UK *:pitcher 0.25:pitcher +:pitcher *:UK 3.0:UK =:UK
EXPR: 0 | POS | FRA | 67 | 0.916667 | 2.25 | 0.41666666=(x-(2.0-((0.25+0.25)/3.0))) | 0.41666666 x 2.0 0.25 0.25 + 3.0 / - - = | 0.41666666:UK x:UK 2.0:UK 0.25:UK 0.25:UK +:UK 3.0:pitcher /:UK -:UK -:UK =:UK
EXPR: 0 | POS | FRA | 67 | 0.916667 | 2.16666668 | ((0.25+0.41666666)+((x-3.0)/2.0))=0.25 | 0.25 0.41666666 + x 3.0 - 2.0 / + 0.25 = | 0.25:UK 0.41666666:UK +:UK x:UK 3.0:UK -:UK 2.0:pitcher /:UK +:UK 0.25:UK =:UK
EXPR: 0 | POS | FRA | 67 | 0.916667 | 2.58333333333333 | (0.41666666-((2.0*(0.25-0.25))-x))=3.0 | 0.41666666 2.0 0.25 0.25 - * x - - 3.0 = | 0.41666666:pitcher 2.0:UK 0.25:pitcher 0.25:pitcher -:pitcher *:pitcher x:pitcher -:pitcher -:pitcher 3.0:pitcher =:pitcher
EXPR: 0 | POS | FRA | 77 | 0.916667 | 1.91666667333333 | ((x+0.41666666)-(0.25+(0.25/3.0)))=2.0 | x 0.41666666 + 0.25 0.25 3.0 / + - 2.0 = | x:pitcher 0.41666666:pitcher +:pitcher 0.25:pitcher 0.25:pitcher 3.0:UK /:pitcher +:pitcher -:pitcher 2.0:pitcher =:pitcher
EXPR: 0 | POS | FRA | 82 | 0.916667 | 2.70833333 | ((0.25/0.25)+((x-3.0)*2.0))=0.41666666 | 0.25 0.25 / x 3.0 - 2.0 * + 0.41666666 = | 0.25:pitcher 0.25:UK /:pitcher x:pitcher 3.0:pitcher -:pitcher 2.0:UK *:pitcher +:pitcher 0.41666666:pitcher =:pitcher
EXPR: 0 | POS | FRA | 82 | 0.916667 | 1.83333332 | ((0.25/0.25)+((x-3.0)/2.0))=0.41666666 | 0.25 0.25 / x 3.0 - 2.0 / + 0.41666666 = | 0.25:pitcher 0.25:UK /:pitcher x:pitcher 3.0:pitcher -:pitcher 2.0:UK /:pitcher +:pitcher 0.41666666:pitcher =:pitcher
EXPR: 0 | POS | FRA | 92 | 0.916667 | 9.24999998 | (((x*0.25)-2.0)/3.0)=(0.41666666*0.25) | x 0.25 * 2.0 - 3.0 / 0.41666666 0.25 * = | x:pitcher 0.25:UK *:UK 2.0:UK -:UK 3.0:pitcher /:UK 0.41666666:UK 0.25:pitcher *:UK =:UK
EXPR: 0 | POS | FRA | 102 | 0.916667 | 4.08333334 | 0.41666666=((2.0-(x+0.25))+(3.0-0.25)) | 0.41666666 2.0 x 0.25 + - 3.0 0.25 - + = | 0.41666666:UK 2.0:UK x:UK 0.25:UK +:UK -:UK 3.0:UK 0.25:UK -:UK +:UK =:UK
EXPR: 0 | POS | FRA | 112 | 0.916667 | 1.08333334 | ((x+2.0)-(0.25-0.41666666))=(0.25+3.0) | x 2.0 + 0.25 0.41666666 - - 0.25 3.0 + = | x:pitcher 2.0:pitcher +:pitcher 0.25:pitcher 0.41666666:pitcher -:pitcher -:pitcher 0.25:pitcher 3.0:pitcher +:pitcher =:pitcher
EXPR: 0 | POS | FRA | 112 | 0.916667 | 4.62499999625 | 3.0=((0.25/(0.41666666+0.25))+(x-2.0)) | 3.0 0.25 0.41666666 0.25 + / x 2.0 - + = | 3.0:pitcher 0.25:pitcher 0.41666666:UK 0.25:UK +:UK /:pitcher x:pitcher 2.0:pitcher -:pitcher +:pitcher =:pitcher
EXPR: 0 | POS | FRA | 112 | 0.916667 | 0.58333334 | (3.0-0.25)=((0.41666666+2.0)+(x-0.25)) | 3.0 0.25 - 0.41666666 2.0 + x 0.25 - + = | 3.0:UK 0.25:UK -:UK 0.41666666:UK 2.0:UK +:UK x:UK 0.25:UK -:UK +:UK =:UK
EXPR: 0 | POS | FRA | 117 | 0.916667 | 2.40151514909091 | ((3.0-0.25)*(x-(2.0+0.25)))=0.41666666 | 3.0 0.25 - x 2.0 0.25 + - * 0.41666666 = | 3.0:pitcher 0.25:pitcher -:pitcher x:UK 2.0:UK 0.25:UK +:UK -:UK *:pitcher 0.41666666:pitcher =:pitcher
EXPR: 0 | POS | FRA | 135 | 0.916667 | 5.75 | x=(3.0*(0.41666666+(2.0-(0.25+0.25)))) | x 3.0 0.41666666 2.0 0.25 0.25 + - + * = | x:UK 3.0:pitcher 0.41666666:UK 2.0:UK 0.25:UK 0.25:UK +:UK -:UK +:UK *:UK =:UK
EXPR: 0 | POS | FRA | 137 | 0.916667 | 0.126984126984127 | (x*(2.0+(0.25+3.0)))=(0.25+0.41666666) | x 2.0 0.25 3.0 + + * 0.25 0.41666666 + = | x:pitcher 2.0:UK 0.25:UK 3.0:UK +:UK +:UK *:UK 0.25:UK 0.41666666:UK +:UK =:UK
NET 35 unique, non-negative solutions found out of 82 total solutions
