parameters: n=7 l=3 k=1 p=5 q=2 m=9
TOTAL 1000 solutions found
SOLN: CORRECT | POS/NEG | INT/FRA | OBJ-SCORE | TRUE-ANS | ANS | INFIX | POSTFIX | TYPED-POSTFIX
EXPR: 0 | POS | FRA | 2 | 0.833333 | 0.111111114666667 | ((0.083333336/x)-0.33333334)=0.41666666 | 0.083333336 x / 0.33333334 - 0.41666666 = | 0.083333336:ounce x:UK /:ounce 0.33333334:ounce -:ounce 0.41666666:ounce =:ounce
EXPR: 0 | POS | INT | 2 | 0.833333 | 1.00000019200003 | ((0.083333336/x)+0.33333334)=0.41666666 | 0.083333336 x / 0.33333334 + 0.41666666 = | 0.083333336:ounce x:UK /:ounce 0.33333334:ounce +:ounce 0.41666666:ounce =:ounce
EXPR: 0 | POS | INT | 2 | 0.833333 | 8.99999971200001 | ((x*0.083333336)-0.33333334)=0.41666666 | x 0.083333336 * 0.33333334 - 0.41666666 = | x:UK 0.083333336:ounce *:ounce 0.33333334:ounce -:ounce 0.41666666:ounce =:ounce
EXPR: 0 | POS | FRA | 2 | 0.833333 | 1.5 | 0.083333336=((x*0.33333334)-0.41666666) | 0.083333336 x 0.33333334 * 0.41666666 - = | 0.083333336:ounce x:UK 0.33333334:ounce *:ounce 0.41666666:ounce -:ounce =:ounce
EXPR: 0 | POS | INT | 2 | 0.833333 | 8.99999971200001 | ((0.083333336*x)-0.33333334)=0.41666666 | 0.083333336 x * 0.33333334 - 0.41666666 = | 0.083333336:ounce x:UK *:ounce 0.33333334:ounce -:ounce 0.41666666:ounce =:ounce
EXPR: 0 | POS | INT | 2 | 0.833333 | 0.999999808000006 | ((0.083333336*x)+0.33333334)=0.41666666 | 0.083333336 x * 0.33333334 + 0.41666666 = | 0.083333336:ounce x:UK *:ounce 0.33333334:ounce +:ounce 0.41666666:ounce =:ounce
EXPR: 0 | POS | INT | 2 | 0.833333 | 0.999999808000006 | ((x*0.083333336)+0.33333334)=0.41666666 | x 0.083333336 * 0.33333334 + 0.41666666 = | x:UK 0.083333336:ounce *:ounce 0.33333334:ounce +:ounce 0.41666666:ounce =:ounce
EXPR: 0 | POS | FRA | 2 | 0.833333 | 0.111111114666667 | 0.083333336=((0.33333334+0.41666666)*x) | 0.083333336 0.33333334 0.41666666 + x * = | 0.083333336:ounce 0.33333334:ounce 0.41666666:ounce +:ounce x:UK *:ounce =:ounce
EXPR: 0 | POS | FRA | 2 | 0.833333 | 0.111111114666667 | 0.083333336=(x*(0.33333334+0.41666666)) | 0.083333336 x 0.33333334 0.41666666 + * = | 0.083333336:ounce x:UK 0.33333334:ounce 0.41666666:ounce +:ounce *:ounce =:ounce
EXPR: 0 | POS | INT | 2 | 0.833333 | 0.999999961600001 | ((0.083333336+0.33333334)*x)=0.41666666 | 0.083333336 0.33333334 + x * 0.41666666 = | 0.083333336:ounce 0.33333334:ounce +:ounce x:UK *:ounce 0.41666666:ounce =:ounce
EXPR: 0 | POS | INT | 2 | 0.833333 | 1.0000000384 | ((0.083333336+0.33333334)/x)=0.41666666 | 0.083333336 0.33333334 + x / 0.41666666 = | 0.083333336:ounce 0.33333334:ounce +:ounce x:UK /:ounce 0.41666666:ounce =:ounce
EXPR: 0 | POS | INT | 2 | 0.833333 | 8.99999971200001 | 0.083333336=((0.33333334+0.41666666)/x) | 0.083333336 0.33333334 0.41666666 + x / = | 0.083333336:ounce 0.33333334:ounce 0.41666666:ounce +:ounce x:UK /:ounce =:ounce
EXPR: 0 | POS | INT | 2 | 0.833333 | 1 | (0.083333336+(x*0.33333334))=0.41666666 | 0.083333336 x 0.33333334 * + 0.41666666 = | 0.083333336:ounce x:UK 0.33333334:ounce *:ounce +:ounce 0.41666666:ounce =:ounce
EXPR: 0 | POS | FRA | 2 | 0.833333 | 1.5 | 0.083333336=((0.33333334*x)-0.41666666) | 0.083333336 0.33333334 x * 0.41666666 - = | 0.083333336:ounce 0.33333334:ounce x:UK *:ounce 0.41666666:ounce -:ounce =:ounce
EXPR: 0 | POS | FRA | 2 | 0.833333 | 0.666666666666667 | 0.083333336=((0.33333334/x)-0.41666666) | 0.083333336 0.33333334 x / 0.41666666 - = | 0.083333336:ounce 0.33333334:ounce x:UK /:ounce 0.41666666:ounce -:ounce =:ounce
EXPR: 0 | POS | INT | 2 | 0.833333 | 1 | (0.083333336+(0.33333334*x))=0.41666666 | 0.083333336 0.33333334 x * + 0.41666666 = | 0.083333336:ounce 0.33333334:ounce x:UK *:ounce +:ounce 0.41666666:ounce =:ounce
EXPR: 0 | POS | INT | 2 | 0.833333 | 1 | (0.083333336+(0.33333334/x))=0.41666666 | 0.083333336 0.33333334 x / + 0.41666666 = | 0.083333336:ounce 0.33333334:ounce x:UK /:ounce +:ounce 0.41666666:ounce =:ounce
EXPR: 0 | POS | FRA | 2 | 0.833333 | 0.6000000096 | 0.083333336=(0.33333334-(x*0.41666666)) | 0.083333336 0.33333334 x 0.41666666 * - = | 0.083333336:ounce 0.33333334:ounce x:UK 0.41666666:ounce *:ounce -:ounce =:ounce
EXPR: 0 | POS | INT | 2 | 0.833333 | 0.999999961600001 | (x*(0.083333336+0.33333334))=0.41666666 | x 0.083333336 0.33333334 + * 0.41666666 = | x:UK 0.083333336:ounce 0.33333334:ounce +:ounce *:ounce 0.41666666:ounce =:ounce
EXPR: 0 | POS | FRA | 2 | 0.833333 | 0.6000000096 | 0.083333336=(0.33333334-(0.41666666*x)) | 0.083333336 0.33333334 0.41666666 x * - = | 0.083333336:ounce 0.33333334:ounce 0.41666666:ounce x:UK *:ounce -:ounce =:ounce
EXPR: 0 | POS | FRA | 2 | 0.833333 | 1.66666664 | 0.083333336=(0.33333334-(0.41666666/x)) | 0.083333336 0.33333334 0.41666666 x / - = | 0.083333336:ounce 0.33333334:ounce 0.41666666:ounce x:UK /:ounce -:ounce =:ounce
EXPR: 0 | POS | FRA | 10 | 0.833333 | 0.111111111111111 | (0.083333336/(0.33333334+0.41666666))=x | 0.083333336 0.33333334 0.41666666 + / x = | 0.083333336:UK 0.33333334:ounce 0.41666666:ounce +:ounce /:UK x:UK =:UK
EXPR: 0 | POS | FRA | 10 | 0.833333 | 0.111111111111111 | x=(0.083333336/(0.33333334+0.41666666)) | x 0.083333336 0.33333334 0.41666666 + / = | x:UK 0.083333336:UK 0.33333334:ounce 0.41666666:ounce +:ounce /:UK =:UK
EXPR: 0 | POS | FRA | 10 | 0.833333 | 0.0625 | x=(0.083333336*(0.33333334+0.41666666)) | x 0.083333336 0.33333334 0.41666666 + * = | x:UK 0.083333336:UK 0.33333334:ounce 0.41666666:ounce +:ounce *:UK =:UK
EXPR: 0 | POS | FRA | 10 | 0.833333 | 0.173611111111111 | ((0.083333336+0.33333334)*0.41666666)=x | 0.083333336 0.33333334 + 0.41666666 * x = | 0.083333336:ounce 0.33333334:ounce +:ounce 0.41666666:UK *:UK x:UK =:UK
EXPR: 1 | POS | FRA | 10 | 0.833333 | 0.833333333333333 | (0.083333336+(0.33333334+0.41666666))=x | 0.083333336 0.33333334 0.41666666 + + x = | 0.083333336:ounce 0.33333334:ounce 0.41666666:ounce +:ounce +:ounce x:ounce =:ounce
EXPR: 1 | POS | FRA | 10 | 0.833333 | 0.833333333333333 | x=((0.083333336+0.33333334)+0.41666666) | x 0.083333336 0.33333334 + 0.41666666 + = | x:ounce 0.083333336:ounce 0.33333334:ounce +:ounce 0.41666666:ounce +:ounce =:ounce
EXPR: 0 | POS | INT | 10 | 0.833333 | 1.59999999360672e-8 | x=((0.083333336+0.33333334)-0.41666666) | x 0.083333336 0.33333334 + 0.41666666 - = | x:ounce 0.083333336:ounce 0.33333334:ounce +:ounce 0.41666666:ounce -:ounce =:ounce
EXPR: 0 | POS | FRA | 10 | 0.833333 | 0.166666656 | x=((0.083333336-0.33333334)+0.41666666) | x 0.083333336 0.33333334 - 0.41666666 + = | x:ounce 0.083333336:ounce 0.33333334:ounce -:ounce 0.41666666:ounce +:ounce =:ounce
EXPR: 0 | POS | INT | 10 | 0.833333 | 1.59999999499449e-8 | (0.083333336+(0.33333334-0.41666666))=x | 0.083333336 0.33333334 0.41666666 - + x = | 0.083333336:ounce 0.33333334:ounce 0.41666666:ounce -:ounce +:ounce x:ounce =:ounce
EXPR: 0 | POS | FRA | 10 | 0.833333 | 0.173611111111111 | x=((0.083333336+0.33333334)*0.41666666) | x 0.083333336 0.33333334 + 0.41666666 * = | x:UK 0.083333336:ounce 0.33333334:ounce +:ounce 0.41666666:UK *:UK =:UK
EXPR: 0 | POS | FRA | 10 | 0.833333 | 0.166666656 | x=(0.083333336-(0.33333334-0.41666666)) | x 0.083333336 0.33333334 0.41666666 - - = | x:ounce 0.083333336:ounce 0.33333334:ounce 0.41666666:ounce -:ounce -:ounce =:ounce
EXPR: 0 | POS | FRA | 10 | 0.833333 | 0.166666656 | ((0.083333336-0.33333334)+0.41666666)=x | 0.083333336 0.33333334 - 0.41666666 + x = | 0.083333336:ounce 0.33333334:ounce -:ounce 0.41666666:ounce +:ounce x:ounce =:ounce
EXPR: 1 | POS | FRA | 10 | 0.833333 | 0.833333333333333 | x=(0.083333336+(0.33333334+0.41666666)) | x 0.083333336 0.33333334 0.41666666 + + = | x:ounce 0.083333336:ounce 0.33333334:ounce 0.41666666:ounce +:ounce +:ounce =:ounce
EXPR: 0 | POS | INT | 10 | 0.833333 | 1.59999999499449e-8 | x=(0.083333336+(0.33333334-0.41666666)) | x 0.083333336 0.33333334 0.41666666 - + = | x:ounce 0.083333336:ounce 0.33333334:ounce 0.41666666:ounce -:ounce +:ounce =:ounce
EXPR: 0 | POS | FRA | 10 | 0.833333 | 0.166666656 | (0.083333336-(0.33333334-0.41666666))=x | 0.083333336 0.33333334 0.41666666 - - x = | 0.083333336:ounce 0.33333334:ounce 0.41666666:ounce -:ounce -:ounce x:ounce =:ounce
EXPR: 0 | POS | INT | 10 | 0.833333 | 1.59999999360672e-8 | ((0.083333336+0.33333334)-0.41666666)=x | 0.083333336 0.33333334 + 0.41666666 - x = | 0.083333336:ounce 0.33333334:ounce +:ounce 0.41666666:ounce -:ounce x:ounce =:ounce
EXPR: 1 | POS | FRA | 10 | 0.833333 | 0.833333333333333 | ((0.083333336+0.33333334)+0.41666666)=x | 0.083333336 0.33333334 + 0.41666666 + x = | 0.083333336:ounce 0.33333334:ounce +:ounce 0.41666666:ounce +:ounce x:ounce =:ounce
EXPR: 0 | POS | FRA | 10 | 0.833333 | 0.0625 | (0.083333336*(0.33333334+0.41666666))=x | 0.083333336 0.33333334 0.41666666 + * x = | 0.083333336:UK 0.33333334:ounce 0.41666666:ounce +:ounce *:UK x:UK =:UK
EXPR: 0 | POS | INT | 12 | 0.833333 | 1.0000000384 | 0.083333336=((x*0.41666666)-0.33333334) | 0.083333336 x 0.41666666 * 0.33333334 - = | 0.083333336:ounce x:UK 0.41666666:ounce *:ounce 0.33333334:ounce -:ounce =:ounce
EXPR: 0 | POS | INT | 12 | 0.833333 | 0.999999808000006 | 0.083333336=((0.41666666-0.33333334)/x) | 0.083333336 0.41666666 0.33333334 - x / = | 0.083333336:ounce 0.41666666:ounce 0.33333334:ounce -:ounce x:UK /:ounce =:ounce
EXPR: 0 | POS | FRA | 12 | 0.833333 | 1.5 | ((x*0.33333334)-0.083333336)=0.41666666 | x 0.33333334 * 0.083333336 - 0.41666666 = | x:UK 0.33333334:ounce *:ounce 0.083333336:ounce -:ounce 0.41666666:ounce =:ounce
EXPR: 0 | POS | FRA | 12 | 0.833333 | 1.16666664233333 | ((x+0.083333336)*0.33333334)=0.41666666 | x 0.083333336 + 0.33333334 * 0.41666666 = | x:UK 0.083333336:UK +:UK 0.33333334:ounce *:ounce 0.41666666:ounce =:ounce
EXPR: 0 | POS | INT | 12 | 0.833333 | 1.00000019200003 | 0.083333336=(x*(0.41666666-0.33333334)) | 0.083333336 x 0.41666666 0.33333334 - * = | 0.083333336:ounce x:UK 0.41666666:ounce 0.33333334:ounce -:ounce *:ounce =:ounce
EXPR: 0 | POS | INT | 12 | 0.833333 | 1.00000019200003 | 0.083333336=((0.41666666-0.33333334)*x) | 0.083333336 0.41666666 0.33333334 - x * = | 0.083333336:ounce 0.41666666:ounce 0.33333334:ounce -:ounce x:UK *:ounce =:ounce
EXPR: 0 | POS | FRA | 12 | 0.833333 | 0.6000000096 | (0.083333336+(x*0.41666666))=0.33333334 | 0.083333336 x 0.41666666 * + 0.33333334 = | 0.083333336:ounce x:UK 0.41666666:ounce *:ounce +:ounce 0.33333334:ounce =:ounce
EXPR: 0 | POS | INT | 12 | 0.833333 | 1.0000000384 | 0.083333336=((0.41666666*x)-0.33333334) | 0.083333336 0.41666666 x * 0.33333334 - = | 0.083333336:ounce 0.41666666:ounce x:UK *:ounce 0.33333334:ounce -:ounce =:ounce
EXPR: 0 | POS | FRA | 12 | 0.833333 | 1.33333333333333 | ((x-0.083333336)*0.33333334)=0.41666666 | x 0.083333336 - 0.33333334 * 0.41666666 = | x:UK 0.083333336:UK -:UK 0.33333334:ounce *:ounce 0.41666666:ounce =:ounce
EXPR: 0 | POS | FRA | 12 | 0.833333 | 0.111111114666667 | ((0.083333336/x)-0.41666666)=0.33333334 | 0.083333336 x / 0.41666666 - 0.33333334 = | 0.083333336:ounce x:UK /:ounce 0.41666666:ounce -:ounce 0.33333334:ounce =:ounce
EXPR: 0 | POS | FRA | 12 | 0.833333 | 0.666666666666667 | 0.083333336=(0.33333334+(0.41666666-x)) | 0.083333336 0.33333334 0.41666666 x - + = | 0.083333336:ounce 0.33333334:ounce 0.41666666:ounce x:ounce -:ounce +:ounce =:ounce
EXPR: 0 | POS | FRA | 12 | 0.833333 | 0.133333323733333 | (0.083333336/(0.33333334-x))=0.41666666 | 0.083333336 0.33333334 x - / 0.41666666 = | 0.083333336:ounce 0.33333334:UK x:UK -:UK /:ounce 0.41666666:ounce =:ounce
EXPR: 0 | POS | INT | 12 | 0.833333 | 1 | 0.083333336=(0.41666666-(x*0.33333334)) | 0.083333336 0.41666666 x 0.33333334 * - = | 0.083333336:ounce 0.41666666:ounce x:UK 0.33333334:ounce *:ounce -:ounce =:ounce
EXPR: 0 | POS | FRA | 12 | 0.833333 | 0.1333333304 | 0.083333336=((0.33333334-x)*0.41666666) | 0.083333336 0.33333334 x - 0.41666666 * = | 0.083333336:ounce 0.33333334:UK x:UK -:UK 0.41666666:ounce *:ounce =:ounce
EXPR: 0 | POS | FRA | 12 | 0.833333 | 4.66666642000001 | (0.083333336*(0.33333334+x))=0.41666666 | 0.083333336 0.33333334 x + * 0.41666666 = | 0.083333336:ounce 0.33333334:UK x:UK +:UK *:ounce 0.41666666:ounce =:ounce
EXPR: 0 | POS | INT | 12 | 0.833333 | 0.999999961600001 | 0.083333336=((0.41666666/x)-0.33333334) | 0.083333336 0.41666666 x / 0.33333334 - = | 0.083333336:ounce 0.41666666:ounce x:UK /:ounce 0.33333334:ounce -:ounce =:ounce
EXPR: 0 | POS | INT | 12 | 0.833333 | 8.99999971200001 | ((0.083333336*x)-0.41666666)=0.33333334 | 0.083333336 x * 0.41666666 - 0.33333334 = | 0.083333336:ounce x:UK *:ounce 0.41666666:ounce -:ounce 0.33333334:ounce =:ounce
EXPR: 0 | POS | FRA | 12 | 0.833333 | 0.111111114666667 | (0.083333336/x)=(0.33333334+0.41666666) | 0.083333336 x / 0.33333334 0.41666666 + = | 0.083333336:ounce x:UK /:ounce 0.33333334:ounce 0.41666666:ounce +:ounce =:ounce
EXPR: 0 | POS | FRA | 12 | 0.833333 | 0.6000000096 | (0.083333336+(0.41666666*x))=0.33333334 | 0.083333336 0.41666666 x * + 0.33333334 = | 0.083333336:ounce 0.41666666:ounce x:UK *:ounce +:ounce 0.33333334:ounce =:ounce
EXPR: 0 | POS | FRA | 12 | 0.833333 | 0.666666666666667 | 0.083333336=(0.33333334-(x-0.41666666)) | 0.083333336 0.33333334 x 0.41666666 - - = | 0.083333336:ounce 0.33333334:ounce x:ounce 0.41666666:ounce -:ounce -:ounce =:ounce
EXPR: 0 | POS | FRA | 12 | 0.833333 | 0.666666666666667 | ((0.33333334/x)-0.083333336)=0.41666666 | 0.33333334 x / 0.083333336 - 0.41666666 = | 0.33333334:ounce x:UK /:ounce 0.083333336:ounce -:ounce 0.41666666:ounce =:ounce
EXPR: 0 | POS | INT | 12 | 0.833333 | 1 | ((0.33333334/x)+0.083333336)=0.41666666 | 0.33333334 x / 0.083333336 + 0.41666666 = | 0.33333334:ounce x:UK /:ounce 0.083333336:ounce +:ounce 0.41666666:ounce =:ounce
EXPR: 0 | POS | FRA | 12 | 0.833333 | 0.166666656 | 0.083333336=(0.33333334+(x-0.41666666)) | 0.083333336 0.33333334 x 0.41666666 - + = | 0.083333336:ounce 0.33333334:ounce x:ounce 0.41666666:ounce -:ounce +:ounce =:ounce
EXPR: 0 | POS | FRA | 12 | 0.833333 | 0.666666666666667 | 0.083333336=((0.33333334-x)+0.41666666) | 0.083333336 0.33333334 x - 0.41666666 + = | 0.083333336:ounce 0.33333334:ounce x:ounce -:ounce 0.41666666:ounce +:ounce =:ounce
EXPR: 0 | POS | INT | 12 | 0.833333 | 8.99999971200001 | (0.083333336*x)=(0.33333334+0.41666666) | 0.083333336 x * 0.33333334 0.41666666 + = | 0.083333336:ounce x:UK *:ounce 0.33333334:ounce 0.41666666:ounce +:ounce =:ounce
EXPR: 0 | POS | INT | 12 | 0.833333 | 1.59999999499449e-8 | 0.083333336=(x-(0.33333334-0.41666666)) | 0.083333336 x 0.33333334 0.41666666 - - = | 0.083333336:ounce x:ounce 0.33333334:ounce 0.41666666:ounce -:ounce -:ounce =:ounce
EXPR: 1 | POS | FRA | 12 | 0.833333 | 0.833333333333333 | 0.083333336=(x-(0.33333334+0.41666666)) | 0.083333336 x 0.33333334 0.41666666 + - = | 0.083333336:ounce x:ounce 0.33333334:ounce 0.41666666:ounce +:ounce -:ounce =:ounce
EXPR: 0 | POS | INT | 12 | 0.833333 | 0.999999961600001 | (0.083333336+0.33333334)=(0.41666666/x) | 0.083333336 0.33333334 + 0.41666666 x / = | 0.083333336:ounce 0.33333334:ounce +:ounce 0.41666666:ounce x:UK /:ounce =:ounce
EXPR: 0 | POS | INT | 12 | 0.833333 | 1.00000019200003 | (0.33333334+(0.083333336/x))=0.41666666 | 0.33333334 0.083333336 x / + 0.41666666 = | 0.33333334:ounce 0.083333336:ounce x:UK /:ounce +:ounce 0.41666666:ounce =:ounce
EXPR: 0 | POS | INT | 12 | 0.833333 | 0.999999808000006 | (0.33333334+(0.083333336*x))=0.41666666 | 0.33333334 0.083333336 x * + 0.41666666 = | 0.33333334:ounce 0.083333336:ounce x:UK *:ounce +:ounce 0.41666666:ounce =:ounce
EXPR: 0 | POS | FRA | 12 | 0.833333 | 0.166666656 | 0.083333336=(x+(0.33333334-0.41666666)) | 0.083333336 x 0.33333334 0.41666666 - + = | 0.083333336:ounce x:ounce 0.33333334:ounce 0.41666666:ounce -:ounce +:ounce =:ounce
EXPR: 0 | POS | FRA | 12 | 0.833333 | 0.666666666666667 | ((x+0.083333336)-0.33333334)=0.41666666 | x 0.083333336 + 0.33333334 - 0.41666666 = | x:ounce 0.083333336:ounce +:ounce 0.33333334:ounce -:ounce 0.41666666:ounce =:ounce
EXPR: 0 | POS | FRA | 12 | 0.833333 | 0.666666666666667 | 0.083333336=(0.33333334*(x-0.41666666)) | 0.083333336 0.33333334 x 0.41666666 - * = | 0.083333336:ounce 0.33333334:ounce x:UK 0.41666666:UK -:UK *:ounce =:ounce
EXPR: 0 | POS | FRA | 12 | 0.833333 | 5.33333316266667 | (0.083333336*(x-0.33333334))=0.41666666 | 0.083333336 x 0.33333334 - * 0.41666666 = | 0.083333336:ounce x:UK 0.33333334:UK -:UK *:ounce 0.41666666:ounce =:ounce
EXPR: 0 | POS | FRA | 12 | 0.833333 | 0.533333342933333 | (0.083333336/(x-0.33333334))=0.41666666 | 0.083333336 x 0.33333334 - / 0.41666666 = | 0.083333336:ounce x:UK 0.33333334:UK -:UK /:ounce 0.41666666:ounce =:ounce
EXPR: 0 | POS | FRA | 12 | 0.833333 | 0.166666656 | 0.083333336=(0.33333334-(0.41666666-x)) | 0.083333336 0.33333334 0.41666666 x - - = | 0.083333336:ounce 0.33333334:ounce 0.41666666:ounce x:ounce -:ounce -:ounce =:ounce
EXPR: 0 | POS | FRA | 12 | 0.833333 | 4.66666642000001 | (0.083333336*(x+0.33333334))=0.41666666 | 0.083333336 x 0.33333334 + * 0.41666666 = | 0.083333336:ounce x:UK 0.33333334:UK +:UK *:ounce 0.41666666:ounce =:ounce
EXPR: 0 | POS | FRA | 12 | 0.833333 | 0.166666656 | 0.083333336=((0.33333334-0.41666666)+x) | 0.083333336 0.33333334 0.41666666 - x + = | 0.083333336:ounce 0.33333334:ounce 0.41666666:ounce -:ounce x:ounce +:ounce =:ounce
EXPR: 0 | POS | INT | 12 | 0.833333 | 1.0000000384 | (0.083333336+0.33333334)=(x*0.41666666) | 0.083333336 0.33333334 + x 0.41666666 * = | 0.083333336:ounce 0.33333334:ounce +:ounce x:UK 0.41666666:ounce *:ounce =:ounce
EXPR: 0 | POS | INT | 12 | 0.833333 | 1.59999999360672e-8 | ((0.083333336+0.33333334)-x)=0.41666666 | 0.083333336 0.33333334 + x - 0.41666666 = | 0.083333336:ounce 0.33333334:ounce +:ounce x:ounce -:ounce 0.41666666:ounce =:ounce
EXPR: 0 | POS | FRA | 12 | 0.833333 | 1.66666664 | (0.083333336+(0.41666666/x))=0.33333334 | 0.083333336 0.41666666 x / + 0.33333334 = | 0.083333336:ounce 0.41666666:ounce x:UK /:ounce +:ounce 0.33333334:ounce =:ounce
EXPR: 0 | POS | FRA | 12 | 0.833333 | 1.66666664 | 0.33333334=(0.083333336+(0.41666666/x)) | 0.33333334 0.083333336 0.41666666 x / + = | 0.33333334:ounce 0.083333336:ounce 0.41666666:ounce x:UK /:ounce +:ounce =:ounce
EXPR: 0 | POS | FRA | 12 | 0.833333 | 0.062500002 | 0.083333336=(x/(0.33333334+0.41666666)) | 0.083333336 x 0.33333334 0.41666666 + / = | 0.083333336:UK x:UK 0.33333334:ounce 0.41666666:ounce +:ounce /:UK =:UK
EXPR: 1 | POS | FRA | 12 | 0.833333 | 0.833333333333333 | ((x-0.083333336)-0.33333334)=0.41666666 | x 0.083333336 - 0.33333334 - 0.41666666 = | x:ounce 0.083333336:ounce -:ounce 0.33333334:ounce -:ounce 0.41666666:ounce =:ounce
EXPR: 0 | POS | FRA | 12 | 0.833333 | 0.111111114666667 | 0.33333334=((0.083333336/x)-0.41666666) | 0.33333334 0.083333336 x / 0.41666666 - = | 0.33333334:ounce 0.083333336:ounce x:UK /:ounce 0.41666666:ounce -:ounce =:ounce
EXPR: 0 | POS | FRA | 12 | 0.833333 | 1.16666664233333 | ((0.083333336+x)*0.33333334)=0.41666666 | 0.083333336 x + 0.33333334 * 0.41666666 = | 0.083333336:UK x:UK +:UK 0.33333334:ounce *:ounce 0.41666666:ounce =:ounce
EXPR: 0 | POS | FRA | 12 | 0.833333 | 1.66666664 | (x*(0.33333334-0.083333336))=0.41666666 | x 0.33333334 0.083333336 - * 0.41666666 = | x:UK 0.33333334:ounce 0.083333336:ounce -:ounce *:ounce 0.41666666:ounce =:ounce
EXPR: 0 | POS | INT | 12 | 0.833333 | 8.99999971200001 | 0.33333334=((0.083333336*x)-0.41666666) | 0.33333334 0.083333336 x * 0.41666666 - = | 0.33333334:ounce 0.083333336:ounce x:UK *:ounce 0.41666666:ounce -:ounce =:ounce
EXPR: 1 | POS | FRA | 12 | 0.833333 | 0.833333333333333 | 0.083333336=((x-0.33333334)-0.41666666) | 0.083333336 x 0.33333334 - 0.41666666 - = | 0.083333336:ounce x:ounce 0.33333334:ounce -:ounce 0.41666666:ounce -:ounce =:ounce
EXPR: 0 | POS | INT | 12 | 0.833333 | 1.0000000384 | (0.083333336+0.33333334)=(0.41666666*x) | 0.083333336 0.33333334 + 0.41666666 x * = | 0.083333336:ounce 0.33333334:ounce +:ounce 0.41666666:ounce x:UK *:ounce =:ounce
EXPR: 0 | POS | INT | 12 | 0.833333 | 0.999999808000006 | (0.33333334+(x*0.083333336))=0.41666666 | 0.33333334 x 0.083333336 * + 0.41666666 = | 0.33333334:ounce x:UK 0.083333336:ounce *:ounce +:ounce 0.41666666:ounce =:ounce
EXPR: 0 | POS | FRA | 12 | 0.833333 | 0.666666666666667 | 0.33333334=(x*(0.083333336+0.41666666)) | 0.33333334 x 0.083333336 0.41666666 + * = | 0.33333334:ounce x:UK 0.083333336:ounce 0.41666666:ounce +:ounce *:ounce =:ounce
EXPR: 0 | POS | INT | 12 | 0.833333 | 1 | 0.083333336=(0.41666666-(0.33333334/x)) | 0.083333336 0.41666666 0.33333334 x / - = | 0.083333336:ounce 0.41666666:ounce 0.33333334:ounce x:UK /:ounce -:ounce =:ounce
EXPR: 0 | POS | FRA | 12 | 0.833333 | 0.166666656 | ((x-0.083333336)+0.33333334)=0.41666666 | x 0.083333336 - 0.33333334 + 0.41666666 = | x:ounce 0.083333336:ounce -:ounce 0.33333334:ounce +:ounce 0.41666666:ounce =:ounce
EXPR: 0 | POS | FRA | 12 | 0.833333 | 0.166666660333333 | 0.083333336=(0.33333334*(0.41666666-x)) | 0.083333336 0.33333334 0.41666666 x - * = | 0.083333336:ounce 0.33333334:ounce 0.41666666:UK x:UK -:UK *:ounce =:ounce
EXPR: 0 | POS | FRA | 12 | 0.833333 | 0.666666666666667 | ((0.083333336+0.41666666)*x)=0.33333334 | 0.083333336 0.41666666 + x * 0.33333334 = | 0.083333336:ounce 0.41666666:ounce +:ounce x:UK *:ounce 0.33333334:ounce =:ounce
EXPR: 0 | POS | FRA | 12 | 0.833333 | 1.5 | ((0.083333336+0.41666666)/x)=0.33333334 | 0.083333336 0.41666666 + x / 0.33333334 = | 0.083333336:ounce 0.41666666:ounce +:ounce x:UK /:ounce 0.33333334:ounce =:ounce
EXPR: 0 | POS | INT | 12 | 0.833333 | 1 | 0.083333336=(0.41666666-(0.33333334*x)) | 0.083333336 0.41666666 0.33333334 x * - = | 0.083333336:ounce 0.41666666:ounce 0.33333334:ounce x:UK *:ounce -:ounce =:ounce
EXPR: 0 | POS | FRA | 12 | 0.833333 | 0.173611112222222 | (x/(0.083333336+0.33333334))=0.41666666 | x 0.083333336 0.33333334 + / 0.41666666 = | x:UK 0.083333336:ounce 0.33333334:ounce +:ounce /:UK 0.41666666:UK =:UK
EXPR: 0 | POS | FRA | 12 | 0.833333 | 0.666666666666667 | ((0.083333336-0.33333334)+x)=0.41666666 | 0.083333336 0.33333334 - x + 0.41666666 = | 0.083333336:ounce 0.33333334:ounce -:ounce x:ounce +:ounce 0.41666666:ounce =:ounce
EXPR: 0 | POS | INT | 12 | 0.833333 | 8.99999971200001 | ((x*0.083333336)-0.41666666)=0.33333334 | x 0.083333336 * 0.41666666 - 0.33333334 = | x:UK 0.083333336:ounce *:ounce 0.41666666:ounce -:ounce 0.33333334:ounce =:ounce
EXPR: 0 | POS | FRA | 12 | 0.833333 | 3.583333212 | 0.083333336=(0.33333334/(x+0.41666666)) | 0.083333336 0.33333334 x 0.41666666 + / = | 0.083333336:ounce 0.33333334:ounce x:UK 0.41666666:UK +:UK /:ounce =:ounce
EXPR: 0 | POS | FRA | 12 | 0.833333 | 4.416666532 | 0.083333336=(0.33333334/(x-0.41666666)) | 0.083333336 0.33333334 x 0.41666666 - / = | 0.083333336:ounce 0.33333334:ounce x:UK 0.41666666:UK -:UK /:ounce =:ounce
EXPR: 0 | POS | FRA | 12 | 0.833333 | 1.5 | ((0.33333334*x)-0.083333336)=0.41666666 | 0.33333334 x * 0.083333336 - 0.41666666 = | 0.33333334:ounce x:UK *:ounce 0.083333336:ounce -:ounce 0.41666666:ounce =:ounce
EXPR: 0 | POS | INT | 12 | 0.833333 | 1 | ((0.33333334*x)+0.083333336)=0.41666666 | 0.33333334 x * 0.083333336 + 0.41666666 = | 0.33333334:ounce x:UK *:ounce 0.083333336:ounce +:ounce 0.41666666:ounce =:ounce
EXPR: 0 | POS | FRA | 12 | 0.833333 | 0.6000000096 | 0.33333334=(0.083333336+(0.41666666*x)) | 0.33333334 0.083333336 0.41666666 x * + = | 0.33333334:ounce 0.083333336:ounce 0.41666666:ounce x:UK *:ounce +:ounce =:ounce
EXPR: 0 | POS | FRA | 12 | 0.833333 | 1.66666664 | ((0.33333334-0.083333336)*x)=0.41666666 | 0.33333334 0.083333336 - x * 0.41666666 = | 0.33333334:ounce 0.083333336:ounce -:ounce x:UK *:ounce 0.41666666:ounce =:ounce
EXPR: 0 | POS | FRA | 12 | 0.833333 | 0.6000000096 | ((0.33333334-0.083333336)/x)=0.41666666 | 0.33333334 0.083333336 - x / 0.41666666 = | 0.33333334:ounce 0.083333336:ounce -:ounce x:UK /:ounce 0.41666666:ounce =:ounce
EXPR: 0 | POS | FRA | 12 | 0.833333 | 0.666666666666667 | (x*(0.083333336+0.41666666))=0.33333334 | x 0.083333336 0.41666666 + * 0.33333334 = | x:UK 0.083333336:ounce 0.41666666:ounce +:ounce *:ounce 0.33333334:ounce =:ounce
EXPR: 0 | POS | INT | 12 | 0.833333 | 1.59999999360672e-8 | ((0.083333336-x)+0.33333334)=0.41666666 | 0.083333336 x - 0.33333334 + 0.41666666 = | 0.083333336:ounce x:ounce -:ounce 0.33333334:ounce +:ounce 0.41666666:ounce =:ounce
EXPR: 0 | POS | FRA | 12 | 0.833333 | 0.666666666666667 | 0.33333334=((0.083333336+0.41666666)*x) | 0.33333334 0.083333336 0.41666666 + x * = | 0.33333334:ounce 0.083333336:ounce 0.41666666:ounce +:ounce x:UK *:ounce =:ounce
EXPR: 0 | POS | INT | 12 | 0.833333 | 1.59999999360672e-8 | (0.083333336+(0.33333334-x))=0.41666666 | 0.083333336 0.33333334 x - + 0.41666666 = | 0.083333336:ounce 0.33333334:ounce x:ounce -:ounce +:ounce 0.41666666:ounce =:ounce
EXPR: 0 | POS | INT | 12 | 0.833333 | 8.99999971200001 | 0.33333334=((x*0.083333336)-0.41666666) | 0.33333334 x 0.083333336 * 0.41666666 - = | 0.33333334:ounce x:UK 0.083333336:ounce *:ounce 0.41666666:ounce -:ounce =:ounce
EXPR: 0 | POS | FRA | 12 | 0.833333 | 0.666666666666667 | (0.083333336-(0.33333334-x))=0.41666666 | 0.083333336 0.33333334 x - - 0.41666666 = | 0.083333336:ounce 0.33333334:ounce x:ounce -:ounce -:ounce 0.41666666:ounce =:ounce
EXPR: 0 | POS | FRA | 12 | 0.833333 | 1.5 | 0.33333334=((0.083333336+0.41666666)/x) | 0.33333334 0.083333336 0.41666666 + x / = | 0.33333334:ounce 0.083333336:ounce 0.41666666:ounce +:ounce x:UK /:ounce =:ounce
EXPR: 0 | POS | INT | 12 | 0.833333 | 1 | ((x*0.33333334)+0.083333336)=0.41666666 | x 0.33333334 * 0.083333336 + 0.41666666 = | x:UK 0.33333334:ounce *:ounce 0.083333336:ounce +:ounce 0.41666666:ounce =:ounce
EXPR: 0 | POS | INT | 12 | 0.833333 | 1.59999999499449e-8 | 0.083333336=((x-0.33333334)+0.41666666) | 0.083333336 x 0.33333334 - 0.41666666 + = | 0.083333336:ounce x:ounce 0.33333334:ounce -:ounce 0.41666666:ounce +:ounce =:ounce
EXPR: 1 | POS | FRA | 12 | 0.833333 | 0.833333333333333 | (x-(0.083333336+0.33333334))=0.41666666 | x 0.083333336 0.33333334 + - 0.41666666 = | x:ounce 0.083333336:ounce 0.33333334:ounce +:ounce -:ounce 0.41666666:ounce =:ounce
EXPR: 0 | POS | FRA | 12 | 0.833333 | 0.666666666666667 | (x+(0.083333336-0.33333334))=0.41666666 | x 0.083333336 0.33333334 - + 0.41666666 = | x:ounce 0.083333336:ounce 0.33333334:ounce -:ounce +:ounce 0.41666666:ounce =:ounce
EXPR: 0 | POS | FRA | 12 | 0.833333 | 0.166666656 | (x-(0.083333336-0.33333334))=0.41666666 | x 0.083333336 0.33333334 - - 0.41666666 = | x:ounce 0.083333336:ounce 0.33333334:ounce -:ounce -:ounce 0.41666666:ounce =:ounce
EXPR: 0 | POS | FRA | 12 | 0.833333 | 0.533333341866667 | 0.083333336=((x-0.33333334)*0.41666666) | 0.083333336 x 0.33333334 - 0.41666666 * = | 0.083333336:ounce x:UK 0.33333334:UK -:UK 0.41666666:ounce *:ounce =:ounce
EXPR: 0 | POS | INT | 12 | 0.833333 | 1.59999999360672e-8 | (0.083333336-(x-0.33333334))=0.41666666 | 0.083333336 x 0.33333334 - - 0.41666666 = | 0.083333336:ounce x:ounce 0.33333334:ounce -:ounce -:ounce 0.41666666:ounce =:ounce
EXPR: 0 | POS | INT | 12 | 0.833333 | 8.99999971200001 | (x*0.083333336)=(0.33333334+0.41666666) | x 0.083333336 * 0.33333334 0.41666666 + = | x:UK 0.083333336:ounce *:ounce 0.33333334:ounce 0.41666666:ounce +:ounce =:ounce
EXPR: 0 | POS | FRA | 12 | 0.833333 | 0.666666666666667 | ((0.083333336+x)-0.33333334)=0.41666666 | 0.083333336 x + 0.33333334 - 0.41666666 = | 0.083333336:ounce x:ounce +:ounce 0.33333334:ounce -:ounce 0.41666666:ounce =:ounce
EXPR: 0 | POS | FRA | 12 | 0.833333 | 3.583333212 | 0.083333336=(0.33333334/(0.41666666+x)) | 0.083333336 0.33333334 0.41666666 x + / = | 0.083333336:ounce 0.33333334:ounce 0.41666666:UK x:UK +:UK /:ounce =:ounce
EXPR: 0 | POS | FRA | 12 | 0.833333 | 0.6000000096 | 0.33333334=(0.083333336+(x*0.41666666)) | 0.33333334 0.083333336 x 0.41666666 * + = | 0.33333334:ounce 0.083333336:ounce x:UK 0.41666666:ounce *:ounce +:ounce =:ounce
EXPR: 0 | POS | FRA | 12 | 0.833333 | 0.666666666666667 | (0.083333336+(x-0.33333334))=0.41666666 | 0.083333336 x 0.33333334 - + 0.41666666 = | 0.083333336:ounce x:ounce 0.33333334:ounce -:ounce +:ounce 0.41666666:ounce =:ounce
EXPR: 0 | POS | FRA | 12 | 0.833333 | 0.166666656 | 0.083333336=((x+0.33333334)-0.41666666) | 0.083333336 x 0.33333334 + 0.41666666 - = | 0.083333336:ounce x:ounce 0.33333334:ounce +:ounce 0.41666666:ounce -:ounce =:ounce
EXPR: 0 | POS | FRA | 12 | 0.833333 | 0.666666666666667 | 0.083333336=((0.33333334+0.41666666)-x) | 0.083333336 0.33333334 0.41666666 + x - = | 0.083333336:ounce 0.33333334:ounce 0.41666666:ounce +:ounce x:ounce -:ounce =:ounce
EXPR: 0 | POS | FRA | 12 | 0.833333 | 0.166666656 | 0.083333336=((0.33333334+x)-0.41666666) | 0.083333336 0.33333334 x + 0.41666666 - = | 0.083333336:ounce 0.33333334:ounce x:ounce +:ounce 0.41666666:ounce -:ounce =:ounce
EXPR: 0 | POS | FRA | 20 | 0.833333 | 0.444444444444444 | ((0.083333336*0.33333334)+0.41666666)=x | 0.083333336 0.33333334 * 0.41666666 + x = | 0.083333336:UK 0.33333334:ounce *:ounce 0.41666666:ounce +:ounce x:ounce =:ounce
EXPR: 0 | POS | FRA | 20 | 0.833333 | 0.666666685333333 | x=(0.33333334/(0.083333336+0.41666666)) | x 0.33333334 0.083333336 0.41666666 + / = | x:UK 0.33333334:UK 0.083333336:ounce 0.41666666:ounce +:ounce /:UK =:UK
EXPR: 0 | POS | FRA | 20 | 0.833333 | 0.444444444444444 | x=((0.083333336*0.33333334)+0.41666666) | x 0.083333336 0.33333334 * 0.41666666 + = | x:UK 0.083333336:ounce 0.33333334:UK *:UK 0.41666666:UK +:UK =:UK
EXPR: 0 | POS | FRA | 20 | 0.833333 | 0.222222222222222 | (0.083333336+(0.33333334*0.41666666))=x | 0.083333336 0.33333334 0.41666666 * + x = | 0.083333336:UK 0.33333334:ounce 0.41666666:UK *:UK +:UK x:UK =:UK
EXPR: 0 | POS | INT | 20 | 0.833333 | 1 | ((0.083333336+0.33333334)/0.41666666)=x | 0.083333336 0.33333334 + 0.41666666 / x = | 0.083333336:UK 0.33333334:UK +:UK 0.41666666:ounce /:UK x:UK =:UK
EXPR: 0 | POS | FRA | 20 | 0.833333 | 0.8833333648 | (0.083333336+(0.33333334/0.41666666))=x | 0.083333336 0.33333334 0.41666666 / + x = | 0.083333336:ounce 0.33333334:ounce 0.41666666:UK /:ounce +:ounce x:ounce =:ounce
EXPR: 0 | POS | FRA | 20 | 0.833333 | 0.666666666666667 | (0.33333334-(0.083333336-0.41666666))=x | 0.33333334 0.083333336 0.41666666 - - x = | 0.33333334:ounce 0.083333336:ounce 0.41666666:ounce -:ounce -:ounce x:ounce =:ounce
EXPR: 0 | POS | FRA | 20 | 0.833333 | 0.222222222222222 | x=(0.083333336+(0.33333334*0.41666666)) | x 0.083333336 0.33333334 0.41666666 * + = | x:ounce 0.083333336:ounce 0.33333334:ounce 0.41666666:UK *:ounce +:ounce =:ounce
EXPR: 0 | POS | FRA | 20 | 0.833333 | 0.104166666666667 | ((0.33333334-0.083333336)*0.41666666)=x | 0.33333334 0.083333336 - 0.41666666 * x = | 0.33333334:ounce 0.083333336:ounce -:ounce 0.41666666:UK *:UK x:UK =:UK
EXPR: 0 | POS | FRA | 20 | 0.833333 | 0.8833333648 | x=(0.083333336+(0.33333334/0.41666666)) | x 0.083333336 0.33333334 0.41666666 / + = | x:ounce 0.083333336:ounce 0.33333334:ounce 0.41666666:UK /:ounce +:ounce =:ounce
EXPR: 0 | POS | FRA | 20 | 0.833333 | 0.166666666666667 | (0.33333334*(0.083333336+0.41666666))=x | 0.33333334 0.083333336 0.41666666 + * x = | 0.33333334:UK 0.083333336:ounce 0.41666666:ounce +:ounce *:UK x:UK =:UK
EXPR: 1 | POS | FRA | 20 | 0.833333 | 0.833333333333333 | (0.33333334+(0.083333336+0.41666666))=x | 0.33333334 0.083333336 0.41666666 + + x = | 0.33333334:ounce 0.083333336:ounce 0.41666666:ounce +:ounce +:ounce x:ounce =:ounce
EXPR: 0 | POS | FRA | 20 | 0.833333 | 0.00694444355555552 | (0.083333336*(0.41666666-0.33333334))=x | 0.083333336 0.41666666 0.33333334 - * x = | 0.083333336:UK 0.41666666:ounce 0.33333334:ounce -:ounce *:UK x:UK =:UK
EXPR: 0 | POS | FRA | 20 | 0.833333 | 0.666666685333333 | (0.33333334/(0.083333336+0.41666666))=x | 0.33333334 0.083333336 0.41666666 + / x = | 0.33333334:UK 0.083333336:ounce 0.41666666:ounce +:ounce /:UK x:UK =:UK
EXPR: 0 | POS | FRA | 20 | 0.833333 | 0.166666666666667 | x=((0.083333336+0.41666666)*0.33333334) | x 0.083333336 0.41666666 + 0.33333334 * = | x:UK 0.083333336:ounce 0.41666666:ounce +:ounce 0.33333334:UK *:UK =:UK
EXPR: 1 | POS | FRA | 20 | 0.833333 | 0.833333333333333 | x=((0.083333336+0.41666666)+0.33333334) | x 0.083333336 0.41666666 + 0.33333334 + = | x:ounce 0.083333336:ounce 0.41666666:ounce +:ounce 0.33333334:ounce +:ounce =:ounce
EXPR: 0 | POS | INT | 20 | 0.833333 | 1 | x=((0.083333336+0.33333334)/0.41666666) | x 0.083333336 0.33333334 + 0.41666666 / = | x:ounce 0.083333336:ounce 0.33333334:ounce +:ounce 0.41666666:UK /:ounce =:ounce
EXPR: 0 | POS | FRA | 20 | 0.833333 | 0.166666666666667 | ((0.083333336+0.41666666)*0.33333334)=x | 0.083333336 0.41666666 + 0.33333334 * x = | 0.083333336:ounce 0.41666666:ounce +:ounce 0.33333334:UK *:UK x:UK =:UK
EXPR: 0 | POS | FRA | 20 | 0.833333 | 0.166666656 | x=((0.083333336+0.41666666)-0.33333334) | x 0.083333336 0.41666666 + 0.33333334 - = | x:ounce 0.083333336:ounce 0.41666666:ounce +:ounce 0.33333334:ounce -:ounce =:ounce
EXPR: 0 | POS | FRA | 20 | 0.833333 | 0.666666666666667 | x=((0.083333336/0.33333334)+0.41666666) | x 0.083333336 0.33333334 / 0.41666666 + = | x:ounce 0.083333336:ounce 0.33333334:UK /:ounce 0.41666666:ounce +:ounce =:ounce
EXPR: 0 | POS | FRA | 20 | 0.833333 | 0.166666656 | (0.083333336+(0.41666666-0.33333334))=x | 0.083333336 0.41666666 0.33333334 - + x = | 0.083333336:ounce 0.41666666:ounce 0.33333334:ounce -:ounce +:ounce x:ounce =:ounce
EXPR: 0 | POS | INT | 20 | 0.833333 | 1.59999999360672e-8 | (0.33333334+(0.083333336-0.41666666))=x | 0.33333334 0.083333336 0.41666666 - + x = | 0.33333334:ounce 0.083333336:ounce 0.41666666:ounce -:ounce +:ounce x:ounce =:ounce
EXPR: 0 | POS | INT | 20 | 0.833333 | 1.59999999499449e-8 | (0.083333336-(0.41666666-0.33333334))=x | 0.083333336 0.41666666 0.33333334 - - x = | 0.083333336:ounce 0.41666666:ounce 0.33333334:ounce -:ounce -:ounce x:ounce =:ounce
EXPR: 0 | POS | FRA | 20 | 0.833333 | 0.166666666666667 | x=(0.33333334*(0.083333336+0.41666666)) | x 0.33333334 0.083333336 0.41666666 + * = | x:UK 0.33333334:UK 0.083333336:ounce 0.41666666:ounce +:ounce *:UK =:UK
EXPR: 0 | POS | FRA | 20 | 0.833333 | 0.666666666666667 | ((0.083333336/0.33333334)+0.41666666)=x | 0.083333336 0.33333334 / 0.41666666 + x = | 0.083333336:UK 0.33333334:ounce /:UK 0.41666666:UK +:UK x:UK =:UK
EXPR: 0 | POS | INT | 20 | 0.833333 | 1.59999999360672e-8 | x=((0.083333336-0.41666666)+0.33333334) | x 0.083333336 0.41666666 - 0.33333334 + = | x:ounce 0.083333336:ounce 0.41666666:ounce -:ounce 0.33333334:ounce +:ounce =:ounce
EXPR: 0 | POS | FRA | 20 | 0.833333 | 0.666666666666667 | x=((0.33333334-0.083333336)+0.41666666) | x 0.33333334 0.083333336 - 0.41666666 + = | x:ounce 0.33333334:ounce 0.083333336:ounce -:ounce 0.41666666:ounce +:ounce =:ounce
EXPR: 0 | POS | INT | 20 | 0.833333 | 1.00000019200003 | x=(0.083333336/(0.41666666-0.33333334)) | x 0.083333336 0.41666666 0.33333334 - / = | x:UK 0.083333336:UK 0.41666666:ounce 0.33333334:ounce -:ounce /:UK =:UK
EXPR: 0 | POS | FRA | 20 | 0.833333 | 0.00694444355555552 | x=(0.083333336*(0.41666666-0.33333334)) | x 0.083333336 0.41666666 0.33333334 - * = | x:UK 0.083333336:UK 0.41666666:ounce 0.33333334:ounce -:ounce *:UK =:UK
EXPR: 0 | POS | FRA | 20 | 0.833333 | 0.666666666666667 | ((0.33333334-0.083333336)+0.41666666)=x | 0.33333334 0.083333336 - 0.41666666 + x = | 0.33333334:ounce 0.083333336:ounce -:ounce 0.41666666:ounce +:ounce x:ounce =:ounce
EXPR: 0 | POS | INT | 20 | 0.833333 | 1.59999999360672e-8 | ((0.083333336-0.41666666)+0.33333334)=x | 0.083333336 0.41666666 - 0.33333334 + x = | 0.083333336:ounce 0.41666666:ounce -:ounce 0.33333334:ounce +:ounce x:ounce =:ounce
EXPR: 0 | POS | INT | 20 | 0.833333 | 1.59999999499449e-8 | x=(0.083333336-(0.41666666-0.33333334)) | x 0.083333336 0.41666666 0.33333334 - - = | x:ounce 0.083333336:ounce 0.41666666:ounce 0.33333334:ounce -:ounce -:ounce =:ounce
EXPR: 0 | POS | FRA | 20 | 0.833333 | 0.166666656 | x=(0.083333336+(0.41666666-0.33333334)) | x 0.083333336 0.41666666 0.33333334 - + = | x:ounce 0.083333336:ounce 0.41666666:ounce 0.33333334:ounce -:ounce +:ounce =:ounce
EXPR: 0 | POS | FRA | 20 | 0.833333 | 0.166666656 | ((0.083333336+0.41666666)-0.33333334)=x | 0.083333336 0.41666666 + 0.33333334 - x = | 0.083333336:ounce 0.41666666:ounce +:ounce 0.33333334:ounce -:ounce x:ounce =:ounce
EXPR: 0 | POS | INT | 20 | 0.833333 | 1.00000019200003 | (0.083333336/(0.41666666-0.33333334))=x | 0.083333336 0.41666666 0.33333334 - / x = | 0.083333336:UK 0.41666666:ounce 0.33333334:ounce -:ounce /:UK x:UK =:UK
EXPR: 1 | POS | FRA | 20 | 0.833333 | 0.833333333333333 | ((0.083333336+0.41666666)+0.33333334)=x | 0.083333336 0.41666666 + 0.33333334 + x = | 0.083333336:ounce 0.41666666:ounce +:ounce 0.33333334:ounce +:ounce x:ounce =:ounce
EXPR: 0 | POS | FRA | 20 | 0.833333 | 0.104166666666667 | x=((0.33333334-0.083333336)*0.41666666) | x 0.33333334 0.083333336 - 0.41666666 * = | x:UK 0.33333334:ounce 0.083333336:ounce -:ounce 0.41666666:UK *:UK =:UK
EXPR: 1 | POS | FRA | 20 | 0.833333 | 0.833333333333333 | x=(0.33333334+(0.083333336+0.41666666)) | x 0.33333334 0.083333336 0.41666666 + + = | x:ounce 0.33333334:ounce 0.083333336:ounce 0.41666666:ounce +:ounce +:ounce =:ounce
EXPR: 0 | POS | INT | 20 | 0.833333 | 1.59999999360672e-8 | x=(0.33333334+(0.083333336-0.41666666)) | x 0.33333334 0.083333336 0.41666666 - + = | x:ounce 0.33333334:ounce 0.083333336:ounce 0.41666666:ounce -:ounce +:ounce =:ounce
EXPR: 0 | POS | FRA | 20 | 0.833333 | 0.666666666666667 | x=(0.33333334-(0.083333336-0.41666666)) | x 0.33333334 0.083333336 0.41666666 - - = | x:ounce 0.33333334:ounce 0.083333336:ounce 0.41666666:ounce -:ounce -:ounce =:ounce
EXPR: 0 | POS | FRA | 22 | 0.833333 | 0.222222222222222 | 0.083333336=(x-(0.33333334*0.41666666)) | 0.083333336 x 0.33333334 0.41666666 * - = | 0.083333336:ounce x:ounce 0.33333334:UK 0.41666666:ounce *:ounce -:ounce =:ounce
EXPR: 0 | POS | FRA | 22 | 0.833333 | 0.444444444444444 | (x-(0.083333336*0.33333334))=0.41666666 | x 0.083333336 0.33333334 * - 0.41666666 = | x:ounce 0.083333336:UK 0.33333334:ounce *:ounce -:ounce 0.41666666:ounce =:ounce
EXPR: 0 | POS | FRA | 22 | 0.833333 | 0.388888880777778 | (x+(0.083333336*0.33333334))=0.41666666 | x 0.083333336 0.33333334 * + 0.41666666 = | x:ounce 0.083333336:UK 0.33333334:ounce *:ounce +:ounce 0.41666666:ounce =:ounce
EXPR: 0 | POS | FRA | 22 | 0.833333 | 3.583333292 | 0.33333334=(0.083333336*(x+0.41666666)) | 0.33333334 0.083333336 x 0.41666666 + * = | 0.33333334:ounce 0.083333336:ounce x:UK 0.41666666:UK +:UK *:ounce =:ounce
EXPR: 0 | POS | FRA | 22 | 0.833333 | 4.416666612 | 0.33333334=(0.083333336*(x-0.41666666)) | 0.33333334 0.083333336 x 0.41666666 - * = | 0.33333334:ounce 0.083333336:ounce x:UK 0.41666666:UK -:UK *:ounce =:ounce
EXPR: 0 | POS | FRA | 22 | 0.833333 | 0.166666652 | (0.083333336/(0.41666666-x))=0.33333334 | 0.083333336 0.41666666 x - / 0.33333334 = | 0.083333336:ounce 0.41666666:UK x:UK -:UK /:ounce 0.33333334:ounce =:ounce
EXPR: 0 | POS | FRA | 22 | 0.833333 | 0.166666666666667 | 0.083333336=((x/0.33333334)-0.41666666) | 0.083333336 x 0.33333334 / 0.41666666 - = | 0.083333336:ounce x:ounce 0.33333334:UK /:ounce 0.41666666:ounce -:ounce =:ounce
EXPR: 0 | POS | FRA | 22 | 0.833333 | 0.111111111111111 | (0.083333336+(x/0.33333334))=0.41666666 | 0.083333336 x 0.33333334 / + 0.41666666 = | 0.083333336:ounce x:ounce 0.33333334:UK /:ounce +:ounce 0.41666666:ounce =:ounce
EXPR: 0 | POS | FRA | 22 | 0.833333 | 0.0555555534444444 | 0.083333336=((0.33333334*0.41666666)-x) | 0.083333336 0.33333334 0.41666666 * x - = | 0.083333336:ounce 0.33333334:ounce 0.41666666:UK *:ounce x:ounce -:ounce =:ounce
EXPR: 0 | POS | FRA | 22 | 0.833333 | 1.16666664233333 | (0.33333334*(0.083333336+x))=0.41666666 | 0.33333334 0.083333336 x + * 0.41666666 = | 0.33333334:ounce 0.083333336:UK x:UK +:UK *:ounce 0.41666666:ounce =:ounce
EXPR: 0 | POS | FRA | 22 | 0.833333 | 0.883333364800001 | ((x-0.083333336)*0.41666666)=0.33333334 | x 0.083333336 - 0.41666666 * 0.33333334 = | x:UK 0.083333336:UK -:UK 0.41666666:ounce *:ounce 0.33333334:ounce =:ounce
EXPR: 0 | POS | FRA | 22 | 0.833333 | 0.0666666677333334 | (0.083333336*0.33333334)=(x*0.41666666) | 0.083333336 0.33333334 * x 0.41666666 * = | 0.083333336:UK 0.33333334:ounce *:UK x:UK 0.41666666:ounce *:UK =:UK
EXPR: 0 | POS | INT | 22 | 0.833333 | 1.59999999499449e-8 | (x-0.083333336)=(0.33333334-0.41666666) | x 0.083333336 - 0.33333334 0.41666666 - = | x:ounce 0.083333336:ounce -:ounce 0.33333334:ounce 0.41666666:ounce -:ounce =:ounce
EXPR: 0 | POS | FRA | 22 | 0.833333 | 0.298611117222222 | 0.083333336=((0.33333334-x)/0.41666666) | 0.083333336 0.33333334 x - 0.41666666 / = | 0.083333336:ounce 0.33333334:ounce x:ounce -:ounce 0.41666666:UK /:ounce =:ounce
EXPR: 0 | POS | FRA | 22 | 0.833333 | 0.388888880777778 | ((0.083333336*0.33333334)+x)=0.41666666 | 0.083333336 0.33333334 * x + 0.41666666 = | 0.083333336:ounce 0.33333334:UK *:UK x:UK +:UK 0.41666666:UK =:UK
EXPR: 0 | POS | FRA | 22 | 0.833333 | 0.166666656 | 0.083333336=((x-0.41666666)+0.33333334) | 0.083333336 x 0.41666666 - 0.33333334 + = | 0.083333336:ounce x:ounce 0.41666666:ounce -:ounce 0.33333334:ounce +:ounce =:ounce
EXPR: 0 | POS | FRA | 22 | 0.833333 | 0.166666656 | ((0.33333334-0.083333336)+x)=0.41666666 | 0.33333334 0.083333336 - x + 0.41666666 = | 0.33333334:ounce 0.083333336:ounce -:ounce x:ounce +:ounce 0.41666666:ounce =:ounce
EXPR: 0 | POS | INT | 22 | 0.833333 | 1.59999999360672e-8 | (0.33333334+(0.083333336-x))=0.41666666 | 0.33333334 0.083333336 x - + 0.41666666 = | 0.33333334:ounce 0.083333336:ounce x:ounce -:ounce +:ounce 0.41666666:ounce =:ounce
EXPR: 0 | POS | FRA | 22 | 0.833333 | 1.66666662 | (0.083333336*x)=(0.33333334*0.41666666) | 0.083333336 x * 0.33333334 0.41666666 * = | 0.083333336:ounce x:UK *:UK 0.33333334:UK 0.41666666:ounce *:UK =:UK
EXPR: 0 | POS | FRA | 22 | 0.833333 | 0.166666656 | ((0.083333336+0.41666666)-x)=0.33333334 | 0.083333336 0.41666666 + x - 0.33333334 = | 0.083333336:ounce 0.41666666:ounce +:ounce x:ounce -:ounce 0.33333334:ounce =:ounce
EXPR: 0 | POS | FRA | 22 | 0.833333 | 0.166666666666667 | 0.33333334=(x/(0.083333336+0.41666666)) | 0.33333334 x 0.083333336 0.41666666 + / = | 0.33333334:UK x:UK 0.083333336:ounce 0.41666666:ounce +:ounce /:UK =:UK
EXPR: 0 | POS | FRA | 22 | 0.833333 | 0.7166666768 | (0.33333334/(0.083333336+x))=0.41666666 | 0.33333334 0.083333336 x + / 0.41666666 = | 0.33333334:ounce 0.083333336:UK x:UK +:UK /:ounce 0.41666666:ounce =:ounce
EXPR: 0 | POS | FRA | 22 | 0.833333 | 0.166666656 | (0.33333334-(0.083333336-x))=0.41666666 | 0.33333334 0.083333336 x - - 0.41666666 = | 0.33333334:ounce 0.083333336:ounce x:ounce -:ounce -:ounce 0.41666666:ounce =:ounce
EXPR: 0 | POS | INT | 22 | 0.833333 | 1.59999999360672e-8 | ((0.33333334-x)+0.083333336)=0.41666666 | 0.33333334 x - 0.083333336 + 0.41666666 = | 0.33333334:ounce x:ounce -:ounce 0.083333336:ounce +:ounce 0.41666666:ounce =:ounce
EXPR: 0 | POS | FRA | 22 | 0.833333 | 5.33333316266667 | ((x-0.33333334)*0.083333336)=0.41666666 | x 0.33333334 - 0.083333336 * 0.41666666 = | x:UK 0.33333334:UK -:UK 0.083333336:ounce *:ounce 0.41666666:ounce =:ounce
EXPR: 0 | POS | FRA | 22 | 0.833333 | 0.0115740744907407 | (x/0.083333336)=(0.33333334*0.41666666) | x 0.083333336 / 0.33333334 0.41666666 * = | x:UK 0.083333336:ounce /:UK 0.33333334:ounce 0.41666666:UK *:UK =:UK
EXPR: 0 | POS | INT | 22 | 0.833333 | 1.59999999499449e-8 | 0.083333336=(x+(0.41666666-0.33333334)) | 0.083333336 x 0.41666666 0.33333334 - + = | 0.083333336:ounce x:ounce 0.41666666:ounce 0.33333334:ounce -:ounce +:ounce =:ounce
EXPR: 0 | POS | FRA | 22 | 0.833333 | 0.368055562777778 | 0.083333336=((x-0.33333334)/0.41666666) | 0.083333336 x 0.33333334 - 0.41666666 / = | 0.083333336:ounce x:ounce 0.33333334:ounce -:ounce 0.41666666:UK /:ounce =:ounce
EXPR: 0 | POS | FRA | 22 | 0.833333 | 0.666666666666667 | ((0.083333336-0.41666666)+x)=0.33333334 | 0.083333336 0.41666666 - x + 0.33333334 = | 0.083333336:ounce 0.41666666:ounce -:ounce x:ounce +:ounce 0.33333334:ounce =:ounce
EXPR: 0 | POS | FRA | 22 | 0.833333 | 1.5 | (x*0.33333334)=(0.083333336+0.41666666) | x 0.33333334 * 0.083333336 0.41666666 + = | x:UK 0.33333334:ounce *:ounce 0.083333336:ounce 0.41666666:ounce +:ounce =:ounce
EXPR: 0 | POS | FRA | 22 | 0.833333 | 0.0115740738888889 | (0.083333336*0.33333334)=(x/0.41666666) | 0.083333336 0.33333334 * x 0.41666666 / = | 0.083333336:UK 0.33333334:ounce *:UK x:UK 0.41666666:ounce /:UK =:UK
EXPR: 0 | POS | INT | 22 | 0.833333 | 1.59999999499449e-8 | 0.083333336=((0.41666666-0.33333334)+x) | 0.083333336 0.41666666 0.33333334 - x + = | 0.083333336:ounce 0.41666666:ounce 0.33333334:ounce -:ounce x:ounce +:ounce =:ounce
EXPR: 0 | POS | FRA | 22 | 0.833333 | 0.7166666928 | 0.083333336=((0.33333334/0.41666666)-x) | 0.083333336 0.33333334 0.41666666 / x - = | 0.083333336:ounce 0.33333334:ounce 0.41666666:UK /:ounce x:ounce -:ounce =:ounce
EXPR: 0 | POS | FRA | 22 | 0.833333 | 0.104166665 | 0.083333336=(0.33333334-(x/0.41666666)) | 0.083333336 0.33333334 x 0.41666666 / - = | 0.083333336:UK 0.33333334:UK x:UK 0.41666666:ounce /:UK -:UK =:UK
EXPR: 0 | POS | FRA | 22 | 0.833333 | 0.8833333648 | 0.083333336=(x-(0.33333334/0.41666666)) | 0.083333336 x 0.33333334 0.41666666 / - = | 0.083333336:ounce x:ounce 0.33333334:ounce 0.41666666:UK /:ounce -:ounce =:ounce
EXPR: 0 | POS | FRA | 22 | 0.833333 | 0.666666666666667 | (x+0.083333336)=(0.33333334+0.41666666) | x 0.083333336 + 0.33333334 0.41666666 + = | x:ounce 0.083333336:ounce +:ounce 0.33333334:ounce 0.41666666:ounce +:ounce =:ounce
EXPR: 0 | POS | FRA | 22 | 0.833333 | 0.0666666677333334 | (0.083333336*0.33333334)=(0.41666666*x) | 0.083333336 0.33333334 * 0.41666666 x * = | 0.083333336:ounce 0.33333334:UK *:UK 0.41666666:ounce x:UK *:UK =:UK
EXPR: 0 | POS | FRA | 22 | 0.833333 | 0.666666666666667 | 0.083333336=(0.41666666-(x-0.33333334)) | 0.083333336 0.41666666 x 0.33333334 - - = | 0.083333336:ounce 0.41666666:ounce x:ounce 0.33333334:ounce -:ounce -:ounce =:ounce
EXPR: 0 | POS | FRA | 22 | 0.833333 | 0.166666660333333 | 0.083333336=((0.41666666-x)*0.33333334) | 0.083333336 0.41666666 x - 0.33333334 * = | 0.083333336:ounce 0.41666666:UK x:UK -:UK 0.33333334:ounce *:ounce =:ounce
EXPR: 0 | POS | FRA | 22 | 0.833333 | 0.0555555523333333 | ((0.083333336+x)/0.33333334)=0.41666666 | 0.083333336 x + 0.33333334 / 0.41666666 = | 0.083333336:ounce x:ounce +:ounce 0.33333334:UK /:ounce 0.41666666:ounce =:ounce
EXPR: 0 | POS | FRA | 22 | 0.833333 | 1.66666662 | (x*0.083333336)=(0.33333334*0.41666666) | x 0.083333336 * 0.33333334 0.41666666 * = | x:UK 0.083333336:ounce *:UK 0.33333334:UK 0.41666666:ounce *:UK =:UK
EXPR: 0 | POS | INT | 22 | 0.833333 | 1.59999999499449e-8 | 0.083333336=(0.41666666-(0.33333334-x)) | 0.083333336 0.41666666 0.33333334 x - - = | 0.083333336:ounce 0.41666666:ounce 0.33333334:ounce x:ounce -:ounce -:ounce =:ounce
EXPR: 0 | POS | FRA | 22 | 0.833333 | 0.666666666666667 | 0.083333336=(0.41666666+(0.33333334-x)) | 0.083333336 0.41666666 0.33333334 x - + = | 0.083333336:ounce 0.41666666:ounce 0.33333334:ounce x:ounce -:ounce +:ounce =:ounce
EXPR: 0 | POS | FRA | 22 | 0.833333 | 9.6000000384 | (x*0.083333336)=(0.33333334/0.41666666) | x 0.083333336 * 0.33333334 0.41666666 / = | x:UK 0.083333336:ounce *:ounce 0.33333334:ounce 0.41666666:UK /:ounce =:ounce
EXPR: 0 | POS | FRA | 22 | 0.833333 | 0.666666666666667 | 0.083333336=((0.41666666-x)+0.33333334) | 0.083333336 0.41666666 x - 0.33333334 + = | 0.083333336:ounce 0.41666666:ounce x:ounce -:ounce 0.33333334:ounce +:ounce =:ounce
EXPR: 0 | POS | FRA | 22 | 0.833333 | 0.166666656 | (x+(0.33333334-0.083333336))=0.41666666 | x 0.33333334 0.083333336 - + 0.41666666 = | x:ounce 0.33333334:ounce 0.083333336:ounce -:ounce +:ounce 0.41666666:ounce =:ounce
EXPR: 0 | POS | FRA | 22 | 0.833333 | 0.666666666666667 | (x-(0.33333334-0.083333336))=0.41666666 | x 0.33333334 0.083333336 - - 0.41666666 = | x:ounce 0.33333334:ounce 0.083333336:ounce -:ounce -:ounce 0.41666666:ounce =:ounce
EXPR: 0 | POS | FRA | 22 | 0.833333 | 0.7166666928 | ((0.083333336+x)*0.41666666)=0.33333334 | 0.083333336 x + 0.41666666 * 0.33333334 = | 0.083333336:UK x:UK +:UK 0.41666666:ounce *:ounce 0.33333334:ounce =:ounce
EXPR: 0 | POS | FRA | 22 | 0.833333 | 0.166666656 | (0.083333336-x)=(0.33333334-0.41666666) | 0.083333336 x - 0.33333334 0.41666666 - = | 0.083333336:ounce x:ounce -:ounce 0.33333334:ounce 0.41666666:ounce -:ounce =:ounce
EXPR: 1 | POS | FRA | 22 | 0.833333 | 0.833333333333333 | (x-0.083333336)=(0.33333334+0.41666666) | x 0.083333336 - 0.33333334 0.41666666 + = | x:ounce 0.083333336:ounce -:ounce 0.33333334:ounce 0.41666666:ounce +:ounce =:ounce
EXPR: 0 | POS | FRA | 22 | 0.833333 | 0.600000016800002 | (0.083333336/x)=(0.33333334*0.41666666) | 0.083333336 x / 0.33333334 0.41666666 * = | 0.083333336:ounce x:UK /:ounce 0.33333334:ounce 0.41666666:UK *:ounce =:ounce
EXPR: 0 | POS | INT | 22 | 0.833333 | 1.59999999360672e-8 | 0.33333334=((x-0.083333336)+0.41666666) | 0.33333334 x 0.083333336 - 0.41666666 + = | 0.33333334:ounce x:ounce 0.083333336:ounce -:ounce 0.41666666:ounce +:ounce =:ounce
EXPR: 0 | POS | FRA | 22 | 0.833333 | 0.166666656 | (0.083333336-0.33333334)=(x-0.41666666) | 0.083333336 0.33333334 - x 0.41666666 - = | 0.083333336:ounce 0.33333334:ounce -:ounce x:ounce 0.41666666:ounce -:ounce =:ounce
EXPR: 0 | POS | INT | 22 | 0.833333 | 1.59999999360672e-8 | (0.083333336+0.33333334)=(x+0.41666666) | 0.083333336 0.33333334 + x 0.41666666 + = | 0.083333336:ounce 0.33333334:ounce +:ounce x:ounce 0.41666666:ounce +:ounce =:ounce
EXPR: 1 | POS | FRA | 22 | 0.833333 | 0.833333333333333 | (0.083333336+0.33333334)=(x-0.41666666) | 0.083333336 0.33333334 + x 0.41666666 - = | 0.083333336:ounce 0.33333334:ounce +:ounce x:ounce 0.41666666:ounce -:ounce =:ounce
EXPR: 0 | POS | FRA | 22 | 0.833333 | 9.6000000384 | (0.083333336*x)=(0.33333334/0.41666666) | 0.083333336 x * 0.33333334 0.41666666 / = | 0.083333336:ounce x:UK *:UK 0.33333334:UK 0.41666666:ounce /:UK =:UK
EXPR: 0 | POS | INT | 22 | 0.833333 | 0.999999808000006 | (x*0.083333336)=(0.41666666-0.33333334) | x 0.083333336 * 0.41666666 0.33333334 - = | x:UK 0.083333336:ounce *:ounce 0.41666666:ounce 0.33333334:ounce -:ounce =:ounce
EXPR: 1 | POS | FRA | 22 | 0.833333 | 0.833333333333333 | 0.083333336=((x-0.41666666)-0.33333334) | 0.083333336 x 0.41666666 - 0.33333334 - = | 0.083333336:ounce x:ounce 0.41666666:ounce -:ounce 0.33333334:ounce -:ounce =:ounce
EXPR: 0 | POS | FRA | 22 | 0.833333 | 0.666666666666667 | (0.083333336+x)=(0.33333334+0.41666666) | 0.083333336 x + 0.33333334 0.41666666 + = | 0.083333336:ounce x:ounce +:ounce 0.33333334:ounce 0.41666666:ounce +:ounce =:ounce
EXPR: 0 | POS | FRA | 22 | 0.833333 | 0.666666666666667 | (0.083333336-0.33333334)=(0.41666666-x) | 0.083333336 0.33333334 - 0.41666666 x - = | 0.083333336:ounce 0.33333334:ounce -:ounce 0.41666666:ounce x:ounce -:ounce =:ounce
EXPR: 0 | POS | INT | 22 | 0.833333 | 1.59999999360672e-8 | (0.083333336+0.33333334)=(0.41666666+x) | 0.083333336 0.33333334 + 0.41666666 x + = | 0.083333336:ounce 0.33333334:ounce +:ounce 0.41666666:ounce x:ounce +:ounce =:ounce
EXPR: 0 | POS | FRA | 22 | 0.833333 | 1.33333333333333 | (0.33333334*(x-0.083333336))=0.41666666 | 0.33333334 x 0.083333336 - * 0.41666666 = | 0.33333334:ounce x:UK 0.083333336:UK -:UK *:ounce 0.41666666:ounce =:ounce
EXPR: 0 | POS | FRA | 22 | 0.833333 | 0.8833333488 | (0.33333334/(x-0.083333336))=0.41666666 | 0.33333334 x 0.083333336 - / 0.41666666 = | 0.33333334:ounce x:UK 0.083333336:UK -:UK /:ounce 0.41666666:ounce =:ounce
EXPR: 0 | POS | FRA | 22 | 0.833333 | 0.166666656 | 0.083333336=(x-(0.41666666-0.33333334)) | 0.083333336 x 0.41666666 0.33333334 - - = | 0.083333336:ounce x:ounce 0.41666666:ounce 0.33333334:ounce -:ounce -:ounce =:ounce
EXPR: 0 | POS | INT | 22 | 0.833333 | 14.99999976 | (0.083333336*0.33333334)=(0.41666666/x) | 0.083333336 0.33333334 * 0.41666666 x / = | 0.083333336:UK 0.33333334:ounce *:ounce 0.41666666:ounce x:UK /:ounce =:ounce
EXPR: 0 | POS | INT | 22 | 0.833333 | 1.59999999499449e-8 | 0.083333336=(0.41666666+(x-0.33333334)) | 0.083333336 0.41666666 x 0.33333334 - + = | 0.083333336:ounce 0.41666666:ounce x:ounce 0.33333334:ounce -:ounce +:ounce =:ounce
EXPR: 0 | POS | FRA | 22 | 0.833333 | 4.66666642000001 | ((0.33333334+x)*0.083333336)=0.41666666 | 0.33333334 x + 0.083333336 * 0.41666666 = | 0.33333334:UK x:UK +:UK 0.083333336:ounce *:ounce 0.41666666:ounce =:ounce
EXPR: 0 | POS | FRA | 22 | 0.833333 | 0.104166665 | (0.083333336/0.33333334)=(x/0.41666666) | 0.083333336 0.33333334 / x 0.41666666 / = | 0.083333336:UK 0.33333334:ounce /:UK x:UK 0.41666666:ounce /:UK =:UK
EXPR: 0 | POS | FRA | 22 | 0.833333 | 1.5 | (0.083333336+0.41666666)=(x*0.33333334) | 0.083333336 0.41666666 + x 0.33333334 * = | 0.083333336:ounce 0.41666666:ounce +:ounce x:UK 0.33333334:ounce *:ounce =:ounce
EXPR: 0 | POS | FRA | 22 | 0.833333 | 0.6000000096 | (0.083333336/0.33333334)=(x*0.41666666) | 0.083333336 0.33333334 / x 0.41666666 * = | 0.083333336:ounce 0.33333334:UK /:ounce x:UK 0.41666666:ounce *:ounce =:ounce
EXPR: 0 | POS | FRA | 22 | 0.833333 | 0.666666666666667 | 0.33333334=((0.083333336+x)-0.41666666) | 0.33333334 0.083333336 x + 0.41666666 - = | 0.33333334:ounce 0.083333336:ounce x:ounce +:ounce 0.41666666:ounce -:ounce =:ounce
EXPR: 0 | POS | FRA | 22 | 0.833333 | 1.16666664233333 | (0.33333334*(x+0.083333336))=0.41666666 | 0.33333334 x 0.083333336 + * 0.41666666 = | 0.33333334:ounce x:UK 0.083333336:UK +:UK *:ounce 0.41666666:ounce =:ounce
EXPR: 0 | POS | FRA | 22 | 0.833333 | 0.7166666768 | (0.33333334/(x+0.083333336))=0.41666666 | 0.33333334 x 0.083333336 + / 0.41666666 = | 0.33333334:ounce x:UK 0.083333336:UK +:UK /:ounce 0.41666666:ounce =:ounce
EXPR: 0 | POS | FRA | 22 | 0.833333 | 0.00694444355555552 | 0.083333336=(x/(0.41666666-0.33333334)) | 0.083333336 x 0.41666666 0.33333334 - / = | 0.083333336:UK x:UK 0.41666666:ounce 0.33333334:ounce -:ounce /:UK =:UK
EXPR: 0 | POS | FRA | 22 | 0.833333 | 0.0666666712000001 | (x/0.083333336)=(0.33333334/0.41666666) | x 0.083333336 / 0.33333334 0.41666666 / = | x:UK 0.083333336:ounce /:UK 0.33333334:UK 0.41666666:ounce /:UK =:UK
EXPR: 1 | POS | FRA | 22 | 0.833333 | 0.833333333333333 | ((x-0.33333334)-0.083333336)=0.41666666 | x 0.33333334 - 0.083333336 - 0.41666666 = | x:ounce 0.33333334:ounce -:ounce 0.083333336:ounce -:ounce 0.41666666:ounce =:ounce
EXPR: 0 | POS | FRA | 22 | 0.833333 | 0.666666666666667 | (0.083333336+0.41666666)=(0.33333334/x) | 0.083333336 0.41666666 + 0.33333334 x / = | 0.083333336:ounce 0.41666666:ounce +:ounce 0.33333334:ounce x:UK /:ounce =:ounce
EXPR: 0 | POS | FRA | 22 | 0.833333 | 0.166666666666667 | (x/(0.083333336+0.41666666))=0.33333334 | x 0.083333336 0.41666666 + / 0.33333334 = | x:UK 0.083333336:ounce 0.41666666:ounce +:ounce /:UK 0.33333334:UK =:UK
EXPR: 0 | POS | FRA | 22 | 0.833333 | 0.666666666666667 | (0.33333334/x)=(0.083333336+0.41666666) | 0.33333334 x / 0.083333336 0.41666666 + = | 0.33333334:ounce x:UK /:ounce 0.083333336:ounce 0.41666666:ounce +:ounce =:ounce
EXPR: 0 | POS | FRA | 22 | 0.833333 | 3.583333292 | (0.083333336*(0.41666666+x))=0.33333334 | 0.083333336 0.41666666 x + * 0.33333334 = | 0.083333336:ounce 0.41666666:UK x:UK +:UK *:ounce 0.33333334:ounce =:ounce
EXPR: 0 | POS | FRA | 22 | 0.833333 | 0.666666666666667 | ((x+0.083333336)-0.41666666)=0.33333334 | x 0.083333336 + 0.41666666 - 0.33333334 = | x:ounce 0.083333336:ounce +:ounce 0.41666666:ounce -:ounce 0.33333334:ounce =:ounce
EXPR: 0 | POS | FRA | 22 | 0.833333 | 0.166666656 | 0.33333334=((0.083333336-x)+0.41666666) | 0.33333334 0.083333336 x - 0.41666666 + = | 0.33333334:ounce 0.083333336:ounce x:ounce -:ounce 0.41666666:ounce +:ounce =:ounce
EXPR: 0 | POS | FRA | 22 | 0.833333 | 0.7166666928 | 0.33333334=((0.083333336+x)*0.41666666) | 0.33333334 0.083333336 x + 0.41666666 * = | 0.33333334:ounce 0.083333336:UK x:UK +:UK 0.41666666:ounce *:ounce =:ounce
EXPR: 0 | POS | FRA | 22 | 0.833333 | 3.583333292 | 0.33333334=(0.083333336*(0.41666666+x)) | 0.33333334 0.083333336 0.41666666 x + * = | 0.33333334:ounce 0.083333336:ounce 0.41666666:UK x:UK +:UK *:ounce =:ounce
EXPR: 0 | POS | FRA | 22 | 0.833333 | 1.5 | (0.33333334*x)=(0.083333336+0.41666666) | 0.33333334 x * 0.083333336 0.41666666 + = | 0.33333334:ounce x:UK *:ounce 0.083333336:ounce 0.41666666:ounce +:ounce =:ounce
EXPR: 0 | POS | FRA | 22 | 0.833333 | 1.66666664 | (0.083333336/0.33333334)=(0.41666666/x) | 0.083333336 0.33333334 / 0.41666666 x / = | 0.083333336:ounce 0.33333334:UK /:ounce 0.41666666:ounce x:UK /:ounce =:ounce
EXPR: 1 | POS | FRA | 22 | 0.833333 | 0.833333333333333 | 0.33333334=((x-0.083333336)-0.41666666) | 0.33333334 x 0.083333336 - 0.41666666 - = | 0.33333334:ounce x:ounce 0.083333336:ounce -:ounce 0.41666666:ounce -:ounce =:ounce
EXPR: 0 | POS | FRA | 22 | 0.833333 | 0.166666656 | (0.083333336+(0.41666666-x))=0.33333334 | 0.083333336 0.41666666 x - + 0.33333334 = | 0.083333336:ounce 0.41666666:ounce x:ounce -:ounce +:ounce 0.33333334:ounce =:ounce
EXPR: 0 | POS | FRA | 22 | 0.833333 | 0.666666666666667 | (0.083333336-(0.41666666-x))=0.33333334 | 0.083333336 0.41666666 x - - 0.33333334 = | 0.083333336:ounce 0.41666666:ounce x:ounce -:ounce -:ounce 0.33333334:ounce =:ounce
EXPR: 0 | POS | FRA | 22 | 0.833333 | 0.6000000096 | (0.083333336/0.33333334)=(0.41666666*x) | 0.083333336 0.33333334 / 0.41666666 x * = | 0.083333336:ounce 0.33333334:UK /:ounce 0.41666666:ounce x:UK *:ounce =:ounce
EXPR: 0 | POS | INT | 22 | 0.833333 | 1.59999999360672e-8 | (0.33333334-(x-0.083333336))=0.41666666 | 0.33333334 x 0.083333336 - - 0.41666666 = | 0.33333334:ounce x:ounce 0.083333336:ounce -:ounce -:ounce 0.41666666:ounce =:ounce
EXPR: 0 | POS | FRA | 22 | 0.833333 | 0.166666656 | (0.33333334+(x-0.083333336))=0.41666666 | 0.33333334 x 0.083333336 - + 0.41666666 = | 0.33333334:ounce x:ounce 0.083333336:ounce -:ounce +:ounce 0.41666666:ounce =:ounce
EXPR: 0 | POS | FRA | 22 | 0.833333 | 1.5 | (0.083333336+0.41666666)=(0.33333334*x) | 0.083333336 0.41666666 + 0.33333334 x * = | 0.083333336:ounce 0.41666666:ounce +:ounce 0.33333334:ounce x:UK *:ounce =:ounce
EXPR: 0 | POS | FRA | 22 | 0.833333 | 0.666666666666667 | ((x-0.33333334)+0.083333336)=0.41666666 | x 0.33333334 - 0.083333336 + 0.41666666 = | x:ounce 0.33333334:ounce -:ounce 0.083333336:ounce +:ounce 0.41666666:ounce =:ounce
EXPR: 0 | POS | FRA | 22 | 0.833333 | 0.0625000020000001 | ((x/0.083333336)-0.33333334)=0.41666666 | x 0.083333336 / 0.33333334 - 0.41666666 = | x:UK 0.083333336:ounce /:UK 0.33333334:UK -:UK 0.41666666:UK =:UK
EXPR: 0 | POS | FRA | 22 | 0.833333 | 0.00694444355555553 | ((x/0.083333336)+0.33333334)=0.41666666 | x 0.083333336 / 0.33333334 + 0.41666666 = | x:UK 0.083333336:ounce /:UK 0.33333334:UK +:UK 0.41666666:UK =:UK
EXPR: 0 | POS | FRA | 22 | 0.833333 | 0.222222222222222 | ((x-0.083333336)/0.33333334)=0.41666666 | x 0.083333336 - 0.33333334 / 0.41666666 = | x:UK 0.083333336:UK -:UK 0.33333334:ounce /:UK 0.41666666:UK =:UK
EXPR: 0 | POS | FRA | 22 | 0.833333 | 0.0555555523333333 | ((x+0.083333336)/0.33333334)=0.41666666 | x 0.083333336 + 0.33333334 / 0.41666666 = | x:UK 0.083333336:UK +:UK 0.33333334:ounce /:UK 0.41666666:UK =:UK
EXPR: 1 | POS | FRA | 22 | 0.833333 | 0.833333333333333 | ((x-0.083333336)-0.41666666)=0.33333334 | x 0.083333336 - 0.41666666 - 0.33333334 = | x:ounce 0.083333336:ounce -:ounce 0.41666666:ounce -:ounce 0.33333334:ounce =:ounce
EXPR: 0 | POS | FRA | 22 | 0.833333 | 0.6000000096 | (0.33333334-0.083333336)=(x*0.41666666) | 0.33333334 0.083333336 - x 0.41666666 * = | 0.33333334:ounce 0.083333336:ounce -:ounce x:UK 0.41666666:ounce *:ounce =:ounce
EXPR: 0 | POS | FRA | 22 | 0.833333 | 0.666666668 | 0.33333334=(0.083333336/(x-0.41666666)) | 0.33333334 0.083333336 x 0.41666666 - / = | 0.33333334:ounce 0.083333336:ounce x:UK 0.41666666:UK -:UK /:ounce =:ounce
EXPR: 0 | POS | INT | 22 | 0.833333 | 1.59999999360672e-8 | ((x-0.083333336)+0.41666666)=0.33333334 | x 0.083333336 - 0.41666666 + 0.33333334 = | x:ounce 0.083333336:ounce -:ounce 0.41666666:ounce +:ounce 0.33333334:ounce =:ounce
EXPR: 0 | POS | FRA | 22 | 0.833333 | 0.883333364800001 | 0.33333334=((x-0.083333336)*0.41666666) | 0.33333334 x 0.083333336 - 0.41666666 * = | 0.33333334:ounce x:UK 0.083333336:UK -:UK 0.41666666:ounce *:ounce =:ounce
EXPR: 0 | POS | FRA | 22 | 0.833333 | 0.166666656 | ((0.083333336-x)+0.41666666)=0.33333334 | 0.083333336 x - 0.41666666 + 0.33333334 = | 0.083333336:ounce x:ounce -:ounce 0.41666666:ounce +:ounce 0.33333334:ounce =:ounce
EXPR: 1 | POS | FRA | 22 | 0.833333 | 0.833333333333333 | (x-(0.083333336+0.41666666))=0.33333334 | x 0.083333336 0.41666666 + - 0.33333334 = | x:ounce 0.083333336:ounce 0.41666666:ounce +:ounce -:ounce 0.33333334:ounce =:ounce
EXPR: 0 | POS | FRA | 22 | 0.833333 | 0.666666666666667 | (x+(0.083333336-0.41666666))=0.33333334 | x 0.083333336 0.41666666 - + 0.33333334 = | x:ounce 0.083333336:ounce 0.41666666:ounce -:ounce +:ounce 0.33333334:ounce =:ounce
EXPR: 0 | POS | FRA | 22 | 0.833333 | 0.666666666666667 | 0.33333334=(0.083333336-(0.41666666-x)) | 0.33333334 0.083333336 0.41666666 x - - = | 0.33333334:ounce 0.083333336:ounce 0.41666666:ounce x:ounce -:ounce -:ounce =:ounce
EXPR: 0 | POS | FRA | 22 | 0.833333 | 0.666666666666667 | (0.083333336+(x-0.41666666))=0.33333334 | 0.083333336 x 0.41666666 - + 0.33333334 = | 0.083333336:ounce x:ounce 0.41666666:ounce -:ounce +:ounce 0.33333334:ounce =:ounce
EXPR: 0 | POS | INT | 22 | 0.833333 | 1.59999999360672e-8 | (x-(0.083333336-0.41666666))=0.33333334 | x 0.083333336 0.41666666 - - 0.33333334 = | x:ounce 0.083333336:ounce 0.41666666:ounce -:ounce -:ounce 0.33333334:ounce =:ounce
EXPR: 0 | POS | FRA | 22 | 0.833333 | 0.166666657 | ((0.083333336/0.33333334)+x)=0.41666666 | 0.083333336 0.33333334 / x + 0.41666666 = | 0.083333336:ounce 0.33333334:UK /:ounce x:ounce +:ounce 0.41666666:ounce =:ounce
EXPR: 0 | POS | FRA | 22 | 0.833333 | 0.166666656 | ((x+0.33333334)-0.083333336)=0.41666666 | x 0.33333334 + 0.083333336 - 0.41666666 = | x:ounce 0.33333334:ounce +:ounce 0.083333336:ounce -:ounce 0.41666666:ounce =:ounce
EXPR: 0 | POS | FRA | 22 | 0.833333 | 0.666666666666667 | 0.33333334=(0.083333336+(x-0.41666666)) | 0.33333334 0.083333336 x 0.41666666 - + = | 0.33333334:ounce 0.083333336:ounce x:ounce 0.41666666:ounce -:ounce +:ounce =:ounce
EXPR: 0 | POS | FRA | 22 | 0.833333 | 0.166666657 | (x+(0.083333336/0.33333334))=0.41666666 | x 0.083333336 0.33333334 / + 0.41666666 = | x:UK 0.083333336:UK 0.33333334:ounce /:UK +:UK 0.41666666:UK =:UK
EXPR: 0 | POS | FRA | 22 | 0.833333 | 0.166666656 | 0.33333334=(0.083333336+(0.41666666-x)) | 0.33333334 0.083333336 0.41666666 x - + = | 0.33333334:ounce 0.083333336:ounce 0.41666666:ounce x:ounce -:ounce +:ounce =:ounce
EXPR: 0 | POS | FRA | 22 | 0.833333 | 0.166666656 | 0.33333334=((0.083333336+0.41666666)-x) | 0.33333334 0.083333336 0.41666666 + x - = | 0.33333334:ounce 0.083333336:ounce 0.41666666:ounce +:ounce x:ounce -:ounce =:ounce
EXPR: 0 | POS | FRA | 22 | 0.833333 | 0.166666656 | 0.33333334=(0.083333336-(x-0.41666666)) | 0.33333334 0.083333336 x 0.41666666 - - = | 0.33333334:ounce 0.083333336:ounce x:ounce 0.41666666:ounce -:ounce -:ounce =:ounce
EXPR: 0 | POS | FRA | 22 | 0.833333 | 0.10416666625 | (0.083333336/x)=(0.33333334/0.41666666) | 0.083333336 x / 0.33333334 0.41666666 / = | 0.083333336:ounce x:UK /:ounce 0.33333334:ounce 0.41666666:UK /:ounce =:ounce
EXPR: 0 | POS | FRA | 22 | 0.833333 | 1.66666664 | (0.33333334-0.083333336)=(0.41666666/x) | 0.33333334 0.083333336 - 0.41666666 x / = | 0.33333334:ounce 0.083333336:ounce -:ounce 0.41666666:ounce x:UK /:ounce =:ounce
EXPR: 0 | POS | FRA | 22 | 0.833333 | 0.166666656 | (0.083333336-(x-0.41666666))=0.33333334 | 0.083333336 x 0.41666666 - - 0.33333334 = | 0.083333336:ounce x:ounce 0.41666666:ounce -:ounce -:ounce 0.33333334:ounce =:ounce
EXPR: 0 | POS | FRA | 22 | 0.833333 | 4.66666642000001 | ((x+0.33333334)*0.083333336)=0.41666666 | x 0.33333334 + 0.083333336 * 0.41666666 = | x:UK 0.33333334:UK +:UK 0.083333336:ounce *:ounce 0.41666666:ounce =:ounce
EXPR: 0 | POS | FRA | 22 | 0.833333 | 0.166666656 | ((0.33333334+x)-0.083333336)=0.41666666 | 0.33333334 x + 0.083333336 - 0.41666666 = | 0.33333334:ounce x:ounce +:ounce 0.083333336:ounce -:ounce 0.41666666:ounce =:ounce
EXPR: 0 | POS | FRA | 22 | 0.833333 | 0.7166666928 | 0.33333334=((x+0.083333336)*0.41666666) | 0.33333334 x 0.083333336 + 0.41666666 * = | 0.33333334:ounce x:UK 0.083333336:UK +:UK 0.41666666:ounce *:ounce =:ounce
EXPR: 0 | POS | FRA | 22 | 0.833333 | 0.666666666666667 | 0.33333334=((0.083333336-0.41666666)+x) | 0.33333334 0.083333336 0.41666666 - x + = | 0.33333334:ounce 0.083333336:ounce 0.41666666:ounce -:ounce x:ounce +:ounce =:ounce
EXPR: 0 | POS | INT | 22 | 0.833333 | 0.999999808000006 | (0.083333336*x)=(0.41666666-0.33333334) | 0.083333336 x * 0.41666666 0.33333334 - = | 0.083333336:ounce x:UK *:ounce 0.41666666:ounce 0.33333334:ounce -:ounce =:ounce
EXPR: 0 | POS | FRA | 22 | 0.833333 | 0.7166666928 | ((x+0.083333336)*0.41666666)=0.33333334 | x 0.083333336 + 0.41666666 * 0.33333334 = | x:UK 0.083333336:UK +:UK 0.41666666:ounce *:ounce 0.33333334:ounce =:ounce
EXPR: 0 | POS | FRA | 22 | 0.833333 | 0.666666666666667 | 0.083333336=((x-0.41666666)*0.33333334) | 0.083333336 x 0.41666666 - 0.33333334 * = | 0.083333336:ounce x:UK 0.41666666:UK -:UK 0.33333334:ounce *:ounce =:ounce
EXPR: 0 | POS | FRA | 22 | 0.833333 | 0.104166665 | (x/(0.33333334-0.083333336))=0.41666666 | x 0.33333334 0.083333336 - / 0.41666666 = | x:UK 0.33333334:ounce 0.083333336:ounce -:ounce /:UK 0.41666666:UK =:UK
EXPR: 0 | POS | INT | 22 | 0.833333 | 1.00000019200003 | (0.083333336/x)=(0.41666666-0.33333334) | 0.083333336 x / 0.41666666 0.33333334 - = | 0.083333336:ounce x:UK /:ounce 0.41666666:ounce 0.33333334:ounce -:ounce =:ounce
EXPR: 0 | POS | FRA | 22 | 0.833333 | 0.1333333304 | 0.083333336=(0.41666666*(0.33333334-x)) | 0.083333336 0.41666666 0.33333334 x - * = | 0.083333336:ounce 0.41666666:ounce 0.33333334:UK x:UK -:UK *:ounce =:ounce
EXPR: 0 | POS | FRA | 22 | 0.833333 | 0.666666666666667 | (x-(0.083333336/0.33333334))=0.41666666 | x 0.083333336 0.33333334 / - 0.41666666 = | x:ounce 0.083333336:ounce 0.33333334:UK /:ounce -:ounce 0.41666666:ounce =:ounce
EXPR: 0 | POS | FRA | 22 | 0.833333 | 4.66666642666667 | 0.083333336=(0.41666666/(0.33333334+x)) | 0.083333336 0.41666666 0.33333334 x + / = | 0.083333336:ounce 0.41666666:ounce 0.33333334:UK x:UK +:UK /:ounce =:ounce
EXPR: 0 | POS | FRA | 22 | 0.833333 | 0.166666652 | 0.33333334=(0.083333336/(0.41666666-x)) | 0.33333334 0.083333336 0.41666666 x - / = | 0.33333334:ounce 0.083333336:ounce 0.41666666:UK x:UK -:UK /:ounce =:ounce
EXPR: 1 | POS | FRA | 22 | 0.833333 | 0.833333333333333 | 0.33333334=(x-(0.083333336+0.41666666)) | 0.33333334 x 0.083333336 0.41666666 + - = | 0.33333334:ounce x:ounce 0.083333336:ounce 0.41666666:ounce +:ounce -:ounce =:ounce
EXPR: 0 | POS | FRA | 22 | 0.833333 | 0.666666666666667 | ((0.083333336+x)-0.41666666)=0.33333334 | 0.083333336 x + 0.41666666 - 0.33333334 = | 0.083333336:ounce x:ounce +:ounce 0.41666666:ounce -:ounce 0.33333334:ounce =:ounce
EXPR: 0 | POS | FRA | 22 | 0.833333 | 0.666666666666667 | 0.33333334=(x+(0.083333336-0.41666666)) | 0.33333334 x 0.083333336 0.41666666 - + = | 0.33333334:ounce x:ounce 0.083333336:ounce 0.41666666:ounce -:ounce +:ounce =:ounce
EXPR: 0 | POS | FRA | 22 | 0.833333 | 4.416666612 | (0.083333336*(x-0.41666666))=0.33333334 | 0.083333336 x 0.41666666 - * 0.33333334 = | 0.083333336:ounce x:UK 0.41666666:UK -:UK *:ounce 0.33333334:ounce =:ounce
EXPR: 0 | POS | FRA | 22 | 0.833333 | 3.583333292 | (0.083333336*(x+0.41666666))=0.33333334 | 0.083333336 x 0.41666666 + * 0.33333334 = | 0.083333336:ounce x:UK 0.41666666:UK +:UK *:ounce 0.33333334:ounce =:ounce
EXPR: 0 | POS | FRA | 22 | 0.833333 | 0.666666668 | (0.083333336/(x-0.41666666))=0.33333334 | 0.083333336 x 0.41666666 - / 0.33333334 = | 0.083333336:ounce x:UK 0.41666666:UK -:UK /:ounce 0.33333334:ounce =:ounce
EXPR: 0 | POS | FRA | 22 | 0.833333 | 4.66666642666667 | 0.083333336=(0.41666666/(x+0.33333334)) | 0.083333336 0.41666666 x 0.33333334 + / = | 0.083333336:ounce 0.41666666:ounce x:UK 0.33333334:UK +:UK /:ounce =:ounce
EXPR: 0 | POS | FRA | 22 | 0.833333 | 5.33333309333334 | 0.083333336=(0.41666666/(x-0.33333334)) | 0.083333336 0.41666666 x 0.33333334 - / = | 0.083333336:ounce 0.41666666:ounce x:UK 0.33333334:UK -:UK /:ounce =:ounce
EXPR: 0 | POS | INT | 22 | 0.833333 | 1.59999999360672e-8 | 0.33333334=(x-(0.083333336-0.41666666)) | 0.33333334 x 0.083333336 0.41666666 - - = | 0.33333334:ounce x:ounce 0.083333336:ounce 0.41666666:ounce -:ounce -:ounce =:ounce
EXPR: 0 | POS | FRA | 22 | 0.833333 | 0.533333341866667 | 0.083333336=(0.41666666*(x-0.33333334)) | 0.083333336 0.41666666 x 0.33333334 - * = | 0.083333336:ounce 0.41666666:ounce x:UK 0.33333334:UK -:UK *:ounce =:ounce
EXPR: 0 | POS | INT | 22 | 0.833333 | 1.59999999499449e-8 | 0.083333336=((x+0.41666666)-0.33333334) | 0.083333336 x 0.41666666 + 0.33333334 - = | 0.083333336:ounce x:ounce 0.41666666:ounce +:ounce 0.33333334:ounce -:ounce =:ounce
EXPR: 0 | POS | FRA | 22 | 0.833333 | 0.666666666666667 | 0.33333334=((x+0.083333336)-0.41666666) | 0.33333334 x 0.083333336 + 0.41666666 - = | 0.33333334:ounce x:ounce 0.083333336:ounce +:ounce 0.41666666:ounce -:ounce =:ounce
EXPR: 0 | POS | INT | 22 | 0.833333 | 1.59999999499449e-8 | 0.083333336=((0.41666666+x)-0.33333334) | 0.083333336 0.41666666 x + 0.33333334 - = | 0.083333336:ounce 0.41666666:ounce x:ounce +:ounce 0.33333334:ounce -:ounce =:ounce
EXPR: 0 | POS | FRA | 22 | 0.833333 | 0.6000000096 | (0.33333334-0.083333336)=(0.41666666*x) | 0.33333334 0.083333336 - 0.41666666 x * = | 0.33333334:ounce 0.083333336:ounce -:ounce 0.41666666:ounce x:UK *:ounce =:ounce
EXPR: 0 | POS | INT | 27 | 0.833333 | 0.999999961600001 | 0.33333334=((0.41666666/x)-0.083333336) | 0.33333334 0.41666666 x / 0.083333336 - = | 0.33333334:ounce 0.41666666:ounce x:UK /:ounce 0.083333336:ounce -:ounce =:ounce
EXPR: 0 | POS | INT | 27 | 0.833333 | 1.0000000384 | ((x*0.41666666)-0.083333336)=0.33333334 | x 0.41666666 * 0.083333336 - 0.33333334 = | x:UK 0.41666666:ounce *:ounce 0.083333336:ounce -:ounce 0.33333334:ounce =:ounce
EXPR: 0 | POS | INT | 27 | 0.833333 | 1 | 0.41666666=(0.083333336+(0.33333334/x)) | 0.41666666 0.083333336 0.33333334 x / + = | 0.41666666:ounce 0.083333336:ounce 0.33333334:ounce x:UK /:ounce +:ounce =:ounce
EXPR: 0 | POS | INT | 27 | 0.833333 | 1.0000000384 | 0.33333334=((0.41666666*x)-0.083333336) | 0.33333334 0.41666666 x * 0.083333336 - = | 0.33333334:ounce 0.41666666:ounce x:UK *:ounce 0.083333336:ounce -:ounce =:ounce
EXPR: 0 | POS | FRA | 27 | 0.833333 | 0.6000000096 | ((x*0.41666666)+0.083333336)=0.33333334 | x 0.41666666 * 0.083333336 + 0.33333334 = | x:UK 0.41666666:ounce *:ounce 0.083333336:ounce +:ounce 0.33333334:ounce =:ounce
EXPR: 0 | POS | INT | 27 | 0.833333 | 1.0000000384 | 0.33333334=((x*0.41666666)-0.083333336) | 0.33333334 x 0.41666666 * 0.083333336 - = | 0.33333334:ounce x:UK 0.41666666:ounce *:ounce 0.083333336:ounce -:ounce =:ounce
EXPR: 0 | POS | INT | 27 | 0.833333 | 1 | 0.41666666=(0.083333336+(0.33333334*x)) | 0.41666666 0.083333336 0.33333334 x * + = | 0.41666666:ounce 0.083333336:ounce 0.33333334:ounce x:UK *:ounce +:ounce =:ounce
EXPR: 0 | POS | INT | 27 | 0.833333 | 8.99999971200001 | 0.41666666=((x*0.083333336)-0.33333334) | 0.41666666 x 0.083333336 * 0.33333334 - = | 0.41666666:ounce x:UK 0.083333336:ounce *:ounce 0.33333334:ounce -:ounce =:ounce
EXPR: 0 | POS | FRA | 27 | 0.833333 | 0.6000000096 | 0.33333334=((x*0.41666666)+0.083333336) | 0.33333334 x 0.41666666 * 0.083333336 + = | 0.33333334:ounce x:UK 0.41666666:ounce *:ounce 0.083333336:ounce +:ounce =:ounce
EXPR: 0 | POS | FRA | 27 | 0.833333 | 0.6000000096 | (0.33333334-(x*0.41666666))=0.083333336 | 0.33333334 x 0.41666666 * - 0.083333336 = | 0.33333334:ounce x:UK 0.41666666:ounce *:ounce -:ounce 0.083333336:ounce =:ounce
EXPR: 0 | POS | INT | 27 | 0.833333 | 1 | ((0.41666666-0.083333336)*x)=0.33333334 | 0.41666666 0.083333336 - x * 0.33333334 = | 0.41666666:ounce 0.083333336:ounce -:ounce x:UK *:ounce 0.33333334:ounce =:ounce
EXPR: 0 | POS | INT | 27 | 0.833333 | 1 | ((0.41666666-0.083333336)/x)=0.33333334 | 0.41666666 0.083333336 - x / 0.33333334 = | 0.41666666:ounce 0.083333336:ounce -:ounce x:UK /:ounce 0.33333334:ounce =:ounce
EXPR: 0 | POS | INT | 27 | 0.833333 | 1.00000019200003 | 0.33333334=(0.41666666-(0.083333336/x)) | 0.33333334 0.41666666 0.083333336 x / - = | 0.33333334:ounce 0.41666666:ounce 0.083333336:ounce x:UK /:ounce -:ounce =:ounce
EXPR: 0 | POS | INT | 27 | 0.833333 | 0.999999808000006 | (0.41666666-(0.083333336*x))=0.33333334 | 0.41666666 0.083333336 x * - 0.33333334 = | 0.41666666:ounce 0.083333336:ounce x:UK *:ounce -:ounce 0.33333334:ounce =:ounce
EXPR: 0 | POS | INT | 27 | 0.833333 | 1.00000019200003 | (0.41666666-(0.083333336/x))=0.33333334 | 0.41666666 0.083333336 x / - 0.33333334 = | 0.41666666:ounce 0.083333336:ounce x:UK /:ounce -:ounce 0.33333334:ounce =:ounce
EXPR: 0 | POS | INT | 27 | 0.833333 | 0.999999808000006 | (0.41666666-(x*0.083333336))=0.33333334 | 0.41666666 x 0.083333336 * - 0.33333334 = | 0.41666666:ounce x:UK 0.083333336:ounce *:ounce -:ounce 0.33333334:ounce =:ounce
EXPR: 0 | POS | INT | 27 | 0.833333 | 0.999999808000006 | 0.33333334=(0.41666666-(0.083333336*x)) | 0.33333334 0.41666666 0.083333336 x * - = | 0.33333334:ounce 0.41666666:ounce 0.083333336:ounce x:UK *:ounce -:ounce =:ounce
EXPR: 0 | POS | INT | 27 | 0.833333 | 1 | 0.33333334=(x*(0.41666666-0.083333336)) | 0.33333334 x 0.41666666 0.083333336 - * = | 0.33333334:ounce x:UK 0.41666666:ounce 0.083333336:ounce -:ounce *:ounce =:ounce
EXPR: 0 | POS | INT | 27 | 0.833333 | 0.999999808000006 | 0.41666666=((0.083333336*x)+0.33333334) | 0.41666666 0.083333336 x * 0.33333334 + = | 0.41666666:ounce 0.083333336:ounce x:UK *:ounce 0.33333334:ounce +:ounce =:ounce
EXPR: 0 | POS | INT | 27 | 0.833333 | 0.999999961600001 | 0.41666666=(x*(0.083333336+0.33333334)) | 0.41666666 x 0.083333336 0.33333334 + * = | 0.41666666:ounce x:UK 0.083333336:ounce 0.33333334:ounce +:ounce *:ounce =:ounce
EXPR: 0 | POS | INT | 27 | 0.833333 | 8.99999971200001 | 0.41666666=((0.083333336*x)-0.33333334) | 0.41666666 0.083333336 x * 0.33333334 - = | 0.41666666:ounce 0.083333336:ounce x:UK *:ounce 0.33333334:ounce -:ounce =:ounce
EXPR: 0 | POS | INT | 27 | 0.833333 | 1.00000019200003 | 0.41666666=((0.083333336/x)+0.33333334) | 0.41666666 0.083333336 x / 0.33333334 + = | 0.41666666:ounce 0.083333336:ounce x:UK /:ounce 0.33333334:ounce +:ounce =:ounce
EXPR: 0 | POS | FRA | 27 | 0.833333 | 1.66666664 | 0.33333334=((0.41666666/x)+0.083333336) | 0.33333334 0.41666666 x / 0.083333336 + = | 0.33333334:ounce 0.41666666:ounce x:UK /:ounce 0.083333336:ounce +:ounce =:ounce
EXPR: 0 | POS | INT | 27 | 0.833333 | 1 | (x*(0.41666666-0.083333336))=0.33333334 | x 0.41666666 0.083333336 - * 0.33333334 = | x:UK 0.41666666:ounce 0.083333336:ounce -:ounce *:ounce 0.33333334:ounce =:ounce
EXPR: 0 | POS | FRA | 27 | 0.833333 | 0.6000000096 | 0.33333334=((0.41666666*x)+0.083333336) | 0.33333334 0.41666666 x * 0.083333336 + = | 0.33333334:ounce 0.41666666:ounce x:UK *:ounce 0.083333336:ounce +:ounce =:ounce
EXPR: 0 | POS | FRA | 27 | 0.833333 | 0.111111114666667 | 0.41666666=((0.083333336/x)-0.33333334) | 0.41666666 0.083333336 x / 0.33333334 - = | 0.41666666:ounce 0.083333336:ounce x:UK /:ounce 0.33333334:ounce -:ounce =:ounce
EXPR: 0 | POS | FRA | 27 | 0.833333 | 0.6000000096 | (0.33333334-(0.41666666*x))=0.083333336 | 0.33333334 0.41666666 x * - 0.083333336 = | 0.33333334:ounce 0.41666666:ounce x:UK *:ounce -:ounce 0.083333336:ounce =:ounce
EXPR: 0 | POS | INT | 27 | 0.833333 | 0.999999961600001 | ((0.41666666/x)-0.083333336)=0.33333334 | 0.41666666 x / 0.083333336 - 0.33333334 = | 0.41666666:ounce x:UK /:ounce 0.083333336:ounce -:ounce 0.33333334:ounce =:ounce
EXPR: 0 | POS | FRA | 27 | 0.833333 | 1.66666664 | ((0.41666666/x)+0.083333336)=0.33333334 | 0.41666666 x / 0.083333336 + 0.33333334 = | 0.41666666:ounce x:UK /:ounce 0.083333336:ounce +:ounce 0.33333334:ounce =:ounce
EXPR: 0 | POS | FRA | 27 | 0.833333 | 0.666666666666667 | ((0.33333334/x)-0.41666666)=0.083333336 | 0.33333334 x / 0.41666666 - 0.083333336 = | 0.33333334:ounce x:UK /:ounce 0.41666666:ounce -:ounce 0.083333336:ounce =:ounce
EXPR: 0 | POS | FRA | 27 | 0.833333 | 1.5 | ((0.33333334*x)-0.41666666)=0.083333336 | 0.33333334 x * 0.41666666 - 0.083333336 = | 0.33333334:ounce x:UK *:ounce 0.41666666:ounce -:ounce 0.083333336:ounce =:ounce
EXPR: 0 | POS | INT | 27 | 0.833333 | 1.0000000384 | ((0.41666666*x)-0.083333336)=0.33333334 | 0.41666666 x * 0.083333336 - 0.33333334 = | 0.41666666:ounce x:UK *:ounce 0.083333336:ounce -:ounce 0.33333334:ounce =:ounce
EXPR: 0 | POS | FRA | 27 | 0.833333 | 0.6000000096 | ((0.41666666*x)+0.083333336)=0.33333334 | 0.41666666 x * 0.083333336 + 0.33333334 = | 0.41666666:ounce x:UK *:ounce 0.083333336:ounce +:ounce 0.33333334:ounce =:ounce
EXPR: 0 | POS | FRA | 27 | 0.833333 | 1.5 | ((x*0.33333334)-0.41666666)=0.083333336 | x 0.33333334 * 0.41666666 - 0.083333336 = | x:UK 0.33333334:ounce *:ounce 0.41666666:ounce -:ounce 0.083333336:ounce =:ounce
EXPR: 0 | POS | FRA | 27 | 0.833333 | 1.66666664 | (0.33333334-(0.41666666/x))=0.083333336 | 0.33333334 0.41666666 x / - 0.083333336 = | 0.33333334:ounce 0.41666666:ounce x:UK /:ounce -:ounce 0.083333336:ounce =:ounce
EXPR: 0 | POS | INT | 27 | 0.833333 | 0.999999961600001 | 0.41666666=((0.083333336+0.33333334)*x) | 0.41666666 0.083333336 0.33333334 + x * = | 0.41666666:ounce 0.083333336:ounce 0.33333334:ounce +:ounce x:UK *:ounce =:ounce
EXPR: 0 | POS | INT | 27 | 0.833333 | 1 | 0.33333334=((0.41666666-0.083333336)/x) | 0.33333334 0.41666666 0.083333336 - x / = | 0.33333334:ounce 0.41666666:ounce 0.083333336:ounce -:ounce x:UK /:ounce =:ounce
EXPR: 0 | POS | INT | 27 | 0.833333 | 1 | 0.33333334=((0.41666666-0.083333336)*x) | 0.33333334 0.41666666 0.083333336 - x * = | 0.33333334:ounce 0.41666666:ounce 0.083333336:ounce -:ounce x:UK *:ounce =:ounce
EXPR: 0 | POS | INT | 27 | 0.833333 | 0.999999808000006 | 0.41666666=((x*0.083333336)+0.33333334) | 0.41666666 x 0.083333336 * 0.33333334 + = | 0.41666666:ounce x:UK 0.083333336:ounce *:ounce 0.33333334:ounce +:ounce =:ounce
EXPR: 0 | POS | INT | 27 | 0.833333 | 1.0000000384 | 0.41666666=((0.083333336+0.33333334)/x) | 0.41666666 0.083333336 0.33333334 + x / = | 0.41666666:ounce 0.083333336:ounce 0.33333334:ounce +:ounce x:UK /:ounce =:ounce
EXPR: 0 | POS | INT | 27 | 0.833333 | 0.999999808000006 | 0.33333334=(0.41666666-(x*0.083333336)) | 0.33333334 0.41666666 x 0.083333336 * - = | 0.33333334:ounce 0.41666666:ounce x:UK 0.083333336:ounce *:ounce -:ounce =:ounce
EXPR: 0 | POS | INT | 27 | 0.833333 | 1 | 0.41666666=(0.083333336+(x*0.33333334)) | 0.41666666 0.083333336 x 0.33333334 * + = | 0.41666666:ounce 0.083333336:ounce x:UK 0.33333334:ounce *:ounce +:ounce =:ounce
EXPR: 0 | POS | FRA | 27 | 0.833333 | 0.111111114666667 | ((0.33333334+0.41666666)*x)=0.083333336 | 0.33333334 0.41666666 + x * 0.083333336 = | 0.33333334:ounce 0.41666666:ounce +:ounce x:UK *:ounce 0.083333336:ounce =:ounce
EXPR: 0 | POS | FRA | 27 | 0.833333 | 0.111111114666667 | (x*(0.33333334+0.41666666))=0.083333336 | x 0.33333334 0.41666666 + * 0.083333336 = | x:UK 0.33333334:ounce 0.41666666:ounce +:ounce *:ounce 0.083333336:ounce =:ounce
EXPR: 0 | POS | INT | 27 | 0.833333 | 8.99999971200001 | ((0.33333334+0.41666666)/x)=0.083333336 | 0.33333334 0.41666666 + x / 0.083333336 = | 0.33333334:ounce 0.41666666:ounce +:ounce x:UK /:ounce 0.083333336:ounce =:ounce
EXPR: 0 | POS | FRA | 30 | 0.833333 | 0.368055562777778 | ((0.083333336*0.41666666)+0.33333334)=x | 0.083333336 0.41666666 * 0.33333334 + x = | 0.083333336:UK 0.41666666:ounce *:ounce 0.33333334:ounce +:ounce x:ounce =:ounce
EXPR: 0 | POS | FRA | 30 | 0.833333 | 1.333333291 | (0.083333336+(0.41666666/0.33333334))=x | 0.083333336 0.41666666 0.33333334 / + x = | 0.083333336:ounce 0.41666666:ounce 0.33333334:UK /:ounce +:ounce x:ounce =:ounce
EXPR: 0 | POS | FRA | 30 | 0.833333 | 3.583333292 | ((0.33333334/0.083333336)-0.41666666)=x | 0.33333334 0.083333336 / 0.41666666 - x = | 0.33333334:ounce 0.083333336:UK /:ounce 0.41666666:ounce -:ounce x:ounce =:ounce
EXPR: 0 | POS | FRA | 30 | 0.833333 | 4.416666612 | ((0.33333334/0.083333336)+0.41666666)=x | 0.33333334 0.083333336 / 0.41666666 + x = | 0.33333334:ounce 0.083333336:UK /:ounce 0.41666666:ounce +:ounce x:ounce =:ounce
EXPR: 0 | POS | FRA | 30 | 0.833333 | 0.5333333496 | ((0.083333336/0.41666666)+0.33333334)=x | 0.083333336 0.41666666 / 0.33333334 + x = | 0.083333336:ounce 0.41666666:UK /:ounce 0.33333334:ounce +:ounce x:ounce =:ounce
EXPR: 0 | POS | FRA | 30 | 0.833333 | 0.6000000192 | ((0.33333334-0.083333336)/0.41666666)=x | 0.33333334 0.083333336 - 0.41666666 / x = | 0.33333334:UK 0.083333336:UK -:UK 0.41666666:ounce /:UK x:UK =:UK
EXPR: 0 | POS | FRA | 30 | 0.833333 | 0.298611117222222 | (0.33333334-(0.083333336*0.41666666))=x | 0.33333334 0.083333336 0.41666666 * - x = | 0.33333334:ounce 0.083333336:UK 0.41666666:ounce *:ounce -:ounce x:ounce =:ounce
EXPR: 0 | POS | FRA | 30 | 0.833333 | 0.368055562777778 | (0.33333334+(0.083333336*0.41666666))=x | 0.33333334 0.083333336 0.41666666 * + x = | 0.33333334:ounce 0.083333336:UK 0.41666666:ounce *:ounce +:ounce x:ounce =:ounce
EXPR: 0 | POS | FRA | 30 | 0.833333 | 1.499999958 | ((0.083333336+0.41666666)/0.33333334)=x | 0.083333336 0.41666666 + 0.33333334 / x = | 0.083333336:UK 0.41666666:UK +:UK 0.33333334:ounce /:UK x:UK =:UK
EXPR: 0 | POS | FRA | 30 | 0.833333 | 1.499999958 | x=((0.083333336+0.41666666)/0.33333334) | x 0.083333336 0.41666666 + 0.33333334 / = | x:UK 0.083333336:UK 0.41666666:UK +:UK 0.33333334:ounce /:UK =:UK
EXPR: 0 | POS | FRA | 30 | 0.833333 | 0.368055562777778 | x=((0.083333336*0.41666666)+0.33333334) | x 0.083333336 0.41666666 * 0.33333334 + = | x:UK 0.083333336:ounce 0.41666666:UK *:UK 0.33333334:UK +:UK =:UK
EXPR: 0 | POS | FRA | 30 | 0.833333 | 0.6000000192 | x=((0.33333334-0.083333336)/0.41666666) | x 0.33333334 0.083333336 - 0.41666666 / = | x:UK 0.33333334:UK 0.083333336:UK -:UK 0.41666666:ounce /:UK =:UK
EXPR: 0 | POS | FRA | 30 | 0.833333 | 3.583333292 | x=((0.33333334/0.083333336)-0.41666666) | x 0.33333334 0.083333336 / 0.41666666 - = | x:ounce 0.33333334:ounce 0.083333336:UK /:ounce 0.41666666:ounce -:ounce =:ounce
EXPR: 0 | POS | FRA | 30 | 0.833333 | 0.298611117222222 | x=(0.33333334-(0.083333336*0.41666666)) | x 0.33333334 0.083333336 0.41666666 * - = | x:UK 0.33333334:UK 0.083333336:UK 0.41666666:ounce *:UK -:UK =:UK
EXPR: 0 | POS | FRA | 30 | 0.833333 | 0.1333333304 | x=(0.33333334-(0.083333336/0.41666666)) | x 0.33333334 0.083333336 0.41666666 / - = | x:UK 0.33333334:UK 0.083333336:UK 0.41666666:ounce /:UK -:UK =:UK
EXPR: 0 | POS | FRA | 30 | 0.833333 | 0.1333333304 | (0.33333334-(0.083333336/0.41666666))=x | 0.33333334 0.083333336 0.41666666 / - x = | 0.33333334:ounce 0.083333336:ounce 0.41666666:UK /:ounce -:ounce x:ounce =:ounce
EXPR: 0 | POS | FRA | 30 | 0.833333 | 0.5333333496 | (0.33333334+(0.083333336/0.41666666))=x | 0.33333334 0.083333336 0.41666666 / + x = | 0.33333334:ounce 0.083333336:ounce 0.41666666:UK /:ounce +:ounce x:ounce =:ounce
EXPR: 0 | POS | FRA | 30 | 0.833333 | 0.5333333496 | x=(0.33333334+(0.083333336/0.41666666)) | x 0.33333334 0.083333336 0.41666666 / + = | x:ounce 0.33333334:ounce 0.083333336:ounce 0.41666666:UK /:ounce +:ounce =:ounce
EXPR: 0 | POS | FRA | 30 | 0.833333 | 1.333333291 | x=(0.083333336+(0.41666666/0.33333334)) | x 0.083333336 0.41666666 0.33333334 / + = | x:ounce 0.083333336:ounce 0.41666666:ounce 0.33333334:UK /:ounce +:ounce =:ounce
EXPR: 0 | POS | FRA | 30 | 0.833333 | 0.368055562777778 | x=(0.33333334+(0.083333336*0.41666666)) | x 0.33333334 0.083333336 0.41666666 * + = | x:ounce 0.33333334:ounce 0.083333336:ounce 0.41666666:UK *:ounce +:ounce =:ounce
EXPR: 0 | POS | FRA | 30 | 0.833333 | 0.5333333496 | x=((0.083333336/0.41666666)+0.33333334) | x 0.083333336 0.41666666 / 0.33333334 + = | x:ounce 0.083333336:ounce 0.41666666:UK /:ounce 0.33333334:ounce +:ounce =:ounce
NET 381 unique, non-negative solutions found out of 1000 total solutions
