parameters: n=5 l=2 k=1 p=5 q=2 m=8
TOTAL 136 solutions found
SOLN: CORRECT | POS/NEG | INT/FRA | OBJ-SCORE | TRUE-ANS | ANS | INFIX | POSTFIX | TYPED-POSTFIX
EXPR: 0 | POS | FRA | 2 | 9.8 | 8.8 | 1.0=(8.8/x) | 1.0 8.8 x / = | 1.0:bucket 8.8:bucket x:water /:bucket =:bucket
EXPR: 0 | POS | FRA | 2 | 9.8 | 0.113636363636364 | 1.0=(x*8.8) | 1.0 x 8.8 * = | 1.0:bucket x:water 8.8:bucket *:bucket =:bucket
EXPR: 0 | POS | FRA | 2 | 9.8 | 0.113636363636364 | 1.0=(8.8*x) | 1.0 8.8 x * = | 1.0:bucket 8.8:bucket x:water *:bucket =:bucket
EXPR: 0 | POS | FRA | 2 | 9.8 | 8.8 | (x*1.0)=8.8 | x 1.0 * 8.8 = | x:water 1.0:bucket *:bucket 8.8:bucket =:bucket
EXPR: 0 | POS | FRA | 2 | 9.8 | 8.8 | (1.0*x)=8.8 | 1.0 x * 8.8 = | 1.0:bucket x:water *:bucket 8.8:bucket =:bucket
EXPR: 0 | POS | FRA | 2 | 9.8 | 0.113636363636364 | (1.0/x)=8.8 | 1.0 x / 8.8 = | 1.0:bucket x:water /:bucket 8.8:bucket =:bucket
EXPR: 0 | POS | FRA | 10 | 9.8 | 8.8 | (1.0*8.8)=x | 1.0 8.8 * x = | 1.0:bucket 8.8:water *:water x:water =:water
EXPR: 1 | POS | FRA | 10 | 9.8 | 9.8 | (1.0+8.8)=x | 1.0 8.8 + x = | 1.0:bucket 8.8:bucket +:bucket x:bucket =:bucket
EXPR: 0 | POS | FRA | 10 | 9.8 | 8.8 | x=(1.0*8.8) | x 1.0 8.8 * = | x:water 1.0:bucket 8.8:water *:water =:water
EXPR: 1 | POS | FRA | 10 | 9.8 | 9.8 | x=(1.0+8.8) | x 1.0 8.8 + = | x:bucket 1.0:bucket 8.8:bucket +:bucket =:bucket
EXPR: 0 | POS | FRA | 10 | 9.8 | 0.113636363636364 | x=(1.0/8.8) | x 1.0 8.8 / = | x:water 1.0:water 8.8:bucket /:water =:water
EXPR: 0 | POS | FRA | 10 | 9.8 | 0.113636363636364 | (1.0/8.8)=x | 1.0 8.8 / x = | 1.0:water 8.8:bucket /:water x:water =:water
EXPR: 0 | POS | FRA | 12 | 9.8 | 0.113636363636364 | 8.8=(1.0/x) | 8.8 1.0 x / = | 8.8:bucket 1.0:bucket x:water /:bucket =:bucket
EXPR: 0 | POS | FRA | 12 | 9.8 | 0.113636363636364 | (x*8.8)=1.0 | x 8.8 * 1.0 = | x:water 8.8:bucket *:bucket 1.0:bucket =:bucket
EXPR: 0 | POS | FRA | 12 | 9.8 | 8.8 | 1.0=(x/8.8) | 1.0 x 8.8 / = | 1.0:water x:water 8.8:bucket /:water =:water
EXPR: 0 | POS | FRA | 12 | 9.8 | 8.8 | 8.8=(1.0*x) | 8.8 1.0 x * = | 8.8:bucket 1.0:bucket x:water *:bucket =:bucket
EXPR: 1 | POS | FRA | 12 | 9.8 | 9.8 | 1.0=(x-8.8) | 1.0 x 8.8 - = | 1.0:bucket x:bucket 8.8:bucket -:bucket =:bucket
EXPR: 0 | POS | FRA | 12 | 9.8 | 8.8 | 8.8=(x*1.0) | 8.8 x 1.0 * = | 8.8:bucket x:water 1.0:bucket *:bucket =:bucket
EXPR: 0 | POS | FRA | 12 | 9.8 | 7.8 | 1.0=(8.8-x) | 1.0 8.8 x - = | 1.0:bucket 8.8:bucket x:bucket -:bucket =:bucket
EXPR: 0 | POS | FRA | 12 | 9.8 | 0.113636363636364 | (8.8*x)=1.0 | 8.8 x * 1.0 = | 8.8:bucket x:water *:bucket 1.0:bucket =:bucket
EXPR: 0 | POS | FRA | 12 | 9.8 | 8.8 | (8.8/x)=1.0 | 8.8 x / 1.0 = | 8.8:bucket x:water /:bucket 1.0:bucket =:bucket
EXPR: 0 | POS | FRA | 12 | 9.8 | 7.8 | (x+1.0)=8.8 | x 1.0 + 8.8 = | x:bucket 1.0:bucket +:bucket 8.8:bucket =:bucket
EXPR: 0 | POS | FRA | 12 | 9.8 | 7.8 | (1.0+x)=8.8 | 1.0 x + 8.8 = | 1.0:bucket x:bucket +:bucket 8.8:bucket =:bucket
EXPR: 1 | POS | FRA | 12 | 9.8 | 9.8 | (x-1.0)=8.8 | x 1.0 - 8.8 = | x:bucket 1.0:bucket -:bucket 8.8:bucket =:bucket
EXPR: 0 | POS | FRA | 12 | 9.8 | 8.8 | (x/1.0)=8.8 | x 1.0 / 8.8 = | x:water 1.0:bucket /:water 8.8:water =:water
EXPR: 0 | POS | FRA | 20 | 9.8 | 8.8 | (8.8/1.0)=x | 8.8 1.0 / x = | 8.8:water 1.0:bucket /:water x:water =:water
EXPR: 0 | POS | FRA | 20 | 9.8 | 7.8 | x=(8.8-1.0) | x 8.8 1.0 - = | x:bucket 8.8:bucket 1.0:bucket -:bucket =:bucket
EXPR: 0 | POS | FRA | 20 | 9.8 | 7.8 | (8.8-1.0)=x | 8.8 1.0 - x = | 8.8:bucket 1.0:bucket -:bucket x:bucket =:bucket
EXPR: 0 | POS | FRA | 20 | 9.8 | 8.8 | x=(8.8/1.0) | x 8.8 1.0 / = | x:water 8.8:water 1.0:bucket /:water =:water
EXPR: 0 | POS | FRA | 22 | 9.8 | 7.8 | (8.8-x)=1.0 | 8.8 x - 1.0 = | 8.8:bucket x:bucket -:bucket 1.0:bucket =:bucket
EXPR: 0 | POS | FRA | 22 | 9.8 | 8.8 | (x/8.8)=1.0 | x 8.8 / 1.0 = | x:water 8.8:bucket /:water 1.0:water =:water
EXPR: 1 | POS | FRA | 22 | 9.8 | 9.8 | (x-8.8)=1.0 | x 8.8 - 1.0 = | x:bucket 8.8:bucket -:bucket 1.0:bucket =:bucket
EXPR: 1 | POS | FRA | 22 | 9.8 | 9.8 | 8.8=(x-1.0) | 8.8 x 1.0 - = | 8.8:bucket x:bucket 1.0:bucket -:bucket =:bucket
EXPR: 0 | POS | FRA | 22 | 9.8 | 7.8 | 8.8=(x+1.0) | 8.8 x 1.0 + = | 8.8:bucket x:bucket 1.0:bucket +:bucket =:bucket
EXPR: 0 | POS | FRA | 22 | 9.8 | 7.8 | 8.8=(1.0+x) | 8.8 1.0 x + = | 8.8:bucket 1.0:bucket x:bucket +:bucket =:bucket
EXPR: 0 | POS | FRA | 22 | 9.8 | 8.8 | 8.8=(x/1.0) | 8.8 x 1.0 / = | 8.8:water x:water 1.0:bucket /:water =:water
NET 36 unique, non-negative solutions found out of 136 total solutions
