parameters: n=7 l=3 k=1 p=5 q=2 m=9
TOTAL 1000 solutions found
SOLN: CORRECT | POS/NEG | INT/FRA | OBJ-SCORE | TRUE-ANS | ANS | INFIX | POSTFIX | TYPED-POSTFIX
EXPR: 0 | POS | FRA | 0 | 14.02 | 28.04 | (2.0*(9.91+4.11))=x | 2.0 9.91 4.11 + * x = | 2.0:UK 9.91:pound 4.11:pound +:pound *:pound x:pound =:pound
EXPR: 0 | POS | FRA | 0 | 14.02 | 23.93 | ((2.0*9.91)+4.11)=x | 2.0 9.91 * 4.11 + x = | 2.0:UK 9.91:pound *:pound 4.11:pound +:pound x:pound =:pound
EXPR: 0 | POS | FRA | 0 | 14.02 | 15.71 | x=((2.0*9.91)-4.11) | x 2.0 9.91 * 4.11 - = | x:pound 2.0:UK 9.91:pound *:pound 4.11:pound -:pound =:pound
EXPR: 0 | POS | FRA | 0 | 14.02 | 23.93 | x=((2.0*9.91)+4.11) | x 2.0 9.91 * 4.11 + = | x:pound 2.0:UK 9.91:pound *:pound 4.11:pound +:pound =:pound
EXPR: 0 | POS | FRA | 0 | 14.02 | 28.04 | x=(2.0*(9.91+4.11)) | x 2.0 9.91 4.11 + * = | x:pound 2.0:UK 9.91:pound 4.11:pound +:pound *:pound =:pound
EXPR: 0 | POS | FRA | 0 | 14.02 | 11.6 | x=(2.0*(9.91-4.11)) | x 2.0 9.91 4.11 - * = | x:pound 2.0:UK 9.91:pound 4.11:pound -:pound *:pound =:pound
EXPR: 0 | POS | FRA | 0 | 14.02 | 15.71 | ((2.0*9.91)-4.11)=x | 2.0 9.91 * 4.11 - x = | 2.0:UK 9.91:pound *:pound 4.11:pound -:pound x:pound =:pound
EXPR: 0 | POS | FRA | 0 | 14.02 | 11.6 | (2.0*(9.91-4.11))=x | 2.0 9.91 4.11 - * x = | 2.0:UK 9.91:pound 4.11:pound -:pound *:pound x:pound =:pound
EXPR: 0 | POS | FRA | 2 | 14.02 | 7.855 | (2.0*(9.91-x))=4.11 | 2.0 9.91 x - * 4.11 = | 2.0:UK 9.91:pound x:pound -:pound *:pound 4.11:pound =:pound
EXPR: 0 | POS | FRA | 2 | 14.02 | 7.01 | ((2.0*x)-9.91)=4.11 | 2.0 x * 9.91 - 4.11 = | 2.0:UK x:pound *:pound 9.91:pound -:pound 4.11:pound =:pound
EXPR: 0 | POS | FRA | 2 | 14.02 | 28.04 | ((x/2.0)-9.91)=4.11 | x 2.0 / 9.91 - 4.11 = | x:pound 2.0:UK /:pound 9.91:pound -:pound 4.11:pound =:pound
EXPR: 0 | POS | FRA | 2 | 14.02 | 15.71 | ((2.0*9.91)-x)=4.11 | 2.0 9.91 * x - 4.11 = | 2.0:UK 9.91:pound *:pound x:pound -:pound 4.11:pound =:pound
EXPR: 0 | POS | FRA | 2 | 14.02 | 11.965 | (2.0*(x-9.91))=4.11 | 2.0 x 9.91 - * 4.11 = | 2.0:UK x:pound 9.91:pound -:pound *:pound 4.11:pound =:pound
EXPR: 0 | POS | FRA | 2 | 14.02 | 7.01 | ((x*2.0)-9.91)=4.11 | x 2.0 * 9.91 - 4.11 = | x:pound 2.0:UK *:pound 9.91:pound -:pound 4.11:pound =:pound
EXPR: 0 | POS | FRA | 2 | 14.02 | 23.93 | (x-(2.0*9.91))=4.11 | x 2.0 9.91 * - 4.11 = | x:pound 2.0:UK 9.91:pound *:pound -:pound 4.11:pound =:pound
EXPR: 0 | POS | FRA | 10 | 14.02 | 48.9501 | x=((2.0+9.91)*4.11) | x 2.0 9.91 + 4.11 * = | x:pound 2.0:UK 9.91:UK +:UK 4.11:pound *:pound =:pound
EXPR: 0 | POS | FRA | 10 | 14.02 | 18.13 | ((2.0*4.11)+9.91)=x | 2.0 4.11 * 9.91 + x = | 2.0:UK 4.11:pound *:pound 9.91:pound +:pound x:pound =:pound
EXPR: 0 | POS | FRA | 10 | 14.02 | 18.13 | x=((2.0*4.11)+9.91) | x 2.0 4.11 * 9.91 + = | x:pound 2.0:UK 4.11:pound *:pound 9.91:pound +:pound =:pound
EXPR: 0 | POS | FRA | 10 | 14.02 | 9.065 | ((9.91/2.0)+4.11)=x | 9.91 2.0 / 4.11 + x = | 9.91:pound 2.0:UK /:pound 4.11:pound +:pound x:pound =:pound
EXPR: 0 | POS | FRA | 10 | 14.02 | 0.845 | ((9.91/2.0)-4.11)=x | 9.91 2.0 / 4.11 - x = | 9.91:pound 2.0:UK /:pound 4.11:pound -:pound x:pound =:pound
EXPR: 0 | POS | FRA | 10 | 14.02 | 0.344827586206897 | (2.0/(9.91-4.11))=x | 2.0 9.91 4.11 - / x = | 2.0:UK 9.91:pound 4.11:pound -:pound /:UK x:UK =:UK
EXPR: 0 | POS | FRA | 10 | 14.02 | 7.8 | (2.0+(9.91-4.11))=x | 2.0 9.91 4.11 - + x = | 2.0:pound 9.91:pound 4.11:pound -:pound +:pound x:pound =:pound
EXPR: 0 | POS | FRA | 10 | 14.02 | 18.13 | (9.91+(2.0*4.11))=x | 9.91 2.0 4.11 * + x = | 9.91:pound 2.0:UK 4.11:pound *:pound +:pound x:pound =:pound
EXPR: 0 | POS | FRA | 10 | 14.02 | 1.69 | (9.91-(2.0*4.11))=x | 9.91 2.0 4.11 * - x = | 9.91:pound 2.0:UK 4.11:pound *:pound -:pound x:pound =:pound
EXPR: 0 | POS | FRA | 10 | 14.02 | 7.8 | ((2.0+9.91)-4.11)=x | 2.0 9.91 + 4.11 - x = | 2.0:pound 9.91:pound +:pound 4.11:pound -:pound x:pound =:pound
EXPR: 0 | POS | FRA | 10 | 14.02 | 48.9501 | ((2.0+9.91)*4.11)=x | 2.0 9.91 + 4.11 * x = | 2.0:UK 9.91:UK +:UK 4.11:pound *:pound x:pound =:pound
EXPR: 0 | POS | FRA | 10 | 14.02 | 16.02 | x=((2.0+9.91)+4.11) | x 2.0 9.91 + 4.11 + = | x:pound 2.0:pound 9.91:pound +:pound 4.11:pound +:pound =:pound
EXPR: 0 | POS | FRA | 10 | 14.02 | 1.69 | x=(9.91-(2.0*4.11)) | x 9.91 2.0 4.11 * - = | x:pound 9.91:pound 2.0:UK 4.11:pound *:pound -:pound =:pound
EXPR: 0 | POS | FRA | 10 | 14.02 | 18.13 | x=(9.91+(2.0*4.11)) | x 9.91 2.0 4.11 * + = | x:pound 9.91:pound 2.0:UK 4.11:pound *:pound +:pound =:pound
EXPR: 0 | POS | FRA | 10 | 14.02 | 0.14265335235378 | (2.0/(9.91+4.11))=x | 2.0 9.91 4.11 + / x = | 2.0:UK 9.91:pound 4.11:pound +:pound /:UK x:UK =:UK
EXPR: 0 | POS | FRA | 10 | 14.02 | 0.14265335235378 | x=(2.0/(9.91+4.11)) | x 2.0 9.91 4.11 + / = | x:UK 2.0:UK 9.91:pound 4.11:pound +:pound /:UK =:UK
EXPR: 0 | POS | FRA | 10 | 14.02 | 0.344827586206897 | x=(2.0/(9.91-4.11)) | x 2.0 9.91 4.11 - / = | x:UK 2.0:UK 9.91:pound 4.11:pound -:pound /:UK =:UK
EXPR: 0 | POS | FRA | 10 | 14.02 | 7.8 | x=(2.0+(9.91-4.11)) | x 2.0 9.91 4.11 - + = | x:pound 2.0:pound 9.91:pound 4.11:pound -:pound +:pound =:pound
EXPR: 0 | POS | FRA | 10 | 14.02 | 16.02 | ((2.0+9.91)+4.11)=x | 2.0 9.91 + 4.11 + x = | 2.0:pound 9.91:pound +:pound 4.11:pound +:pound x:pound =:pound
EXPR: 0 | POS | FRA | 10 | 14.02 | 7.8 | x=((2.0+9.91)-4.11) | x 2.0 9.91 + 4.11 - = | x:pound 2.0:pound 9.91:pound +:pound 4.11:pound -:pound =:pound
EXPR: 0 | POS | FRA | 10 | 14.02 | 16.02 | x=(2.0+(9.91+4.11)) | x 2.0 9.91 4.11 + + = | x:pound 2.0:pound 9.91:pound 4.11:pound +:pound +:pound =:pound
EXPR: 0 | POS | FRA | 10 | 14.02 | 16.02 | (2.0+(9.91+4.11))=x | 2.0 9.91 4.11 + + x = | 2.0:pound 9.91:pound 4.11:pound +:pound +:pound x:pound =:pound
EXPR: 0 | POS | FRA | 10 | 14.02 | 0.845 | x=((9.91/2.0)-4.11) | x 9.91 2.0 / 4.11 - = | x:pound 9.91:pound 2.0:UK /:pound 4.11:pound -:pound =:pound
EXPR: 0 | POS | FRA | 10 | 14.02 | 9.065 | x=((9.91/2.0)+4.11) | x 9.91 2.0 / 4.11 + = | x:pound 9.91:pound 2.0:UK /:pound 4.11:pound +:pound =:pound
EXPR: 0 | POS | FRA | 12 | 14.02 | 0.345088161209068 | (x*(2.0+9.91))=4.11 | x 2.0 9.91 + * 4.11 = | x:pound 2.0:UK 9.91:UK +:UK *:pound 4.11:pound =:pound
EXPR: 0 | POS | FRA | 12 | 14.02 | 48.9501 | (x/(2.0+9.91))=4.11 | x 2.0 9.91 + / 4.11 = | x:pound 2.0:UK 9.91:UK +:UK /:pound 4.11:pound =:pound
EXPR: 0 | POS | FRA | 12 | 14.02 | 9.42338199513382 | (2.0/(9.91-x))=4.11 | 2.0 9.91 x - / 4.11 = | 2.0:UK 9.91:pound x:pound -:pound /:UK 4.11:UK =:UK
EXPR: 0 | POS | FRA | 12 | 14.02 | 12.02 | (x+(2.0-9.91))=4.11 | x 2.0 9.91 - + 4.11 = | x:pound 2.0:pound 9.91:pound -:pound +:pound 4.11:pound =:pound
EXPR: 0 | POS | FRA | 12 | 14.02 | 2.9 | ((2.0*x)+4.11)=9.91 | 2.0 x * 4.11 + 9.91 = | 2.0:UK x:pound *:pound 4.11:pound +:pound 9.91:pound =:pound
EXPR: 0 | POS | FRA | 12 | 14.02 | 7.01 | ((2.0*x)-4.11)=9.91 | 2.0 x * 4.11 - 9.91 = | 2.0:UK x:pound *:pound 4.11:pound -:pound 9.91:pound =:pound
EXPR: 0 | POS | FRA | 12 | 14.02 | 7.8 | ((2.0+9.91)-x)=4.11 | 2.0 9.91 + x - 4.11 = | 2.0:pound 9.91:pound +:pound x:pound -:pound 4.11:pound =:pound
EXPR: 0 | POS | FRA | 12 | 14.02 | 7.8 | (2.0-(x-9.91))=4.11 | 2.0 x 9.91 - - 4.11 = | 2.0:pound x:pound 9.91:pound -:pound -:pound 4.11:pound =:pound
EXPR: 0 | POS | FRA | 12 | 14.02 | 2.9 | 9.91=((x*2.0)+4.11) | 9.91 x 2.0 * 4.11 + = | 9.91:pound x:pound 2.0:UK *:pound 4.11:pound +:pound =:pound
EXPR: 0 | POS | FRA | 12 | 14.02 | 2.9 | (2.0*x)=(9.91-4.11) | 2.0 x * 9.91 4.11 - = | 2.0:UK x:pound *:pound 9.91:pound 4.11:pound -:pound =:pound
EXPR: 0 | POS | FRA | 12 | 14.02 | 16.02 | (x-(2.0+9.91))=4.11 | x 2.0 9.91 + - 4.11 = | x:pound 2.0:pound 9.91:pound +:pound -:pound 4.11:pound =:pound
EXPR: 0 | POS | FRA | 12 | 14.02 | 7.01 | (2.0*x)=(9.91+4.11) | 2.0 x * 9.91 4.11 + = | 2.0:UK x:pound *:pound 9.91:pound 4.11:pound +:pound =:pound
EXPR: 0 | POS | FRA | 12 | 14.02 | 0.845 | (2.0*(x+4.11))=9.91 | 2.0 x 4.11 + * 9.91 = | 2.0:UK x:pound 4.11:pound +:pound *:pound 9.91:pound =:pound
EXPR: 0 | POS | FRA | 12 | 14.02 | 0.14265335235378 | 2.0=(x*(9.91+4.11)) | 2.0 x 9.91 4.11 + * = | 2.0:UK x:UK 9.91:pound 4.11:pound +:pound *:UK =:UK
EXPR: 0 | POS | FRA | 12 | 14.02 | 28.04 | 2.0=(x/(9.91+4.11)) | 2.0 x 9.91 4.11 + / = | 2.0:UK x:UK 9.91:pound 4.11:pound +:pound /:UK =:UK
EXPR: 0 | POS | FRA | 12 | 14.02 | 1.58526740665994 | ((2.0-x)*9.91)=4.11 | 2.0 x - 9.91 * 4.11 = | 2.0:UK x:UK -:UK 9.91:pound *:pound 4.11:pound =:pound
EXPR: 0 | POS | FRA | 12 | 14.02 | 7.01 | 9.91=((2.0*x)-4.11) | 9.91 2.0 x * 4.11 - = | 9.91:pound 2.0:UK x:pound *:pound 4.11:pound -:pound =:pound
EXPR: 0 | POS | FRA | 12 | 14.02 | 2.9 | 9.91=((2.0*x)+4.11) | 9.91 2.0 x * 4.11 + = | 9.91:pound 2.0:UK x:pound *:pound 4.11:pound +:pound =:pound
EXPR: 0 | POS | FRA | 12 | 14.02 | 0.344827586206897 | 2.0=(x*(9.91-4.11)) | 2.0 x 9.91 4.11 - * = | 2.0:UK x:UK 9.91:pound 4.11:pound -:pound *:UK =:UK
EXPR: 0 | POS | FRA | 12 | 14.02 | 9.065 | (2.0*(x-4.11))=9.91 | 2.0 x 4.11 - * 9.91 = | 2.0:UK x:pound 4.11:pound -:pound *:pound 9.91:pound =:pound
EXPR: 0 | POS | FRA | 12 | 14.02 | 7.8 | (2.0+(9.91-x))=4.11 | 2.0 9.91 x - + 4.11 = | 2.0:pound 9.91:pound x:pound -:pound +:pound 4.11:pound =:pound
EXPR: 0 | POS | FRA | 12 | 14.02 | 28.04 | ((x/2.0)-4.11)=9.91 | x 2.0 / 4.11 - 9.91 = | x:pound 2.0:UK /:pound 4.11:pound -:pound 9.91:pound =:pound
EXPR: 0 | POS | FRA | 12 | 14.02 | 11.6 | ((x/2.0)+4.11)=9.91 | x 2.0 / 4.11 + 9.91 = | x:pound 2.0:UK /:pound 4.11:pound +:pound 9.91:pound =:pound
EXPR: 0 | POS | FRA | 12 | 14.02 | 23.93 | (2.0*9.91)=(x-4.11) | 2.0 9.91 * x 4.11 - = | 2.0:UK 9.91:pound *:pound x:pound 4.11:pound -:pound =:pound
EXPR: 0 | POS | FRA | 12 | 14.02 | 15.71 | (2.0*9.91)=(x+4.11) | 2.0 9.91 * x 4.11 + = | 2.0:UK 9.91:pound *:pound x:pound 4.11:pound +:pound =:pound
EXPR: 0 | POS | FRA | 12 | 14.02 | 11.6 | 2.0=(x/(9.91-4.11)) | 2.0 x 9.91 4.11 - / = | 2.0:UK x:UK 9.91:pound 4.11:pound -:pound /:UK =:UK
EXPR: 0 | POS | FRA | 12 | 14.02 | 0.345088161209068 | ((2.0+9.91)*x)=4.11 | 2.0 9.91 + x * 4.11 = | 2.0:UK 9.91:UK +:UK x:pound *:pound 4.11:pound =:pound
EXPR: 0 | POS | FRA | 12 | 14.02 | 15.71 | (2.0*9.91)=(4.11+x) | 2.0 9.91 * 4.11 x + = | 2.0:UK 9.91:pound *:pound 4.11:pound x:pound +:pound =:pound
EXPR: 0 | POS | FRA | 12 | 14.02 | 2.41473259334006 | ((x-2.0)*9.91)=4.11 | x 2.0 - 9.91 * 4.11 = | x:UK 2.0:UK -:UK 9.91:pound *:pound 4.11:pound =:pound
EXPR: 0 | POS | FRA | 12 | 14.02 | 2.9 | (9.91-(2.0*x))=4.11 | 9.91 2.0 x * - 4.11 = | 9.91:pound 2.0:UK x:pound *:pound -:pound 4.11:pound =:pound
EXPR: 0 | POS | FRA | 12 | 14.02 | 12.02 | ((2.0+x)-9.91)=4.11 | 2.0 x + 9.91 - 4.11 = | 2.0:pound x:pound +:pound 9.91:pound -:pound 4.11:pound =:pound
EXPR: 0 | POS | FRA | 12 | 14.02 | 16.02 | ((x-2.0)-9.91)=4.11 | x 2.0 - 9.91 - 4.11 = | x:pound 2.0:pound -:pound 9.91:pound -:pound 4.11:pound =:pound
EXPR: 0 | POS | FRA | 12 | 14.02 | 28.04 | (x/2.0)=(9.91+4.11) | x 2.0 / 9.91 4.11 + = | x:pound 2.0:UK /:pound 9.91:pound 4.11:pound +:pound =:pound
EXPR: 0 | POS | FRA | 12 | 14.02 | 0.845 | ((9.91/2.0)-x)=4.11 | 9.91 2.0 / x - 4.11 = | 9.91:pound 2.0:UK /:pound x:pound -:pound 4.11:pound =:pound
EXPR: 0 | POS | FRA | 12 | 14.02 | 12.02 | ((x+2.0)-9.91)=4.11 | x 2.0 + 9.91 - 4.11 = | x:pound 2.0:pound +:pound 9.91:pound -:pound 4.11:pound =:pound
EXPR: 0 | POS | FRA | 12 | 14.02 | 12.02 | (2.0-(9.91-x))=4.11 | 2.0 9.91 x - - 4.11 = | 2.0:pound 9.91:pound x:pound -:pound -:pound 4.11:pound =:pound
EXPR: 0 | POS | FRA | 12 | 14.02 | 7.01 | 9.91=((x*2.0)-4.11) | 9.91 x 2.0 * 4.11 - = | 9.91:pound x:pound 2.0:UK *:pound 4.11:pound -:pound =:pound
EXPR: 0 | POS | FRA | 12 | 14.02 | 12.02 | 2.0=((9.91-x)+4.11) | 2.0 9.91 x - 4.11 + = | 2.0:pound 9.91:pound x:pound -:pound 4.11:pound +:pound =:pound
EXPR: 0 | POS | FRA | 12 | 14.02 | 1.69 | ((2.0*4.11)+x)=9.91 | 2.0 4.11 * x + 9.91 = | 2.0:UK 4.11:pound *:pound x:pound +:pound 9.91:pound =:pound
EXPR: 0 | POS | FRA | 12 | 14.02 | 2.9 | (x*2.0)=(9.91-4.11) | x 2.0 * 9.91 4.11 - = | x:pound 2.0:UK *:pound 9.91:pound 4.11:pound -:pound =:pound
EXPR: 0 | POS | FRA | 12 | 14.02 | 11.6 | (x/2.0)=(9.91-4.11) | x 2.0 / 9.91 4.11 - = | x:pound 2.0:UK /:pound 9.91:pound 4.11:pound -:pound =:pound
EXPR: 0 | POS | FRA | 12 | 14.02 | 3.8 | 2.0=((9.91-x)-4.11) | 2.0 9.91 x - 4.11 - = | 2.0:pound 9.91:pound x:pound -:pound 4.11:pound -:pound =:pound
EXPR: 0 | POS | FRA | 12 | 14.02 | 12.02 | 2.0=((9.91+4.11)-x) | 2.0 9.91 4.11 + x - = | 2.0:pound 9.91:pound 4.11:pound +:pound x:pound -:pound =:pound
EXPR: 0 | POS | FRA | 12 | 14.02 | 12.02 | (2.0+(x-9.91))=4.11 | 2.0 x 9.91 - + 4.11 = | 2.0:pound x:pound 9.91:pound -:pound +:pound 4.11:pound =:pound
EXPR: 0 | POS | FRA | 12 | 14.02 | 1.69 | 9.91=((2.0*4.11)+x) | 9.91 2.0 4.11 * x + = | 9.91:pound 2.0:UK 4.11:pound *:pound x:pound +:pound =:pound
EXPR: 0 | POS | FRA | 12 | 14.02 | 3.8 | 2.0=((9.91-4.11)-x) | 2.0 9.91 4.11 - x - = | 2.0:pound 9.91:pound 4.11:pound -:pound x:pound -:pound =:pound
EXPR: 0 | POS | FRA | 12 | 14.02 | 12.02 | ((2.0-9.91)+x)=4.11 | 2.0 9.91 - x + 4.11 = | 2.0:pound 9.91:pound -:pound x:pound +:pound 4.11:pound =:pound
EXPR: 0 | POS | FRA | 12 | 14.02 | 7.855 | ((9.91-x)*2.0)=4.11 | 9.91 x - 2.0 * 4.11 = | 9.91:pound x:pound -:pound 2.0:UK *:pound 4.11:pound =:pound
EXPR: 0 | POS | FRA | 12 | 14.02 | 1.69 | ((9.91-x)/2.0)=4.11 | 9.91 x - 2.0 / 4.11 = | 9.91:pound x:pound -:pound 2.0:UK /:pound 4.11:pound =:pound
EXPR: 0 | POS | FRA | 12 | 14.02 | 7.01 | ((x*2.0)-4.11)=9.91 | x 2.0 * 4.11 - 9.91 = | x:pound 2.0:UK *:pound 4.11:pound -:pound 9.91:pound =:pound
EXPR: 0 | POS | FRA | 12 | 14.02 | 2.9 | ((x*2.0)+4.11)=9.91 | x 2.0 * 4.11 + 9.91 = | x:pound 2.0:UK *:pound 4.11:pound +:pound 9.91:pound =:pound
EXPR: 0 | POS | FRA | 12 | 14.02 | 7.01 | (x*2.0)=(9.91+4.11) | x 2.0 * 9.91 4.11 + = | x:pound 2.0:UK *:pound 9.91:pound 4.11:pound +:pound =:pound
EXPR: 0 | POS | FRA | 12 | 14.02 | 11.6 | (9.91-(x/2.0))=4.11 | 9.91 x 2.0 / - 4.11 = | 9.91:pound x:pound 2.0:UK /:pound -:pound 4.11:pound =:pound
EXPR: 0 | POS | FRA | 12 | 14.02 | 9.065 | (x-(9.91/2.0))=4.11 | x 9.91 2.0 / - 4.11 = | x:pound 9.91:pound 2.0:UK /:pound -:pound 4.11:pound =:pound
EXPR: 0 | POS | FRA | 12 | 14.02 | 1.69 | 9.91=(x+(2.0*4.11)) | 9.91 x 2.0 4.11 * + = | 9.91:pound x:pound 2.0:UK 4.11:pound *:pound +:pound =:pound
EXPR: 0 | POS | FRA | 12 | 14.02 | 11.965 | ((x-9.91)*2.0)=4.11 | x 9.91 - 2.0 * 4.11 = | x:pound 9.91:pound -:pound 2.0:UK *:pound 4.11:pound =:pound
EXPR: 0 | POS | FRA | 12 | 14.02 | 18.13 | ((x-9.91)/2.0)=4.11 | x 9.91 - 2.0 / 4.11 = | x:pound 9.91:pound -:pound 2.0:UK /:pound 4.11:pound =:pound
EXPR: 0 | POS | FRA | 12 | 14.02 | 7.8 | 2.0=((x-9.91)+4.11) | 2.0 x 9.91 - 4.11 + = | 2.0:pound x:pound 9.91:pound -:pound 4.11:pound +:pound =:pound
EXPR: 0 | POS | FRA | 12 | 14.02 | 16.02 | 2.0=((x-9.91)-4.11) | 2.0 x 9.91 - 4.11 - = | 2.0:pound x:pound 9.91:pound -:pound 4.11:pound -:pound =:pound
EXPR: 0 | POS | FRA | 12 | 14.02 | 2.9 | (9.91-(x*2.0))=4.11 | 9.91 x 2.0 * - 4.11 = | 9.91:pound x:pound 2.0:UK *:pound -:pound 4.11:pound =:pound
EXPR: 0 | POS | FRA | 12 | 14.02 | 18.13 | 9.91=(x-(2.0*4.11)) | 9.91 x 2.0 4.11 * - = | 9.91:pound x:pound 2.0:UK 4.11:pound *:pound -:pound =:pound
EXPR: 0 | POS | FRA | 12 | 14.02 | 12.02 | 2.0=(9.91+(4.11-x)) | 2.0 9.91 4.11 x - + = | 2.0:pound 9.91:pound 4.11:pound x:pound -:pound +:pound =:pound
EXPR: 0 | POS | FRA | 12 | 14.02 | 16.02 | 2.0=(x-(9.91+4.11)) | 2.0 x 9.91 4.11 + - = | 2.0:pound x:pound 9.91:pound 4.11:pound +:pound -:pound =:pound
EXPR: 0 | POS | FRA | 12 | 14.02 | 0.845 | (2.0*(4.11+x))=9.91 | 2.0 4.11 x + * 9.91 = | 2.0:UK 4.11:pound x:pound +:pound *:pound 9.91:pound =:pound
EXPR: 0 | POS | FRA | 12 | 14.02 | 3.8 | 2.0=(9.91-(4.11+x)) | 2.0 9.91 4.11 x + - = | 2.0:pound 9.91:pound 4.11:pound x:pound +:pound -:pound =:pound
EXPR: 0 | POS | FRA | 12 | 14.02 | 1.69 | (x+(2.0*4.11))=9.91 | x 2.0 4.11 * + 9.91 = | x:pound 2.0:UK 4.11:pound *:pound +:pound 9.91:pound =:pound
EXPR: 0 | POS | FRA | 12 | 14.02 | 0.845 | 9.91=(2.0*(x+4.11)) | 9.91 2.0 x 4.11 + * = | 9.91:pound 2.0:UK x:pound 4.11:pound +:pound *:pound =:pound
EXPR: 0 | POS | FRA | 12 | 14.02 | 10.3966180048662 | (2.0/(x-9.91))=4.11 | 2.0 x 9.91 - / 4.11 = | 2.0:UK x:pound 9.91:pound -:pound /:UK 4.11:UK =:UK
EXPR: 0 | POS | FRA | 12 | 14.02 | 9.065 | 9.91=(2.0*(x-4.11)) | 9.91 2.0 x 4.11 - * = | 9.91:pound 2.0:UK x:pound 4.11:pound -:pound *:pound =:pound
EXPR: 0 | POS | FRA | 12 | 14.02 | 11.6 | 9.91=((x/2.0)+4.11) | 9.91 x 2.0 / 4.11 + = | 9.91:pound x:pound 2.0:UK /:pound 4.11:pound +:pound =:pound
EXPR: 0 | POS | FRA | 12 | 14.02 | 0.845 | 2.0=(9.91/(4.11+x)) | 2.0 9.91 4.11 x + / = | 2.0:UK 9.91:UK 4.11:pound x:pound +:pound /:UK =:UK
EXPR: 0 | POS | FRA | 12 | 14.02 | 3.90818365287588 | 2.0=(9.91*(4.11-x)) | 2.0 9.91 4.11 x - * = | 2.0:UK 9.91:UK 4.11:pound x:pound -:pound *:UK =:UK
EXPR: 0 | POS | FRA | 12 | 14.02 | 28.04 | 9.91=((x/2.0)-4.11) | 9.91 x 2.0 / 4.11 - = | 9.91:pound x:pound 2.0:UK /:pound 4.11:pound -:pound =:pound
EXPR: 0 | POS | FRA | 12 | 14.02 | 0.845 | 9.91=(2.0*(4.11+x)) | 9.91 2.0 4.11 x + * = | 9.91:pound 2.0:UK 4.11:pound x:pound +:pound *:pound =:pound
EXPR: 0 | POS | FRA | 12 | 14.02 | 7.8 | ((2.0-x)+9.91)=4.11 | 2.0 x - 9.91 + 4.11 = | 2.0:pound x:pound -:pound 9.91:pound +:pound 4.11:pound =:pound
EXPR: 0 | POS | FRA | 12 | 14.02 | 3.8 | 2.0=(9.91-(x+4.11)) | 2.0 9.91 x 4.11 + - = | 2.0:pound 9.91:pound x:pound 4.11:pound +:pound -:pound =:pound
EXPR: 0 | POS | FRA | 12 | 14.02 | 12.02 | 2.0=(9.91-(x-4.11)) | 2.0 9.91 x 4.11 - - = | 2.0:pound 9.91:pound x:pound 4.11:pound -:pound -:pound =:pound
EXPR: 0 | POS | FRA | 12 | 14.02 | 7.8 | 2.0=(x-(9.91-4.11)) | 2.0 x 9.91 4.11 - - = | 2.0:pound x:pound 9.91:pound 4.11:pound -:pound -:pound =:pound
EXPR: 0 | POS | FRA | 12 | 14.02 | 0.14265335235378 | 2.0=((9.91+4.11)*x) | 2.0 9.91 4.11 + x * = | 2.0:UK 9.91:pound 4.11:pound +:pound x:UK *:UK =:UK
EXPR: 0 | POS | FRA | 12 | 14.02 | 0.845 | 2.0=(9.91/(x+4.11)) | 2.0 9.91 x 4.11 + / = | 2.0:UK 9.91:UK x:pound 4.11:pound +:pound /:UK =:UK
EXPR: 0 | POS | FRA | 12 | 14.02 | 4.31181634712412 | 2.0=(9.91*(x-4.11)) | 2.0 9.91 x 4.11 - * = | 2.0:UK 9.91:UK x:pound 4.11:pound -:pound *:UK =:UK
EXPR: 0 | POS | FRA | 12 | 14.02 | 0.344827586206897 | 2.0=((9.91-4.11)*x) | 2.0 9.91 4.11 - x * = | 2.0:UK 9.91:pound 4.11:pound -:pound x:UK *:UK =:UK
EXPR: 0 | POS | FRA | 12 | 14.02 | 18.13 | (x-(2.0*4.11))=9.91 | x 2.0 4.11 * - 9.91 = | x:pound 2.0:UK 4.11:pound *:pound -:pound 9.91:pound =:pound
EXPR: 0 | POS | FRA | 12 | 14.02 | 10.3966180048662 | 2.0=((x-9.91)*4.11) | 2.0 x 9.91 - 4.11 * = | 2.0:UK x:pound 9.91:pound -:pound 4.11:UK *:UK =:UK
EXPR: 0 | POS | FRA | 12 | 14.02 | 9.065 | 2.0=(9.91/(x-4.11)) | 2.0 9.91 x 4.11 - / = | 2.0:UK 9.91:UK x:pound 4.11:pound -:pound /:UK =:UK
EXPR: 0 | POS | FRA | 12 | 14.02 | 9.42338199513382 | 2.0=((9.91-x)*4.11) | 2.0 9.91 x - 4.11 * = | 2.0:UK 9.91:pound x:pound -:pound 4.11:UK *:UK =:UK
EXPR: 0 | POS | FRA | 20 | 14.02 | 60.5501 | x=((2.0+4.11)*9.91) | x 2.0 4.11 + 9.91 * = | x:pound 2.0:UK 4.11:UK +:UK 9.91:pound *:pound =:pound
EXPR: 0 | POS | FRA | 20 | 14.02 | 60.5501 | ((2.0+4.11)*9.91)=x | 2.0 4.11 + 9.91 * x = | 2.0:UK 4.11:UK +:UK 9.91:pound *:pound x:pound =:pound
EXPR: 0 | POS | FRA | 20 | 14.02 | 32.5101 | ((9.91-2.0)*4.11)=x | 9.91 2.0 - 4.11 * x = | 9.91:UK 2.0:UK -:UK 4.11:pound *:pound x:pound =:pound
EXPR: 0 | POS | FRA | 20 | 14.02 | 42.7301 | (2.0+(9.91*4.11))=x | 2.0 9.91 4.11 * + x = | 2.0:UK 9.91:pound 4.11:UK *:UK +:UK x:UK =:UK
EXPR: 0 | POS | FRA | 20 | 14.02 | 2.8978102189781 | ((2.0+9.91)/4.11)=x | 2.0 9.91 + 4.11 / x = | 2.0:UK 9.91:UK +:UK 4.11:pound /:UK x:UK =:UK
EXPR: 0 | POS | FRA | 20 | 14.02 | 16.02 | ((2.0+4.11)+9.91)=x | 2.0 4.11 + 9.91 + x = | 2.0:pound 4.11:pound +:pound 9.91:pound +:pound x:pound =:pound
EXPR: 0 | POS | FRA | 20 | 14.02 | 7.8 | (2.0-(4.11-9.91))=x | 2.0 4.11 9.91 - - x = | 2.0:pound 4.11:pound 9.91:pound -:pound -:pound x:pound =:pound
EXPR: 0 | POS | FRA | 20 | 14.02 | 3.8 | x=(9.91-(2.0+4.11)) | x 9.91 2.0 4.11 + - = | x:pound 9.91:pound 2.0:pound 4.11:pound +:pound -:pound =:pound
EXPR: 0 | POS | FRA | 20 | 14.02 | 2.8978102189781 | x=((2.0+9.91)/4.11) | x 2.0 9.91 + 4.11 / = | x:UK 2.0:UK 9.91:UK +:UK 4.11:pound /:UK =:UK
EXPR: 0 | POS | FRA | 20 | 14.02 | 12.02 | (9.91-(2.0-4.11))=x | 9.91 2.0 4.11 - - x = | 9.91:pound 2.0:pound 4.11:pound -:pound -:pound x:pound =:pound
EXPR: 0 | POS | FRA | 20 | 14.02 | 4.31181634712412 | x=((2.0/9.91)+4.11) | x 2.0 9.91 / 4.11 + = | x:pound 2.0:pound 9.91:UK /:pound 4.11:pound +:pound =:pound
EXPR: 0 | POS | FRA | 20 | 14.02 | 1.62193126022913 | x=(9.91/(2.0+4.11)) | x 9.91 2.0 4.11 + / = | x:pound 9.91:pound 2.0:UK 4.11:UK +:UK /:pound =:pound
EXPR: 0 | POS | FRA | 20 | 14.02 | 60.5501 | x=(9.91*(2.0+4.11)) | x 9.91 2.0 4.11 + * = | x:pound 9.91:pound 2.0:UK 4.11:UK +:UK *:pound =:pound
EXPR: 0 | POS | FRA | 20 | 14.02 | 4.31181634712412 | ((2.0/9.91)+4.11)=x | 2.0 9.91 / 4.11 + x = | 2.0:UK 9.91:pound /:UK 4.11:UK +:UK x:UK =:UK
EXPR: 0 | POS | FRA | 20 | 14.02 | 12.02 | x=(9.91-(2.0-4.11)) | x 9.91 2.0 4.11 - - = | x:pound 9.91:pound 2.0:pound 4.11:pound -:pound -:pound =:pound
EXPR: 0 | POS | FRA | 20 | 14.02 | 16.02 | x=((2.0+4.11)+9.91) | x 2.0 4.11 + 9.91 + = | x:pound 2.0:pound 4.11:pound +:pound 9.91:pound +:pound =:pound
EXPR: 0 | POS | FRA | 20 | 14.02 | 7.8 | x=((2.0-4.11)+9.91) | x 2.0 4.11 - 9.91 + = | x:pound 2.0:pound 4.11:pound -:pound 9.91:pound +:pound =:pound
EXPR: 0 | POS | FRA | 20 | 14.02 | 7.8 | x=(2.0-(4.11-9.91)) | x 2.0 4.11 9.91 - - = | x:pound 2.0:pound 4.11:pound 9.91:pound -:pound -:pound =:pound
EXPR: 0 | POS | FRA | 20 | 14.02 | 4.41119221411192 | (2.0+(9.91/4.11))=x | 2.0 9.91 4.11 / + x = | 2.0:UK 9.91:UK 4.11:pound /:UK +:UK x:UK =:UK
EXPR: 0 | POS | FRA | 20 | 14.02 | 7.8 | x=(9.91+(2.0-4.11)) | x 9.91 2.0 4.11 - + = | x:pound 9.91:pound 2.0:pound 4.11:pound -:pound +:pound =:pound
EXPR: 0 | POS | FRA | 20 | 14.02 | 16.02 | x=(9.91+(2.0+4.11)) | x 9.91 2.0 4.11 + + = | x:pound 9.91:pound 2.0:pound 4.11:pound +:pound +:pound =:pound
EXPR: 0 | POS | FRA | 20 | 14.02 | 42.7301 | x=(2.0+(9.91*4.11)) | x 2.0 9.91 4.11 * + = | x:pound 2.0:pound 9.91:UK 4.11:pound *:pound +:pound =:pound
EXPR: 0 | POS | FRA | 20 | 14.02 | 3.8 | (9.91-(2.0+4.11))=x | 9.91 2.0 4.11 + - x = | 9.91:pound 2.0:pound 4.11:pound +:pound -:pound x:pound =:pound
EXPR: 0 | POS | FRA | 20 | 14.02 | 4.41119221411192 | x=(2.0+(9.91/4.11)) | x 2.0 9.91 4.11 / + = | x:UK 2.0:UK 9.91:UK 4.11:pound /:UK +:UK =:UK
EXPR: 0 | POS | FRA | 20 | 14.02 | 16.02 | (9.91+(2.0+4.11))=x | 9.91 2.0 4.11 + + x = | 9.91:pound 2.0:pound 4.11:pound +:pound +:pound x:pound =:pound
EXPR: 0 | POS | FRA | 20 | 14.02 | 60.5501 | (9.91*(2.0+4.11))=x | 9.91 2.0 4.11 + * x = | 9.91:pound 2.0:UK 4.11:UK +:UK *:pound x:pound =:pound
EXPR: 0 | POS | FRA | 20 | 14.02 | 1.62193126022913 | (9.91/(2.0+4.11))=x | 9.91 2.0 4.11 + / x = | 9.91:pound 2.0:UK 4.11:UK +:UK /:pound x:pound =:pound
EXPR: 0 | POS | FRA | 20 | 14.02 | 7.8 | (9.91+(2.0-4.11))=x | 9.91 2.0 4.11 - + x = | 9.91:pound 2.0:pound 4.11:pound -:pound +:pound x:pound =:pound
EXPR: 0 | POS | FRA | 20 | 14.02 | 12.02 | x=((9.91-2.0)+4.11) | x 9.91 2.0 - 4.11 + = | x:pound 9.91:pound 2.0:pound -:pound 4.11:pound +:pound =:pound
EXPR: 0 | POS | FRA | 20 | 14.02 | 32.5101 | x=((9.91-2.0)*4.11) | x 9.91 2.0 - 4.11 * = | x:pound 9.91:UK 2.0:UK -:UK 4.11:pound *:pound =:pound
EXPR: 0 | POS | FRA | 20 | 14.02 | 7.8 | ((2.0-4.11)+9.91)=x | 2.0 4.11 - 9.91 + x = | 2.0:pound 4.11:pound -:pound 9.91:pound +:pound x:pound =:pound
EXPR: 0 | POS | FRA | 20 | 14.02 | 3.8 | x=((9.91-2.0)-4.11) | x 9.91 2.0 - 4.11 - = | x:pound 9.91:pound 2.0:pound -:pound 4.11:pound -:pound =:pound
EXPR: 0 | POS | FRA | 20 | 14.02 | 12.02 | ((9.91-2.0)+4.11)=x | 9.91 2.0 - 4.11 + x = | 9.91:pound 2.0:pound -:pound 4.11:pound +:pound x:pound =:pound
EXPR: 0 | POS | FRA | 20 | 14.02 | 3.8 | ((9.91-2.0)-4.11)=x | 9.91 2.0 - 4.11 - x = | 9.91:pound 2.0:pound -:pound 4.11:pound -:pound x:pound =:pound
EXPR: 0 | POS | FRA | 22 | 14.02 | 18.13 | 2.0=((x-9.91)/4.11) | 2.0 x 9.91 - 4.11 / = | 2.0:UK x:UK 9.91:UK -:UK 4.11:pound /:UK =:UK
EXPR: 0 | POS | FRA | 22 | 14.02 | 3.8 | ((2.0+x)+4.11)=9.91 | 2.0 x + 4.11 + 9.91 = | 2.0:pound x:pound +:pound 4.11:pound +:pound 9.91:pound =:pound
EXPR: 0 | POS | FRA | 22 | 14.02 | 7.8 | (x-(2.0-4.11))=9.91 | x 2.0 4.11 - - 9.91 = | x:pound 2.0:pound 4.11:pound -:pound -:pound 9.91:pound =:pound
EXPR: 0 | POS | FRA | 22 | 14.02 | 12.02 | (x+(2.0-4.11))=9.91 | x 2.0 4.11 - + 9.91 = | x:pound 2.0:pound 4.11:pound -:pound +:pound 9.91:pound =:pound
EXPR: 0 | POS | FRA | 22 | 14.02 | 3.8 | ((2.0+4.11)+x)=9.91 | 2.0 4.11 + x + 9.91 = | 2.0:pound 4.11:pound +:pound x:pound +:pound 9.91:pound =:pound
EXPR: 0 | POS | FRA | 22 | 14.02 | 0.519595448798989 | (x*(9.91-2.0))=4.11 | x 9.91 2.0 - * 4.11 = | x:pound 9.91:UK 2.0:UK -:UK *:pound 4.11:pound =:pound
EXPR: 0 | POS | FRA | 22 | 14.02 | 32.5100999999999 | (x/(9.91-2.0))=4.11 | x 9.91 2.0 - / 4.11 = | x:pound 9.91:UK 2.0:UK -:UK /:pound 4.11:pound =:pound
EXPR: 0 | POS | FRA | 22 | 14.02 | 20.9101 | (2.0+(x/9.91))=4.11 | 2.0 x 9.91 / + 4.11 = | 2.0:pound x:pound 9.91:UK /:pound +:pound 4.11:pound =:pound
EXPR: 0 | POS | FRA | 22 | 14.02 | 0.411192214111922 | ((x+2.0)*4.11)=9.91 | x 2.0 + 4.11 * 9.91 = | x:UK 2.0:UK +:UK 4.11:pound *:pound 9.91:pound =:pound
EXPR: 0 | POS | FRA | 22 | 14.02 | 0.519595448798989 | ((9.91-2.0)*x)=4.11 | 9.91 2.0 - x * 4.11 = | 9.91:UK 2.0:UK -:UK x:pound *:pound 4.11:pound =:pound
EXPR: 0 | POS | FRA | 22 | 14.02 | 0.411192214111922 | ((2.0+x)*4.11)=9.91 | 2.0 x + 4.11 * 9.91 = | 2.0:UK x:UK +:UK 4.11:pound *:pound 9.91:pound =:pound
EXPR: 0 | POS | FRA | 22 | 14.02 | 0.212916246215943 | (2.0+(9.91*x))=4.11 | 2.0 9.91 x * + 4.11 = | 2.0:pound 9.91:UK x:pound *:pound +:pound 4.11:pound =:pound
EXPR: 0 | POS | FRA | 22 | 14.02 | 16.02 | (x-(2.0+4.11))=9.91 | x 2.0 4.11 + - 9.91 = | x:pound 2.0:pound 4.11:pound +:pound -:pound 9.91:pound =:pound
EXPR: 0 | POS | FRA | 22 | 14.02 | 0.616548940464178 | 2.0=((9.91*x)-4.11) | 2.0 9.91 x * 4.11 - = | 2.0:pound 9.91:UK x:pound *:pound 4.11:pound -:pound =:pound
EXPR: 0 | POS | FRA | 22 | 14.02 | 3.90818365287588 | ((2.0/9.91)+x)=4.11 | 2.0 9.91 / x + 4.11 = | 2.0:pound 9.91:UK /:pound x:pound +:pound 4.11:pound =:pound
EXPR: 0 | POS | FRA | 22 | 14.02 | 3.8 | (9.91-(2.0+x))=4.11 | 9.91 2.0 x + - 4.11 = | 9.91:pound 2.0:pound x:pound +:pound -:pound 4.11:pound =:pound
EXPR: 0 | POS | FRA | 22 | 14.02 | 1.62193126022913 | ((2.0+4.11)*x)=9.91 | 2.0 4.11 + x * 9.91 = | 2.0:UK 4.11:UK +:UK x:pound *:pound 9.91:pound =:pound
EXPR: 0 | POS | FRA | 22 | 14.02 | 42.7301 | 2.0=(x-(9.91*4.11)) | 2.0 x 9.91 4.11 * - = | 2.0:UK x:UK 9.91:UK 4.11:pound *:UK -:UK =:UK
EXPR: 0 | POS | FRA | 22 | 14.02 | 7.01 | 2.0=((9.91+4.11)/x) | 2.0 9.91 4.11 + x / = | 2.0:UK 9.91:UK 4.11:UK +:UK x:pound /:UK =:UK
EXPR: 0 | POS | FRA | 22 | 14.02 | 2.9 | 2.0=((9.91-4.11)/x) | 2.0 9.91 4.11 - x / = | 2.0:UK 9.91:UK 4.11:UK -:UK x:pound /:UK =:UK
EXPR: 0 | POS | FRA | 22 | 14.02 | 12.02 | ((x+2.0)-4.11)=9.91 | x 2.0 + 4.11 - 9.91 = | x:pound 2.0:pound +:pound 4.11:pound -:pound 9.91:pound =:pound
EXPR: 0 | POS | FRA | 22 | 14.02 | 4.69668246445498 | (2.0+(9.91/x))=4.11 | 2.0 9.91 x / + 4.11 = | 2.0:pound 9.91:pound x:UK /:pound +:pound 4.11:pound =:pound
EXPR: 0 | POS | FRA | 22 | 14.02 | 12.02 | (2.0-(4.11-x))=9.91 | 2.0 4.11 x - - 9.91 = | 2.0:pound 4.11:pound x:pound -:pound -:pound 9.91:pound =:pound
EXPR: 0 | POS | FRA | 22 | 14.02 | 4.41119221411192 | ((x-2.0)*4.11)=9.91 | x 2.0 - 4.11 * 9.91 = | x:UK 2.0:UK -:UK 4.11:pound *:pound 9.91:pound =:pound
EXPR: 0 | POS | FRA | 22 | 14.02 | 3.8 | ((x+2.0)+4.11)=9.91 | x 2.0 + 4.11 + 9.91 = | x:pound 2.0:pound +:pound 4.11:pound +:pound 9.91:pound =:pound
EXPR: 0 | POS | FRA | 22 | 14.02 | 1.92457420924574 | 2.0=(9.91-(x*4.11)) | 2.0 9.91 x 4.11 * - = | 2.0:UK 9.91:UK x:pound 4.11:UK *:UK -:UK =:UK
EXPR: 0 | POS | FRA | 22 | 14.02 | 18.13 | (2.0*4.11)=(x-9.91) | 2.0 4.11 * x 9.91 - = | 2.0:UK 4.11:pound *:pound x:pound 9.91:pound -:pound =:pound
EXPR: 0 | POS | FRA | 22 | 14.02 | 16.02 | ((x-2.0)-4.11)=9.91 | x 2.0 - 4.11 - 9.91 = | x:pound 2.0:pound -:pound 4.11:pound -:pound 9.91:pound =:pound
EXPR: 0 | POS | FRA | 22 | 14.02 | 7.8 | ((x-2.0)+4.11)=9.91 | x 2.0 - 4.11 + 9.91 = | x:pound 2.0:pound -:pound 4.11:pound +:pound 9.91:pound =:pound
EXPR: 0 | POS | FRA | 22 | 14.02 | 60.5501 | 2.0=((x/9.91)-4.11) | 2.0 x 9.91 / 4.11 - = | 2.0:pound x:pound 9.91:UK /:pound 4.11:pound -:pound =:pound
EXPR: 0 | POS | FRA | 22 | 14.02 | 1.62193126022913 | 2.0=((9.91/x)-4.11) | 2.0 9.91 x / 4.11 - = | 2.0:pound 9.91:pound x:UK /:pound 4.11:pound -:pound =:pound
EXPR: 0 | POS | FRA | 22 | 14.02 | 1.20559610705596 | (x*2.0)=(9.91/4.11) | x 2.0 * 9.91 4.11 / = | x:pound 2.0:UK *:UK 9.91:UK 4.11:pound /:UK =:UK
EXPR: 0 | POS | FRA | 22 | 14.02 | 12.02 | (x-(9.91-2.0))=4.11 | x 9.91 2.0 - - 4.11 = | x:pound 9.91:pound 2.0:pound -:pound -:pound 4.11:pound =:pound
EXPR: 0 | POS | FRA | 22 | 14.02 | 3.8 | (x+2.0)=(9.91-4.11) | x 2.0 + 9.91 4.11 - = | x:pound 2.0:pound +:pound 9.91:pound 4.11:pound -:pound =:pound
EXPR: 0 | POS | FRA | 22 | 14.02 | 0.616548940464178 | 2.0=((x*9.91)-4.11) | 2.0 x 9.91 * 4.11 - = | 2.0:pound x:pound 9.91:UK *:pound 4.11:pound -:pound =:pound
EXPR: 0 | POS | FRA | 22 | 14.02 | 1.69 | 2.0=((9.91-x)/4.11) | 2.0 9.91 x - 4.11 / = | 2.0:UK 9.91:UK x:UK -:UK 4.11:pound /:UK =:UK
EXPR: 0 | POS | FRA | 22 | 14.02 | 3.8 | (2.0+(4.11+x))=9.91 | 2.0 4.11 x + + 9.91 = | 2.0:pound 4.11:pound x:pound +:pound +:pound 9.91:pound =:pound
EXPR: 0 | POS | FRA | 22 | 14.02 | 7.8 | (9.91-(x-2.0))=4.11 | 9.91 x 2.0 - - 4.11 = | 9.91:pound x:pound 2.0:pound -:pound -:pound 4.11:pound =:pound
EXPR: 0 | POS | FRA | 22 | 14.02 | 38.7301 | 2.0=((9.91*4.11)-x) | 2.0 9.91 4.11 * x - = | 2.0:pound 9.91:UK 4.11:pound *:pound x:pound -:pound =:pound
EXPR: 0 | POS | FRA | 22 | 14.02 | 7.8 | (x-2.0)=(9.91-4.11) | x 2.0 - 9.91 4.11 - = | x:pound 2.0:pound -:pound 9.91:pound 4.11:pound -:pound =:pound
EXPR: 0 | POS | FRA | 22 | 14.02 | 12.02 | 9.91=((2.0+x)-4.11) | 9.91 2.0 x + 4.11 - = | 9.91:pound 2.0:pound x:pound +:pound 4.11:pound -:pound =:pound
EXPR: 0 | POS | FRA | 22 | 14.02 | 0.411192214111922 | (9.91/(x+2.0))=4.11 | 9.91 x 2.0 + / 4.11 = | 9.91:pound x:UK 2.0:UK +:UK /:pound 4.11:pound =:pound
EXPR: 0 | POS | FRA | 22 | 14.02 | 7.8 | 2.0=((x+4.11)-9.91) | 2.0 x 4.11 + 9.91 - = | 2.0:pound x:pound 4.11:pound +:pound 9.91:pound -:pound =:pound
EXPR: 0 | POS | FRA | 22 | 14.02 | 42.7301 | ((x-2.0)/9.91)=4.11 | x 2.0 - 9.91 / 4.11 = | x:pound 2.0:pound -:pound 9.91:UK /:pound 4.11:pound =:pound
EXPR: 0 | POS | FRA | 22 | 14.02 | 12.02 | (x+2.0)=(9.91+4.11) | x 2.0 + 9.91 4.11 + = | x:pound 2.0:pound +:pound 9.91:pound 4.11:pound +:pound =:pound
EXPR: 0 | POS | FRA | 22 | 14.02 | 1.69 | (9.91-x)=(2.0*4.11) | 9.91 x - 2.0 4.11 * = | 9.91:pound x:pound -:pound 2.0:UK 4.11:pound *:pound =:pound
EXPR: 0 | POS | FRA | 22 | 14.02 | 3.8 | 9.91=((2.0+x)+4.11) | 9.91 2.0 x + 4.11 + = | 9.91:pound 2.0:pound x:pound +:pound 4.11:pound +:pound =:pound
EXPR: 0 | POS | FRA | 22 | 14.02 | 0.212916246215943 | (2.0+(x*9.91))=4.11 | 2.0 x 9.91 * + 4.11 = | 2.0:UK x:UK 9.91:pound *:UK +:UK 4.11:UK =:UK
EXPR: 0 | POS | FRA | 22 | 14.02 | 16.02 | ((x-9.91)-2.0)=4.11 | x 9.91 - 2.0 - 4.11 = | x:pound 9.91:pound -:pound 2.0:pound -:pound 4.11:pound =:pound
EXPR: 0 | POS | FRA | 22 | 14.02 | 12.02 | ((x-9.91)+2.0)=4.11 | x 9.91 - 2.0 + 4.11 = | x:pound 9.91:pound -:pound 2.0:pound +:pound 4.11:pound =:pound
EXPR: 0 | POS | FRA | 22 | 14.02 | 7.8 | 2.0=((4.11+x)-9.91) | 2.0 4.11 x + 9.91 - = | 2.0:pound 4.11:pound x:pound +:pound 9.91:pound -:pound =:pound
EXPR: 0 | POS | FRA | 22 | 14.02 | 2.8978102189781 | ((2.0+9.91)/x)=4.11 | 2.0 9.91 + x / 4.11 = | 2.0:UK 9.91:UK +:UK x:pound /:UK 4.11:UK =:UK
EXPR: 0 | POS | FRA | 22 | 14.02 | 38.7301 | ((2.0+x)/9.91)=4.11 | 2.0 x + 9.91 / 4.11 = | 2.0:UK x:UK +:UK 9.91:pound /:UK 4.11:UK =:UK
EXPR: 0 | POS | FRA | 22 | 14.02 | 12.02 | ((2.0+x)-4.11)=9.91 | 2.0 x + 4.11 - 9.91 = | 2.0:pound x:pound +:pound 4.11:pound -:pound 9.91:pound =:pound
EXPR: 0 | POS | FRA | 22 | 14.02 | 20.36505 | (2.0*x)=(9.91*4.11) | 2.0 x * 9.91 4.11 * = | 2.0:UK x:pound *:pound 9.91:UK 4.11:pound *:pound =:pound
EXPR: 0 | POS | FRA | 22 | 14.02 | 4.82238442822384 | (2.0*9.91)=(x*4.11) | 2.0 9.91 * x 4.11 * = | 2.0:UK 9.91:pound *:pound x:UK 4.11:pound *:pound =:pound
EXPR: 0 | POS | FRA | 22 | 14.02 | 16.02 | (x-2.0)=(9.91+4.11) | x 2.0 - 9.91 4.11 + = | x:pound 2.0:pound -:pound 9.91:pound 4.11:pound +:pound =:pound
EXPR: 0 | POS | FRA | 22 | 14.02 | 20.36505 | (x*2.0)=(9.91*4.11) | x 2.0 * 9.91 4.11 * = | x:pound 2.0:UK *:UK 9.91:UK 4.11:pound *:UK =:UK
EXPR: 0 | POS | FRA | 22 | 14.02 | 3.8 | (9.91-(x+2.0))=4.11 | 9.91 x 2.0 + - 4.11 = | 9.91:pound x:pound 2.0:pound +:pound -:pound 4.11:pound =:pound
EXPR: 0 | POS | FRA | 22 | 14.02 | 3.8 | (2.0+(x+4.11))=9.91 | 2.0 x 4.11 + + 9.91 = | 2.0:pound x:pound 4.11:pound +:pound +:pound 9.91:pound =:pound
EXPR: 0 | POS | FRA | 22 | 14.02 | 3.8 | 9.91=((2.0+4.11)+x) | 9.91 2.0 4.11 + x + = | 9.91:pound 2.0:pound 4.11:pound +:pound x:pound +:pound =:pound
EXPR: 0 | POS | FRA | 22 | 14.02 | 0.0491037340934591 | (2.0/x)=(9.91*4.11) | 2.0 x / 9.91 4.11 * = | 2.0:UK x:pound /:UK 9.91:UK 4.11:pound *:UK =:UK
EXPR: 0 | POS | FRA | 22 | 14.02 | 4.82238442822384 | (2.0*9.91)=(4.11*x) | 2.0 9.91 * 4.11 x * = | 2.0:UK 9.91:pound *:pound 4.11:UK x:pound *:pound =:pound
EXPR: 0 | POS | FRA | 22 | 14.02 | 12.02 | (2.0+(x-4.11))=9.91 | 2.0 x 4.11 - + 9.91 = | 2.0:pound x:pound 4.11:pound -:pound +:pound 9.91:pound =:pound
EXPR: 0 | POS | FRA | 22 | 14.02 | 4.31181634712412 | (2.0/(x-4.11))=9.91 | 2.0 x 4.11 - / 9.91 = | 2.0:UK x:pound 4.11:pound -:pound /:UK 9.91:UK =:UK
EXPR: 0 | POS | FRA | 22 | 14.02 | 0.411192214111922 | 2.0=((9.91/4.11)-x) | 2.0 9.91 4.11 / x - = | 2.0:pound 9.91:pound 4.11:UK /:pound x:pound -:pound =:pound
EXPR: 0 | POS | FRA | 22 | 14.02 | 60.5500999999999 | 9.91=(x/(2.0+4.11)) | 9.91 x 2.0 4.11 + / = | 9.91:pound x:pound 2.0:UK 4.11:UK +:UK /:pound =:pound
EXPR: 0 | POS | FRA | 22 | 14.02 | 12.02 | 9.91=((2.0-4.11)+x) | 9.91 2.0 4.11 - x + = | 9.91:pound 2.0:pound 4.11:pound -:pound x:pound +:pound =:pound
EXPR: 0 | POS | FRA | 22 | 14.02 | 7.8 | ((9.91-x)+2.0)=4.11 | 9.91 x - 2.0 + 4.11 = | 9.91:pound x:pound -:pound 2.0:pound +:pound 4.11:pound =:pound
EXPR: 0 | POS | FRA | 22 | 14.02 | 12.02 | ((2.0-4.11)+x)=9.91 | 2.0 4.11 - x + 9.91 = | 2.0:pound 4.11:pound -:pound x:pound +:pound 9.91:pound =:pound
EXPR: 0 | POS | FRA | 22 | 14.02 | 3.8 | ((9.91-x)-2.0)=4.11 | 9.91 x - 2.0 - 4.11 = | 9.91:pound x:pound -:pound 2.0:pound -:pound 4.11:pound =:pound
EXPR: 0 | POS | FRA | 22 | 14.02 | 4.41119221411192 | 2.0=(x-(9.91/4.11)) | 2.0 x 9.91 4.11 / - = | 2.0:UK x:UK 9.91:UK 4.11:pound /:UK -:UK =:UK
EXPR: 0 | POS | FRA | 22 | 14.02 | 7.8 | 2.0=((4.11-9.91)+x) | 2.0 4.11 9.91 - x + = | 2.0:pound 4.11:pound 9.91:pound -:pound x:pound +:pound =:pound
EXPR: 0 | POS | FRA | 22 | 14.02 | 0.0491037340934591 | (2.0/9.91)=(x*4.11) | 2.0 9.91 / x 4.11 * = | 2.0:UK 9.91:pound /:UK x:UK 4.11:pound *:UK =:UK
EXPR: 0 | POS | FRA | 22 | 14.02 | 81.4602 | (2.0*9.91)=(x/4.11) | 2.0 9.91 * x 4.11 / = | 2.0:UK 9.91:pound *:UK x:UK 4.11:pound /:UK =:UK
EXPR: 0 | POS | FRA | 22 | 14.02 | 0.829465186680121 | (2.0/9.91)=(x/4.11) | 2.0 9.91 / x 4.11 / = | 2.0:UK 9.91:pound /:UK x:UK 4.11:pound /:UK =:UK
EXPR: 0 | POS | FRA | 22 | 14.02 | 12.02 | 2.0=((4.11-x)+9.91) | 2.0 4.11 x - 9.91 + = | 2.0:pound 4.11:pound x:pound -:pound 9.91:pound +:pound =:pound
EXPR: 0 | POS | FRA | 22 | 14.02 | 1.20559610705596 | (2.0*x)=(9.91/4.11) | 2.0 x * 9.91 4.11 / = | 2.0:UK x:pound *:UK 9.91:UK 4.11:pound /:UK =:UK
EXPR: 0 | POS | FRA | 22 | 14.02 | 3.90818365287588 | (x+(2.0/9.91))=4.11 | x 2.0 9.91 / + 4.11 = | x:UK 2.0:UK 9.91:pound /:UK +:UK 4.11:UK =:UK
EXPR: 0 | POS | FRA | 22 | 14.02 | 4.31181634712412 | (x-(2.0/9.91))=4.11 | x 2.0 9.91 / - 4.11 = | x:UK 2.0:UK 9.91:pound /:UK -:UK 4.11:UK =:UK
EXPR: 0 | POS | FRA | 22 | 14.02 | 0.0491037340934591 | (2.0/9.91)=(4.11*x) | 2.0 9.91 / 4.11 x * = | 2.0:UK 9.91:pound /:UK 4.11:UK x:pound *:UK =:UK
EXPR: 0 | POS | FRA | 22 | 14.02 | 3.8 | ((9.91-2.0)-x)=4.11 | 9.91 2.0 - x - 4.11 = | 9.91:pound 2.0:pound -:pound x:pound -:pound 4.11:pound =:pound
EXPR: 0 | POS | FRA | 22 | 14.02 | 1.92457420924574 | 2.0=(9.91-(4.11*x)) | 2.0 9.91 4.11 x * - = | 2.0:pound 9.91:pound 4.11:UK x:pound *:pound -:pound =:pound
EXPR: 0 | POS | FRA | 22 | 14.02 | 32.5101 | 2.0=(9.91-(x/4.11)) | 2.0 9.91 x 4.11 / - = | 2.0:UK 9.91:UK x:UK 4.11:pound /:UK -:UK =:UK
EXPR: 0 | POS | FRA | 22 | 14.02 | 0.20736629667003 | (2.0*9.91)=(4.11/x) | 2.0 9.91 * 4.11 x / = | 2.0:UK 9.91:pound *:UK 4.11:UK x:pound /:UK =:UK
EXPR: 0 | POS | FRA | 22 | 14.02 | 0.519595448798989 | 2.0=(9.91-(4.11/x)) | 2.0 9.91 4.11 x / - = | 2.0:UK 9.91:UK 4.11:UK x:pound /:UK -:UK =:UK
EXPR: 0 | POS | FRA | 22 | 14.02 | 1.58526740665994 | (9.91*(2.0-x))=4.11 | 9.91 2.0 x - * 4.11 = | 9.91:pound 2.0:UK x:UK -:UK *:pound 4.11:pound =:pound
EXPR: 0 | POS | FRA | 22 | 14.02 | 3.8 | (x+(2.0+4.11))=9.91 | x 2.0 4.11 + + 9.91 = | x:pound 2.0:pound 4.11:pound +:pound +:pound 9.91:pound =:pound
EXPR: 0 | POS | FRA | 22 | 14.02 | 38.7301 | ((x+2.0)/9.91)=4.11 | x 2.0 + 9.91 / 4.11 = | x:pound 2.0:pound +:pound 9.91:UK /:pound 4.11:pound =:pound
EXPR: 0 | POS | FRA | 22 | 14.02 | 0.829465186680122 | (2.0/x)=(9.91/4.11) | 2.0 x / 9.91 4.11 / = | 2.0:UK x:pound /:UK 9.91:UK 4.11:pound /:UK =:UK
EXPR: 0 | POS | FRA | 22 | 14.02 | 3.90818365287588 | (2.0/(4.11-x))=9.91 | 2.0 4.11 x - / 9.91 = | 2.0:UK 4.11:pound x:pound -:pound /:UK 9.91:UK =:UK
EXPR: 0 | POS | FRA | 22 | 14.02 | 12.02 | 9.91=(x+(2.0-4.11)) | 9.91 x 2.0 4.11 - + = | 9.91:pound x:pound 2.0:pound 4.11:pound -:pound +:pound =:pound
EXPR: 0 | POS | FRA | 22 | 14.02 | 3.8 | 9.91=(x+(2.0+4.11)) | 9.91 x 2.0 4.11 + + = | 9.91:pound x:pound 2.0:pound 4.11:pound +:pound +:pound =:pound
EXPR: 0 | POS | FRA | 22 | 14.02 | 1.62193126022913 | 9.91=(x*(2.0+4.11)) | 9.91 x 2.0 4.11 + * = | 9.91:pound x:pound 2.0:UK 4.11:UK +:UK *:pound =:pound
EXPR: 0 | POS | FRA | 22 | 14.02 | 3.8 | 9.91=((x+2.0)+4.11) | 9.91 x 2.0 + 4.11 + = | 9.91:pound x:pound 2.0:pound +:pound 4.11:pound +:pound =:pound
EXPR: 0 | POS | FRA | 22 | 14.02 | 0.411192214111922 | (9.91/(2.0+x))=4.11 | 9.91 2.0 x + / 4.11 = | 9.91:pound 2.0:UK x:UK +:UK /:pound 4.11:pound =:pound
EXPR: 0 | POS | FRA | 22 | 14.02 | 7.8 | 9.91=(x-(2.0-4.11)) | 9.91 x 2.0 4.11 - - = | 9.91:pound x:pound 2.0:pound 4.11:pound -:pound -:pound =:pound
EXPR: 0 | POS | FRA | 22 | 14.02 | 16.02 | 9.91=(x-(2.0+4.11)) | 9.91 x 2.0 4.11 + - = | 9.91:pound x:pound 2.0:pound 4.11:pound +:pound -:pound =:pound
EXPR: 0 | POS | FRA | 22 | 14.02 | 12.02 | 9.91=((x+2.0)-4.11) | 9.91 x 2.0 + 4.11 - = | 9.91:pound x:pound 2.0:pound +:pound 4.11:pound -:pound =:pound
EXPR: 0 | POS | FRA | 22 | 14.02 | 16.02 | (2.0+9.91)=(x-4.11) | 2.0 9.91 + x 4.11 - = | 2.0:pound 9.91:pound +:pound x:pound 4.11:pound -:pound =:pound
EXPR: 0 | POS | FRA | 22 | 14.02 | 7.8 | (2.0+9.91)=(x+4.11) | 2.0 9.91 + x 4.11 + = | 2.0:pound 9.91:pound +:pound x:pound 4.11:pound +:pound =:pound
EXPR: 0 | POS | FRA | 22 | 14.02 | 12.02 | 2.0=(4.11+(9.91-x)) | 2.0 4.11 9.91 x - + = | 2.0:pound 4.11:pound 9.91:pound x:pound -:pound +:pound =:pound
EXPR: 0 | POS | FRA | 22 | 14.02 | 12.02 | 9.91=(2.0+(x-4.11)) | 9.91 2.0 x 4.11 - + = | 9.91:pound 2.0:pound x:pound 4.11:pound -:pound +:pound =:pound
EXPR: 0 | POS | FRA | 22 | 14.02 | 7.8 | 9.91=((x-2.0)+4.11) | 9.91 x 2.0 - 4.11 + = | 9.91:pound x:pound 2.0:pound -:pound 4.11:pound +:pound =:pound
EXPR: 0 | POS | FRA | 22 | 14.02 | 20.36505 | (2.0/9.91)=(4.11/x) | 2.0 9.91 / 4.11 x / = | 2.0:UK 9.91:pound /:UK 4.11:UK x:pound /:UK =:UK
EXPR: 0 | POS | FRA | 22 | 14.02 | 4.41119221411192 | 9.91=((x-2.0)*4.11) | 9.91 x 2.0 - 4.11 * = | 9.91:pound x:UK 2.0:UK -:UK 4.11:pound *:pound =:pound
EXPR: 0 | POS | FRA | 22 | 14.02 | 0.411192214111922 | 9.91=((x+2.0)*4.11) | 9.91 x 2.0 + 4.11 * = | 9.91:pound x:UK 2.0:UK +:UK 4.11:pound *:pound =:pound
EXPR: 0 | POS | FRA | 22 | 14.02 | 16.02 | 2.0=((x-4.11)-9.91) | 2.0 x 4.11 - 9.91 - = | 2.0:pound x:pound 4.11:pound -:pound 9.91:pound -:pound =:pound
EXPR: 0 | POS | FRA | 22 | 14.02 | 3.8 | 9.91=(2.0+(4.11+x)) | 9.91 2.0 4.11 x + + = | 9.91:pound 2.0:pound 4.11:pound x:pound +:pound +:pound =:pound
EXPR: 0 | POS | FRA | 22 | 14.02 | 1.69 | (2.0*4.11)=(9.91-x) | 2.0 4.11 * 9.91 x - = | 2.0:UK 4.11:pound *:pound 9.91:pound x:pound -:pound =:pound
EXPR: 0 | POS | FRA | 22 | 14.02 | 3.8 | 9.91=(2.0+(x+4.11)) | 9.91 2.0 x 4.11 + + = | 9.91:pound 2.0:pound x:pound 4.11:pound +:pound +:pound =:pound
EXPR: 0 | POS | FRA | 22 | 14.02 | 81.4602 | (x/2.0)=(9.91*4.11) | x 2.0 / 9.91 4.11 * = | x:pound 2.0:UK /:pound 9.91:pound 4.11:UK *:pound =:pound
EXPR: 0 | POS | FRA | 22 | 14.02 | 7.8 | (2.0+9.91)=(4.11+x) | 2.0 9.91 + 4.11 x + = | 2.0:pound 9.91:pound +:pound 4.11:pound x:pound +:pound =:pound
EXPR: 0 | POS | FRA | 22 | 14.02 | 7.8 | (9.91+(2.0-x))=4.11 | 9.91 2.0 x - + 4.11 = | 9.91:pound 2.0:pound x:pound -:pound +:pound 4.11:pound =:pound
EXPR: 0 | POS | FRA | 22 | 14.02 | 7.8 | 2.0=(4.11+(x-9.91)) | 2.0 4.11 x 9.91 - + = | 2.0:pound 4.11:pound x:pound 9.91:pound -:pound +:pound =:pound
EXPR: 0 | POS | FRA | 22 | 14.02 | 4.31181634712412 | 2.0=((x-4.11)*9.91) | 2.0 x 4.11 - 9.91 * = | 2.0:UK x:pound 4.11:pound -:pound 9.91:UK *:UK =:UK
EXPR: 0 | POS | FRA | 22 | 14.02 | 12.02 | (2.0-9.91)=(4.11-x) | 2.0 9.91 - 4.11 x - = | 2.0:pound 9.91:pound -:pound 4.11:pound x:pound -:pound =:pound
EXPR: 0 | POS | FRA | 22 | 14.02 | 16.02 | 9.91=((x-2.0)-4.11) | 9.91 x 2.0 - 4.11 - = | 9.91:pound x:pound 2.0:pound -:pound 4.11:pound -:pound =:pound
EXPR: 0 | POS | FRA | 22 | 14.02 | 0.411192214111922 | 9.91=((2.0+x)*4.11) | 9.91 2.0 x + 4.11 * = | 9.91:pound 2.0:UK x:UK +:UK 4.11:pound *:pound =:pound
EXPR: 0 | POS | FRA | 22 | 14.02 | 1.62193126022913 | (x*(2.0+4.11))=9.91 | x 2.0 4.11 + * 9.91 = | x:pound 2.0:UK 4.11:UK +:UK *:pound 9.91:pound =:pound
EXPR: 0 | POS | FRA | 22 | 14.02 | 60.5500999999999 | (x/(2.0+4.11))=9.91 | x 2.0 4.11 + / 9.91 = | x:pound 2.0:UK 4.11:UK +:UK /:pound 9.91:pound =:pound
EXPR: 0 | POS | FRA | 22 | 14.02 | 7.8 | 2.0=(4.11-(9.91-x)) | 2.0 4.11 9.91 x - - = | 2.0:pound 4.11:pound 9.91:pound x:pound -:pound -:pound =:pound
EXPR: 0 | POS | FRA | 22 | 14.02 | 3.90818365287588 | 2.0=((4.11-x)*9.91) | 2.0 4.11 x - 9.91 * = | 2.0:UK 4.11:pound x:pound -:pound 9.91:UK *:UK =:UK
EXPR: 0 | POS | FRA | 22 | 14.02 | 1.62193126022913 | 9.91=((2.0+4.11)*x) | 9.91 2.0 4.11 + x * = | 9.91:pound 2.0:UK 4.11:UK +:UK x:pound *:pound =:pound
EXPR: 0 | POS | FRA | 22 | 14.02 | 0.845 | (9.91/2.0)=(x+4.11) | 9.91 2.0 / x 4.11 + = | 9.91:pound 2.0:UK /:pound x:pound 4.11:pound +:pound =:pound
EXPR: 0 | POS | FRA | 22 | 14.02 | 9.065 | (9.91/2.0)=(x-4.11) | 9.91 2.0 / x 4.11 - = | 9.91:pound 2.0:UK /:pound x:pound 4.11:pound -:pound =:pound
EXPR: 0 | POS | FRA | 22 | 14.02 | 3.8 | (2.0+x)=(9.91-4.11) | 2.0 x + 9.91 4.11 - = | 2.0:pound x:pound +:pound 9.91:pound 4.11:pound -:pound =:pound
EXPR: 0 | POS | FRA | 22 | 14.02 | 12.02 | (2.0+x)=(9.91+4.11) | 2.0 x + 9.91 4.11 + = | 2.0:pound x:pound +:pound 9.91:pound 4.11:pound +:pound =:pound
EXPR: 0 | POS | FRA | 22 | 14.02 | 0.14265335235378 | ((2.0/x)-9.91)=4.11 | 2.0 x / 9.91 - 4.11 = | 2.0:pound x:UK /:pound 9.91:pound -:pound 4.11:pound =:pound
EXPR: 0 | POS | FRA | 22 | 14.02 | 12.02 | 9.91=(2.0-(4.11-x)) | 9.91 2.0 4.11 x - - = | 9.91:pound 2.0:pound 4.11:pound x:pound -:pound -:pound =:pound
EXPR: 0 | POS | FRA | 22 | 14.02 | 4.82238442822384 | (x/2.0)=(9.91/4.11) | x 2.0 / 9.91 4.11 / = | x:pound 2.0:UK /:pound 9.91:pound 4.11:UK /:pound =:pound
EXPR: 0 | POS | FRA | 22 | 14.02 | 2.41473259334006 | (9.91*(x-2.0))=4.11 | 9.91 x 2.0 - * 4.11 = | 9.91:pound x:UK 2.0:UK -:UK *:pound 4.11:pound =:pound
EXPR: 0 | POS | FRA | 22 | 14.02 | 4.41119221411192 | (9.91/(x-2.0))=4.11 | 9.91 x 2.0 - / 4.11 = | 9.91:pound x:UK 2.0:UK -:UK /:pound 4.11:pound =:pound
EXPR: 0 | POS | FRA | 22 | 14.02 | 0.845 | (9.91/2.0)=(4.11+x) | 9.91 2.0 / 4.11 x + = | 9.91:pound 2.0:UK /:pound 4.11:pound x:pound +:pound =:pound
EXPR: 0 | POS | FRA | 22 | 14.02 | 18.13 | (x-9.91)=(2.0*4.11) | x 9.91 - 2.0 4.11 * = | x:pound 9.91:pound -:pound 2.0:UK 4.11:pound *:pound =:pound
EXPR: 0 | POS | FRA | 22 | 14.02 | 4.31181634712412 | 9.91=(2.0/(x-4.11)) | 9.91 2.0 x 4.11 - / = | 9.91:UK 2.0:UK x:pound 4.11:pound -:pound /:UK =:UK
EXPR: 0 | POS | FRA | 22 | 14.02 | 3.90818365287588 | 9.91=(2.0/(4.11-x)) | 9.91 2.0 4.11 x - / = | 9.91:UK 2.0:UK 4.11:pound x:pound -:pound /:UK =:UK
EXPR: 0 | POS | FRA | 22 | 14.02 | 7.855 | 2.0=(4.11/(9.91-x)) | 2.0 4.11 9.91 x - / = | 2.0:UK 4.11:UK 9.91:pound x:pound -:pound /:UK =:UK
EXPR: 0 | POS | FRA | 22 | 14.02 | 10.3966180048662 | 2.0=(4.11*(x-9.91)) | 2.0 4.11 x 9.91 - * = | 2.0:UK 4.11:UK x:pound 9.91:pound -:pound *:UK =:UK
EXPR: 0 | POS | FRA | 22 | 14.02 | 12.02 | 2.0=(4.11-(x-9.91)) | 2.0 4.11 x 9.91 - - = | 2.0:pound 4.11:pound x:pound 9.91:pound -:pound -:pound =:pound
EXPR: 0 | POS | FRA | 22 | 14.02 | 11.965 | 2.0=(4.11/(x-9.91)) | 2.0 4.11 x 9.91 - / = | 2.0:UK 4.11:UK x:pound 9.91:pound -:pound /:UK =:UK
EXPR: 0 | POS | FRA | 22 | 14.02 | 9.42338199513382 | 2.0=(4.11*(9.91-x)) | 2.0 4.11 9.91 x - * = | 2.0:UK 4.11:UK 9.91:pound x:pound -:pound *:UK =:UK
EXPR: 0 | POS | FRA | 22 | 14.02 | 7.8 | 2.0=(x+(4.11-9.91)) | 2.0 x 4.11 9.91 - + = | 2.0:pound x:pound 4.11:pound 9.91:pound -:pound +:pound =:pound
EXPR: 0 | POS | FRA | 25 | 14.02 | 28.04 | ((9.91+4.11)*2.0)=x | 9.91 4.11 + 2.0 * x = | 9.91:pound 4.11:pound +:pound 2.0:UK *:pound x:pound =:pound
EXPR: 0 | POS | FRA | 25 | 14.02 | 7.01 | ((9.91+4.11)/2.0)=x | 9.91 4.11 + 2.0 / x = | 9.91:pound 4.11:pound +:pound 2.0:UK /:pound x:pound =:pound
EXPR: 0 | POS | FRA | 25 | 14.02 | 23.93 | x=(4.11+(2.0*9.91)) | x 4.11 2.0 9.91 * + = | x:pound 4.11:pound 2.0:UK 9.91:pound *:pound +:pound =:pound
EXPR: 0 | POS | FRA | 25 | 14.02 | 11.965 | (9.91+(4.11/2.0))=x | 9.91 4.11 2.0 / + x = | 9.91:pound 4.11:pound 2.0:UK /:pound +:pound x:pound =:pound
EXPR: 0 | POS | FRA | 25 | 14.02 | 11.965 | ((4.11/2.0)+9.91)=x | 4.11 2.0 / 9.91 + x = | 4.11:pound 2.0:UK /:pound 9.91:pound +:pound x:pound =:pound
EXPR: 0 | POS | FRA | 25 | 14.02 | 2.9 | x=((9.91-4.11)/2.0) | x 9.91 4.11 - 2.0 / = | x:pound 9.91:pound 4.11:pound -:pound 2.0:UK /:pound =:pound
EXPR: 0 | POS | FRA | 25 | 14.02 | 11.965 | x=(9.91+(4.11/2.0)) | x 9.91 4.11 2.0 / + = | x:pound 9.91:pound 4.11:pound 2.0:UK /:pound +:pound =:pound
EXPR: 0 | POS | FRA | 25 | 14.02 | 23.93 | (4.11+(2.0*9.91))=x | 4.11 2.0 9.91 * + x = | 4.11:pound 2.0:UK 9.91:pound *:pound +:pound x:pound =:pound
EXPR: 0 | POS | FRA | 25 | 14.02 | 11.6 | x=((9.91-4.11)*2.0) | x 9.91 4.11 - 2.0 * = | x:pound 9.91:pound 4.11:pound -:pound 2.0:UK *:pound =:pound
EXPR: 0 | POS | FRA | 25 | 14.02 | 7.855 | x=(9.91-(4.11/2.0)) | x 9.91 4.11 2.0 / - = | x:pound 9.91:pound 4.11:pound 2.0:UK /:pound -:pound =:pound
EXPR: 0 | POS | FRA | 25 | 14.02 | 28.04 | x=((9.91+4.11)*2.0) | x 9.91 4.11 + 2.0 * = | x:pound 9.91:pound 4.11:pound +:pound 2.0:UK *:pound =:pound
EXPR: 0 | POS | FRA | 25 | 14.02 | 7.01 | x=((9.91+4.11)/2.0) | x 9.91 4.11 + 2.0 / = | x:pound 9.91:pound 4.11:pound +:pound 2.0:UK /:pound =:pound
EXPR: 0 | POS | FRA | 25 | 14.02 | 7.855 | (9.91-(4.11/2.0))=x | 9.91 4.11 2.0 / - x = | 9.91:pound 4.11:pound 2.0:UK /:pound -:pound x:pound =:pound
EXPR: 0 | POS | FRA | 25 | 14.02 | 11.6 | ((9.91-4.11)*2.0)=x | 9.91 4.11 - 2.0 * x = | 9.91:pound 4.11:pound -:pound 2.0:UK *:pound x:pound =:pound
EXPR: 0 | POS | FRA | 25 | 14.02 | 2.9 | ((9.91-4.11)/2.0)=x | 9.91 4.11 - 2.0 / x = | 9.91:pound 4.11:pound -:pound 2.0:UK /:pound x:pound =:pound
EXPR: 0 | POS | FRA | 25 | 14.02 | 11.965 | x=((4.11/2.0)+9.91) | x 4.11 2.0 / 9.91 + = | x:pound 4.11:pound 2.0:UK /:pound 9.91:pound +:pound =:pound
EXPR: 0 | POS | FRA | 27 | 14.02 | 7.01 | 4.11=((2.0*x)-9.91) | 4.11 2.0 x * 9.91 - = | 4.11:pound 2.0:UK x:pound *:pound 9.91:pound -:pound =:pound
EXPR: 0 | POS | FRA | 27 | 14.02 | 2.9 | (4.11+(2.0*x))=9.91 | 4.11 2.0 x * + 9.91 = | 4.11:pound 2.0:UK x:pound *:pound +:pound 9.91:pound =:pound
EXPR: 0 | POS | FRA | 27 | 14.02 | 7.855 | ((4.11/2.0)+x)=9.91 | 4.11 2.0 / x + 9.91 = | 4.11:pound 2.0:UK /:pound x:pound +:pound 9.91:pound =:pound
EXPR: 0 | POS | FRA | 27 | 14.02 | 2.9 | 9.91=(4.11+(x*2.0)) | 9.91 4.11 x 2.0 * + = | 9.91:pound 4.11:pound x:pound 2.0:UK *:pound +:pound =:pound
EXPR: 0 | POS | FRA | 27 | 14.02 | 11.6 | 9.91=(4.11+(x/2.0)) | 9.91 4.11 x 2.0 / + = | 9.91:pound 4.11:pound x:pound 2.0:UK /:pound +:pound =:pound
EXPR: 0 | POS | FRA | 27 | 14.02 | 7.855 | 9.91=(x+(4.11/2.0)) | 9.91 x 4.11 2.0 / + = | 9.91:pound x:pound 4.11:pound 2.0:UK /:pound +:pound =:pound
EXPR: 0 | POS | FRA | 27 | 14.02 | 15.71 | 4.11=((2.0*9.91)-x) | 4.11 2.0 9.91 * x - = | 4.11:pound 2.0:UK 9.91:pound *:pound x:pound -:pound =:pound
EXPR: 0 | POS | FRA | 27 | 14.02 | 11.965 | 9.91=(x-(4.11/2.0)) | 9.91 x 4.11 2.0 / - = | 9.91:pound x:pound 4.11:pound 2.0:UK /:pound -:pound =:pound
EXPR: 0 | POS | FRA | 27 | 14.02 | 23.93 | 4.11=(x-(2.0*9.91)) | 4.11 x 2.0 9.91 * - = | 4.11:pound x:pound 2.0:UK 9.91:pound *:pound -:pound =:pound
EXPR: 0 | POS | FRA | 27 | 14.02 | 7.855 | 9.91=((4.11/2.0)+x) | 9.91 4.11 2.0 / x + = | 9.91:pound 4.11:pound 2.0:UK /:pound x:pound +:pound =:pound
EXPR: 0 | POS | FRA | 27 | 14.02 | 28.04 | 4.11=((x/2.0)-9.91) | 4.11 x 2.0 / 9.91 - = | 4.11:pound x:pound 2.0:UK /:pound 9.91:pound -:pound =:pound
EXPR: 0 | POS | FRA | 27 | 14.02 | 11.6 | (4.11+(x/2.0))=9.91 | 4.11 x 2.0 / + 9.91 = | 4.11:pound x:pound 2.0:UK /:pound +:pound 9.91:pound =:pound
EXPR: 0 | POS | FRA | 27 | 14.02 | 11.965 | 4.11=(2.0*(x-9.91)) | 4.11 2.0 x 9.91 - * = | 4.11:pound 2.0:UK x:pound 9.91:pound -:pound *:pound =:pound
EXPR: 0 | POS | FRA | 27 | 14.02 | 15.71 | ((4.11+x)/2.0)=9.91 | 4.11 x + 2.0 / 9.91 = | 4.11:pound x:pound +:pound 2.0:UK /:pound 9.91:pound =:pound
EXPR: 0 | POS | FRA | 27 | 14.02 | 7.855 | (x+(4.11/2.0))=9.91 | x 4.11 2.0 / + 9.91 = | x:pound 4.11:pound 2.0:UK /:pound +:pound 9.91:pound =:pound
EXPR: 0 | POS | FRA | 27 | 14.02 | 0.845 | ((x+4.11)*2.0)=9.91 | x 4.11 + 2.0 * 9.91 = | x:pound 4.11:pound +:pound 2.0:UK *:pound 9.91:pound =:pound
EXPR: 0 | POS | FRA | 27 | 14.02 | 0.845 | ((4.11+x)*2.0)=9.91 | 4.11 x + 2.0 * 9.91 = | 4.11:pound x:pound +:pound 2.0:UK *:pound 9.91:pound =:pound
EXPR: 0 | POS | FRA | 27 | 14.02 | 15.71 | ((x+4.11)/2.0)=9.91 | x 4.11 + 2.0 / 9.91 = | x:pound 4.11:pound +:pound 2.0:UK /:pound 9.91:pound =:pound
EXPR: 0 | POS | FRA | 27 | 14.02 | 7.01 | 4.11=((x*2.0)-9.91) | 4.11 x 2.0 * 9.91 - = | 4.11:pound x:pound 2.0:UK *:pound 9.91:pound -:pound =:pound
EXPR: 0 | POS | FRA | 27 | 14.02 | 9.065 | ((x-4.11)*2.0)=9.91 | x 4.11 - 2.0 * 9.91 = | x:pound 4.11:pound -:pound 2.0:UK *:pound 9.91:pound =:pound
EXPR: 0 | POS | FRA | 27 | 14.02 | 23.93 | ((x-4.11)/2.0)=9.91 | x 4.11 - 2.0 / 9.91 = | x:pound 4.11:pound -:pound 2.0:UK /:pound 9.91:pound =:pound
EXPR: 0 | POS | FRA | 27 | 14.02 | 15.71 | 9.91=((x+4.11)/2.0) | 9.91 x 4.11 + 2.0 / = | 9.91:pound x:pound 4.11:pound +:pound 2.0:UK /:pound =:pound
EXPR: 0 | POS | FRA | 27 | 14.02 | 23.93 | 9.91=((x-4.11)/2.0) | 9.91 x 4.11 - 2.0 / = | 9.91:pound x:pound 4.11:pound -:pound 2.0:UK /:pound =:pound
EXPR: 0 | POS | FRA | 27 | 14.02 | 2.9 | 9.91=(4.11+(2.0*x)) | 9.91 4.11 2.0 x * + = | 9.91:pound 4.11:pound 2.0:UK x:pound *:pound +:pound =:pound
EXPR: 0 | POS | FRA | 27 | 14.02 | 15.71 | 9.91=((4.11+x)/2.0) | 9.91 4.11 x + 2.0 / = | 9.91:pound 4.11:pound x:pound +:pound 2.0:UK /:pound =:pound
EXPR: 0 | POS | FRA | 27 | 14.02 | 11.965 | (x-(4.11/2.0))=9.91 | x 4.11 2.0 / - 9.91 = | x:pound 4.11:pound 2.0:UK /:pound -:pound 9.91:pound =:pound
EXPR: 0 | POS | FRA | 27 | 14.02 | 2.9 | (4.11+(x*2.0))=9.91 | 4.11 x 2.0 * + 9.91 = | 4.11:pound x:pound 2.0:UK *:pound +:pound 9.91:pound =:pound
EXPR: 0 | POS | FRA | 27 | 14.02 | 9.065 | 9.91=((x-4.11)*2.0) | 9.91 x 4.11 - 2.0 * = | 9.91:pound x:pound 4.11:pound -:pound 2.0:UK *:pound =:pound
EXPR: 0 | POS | FRA | 27 | 14.02 | 0.845 | 9.91=((x+4.11)*2.0) | 9.91 x 4.11 + 2.0 * = | 9.91:pound x:pound 4.11:pound +:pound 2.0:UK *:pound =:pound
EXPR: 0 | POS | FRA | 27 | 14.02 | 0.845 | 9.91=((4.11+x)*2.0) | 9.91 4.11 x + 2.0 * = | 9.91:pound 4.11:pound x:pound +:pound 2.0:UK *:pound =:pound
EXPR: 0 | POS | FRA | 27 | 14.02 | 7.855 | 4.11=(2.0*(9.91-x)) | 4.11 2.0 9.91 x - * = | 4.11:pound 2.0:UK 9.91:pound x:pound -:pound *:pound =:pound
EXPR: 0 | POS | FRA | 30 | 14.02 | 0.616548940464178 | x=((2.0+4.11)/9.91) | x 2.0 4.11 + 9.91 / = | x:UK 2.0:UK 4.11:UK +:UK 9.91:pound /:UK =:UK
EXPR: 0 | POS | FRA | 30 | 14.02 | 10.3966180048662 | x=((2.0/4.11)+9.91) | x 2.0 4.11 / 9.91 + = | x:pound 2.0:pound 4.11:UK /:pound 9.91:pound +:pound =:pound
EXPR: 0 | POS | FRA | 30 | 14.02 | 10.3966180048662 | ((2.0/4.11)+9.91)=x | 2.0 4.11 / 9.91 + x = | 2.0:UK 4.11:pound /:UK 9.91:UK +:UK x:UK =:UK
EXPR: 0 | POS | FRA | 30 | 14.02 | 1.92457420924574 | ((9.91-2.0)/4.11)=x | 9.91 2.0 - 4.11 / x = | 9.91:UK 2.0:UK -:UK 4.11:pound /:UK x:UK =:UK
EXPR: 0 | POS | FRA | 30 | 14.02 | 0.616548940464178 | ((2.0+4.11)/9.91)=x | 2.0 4.11 + 9.91 / x = | 2.0:pound 4.11:pound +:pound 9.91:UK /:pound x:pound =:pound
EXPR: 0 | POS | FRA | 30 | 14.02 | 1.58526740665994 | x=(2.0-(4.11/9.91)) | x 2.0 4.11 9.91 / - = | x:pound 2.0:pound 4.11:pound 9.91:UK /:pound -:pound =:pound
EXPR: 0 | POS | FRA | 30 | 14.02 | 2.41473259334006 | x=(2.0+(4.11/9.91)) | x 2.0 4.11 9.91 / + = | x:pound 2.0:pound 4.11:pound 9.91:UK /:pound +:pound =:pound
EXPR: 0 | POS | FRA | 30 | 14.02 | 9.42338199513382 | x=(9.91-(2.0/4.11)) | x 9.91 2.0 4.11 / - = | x:UK 9.91:UK 2.0:UK 4.11:pound /:UK -:UK =:UK
EXPR: 0 | POS | FRA | 30 | 14.02 | 10.3966180048662 | x=(9.91+(2.0/4.11)) | x 9.91 2.0 4.11 / + = | x:UK 9.91:UK 2.0:UK 4.11:pound /:UK +:UK =:UK
NET 358 unique, non-negative solutions found out of 1000 total solutions
