parameters: n=5 l=2 k=1 p=5 q=2 m=8
TOTAL 136 solutions found
SOLN: CORRECT | POS/NEG | INT/FRA | OBJ-SCORE | TRUE-ANS | ANS | INFIX | POSTFIX | TYPED-POSTFIX
EXPR: 0 | POS | FRA | 2 | 0.6 | 0.5 | 0.4=(0.2/x) | 0.4 0.2 x / = | 0.4:inch 0.2:inch x:UK /:inch =:inch
EXPR: 0 | POS | INT | 2 | 0.6 | 2 | 0.4=(x*0.2) | 0.4 x 0.2 * = | 0.4:inch x:UK 0.2:inch *:inch =:inch
EXPR: 0 | POS | INT | 2 | 0.6 | 2 | 0.4=(0.2*x) | 0.4 0.2 x * = | 0.4:inch 0.2:inch x:UK *:inch =:inch
EXPR: 0 | POS | FRA | 2 | 0.6 | 0.5 | (x*0.4)=0.2 | x 0.4 * 0.2 = | x:UK 0.4:inch *:inch 0.2:inch =:inch
EXPR: 0 | POS | FRA | 2 | 0.6 | 0.5 | (0.4*x)=0.2 | 0.4 x * 0.2 = | 0.4:inch x:UK *:inch 0.2:inch =:inch
EXPR: 0 | POS | INT | 2 | 0.6 | 2 | (0.4/x)=0.2 | 0.4 x / 0.2 = | 0.4:inch x:UK /:inch 0.2:inch =:inch
EXPR: 0 | POS | FRA | 10 | 0.6 | 0.08 | (0.4*0.2)=x | 0.4 0.2 * x = | 0.4:inch 0.2:UK *:UK x:UK =:UK
EXPR: 1 | POS | FRA | 10 | 0.6 | 0.6 | (0.4+0.2)=x | 0.4 0.2 + x = | 0.4:inch 0.2:inch +:inch x:inch =:inch
EXPR: 0 | POS | FRA | 10 | 0.6 | 0.2 | x=(0.4-0.2) | x 0.4 0.2 - = | x:inch 0.4:inch 0.2:inch -:inch =:inch
EXPR: 0 | POS | FRA | 10 | 0.6 | 0.08 | x=(0.4*0.2) | x 0.4 0.2 * = | x:UK 0.4:inch 0.2:UK *:UK =:UK
EXPR: 1 | POS | FRA | 10 | 0.6 | 0.6 | x=(0.4+0.2) | x 0.4 0.2 + = | x:inch 0.4:inch 0.2:inch +:inch =:inch
EXPR: 0 | POS | FRA | 10 | 0.6 | 0.2 | (0.4-0.2)=x | 0.4 0.2 - x = | 0.4:inch 0.2:inch -:inch x:inch =:inch
EXPR: 0 | POS | INT | 10 | 0.6 | 2 | x=(0.4/0.2) | x 0.4 0.2 / = | x:UK 0.4:UK 0.2:inch /:UK =:UK
EXPR: 0 | POS | INT | 10 | 0.6 | 2 | (0.4/0.2)=x | 0.4 0.2 / x = | 0.4:UK 0.2:inch /:UK x:UK =:UK
EXPR: 0 | POS | INT | 12 | 0.6 | 2 | 0.2=(0.4/x) | 0.2 0.4 x / = | 0.2:inch 0.4:inch x:UK /:inch =:inch
EXPR: 0 | POS | INT | 12 | 0.6 | 2 | (x*0.2)=0.4 | x 0.2 * 0.4 = | x:UK 0.2:inch *:inch 0.4:inch =:inch
EXPR: 0 | POS | FRA | 12 | 0.6 | 0.08 | 0.4=(x/0.2) | 0.4 x 0.2 / = | 0.4:UK x:UK 0.2:inch /:UK =:UK
EXPR: 0 | POS | FRA | 12 | 0.6 | 0.5 | 0.2=(0.4*x) | 0.2 0.4 x * = | 0.2:inch 0.4:inch x:UK *:inch =:inch
EXPR: 1 | POS | FRA | 12 | 0.6 | 0.6 | 0.4=(x-0.2) | 0.4 x 0.2 - = | 0.4:inch x:inch 0.2:inch -:inch =:inch
EXPR: 0 | POS | FRA | 12 | 0.6 | 0.5 | 0.2=(x*0.4) | 0.2 x 0.4 * = | 0.2:inch x:UK 0.4:inch *:inch =:inch
EXPR: 0 | POS | FRA | 12 | 0.6 | 0.2 | (0.4-x)=0.2 | 0.4 x - 0.2 = | 0.4:inch x:inch -:inch 0.2:inch =:inch
EXPR: 0 | POS | INT | 12 | 0.6 | 2 | (0.2*x)=0.4 | 0.2 x * 0.4 = | 0.2:inch x:UK *:inch 0.4:inch =:inch
EXPR: 0 | POS | FRA | 12 | 0.6 | 0.5 | (0.2/x)=0.4 | 0.2 x / 0.4 = | 0.2:inch x:UK /:inch 0.4:inch =:inch
EXPR: 0 | POS | FRA | 12 | 0.6 | 0.2 | 0.4=(x+0.2) | 0.4 x 0.2 + = | 0.4:inch x:inch 0.2:inch +:inch =:inch
EXPR: 0 | POS | FRA | 12 | 0.6 | 0.2 | 0.4=(0.2+x) | 0.4 0.2 x + = | 0.4:inch 0.2:inch x:inch +:inch =:inch
EXPR: 1 | POS | FRA | 12 | 0.6 | 0.6 | (x-0.4)=0.2 | x 0.4 - 0.2 = | x:inch 0.4:inch -:inch 0.2:inch =:inch
EXPR: 0 | POS | FRA | 12 | 0.6 | 0.08 | (x/0.4)=0.2 | x 0.4 / 0.2 = | x:UK 0.4:inch /:UK 0.2:UK =:UK
EXPR: 0 | POS | FRA | 20 | 0.6 | 0.5 | (0.2/0.4)=x | 0.2 0.4 / x = | 0.2:UK 0.4:inch /:UK x:UK =:UK
EXPR: 0 | POS | FRA | 20 | 0.6 | 0.5 | x=(0.2/0.4) | x 0.2 0.4 / = | x:UK 0.2:UK 0.4:inch /:UK =:UK
EXPR: 0 | POS | FRA | 22 | 0.6 | 0.08 | (x/0.2)=0.4 | x 0.2 / 0.4 = | x:UK 0.2:inch /:UK 0.4:UK =:UK
EXPR: 1 | POS | FRA | 22 | 0.6 | 0.6 | (x-0.2)=0.4 | x 0.2 - 0.4 = | x:inch 0.2:inch -:inch 0.4:inch =:inch
EXPR: 0 | POS | FRA | 22 | 0.6 | 0.2 | (0.2+x)=0.4 | 0.2 x + 0.4 = | 0.2:inch x:inch +:inch 0.4:inch =:inch
EXPR: 1 | POS | FRA | 22 | 0.6 | 0.6 | 0.2=(x-0.4) | 0.2 x 0.4 - = | 0.2:inch x:inch 0.4:inch -:inch =:inch
EXPR: 0 | POS | FRA | 22 | 0.6 | 0.2 | (x+0.2)=0.4 | x 0.2 + 0.4 = | x:inch 0.2:inch +:inch 0.4:inch =:inch
EXPR: 0 | POS | FRA | 22 | 0.6 | 0.08 | 0.2=(x/0.4) | 0.2 x 0.4 / = | 0.2:UK x:UK 0.4:inch /:UK =:UK
EXPR: 0 | POS | FRA | 22 | 0.6 | 0.2 | 0.2=(0.4-x) | 0.2 0.4 x - = | 0.2:inch 0.4:inch x:inch -:inch =:inch
NET 36 unique, non-negative solutions found out of 136 total solutions
