parameters: n=7 l=3 k=1 p=5 q=3 m=9
TOTAL 1000 solutions found
SOLN: CORRECT | POS/NEG | INT/FRA | OBJ-SCORE | TRUE-ANS | ANS | INFIX | POSTFIX | TYPED-POSTFIX
EXPR: 0 | POS | INT | 10 | 2916 | 333 | x=((1.0*324.0)+9.0) | x 1.0 324.0 * 9.0 + = | x:drum 1.0:picker 324.0:drum *:drum 9.0:drum +:drum =:drum
EXPR: 0 | POS | INT | 10 | 2916 | 333 | (1.0*(324.0+9.0))=x | 1.0 324.0 9.0 + * x = | 1.0:picker 324.0:drum 9.0:drum +:drum *:drum x:drum =:drum
EXPR: 0 | POS | INT | 10 | 2916 | 333 | ((1.0*324.0)+9.0)=x | 1.0 324.0 * 9.0 + x = | 1.0:picker 324.0:drum *:drum 9.0:drum +:drum x:drum =:drum
EXPR: 0 | POS | INT | 10 | 2916 | 315 | x=(1.0*(324.0-9.0)) | x 1.0 324.0 9.0 - * = | x:drum 1.0:picker 324.0:drum 9.0:drum -:drum *:drum =:drum
EXPR: 0 | POS | INT | 10 | 2916 | 2917 | (1.0+(324.0*9.0))=x | 1.0 324.0 9.0 * + x = | 1.0:drum 324.0:drum 9.0:day *:drum +:drum x:drum =:drum
EXPR: 0 | POS | INT | 10 | 2916 | 37 | x=(1.0+(324.0/9.0)) | x 1.0 324.0 9.0 / + = | x:drum 1.0:drum 324.0:drum 9.0:day /:drum +:drum =:drum
EXPR: 0 | POS | INT | 10 | 2916 | 315 | ((1.0*324.0)-9.0)=x | 1.0 324.0 * 9.0 - x = | 1.0:picker 324.0:drum *:drum 9.0:drum -:drum x:drum =:drum
EXPR: 0 | POS | INT | 10 | 2916 | 315 | x=((1.0*324.0)-9.0) | x 1.0 324.0 * 9.0 - = | x:drum 1.0:picker 324.0:drum *:drum 9.0:drum -:drum =:drum
EXPR: 0 | POS | INT | 10 | 2916 | 37 | (1.0+(324.0/9.0))=x | 1.0 324.0 9.0 / + x = | 1.0:drum 324.0:drum 9.0:day /:drum +:drum x:drum =:drum
EXPR: 0 | POS | INT | 10 | 2916 | 315 | (1.0*(324.0-9.0))=x | 1.0 324.0 9.0 - * x = | 1.0:picker 324.0:drum 9.0:drum -:drum *:drum x:drum =:drum
EXPR: 0 | POS | INT | 10 | 2916 | 2925 | ((1.0+324.0)*9.0)=x | 1.0 324.0 + 9.0 * x = | 1.0:drum 324.0:drum +:drum 9.0:day *:drum x:drum =:drum
EXPR: 0 | POS | INT | 10 | 2916 | 333 | x=(1.0*(324.0+9.0)) | x 1.0 324.0 9.0 + * = | x:drum 1.0:picker 324.0:drum 9.0:drum +:drum *:drum =:drum
EXPR: 0 | POS | INT | 10 | 2916 | 2917 | x=(1.0+(324.0*9.0)) | x 1.0 324.0 9.0 * + = | x:drum 1.0:drum 324.0:drum 9.0:day *:drum +:drum =:drum
EXPR: 0 | POS | INT | 10 | 2916 | 2925 | x=((1.0+324.0)*9.0) | x 1.0 324.0 + 9.0 * = | x:drum 1.0:drum 324.0:drum +:drum 9.0:day *:drum =:drum
EXPR: 0 | POS | INT | 12 | 2916 | 315 | (1.0*(324.0-x))=9.0 | 1.0 324.0 x - * 9.0 = | 1.0:picker 324.0:drum x:drum -:drum *:drum 9.0:drum =:drum
EXPR: 0 | POS | INT | 12 | 2916 | 315 | ((1.0*324.0)-x)=9.0 | 1.0 324.0 * x - 9.0 = | 1.0:picker 324.0:drum *:drum x:drum -:drum 9.0:drum =:drum
EXPR: 0 | POS | INT | 12 | 2916 | 2907 | 1.0=(324.0-(x/9.0)) | 1.0 324.0 x 9.0 / - = | 1.0:drum 324.0:drum x:drum 9.0:day /:drum -:drum =:drum
EXPR: 0 | POS | INT | 12 | 2916 | 333 | ((x*1.0)-324.0)=9.0 | x 1.0 * 324.0 - 9.0 = | x:drum 1.0:picker *:drum 324.0:drum -:drum 9.0:drum =:drum
EXPR: 0 | POS | INT | 12 | 2916 | 333 | (1.0*(x-324.0))=9.0 | 1.0 x 324.0 - * 9.0 = | 1.0:picker x:drum 324.0:drum -:drum *:picker 9.0:picker =:picker
EXPR: 0 | POS | INT | 12 | 2916 | 35 | 1.0=((324.0/9.0)-x) | 1.0 324.0 9.0 / x - = | 1.0:drum 324.0:drum 9.0:day /:drum x:drum -:drum =:drum
EXPR: 0 | POS | INT | 12 | 2916 | 315 | 1.0=((324.0-x)/9.0) | 1.0 324.0 x - 9.0 / = | 1.0:drum 324.0:drum x:drum -:drum 9.0:day /:drum =:drum
EXPR: 0 | POS | INT | 12 | 2916 | 333 | 1.0=((x-324.0)/9.0) | 1.0 x 324.0 - 9.0 / = | 1.0:drum x:drum 324.0:drum -:drum 9.0:day /:drum =:drum
EXPR: 0 | POS | INT | 12 | 2916 | 37 | 1.0=(x-(324.0/9.0)) | 1.0 x 324.0 9.0 / - = | 1.0:drum x:drum 324.0:drum 9.0:day /:drum -:drum =:drum
EXPR: 0 | POS | INT | 12 | 2916 | 2917 | 1.0=(x-(324.0*9.0)) | 1.0 x 324.0 9.0 * - = | 1.0:drum x:drum 324.0:drum 9.0:day *:drum -:drum =:drum
EXPR: 0 | POS | INT | 12 | 2916 | 333 | ((1.0*x)-324.0)=9.0 | 1.0 x * 324.0 - 9.0 = | 1.0:picker x:drum *:drum 324.0:drum -:drum 9.0:drum =:drum
EXPR: 0 | POS | INT | 12 | 2916 | 36 | (1.0*x)=(324.0/9.0) | 1.0 x * 324.0 9.0 / = | 1.0:picker x:drum *:drum 324.0:drum 9.0:day /:drum =:drum
EXPR: 0 | POS | INT | 12 | 2916 | 333 | (x-(1.0*324.0))=9.0 | x 1.0 324.0 * - 9.0 = | x:drum 1.0:picker 324.0:drum *:drum -:drum 9.0:drum =:drum
EXPR: 0 | POS | INT | 20 | 2916 | 333 | (324.0+(1.0*9.0))=x | 324.0 1.0 9.0 * + x = | 324.0:drum 1.0:drum 9.0:day *:drum +:drum x:drum =:drum
EXPR: 0 | POS | INT | 20 | 2916 | 333 | x=(324.0+(1.0*9.0)) | x 324.0 1.0 9.0 * + = | x:drum 324.0:drum 1.0:picker 9.0:drum *:drum +:drum =:drum
EXPR: 0 | POS | INT | 20 | 2916 | 3240 | x=(324.0*(1.0+9.0)) | x 324.0 1.0 9.0 + * = | x:drum 324.0:drum 1.0:picker 9.0:picker +:picker *:drum =:drum
EXPR: 0 | POS | INT | 20 | 2916 | 315 | (324.0-(1.0*9.0))=x | 324.0 1.0 9.0 * - x = | 324.0:drum 1.0:picker 9.0:drum *:drum -:drum x:drum =:drum
EXPR: 0 | POS | INT | 20 | 2916 | 2907 | x=((324.0-1.0)*9.0) | x 324.0 1.0 - 9.0 * = | x:drum 324.0:drum 1.0:drum -:drum 9.0:day *:drum =:drum
EXPR: 0 | POS | INT | 20 | 2916 | 3240 | ((1.0+9.0)*324.0)=x | 1.0 9.0 + 324.0 * x = | 1.0:picker 9.0:picker +:picker 324.0:drum *:drum x:drum =:drum
EXPR: 0 | POS | INT | 20 | 2916 | 316 | (1.0+(324.0-9.0))=x | 1.0 324.0 9.0 - + x = | 1.0:drum 324.0:drum 9.0:drum -:drum +:drum x:drum =:drum
EXPR: 0 | POS | INT | 20 | 2916 | 3240 | x=((1.0+9.0)*324.0) | x 1.0 9.0 + 324.0 * = | x:drum 1.0:day 9.0:day +:day 324.0:drum *:drum =:drum
EXPR: 0 | POS | INT | 20 | 2916 | 334 | ((1.0+324.0)+9.0)=x | 1.0 324.0 + 9.0 + x = | 1.0:drum 324.0:drum +:drum 9.0:drum +:drum x:drum =:drum
EXPR: 0 | POS | INT | 20 | 2916 | 316 | ((1.0+324.0)-9.0)=x | 1.0 324.0 + 9.0 - x = | 1.0:drum 324.0:drum +:drum 9.0:drum -:drum x:drum =:drum
EXPR: 0 | POS | INT | 20 | 2916 | 3240 | (324.0*(1.0+9.0))=x | 324.0 1.0 9.0 + * x = | 324.0:drum 1.0:day 9.0:day +:day *:drum x:drum =:drum
EXPR: 0 | POS | INT | 20 | 2916 | 334 | x=(1.0+(324.0+9.0)) | x 1.0 324.0 9.0 + + = | x:drum 1.0:drum 324.0:drum 9.0:drum +:drum +:drum =:drum
EXPR: 0 | POS | INT | 20 | 2916 | 315 | x=(324.0-(1.0*9.0)) | x 324.0 1.0 9.0 * - = | x:drum 324.0:drum 1.0:picker 9.0:drum *:drum -:drum =:drum
EXPR: 0 | POS | INT | 20 | 2916 | 315 | ((324.0/1.0)-9.0)=x | 324.0 1.0 / 9.0 - x = | 324.0:drum 1.0:picker /:drum 9.0:drum -:drum x:drum =:drum
EXPR: 0 | POS | INT | 20 | 2916 | 333 | ((1.0*9.0)+324.0)=x | 1.0 9.0 * 324.0 + x = | 1.0:drum 9.0:day *:drum 324.0:drum +:drum x:drum =:drum
EXPR: 0 | POS | INT | 20 | 2916 | 316 | x=((1.0+324.0)-9.0) | x 1.0 324.0 + 9.0 - = | x:drum 1.0:drum 324.0:drum +:drum 9.0:drum -:drum =:drum
EXPR: 0 | POS | INT | 20 | 2916 | 334 | x=((1.0+324.0)+9.0) | x 1.0 324.0 + 9.0 + = | x:drum 1.0:drum 324.0:drum +:drum 9.0:drum +:drum =:drum
EXPR: 0 | POS | INT | 22 | 2916 | 37 | ((x-1.0)*9.0)=324.0 | x 1.0 - 9.0 * 324.0 = | x:drum 1.0:drum -:drum 9.0:day *:drum 324.0:drum =:drum
EXPR: 0 | POS | INT | 22 | 2916 | 315 | ((1.0*9.0)+x)=324.0 | 1.0 9.0 * x + 324.0 = | 1.0:drum 9.0:day *:drum x:drum +:drum 324.0:drum =:drum
EXPR: 0 | POS | INT | 22 | 2916 | 333 | ((x-324.0)/1.0)=9.0 | x 324.0 - 1.0 / 9.0 = | x:drum 324.0:drum -:drum 1.0:picker /:drum 9.0:drum =:drum
EXPR: 0 | POS | INT | 22 | 2916 | 315 | (1.0*(x+9.0))=324.0 | 1.0 x 9.0 + * 324.0 = | 1.0:picker x:drum 9.0:drum +:drum *:drum 324.0:drum =:drum
EXPR: 0 | POS | INT | 22 | 2916 | 333 | (1.0*(x-9.0))=324.0 | 1.0 x 9.0 - * 324.0 = | 1.0:picker x:drum 9.0:drum -:drum *:drum 324.0:drum =:drum
EXPR: 0 | POS | INT | 22 | 2916 | 333 | ((x/1.0)-324.0)=9.0 | x 1.0 / 324.0 - 9.0 = | x:drum 1.0:day /:drum 324.0:drum -:drum 9.0:drum =:drum
EXPR: 0 | POS | INT | 22 | 2916 | 2915 | 1.0=((324.0*9.0)-x) | 1.0 324.0 9.0 * x - = | 1.0:picker 324.0:picker 9.0:day *:picker x:picker -:picker =:picker
EXPR: 0 | POS | INT | 22 | 2916 | 315 | 324.0=(1.0*(9.0+x)) | 324.0 1.0 9.0 x + * = | 324.0:drum 1.0:picker 9.0:drum x:drum +:drum *:drum =:drum
EXPR: 0 | POS | INT | 22 | 2916 | 2917 | 324.0=((x-1.0)/9.0) | 324.0 x 1.0 - 9.0 / = | 324.0:drum x:drum 1.0:drum -:drum 9.0:day /:drum =:drum
EXPR: 0 | POS | INT | 22 | 2916 | 2907 | 324.0=(1.0+(x/9.0)) | 324.0 1.0 x 9.0 / + = | 324.0:drum 1.0:drum x:drum 9.0:day /:drum +:drum =:drum
EXPR: 0 | POS | INT | 22 | 2916 | 2917 | ((x-1.0)/9.0)=324.0 | x 1.0 - 9.0 / 324.0 = | x:drum 1.0:drum -:drum 9.0:day /:drum 324.0:drum =:drum
EXPR: 0 | POS | INT | 22 | 2916 | 316 | (1.0+(324.0-x))=9.0 | 1.0 324.0 x - + 9.0 = | 1.0:drum 324.0:drum x:drum -:drum +:drum 9.0:drum =:drum
EXPR: 0 | POS | INT | 22 | 2916 | 333 | ((x/1.0)-9.0)=324.0 | x 1.0 / 9.0 - 324.0 = | x:drum 1.0:picker /:drum 9.0:drum -:drum 324.0:drum =:drum
EXPR: 0 | POS | INT | 22 | 2916 | 315 | ((324.0-x)*1.0)=9.0 | 324.0 x - 1.0 * 9.0 = | 324.0:drum x:drum -:drum 1.0:picker *:drum 9.0:drum =:drum
EXPR: 0 | POS | INT | 22 | 2916 | 315 | 324.0=(x+(1.0*9.0)) | 324.0 x 1.0 9.0 * + = | 324.0:drum x:drum 1.0:drum 9.0:day *:drum +:drum =:drum
EXPR: 0 | POS | INT | 22 | 2916 | 332 | ((1.0-324.0)+x)=9.0 | 1.0 324.0 - x + 9.0 = | 1.0:drum 324.0:drum -:drum x:drum +:drum 9.0:drum =:drum
EXPR: 0 | POS | INT | 22 | 2916 | 3240 | 324.0=(x/(1.0+9.0)) | 324.0 x 1.0 9.0 + / = | 324.0:drum x:drum 1.0:picker 9.0:picker +:picker /:drum =:drum
EXPR: 0 | POS | INT | 22 | 2916 | 332 | (1.0+(x-324.0))=9.0 | 1.0 x 324.0 - + 9.0 = | 1.0:drum x:drum 324.0:drum -:drum +:drum 9.0:drum =:drum
EXPR: 0 | POS | INT | 22 | 2916 | 2592 | (1.0+(x/324.0))=9.0 | 1.0 x 324.0 / + 9.0 = | 1.0:picker x:picker 324.0:drum /:picker +:picker 9.0:picker =:picker
EXPR: 0 | POS | INT | 22 | 2916 | 316 | ((1.0+324.0)-x)=9.0 | 1.0 324.0 + x - 9.0 = | 1.0:drum 324.0:drum +:drum x:drum -:drum 9.0:drum =:drum
EXPR: 0 | POS | INT | 22 | 2916 | 315 | (324.0-(x*1.0))=9.0 | 324.0 x 1.0 * - 9.0 = | 324.0:drum x:drum 1.0:picker *:drum -:drum 9.0:drum =:drum
EXPR: 0 | POS | INT | 22 | 2916 | 315 | (324.0-(x/1.0))=9.0 | 324.0 x 1.0 / - 9.0 = | 324.0:drum x:drum 1.0:picker /:drum -:drum 9.0:drum =:drum
EXPR: 0 | POS | INT | 22 | 2916 | 315 | ((1.0*x)+9.0)=324.0 | 1.0 x * 9.0 + 324.0 = | 1.0:picker x:drum *:drum 9.0:drum +:drum 324.0:drum =:drum
EXPR: 0 | POS | INT | 22 | 2916 | 333 | ((x-324.0)*1.0)=9.0 | x 324.0 - 1.0 * 9.0 = | x:drum 324.0:drum -:drum 1.0:picker *:drum 9.0:drum =:drum
EXPR: 0 | POS | INT | 22 | 2916 | 333 | 1.0=((324.0+9.0)/x) | 1.0 324.0 9.0 + x / = | 1.0:day 324.0:day 9.0:day +:day x:drum /:day =:day
EXPR: 0 | POS | INT | 22 | 2916 | 315 | 1.0=((324.0-9.0)/x) | 1.0 324.0 9.0 - x / = | 1.0:day 324.0:day 9.0:day -:day x:drum /:day =:day
EXPR: 0 | POS | INT | 22 | 2916 | 316 | (1.0-(x-324.0))=9.0 | 1.0 x 324.0 - - 9.0 = | 1.0:drum x:drum 324.0:drum -:drum -:drum 9.0:drum =:drum
EXPR: 0 | POS | INT | 22 | 2916 | 332 | (1.0-(324.0-x))=9.0 | 1.0 324.0 x - - 9.0 = | 1.0:drum 324.0:drum x:drum -:drum -:drum 9.0:drum =:drum
EXPR: 0 | POS | INT | 22 | 2916 | 315 | (x+(1.0*9.0))=324.0 | x 1.0 9.0 * + 324.0 = | x:drum 1.0:drum 9.0:day *:drum +:drum 324.0:drum =:drum
EXPR: 0 | POS | INT | 22 | 2916 | 333 | 324.0=(1.0*(x-9.0)) | 324.0 1.0 x 9.0 - * = | 324.0:drum 1.0:picker x:drum 9.0:drum -:drum *:drum =:drum
EXPR: 0 | POS | INT | 22 | 2916 | 315 | 324.0=(1.0*(x+9.0)) | 324.0 1.0 x 9.0 + * = | 324.0:drum 1.0:picker x:drum 9.0:drum +:drum *:drum =:drum
EXPR: 0 | POS | INT | 22 | 2916 | 36 | (1.0*324.0)=(9.0*x) | 1.0 324.0 * 9.0 x * = | 1.0:picker 324.0:drum *:picker 9.0:picker x:drum *:picker =:picker
EXPR: 0 | POS | INT | 22 | 2916 | 334 | 1.0=((x-324.0)-9.0) | 1.0 x 324.0 - 9.0 - = | 1.0:drum x:drum 324.0:drum -:drum 9.0:drum -:drum =:drum
EXPR: 0 | POS | INT | 22 | 2916 | 316 | 1.0=((x-324.0)+9.0) | 1.0 x 324.0 - 9.0 + = | 1.0:drum x:drum 324.0:drum -:drum 9.0:drum +:drum =:drum
EXPR: 0 | POS | INT | 22 | 2916 | 2917 | (x-1.0)=(324.0*9.0) | x 1.0 - 324.0 9.0 * = | x:drum 1.0:drum -:drum 324.0:drum 9.0:day *:drum =:drum
EXPR: 0 | POS | INT | 22 | 2916 | 37 | (x-1.0)=(324.0/9.0) | x 1.0 - 324.0 9.0 / = | x:drum 1.0:drum -:drum 324.0:drum 9.0:day /:drum =:drum
EXPR: 0 | POS | INT | 22 | 2916 | 35 | (x+1.0)=(324.0/9.0) | x 1.0 + 324.0 9.0 / = | x:drum 1.0:drum +:drum 324.0:drum 9.0:day /:drum =:drum
EXPR: 1 | POS | INT | 22 | 2916 | 2916 | (1.0*x)=(324.0*9.0) | 1.0 x * 324.0 9.0 * = | 1.0:day x:drum *:day 324.0:drum 9.0:day *:day =:day
EXPR: 0 | POS | INT | 22 | 2916 | 315 | 324.0=((1.0*9.0)+x) | 324.0 1.0 9.0 * x + = | 324.0:drum 1.0:drum 9.0:day *:drum x:drum +:drum =:drum
EXPR: 0 | POS | INT | 22 | 2916 | 35 | ((x+1.0)*9.0)=324.0 | x 1.0 + 9.0 * 324.0 = | x:drum 1.0:drum +:drum 9.0:day *:drum 324.0:drum =:drum
EXPR: 0 | POS | INT | 22 | 2916 | 2915 | ((x+1.0)/9.0)=324.0 | x 1.0 + 9.0 / 324.0 = | x:drum 1.0:drum +:drum 9.0:day /:drum 324.0:drum =:drum
EXPR: 0 | POS | INT | 22 | 2916 | 3240 | (x/(1.0+9.0))=324.0 | x 1.0 9.0 + / 324.0 = | x:drum 1.0:picker 9.0:picker +:picker /:drum 324.0:drum =:drum
EXPR: 0 | POS | INT | 22 | 2916 | 2925 | (x/(1.0+324.0))=9.0 | x 1.0 324.0 + / 9.0 = | x:day 1.0:picker 324.0:picker +:picker /:day 9.0:day =:day
EXPR: 0 | POS | INT | 22 | 2916 | 315 | ((x*1.0)+9.0)=324.0 | x 1.0 * 9.0 + 324.0 = | x:drum 1.0:picker *:drum 9.0:drum +:drum 324.0:drum =:drum
EXPR: 0 | POS | INT | 22 | 2916 | 315 | 1.0=(324.0/(x+9.0)) | 1.0 324.0 x 9.0 + / = | 1.0:drum 324.0:drum x:day 9.0:day +:day /:drum =:drum
EXPR: 0 | POS | INT | 22 | 2916 | 333 | 1.0=(324.0/(x-9.0)) | 1.0 324.0 x 9.0 - / = | 1.0:drum 324.0:drum x:day 9.0:day -:day /:drum =:drum
EXPR: 0 | POS | INT | 22 | 2916 | 314 | 1.0=(324.0-(9.0+x)) | 1.0 324.0 9.0 x + - = | 1.0:drum 324.0:drum 9.0:drum x:drum +:drum -:drum =:drum
EXPR: 0 | POS | INT | 22 | 2916 | 333 | ((x*1.0)-9.0)=324.0 | x 1.0 * 9.0 - 324.0 = | x:drum 1.0:picker *:drum 9.0:drum -:drum 324.0:drum =:drum
EXPR: 0 | POS | INT | 22 | 2916 | 2915 | ((1.0+x)/324.0)=9.0 | 1.0 x + 324.0 / 9.0 = | 1.0:day x:day +:day 324.0:drum /:day 9.0:day =:day
EXPR: 0 | POS | INT | 22 | 2916 | 36 | (324.0/1.0)=(x*9.0) | 324.0 1.0 / x 9.0 * = | 324.0:drum 1.0:picker /:drum x:drum 9.0:day *:drum =:drum
EXPR: 1 | POS | INT | 22 | 2916 | 2916 | (324.0/1.0)=(x/9.0) | 324.0 1.0 / x 9.0 / = | 324.0:drum 1.0:picker /:drum x:drum 9.0:day /:drum =:drum
EXPR: 0 | POS | INT | 22 | 2916 | 35 | 324.0=((x+1.0)*9.0) | 324.0 x 1.0 + 9.0 * = | 324.0:drum x:drum 1.0:drum +:drum 9.0:day *:drum =:drum
EXPR: 0 | POS | INT | 22 | 2916 | 2915 | 324.0=((x+1.0)/9.0) | 324.0 x 1.0 + 9.0 / = | 324.0:drum x:drum 1.0:drum +:drum 9.0:day /:drum =:drum
EXPR: 1 | POS | INT | 22 | 2916 | 2916 | (1.0*324.0)=(x/9.0) | 1.0 324.0 * x 9.0 / = | 1.0:picker 324.0:drum *:picker x:picker 9.0:day /:picker =:picker
EXPR: 0 | POS | INT | 22 | 2916 | 315 | ((x/1.0)+9.0)=324.0 | x 1.0 / 9.0 + 324.0 = | x:drum 1.0:picker /:drum 9.0:drum +:drum 324.0:drum =:drum
EXPR: 0 | POS | INT | 22 | 2916 | 36 | (1.0*324.0)=(x*9.0) | 1.0 324.0 * x 9.0 * = | 1.0:picker 324.0:drum *:picker x:picker 9.0:day *:picker =:picker
EXPR: 0 | POS | INT | 22 | 2916 | 315 | ((324.0-x)/1.0)=9.0 | 324.0 x - 1.0 / 9.0 = | 324.0:drum x:drum -:drum 1.0:picker /:drum 9.0:drum =:drum
EXPR: 0 | POS | INT | 22 | 2916 | 35 | 324.0=((1.0+x)*9.0) | 324.0 1.0 x + 9.0 * = | 324.0:drum 1.0:drum x:drum +:drum 9.0:day *:drum =:drum
EXPR: 0 | POS | INT | 22 | 2916 | 2915 | 324.0=((1.0+x)/9.0) | 324.0 1.0 x + 9.0 / = | 324.0:drum 1.0:drum x:drum +:drum 9.0:day /:drum =:drum
EXPR: 0 | POS | INT | 22 | 2916 | 3240 | 1.0=((x/324.0)-9.0) | 1.0 x 324.0 / 9.0 - = | 1.0:day x:day 324.0:drum /:day 9.0:day -:day =:day
EXPR: 0 | POS | INT | 22 | 2916 | 333 | (x-(324.0/1.0))=9.0 | x 324.0 1.0 / - 9.0 = | x:drum 324.0:drum 1.0:picker /:drum -:drum 9.0:drum =:drum
EXPR: 0 | POS | INT | 22 | 2916 | 333 | 1.0=(9.0/(x-324.0)) | 1.0 9.0 x 324.0 - / = | 1.0:day 9.0:day x:drum 324.0:drum -:drum /:day =:day
EXPR: 0 | POS | INT | 22 | 2916 | 315 | (324.0-(1.0*x))=9.0 | 324.0 1.0 x * - 9.0 = | 324.0:drum 1.0:picker x:drum *:drum -:drum 9.0:drum =:drum
EXPR: 0 | POS | INT | 22 | 2916 | 333 | (x-(1.0*9.0))=324.0 | x 1.0 9.0 * - 324.0 = | x:drum 1.0:picker 9.0:drum *:drum -:drum 324.0:drum =:drum
EXPR: 1 | POS | INT | 22 | 2916 | 2916 | (1.0/324.0)=(9.0/x) | 1.0 324.0 / 9.0 x / = | 1.0:day 324.0:drum /:day 9.0:day x:drum /:day =:day
EXPR: 0 | POS | INT | 22 | 2916 | 332 | 1.0=(324.0+(9.0-x)) | 1.0 324.0 9.0 x - + = | 1.0:drum 324.0:drum 9.0:drum x:drum -:drum +:drum =:drum
EXPR: 0 | POS | INT | 22 | 2916 | 315 | 1.0=(x/(324.0-9.0)) | 1.0 x 324.0 9.0 - / = | 1.0:drum x:drum 324.0:day 9.0:day -:day /:drum =:drum
EXPR: 0 | POS | INT | 22 | 2916 | 333 | ((1.0*x)-9.0)=324.0 | 1.0 x * 9.0 - 324.0 = | 1.0:picker x:drum *:drum 9.0:drum -:drum 324.0:drum =:drum
EXPR: 0 | POS | INT | 22 | 2916 | 315 | 1.0=(324.0/(9.0+x)) | 1.0 324.0 9.0 x + / = | 1.0:drum 324.0:drum 9.0:day x:day +:day /:drum =:drum
EXPR: 0 | POS | INT | 22 | 2916 | 333 | 1.0=(x/(324.0+9.0)) | 1.0 x 324.0 9.0 + / = | 1.0:picker x:picker 324.0:drum 9.0:drum +:drum /:picker =:picker
EXPR: 0 | POS | INT | 22 | 2916 | 333 | 324.0=(x-(1.0*9.0)) | 324.0 x 1.0 9.0 * - = | 324.0:drum x:drum 1.0:drum 9.0:day *:drum -:drum =:drum
EXPR: 0 | POS | INT | 30 | 2916 | 333 | x=((1.0*9.0)+324.0) | x 1.0 9.0 * 324.0 + = | x:day 1.0:picker 9.0:day *:day 324.0:day +:day =:day
EXPR: 0 | POS | INT | 30 | 2916 | 314 | (324.0-(1.0+9.0))=x | 324.0 1.0 9.0 + - x = | 324.0:drum 1.0:drum 9.0:drum +:drum -:drum x:drum =:drum
EXPR: 0 | POS | INT | 30 | 2916 | 334 | (324.0+(1.0+9.0))=x | 324.0 1.0 9.0 + + x = | 324.0:drum 1.0:drum 9.0:drum +:drum +:drum x:drum =:drum
EXPR: 0 | POS | INT | 30 | 2916 | 316 | (324.0+(1.0-9.0))=x | 324.0 1.0 9.0 - + x = | 324.0:drum 1.0:drum 9.0:drum -:drum +:drum x:drum =:drum
EXPR: 0 | POS | INT | 30 | 2916 | 332 | (324.0-(1.0-9.0))=x | 324.0 1.0 9.0 - - x = | 324.0:drum 1.0:drum 9.0:drum -:drum -:drum x:drum =:drum
EXPR: 0 | POS | INT | 30 | 2916 | 315 | x=((324.0/1.0)-9.0) | x 324.0 1.0 / 9.0 - = | x:drum 324.0:drum 1.0:day /:drum 9.0:drum -:drum =:drum
EXPR: 0 | POS | INT | 30 | 2916 | 316 | x=(1.0+(324.0-9.0)) | x 1.0 324.0 9.0 - + = | x:picker 1.0:picker 324.0:picker 9.0:picker -:picker +:picker =:picker
EXPR: 0 | POS | INT | 30 | 2916 | 333 | x=((324.0/1.0)+9.0) | x 324.0 1.0 / 9.0 + = | x:drum 324.0:drum 1.0:day /:drum 9.0:drum +:drum =:drum
EXPR: 0 | POS | INT | 30 | 2916 | 316 | (1.0-(9.0-324.0))=x | 1.0 9.0 324.0 - - x = | 1.0:drum 9.0:drum 324.0:drum -:drum -:drum x:drum =:drum
EXPR: 0 | POS | INT | 30 | 2916 | 334 | ((1.0+9.0)+324.0)=x | 1.0 9.0 + 324.0 + x = | 1.0:drum 9.0:drum +:drum 324.0:drum +:drum x:drum =:drum
EXPR: 0 | POS | INT | 30 | 2916 | 316 | ((1.0-9.0)+324.0)=x | 1.0 9.0 - 324.0 + x = | 1.0:drum 9.0:drum -:drum 324.0:drum +:drum x:drum =:drum
EXPR: 0 | POS | INT | 30 | 2916 | 332 | ((324.0-1.0)+9.0)=x | 324.0 1.0 - 9.0 + x = | 324.0:drum 1.0:drum -:drum 9.0:drum +:drum x:drum =:drum
EXPR: 0 | POS | INT | 30 | 2916 | 314 | x=(324.0-(1.0+9.0)) | x 324.0 1.0 9.0 + - = | x:drum 324.0:drum 1.0:drum 9.0:drum +:drum -:drum =:drum
EXPR: 0 | POS | INT | 30 | 2916 | 334 | (1.0+(324.0+9.0))=x | 1.0 324.0 9.0 + + x = | 1.0:picker 324.0:picker 9.0:picker +:picker +:picker x:picker =:picker
EXPR: 0 | POS | INT | 30 | 2916 | 334 | x=(324.0+(1.0+9.0)) | x 324.0 1.0 9.0 + + = | x:drum 324.0:drum 1.0:drum 9.0:drum +:drum +:drum =:drum
EXPR: 0 | POS | INT | 30 | 2916 | 314 | ((324.0-1.0)-9.0)=x | 324.0 1.0 - 9.0 - x = | 324.0:drum 1.0:drum -:drum 9.0:drum -:drum x:drum =:drum
EXPR: 0 | POS | INT | 30 | 2916 | 2907 | ((324.0-1.0)*9.0)=x | 324.0 1.0 - 9.0 * x = | 324.0:drum 1.0:drum -:drum 9.0:picker *:drum x:drum =:drum
EXPR: 0 | POS | INT | 30 | 2916 | 333 | ((324.0/1.0)+9.0)=x | 324.0 1.0 / 9.0 + x = | 324.0:drum 1.0:day /:drum 9.0:drum +:drum x:drum =:drum
EXPR: 0 | POS | INT | 30 | 2916 | 332 | x=((324.0-1.0)+9.0) | x 324.0 1.0 - 9.0 + = | x:drum 324.0:drum 1.0:drum -:drum 9.0:drum +:drum =:drum
EXPR: 0 | POS | INT | 30 | 2916 | 314 | x=((324.0-1.0)-9.0) | x 324.0 1.0 - 9.0 - = | x:drum 324.0:drum 1.0:drum -:drum 9.0:drum -:drum =:drum
EXPR: 0 | POS | INT | 30 | 2916 | 316 | x=(1.0-(9.0-324.0)) | x 1.0 9.0 324.0 - - = | x:drum 1.0:drum 9.0:drum 324.0:drum -:drum -:drum =:drum
EXPR: 0 | POS | INT | 32 | 2916 | 334 | (x-(1.0+324.0))=9.0 | x 1.0 324.0 + - 9.0 = | x:picker 1.0:picker 324.0:picker +:picker -:picker 9.0:picker =:picker
EXPR: 0 | POS | INT | 32 | 2916 | 35 | ((1.0+x)*9.0)=324.0 | 1.0 x + 9.0 * 324.0 = | 1.0:picker x:picker +:picker 9.0:drum *:drum 324.0:drum =:drum
EXPR: 0 | POS | INT | 32 | 2916 | 315 | (1.0*(9.0+x))=324.0 | 1.0 9.0 x + * 324.0 = | 1.0:picker 9.0:day x:day +:day *:picker 324.0:picker =:picker
EXPR: 0 | POS | INT | 32 | 2916 | 2917 | ((x-1.0)/324.0)=9.0 | x 1.0 - 324.0 / 9.0 = | x:drum 1.0:drum -:drum 324.0:day /:drum 9.0:drum =:drum
NET 140 unique, non-negative, integer-valued solutions found out of 1000 total solutions
