parameters: n=7 l=3 k=1 p=5 q=3 m=9
TOTAL 1000 solutions found
SOLN: CORRECT | POS/NEG | INT/FRA | OBJ-SCORE | TRUE-ANS | ANS | INFIX | POSTFIX | TYPED-POSTFIX
EXPR: 0 | POS | INT | 10 | 134 | 170 | x=(34.0*(1.0+4.0)) | x 34.0 1.0 4.0 + * = | x:stamp 34.0:cent 1.0:stamp 4.0:stamp +:stamp *:stamp =:stamp
EXPR: 0 | POS | INT | 10 | 134 | 30 | x=((34.0*1.0)-4.0) | x 34.0 1.0 * 4.0 - = | x:stamp 34.0:cent 1.0:stamp *:stamp 4.0:stamp -:stamp =:stamp
EXPR: 0 | POS | INT | 10 | 134 | 38 | x=((34.0*1.0)+4.0) | x 34.0 1.0 * 4.0 + = | x:stamp 34.0:cent 1.0:stamp *:stamp 4.0:stamp +:stamp =:stamp
EXPR: 0 | POS | INT | 10 | 134 | 30 | ((34.0*1.0)-4.0)=x | 34.0 1.0 * 4.0 - x = | 34.0:cent 1.0:stamp *:stamp 4.0:stamp -:stamp x:stamp =:stamp
EXPR: 0 | POS | INT | 10 | 134 | 38 | ((34.0*1.0)+4.0)=x | 34.0 1.0 * 4.0 + x = | 34.0:cent 1.0:stamp *:stamp 4.0:stamp +:stamp x:stamp =:stamp
EXPR: 0 | POS | INT | 10 | 134 | 170 | (34.0*(1.0+4.0))=x | 34.0 1.0 4.0 + * x = | 34.0:cent 1.0:stamp 4.0:stamp +:stamp *:cent x:cent =:cent
EXPR: 0 | POS | INT | 12 | 134 | 30 | ((34.0*1.0)-x)=4.0 | 34.0 1.0 * x - 4.0 = | 34.0:cent 1.0:stamp *:stamp x:stamp -:stamp 4.0:stamp =:stamp
EXPR: 0 | POS | INT | 12 | 134 | 38 | (x-(34.0*1.0))=4.0 | x 34.0 1.0 * - 4.0 = | x:stamp 34.0:cent 1.0:stamp *:stamp -:stamp 4.0:stamp =:stamp
EXPR: 0 | POS | INT | 12 | 134 | 30 | (34.0-(x*1.0))=4.0 | 34.0 x 1.0 * - 4.0 = | 34.0:stamp x:UK 1.0:stamp *:stamp -:stamp 4.0:stamp =:stamp
EXPR: 0 | POS | INT | 12 | 134 | 170 | 34.0=(x/(1.0+4.0)) | 34.0 x 1.0 4.0 + / = | 34.0:cent x:cent 1.0:stamp 4.0:stamp +:stamp /:cent =:cent
EXPR: 0 | POS | INT | 12 | 134 | 38 | ((x-34.0)*1.0)=4.0 | x 34.0 - 1.0 * 4.0 = | x:cent 34.0:cent -:cent 1.0:stamp *:stamp 4.0:stamp =:stamp
EXPR: 0 | POS | INT | 12 | 134 | 30 | 34.0=((x*1.0)+4.0) | 34.0 x 1.0 * 4.0 + = | 34.0:stamp x:UK 1.0:stamp *:stamp 4.0:stamp +:stamp =:stamp
EXPR: 0 | POS | INT | 12 | 134 | 38 | 34.0=((x*1.0)-4.0) | 34.0 x 1.0 * 4.0 - = | 34.0:stamp x:UK 1.0:stamp *:stamp 4.0:stamp -:stamp =:stamp
EXPR: 0 | POS | INT | 12 | 134 | 102 | ((x/34.0)+1.0)=4.0 | x 34.0 / 1.0 + 4.0 = | x:stamp 34.0:cent /:stamp 1.0:stamp +:stamp 4.0:stamp =:stamp
EXPR: 0 | POS | INT | 12 | 134 | 170 | ((x/34.0)-1.0)=4.0 | x 34.0 / 1.0 - 4.0 = | x:stamp 34.0:cent /:stamp 1.0:stamp -:stamp 4.0:stamp =:stamp
EXPR: 0 | POS | INT | 20 | 134 | 31 | x=((34.0+1.0)-4.0) | x 34.0 1.0 + 4.0 - = | x:stamp 34.0:stamp 1.0:stamp +:stamp 4.0:stamp -:stamp =:stamp
EXPR: 0 | POS | INT | 20 | 134 | 29 | (34.0-(1.0+4.0))=x | 34.0 1.0 4.0 + - x = | 34.0:stamp 1.0:stamp 4.0:stamp +:stamp -:stamp x:stamp =:stamp
EXPR: 0 | POS | INT | 20 | 134 | 37 | (34.0-(1.0-4.0))=x | 34.0 1.0 4.0 - - x = | 34.0:stamp 1.0:stamp 4.0:stamp -:stamp -:stamp x:stamp =:stamp
EXPR: 0 | POS | INT | 20 | 134 | 39 | (34.0+(1.0+4.0))=x | 34.0 1.0 4.0 + + x = | 34.0:stamp 1.0:stamp 4.0:stamp +:stamp +:stamp x:stamp =:stamp
EXPR: 0 | POS | INT | 20 | 134 | 132 | x=((34.0-1.0)*4.0) | x 34.0 1.0 - 4.0 * = | x:cent 34.0:cent 1.0:cent -:cent 4.0:stamp *:cent =:cent
EXPR: 0 | POS | INT | 20 | 134 | 38 | x=((34.0/1.0)+4.0) | x 34.0 1.0 / 4.0 + = | x:cent 34.0:cent 1.0:stamp /:cent 4.0:cent +:cent =:cent
EXPR: 0 | POS | INT | 20 | 134 | 30 | x=((34.0/1.0)-4.0) | x 34.0 1.0 / 4.0 - = | x:cent 34.0:cent 1.0:stamp /:cent 4.0:cent -:cent =:cent
EXPR: 0 | POS | INT | 20 | 134 | 135 | ((34.0*4.0)-1.0)=x | 34.0 4.0 * 1.0 - x = | 34.0:cent 4.0:stamp *:stamp 1.0:stamp -:stamp x:stamp =:stamp
EXPR: 0 | POS | INT | 20 | 134 | 38 | x=(34.0+(1.0*4.0)) | x 34.0 1.0 4.0 * + = | x:cent 34.0:cent 1.0:cent 4.0:stamp *:cent +:cent =:cent
EXPR: 0 | POS | INT | 20 | 134 | 30 | x=(34.0-(1.0*4.0)) | x 34.0 1.0 4.0 * - = | x:cent 34.0:cent 1.0:cent 4.0:stamp *:cent -:cent =:cent
EXPR: 0 | POS | INT | 20 | 134 | 132 | ((34.0-1.0)*4.0)=x | 34.0 1.0 - 4.0 * x = | 34.0:stamp 1.0:stamp -:stamp 4.0:UK *:UK x:UK =:UK
EXPR: 0 | POS | INT | 20 | 134 | 140 | ((34.0+1.0)*4.0)=x | 34.0 1.0 + 4.0 * x = | 34.0:stamp 1.0:stamp +:stamp 4.0:UK *:UK x:UK =:UK
EXPR: 0 | POS | INT | 20 | 134 | 102 | x=(34.0*(4.0-1.0)) | x 34.0 4.0 1.0 - * = | x:stamp 34.0:cent 4.0:stamp 1.0:stamp -:stamp *:stamp =:stamp
EXPR: 0 | POS | INT | 20 | 134 | 137 | ((34.0*4.0)+1.0)=x | 34.0 4.0 * 1.0 + x = | 34.0:cent 4.0:stamp *:stamp 1.0:stamp +:stamp x:stamp =:stamp
EXPR: 0 | POS | INT | 20 | 134 | 102 | (34.0*(4.0-1.0))=x | 34.0 4.0 1.0 - * x = | 34.0:cent 4.0:stamp 1.0:stamp -:stamp *:cent x:cent =:cent
EXPR: 0 | POS | INT | 20 | 134 | 30 | ((34.0/1.0)-4.0)=x | 34.0 1.0 / 4.0 - x = | 34.0:UK 1.0:stamp /:UK 4.0:UK -:UK x:UK =:UK
EXPR: 0 | POS | INT | 20 | 134 | 135 | x=((34.0*4.0)-1.0) | x 34.0 4.0 * 1.0 - = | x:stamp 34.0:cent 4.0:stamp *:stamp 1.0:stamp -:stamp =:stamp
EXPR: 0 | POS | INT | 20 | 134 | 137 | x=((34.0*4.0)+1.0) | x 34.0 4.0 * 1.0 + = | x:stamp 34.0:cent 4.0:stamp *:stamp 1.0:stamp +:stamp =:stamp
EXPR: 0 | POS | INT | 20 | 134 | 31 | (34.0+(1.0-4.0))=x | 34.0 1.0 4.0 - + x = | 34.0:stamp 1.0:stamp 4.0:stamp -:stamp +:stamp x:stamp =:stamp
EXPR: 0 | POS | INT | 20 | 134 | 30 | (34.0-(1.0*4.0))=x | 34.0 1.0 4.0 * - x = | 34.0:UK 1.0:UK 4.0:stamp *:UK -:UK x:UK =:UK
EXPR: 0 | POS | INT | 20 | 134 | 38 | (34.0+(1.0*4.0))=x | 34.0 1.0 4.0 * + x = | 34.0:UK 1.0:stamp 4.0:UK *:UK +:UK x:UK =:UK
EXPR: 0 | POS | INT | 20 | 134 | 38 | ((34.0/1.0)+4.0)=x | 34.0 1.0 / 4.0 + x = | 34.0:cent 1.0:stamp /:cent 4.0:cent +:cent x:cent =:cent
EXPR: 0 | POS | INT | 20 | 134 | 37 | x=((34.0-1.0)+4.0) | x 34.0 1.0 - 4.0 + = | x:stamp 34.0:stamp 1.0:stamp -:stamp 4.0:stamp +:stamp =:stamp
EXPR: 0 | POS | INT | 20 | 134 | 140 | x=((34.0+1.0)*4.0) | x 34.0 1.0 + 4.0 * = | x:UK 34.0:stamp 1.0:stamp +:stamp 4.0:UK *:UK =:UK
EXPR: 0 | POS | INT | 22 | 134 | 30 | 34.0=((1.0*4.0)+x) | 34.0 1.0 4.0 * x + = | 34.0:cent 1.0:cent 4.0:stamp *:cent x:cent +:cent =:cent
EXPR: 0 | POS | INT | 22 | 134 | 30 | ((34.0/1.0)-x)=4.0 | 34.0 1.0 / x - 4.0 = | 34.0:cent 1.0:stamp /:cent x:cent -:cent 4.0:cent =:cent
EXPR: 0 | POS | INT | 22 | 134 | 137 | 34.0=((x-1.0)/4.0) | 34.0 x 1.0 - 4.0 / = | 34.0:cent x:cent 1.0:cent -:cent 4.0:stamp /:cent =:cent
EXPR: 0 | POS | INT | 22 | 134 | 135 | 34.0=((x+1.0)/4.0) | 34.0 x 1.0 + 4.0 / = | 34.0:cent x:cent 1.0:cent +:cent 4.0:stamp /:cent =:cent
EXPR: 0 | POS | INT | 22 | 134 | 170 | 1.0=((x/34.0)-4.0) | 1.0 x 34.0 / 4.0 - = | 1.0:stamp x:stamp 34.0:cent /:stamp 4.0:stamp -:stamp =:stamp
EXPR: 0 | POS | INT | 22 | 134 | 30 | 1.0=((34.0-4.0)/x) | 1.0 34.0 4.0 - x / = | 1.0:stamp 34.0:stamp 4.0:stamp -:stamp x:UK /:stamp =:stamp
EXPR: 0 | POS | INT | 22 | 134 | 38 | 1.0=((34.0+4.0)/x) | 1.0 34.0 4.0 + x / = | 1.0:stamp 34.0:stamp 4.0:stamp +:stamp x:UK /:stamp =:stamp
EXPR: 0 | POS | INT | 22 | 134 | 132 | 34.0=(1.0+(x/4.0)) | 34.0 1.0 x 4.0 / + = | 34.0:UK 1.0:UK x:UK 4.0:stamp /:UK +:UK =:UK
EXPR: 0 | POS | INT | 22 | 134 | 38 | ((x*1.0)-34.0)=4.0 | x 1.0 * 34.0 - 4.0 = | x:UK 1.0:stamp *:stamp 34.0:stamp -:stamp 4.0:stamp =:stamp
EXPR: 0 | POS | INT | 22 | 134 | 136 | (1.0/34.0)=(4.0/x) | 1.0 34.0 / 4.0 x / = | 1.0:stamp 34.0:cent /:stamp 4.0:stamp x:UK /:stamp =:stamp
EXPR: 0 | POS | INT | 22 | 134 | 39 | ((x-34.0)-1.0)=4.0 | x 34.0 - 1.0 - 4.0 = | x:stamp 34.0:stamp -:stamp 1.0:stamp -:stamp 4.0:stamp =:stamp
EXPR: 0 | POS | INT | 22 | 134 | 136 | (x/34.0)=(1.0*4.0) | x 34.0 / 1.0 4.0 * = | x:UK 34.0:cent /:UK 1.0:stamp 4.0:UK *:UK =:UK
EXPR: 0 | POS | INT | 22 | 134 | 135 | 34.0=((1.0+x)/4.0) | 34.0 1.0 x + 4.0 / = | 34.0:UK 1.0:UK x:UK +:UK 4.0:stamp /:UK =:UK
EXPR: 0 | POS | INT | 22 | 134 | 136 | (x*1.0)=(34.0*4.0) | x 1.0 * 34.0 4.0 * = | x:UK 1.0:stamp *:stamp 34.0:cent 4.0:stamp *:stamp =:stamp
EXPR: 0 | POS | INT | 22 | 134 | 39 | (x-(34.0+1.0))=4.0 | x 34.0 1.0 + - 4.0 = | x:stamp 34.0:stamp 1.0:stamp +:stamp -:stamp 4.0:stamp =:stamp
EXPR: 0 | POS | INT | 22 | 134 | 30 | 34.0=(1.0*(4.0+x)) | 34.0 1.0 4.0 x + * = | 34.0:cent 1.0:cent 4.0:stamp x:stamp +:stamp *:cent =:cent
EXPR: 0 | POS | INT | 22 | 134 | 38 | 34.0=((1.0*x)-4.0) | 34.0 1.0 x * 4.0 - = | 34.0:cent 1.0:cent x:UK *:cent 4.0:cent -:cent =:cent
EXPR: 0 | POS | INT | 22 | 134 | 30 | 34.0=((1.0*x)+4.0) | 34.0 1.0 x * 4.0 + = | 34.0:cent 1.0:cent x:UK *:cent 4.0:cent +:cent =:cent
EXPR: 0 | POS | INT | 22 | 134 | 38 | 34.0=((x/1.0)-4.0) | 34.0 x 1.0 / 4.0 - = | 34.0:cent x:cent 1.0:stamp /:cent 4.0:cent -:cent =:cent
EXPR: 0 | POS | INT | 22 | 134 | 30 | 34.0=((x/1.0)+4.0) | 34.0 x 1.0 / 4.0 + = | 34.0:cent x:cent 1.0:stamp /:cent 4.0:cent +:cent =:cent
EXPR: 0 | POS | INT | 22 | 134 | 37 | 34.0=(1.0+(x-4.0)) | 34.0 1.0 x 4.0 - + = | 34.0:stamp 1.0:stamp x:stamp 4.0:stamp -:stamp +:stamp =:stamp
EXPR: 0 | POS | INT | 22 | 134 | 29 | 34.0=(1.0+(x+4.0)) | 34.0 1.0 x 4.0 + + = | 34.0:stamp 1.0:stamp x:stamp 4.0:stamp +:stamp +:stamp =:stamp
EXPR: 0 | POS | INT | 22 | 134 | 30 | (1.0*(34.0-x))=4.0 | 1.0 34.0 x - * 4.0 = | 1.0:stamp 34.0:UK x:UK -:UK *:stamp 4.0:stamp =:stamp
EXPR: 0 | POS | INT | 22 | 134 | 135 | ((1.0+x)/34.0)=4.0 | 1.0 x + 34.0 / 4.0 = | 1.0:stamp x:stamp +:stamp 34.0:cent /:stamp 4.0:stamp =:stamp
EXPR: 0 | POS | INT | 22 | 134 | 38 | ((34.0+4.0)/x)=1.0 | 34.0 4.0 + x / 1.0 = | 34.0:stamp 4.0:stamp +:stamp x:UK /:stamp 1.0:stamp =:stamp
EXPR: 0 | POS | INT | 22 | 134 | 30 | 34.0=(1.0*(x+4.0)) | 34.0 1.0 x 4.0 + * = | 34.0:UK 1.0:stamp x:UK 4.0:UK +:UK *:UK =:UK
EXPR: 0 | POS | INT | 22 | 134 | 37 | ((x-34.0)+1.0)=4.0 | x 34.0 - 1.0 + 4.0 = | x:stamp 34.0:stamp -:stamp 1.0:stamp +:stamp 4.0:stamp =:stamp
EXPR: 0 | POS | INT | 22 | 134 | 30 | (34.0-(1.0*x))=4.0 | 34.0 1.0 x * - 4.0 = | 34.0:cent 1.0:stamp x:cent *:cent -:cent 4.0:cent =:cent
EXPR: 0 | POS | INT | 22 | 134 | 170 | ((x/34.0)-4.0)=1.0 | x 34.0 / 4.0 - 1.0 = | x:stamp 34.0:cent /:stamp 4.0:stamp -:stamp 1.0:stamp =:stamp
EXPR: 0 | POS | INT | 22 | 134 | 30 | 34.0=(x+(1.0*4.0)) | 34.0 x 1.0 4.0 * + = | 34.0:UK x:UK 1.0:stamp 4.0:UK *:UK +:UK =:UK
EXPR: 0 | POS | INT | 22 | 134 | 38 | 34.0=(x-(1.0*4.0)) | 34.0 x 1.0 4.0 * - = | 34.0:UK x:UK 1.0:stamp 4.0:UK *:UK -:UK =:UK
EXPR: 0 | POS | INT | 22 | 134 | 38 | 34.0=(1.0*(x-4.0)) | 34.0 1.0 x 4.0 - * = | 34.0:UK 1.0:stamp x:UK 4.0:UK -:UK *:UK =:UK
EXPR: 0 | POS | INT | 22 | 134 | 30 | ((34.0-4.0)/x)=1.0 | 34.0 4.0 - x / 1.0 = | 34.0:stamp 4.0:stamp -:stamp x:UK /:stamp 1.0:stamp =:stamp
EXPR: 0 | POS | INT | 30 | 134 | 38 | x=(1.0*(34.0+4.0)) | x 1.0 34.0 4.0 + * = | x:UK 1.0:UK 34.0:stamp 4.0:stamp +:stamp *:UK =:UK
EXPR: 0 | POS | INT | 30 | 134 | 30 | ((34.0-4.0)*1.0)=x | 34.0 4.0 - 1.0 * x = | 34.0:stamp 4.0:stamp -:stamp 1.0:UK *:UK x:UK =:UK
EXPR: 0 | POS | INT | 30 | 134 | 38 | ((34.0+4.0)*1.0)=x | 34.0 4.0 + 1.0 * x = | 34.0:stamp 4.0:stamp +:stamp 1.0:UK *:UK x:UK =:UK
EXPR: 0 | POS | INT | 30 | 134 | 29 | ((34.0-1.0)-4.0)=x | 34.0 1.0 - 4.0 - x = | 34.0:cent 1.0:cent -:cent 4.0:cent -:cent x:cent =:cent
EXPR: 0 | POS | INT | 30 | 134 | 30 | x=((34.0-4.0)*1.0) | x 34.0 4.0 - 1.0 * = | x:cent 34.0:cent 4.0:cent -:cent 1.0:stamp *:cent =:cent
EXPR: 0 | POS | INT | 30 | 134 | 38 | x=((34.0+4.0)*1.0) | x 34.0 4.0 + 1.0 * = | x:cent 34.0:cent 4.0:cent +:cent 1.0:stamp *:cent =:cent
EXPR: 0 | POS | INT | 30 | 134 | 30 | x=(1.0*(34.0-4.0)) | x 1.0 34.0 4.0 - * = | x:UK 1.0:UK 34.0:stamp 4.0:stamp -:stamp *:UK =:UK
EXPR: 0 | POS | INT | 30 | 134 | 137 | x=(1.0+(34.0*4.0)) | x 1.0 34.0 4.0 * + = | x:UK 1.0:UK 34.0:UK 4.0:stamp *:UK +:UK =:UK
EXPR: 0 | POS | INT | 30 | 134 | 31 | (1.0+(34.0-4.0))=x | 1.0 34.0 4.0 - + x = | 1.0:stamp 34.0:stamp 4.0:stamp -:stamp +:stamp x:stamp =:stamp
EXPR: 0 | POS | INT | 30 | 134 | 38 | x=(34.0+(4.0/1.0)) | x 34.0 4.0 1.0 / + = | x:cent 34.0:cent 4.0:cent 1.0:stamp /:cent +:cent =:cent
EXPR: 0 | POS | INT | 30 | 134 | 30 | x=(34.0-(4.0/1.0)) | x 34.0 4.0 1.0 / - = | x:cent 34.0:cent 4.0:cent 1.0:stamp /:cent -:cent =:cent
EXPR: 0 | POS | INT | 30 | 134 | 31 | x=((34.0-4.0)+1.0) | x 34.0 4.0 - 1.0 + = | x:stamp 34.0:stamp 4.0:stamp -:stamp 1.0:stamp +:stamp =:stamp
EXPR: 0 | POS | INT | 30 | 134 | 137 | (1.0+(34.0*4.0))=x | 1.0 34.0 4.0 * + x = | 1.0:UK 34.0:UK 4.0:stamp *:UK +:UK x:UK =:UK
EXPR: 0 | POS | INT | 30 | 134 | 38 | ((34.0+4.0)/1.0)=x | 34.0 4.0 + 1.0 / x = | 34.0:UK 4.0:UK +:UK 1.0:stamp /:UK x:UK =:UK
EXPR: 0 | POS | INT | 30 | 134 | 38 | (1.0*(34.0+4.0))=x | 1.0 34.0 4.0 + * x = | 1.0:stamp 34.0:cent 4.0:cent +:cent *:stamp x:stamp =:stamp
EXPR: 0 | POS | INT | 30 | 134 | 30 | (1.0*(34.0-4.0))=x | 1.0 34.0 4.0 - * x = | 1.0:stamp 34.0:cent 4.0:cent -:cent *:stamp x:stamp =:stamp
EXPR: 0 | POS | INT | 30 | 134 | 37 | ((34.0-1.0)+4.0)=x | 34.0 1.0 - 4.0 + x = | 34.0:cent 1.0:cent -:cent 4.0:cent +:cent x:cent =:cent
EXPR: 0 | POS | INT | 30 | 134 | 39 | ((34.0+1.0)+4.0)=x | 34.0 1.0 + 4.0 + x = | 34.0:cent 1.0:cent +:cent 4.0:cent +:cent x:cent =:cent
EXPR: 0 | POS | INT | 30 | 134 | 39 | (1.0+(34.0+4.0))=x | 1.0 34.0 4.0 + + x = | 1.0:stamp 34.0:stamp 4.0:stamp +:stamp +:stamp x:stamp =:stamp
EXPR: 0 | POS | INT | 30 | 134 | 31 | ((34.0+1.0)-4.0)=x | 34.0 1.0 + 4.0 - x = | 34.0:UK 1.0:UK +:UK 4.0:UK -:UK x:UK =:UK
EXPR: 0 | POS | INT | 30 | 134 | 39 | x=((34.0+1.0)+4.0) | x 34.0 1.0 + 4.0 + = | x:UK 34.0:UK 1.0:UK +:UK 4.0:UK +:UK =:UK
EXPR: 0 | POS | INT | 32 | 134 | 38 | 1.0=(34.0/(x-4.0)) | 1.0 34.0 x 4.0 - / = | 1.0:cent 34.0:cent x:UK 4.0:UK -:UK /:cent =:cent
EXPR: 0 | POS | INT | 32 | 134 | 30 | 1.0=(34.0/(x+4.0)) | 1.0 34.0 x 4.0 + / = | 1.0:cent 34.0:cent x:UK 4.0:UK +:UK /:cent =:cent
EXPR: 0 | POS | INT | 32 | 134 | 102 | (x/34.0)=(4.0-1.0) | x 34.0 / 4.0 1.0 - = | x:stamp 34.0:cent /:stamp 4.0:stamp 1.0:stamp -:stamp =:stamp
EXPR: 0 | POS | INT | 32 | 134 | 29 | ((34.0-1.0)-x)=4.0 | 34.0 1.0 - x - 4.0 = | 34.0:cent 1.0:cent -:cent x:cent -:cent 4.0:cent =:cent
EXPR: 0 | POS | INT | 32 | 134 | 38 | (x-(34.0/1.0))=4.0 | x 34.0 1.0 / - 4.0 = | x:stamp 34.0:stamp 1.0:cent /:stamp -:stamp 4.0:stamp =:stamp
EXPR: 0 | POS | INT | 32 | 134 | 30 | 1.0=((34.0-x)/4.0) | 1.0 34.0 x - 4.0 / = | 1.0:cent 34.0:cent x:cent -:cent 4.0:stamp /:cent =:cent
EXPR: 0 | POS | INT | 32 | 134 | 38 | 34.0=((x-4.0)/1.0) | 34.0 x 4.0 - 1.0 / = | 34.0:cent x:cent 4.0:cent -:cent 1.0:stamp /:cent =:cent
EXPR: 0 | POS | INT | 32 | 134 | 30 | 34.0=((x+4.0)/1.0) | 34.0 x 4.0 + 1.0 / = | 34.0:cent x:cent 4.0:cent +:cent 1.0:stamp /:cent =:cent
EXPR: 0 | POS | INT | 32 | 134 | 136 | (34.0*4.0)=(x/1.0) | 34.0 4.0 * x 1.0 / = | 34.0:cent 4.0:UK *:UK x:UK 1.0:stamp /:UK =:UK
EXPR: 0 | POS | INT | 32 | 134 | 136 | (34.0*4.0)=(1.0*x) | 34.0 4.0 * 1.0 x * = | 34.0:cent 4.0:UK *:UK 1.0:stamp x:UK *:UK =:UK
EXPR: 0 | POS | INT | 32 | 134 | 38 | ((1.0*x)-34.0)=4.0 | 1.0 x * 34.0 - 4.0 = | 1.0:cent x:UK *:cent 34.0:cent -:cent 4.0:cent =:cent
EXPR: 0 | POS | INT | 32 | 134 | 39 | ((x-34.0)-4.0)=1.0 | x 34.0 - 4.0 - 1.0 = | x:stamp 34.0:stamp -:stamp 4.0:stamp -:stamp 1.0:stamp =:stamp
EXPR: 0 | POS | INT | 32 | 134 | 37 | ((x+1.0)-34.0)=4.0 | x 1.0 + 34.0 - 4.0 = | x:stamp 1.0:stamp +:stamp 34.0:stamp -:stamp 4.0:stamp =:stamp
EXPR: 0 | POS | INT | 32 | 134 | 30 | 1.0=(34.0/(4.0+x)) | 1.0 34.0 4.0 x + / = | 1.0:cent 34.0:cent 4.0:stamp x:stamp +:stamp /:cent =:cent
EXPR: 0 | POS | INT | 32 | 134 | 30 | 34.0=(4.0+(1.0*x)) | 34.0 4.0 1.0 x * + = | 34.0:UK 4.0:UK 1.0:stamp x:UK *:UK +:UK =:UK
EXPR: 0 | POS | INT | 32 | 134 | 136 | (34.0*4.0)=(x*1.0) | 34.0 4.0 * x 1.0 * = | 34.0:cent 4.0:UK *:UK x:UK 1.0:stamp *:UK =:UK
EXPR: 0 | POS | INT | 32 | 134 | 38 | (1.0*(x-34.0))=4.0 | 1.0 x 34.0 - * 4.0 = | 1.0:stamp x:UK 34.0:UK -:UK *:UK 4.0:UK =:UK
EXPR: 0 | POS | INT | 32 | 134 | 30 | 34.0=((4.0+x)/1.0) | 34.0 4.0 x + 1.0 / = | 34.0:UK 4.0:UK x:UK +:UK 1.0:stamp /:UK =:UK
EXPR: 0 | POS | INT | 32 | 134 | 30 | ((34.0-x)*1.0)=4.0 | 34.0 x - 1.0 * 4.0 = | 34.0:UK x:UK -:UK 1.0:cent *:UK 4.0:UK =:UK
EXPR: 0 | POS | INT | 32 | 134 | 30 | ((34.0-x)/1.0)=4.0 | 34.0 x - 1.0 / 4.0 = | 34.0:UK x:UK -:UK 1.0:cent /:UK 4.0:UK =:UK
EXPR: 0 | POS | INT | 32 | 134 | 39 | ((x-1.0)-34.0)=4.0 | x 1.0 - 34.0 - 4.0 = | x:stamp 1.0:stamp -:stamp 34.0:stamp -:stamp 4.0:stamp =:stamp
EXPR: 0 | POS | INT | 32 | 134 | 140 | (34.0+1.0)=(x/4.0) | 34.0 1.0 + x 4.0 / = | 34.0:UK 1.0:UK +:UK x:UK 4.0:stamp /:UK =:UK
EXPR: 0 | POS | INT | 32 | 134 | 132 | (34.0-1.0)=(x/4.0) | 34.0 1.0 - x 4.0 / = | 34.0:UK 1.0:UK -:UK x:UK 4.0:stamp /:UK =:UK
EXPR: 0 | POS | INT | 32 | 134 | 30 | (34.0-x)=(1.0*4.0) | 34.0 x - 1.0 4.0 * = | 34.0:cent x:cent -:cent 1.0:cent 4.0:stamp *:cent =:cent
EXPR: 0 | POS | INT | 32 | 134 | 30 | 34.0=(4.0+(x*1.0)) | 34.0 4.0 x 1.0 * + = | 34.0:stamp 4.0:stamp x:cent 1.0:stamp *:stamp +:stamp =:stamp
EXPR: 0 | POS | INT | 32 | 134 | 135 | ((34.0*4.0)-x)=1.0 | 34.0 4.0 * x - 1.0 = | 34.0:cent 4.0:UK *:UK x:UK -:UK 1.0:UK =:UK
EXPR: 0 | POS | INT | 32 | 134 | 31 | ((34.0+1.0)-x)=4.0 | 34.0 1.0 + x - 4.0 = | 34.0:cent 1.0:cent +:cent x:cent -:cent 4.0:cent =:cent
EXPR: 0 | POS | INT | 32 | 134 | 30 | (34.0*1.0)=(4.0+x) | 34.0 1.0 * 4.0 x + = | 34.0:cent 1.0:UK *:UK 4.0:UK x:UK +:UK =:UK
EXPR: 0 | POS | INT | 32 | 134 | 37 | (x+(1.0-34.0))=4.0 | x 1.0 34.0 - + 4.0 = | x:stamp 1.0:stamp 34.0:stamp -:stamp +:stamp 4.0:stamp =:stamp
EXPR: 0 | POS | INT | 32 | 134 | 132 | 34.0=((x/4.0)+1.0) | 34.0 x 4.0 / 1.0 + = | 34.0:cent x:cent 4.0:stamp /:cent 1.0:cent +:cent =:cent
EXPR: 0 | POS | INT | 32 | 134 | 37 | (1.0-(34.0-x))=4.0 | 1.0 34.0 x - - 4.0 = | 1.0:stamp 34.0:stamp x:stamp -:stamp -:stamp 4.0:stamp =:stamp
EXPR: 0 | POS | INT | 32 | 134 | 31 | 34.0=(4.0+(x-1.0)) | 34.0 4.0 x 1.0 - + = | 34.0:stamp 4.0:stamp x:stamp 1.0:stamp -:stamp +:stamp =:stamp
EXPR: 0 | POS | INT | 32 | 134 | 38 | (34.0*1.0)=(x-4.0) | 34.0 1.0 * x 4.0 - = | 34.0:cent 1.0:UK *:UK x:UK 4.0:UK -:UK =:UK
EXPR: 0 | POS | INT | 32 | 134 | 30 | (34.0*1.0)=(x+4.0) | 34.0 1.0 * x 4.0 + = | 34.0:cent 1.0:UK *:UK x:UK 4.0:UK +:UK =:UK
EXPR: 0 | POS | INT | 32 | 134 | 137 | (x-(34.0*4.0))=1.0 | x 34.0 4.0 * - 1.0 = | x:UK 34.0:cent 4.0:UK *:UK -:UK 1.0:UK =:UK
EXPR: 0 | POS | INT | 32 | 134 | 31 | (1.0+(34.0-x))=4.0 | 1.0 34.0 x - + 4.0 = | 1.0:stamp 34.0:stamp x:stamp -:stamp +:stamp 4.0:stamp =:stamp
EXPR: 0 | POS | INT | 32 | 134 | 37 | ((1.0+x)-34.0)=4.0 | 1.0 x + 34.0 - 4.0 = | 1.0:stamp x:stamp +:stamp 34.0:stamp -:stamp 4.0:stamp =:stamp
EXPR: 0 | POS | INT | 32 | 134 | 30 | (34.0/(4.0+x))=1.0 | 34.0 4.0 x + / 1.0 = | 34.0:cent 4.0:stamp x:stamp +:stamp /:cent 1.0:cent =:cent
EXPR: 0 | POS | INT | 32 | 134 | 132 | (34.0-(x/4.0))=1.0 | 34.0 x 4.0 / - 1.0 = | 34.0:cent x:cent 4.0:stamp /:cent -:cent 1.0:cent =:cent
EXPR: 0 | POS | INT | 32 | 134 | 29 | 34.0=(4.0+(x+1.0)) | 34.0 4.0 x 1.0 + + = | 34.0:stamp 4.0:stamp x:stamp 1.0:stamp +:stamp +:stamp =:stamp
EXPR: 0 | POS | INT | 32 | 134 | 31 | ((1.0-x)+34.0)=4.0 | 1.0 x - 34.0 + 4.0 = | 1.0:stamp x:stamp -:stamp 34.0:stamp +:stamp 4.0:stamp =:stamp
EXPR: 0 | POS | INT | 32 | 134 | 135 | 1.0=((34.0*4.0)-x) | 1.0 34.0 4.0 * x - = | 1.0:cent 34.0:cent 4.0:stamp *:cent x:cent -:cent =:cent
EXPR: 0 | POS | INT | 32 | 134 | 38 | (x-34.0)=(1.0*4.0) | x 34.0 - 1.0 4.0 * = | x:cent 34.0:cent -:cent 1.0:stamp 4.0:cent *:cent =:cent
EXPR: 0 | POS | INT | 32 | 134 | 38 | 1.0=((x-34.0)/4.0) | 1.0 x 34.0 - 4.0 / = | 1.0:UK x:UK 34.0:UK -:UK 4.0:stamp /:UK =:UK
EXPR: 0 | POS | INT | 32 | 134 | 29 | (34.0-(1.0+x))=4.0 | 34.0 1.0 x + - 4.0 = | 34.0:UK 1.0:UK x:UK +:UK -:UK 4.0:UK =:UK
EXPR: 0 | POS | INT | 32 | 134 | 136 | (1.0*x)=(34.0*4.0) | 1.0 x * 34.0 4.0 * = | 1.0:stamp x:UK *:stamp 34.0:UK 4.0:stamp *:stamp =:stamp
EXPR: 0 | POS | INT | 32 | 134 | 37 | (34.0+(4.0-x))=1.0 | 34.0 4.0 x - + 1.0 = | 34.0:stamp 4.0:stamp x:stamp -:stamp +:stamp 1.0:stamp =:stamp
EXPR: 0 | POS | INT | 35 | 134 | 170 | ((1.0+4.0)*34.0)=x | 1.0 4.0 + 34.0 * x = | 1.0:stamp 4.0:stamp +:stamp 34.0:cent *:stamp x:stamp =:stamp
EXPR: 0 | POS | INT | 35 | 134 | 170 | x=((1.0+4.0)*34.0) | x 1.0 4.0 + 34.0 * = | x:UK 1.0:stamp 4.0:stamp +:stamp 34.0:UK *:UK =:UK
EXPR: 0 | POS | INT | 37 | 134 | 30 | 1.0=(4.0/(34.0-x)) | 1.0 4.0 34.0 x - / = | 1.0:stamp 4.0:stamp 34.0:cent x:cent -:cent /:stamp =:stamp
EXPR: 0 | POS | INT | 37 | 134 | 102 | 4.0=((x/34.0)+1.0) | 4.0 x 34.0 / 1.0 + = | 4.0:stamp x:stamp 34.0:cent /:stamp 1.0:stamp +:stamp =:stamp
EXPR: 0 | POS | INT | 37 | 134 | 170 | 4.0=((x/34.0)-1.0) | 4.0 x 34.0 / 1.0 - = | 4.0:stamp x:stamp 34.0:cent /:stamp 1.0:stamp -:stamp =:stamp
EXPR: 0 | POS | INT | 37 | 134 | 38 | 4.0=((x-34.0)*1.0) | 4.0 x 34.0 - 1.0 * = | 4.0:stamp x:UK 34.0:UK -:UK 1.0:stamp *:stamp =:stamp
EXPR: 0 | POS | INT | 37 | 134 | 38 | 1.0=(4.0/(x-34.0)) | 1.0 4.0 x 34.0 - / = | 1.0:stamp 4.0:stamp x:UK 34.0:UK -:UK /:stamp =:stamp
NET 147 unique, non-negative, integer-valued solutions found out of 1000 total solutions
