parameters: n=7 l=3 k=1 p=5 q=3 m=9
TOTAL 1000 solutions found
SOLN: CORRECT | POS/NEG | INT/FRA | OBJ-SCORE | TRUE-ANS | ANS | INFIX | POSTFIX | TYPED-POSTFIX
EXPR: 0 | POS | INT | 10 | 6 | 86 | (16.0+(14.0*5.0))=x | 16.0 14.0 5.0 * + x = | 16.0:pie 14.0:apple 5.0:pie *:pie +:pie x:pie =:pie
EXPR: 0 | POS | INT | 10 | 6 | 219 | ((16.0*14.0)-5.0)=x | 16.0 14.0 * 5.0 - x = | 16.0:pie 14.0:apple *:pie 5.0:pie -:pie x:pie =:pie
EXPR: 0 | POS | INT | 10 | 6 | 86 | x=(16.0+(14.0*5.0)) | x 16.0 14.0 5.0 * + = | x:pie 16.0:pie 14.0:apple 5.0:pie *:pie +:pie =:pie
EXPR: 0 | POS | INT | 10 | 6 | 229 | ((16.0*14.0)+5.0)=x | 16.0 14.0 * 5.0 + x = | 16.0:pie 14.0:apple *:pie 5.0:pie +:pie x:pie =:pie
EXPR: 0 | POS | INT | 10 | 6 | 229 | x=((16.0*14.0)+5.0) | x 16.0 14.0 * 5.0 + = | x:pie 16.0:pie 14.0:apple *:pie 5.0:pie +:pie =:pie
EXPR: 0 | POS | INT | 10 | 6 | 219 | x=((16.0*14.0)-5.0) | x 16.0 14.0 * 5.0 - = | x:pie 16.0:pie 14.0:apple *:pie 5.0:pie -:pie =:pie
EXPR: 0 | POS | INT | 12 | 6 | 86 | 16.0=(x-(14.0*5.0)) | 16.0 x 14.0 5.0 * - = | 16.0:pie x:pie 14.0:apple 5.0:pie *:pie -:pie =:pie
EXPR: 0 | POS | INT | 12 | 6 | 54 | 16.0=((14.0*5.0)-x) | 16.0 14.0 5.0 * x - = | 16.0:pie 14.0:apple 5.0:pie *:pie x:pie -:pie =:pie
EXPR: 0 | POS | INT | 12 | 6 | 154 | (16.0-(x/14.0))=5.0 | 16.0 x 14.0 / - 5.0 = | 16.0:pie x:pie 14.0:apple /:pie -:pie 5.0:pie =:pie
EXPR: 0 | POS | INT | 12 | 6 | 229 | (x-(16.0*14.0))=5.0 | x 16.0 14.0 * - 5.0 = | x:pie 16.0:pie 14.0:apple *:pie -:pie 5.0:pie =:pie
EXPR: 1 | POS | INT | 12 | 6 | 6 | ((16.0+14.0)/x)=5.0 | 16.0 14.0 + x / 5.0 = | 16.0:pie 14.0:pie +:pie x:row /:pie 5.0:pie =:pie
EXPR: 0 | POS | INT | 12 | 6 | 54 | ((x+16.0)/14.0)=5.0 | x 16.0 + 14.0 / 5.0 = | x:pie 16.0:pie +:pie 14.0:apple /:pie 5.0:pie =:pie
EXPR: 0 | POS | INT | 12 | 6 | 219 | ((16.0*14.0)-x)=5.0 | 16.0 14.0 * x - 5.0 = | 16.0:pie 14.0:apple *:pie x:pie -:pie 5.0:pie =:pie
EXPR: 0 | POS | INT | 12 | 6 | 54 | ((16.0+x)/14.0)=5.0 | 16.0 x + 14.0 / 5.0 = | 16.0:pie x:pie +:pie 14.0:apple /:pie 5.0:pie =:pie
EXPR: 0 | POS | INT | 12 | 6 | 86 | ((x-16.0)/14.0)=5.0 | x 16.0 - 14.0 / 5.0 = | x:pie 16.0:pie -:pie 14.0:apple /:pie 5.0:pie =:pie
EXPR: 0 | POS | INT | 20 | 6 | 154 | x=((16.0-5.0)*14.0) | x 16.0 5.0 - 14.0 * = | x:pie 16.0:pie 5.0:pie -:pie 14.0:apple *:pie =:pie
EXPR: 0 | POS | INT | 20 | 6 | 7 | x=((16.0-14.0)+5.0) | x 16.0 14.0 - 5.0 + = | x:pie 16.0:pie 14.0:pie -:pie 5.0:pie +:pie =:pie
EXPR: 0 | POS | INT | 20 | 6 | 10 | ((16.0-14.0)*5.0)=x | 16.0 14.0 - 5.0 * x = | 16.0:row 14.0:row -:row 5.0:pie *:row x:row =:row
EXPR: 0 | POS | INT | 20 | 6 | 144 | x=(16.0*(14.0-5.0)) | x 16.0 14.0 5.0 - * = | x:row 16.0:pie 14.0:row 5.0:row -:row *:row =:row
EXPR: 0 | POS | INT | 20 | 6 | 304 | x=(16.0*(14.0+5.0)) | x 16.0 14.0 5.0 + * = | x:row 16.0:pie 14.0:row 5.0:row +:row *:row =:row
EXPR: 0 | POS | INT | 20 | 6 | 150 | ((16.0+14.0)*5.0)=x | 16.0 14.0 + 5.0 * x = | 16.0:row 14.0:row +:row 5.0:pie *:row x:row =:row
EXPR: 1 | POS | INT | 20 | 6 | 6 | x=((16.0+14.0)/5.0) | x 16.0 14.0 + 5.0 / = | x:row 16.0:row 14.0:row +:row 5.0:pie /:row =:row
EXPR: 0 | POS | INT | 20 | 6 | 10 | x=((16.0-14.0)*5.0) | x 16.0 14.0 - 5.0 * = | x:apple 16.0:apple 14.0:apple -:apple 5.0:pie *:apple =:apple
EXPR: 0 | POS | INT | 20 | 6 | 294 | x=((16.0+5.0)*14.0) | x 16.0 5.0 + 14.0 * = | x:pie 16.0:pie 5.0:pie +:pie 14.0:apple *:pie =:pie
EXPR: 0 | POS | INT | 20 | 6 | 144 | (16.0*(14.0-5.0))=x | 16.0 14.0 5.0 - * x = | 16.0:row 14.0:pie 5.0:pie -:pie *:row x:row =:row
EXPR: 0 | POS | INT | 20 | 6 | 25 | x=((16.0+14.0)-5.0) | x 16.0 14.0 + 5.0 - = | x:pie 16.0:pie 14.0:pie +:pie 5.0:pie -:pie =:pie
EXPR: 0 | POS | INT | 20 | 6 | 35 | x=((16.0+14.0)+5.0) | x 16.0 14.0 + 5.0 + = | x:pie 16.0:pie 14.0:pie +:pie 5.0:pie +:pie =:pie
EXPR: 0 | POS | INT | 20 | 6 | 150 | x=((16.0+14.0)*5.0) | x 16.0 14.0 + 5.0 * = | x:row 16.0:pie 14.0:pie +:pie 5.0:row *:row =:row
EXPR: 0 | POS | INT | 20 | 6 | 154 | (14.0*(16.0-5.0))=x | 14.0 16.0 5.0 - * x = | 14.0:row 16.0:pie 5.0:pie -:pie *:row x:row =:row
EXPR: 0 | POS | INT | 20 | 6 | 154 | x=(14.0*(16.0-5.0)) | x 14.0 16.0 5.0 - * = | x:row 14.0:row 16.0:pie 5.0:pie -:pie *:row =:row
EXPR: 0 | POS | INT | 20 | 6 | 294 | x=(14.0*(16.0+5.0)) | x 14.0 16.0 5.0 + * = | x:pie 14.0:apple 16.0:pie 5.0:pie +:pie *:pie =:pie
EXPR: 0 | POS | INT | 20 | 6 | 35 | ((16.0+14.0)+5.0)=x | 16.0 14.0 + 5.0 + x = | 16.0:pie 14.0:pie +:pie 5.0:pie +:pie x:pie =:pie
EXPR: 0 | POS | INT | 20 | 6 | 294 | ((16.0+5.0)*14.0)=x | 16.0 5.0 + 14.0 * x = | 16.0:pie 5.0:pie +:pie 14.0:apple *:pie x:pie =:pie
EXPR: 0 | POS | INT | 20 | 6 | 154 | ((16.0-5.0)*14.0)=x | 16.0 5.0 - 14.0 * x = | 16.0:pie 5.0:pie -:pie 14.0:apple *:pie x:pie =:pie
EXPR: 0 | POS | INT | 20 | 6 | 25 | x=(16.0+(14.0-5.0)) | x 16.0 14.0 5.0 - + = | x:pie 16.0:pie 14.0:pie 5.0:pie -:pie +:pie =:pie
EXPR: 0 | POS | INT | 20 | 6 | 7 | x=(16.0-(14.0-5.0)) | x 16.0 14.0 5.0 - - = | x:pie 16.0:pie 14.0:pie 5.0:pie -:pie -:pie =:pie
EXPR: 0 | POS | INT | 20 | 6 | 25 | ((16.0+14.0)-5.0)=x | 16.0 14.0 + 5.0 - x = | 16.0:pie 14.0:pie +:pie 5.0:pie -:pie x:pie =:pie
EXPR: 0 | POS | INT | 20 | 6 | 7 | ((16.0-14.0)+5.0)=x | 16.0 14.0 - 5.0 + x = | 16.0:pie 14.0:pie -:pie 5.0:pie +:pie x:pie =:pie
EXPR: 0 | POS | INT | 20 | 6 | 304 | (16.0*(14.0+5.0))=x | 16.0 14.0 5.0 + * x = | 16.0:pie 14.0:apple 5.0:apple +:apple *:pie x:pie =:pie
EXPR: 1 | POS | INT | 20 | 6 | 6 | ((16.0+14.0)/5.0)=x | 16.0 14.0 + 5.0 / x = | 16.0:row 14.0:row +:row 5.0:pie /:row x:row =:row
EXPR: 0 | POS | INT | 20 | 6 | 294 | (14.0*(16.0+5.0))=x | 14.0 16.0 5.0 + * x = | 14.0:row 16.0:pie 5.0:pie +:pie *:row x:row =:row
EXPR: 0 | POS | INT | 20 | 6 | 35 | (16.0+(14.0+5.0))=x | 16.0 14.0 5.0 + + x = | 16.0:pie 14.0:pie 5.0:pie +:pie +:pie x:pie =:pie
EXPR: 0 | POS | INT | 20 | 6 | 25 | (16.0+(14.0-5.0))=x | 16.0 14.0 5.0 - + x = | 16.0:pie 14.0:pie 5.0:pie -:pie +:pie x:pie =:pie
EXPR: 0 | POS | INT | 20 | 6 | 7 | (16.0-(14.0-5.0))=x | 16.0 14.0 5.0 - - x = | 16.0:pie 14.0:pie 5.0:pie -:pie -:pie x:pie =:pie
EXPR: 0 | POS | INT | 22 | 6 | 144 | 16.0=(x/(14.0-5.0)) | 16.0 x 14.0 5.0 - / = | 16.0:row x:row 14.0:apple 5.0:apple -:apple /:row =:row
EXPR: 0 | POS | INT | 22 | 6 | 294 | (x/(16.0+5.0))=14.0 | x 16.0 5.0 + / 14.0 = | x:row 16.0:pie 5.0:pie +:pie /:row 14.0:row =:row
EXPR: 0 | POS | INT | 22 | 6 | 3 | (x+(16.0-14.0))=5.0 | x 16.0 14.0 - + 5.0 = | x:pie 16.0:pie 14.0:pie -:pie +:pie 5.0:pie =:pie
EXPR: 0 | POS | INT | 22 | 6 | 25 | 16.0=((x-14.0)+5.0) | 16.0 x 14.0 - 5.0 + = | 16.0:pie x:pie 14.0:pie -:pie 5.0:pie +:pie =:pie
EXPR: 0 | POS | INT | 22 | 6 | 10 | (x/(16.0-14.0))=5.0 | x 16.0 14.0 - / 5.0 = | x:row 16.0:apple 14.0:apple -:apple /:row 5.0:row =:row
EXPR: 0 | POS | INT | 22 | 6 | 1120 | (16.0*14.0)=(x/5.0) | 16.0 14.0 * x 5.0 / = | 16.0:pie 14.0:row *:row x:row 5.0:pie /:row =:row
EXPR: 0 | POS | INT | 22 | 6 | 154 | 14.0=(x/(16.0-5.0)) | 14.0 x 16.0 5.0 - / = | 14.0:row x:row 16.0:pie 5.0:pie -:pie /:row =:row
EXPR: 0 | POS | INT | 22 | 6 | 10 | 16.0=(14.0+(x/5.0)) | 16.0 14.0 x 5.0 / + = | 16.0:row 14.0:row x:row 5.0:pie /:row +:row =:row
EXPR: 0 | POS | INT | 22 | 6 | 154 | (x/(16.0-5.0))=14.0 | x 16.0 5.0 - / 14.0 = | x:apple 16.0:pie 5.0:pie -:pie /:apple 14.0:apple =:apple
EXPR: 0 | POS | INT | 22 | 6 | 304 | 16.0=(x/(14.0+5.0)) | 16.0 x 14.0 5.0 + / = | 16.0:row x:row 14.0:pie 5.0:pie +:pie /:row =:row
EXPR: 0 | POS | INT | 22 | 6 | 66 | 16.0=((x+14.0)/5.0) | 16.0 x 14.0 + 5.0 / = | 16.0:row x:row 14.0:row +:row 5.0:pie /:row =:row
EXPR: 0 | POS | INT | 22 | 6 | 94 | 16.0=((x-14.0)/5.0) | 16.0 x 14.0 - 5.0 / = | 16.0:row x:row 14.0:row -:row 5.0:pie /:row =:row
EXPR: 0 | POS | INT | 22 | 6 | 304 | ((x/16.0)-14.0)=5.0 | x 16.0 / 14.0 - 5.0 = | x:row 16.0:pie /:row 14.0:row -:row 5.0:row =:row
EXPR: 0 | POS | INT | 22 | 6 | 7 | 16.0=(x+(14.0-5.0)) | 16.0 x 14.0 5.0 - + = | 16.0:pie x:pie 14.0:pie 5.0:pie -:pie +:pie =:pie
EXPR: 0 | POS | INT | 22 | 6 | 7 | (x-(16.0-14.0))=5.0 | x 16.0 14.0 - - 5.0 = | x:pie 16.0:pie 14.0:pie -:pie -:pie 5.0:pie =:pie
EXPR: 0 | POS | INT | 22 | 6 | 35 | (x-(16.0+14.0))=5.0 | x 16.0 14.0 + - 5.0 = | x:pie 16.0:pie 14.0:pie +:pie -:pie 5.0:pie =:pie
EXPR: 1 | POS | INT | 22 | 6 | 6 | 16.0=((x*5.0)-14.0) | 16.0 x 5.0 * 14.0 - = | 16.0:pie x:row 5.0:pie *:pie 14.0:pie -:pie =:pie
EXPR: 0 | POS | INT | 22 | 6 | 7 | 16.0=((14.0+x)-5.0) | 16.0 14.0 x + 5.0 - = | 16.0:pie 14.0:pie x:pie +:pie 5.0:pie -:pie =:pie
EXPR: 0 | POS | INT | 22 | 6 | 7 | 16.0=((14.0-5.0)+x) | 16.0 14.0 5.0 - x + = | 16.0:pie 14.0:pie 5.0:pie -:pie x:pie +:pie =:pie
EXPR: 0 | POS | INT | 22 | 6 | 54 | (16.0+x)=(14.0*5.0) | 16.0 x + 14.0 5.0 * = | 16.0:pie x:pie +:pie 14.0:apple 5.0:pie *:pie =:pie
EXPR: 0 | POS | INT | 22 | 6 | 294 | 16.0=((x/14.0)-5.0) | 16.0 x 14.0 / 5.0 - = | 16.0:row x:row 14.0:apple /:row 5.0:row -:row =:row
EXPR: 0 | POS | INT | 22 | 6 | 7 | 16.0=(14.0+(x-5.0)) | 16.0 14.0 x 5.0 - + = | 16.0:pie 14.0:pie x:pie 5.0:pie -:pie +:pie =:pie
EXPR: 0 | POS | INT | 22 | 6 | 150 | (x/(16.0+14.0))=5.0 | x 16.0 14.0 + / 5.0 = | x:pie 16.0:apple 14.0:apple +:apple /:pie 5.0:pie =:pie
EXPR: 0 | POS | INT | 22 | 6 | 25 | (16.0+(14.0-x))=5.0 | 16.0 14.0 x - + 5.0 = | 16.0:pie 14.0:pie x:pie -:pie +:pie 5.0:pie =:pie
EXPR: 0 | POS | INT | 22 | 6 | 3 | (16.0-(14.0-x))=5.0 | 16.0 14.0 x - - 5.0 = | 16.0:pie 14.0:pie x:pie -:pie -:pie 5.0:pie =:pie
EXPR: 0 | POS | INT | 22 | 6 | 154 | 16.0=((x/14.0)+5.0) | 16.0 x 14.0 / 5.0 + = | 16.0:row x:row 14.0:apple /:row 5.0:row +:row =:row
EXPR: 0 | POS | INT | 22 | 6 | 86 | (x-16.0)=(14.0*5.0) | x 16.0 - 14.0 5.0 * = | x:pie 16.0:pie -:pie 14.0:apple 5.0:pie *:pie =:pie
EXPR: 0 | POS | INT | 22 | 6 | 54 | (x+16.0)=(14.0*5.0) | x 16.0 + 14.0 5.0 * = | x:pie 16.0:pie +:pie 14.0:apple 5.0:pie *:pie =:pie
EXPR: 0 | POS | INT | 22 | 6 | 294 | 14.0=(x/(16.0+5.0)) | 14.0 x 16.0 5.0 + / = | 14.0:apple x:apple 16.0:pie 5.0:pie +:pie /:apple =:apple
EXPR: 0 | POS | INT | 22 | 6 | 7 | 16.0=((x+14.0)-5.0) | 16.0 x 14.0 + 5.0 - = | 16.0:pie x:pie 14.0:pie +:pie 5.0:pie -:pie =:pie
EXPR: 0 | POS | INT | 22 | 6 | 3 | ((16.0+x)-14.0)=5.0 | 16.0 x + 14.0 - 5.0 = | 16.0:pie x:pie +:pie 14.0:pie -:pie 5.0:pie =:pie
EXPR: 0 | POS | INT | 22 | 6 | 3 | ((16.0-14.0)+x)=5.0 | 16.0 14.0 - x + 5.0 = | 16.0:pie 14.0:pie -:pie x:pie +:pie 5.0:pie =:pie
EXPR: 0 | POS | INT | 22 | 6 | 25 | ((16.0+14.0)-x)=5.0 | 16.0 14.0 + x - 5.0 = | 16.0:pie 14.0:pie +:pie x:pie -:pie 5.0:pie =:pie
EXPR: 0 | POS | INT | 22 | 6 | 66 | 16.0=((14.0+x)/5.0) | 16.0 14.0 x + 5.0 / = | 16.0:row 14.0:row x:row +:row 5.0:pie /:row =:row
EXPR: 0 | POS | INT | 22 | 6 | 3 | 16.0=(14.0-(x-5.0)) | 16.0 14.0 x 5.0 - - = | 16.0:pie 14.0:pie x:pie 5.0:pie -:pie -:pie =:pie
EXPR: 0 | POS | INT | 22 | 6 | 35 | 16.0=(x-(14.0+5.0)) | 16.0 x 14.0 5.0 + - = | 16.0:pie x:pie 14.0:pie 5.0:pie +:pie -:pie =:pie
EXPR: 0 | POS | INT | 30 | 6 | 25 | x=(16.0-(5.0-14.0)) | x 16.0 5.0 14.0 - - = | x:pie 16.0:pie 5.0:pie 14.0:pie -:pie -:pie =:pie
EXPR: 0 | POS | INT | 30 | 6 | 94 | x=((16.0*5.0)+14.0) | x 16.0 5.0 * 14.0 + = | x:apple 16.0:apple 5.0:pie *:apple 14.0:apple +:apple =:apple
EXPR: 0 | POS | INT | 30 | 6 | 66 | x=((16.0*5.0)-14.0) | x 16.0 5.0 * 14.0 - = | x:apple 16.0:apple 5.0:pie *:apple 14.0:apple -:apple =:apple
EXPR: 0 | POS | INT | 30 | 6 | 94 | x=(14.0+(16.0*5.0)) | x 14.0 16.0 5.0 * + = | x:apple 14.0:apple 16.0:apple 5.0:pie *:apple +:apple =:apple
EXPR: 0 | POS | INT | 30 | 6 | 3 | x=((14.0-16.0)+5.0) | x 14.0 16.0 - 5.0 + = | x:pie 14.0:pie 16.0:pie -:pie 5.0:pie +:pie =:pie
EXPR: 0 | POS | INT | 30 | 6 | 7 | ((16.0+5.0)-14.0)=x | 16.0 5.0 + 14.0 - x = | 16.0:pie 5.0:pie +:pie 14.0:pie -:pie x:pie =:pie
EXPR: 0 | POS | INT | 30 | 6 | 94 | (14.0+(16.0*5.0))=x | 14.0 16.0 5.0 * + x = | 14.0:row 16.0:pie 5.0:row *:row +:row x:row =:row
EXPR: 0 | POS | INT | 30 | 6 | 35 | x=(16.0+(14.0+5.0)) | x 16.0 14.0 5.0 + + = | x:row 16.0:row 14.0:row 5.0:row +:row +:row =:row
EXPR: 0 | POS | INT | 30 | 6 | 7 | (16.0+(5.0-14.0))=x | 16.0 5.0 14.0 - + x = | 16.0:pie 5.0:pie 14.0:pie -:pie +:pie x:pie =:pie
EXPR: 0 | POS | INT | 30 | 6 | 7 | x=(16.0+(5.0-14.0)) | x 16.0 5.0 14.0 - + = | x:pie 16.0:pie 5.0:pie 14.0:pie -:pie +:pie =:pie
EXPR: 0 | POS | INT | 30 | 6 | 66 | ((16.0*5.0)-14.0)=x | 16.0 5.0 * 14.0 - x = | 16.0:row 5.0:pie *:row 14.0:row -:row x:row =:row
EXPR: 0 | POS | INT | 30 | 6 | 94 | ((16.0*5.0)+14.0)=x | 16.0 5.0 * 14.0 + x = | 16.0:row 5.0:pie *:row 14.0:row +:row x:row =:row
EXPR: 0 | POS | INT | 30 | 6 | 25 | (16.0-(5.0-14.0))=x | 16.0 5.0 14.0 - - x = | 16.0:pie 5.0:pie 14.0:pie -:pie -:pie x:pie =:pie
EXPR: 0 | POS | INT | 30 | 6 | 35 | ((16.0+5.0)+14.0)=x | 16.0 5.0 + 14.0 + x = | 16.0:pie 5.0:pie +:pie 14.0:pie +:pie x:pie =:pie
EXPR: 0 | POS | INT | 30 | 6 | 3 | ((14.0-16.0)+5.0)=x | 14.0 16.0 - 5.0 + x = | 14.0:pie 16.0:pie -:pie 5.0:pie +:pie x:pie =:pie
EXPR: 0 | POS | INT | 30 | 6 | 25 | x=(14.0+(16.0-5.0)) | x 14.0 16.0 5.0 - + = | x:pie 14.0:pie 16.0:pie 5.0:pie -:pie +:pie =:pie
EXPR: 0 | POS | INT | 30 | 6 | 3 | x=(14.0-(16.0-5.0)) | x 14.0 16.0 5.0 - - = | x:pie 14.0:pie 16.0:pie 5.0:pie -:pie -:pie =:pie
EXPR: 0 | POS | INT | 30 | 6 | 35 | x=(14.0+(16.0+5.0)) | x 14.0 16.0 5.0 + + = | x:pie 14.0:pie 16.0:pie 5.0:pie +:pie +:pie =:pie
EXPR: 0 | POS | INT | 30 | 6 | 7 | x=((16.0+5.0)-14.0) | x 16.0 5.0 + 14.0 - = | x:pie 16.0:pie 5.0:pie +:pie 14.0:pie -:pie =:pie
EXPR: 0 | POS | INT | 30 | 6 | 35 | x=((16.0+5.0)+14.0) | x 16.0 5.0 + 14.0 + = | x:pie 16.0:pie 5.0:pie +:pie 14.0:pie +:pie =:pie
NET 100 unique, non-negative, integer-valued solutions found out of 1000 total solutions
