parameters: n=7 l=3 k=1 p=5 q=3 m=9
TOTAL 1000 solutions found
SOLN: CORRECT | POS/NEG | INT/FRA | OBJ-SCORE | TRUE-ANS | ANS | INFIX | POSTFIX | TYPED-POSTFIX
EXPR: 0 | POS | INT | 10 | 2.5 | 5 | (5.0*(2.0-1.0))=x | 5.0 2.0 1.0 - * x = | 5.0:cup 2.0:loaf 1.0:loaf -:loaf *:cup x:cup =:cup
EXPR: 0 | POS | INT | 10 | 2.5 | 5 | x=(5.0/(2.0-1.0)) | x 5.0 2.0 1.0 - / = | x:cup 5.0:cup 2.0:loaf 1.0:loaf -:loaf /:cup =:cup
EXPR: 0 | POS | INT | 10 | 2.5 | 5 | x=(5.0*(2.0-1.0)) | x 5.0 2.0 1.0 - * = | x:loaf 5.0:cup 2.0:loaf 1.0:loaf -:loaf *:loaf =:loaf
EXPR: 0 | POS | INT | 10 | 2.5 | 15 | x=(5.0*(2.0+1.0)) | x 5.0 2.0 1.0 + * = | x:loaf 5.0:cup 2.0:loaf 1.0:loaf +:loaf *:loaf =:loaf
EXPR: 0 | POS | INT | 10 | 2.5 | 9 | x=((5.0*2.0)-1.0) | x 5.0 2.0 * 1.0 - = | x:loaf 5.0:cup 2.0:loaf *:loaf 1.0:loaf -:loaf =:loaf
EXPR: 0 | POS | INT | 10 | 2.5 | 11 | x=((5.0*2.0)+1.0) | x 5.0 2.0 * 1.0 + = | x:loaf 5.0:cup 2.0:loaf *:loaf 1.0:loaf +:loaf =:loaf
EXPR: 0 | POS | INT | 10 | 2.5 | 9 | ((5.0*2.0)-1.0)=x | 5.0 2.0 * 1.0 - x = | 5.0:cup 2.0:loaf *:loaf 1.0:loaf -:loaf x:loaf =:loaf
EXPR: 0 | POS | INT | 10 | 2.5 | 11 | ((5.0*2.0)+1.0)=x | 5.0 2.0 * 1.0 + x = | 5.0:cup 2.0:loaf *:loaf 1.0:loaf +:loaf x:loaf =:loaf
EXPR: 0 | POS | INT | 10 | 2.5 | 5 | (5.0/(2.0-1.0))=x | 5.0 2.0 1.0 - / x = | 5.0:cup 2.0:loaf 1.0:loaf -:loaf /:cup x:cup =:cup
EXPR: 0 | POS | INT | 10 | 2.5 | 15 | (5.0*(2.0+1.0))=x | 5.0 2.0 1.0 + * x = | 5.0:flour 2.0:loaf 1.0:loaf +:loaf *:flour x:flour =:flour
EXPR: 0 | POS | INT | 12 | 2.5 | 9 | ((5.0*2.0)-x)=1.0 | 5.0 2.0 * x - 1.0 = | 5.0:cup 2.0:loaf *:loaf x:loaf -:loaf 1.0:loaf =:loaf
EXPR: 0 | POS | INT | 12 | 2.5 | 11 | (x-(5.0*2.0))=1.0 | x 5.0 2.0 * - 1.0 = | x:loaf 5.0:cup 2.0:loaf *:loaf -:loaf 1.0:loaf =:loaf
EXPR: 0 | POS | INT | 12 | 2.5 | 2 | (5.0-(x*2.0))=1.0 | 5.0 x 2.0 * - 1.0 = | 5.0:loaf x:flour 2.0:loaf *:loaf -:loaf 1.0:loaf =:loaf
EXPR: 0 | POS | INT | 12 | 2.5 | 5 | 5.0=(x/(2.0-1.0)) | 5.0 x 2.0 1.0 - / = | 5.0:cup x:cup 2.0:loaf 1.0:loaf -:loaf /:cup =:cup
EXPR: 0 | POS | INT | 12 | 2.5 | 15 | 5.0=(x/(2.0+1.0)) | 5.0 x 2.0 1.0 + / = | 5.0:cup x:cup 2.0:loaf 1.0:loaf +:loaf /:cup =:cup
EXPR: 0 | POS | INT | 12 | 2.5 | 2 | 5.0=((x*2.0)+1.0) | 5.0 x 2.0 * 1.0 + = | 5.0:loaf x:flour 2.0:loaf *:loaf 1.0:loaf +:loaf =:loaf
EXPR: 0 | POS | INT | 12 | 2.5 | 3 | ((5.0-2.0)/x)=1.0 | 5.0 2.0 - x / 1.0 = | 5.0:loaf 2.0:loaf -:loaf x:flour /:loaf 1.0:loaf =:loaf
EXPR: 0 | POS | INT | 12 | 2.5 | 7 | ((5.0+2.0)/x)=1.0 | 5.0 2.0 + x / 1.0 = | 5.0:loaf 2.0:loaf +:loaf x:flour /:loaf 1.0:loaf =:loaf
EXPR: 0 | POS | INT | 12 | 2.5 | 5 | 5.0=((2.0-1.0)*x) | 5.0 2.0 1.0 - x * = | 5.0:flour 2.0:loaf 1.0:loaf -:loaf x:flour *:flour =:flour
EXPR: 0 | POS | INT | 12 | 2.5 | 3 | 5.0=(2.0+(1.0*x)) | 5.0 2.0 1.0 x * + = | 5.0:loaf 2.0:loaf 1.0:loaf x:flour *:loaf +:loaf =:loaf
EXPR: 0 | POS | INT | 12 | 2.5 | 3 | 5.0=((2.0*x)-1.0) | 5.0 2.0 x * 1.0 - = | 5.0:loaf 2.0:loaf x:flour *:loaf 1.0:loaf -:loaf =:loaf
EXPR: 0 | POS | INT | 12 | 2.5 | 2 | 5.0=((2.0*x)+1.0) | 5.0 2.0 x * 1.0 + = | 5.0:loaf 2.0:loaf x:flour *:loaf 1.0:loaf +:loaf =:loaf
EXPR: 0 | POS | INT | 20 | 2.5 | 6 | x=((5.0+2.0)-1.0) | x 5.0 2.0 + 1.0 - = | x:loaf 5.0:loaf 2.0:loaf +:loaf 1.0:loaf -:loaf =:loaf
EXPR: 0 | POS | INT | 20 | 2.5 | 2 | (5.0-(2.0+1.0))=x | 5.0 2.0 1.0 + - x = | 5.0:loaf 2.0:loaf 1.0:loaf +:loaf -:loaf x:loaf =:loaf
EXPR: 0 | POS | INT | 20 | 2.5 | 4 | (5.0-(2.0-1.0))=x | 5.0 2.0 1.0 - - x = | 5.0:loaf 2.0:loaf 1.0:loaf -:loaf -:loaf x:loaf =:loaf
EXPR: 0 | POS | INT | 20 | 2.5 | 8 | (5.0+(2.0+1.0))=x | 5.0 2.0 1.0 + + x = | 5.0:loaf 2.0:loaf 1.0:loaf +:loaf +:loaf x:loaf =:loaf
EXPR: 0 | POS | INT | 20 | 2.5 | 3 | x=((5.0-2.0)*1.0) | x 5.0 2.0 - 1.0 * = | x:cup 5.0:cup 2.0:cup -:cup 1.0:loaf *:cup =:cup
EXPR: 0 | POS | INT | 20 | 2.5 | 3 | ((5.0*1.0)-2.0)=x | 5.0 1.0 * 2.0 - x = | 5.0:cup 1.0:loaf *:loaf 2.0:loaf -:loaf x:loaf =:loaf
EXPR: 0 | POS | INT | 20 | 2.5 | 7 | x=(5.0+(2.0*1.0)) | x 5.0 2.0 1.0 * + = | x:cup 5.0:cup 2.0:cup 1.0:loaf *:cup +:cup =:cup
EXPR: 0 | POS | INT | 20 | 2.5 | 3 | x=(5.0-(2.0*1.0)) | x 5.0 2.0 1.0 * - = | x:cup 5.0:cup 2.0:cup 1.0:loaf *:cup -:cup =:cup
EXPR: 0 | POS | INT | 20 | 2.5 | 7 | x=(5.0+(2.0/1.0)) | x 5.0 2.0 1.0 / + = | x:cup 5.0:cup 2.0:cup 1.0:loaf /:cup +:cup =:cup
EXPR: 0 | POS | INT | 20 | 2.5 | 3 | ((5.0-2.0)*1.0)=x | 5.0 2.0 - 1.0 * x = | 5.0:loaf 2.0:loaf -:loaf 1.0:flour *:flour x:flour =:flour
EXPR: 0 | POS | INT | 20 | 2.5 | 7 | ((5.0+2.0)*1.0)=x | 5.0 2.0 + 1.0 * x = | 5.0:loaf 2.0:loaf +:loaf 1.0:flour *:flour x:flour =:flour
EXPR: 0 | POS | INT | 20 | 2.5 | 3 | x=((5.0*1.0)-2.0) | x 5.0 1.0 * 2.0 - = | x:loaf 5.0:cup 1.0:loaf *:loaf 2.0:loaf -:loaf =:loaf
EXPR: 0 | POS | INT | 20 | 2.5 | 7 | x=((5.0*1.0)+2.0) | x 5.0 1.0 * 2.0 + = | x:loaf 5.0:cup 1.0:loaf *:loaf 2.0:loaf +:loaf =:loaf
EXPR: 0 | POS | INT | 20 | 2.5 | 7 | ((5.0*1.0)+2.0)=x | 5.0 1.0 * 2.0 + x = | 5.0:cup 1.0:loaf *:loaf 2.0:loaf +:loaf x:loaf =:loaf
EXPR: 0 | POS | INT | 20 | 2.5 | 6 | ((5.0+2.0)-1.0)=x | 5.0 2.0 + 1.0 - x = | 5.0:loaf 2.0:loaf +:loaf 1.0:loaf -:loaf x:loaf =:loaf
EXPR: 0 | POS | INT | 20 | 2.5 | 7 | (5.0+(2.0/1.0))=x | 5.0 2.0 1.0 / + x = | 5.0:cup 2.0:cup 1.0:loaf /:cup +:cup x:cup =:cup
EXPR: 0 | POS | INT | 20 | 2.5 | 7 | x=((5.0+2.0)*1.0) | x 5.0 2.0 + 1.0 * = | x:loaf 5.0:cup 2.0:cup +:cup 1.0:loaf *:loaf =:loaf
EXPR: 0 | POS | INT | 20 | 2.5 | 6 | (5.0+(2.0-1.0))=x | 5.0 2.0 1.0 - + x = | 5.0:loaf 2.0:loaf 1.0:loaf -:loaf +:loaf x:loaf =:loaf
EXPR: 0 | POS | INT | 20 | 2.5 | 3 | (5.0-(2.0/1.0))=x | 5.0 2.0 1.0 / - x = | 5.0:cup 2.0:cup 1.0:loaf /:cup -:cup x:cup =:cup
EXPR: 0 | POS | INT | 20 | 2.5 | 3 | x=(5.0-(2.0/1.0)) | x 5.0 2.0 1.0 / - = | x:flour 5.0:flour 2.0:flour 1.0:loaf /:flour -:flour =:flour
EXPR: 0 | POS | INT | 20 | 2.5 | 3 | (5.0-(2.0*1.0))=x | 5.0 2.0 1.0 * - x = | 5.0:cup 2.0:cup 1.0:loaf *:cup -:cup x:cup =:cup
EXPR: 0 | POS | INT | 20 | 2.5 | 7 | (5.0+(2.0*1.0))=x | 5.0 2.0 1.0 * + x = | 5.0:cup 2.0:cup 1.0:loaf *:cup +:cup x:cup =:cup
EXPR: 0 | POS | INT | 22 | 2.5 | 3 | (2.0/(5.0-x))=1.0 | 2.0 5.0 x - / 1.0 = | 2.0:loaf 5.0:cup x:cup -:cup /:loaf 1.0:loaf =:loaf
EXPR: 0 | POS | INT | 22 | 2.5 | 3 | 5.0=((2.0*1.0)+x) | 5.0 2.0 1.0 * x + = | 5.0:cup 2.0:cup 1.0:loaf *:cup x:cup +:cup =:cup
EXPR: 0 | POS | INT | 22 | 2.5 | 3 | 5.0=(2.0+(x*1.0)) | 5.0 2.0 x 1.0 * + = | 5.0:cup 2.0:cup x:flour 1.0:cup *:cup +:cup =:cup
EXPR: 0 | POS | INT | 22 | 2.5 | 5 | (2.0-(5.0/x))=1.0 | 2.0 5.0 x / - 1.0 = | 2.0:loaf 5.0:loaf x:flour /:loaf -:loaf 1.0:loaf =:loaf
EXPR: 0 | POS | INT | 22 | 2.5 | 3 | 5.0=(2.0+(x/1.0)) | 5.0 2.0 x 1.0 / + = | 5.0:flour 2.0:flour x:flour 1.0:loaf /:flour +:flour =:flour
EXPR: 0 | POS | INT | 22 | 2.5 | 4 | 5.0=(2.0+(x-1.0)) | 5.0 2.0 x 1.0 - + = | 5.0:loaf 2.0:loaf x:loaf 1.0:loaf -:loaf +:loaf =:loaf
EXPR: 0 | POS | INT | 22 | 2.5 | 3 | 5.0=(x+(2.0*1.0)) | 5.0 x 2.0 1.0 * + = | 5.0:cup x:cup 2.0:cup 1.0:loaf *:cup +:cup =:cup
EXPR: 0 | POS | INT | 22 | 2.5 | 3 | 2.0=(5.0-(1.0*x)) | 2.0 5.0 1.0 x * - = | 2.0:loaf 5.0:loaf 1.0:loaf x:flour *:loaf -:loaf =:loaf
EXPR: 0 | POS | INT | 22 | 2.5 | 5 | (x/5.0)=(2.0-1.0) | x 5.0 / 2.0 1.0 - = | x:loaf 5.0:cup /:loaf 2.0:loaf 1.0:loaf -:loaf =:loaf
EXPR: 0 | POS | INT | 22 | 2.5 | 15 | (x/5.0)=(2.0+1.0) | x 5.0 / 2.0 1.0 + = | x:loaf 5.0:cup /:loaf 2.0:loaf 1.0:loaf +:loaf =:loaf
EXPR: 0 | POS | INT | 22 | 2.5 | 7 | ((x-5.0)*1.0)=2.0 | x 5.0 - 1.0 * 2.0 = | x:flour 5.0:flour -:flour 1.0:loaf *:loaf 2.0:loaf =:loaf
EXPR: 0 | POS | INT | 22 | 2.5 | 10 | (5.0*2.0)=(1.0*x) | 5.0 2.0 * 1.0 x * = | 5.0:flour 2.0:loaf *:flour 1.0:loaf x:flour *:flour =:flour
EXPR: 0 | POS | INT | 22 | 2.5 | 3 | ((5.0*1.0)-x)=2.0 | 5.0 1.0 * x - 2.0 = | 5.0:cup 1.0:loaf *:loaf x:loaf -:loaf 2.0:loaf =:loaf
EXPR: 0 | POS | INT | 22 | 2.5 | 7 | 5.0=((x-2.0)/1.0) | 5.0 x 2.0 - 1.0 / = | 5.0:cup x:cup 2.0:cup -:cup 1.0:loaf /:cup =:cup
EXPR: 0 | POS | INT | 22 | 2.5 | 3 | 5.0=((x+2.0)/1.0) | 5.0 x 2.0 + 1.0 / = | 5.0:cup x:cup 2.0:cup +:cup 1.0:loaf /:cup =:cup
EXPR: 0 | POS | INT | 22 | 2.5 | 3 | 5.0=((x*2.0)-1.0) | 5.0 x 2.0 * 1.0 - = | 5.0:cup x:flour 2.0:cup *:cup 1.0:cup -:cup =:cup
EXPR: 0 | POS | INT | 22 | 2.5 | 15 | ((x/5.0)-2.0)=1.0 | x 5.0 / 2.0 - 1.0 = | x:flour 5.0:cup /:flour 2.0:flour -:flour 1.0:flour =:flour
EXPR: 0 | POS | INT | 22 | 2.5 | 3 | ((x*2.0)-5.0)=1.0 | x 2.0 * 5.0 - 1.0 = | x:flour 2.0:loaf *:loaf 5.0:loaf -:loaf 1.0:loaf =:loaf
EXPR: 0 | POS | INT | 22 | 2.5 | 3 | 5.0=((2.0+x)/1.0) | 5.0 2.0 x + 1.0 / = | 5.0:cup 2.0:cup x:cup +:cup 1.0:loaf /:cup =:cup
EXPR: 0 | POS | INT | 22 | 2.5 | 2 | ((5.0-1.0)/x)=2.0 | 5.0 1.0 - x / 2.0 = | 5.0:loaf 1.0:loaf -:loaf x:flour /:loaf 2.0:loaf =:loaf
EXPR: 0 | POS | INT | 22 | 2.5 | 3 | 5.0=(x+(2.0/1.0)) | 5.0 x 2.0 1.0 / + = | 5.0:flour x:flour 2.0:flour 1.0:loaf /:flour +:flour =:flour
EXPR: 0 | POS | INT | 22 | 2.5 | 8 | (5.0-(x/2.0))=1.0 | 5.0 x 2.0 / - 1.0 = | 5.0:cup x:cup 2.0:loaf /:cup -:cup 1.0:cup =:cup
EXPR: 0 | POS | INT | 22 | 2.5 | 2 | 5.0=(1.0+(2.0*x)) | 5.0 1.0 2.0 x * + = | 5.0:loaf 1.0:loaf 2.0:loaf x:flour *:loaf +:loaf =:loaf
EXPR: 0 | POS | INT | 22 | 2.5 | 2 | 5.0=(2.0+(1.0+x)) | 5.0 2.0 1.0 x + + = | 5.0:loaf 2.0:loaf 1.0:loaf x:loaf +:loaf +:loaf =:loaf
EXPR: 0 | POS | INT | 22 | 2.5 | 3 | 5.0=((2.0/1.0)+x) | 5.0 2.0 1.0 / x + = | 5.0:cup 2.0:cup 1.0:loaf /:cup x:cup +:cup =:cup
EXPR: 0 | POS | INT | 22 | 2.5 | 3 | ((5.0-x)/2.0)=1.0 | 5.0 x - 2.0 / 1.0 = | 5.0:flour x:flour -:flour 2.0:loaf /:flour 1.0:flour =:flour
EXPR: 0 | POS | INT | 22 | 2.5 | 7 | 5.0=(x-(2.0*1.0)) | 5.0 x 2.0 1.0 * - = | 5.0:flour x:flour 2.0:loaf 1.0:flour *:flour -:flour =:flour
EXPR: 0 | POS | INT | 22 | 2.5 | 3 | 5.0=((2.0+x)*1.0) | 5.0 2.0 x + 1.0 * = | 5.0:cup 2.0:cup x:cup +:cup 1.0:loaf *:cup =:cup
EXPR: 0 | POS | INT | 22 | 2.5 | 12 | 5.0=((x/2.0)-1.0) | 5.0 x 2.0 / 1.0 - = | 5.0:cup x:cup 2.0:loaf /:cup 1.0:cup -:cup =:cup
EXPR: 0 | POS | INT | 22 | 2.5 | 8 | 5.0=((x/2.0)+1.0) | 5.0 x 2.0 / 1.0 + = | 5.0:cup x:cup 2.0:loaf /:cup 1.0:cup +:cup =:cup
EXPR: 0 | POS | INT | 22 | 2.5 | 5 | 2.0=((5.0/x)+1.0) | 2.0 5.0 x / 1.0 + = | 2.0:loaf 5.0:loaf x:flour /:loaf 1.0:loaf +:loaf =:loaf
EXPR: 0 | POS | INT | 22 | 2.5 | 10 | (x/5.0)=(2.0*1.0) | x 5.0 / 2.0 1.0 * = | x:flour 5.0:cup /:flour 2.0:loaf 1.0:flour *:flour =:flour
EXPR: 0 | POS | INT | 22 | 2.5 | 7 | (5.0/(x-2.0))=1.0 | 5.0 x 2.0 - / 1.0 = | 5.0:cup x:flour 2.0:flour -:flour /:cup 1.0:cup =:cup
EXPR: 0 | POS | INT | 22 | 2.5 | 3 | (5.0/(x+2.0))=1.0 | 5.0 x 2.0 + / 1.0 = | 5.0:cup x:flour 2.0:flour +:flour /:cup 1.0:cup =:cup
EXPR: 0 | POS | INT | 22 | 2.5 | 7 | 5.0=((x-2.0)*1.0) | 5.0 x 2.0 - 1.0 * = | 5.0:flour x:flour 2.0:flour -:flour 1.0:loaf *:flour =:flour
EXPR: 0 | POS | INT | 22 | 2.5 | 7 | 2.0=((x-5.0)*1.0) | 2.0 x 5.0 - 1.0 * = | 2.0:loaf x:flour 5.0:flour -:flour 1.0:loaf *:loaf =:loaf
EXPR: 0 | POS | INT | 22 | 2.5 | 3 | ((5.0+1.0)/x)=2.0 | 5.0 1.0 + x / 2.0 = | 5.0:loaf 1.0:loaf +:loaf x:flour /:loaf 2.0:loaf =:loaf
EXPR: 0 | POS | INT | 22 | 2.5 | 3 | 5.0=((x*1.0)+2.0) | 5.0 x 1.0 * 2.0 + = | 5.0:loaf x:flour 1.0:loaf *:loaf 2.0:loaf +:loaf =:loaf
EXPR: 0 | POS | INT | 22 | 2.5 | 3 | 5.0=((x+2.0)*1.0) | 5.0 x 2.0 + 1.0 * = | 5.0:loaf x:flour 2.0:flour +:flour 1.0:loaf *:loaf =:loaf
EXPR: 0 | POS | INT | 22 | 2.5 | 7 | ((x-2.0)/5.0)=1.0 | x 2.0 - 5.0 / 1.0 = | x:loaf 2.0:loaf -:loaf 5.0:cup /:loaf 1.0:loaf =:loaf
EXPR: 0 | POS | INT | 22 | 2.5 | 3 | ((x+2.0)/5.0)=1.0 | x 2.0 + 5.0 / 1.0 = | x:loaf 2.0:loaf +:loaf 5.0:cup /:loaf 1.0:loaf =:loaf
EXPR: 0 | POS | INT | 30 | 2.5 | 12 | x=(2.0*(5.0+1.0)) | x 2.0 5.0 1.0 + * = | x:flour 2.0:flour 5.0:loaf 1.0:loaf +:loaf *:flour =:flour
EXPR: 0 | POS | INT | 30 | 2.5 | 8 | ((5.0-1.0)*2.0)=x | 5.0 1.0 - 2.0 * x = | 5.0:loaf 1.0:loaf -:loaf 2.0:flour *:flour x:flour =:flour
EXPR: 0 | POS | INT | 30 | 2.5 | 12 | ((5.0+1.0)*2.0)=x | 5.0 1.0 + 2.0 * x = | 5.0:loaf 1.0:loaf +:loaf 2.0:flour *:flour x:flour =:flour
EXPR: 0 | POS | INT | 30 | 2.5 | 2 | ((5.0-2.0)-1.0)=x | 5.0 2.0 - 1.0 - x = | 5.0:cup 2.0:cup -:cup 1.0:cup -:cup x:cup =:cup
EXPR: 0 | POS | INT | 30 | 2.5 | 7 | x=(2.0+(5.0*1.0)) | x 2.0 5.0 1.0 * + = | x:flour 2.0:flour 5.0:flour 1.0:loaf *:flour +:flour =:flour
EXPR: 0 | POS | INT | 30 | 2.5 | 8 | x=(2.0*(5.0-1.0)) | x 2.0 5.0 1.0 - * = | x:flour 2.0:flour 5.0:loaf 1.0:loaf -:loaf *:flour =:flour
EXPR: 0 | POS | INT | 30 | 2.5 | 7 | x=((5.0/1.0)+2.0) | x 5.0 1.0 / 2.0 + = | x:cup 5.0:cup 1.0:loaf /:cup 2.0:cup +:cup =:cup
EXPR: 0 | POS | INT | 30 | 2.5 | 4 | ((5.0+1.0)-2.0)=x | 5.0 1.0 + 2.0 - x = | 5.0:loaf 1.0:loaf +:loaf 2.0:loaf -:loaf x:loaf =:loaf
EXPR: 0 | POS | INT | 30 | 2.5 | 7 | ((5.0/1.0)+2.0)=x | 5.0 1.0 / 2.0 + x = | 5.0:cup 1.0:loaf /:cup 2.0:cup +:cup x:cup =:cup
EXPR: 0 | POS | INT | 30 | 2.5 | 3 | ((5.0/1.0)-2.0)=x | 5.0 1.0 / 2.0 - x = | 5.0:cup 1.0:loaf /:cup 2.0:cup -:cup x:cup =:cup
EXPR: 0 | POS | INT | 30 | 2.5 | 7 | (2.0+(5.0/1.0))=x | 2.0 5.0 1.0 / + x = | 2.0:cup 5.0:cup 1.0:loaf /:cup +:cup x:cup =:cup
EXPR: 0 | POS | INT | 30 | 2.5 | 3 | x=((5.0-2.0)/1.0) | x 5.0 2.0 - 1.0 / = | x:loaf 5.0:loaf 2.0:loaf -:loaf 1.0:flour /:loaf =:loaf
EXPR: 0 | POS | INT | 30 | 2.5 | 7 | x=((5.0+2.0)/1.0) | x 5.0 2.0 + 1.0 / = | x:loaf 5.0:loaf 2.0:loaf +:loaf 1.0:flour /:loaf =:loaf
EXPR: 0 | POS | INT | 30 | 2.5 | 6 | ((5.0-1.0)+2.0)=x | 5.0 1.0 - 2.0 + x = | 5.0:loaf 1.0:loaf -:loaf 2.0:loaf +:loaf x:loaf =:loaf
EXPR: 0 | POS | INT | 30 | 2.5 | 6 | (2.0+(5.0-1.0))=x | 2.0 5.0 1.0 - + x = | 2.0:loaf 5.0:loaf 1.0:loaf -:loaf +:loaf x:loaf =:loaf
EXPR: 0 | POS | INT | 30 | 2.5 | 8 | (2.0+(5.0+1.0))=x | 2.0 5.0 1.0 + + x = | 2.0:loaf 5.0:loaf 1.0:loaf +:loaf +:loaf x:loaf =:loaf
EXPR: 0 | POS | INT | 30 | 2.5 | 4 | ((5.0-2.0)+1.0)=x | 5.0 2.0 - 1.0 + x = | 5.0:cup 2.0:cup -:cup 1.0:cup +:cup x:cup =:cup
EXPR: 0 | POS | INT | 30 | 2.5 | 3 | x=((5.0/1.0)-2.0) | x 5.0 1.0 / 2.0 - = | x:cup 5.0:cup 1.0:loaf /:cup 2.0:cup -:cup =:cup
EXPR: 0 | POS | INT | 30 | 2.5 | 8 | (2.0*(5.0-1.0))=x | 2.0 5.0 1.0 - * x = | 2.0:flour 5.0:loaf 1.0:loaf -:loaf *:flour x:flour =:flour
EXPR: 0 | POS | INT | 30 | 2.5 | 12 | (2.0*(5.0+1.0))=x | 2.0 5.0 1.0 + * x = | 2.0:flour 5.0:loaf 1.0:loaf +:loaf *:flour x:flour =:flour
EXPR: 0 | POS | INT | 30 | 2.5 | 4 | (5.0+(1.0-2.0))=x | 5.0 1.0 2.0 - + x = | 5.0:loaf 1.0:loaf 2.0:loaf -:loaf +:loaf x:loaf =:loaf
EXPR: 0 | POS | INT | 30 | 2.5 | 2 | x=((5.0-1.0)/2.0) | x 5.0 1.0 - 2.0 / = | x:flour 5.0:flour 1.0:flour -:flour 2.0:loaf /:flour =:flour
EXPR: 0 | POS | INT | 30 | 2.5 | 3 | x=((5.0+1.0)/2.0) | x 5.0 1.0 + 2.0 / = | x:flour 5.0:flour 1.0:flour +:flour 2.0:loaf /:flour =:flour
EXPR: 0 | POS | INT | 30 | 2.5 | 6 | (5.0-(1.0-2.0))=x | 5.0 1.0 2.0 - - x = | 5.0:loaf 1.0:loaf 2.0:loaf -:loaf -:loaf x:loaf =:loaf
EXPR: 0 | POS | INT | 30 | 2.5 | 8 | x=((5.0-1.0)*2.0) | x 5.0 1.0 - 2.0 * = | x:flour 5.0:flour 1.0:flour -:flour 2.0:loaf *:flour =:flour
EXPR: 0 | POS | INT | 30 | 2.5 | 12 | x=((5.0+1.0)*2.0) | x 5.0 1.0 + 2.0 * = | x:flour 5.0:flour 1.0:flour +:flour 2.0:loaf *:flour =:flour
EXPR: 0 | POS | INT | 30 | 2.5 | 8 | x=(5.0+(2.0+1.0)) | x 5.0 2.0 1.0 + + = | x:flour 5.0:flour 2.0:flour 1.0:flour +:flour +:flour =:flour
EXPR: 0 | POS | INT | 30 | 2.5 | 2 | x=(5.0-(2.0+1.0)) | x 5.0 2.0 1.0 + - = | x:flour 5.0:flour 2.0:flour 1.0:flour +:flour -:flour =:flour
EXPR: 0 | POS | INT | 30 | 2.5 | 6 | x=(5.0+(2.0-1.0)) | x 5.0 2.0 1.0 - + = | x:flour 5.0:flour 2.0:flour 1.0:flour -:flour +:flour =:flour
EXPR: 0 | POS | INT | 30 | 2.5 | 7 | x=(2.0+(5.0/1.0)) | x 2.0 5.0 1.0 / + = | x:flour 2.0:flour 5.0:flour 1.0:loaf /:flour +:flour =:flour
EXPR: 0 | POS | INT | 30 | 2.5 | 4 | x=(5.0-(2.0-1.0)) | x 5.0 2.0 1.0 - - = | x:flour 5.0:flour 2.0:flour 1.0:flour -:flour -:flour =:flour
EXPR: 0 | POS | INT | 30 | 2.5 | 8 | x=((5.0+2.0)+1.0) | x 5.0 2.0 + 1.0 + = | x:flour 5.0:flour 2.0:flour +:flour 1.0:flour +:flour =:flour
EXPR: 0 | POS | INT | 32 | 2.5 | 3 | (5.0-(x*1.0))=2.0 | 5.0 x 1.0 * - 2.0 = | 5.0:cup x:flour 1.0:cup *:cup -:cup 2.0:cup =:cup
EXPR: 0 | POS | INT | 32 | 2.5 | 2 | ((5.0-2.0)-x)=1.0 | 5.0 2.0 - x - 1.0 = | 5.0:cup 2.0:cup -:cup x:cup -:cup 1.0:cup =:cup
EXPR: 0 | POS | INT | 32 | 2.5 | 7 | 5.0=((x*1.0)-2.0) | 5.0 x 1.0 * 2.0 - = | 5.0:cup x:flour 1.0:cup *:cup 2.0:cup -:cup =:cup
EXPR: 0 | POS | INT | 32 | 2.5 | 3 | ((5.0-x)*1.0)=2.0 | 5.0 x - 1.0 * 2.0 = | 5.0:flour x:flour -:flour 1.0:loaf *:flour 2.0:flour =:flour
EXPR: 0 | POS | INT | 32 | 2.5 | 3 | ((5.0/1.0)-x)=2.0 | 5.0 1.0 / x - 2.0 = | 5.0:cup 1.0:loaf /:cup x:cup -:cup 2.0:cup =:cup
EXPR: 0 | POS | INT | 32 | 2.5 | 3 | 2.0=((5.0*1.0)-x) | 2.0 5.0 1.0 * x - = | 2.0:cup 5.0:cup 1.0:loaf *:cup x:cup -:cup =:cup
EXPR: 0 | POS | INT | 32 | 2.5 | 3 | 2.0=(5.0-(x/1.0)) | 2.0 5.0 x 1.0 / - = | 2.0:flour 5.0:flour x:flour 1.0:loaf /:flour -:flour =:flour
EXPR: 0 | POS | INT | 32 | 2.5 | 6 | 5.0=(1.0+(x-2.0)) | 5.0 1.0 x 2.0 - + = | 5.0:loaf 1.0:loaf x:loaf 2.0:loaf -:loaf +:loaf =:loaf
EXPR: 0 | POS | INT | 32 | 2.5 | 3 | (5.0-(x/1.0))=2.0 | 5.0 x 1.0 / - 2.0 = | 5.0:cup x:cup 1.0:loaf /:cup -:cup 2.0:cup =:cup
EXPR: 0 | POS | INT | 32 | 2.5 | 2 | ((5.0-x)-2.0)=1.0 | 5.0 x - 2.0 - 1.0 = | 5.0:cup x:cup -:cup 2.0:cup -:cup 1.0:cup =:cup
EXPR: 0 | POS | INT | 32 | 2.5 | 12 | ((x/2.0)-5.0)=1.0 | x 2.0 / 5.0 - 1.0 = | x:flour 2.0:loaf /:flour 5.0:flour -:flour 1.0:flour =:flour
EXPR: 0 | POS | INT | 32 | 2.5 | 11 | 5.0=((x-1.0)/2.0) | 5.0 x 1.0 - 2.0 / = | 5.0:cup x:cup 1.0:cup -:cup 2.0:loaf /:cup =:cup
EXPR: 0 | POS | INT | 32 | 2.5 | 9 | 5.0=((x+1.0)/2.0) | 5.0 x 1.0 + 2.0 / = | 5.0:cup x:cup 1.0:cup +:cup 2.0:loaf /:cup =:cup
EXPR: 0 | POS | INT | 32 | 2.5 | 3 | (x+2.0)=(5.0*1.0) | x 2.0 + 5.0 1.0 * = | x:loaf 2.0:loaf +:loaf 5.0:cup 1.0:loaf *:loaf =:loaf
EXPR: 0 | POS | INT | 32 | 2.5 | 3 | (5.0+1.0)=(x*2.0) | 5.0 1.0 + x 2.0 * = | 5.0:loaf 1.0:loaf +:loaf x:flour 2.0:loaf *:loaf =:loaf
EXPR: 0 | POS | INT | 32 | 2.5 | 2 | (5.0-1.0)=(x*2.0) | 5.0 1.0 - x 2.0 * = | 5.0:loaf 1.0:loaf -:loaf x:flour 2.0:loaf *:loaf =:loaf
EXPR: 0 | POS | INT | 32 | 2.5 | 7 | (x-2.0)=(5.0*1.0) | x 2.0 - 5.0 1.0 * = | x:loaf 2.0:loaf -:loaf 5.0:cup 1.0:loaf *:loaf =:loaf
EXPR: 0 | POS | INT | 32 | 2.5 | 7 | (x-5.0)=(2.0*1.0) | x 5.0 - 2.0 1.0 * = | x:cup 5.0:cup -:cup 2.0:loaf 1.0:cup *:cup =:cup
EXPR: 0 | POS | INT | 32 | 2.5 | 8 | (x-(5.0+1.0))=2.0 | x 5.0 1.0 + - 2.0 = | x:loaf 5.0:loaf 1.0:loaf +:loaf -:loaf 2.0:loaf =:loaf
EXPR: 0 | POS | INT | 32 | 2.5 | 15 | ((x/5.0)-1.0)=2.0 | x 5.0 / 1.0 - 2.0 = | x:flour 5.0:cup /:flour 1.0:flour -:flour 2.0:flour =:flour
EXPR: 0 | POS | INT | 32 | 2.5 | 5 | ((x/5.0)+1.0)=2.0 | x 5.0 / 1.0 + 2.0 = | x:flour 5.0:cup /:flour 1.0:flour +:flour 2.0:flour =:flour
EXPR: 0 | POS | INT | 32 | 2.5 | 3 | 2.0=(5.0-(x*1.0)) | 2.0 5.0 x 1.0 * - = | 2.0:loaf 5.0:loaf x:cup 1.0:loaf *:loaf -:loaf =:loaf
EXPR: 0 | POS | INT | 32 | 2.5 | 6 | (x-(5.0-1.0))=2.0 | x 5.0 1.0 - - 2.0 = | x:loaf 5.0:loaf 1.0:loaf -:loaf -:loaf 2.0:loaf =:loaf
EXPR: 0 | POS | INT | 32 | 2.5 | 7 | 2.0=((x-5.0)/1.0) | 2.0 x 5.0 - 1.0 / = | 2.0:cup x:cup 5.0:cup -:cup 1.0:loaf /:cup =:cup
EXPR: 0 | POS | INT | 32 | 2.5 | 3 | (5.0/(2.0+x))=1.0 | 5.0 2.0 x + / 1.0 = | 5.0:loaf 2.0:cup x:cup +:cup /:loaf 1.0:loaf =:loaf
EXPR: 0 | POS | INT | 32 | 2.5 | 6 | ((5.0-x)+2.0)=1.0 | 5.0 x - 2.0 + 1.0 = | 5.0:cup x:cup -:cup 2.0:cup +:cup 1.0:cup =:cup
EXPR: 0 | POS | INT | 32 | 2.5 | 3 | ((2.0*x)-5.0)=1.0 | 2.0 x * 5.0 - 1.0 = | 2.0:cup x:flour *:cup 5.0:cup -:cup 1.0:cup =:cup
EXPR: 0 | POS | INT | 32 | 2.5 | 9 | (5.0*2.0)=(1.0+x) | 5.0 2.0 * 1.0 x + = | 5.0:flour 2.0:loaf *:loaf 1.0:loaf x:loaf +:loaf =:loaf
EXPR: 0 | POS | INT | 32 | 2.5 | 9 | 5.0=((1.0+x)/2.0) | 5.0 1.0 x + 2.0 / = | 5.0:cup 1.0:cup x:cup +:cup 2.0:loaf /:cup =:cup
EXPR: 0 | POS | INT | 32 | 2.5 | 2 | 5.0=(1.0+(2.0+x)) | 5.0 1.0 2.0 x + + = | 5.0:loaf 1.0:loaf 2.0:loaf x:loaf +:loaf +:loaf =:loaf
EXPR: 0 | POS | INT | 32 | 2.5 | 2 | 5.0=(1.0+(x+2.0)) | 5.0 1.0 x 2.0 + + = | 5.0:loaf 1.0:loaf x:loaf 2.0:loaf +:loaf +:loaf =:loaf
EXPR: 0 | POS | INT | 32 | 2.5 | 4 | 2.0=(5.0+(1.0-x)) | 2.0 5.0 1.0 x - + = | 2.0:loaf 5.0:loaf 1.0:loaf x:loaf -:loaf +:loaf =:loaf
EXPR: 0 | POS | INT | 32 | 2.5 | 2 | 2.0=((5.0-1.0)/x) | 2.0 5.0 1.0 - x / = | 2.0:loaf 5.0:loaf 1.0:loaf -:loaf x:cup /:loaf =:loaf
EXPR: 0 | POS | INT | 32 | 2.5 | 3 | 2.0=((5.0+1.0)/x) | 2.0 5.0 1.0 + x / = | 2.0:loaf 5.0:loaf 1.0:loaf +:loaf x:cup /:loaf =:loaf
EXPR: 0 | POS | INT | 32 | 2.5 | 3 | 2.0=((5.0/1.0)-x) | 2.0 5.0 1.0 / x - = | 2.0:cup 5.0:cup 1.0:loaf /:cup x:cup -:cup =:cup
EXPR: 0 | POS | INT | 32 | 2.5 | 4 | (5.0+(1.0-x))=2.0 | 5.0 1.0 x - + 2.0 = | 5.0:loaf 1.0:loaf x:loaf -:loaf +:loaf 2.0:loaf =:loaf
EXPR: 0 | POS | INT | 32 | 2.5 | 2 | 2.0=(5.0-(1.0+x)) | 2.0 5.0 1.0 x + - = | 2.0:loaf 5.0:loaf 1.0:loaf x:loaf +:loaf -:loaf =:loaf
EXPR: 0 | POS | INT | 32 | 2.5 | 2 | 5.0=(1.0+(x*2.0)) | 5.0 1.0 x 2.0 * + = | 5.0:flour 1.0:flour x:flour 2.0:loaf *:flour +:flour =:flour
EXPR: 0 | POS | INT | 32 | 2.5 | 3 | ((5.0-x)/1.0)=2.0 | 5.0 x - 1.0 / 2.0 = | 5.0:flour x:flour -:flour 1.0:loaf /:flour 2.0:flour =:flour
EXPR: 0 | POS | INT | 32 | 2.5 | 2 | (5.0-(x+1.0))=2.0 | 5.0 x 1.0 + - 2.0 = | 5.0:loaf x:loaf 1.0:loaf +:loaf -:loaf 2.0:loaf =:loaf
EXPR: 0 | POS | INT | 32 | 2.5 | 4 | (5.0-(x-1.0))=2.0 | 5.0 x 1.0 - - 2.0 = | 5.0:loaf x:loaf 1.0:loaf -:loaf -:loaf 2.0:loaf =:loaf
EXPR: 0 | POS | INT | 32 | 2.5 | 7 | 5.0=((x/1.0)-2.0) | 5.0 x 1.0 / 2.0 - = | 5.0:cup x:cup 1.0:loaf /:cup 2.0:cup -:cup =:cup
EXPR: 0 | POS | INT | 32 | 2.5 | 4 | 5.0=(2.0-(1.0-x)) | 5.0 2.0 1.0 x - - = | 5.0:flour 2.0:flour 1.0:flour x:flour -:flour -:flour =:flour
EXPR: 0 | POS | INT | 32 | 2.5 | 3 | 5.0=((x/1.0)+2.0) | 5.0 x 1.0 / 2.0 + = | 5.0:cup x:cup 1.0:loaf /:cup 2.0:cup +:cup =:cup
EXPR: 0 | POS | INT | 32 | 2.5 | 3 | (5.0-(1.0*x))=2.0 | 5.0 1.0 x * - 2.0 = | 5.0:flour 1.0:loaf x:flour *:flour -:flour 2.0:flour =:flour
EXPR: 0 | POS | INT | 32 | 2.5 | 7 | (x-(5.0/1.0))=2.0 | x 5.0 1.0 / - 2.0 = | x:cup 5.0:cup 1.0:loaf /:cup -:cup 2.0:cup =:cup
EXPR: 0 | POS | INT | 32 | 2.5 | 10 | (5.0*2.0)=(x/1.0) | 5.0 2.0 * x 1.0 / = | 5.0:cup 2.0:flour *:flour x:flour 1.0:cup /:flour =:flour
EXPR: 0 | POS | INT | 32 | 2.5 | 7 | 5.0=(1.0*(x-2.0)) | 5.0 1.0 x 2.0 - * = | 5.0:cup 1.0:cup x:loaf 2.0:loaf -:loaf *:cup =:cup
EXPR: 0 | POS | INT | 32 | 2.5 | 3 | 5.0=(1.0*(x+2.0)) | 5.0 1.0 x 2.0 + * = | 5.0:cup 1.0:cup x:loaf 2.0:loaf +:loaf *:cup =:cup
EXPR: 0 | POS | INT | 32 | 2.5 | 6 | (x-5.0)=(2.0-1.0) | x 5.0 - 2.0 1.0 - = | x:loaf 5.0:loaf -:loaf 2.0:loaf 1.0:loaf -:loaf =:loaf
EXPR: 0 | POS | INT | 32 | 2.5 | 8 | (x-5.0)=(2.0+1.0) | x 5.0 - 2.0 1.0 + = | x:loaf 5.0:loaf -:loaf 2.0:loaf 1.0:loaf +:loaf =:loaf
EXPR: 0 | POS | INT | 32 | 2.5 | 3 | (x/(5.0-2.0))=1.0 | x 5.0 2.0 - / 1.0 = | x:loaf 5.0:flour 2.0:flour -:flour /:loaf 1.0:loaf =:loaf
EXPR: 0 | POS | INT | 32 | 2.5 | 7 | (x/(5.0+2.0))=1.0 | x 5.0 2.0 + / 1.0 = | x:loaf 5.0:flour 2.0:flour +:flour /:loaf 1.0:loaf =:loaf
EXPR: 0 | POS | INT | 32 | 2.5 | 11 | (5.0*2.0)=(x-1.0) | 5.0 2.0 * x 1.0 - = | 5.0:cup 2.0:flour *:flour x:flour 1.0:flour -:flour =:flour
EXPR: 0 | POS | INT | 32 | 2.5 | 9 | (5.0*2.0)=(x+1.0) | 5.0 2.0 * x 1.0 + = | 5.0:cup 2.0:flour *:flour x:flour 1.0:flour +:flour =:flour
EXPR: 0 | POS | INT | 32 | 2.5 | 7 | 2.0=(x-(5.0*1.0)) | 2.0 x 5.0 1.0 * - = | 2.0:cup x:cup 5.0:cup 1.0:loaf *:cup -:cup =:cup
EXPR: 0 | POS | INT | 32 | 2.5 | 3 | (5.0-x)=(2.0*1.0) | 5.0 x - 2.0 1.0 * = | 5.0:flour x:flour -:flour 2.0:flour 1.0:loaf *:flour =:flour
EXPR: 0 | POS | INT | 32 | 2.5 | 3 | (5.0-x)=(2.0/1.0) | 5.0 x - 2.0 1.0 / = | 5.0:flour x:flour -:flour 2.0:flour 1.0:loaf /:flour =:flour
EXPR: 0 | POS | INT | 35 | 2.5 | 5 | ((2.0-1.0)*5.0)=x | 2.0 1.0 - 5.0 * x = | 2.0:loaf 1.0:loaf -:loaf 5.0:cup *:loaf x:loaf =:loaf
EXPR: 0 | POS | INT | 35 | 2.5 | 15 | ((2.0+1.0)*5.0)=x | 2.0 1.0 + 5.0 * x = | 2.0:loaf 1.0:loaf +:loaf 5.0:cup *:loaf x:loaf =:loaf
EXPR: 0 | POS | INT | 37 | 2.5 | 2 | 1.0=(5.0-(2.0*x)) | 1.0 5.0 2.0 x * - = | 1.0:loaf 5.0:loaf 2.0:loaf x:flour *:loaf -:loaf =:loaf
EXPR: 0 | POS | INT | 37 | 2.5 | 7 | 2.0=((1.0*x)-5.0) | 2.0 1.0 x * 5.0 - = | 2.0:loaf 1.0:loaf x:flour *:loaf 5.0:loaf -:loaf =:loaf
EXPR: 0 | POS | INT | 37 | 2.5 | 3 | ((x*2.0)-1.0)=5.0 | x 2.0 * 1.0 - 5.0 = | x:flour 2.0:loaf *:loaf 1.0:loaf -:loaf 5.0:loaf =:loaf
EXPR: 0 | POS | INT | 37 | 2.5 | 2 | ((x*2.0)+1.0)=5.0 | x 2.0 * 1.0 + 5.0 = | x:flour 2.0:loaf *:loaf 1.0:loaf +:loaf 5.0:loaf =:loaf
EXPR: 0 | POS | INT | 37 | 2.5 | 3 | 1.0=((5.0-2.0)/x) | 1.0 5.0 2.0 - x / = | 1.0:loaf 5.0:loaf 2.0:loaf -:loaf x:flour /:loaf =:loaf
EXPR: 0 | POS | INT | 37 | 2.5 | 7 | 1.0=((5.0+2.0)/x) | 1.0 5.0 2.0 + x / = | 1.0:loaf 5.0:loaf 2.0:loaf +:loaf x:flour /:loaf =:loaf
EXPR: 0 | POS | INT | 37 | 2.5 | 11 | ((x-1.0)/5.0)=2.0 | x 1.0 - 5.0 / 2.0 = | x:loaf 1.0:loaf -:loaf 5.0:cup /:loaf 2.0:loaf =:loaf
EXPR: 0 | POS | INT | 37 | 2.5 | 9 | ((x+1.0)/5.0)=2.0 | x 1.0 + 5.0 / 2.0 = | x:loaf 1.0:loaf +:loaf 5.0:cup /:loaf 2.0:loaf =:loaf
EXPR: 0 | POS | INT | 37 | 2.5 | 7 | (1.0*(x-5.0))=2.0 | 1.0 x 5.0 - * 2.0 = | 1.0:loaf x:cup 5.0:cup -:cup *:loaf 2.0:loaf =:loaf
EXPR: 0 | POS | INT | 40 | 2.5 | 8 | x=(2.0+(5.0+1.0)) | x 2.0 5.0 1.0 + + = | x:flour 2.0:flour 5.0:flour 1.0:flour +:flour +:flour =:flour
EXPR: 0 | POS | INT | 40 | 2.5 | 6 | x=(2.0+(5.0-1.0)) | x 2.0 5.0 1.0 - + = | x:flour 2.0:flour 5.0:flour 1.0:flour -:flour +:flour =:flour
NET 188 unique, non-negative, integer-valued solutions found out of 1000 total solutions
