parameters: n=7 l=3 k=1 p=5 q=2 m=9
TOTAL 1000 solutions found
SOLN: CORRECT | POS/NEG | INT/FRA | OBJ-SCORE | TRUE-ANS | ANS | INFIX | POSTFIX | TYPED-POSTFIX
EXPR: 0 | POS | FRA | 2 | 50 | 0.689655172413793 | 4.0=(x*(6.0-0.2)) | 4.0 x 6.0 0.2 - * = | 4.0:UK x:UK 6.0:UK 0.2:UK -:UK *:UK =:UK
EXPR: 0 | POS | FRA | 2 | 50 | 0.645161290322581 | ((4.0/x)-6.0)=0.2 | 4.0 x / 6.0 - 0.2 = | 4.0:UK x:UK /:UK 6.0:UK -:UK 0.2:UK =:UK
EXPR: 0 | POS | FRA | 2 | 50 | 1.55 | ((x*4.0)-6.0)=0.2 | x 4.0 * 6.0 - 0.2 = | x:UK 4.0:UK *:UK 6.0:UK -:UK 0.2:UK =:UK
EXPR: 0 | POS | FRA | 2 | 50 | 0.7 | 4.0=((x*6.0)-0.2) | 4.0 x 6.0 * 0.2 - = | 4.0:UK x:UK 6.0:UK *:UK 0.2:UK -:UK =:UK
EXPR: 0 | POS | FRA | 2 | 50 | 1.55 | ((4.0*x)-6.0)=0.2 | 4.0 x * 6.0 - 0.2 = | 4.0:UK x:UK *:UK 6.0:UK -:UK 0.2:UK =:UK
EXPR: 0 | POS | FRA | 2 | 50 | 1.45 | 4.0=((6.0-0.2)/x) | 4.0 6.0 0.2 - x / = | 4.0:UK 6.0:UK 0.2:UK -:UK x:UK /:UK =:UK
EXPR: 0 | POS | FRA | 2 | 50 | 0.645161290322581 | 4.0=((6.0+0.2)*x) | 4.0 6.0 0.2 + x * = | 4.0:UK 6.0:UK 0.2:UK +:UK x:UK *:UK =:UK
EXPR: 0 | POS | FRA | 2 | 50 | 0.645161290322581 | 4.0=(x*(6.0+0.2)) | 4.0 x 6.0 0.2 + * = | 4.0:UK x:UK 6.0:UK 0.2:UK +:UK *:UK =:UK
EXPR: 0 | POS | FRA | 2 | 50 | 0.633333333333333 | 4.0=((x*6.0)+0.2) | 4.0 x 6.0 * 0.2 + = | 4.0:UK x:UK 6.0:UK *:UK 0.2:UK +:UK =:UK
EXPR: 0 | POS | FRA | 2 | 50 | 0.689655172413793 | 4.0=((6.0-0.2)*x) | 4.0 6.0 0.2 - x * = | 4.0:UK 6.0:UK 0.2:UK -:UK x:UK *:UK =:UK
EXPR: 0 | POS | FRA | 2 | 50 | 0.02 | ((4.0+6.0)*x)=0.2 | 4.0 6.0 + x * 0.2 = | 4.0:UK 6.0:UK +:UK x:UK *:UK 0.2:UK =:UK
EXPR: 1 | POS | INT | 2 | 50 | 50 | ((4.0+6.0)/x)=0.2 | 4.0 6.0 + x / 0.2 = | 4.0:UK 6.0:UK +:UK x:UK /:UK 0.2:UK =:UK
EXPR: 0 | POS | FRA | 2 | 50 | 1.55 | 4.0=((6.0+0.2)/x) | 4.0 6.0 0.2 + x / = | 4.0:UK 6.0:UK 0.2:UK +:UK x:UK /:UK =:UK
EXPR: 0 | POS | FRA | 2 | 50 | 0.633333333333333 | (4.0-(x*6.0))=0.2 | 4.0 x 6.0 * - 0.2 = | 4.0:UK x:UK 6.0:UK *:UK -:UK 0.2:UK =:UK
EXPR: 0 | POS | FRA | 2 | 50 | 0.7 | 4.0=((6.0*x)-0.2) | 4.0 6.0 x * 0.2 - = | 4.0:UK 6.0:UK x:UK *:UK 0.2:UK -:UK =:UK
EXPR: 0 | POS | FRA | 2 | 50 | 1.42857142857143 | 4.0=((6.0/x)-0.2) | 4.0 6.0 x / 0.2 - = | 4.0:UK 6.0:UK x:UK /:UK 0.2:UK -:UK =:UK
EXPR: 0 | POS | FRA | 2 | 50 | 0.633333333333333 | (4.0-(6.0*x))=0.2 | 4.0 6.0 x * - 0.2 = | 4.0:UK 6.0:UK x:UK *:UK -:UK 0.2:UK =:UK
EXPR: 0 | POS | FRA | 2 | 50 | 1.57894736842105 | (4.0-(6.0/x))=0.2 | 4.0 6.0 x / - 0.2 = | 4.0:UK 6.0:UK x:UK /:UK -:UK 0.2:UK =:UK
EXPR: 0 | POS | FRA | 2 | 50 | 1.57894736842105 | 4.0=((6.0/x)+0.2) | 4.0 6.0 x / 0.2 + = | 4.0:UK 6.0:UK x:UK /:UK 0.2:UK +:UK =:UK
EXPR: 0 | POS | INT | 2 | 50 | 10 | 4.0=(6.0-(x*0.2)) | 4.0 6.0 x 0.2 * - = | 4.0:UK 6.0:UK x:UK 0.2:UK *:UK -:UK =:UK
EXPR: 0 | POS | FRA | 2 | 50 | 0.02 | (x*(4.0+6.0))=0.2 | x 4.0 6.0 + * 0.2 = | x:UK 4.0:UK 6.0:UK +:UK *:UK 0.2:UK =:UK
EXPR: 0 | POS | INT | 2 | 50 | 10 | 4.0=(6.0-(0.2*x)) | 4.0 6.0 0.2 x * - = | 4.0:UK 6.0:UK 0.2:UK x:UK *:UK -:UK =:UK
EXPR: 0 | POS | FRA | 2 | 50 | 0.1 | 4.0=(6.0-(0.2/x)) | 4.0 6.0 0.2 x / - = | 4.0:UK 6.0:UK 0.2:UK x:UK /:UK -:UK =:UK
EXPR: 0 | POS | FRA | 2 | 50 | 0.633333333333333 | 4.0=((6.0*x)+0.2) | 4.0 6.0 x * 0.2 + = | 4.0:UK 6.0:UK x:UK *:UK 0.2:UK +:UK =:UK
EXPR: 0 | POS | FRA | 10 | 50 | 0.645161290322581 | (4.0/(6.0+0.2))=x | 4.0 6.0 0.2 + / x = | 4.0:UK 6.0:UK 0.2:UK +:UK /:UK x:UK =:UK
EXPR: 0 | POS | FRA | 10 | 50 | 0.645161290322581 | x=(4.0/(6.0+0.2)) | x 4.0 6.0 0.2 + / = | x:UK 4.0:UK 6.0:UK 0.2:UK +:UK /:UK =:UK
EXPR: 0 | POS | FRA | 10 | 50 | 0.689655172413793 | x=(4.0/(6.0-0.2)) | x 4.0 6.0 0.2 - / = | x:UK 4.0:UK 6.0:UK 0.2:UK -:UK /:UK =:UK
EXPR: 0 | POS | FRA | 10 | 50 | 24.8 | x=(4.0*(6.0+0.2)) | x 4.0 6.0 0.2 + * = | x:UK 4.0:UK 6.0:UK 0.2:UK +:UK *:UK =:UK
EXPR: 0 | POS | FRA | 10 | 50 | 23.2 | x=(4.0*(6.0-0.2)) | x 4.0 6.0 0.2 - * = | x:UK 4.0:UK 6.0:UK 0.2:UK -:UK *:UK =:UK
EXPR: 0 | POS | INT | 10 | 50 | 2 | ((4.0+6.0)*0.2)=x | 4.0 6.0 + 0.2 * x = | 4.0:UK 6.0:UK +:UK 0.2:UK *:UK x:UK =:UK
EXPR: 0 | POS | FRA | 10 | 50 | 23.2 | (4.0*(6.0-0.2))=x | 4.0 6.0 0.2 - * x = | 4.0:UK 6.0:UK 0.2:UK -:UK *:UK x:UK =:UK
EXPR: 0 | POS | FRA | 10 | 50 | 10.2 | (4.0+(6.0+0.2))=x | 4.0 6.0 0.2 + + x = | 4.0:UK 6.0:UK 0.2:UK +:UK +:UK x:UK =:UK
EXPR: 0 | POS | FRA | 10 | 50 | 10.2 | x=((4.0+6.0)+0.2) | x 4.0 6.0 + 0.2 + = | x:UK 4.0:UK 6.0:UK +:UK 0.2:UK +:UK =:UK
EXPR: 0 | POS | FRA | 10 | 50 | 9.8 | x=((4.0+6.0)-0.2) | x 4.0 6.0 + 0.2 - = | x:UK 4.0:UK 6.0:UK +:UK 0.2:UK -:UK =:UK
EXPR: 0 | POS | FRA | 10 | 50 | 9.8 | (4.0+(6.0-0.2))=x | 4.0 6.0 0.2 - + x = | 4.0:UK 6.0:UK 0.2:UK -:UK +:UK x:UK =:UK
EXPR: 0 | POS | INT | 10 | 50 | 2 | x=((4.0+6.0)*0.2) | x 4.0 6.0 + 0.2 * = | x:UK 4.0:UK 6.0:UK +:UK 0.2:UK *:UK =:UK
EXPR: 0 | POS | FRA | 10 | 50 | 10.2 | x=(4.0+(6.0+0.2)) | x 4.0 6.0 0.2 + + = | x:UK 4.0:UK 6.0:UK 0.2:UK +:UK +:UK =:UK
EXPR: 0 | POS | FRA | 10 | 50 | 9.8 | x=(4.0+(6.0-0.2)) | x 4.0 6.0 0.2 - + = | x:UK 4.0:UK 6.0:UK 0.2:UK -:UK +:UK =:UK
EXPR: 0 | POS | FRA | 10 | 50 | 9.8 | ((4.0+6.0)-0.2)=x | 4.0 6.0 + 0.2 - x = | 4.0:UK 6.0:UK +:UK 0.2:UK -:UK x:UK =:UK
EXPR: 0 | POS | FRA | 10 | 50 | 10.2 | ((4.0+6.0)+0.2)=x | 4.0 6.0 + 0.2 + x = | 4.0:UK 6.0:UK +:UK 0.2:UK +:UK x:UK =:UK
EXPR: 0 | POS | FRA | 10 | 50 | 0.689655172413793 | (4.0/(6.0-0.2))=x | 4.0 6.0 0.2 - / x = | 4.0:UK 6.0:UK 0.2:UK -:UK /:UK x:UK =:UK
EXPR: 0 | POS | FRA | 10 | 50 | 24.8 | (4.0*(6.0+0.2))=x | 4.0 6.0 0.2 + * x = | 4.0:UK 6.0:UK 0.2:UK +:UK *:UK x:UK =:UK
EXPR: 1 | POS | INT | 12 | 50 | 50 | 4.0=((x*0.2)-6.0) | 4.0 x 0.2 * 6.0 - = | 4.0:UK x:UK 0.2:UK *:UK 6.0:UK -:UK =:UK
EXPR: 0 | POS | FRA | 12 | 50 | 0.7 | ((x*6.0)-4.0)=0.2 | x 6.0 * 4.0 - 0.2 = | x:UK 6.0:UK *:UK 4.0:UK -:UK 0.2:UK =:UK
EXPR: 0 | POS | INT | 12 | 50 | 10 | (4.0+(x*0.2))=6.0 | 4.0 x 0.2 * + 6.0 = | 4.0:UK x:UK 0.2:UK *:UK +:UK 6.0:UK =:UK
EXPR: 1 | POS | INT | 12 | 50 | 50 | 4.0=((0.2*x)-6.0) | 4.0 0.2 x * 6.0 - = | 4.0:UK 0.2:UK x:UK *:UK 6.0:UK -:UK =:UK
EXPR: 0 | POS | FRA | 12 | 50 | 0.633333333333333 | 4.0=(0.2+(x*6.0)) | 4.0 0.2 x 6.0 * + = | 4.0:UK 0.2:UK x:UK 6.0:UK *:UK +:UK =:UK
EXPR: 0 | POS | FRA | 12 | 50 | 4.03333333333333 | ((x-4.0)*6.0)=0.2 | x 4.0 - 6.0 * 0.2 = | x:UK 4.0:UK -:UK 6.0:UK *:UK 0.2:UK =:UK
EXPR: 0 | POS | FRA | 12 | 50 | 0.645161290322581 | ((4.0/x)-0.2)=6.0 | 4.0 x / 0.2 - 6.0 = | 4.0:UK x:UK /:UK 0.2:UK -:UK 6.0:UK =:UK
EXPR: 0 | POS | FRA | 12 | 50 | 0.689655172413793 | ((4.0/x)+0.2)=6.0 | 4.0 x / 0.2 + 6.0 = | 4.0:UK x:UK /:UK 0.2:UK +:UK 6.0:UK =:UK
EXPR: 0 | POS | FRA | 12 | 50 | 2.2 | 4.0=(6.0+(0.2-x)) | 4.0 6.0 0.2 x - + = | 4.0:UK 6.0:UK 0.2:UK x:UK -:UK +:UK =:UK
EXPR: 0 | POS | FRA | 12 | 50 | 5.95 | (4.0*(6.0-x))=0.2 | 4.0 6.0 x - * 0.2 = | 4.0:UK 6.0:UK x:UK -:UK *:UK 0.2:UK =:UK
EXPR: 0 | POS | INT | 12 | 50 | 14 | (4.0/(6.0+x))=0.2 | 4.0 6.0 x + / 0.2 = | 4.0:UK 6.0:UK x:UK +:UK /:UK 0.2:UK =:UK
EXPR: 0 | POS | FRA | 12 | 50 | 0.02 | 4.0=((0.2/x)-6.0) | 4.0 0.2 x / 6.0 - = | 4.0:UK 0.2:UK x:UK /:UK 6.0:UK -:UK =:UK
EXPR: 0 | POS | FRA | 12 | 50 | 1.55 | ((4.0*x)-0.2)=6.0 | 4.0 x * 0.2 - 6.0 = | 4.0:UK x:UK *:UK 0.2:UK -:UK 6.0:UK =:UK
EXPR: 0 | POS | FRA | 12 | 50 | 1.45 | ((4.0*x)+0.2)=6.0 | 4.0 x * 0.2 + 6.0 = | 4.0:UK x:UK *:UK 0.2:UK +:UK 6.0:UK =:UK
EXPR: 0 | POS | FRA | 12 | 50 | 0.645161290322581 | (4.0/x)=(6.0+0.2) | 4.0 x / 6.0 0.2 + = | 4.0:UK x:UK /:UK 6.0:UK 0.2:UK +:UK =:UK
EXPR: 0 | POS | INT | 12 | 50 | 10 | (4.0+(0.2*x))=6.0 | 4.0 0.2 x * + 6.0 = | 4.0:UK 0.2:UK x:UK *:UK +:UK 6.0:UK =:UK
EXPR: 0 | POS | FRA | 12 | 50 | 2.2 | 4.0=(6.0-(x-0.2)) | 4.0 6.0 x 0.2 - - = | 4.0:UK 6.0:UK x:UK 0.2:UK -:UK -:UK =:UK
EXPR: 0 | POS | FRA | 12 | 50 | 1.42857142857143 | ((6.0/x)-4.0)=0.2 | 6.0 x / 4.0 - 0.2 = | 6.0:UK x:UK /:UK 4.0:UK -:UK 0.2:UK =:UK
EXPR: 0 | POS | FRA | 12 | 50 | 1.45 | (x*4.0)=(6.0-0.2) | x 4.0 * 6.0 0.2 - = | x:UK 4.0:UK *:UK 6.0:UK 0.2:UK -:UK =:UK
EXPR: 0 | POS | FRA | 12 | 50 | 2.2 | 4.0=((6.0-x)+0.2) | 4.0 6.0 x - 0.2 + = | 4.0:UK 6.0:UK x:UK -:UK 0.2:UK +:UK =:UK
EXPR: 0 | POS | FRA | 12 | 50 | 1.8 | 4.0=(6.0-(x+0.2)) | 4.0 6.0 x 0.2 + - = | 4.0:UK 6.0:UK x:UK 0.2:UK +:UK -:UK =:UK
EXPR: 0 | POS | FRA | 12 | 50 | 1.55 | (4.0*x)=(6.0+0.2) | 4.0 x * 6.0 0.2 + = | 4.0:UK x:UK *:UK 6.0:UK 0.2:UK +:UK =:UK
EXPR: 0 | POS | FRA | 12 | 50 | 9.8 | 4.0=(x-(6.0-0.2)) | 4.0 x 6.0 0.2 - - = | 4.0:UK x:UK 6.0:UK 0.2:UK -:UK -:UK =:UK
EXPR: 0 | POS | FRA | 12 | 50 | 10.2 | 4.0=(x-(6.0+0.2)) | 4.0 x 6.0 0.2 + - = | 4.0:UK x:UK 6.0:UK 0.2:UK +:UK -:UK =:UK
EXPR: 0 | POS | FRA | 12 | 50 | 0.689655172413793 | (6.0-(4.0/x))=0.2 | 6.0 4.0 x / - 0.2 = | 6.0:UK 4.0:UK x:UK /:UK -:UK 0.2:UK =:UK
EXPR: 0 | POS | FRA | 12 | 50 | 1.45 | (6.0-(4.0*x))=0.2 | 6.0 4.0 x * - 0.2 = | 6.0:UK 4.0:UK x:UK *:UK -:UK 0.2:UK =:UK
EXPR: 0 | POS | FRA | 12 | 50 | 0.02 | (4.0+6.0)=(0.2/x) | 4.0 6.0 + 0.2 x / = | 4.0:UK 6.0:UK +:UK 0.2:UK x:UK /:UK =:UK
EXPR: 0 | POS | FRA | 12 | 50 | 0.466666666666667 | 4.0=(6.0*(x+0.2)) | 4.0 6.0 x 0.2 + * = | 4.0:UK 6.0:UK x:UK 0.2:UK +:UK *:UK =:UK
EXPR: 0 | POS | FRA | 12 | 50 | 1.8 | 4.0=((6.0-x)-0.2) | 4.0 6.0 x - 0.2 - = | 4.0:UK 6.0:UK x:UK -:UK 0.2:UK -:UK =:UK
EXPR: 0 | POS | FRA | 12 | 50 | 2.2 | ((x+4.0)-6.0)=0.2 | x 4.0 + 6.0 - 0.2 = | x:UK 4.0:UK +:UK 6.0:UK -:UK 0.2:UK =:UK
EXPR: 0 | POS | FRA | 12 | 50 | 0.866666666666667 | 4.0=(6.0*(x-0.2)) | 4.0 6.0 x 0.2 - * = | 4.0:UK 6.0:UK x:UK 0.2:UK -:UK *:UK =:UK
EXPR: 0 | POS | FRA | 12 | 50 | 6.05 | (4.0*(x-6.0))=0.2 | 4.0 x 6.0 - * 0.2 = | 4.0:UK x:UK 6.0:UK -:UK *:UK 0.2:UK =:UK
EXPR: 0 | POS | INT | 12 | 50 | 26 | (4.0/(x-6.0))=0.2 | 4.0 x 6.0 - / 0.2 = | 4.0:UK x:UK 6.0:UK -:UK /:UK 0.2:UK =:UK
EXPR: 0 | POS | FRA | 12 | 50 | 1.8 | 4.0=(6.0-(0.2+x)) | 4.0 6.0 0.2 x + - = | 4.0:UK 6.0:UK 0.2:UK x:UK +:UK -:UK =:UK
EXPR: 0 | POS | FRA | 12 | 50 | 23.2 | 4.0=(x/(6.0-0.2)) | 4.0 x 6.0 0.2 - / = | 4.0:UK x:UK 6.0:UK 0.2:UK -:UK /:UK =:UK
EXPR: 0 | POS | INT | 12 | 50 | 14 | (4.0/(x+6.0))=0.2 | 4.0 x 6.0 + / 0.2 = | 4.0:UK x:UK 6.0:UK +:UK /:UK 0.2:UK =:UK
EXPR: 1 | POS | INT | 12 | 50 | 50 | (4.0+6.0)=(x*0.2) | 4.0 6.0 + x 0.2 * = | 4.0:UK 6.0:UK +:UK x:UK 0.2:UK *:UK =:UK
EXPR: 0 | POS | FRA | 12 | 50 | 9.8 | ((4.0+6.0)-x)=0.2 | 4.0 6.0 + x - 0.2 = | 4.0:UK 6.0:UK +:UK x:UK -:UK 0.2:UK =:UK
EXPR: 0 | POS | FRA | 12 | 50 | 1.8 | 4.0=((6.0-0.2)-x) | 4.0 6.0 0.2 - x - = | 4.0:UK 6.0:UK 0.2:UK -:UK x:UK -:UK =:UK
EXPR: 0 | POS | FRA | 12 | 50 | 0.1 | (4.0+(0.2/x))=6.0 | 4.0 0.2 x / + 6.0 = | 4.0:UK 0.2:UK x:UK /:UK +:UK 6.0:UK =:UK
EXPR: 0 | POS | FRA | 12 | 50 | 0.1 | 6.0=(4.0+(0.2/x)) | 6.0 4.0 0.2 x / + = | 6.0:UK 4.0:UK 0.2:UK x:UK /:UK +:UK =:UK
EXPR: 0 | POS | FRA | 12 | 50 | 24.8 | 4.0=(x/(6.0+0.2)) | 4.0 x 6.0 0.2 + / = | 4.0:UK x:UK 6.0:UK 0.2:UK +:UK /:UK =:UK
EXPR: 0 | POS | FRA | 12 | 50 | 10.2 | ((x-4.0)-6.0)=0.2 | x 4.0 - 6.0 - 0.2 = | x:UK 4.0:UK -:UK 6.0:UK -:UK 0.2:UK =:UK
EXPR: 0 | POS | FRA | 12 | 50 | 0.645161290322581 | 6.0=((4.0/x)-0.2) | 6.0 4.0 x / 0.2 - = | 6.0:UK 4.0:UK x:UK /:UK 0.2:UK -:UK =:UK
EXPR: 0 | POS | FRA | 12 | 50 | 0.689655172413793 | 6.0=((4.0/x)+0.2) | 6.0 4.0 x / 0.2 + = | 6.0:UK 4.0:UK x:UK /:UK 0.2:UK +:UK =:UK
EXPR: 0 | POS | FRA | 12 | 50 | 0.1 | (x*(6.0-4.0))=0.2 | x 6.0 4.0 - * 0.2 = | x:UK 6.0:UK 4.0:UK -:UK *:UK 0.2:UK =:UK
EXPR: 0 | POS | FRA | 12 | 50 | 1.55 | 6.0=((4.0*x)-0.2) | 6.0 4.0 x * 0.2 - = | 6.0:UK 4.0:UK x:UK *:UK 0.2:UK -:UK =:UK
EXPR: 0 | POS | FRA | 12 | 50 | 1.45 | 6.0=((4.0*x)+0.2) | 6.0 4.0 x * 0.2 + = | 6.0:UK 4.0:UK x:UK *:UK 0.2:UK +:UK =:UK
EXPR: 0 | POS | FRA | 12 | 50 | 10.2 | 4.0=((x-6.0)-0.2) | 4.0 x 6.0 - 0.2 - = | 4.0:UK x:UK 6.0:UK -:UK 0.2:UK -:UK =:UK
EXPR: 1 | POS | INT | 12 | 50 | 50 | (4.0+6.0)=(0.2*x) | 4.0 6.0 + 0.2 x * = | 4.0:UK 6.0:UK +:UK 0.2:UK x:UK *:UK =:UK
EXPR: 0 | POS | FRA | 12 | 50 | 1.45 | (6.0-(x*4.0))=0.2 | 6.0 x 4.0 * - 0.2 = | 6.0:UK x:UK 4.0:UK *:UK -:UK 0.2:UK =:UK
EXPR: 0 | POS | FRA | 12 | 50 | 1.42857142857143 | 6.0=(x*(4.0+0.2)) | 6.0 x 4.0 0.2 + * = | 6.0:UK x:UK 4.0:UK 0.2:UK +:UK *:UK =:UK
EXPR: 0 | POS | FRA | 12 | 50 | 1.57894736842105 | 4.0=(0.2+(6.0/x)) | 4.0 0.2 6.0 x / + = | 4.0:UK 0.2:UK 6.0:UK x:UK /:UK +:UK =:UK
EXPR: 0 | POS | FRA | 12 | 50 | 1.57894736842105 | 6.0=(x*(4.0-0.2)) | 6.0 x 4.0 0.2 - * = | 6.0:UK x:UK 4.0:UK 0.2:UK -:UK *:UK =:UK
EXPR: 0 | POS | FRA | 12 | 50 | 0.466666666666667 | 4.0=(6.0*(0.2+x)) | 4.0 6.0 0.2 x + * = | 4.0:UK 6.0:UK 0.2:UK x:UK +:UK *:UK =:UK
EXPR: 0 | POS | FRA | 12 | 50 | 1.42857142857143 | ((4.0+0.2)*x)=6.0 | 4.0 0.2 + x * 6.0 = | 4.0:UK 0.2:UK +:UK x:UK *:UK 6.0:UK =:UK
EXPR: 0 | POS | FRA | 12 | 50 | 0.7 | ((4.0+0.2)/x)=6.0 | 4.0 0.2 + x / 6.0 = | 4.0:UK 0.2:UK +:UK x:UK /:UK 6.0:UK =:UK
EXPR: 0 | POS | INT | 12 | 50 | 14 | 4.0=((6.0+x)*0.2) | 4.0 6.0 x + 0.2 * = | 4.0:UK 6.0:UK x:UK +:UK 0.2:UK *:UK =:UK
EXPR: 0 | POS | FRA | 12 | 50 | 0.633333333333333 | 4.0=(0.2+(6.0*x)) | 4.0 0.2 6.0 x * + = | 4.0:UK 0.2:UK 6.0:UK x:UK *:UK +:UK =:UK
EXPR: 0 | POS | INT | 12 | 50 | 2 | (x/(4.0+6.0))=0.2 | x 4.0 6.0 + / 0.2 = | x:UK 4.0:UK 6.0:UK +:UK /:UK 0.2:UK =:UK
EXPR: 0 | POS | FRA | 12 | 50 | 1.57894736842105 | ((4.0-0.2)*x)=6.0 | 4.0 0.2 - x * 6.0 = | 4.0:UK 0.2:UK -:UK x:UK *:UK 6.0:UK =:UK
EXPR: 0 | POS | FRA | 12 | 50 | 2.2 | ((4.0-6.0)+x)=0.2 | 4.0 6.0 - x + 0.2 = | 4.0:UK 6.0:UK -:UK x:UK +:UK 0.2:UK =:UK
EXPR: 0 | POS | FRA | 12 | 50 | 1.55 | ((x*4.0)-0.2)=6.0 | x 4.0 * 0.2 - 6.0 = | x:UK 4.0:UK *:UK 0.2:UK -:UK 6.0:UK =:UK
EXPR: 0 | POS | FRA | 12 | 50 | 0.633333333333333 | ((4.0-0.2)/x)=6.0 | 4.0 0.2 - x / 6.0 = | 4.0:UK 0.2:UK -:UK x:UK /:UK 6.0:UK =:UK
EXPR: 0 | POS | FRA | 12 | 50 | 1.3 | 4.0=(6.0/(x+0.2)) | 4.0 6.0 x 0.2 + / = | 4.0:UK 6.0:UK x:UK 0.2:UK +:UK /:UK =:UK
EXPR: 0 | POS | FRA | 12 | 50 | 1.7 | 4.0=(6.0/(x-0.2)) | 4.0 6.0 x 0.2 - / = | 4.0:UK 6.0:UK x:UK 0.2:UK -:UK /:UK =:UK
EXPR: 0 | POS | FRA | 12 | 50 | 3.96666666666667 | ((4.0-x)*6.0)=0.2 | 4.0 x - 6.0 * 0.2 = | 4.0:UK x:UK -:UK 6.0:UK *:UK 0.2:UK =:UK
EXPR: 0 | POS | FRA | 12 | 50 | 0.7 | ((6.0*x)-4.0)=0.2 | 6.0 x * 4.0 - 0.2 = | 6.0:UK x:UK *:UK 4.0:UK -:UK 0.2:UK =:UK
EXPR: 0 | POS | INT | 12 | 50 | 10 | 6.0=(4.0+(0.2*x)) | 6.0 4.0 0.2 x * + = | 6.0:UK 4.0:UK 0.2:UK x:UK *:UK +:UK =:UK
EXPR: 0 | POS | FRA | 12 | 50 | 0.1 | ((6.0-4.0)*x)=0.2 | 6.0 4.0 - x * 0.2 = | 6.0:UK 4.0:UK -:UK x:UK *:UK 0.2:UK =:UK
EXPR: 0 | POS | INT | 12 | 50 | 10 | ((6.0-4.0)/x)=0.2 | 6.0 4.0 - x / 0.2 = | 6.0:UK 4.0:UK -:UK x:UK /:UK 0.2:UK =:UK
EXPR: 0 | POS | FRA | 12 | 50 | 1.45 | ((x*4.0)+0.2)=6.0 | x 4.0 * 0.2 + 6.0 = | x:UK 4.0:UK *:UK 0.2:UK +:UK 6.0:UK =:UK
EXPR: 0 | POS | FRA | 12 | 50 | 1.42857142857143 | (x*(4.0+0.2))=6.0 | x 4.0 0.2 + * 6.0 = | x:UK 4.0:UK 0.2:UK +:UK *:UK 6.0:UK =:UK
EXPR: 0 | POS | FRA | 12 | 50 | 1.57894736842105 | (x*(4.0-0.2))=6.0 | x 4.0 0.2 - * 6.0 = | x:UK 4.0:UK 0.2:UK -:UK *:UK 6.0:UK =:UK
EXPR: 0 | POS | FRA | 12 | 50 | 9.8 | ((4.0-x)+6.0)=0.2 | 4.0 x - 6.0 + 0.2 = | 4.0:UK x:UK -:UK 6.0:UK +:UK 0.2:UK =:UK
EXPR: 0 | POS | FRA | 12 | 50 | 1.42857142857143 | 6.0=((4.0+0.2)*x) | 6.0 4.0 0.2 + x * = | 6.0:UK 4.0:UK 0.2:UK +:UK x:UK *:UK =:UK
EXPR: 0 | POS | FRA | 12 | 50 | 1.57894736842105 | 6.0=((4.0-0.2)*x) | 6.0 4.0 0.2 - x * = | 6.0:UK 4.0:UK 0.2:UK -:UK x:UK *:UK =:UK
EXPR: 0 | POS | FRA | 12 | 50 | 9.8 | (4.0+(6.0-x))=0.2 | 4.0 6.0 x - + 0.2 = | 4.0:UK 6.0:UK x:UK -:UK +:UK 0.2:UK =:UK
EXPR: 0 | POS | FRA | 12 | 50 | 1.55 | 6.0=((x*4.0)-0.2) | 6.0 x 4.0 * 0.2 - = | 6.0:UK x:UK 4.0:UK *:UK 0.2:UK -:UK =:UK
EXPR: 0 | POS | FRA | 12 | 50 | 1.45 | 6.0=((x*4.0)+0.2) | 6.0 x 4.0 * 0.2 + = | 6.0:UK x:UK 4.0:UK *:UK 0.2:UK +:UK =:UK
EXPR: 0 | POS | FRA | 12 | 50 | 2.2 | (4.0-(6.0-x))=0.2 | 4.0 6.0 x - - 0.2 = | 4.0:UK 6.0:UK x:UK -:UK -:UK 0.2:UK =:UK
EXPR: 0 | POS | FRA | 12 | 50 | 0.7 | 6.0=((4.0+0.2)/x) | 6.0 4.0 0.2 + x / = | 6.0:UK 4.0:UK 0.2:UK +:UK x:UK /:UK =:UK
EXPR: 0 | POS | FRA | 12 | 50 | 9.8 | 4.0=((x-6.0)+0.2) | 4.0 x 6.0 - 0.2 + = | 4.0:UK x:UK 6.0:UK -:UK 0.2:UK +:UK =:UK
EXPR: 0 | POS | FRA | 12 | 50 | 10.2 | (x-(4.0+6.0))=0.2 | x 4.0 6.0 + - 0.2 = | x:UK 4.0:UK 6.0:UK +:UK -:UK 0.2:UK =:UK
EXPR: 0 | POS | FRA | 12 | 50 | 2.2 | (x+(4.0-6.0))=0.2 | x 4.0 6.0 - + 0.2 = | x:UK 4.0:UK 6.0:UK -:UK +:UK 0.2:UK =:UK
EXPR: 0 | POS | INT | 12 | 50 | 26 | 4.0=((x-6.0)*0.2) | 4.0 x 6.0 - 0.2 * = | 4.0:UK x:UK 6.0:UK -:UK 0.2:UK *:UK =:UK
EXPR: 0 | POS | INT | 12 | 50 | 14 | 4.0=((x+6.0)*0.2) | 4.0 x 6.0 + 0.2 * = | 4.0:UK x:UK 6.0:UK +:UK 0.2:UK *:UK =:UK
EXPR: 0 | POS | FRA | 12 | 50 | 9.8 | (4.0-(x-6.0))=0.2 | 4.0 x 6.0 - - 0.2 = | 4.0:UK x:UK 6.0:UK -:UK -:UK 0.2:UK =:UK
EXPR: 0 | POS | FRA | 12 | 50 | 1.55 | (x*4.0)=(6.0+0.2) | x 4.0 * 6.0 0.2 + = | x:UK 4.0:UK *:UK 6.0:UK 0.2:UK +:UK =:UK
EXPR: 0 | POS | FRA | 12 | 50 | 1.45 | (4.0*x)=(6.0-0.2) | 4.0 x * 6.0 0.2 - = | 4.0:UK x:UK *:UK 6.0:UK 0.2:UK -:UK =:UK
EXPR: 0 | POS | FRA | 12 | 50 | 0.633333333333333 | 6.0=((4.0-0.2)/x) | 6.0 4.0 0.2 - x / = | 6.0:UK 4.0:UK 0.2:UK -:UK x:UK /:UK =:UK
EXPR: 0 | POS | FRA | 12 | 50 | 0.689655172413793 | (4.0/x)=(6.0-0.2) | 4.0 x / 6.0 0.2 - = | 4.0:UK x:UK /:UK 6.0:UK 0.2:UK -:UK =:UK
EXPR: 0 | POS | FRA | 12 | 50 | 2.2 | ((4.0+x)-6.0)=0.2 | 4.0 x + 6.0 - 0.2 = | 4.0:UK x:UK +:UK 6.0:UK -:UK 0.2:UK =:UK
EXPR: 0 | POS | FRA | 12 | 50 | 1.3 | 4.0=(6.0/(0.2+x)) | 4.0 6.0 0.2 x + / = | 4.0:UK 6.0:UK 0.2:UK x:UK +:UK /:UK =:UK
EXPR: 0 | POS | INT | 12 | 50 | 10 | 6.0=(4.0+(x*0.2)) | 6.0 4.0 x 0.2 * + = | 6.0:UK 4.0:UK x:UK 0.2:UK *:UK +:UK =:UK
EXPR: 0 | POS | FRA | 12 | 50 | 2.2 | (4.0+(x-6.0))=0.2 | 4.0 x 6.0 - + 0.2 = | 4.0:UK x:UK 6.0:UK -:UK +:UK 0.2:UK =:UK
EXPR: 0 | POS | FRA | 12 | 50 | 2.2 | 4.0=((6.0+0.2)-x) | 4.0 6.0 0.2 + x - = | 4.0:UK 6.0:UK 0.2:UK +:UK x:UK -:UK =:UK
EXPR: 0 | POS | FRA | 20 | 50 | 23.8 | ((4.0*6.0)-0.2)=x | 4.0 6.0 * 0.2 - x = | 4.0:UK 6.0:UK *:UK 0.2:UK -:UK x:UK =:UK
EXPR: 0 | POS | FRA | 20 | 50 | 24.2 | ((4.0*6.0)+0.2)=x | 4.0 6.0 * 0.2 + x = | 4.0:UK 6.0:UK *:UK 0.2:UK +:UK x:UK =:UK
EXPR: 0 | POS | FRA | 20 | 50 | 2.8 | (4.0-(6.0*0.2))=x | 4.0 6.0 0.2 * - x = | 4.0:UK 6.0:UK 0.2:UK *:UK -:UK x:UK =:UK
EXPR: 0 | POS | FRA | 20 | 50 | 1.42857142857143 | x=(6.0/(4.0+0.2)) | x 6.0 4.0 0.2 + / = | x:UK 6.0:UK 4.0:UK 0.2:UK +:UK /:UK =:UK
EXPR: 0 | POS | FRA | 20 | 50 | 23.8 | x=((4.0*6.0)-0.2) | x 4.0 6.0 * 0.2 - = | x:UK 4.0:UK 6.0:UK *:UK 0.2:UK -:UK =:UK
EXPR: 0 | POS | FRA | 20 | 50 | 24.2 | x=((4.0*6.0)+0.2) | x 4.0 6.0 * 0.2 + = | x:UK 4.0:UK 6.0:UK *:UK 0.2:UK +:UK =:UK
EXPR: 0 | POS | FRA | 20 | 50 | 5.2 | (4.0+(6.0*0.2))=x | 4.0 6.0 0.2 * + x = | 4.0:UK 6.0:UK 0.2:UK *:UK +:UK x:UK =:UK
EXPR: 0 | POS | FRA | 20 | 50 | 22.8 | (6.0*(4.0-0.2))=x | 6.0 4.0 0.2 - * x = | 6.0:UK 4.0:UK 0.2:UK -:UK *:UK x:UK =:UK
EXPR: 0 | POS | FRA | 20 | 50 | 1.57894736842105 | (6.0/(4.0-0.2))=x | 6.0 4.0 0.2 - / x = | 6.0:UK 4.0:UK 0.2:UK -:UK /:UK x:UK =:UK
EXPR: 1 | POS | INT | 20 | 50 | 50 | ((4.0+6.0)/0.2)=x | 4.0 6.0 + 0.2 / x = | 4.0:UK 6.0:UK +:UK 0.2:UK /:UK x:UK =:UK
EXPR: 0 | POS | INT | 20 | 50 | 34 | (4.0+(6.0/0.2))=x | 4.0 6.0 0.2 / + x = | 4.0:UK 6.0:UK 0.2:UK /:UK +:UK x:UK =:UK
EXPR: 0 | POS | FRA | 20 | 50 | 1.8 | (6.0-(4.0+0.2))=x | 6.0 4.0 0.2 + - x = | 6.0:UK 4.0:UK 0.2:UK +:UK -:UK x:UK =:UK
EXPR: 0 | POS | FRA | 20 | 50 | 2.2 | (6.0-(4.0-0.2))=x | 6.0 4.0 0.2 - - x = | 6.0:UK 4.0:UK 0.2:UK -:UK -:UK x:UK =:UK
EXPR: 0 | POS | FRA | 20 | 50 | 2.8 | x=(4.0-(6.0*0.2)) | x 4.0 6.0 0.2 * - = | x:UK 4.0:UK 6.0:UK 0.2:UK *:UK -:UK =:UK
EXPR: 0 | POS | FRA | 20 | 50 | 5.2 | x=(4.0+(6.0*0.2)) | x 4.0 6.0 0.2 * + = | x:UK 4.0:UK 6.0:UK 0.2:UK *:UK +:UK =:UK
EXPR: 0 | POS | FRA | 20 | 50 | 0.4 | ((6.0-4.0)*0.2)=x | 6.0 4.0 - 0.2 * x = | 6.0:UK 4.0:UK -:UK 0.2:UK *:UK x:UK =:UK
EXPR: 0 | POS | INT | 20 | 50 | 34 | x=(4.0+(6.0/0.2)) | x 4.0 6.0 0.2 / + = | x:UK 4.0:UK 6.0:UK 0.2:UK /:UK +:UK =:UK
EXPR: 0 | POS | FRA | 20 | 50 | 25.2 | (6.0*(4.0+0.2))=x | 6.0 4.0 0.2 + * x = | 6.0:UK 4.0:UK 0.2:UK +:UK *:UK x:UK =:UK
EXPR: 0 | POS | FRA | 20 | 50 | 10.2 | (6.0+(4.0+0.2))=x | 6.0 4.0 0.2 + + x = | 6.0:UK 4.0:UK 0.2:UK +:UK +:UK x:UK =:UK
EXPR: 0 | POS | FRA | 20 | 50 | 1.42857142857143 | (6.0/(4.0+0.2))=x | 6.0 4.0 0.2 + / x = | 6.0:UK 4.0:UK 0.2:UK +:UK /:UK x:UK =:UK
EXPR: 0 | POS | FRA | 20 | 50 | 25.2 | x=((4.0+0.2)*6.0) | x 4.0 0.2 + 6.0 * = | x:UK 4.0:UK 0.2:UK +:UK 6.0:UK *:UK =:UK
EXPR: 0 | POS | FRA | 20 | 50 | 22.8 | ((4.0-0.2)*6.0)=x | 4.0 0.2 - 6.0 * x = | 4.0:UK 0.2:UK -:UK 6.0:UK *:UK x:UK =:UK
EXPR: 0 | POS | FRA | 20 | 50 | 10.2 | x=((4.0+0.2)+6.0) | x 4.0 0.2 + 6.0 + = | x:UK 4.0:UK 0.2:UK +:UK 6.0:UK +:UK =:UK
EXPR: 1 | POS | INT | 20 | 50 | 50 | x=((4.0+6.0)/0.2) | x 4.0 6.0 + 0.2 / = | x:UK 4.0:UK 6.0:UK +:UK 0.2:UK /:UK =:UK
EXPR: 0 | POS | FRA | 20 | 50 | 25.2 | ((4.0+0.2)*6.0)=x | 4.0 0.2 + 6.0 * x = | 4.0:UK 0.2:UK +:UK 6.0:UK *:UK x:UK =:UK
EXPR: 0 | POS | FRA | 20 | 50 | 0.466666666666667 | x=((4.0/6.0)-0.2) | x 4.0 6.0 / 0.2 - = | x:UK 4.0:UK 6.0:UK /:UK 0.2:UK -:UK =:UK
EXPR: 0 | POS | FRA | 20 | 50 | 0.866666666666667 | x=((4.0/6.0)+0.2) | x 4.0 6.0 / 0.2 + = | x:UK 4.0:UK 6.0:UK /:UK 0.2:UK +:UK =:UK
EXPR: 0 | POS | FRA | 20 | 50 | 9.8 | (6.0+(4.0-0.2))=x | 6.0 4.0 0.2 - + x = | 6.0:UK 4.0:UK 0.2:UK -:UK +:UK x:UK =:UK
EXPR: 0 | POS | FRA | 20 | 50 | 9.8 | (4.0-(0.2-6.0))=x | 4.0 0.2 6.0 - - x = | 4.0:UK 0.2:UK 6.0:UK -:UK -:UK x:UK =:UK
EXPR: 0 | POS | FRA | 20 | 50 | 25.2 | x=(6.0*(4.0+0.2)) | x 6.0 4.0 0.2 + * = | x:UK 6.0:UK 4.0:UK 0.2:UK +:UK *:UK =:UK
EXPR: 0 | POS | FRA | 20 | 50 | 22.8 | x=(6.0*(4.0-0.2)) | x 6.0 4.0 0.2 - * = | x:UK 6.0:UK 4.0:UK 0.2:UK -:UK *:UK =:UK
EXPR: 0 | POS | FRA | 20 | 50 | 0.466666666666667 | ((4.0/6.0)-0.2)=x | 4.0 6.0 / 0.2 - x = | 4.0:UK 6.0:UK /:UK 0.2:UK -:UK x:UK =:UK
EXPR: 0 | POS | FRA | 20 | 50 | 0.866666666666667 | ((4.0/6.0)+0.2)=x | 4.0 6.0 / 0.2 + x = | 4.0:UK 6.0:UK /:UK 0.2:UK +:UK x:UK =:UK
EXPR: 0 | POS | FRA | 20 | 50 | 22.8 | x=((4.0-0.2)*6.0) | x 4.0 0.2 - 6.0 * = | x:UK 4.0:UK 0.2:UK -:UK 6.0:UK *:UK =:UK
EXPR: 0 | POS | FRA | 20 | 50 | 9.8 | x=((4.0-0.2)+6.0) | x 4.0 0.2 - 6.0 + = | x:UK 4.0:UK 0.2:UK -:UK 6.0:UK +:UK =:UK
EXPR: 0 | POS | FRA | 20 | 50 | 1.8 | x=((6.0-4.0)-0.2) | x 6.0 4.0 - 0.2 - = | x:UK 6.0:UK 4.0:UK -:UK 0.2:UK -:UK =:UK
EXPR: 0 | POS | FRA | 20 | 50 | 2.2 | x=((6.0-4.0)+0.2) | x 6.0 4.0 - 0.2 + = | x:UK 6.0:UK 4.0:UK -:UK 0.2:UK +:UK =:UK
EXPR: 0 | POS | FRA | 20 | 50 | 1.8 | ((6.0-4.0)-0.2)=x | 6.0 4.0 - 0.2 - x = | 6.0:UK 4.0:UK -:UK 0.2:UK -:UK x:UK =:UK
EXPR: 0 | POS | FRA | 20 | 50 | 2.2 | ((6.0-4.0)+0.2)=x | 6.0 4.0 - 0.2 + x = | 6.0:UK 4.0:UK -:UK 0.2:UK +:UK x:UK =:UK
EXPR: 0 | POS | FRA | 20 | 50 | 1.57894736842105 | x=(6.0/(4.0-0.2)) | x 6.0 4.0 0.2 - / = | x:UK 6.0:UK 4.0:UK 0.2:UK -:UK /:UK =:UK
EXPR: 0 | POS | FRA | 20 | 50 | 9.8 | ((4.0-0.2)+6.0)=x | 4.0 0.2 - 6.0 + x = | 4.0:UK 0.2:UK -:UK 6.0:UK +:UK x:UK =:UK
EXPR: 0 | POS | FRA | 20 | 50 | 9.8 | x=(4.0-(0.2-6.0)) | x 4.0 0.2 6.0 - - = | x:UK 4.0:UK 0.2:UK 6.0:UK -:UK -:UK =:UK
EXPR: 0 | POS | FRA | 20 | 50 | 10.2 | ((4.0+0.2)+6.0)=x | 4.0 0.2 + 6.0 + x = | 4.0:UK 0.2:UK +:UK 6.0:UK +:UK x:UK =:UK
EXPR: 0 | POS | FRA | 20 | 50 | 0.4 | x=((6.0-4.0)*0.2) | x 6.0 4.0 - 0.2 * = | x:UK 6.0:UK 4.0:UK -:UK 0.2:UK *:UK =:UK
EXPR: 0 | POS | FRA | 20 | 50 | 1.8 | x=(6.0-(4.0+0.2)) | x 6.0 4.0 0.2 + - = | x:UK 6.0:UK 4.0:UK 0.2:UK +:UK -:UK =:UK
EXPR: 0 | POS | FRA | 20 | 50 | 10.2 | x=(6.0+(4.0+0.2)) | x 6.0 4.0 0.2 + + = | x:UK 6.0:UK 4.0:UK 0.2:UK +:UK +:UK =:UK
EXPR: 0 | POS | FRA | 20 | 50 | 9.8 | x=(6.0+(4.0-0.2)) | x 6.0 4.0 0.2 - + = | x:UK 6.0:UK 4.0:UK 0.2:UK -:UK +:UK =:UK
EXPR: 0 | POS | FRA | 20 | 50 | 2.2 | x=(6.0-(4.0-0.2)) | x 6.0 4.0 0.2 - - = | x:UK 6.0:UK 4.0:UK 0.2:UK -:UK -:UK =:UK
EXPR: 0 | POS | FRA | 22 | 50 | 1.8 | ((6.0-4.0)-x)=0.2 | 6.0 4.0 - x - 0.2 = | 6.0:UK 4.0:UK -:UK x:UK -:UK 0.2:UK =:UK
EXPR: 0 | POS | FRA | 22 | 50 | 2.8 | 4.0=(x+(6.0*0.2)) | 4.0 x 6.0 0.2 * + = | 4.0:UK x:UK 6.0:UK 0.2:UK *:UK +:UK =:UK
EXPR: 0 | POS | FRA | 22 | 50 | 5.2 | 4.0=(x-(6.0*0.2)) | 4.0 x 6.0 0.2 * - = | 4.0:UK x:UK 6.0:UK 0.2:UK *:UK -:UK =:UK
EXPR: 0 | POS | FRA | 22 | 50 | 24.2 | (x-(4.0*6.0))=0.2 | x 4.0 6.0 * - 0.2 = | x:UK 4.0:UK 6.0:UK *:UK -:UK 0.2:UK =:UK
EXPR: 0 | POS | FRA | 22 | 50 | 2.8 | 4.0=((6.0*0.2)+x) | 4.0 6.0 0.2 * x + = | 4.0:UK 6.0:UK 0.2:UK *:UK x:UK +:UK =:UK
EXPR: 0 | POS | FRA | 22 | 50 | 1.3 | 6.0=(4.0*(x+0.2)) | 6.0 4.0 x 0.2 + * = | 6.0:UK 4.0:UK x:UK 0.2:UK +:UK *:UK =:UK
EXPR: 0 | POS | FRA | 22 | 50 | 1.7 | 6.0=(4.0*(x-0.2)) | 6.0 4.0 x 0.2 - * = | 6.0:UK 4.0:UK x:UK 0.2:UK -:UK *:UK =:UK
EXPR: 0 | POS | FRA | 22 | 50 | 25.2 | 4.0=((x/6.0)-0.2) | 4.0 x 6.0 / 0.2 - = | 4.0:UK x:UK 6.0:UK /:UK 0.2:UK -:UK =:UK
EXPR: 0 | POS | FRA | 22 | 50 | 22.8 | (4.0-(x/6.0))=0.2 | 4.0 x 6.0 / - 0.2 = | 4.0:UK x:UK 6.0:UK /:UK -:UK 0.2:UK =:UK
EXPR: 0 | POS | FRA | 22 | 50 | 3.96666666666667 | (6.0*(4.0-x))=0.2 | 6.0 4.0 x - * 0.2 = | 6.0:UK 4.0:UK x:UK -:UK *:UK 0.2:UK =:UK
EXPR: 0 | POS | INT | 22 | 50 | 34 | ((x-4.0)*0.2)=6.0 | x 4.0 - 0.2 * 6.0 = | x:UK 4.0:UK -:UK 0.2:UK *:UK 6.0:UK =:UK
EXPR: 0 | POS | INT | 22 | 50 | 120 | (4.0*6.0)=(x*0.2) | 4.0 6.0 * x 0.2 * = | 4.0:UK 6.0:UK *:UK x:UK 0.2:UK *:UK =:UK
EXPR: 0 | POS | FRA | 22 | 50 | 9.8 | (x-4.0)=(6.0-0.2) | x 4.0 - 6.0 0.2 - = | x:UK 4.0:UK -:UK 6.0:UK 0.2:UK -:UK =:UK
EXPR: 0 | POS | FRA | 22 | 50 | 5.2 | 4.0=((6.0-x)/0.2) | 4.0 6.0 x - 0.2 / = | 4.0:UK 6.0:UK x:UK -:UK 0.2:UK /:UK =:UK
EXPR: 0 | POS | FRA | 22 | 50 | 23.8 | ((4.0*6.0)-x)=0.2 | 4.0 6.0 * x - 0.2 = | 4.0:UK 6.0:UK *:UK x:UK -:UK 0.2:UK =:UK
EXPR: 0 | POS | FRA | 22 | 50 | 9.8 | (6.0+(4.0-x))=0.2 | 6.0 4.0 x - + 0.2 = | 6.0:UK 4.0:UK x:UK -:UK +:UK 0.2:UK =:UK
EXPR: 0 | POS | FRA | 22 | 50 | 1.8 | (6.0-(4.0+x))=0.2 | 6.0 4.0 x + - 0.2 = | 6.0:UK 4.0:UK x:UK +:UK -:UK 0.2:UK =:UK
EXPR: 0 | POS | FRA | 22 | 50 | 0.3 | (4.0*x)=(6.0*0.2) | 4.0 x * 6.0 0.2 * = | 4.0:UK x:UK *:UK 6.0:UK 0.2:UK *:UK =:UK
EXPR: 0 | POS | FRA | 22 | 50 | 1.8 | ((4.0+0.2)+x)=6.0 | 4.0 0.2 + x + 6.0 = | 4.0:UK 0.2:UK +:UK x:UK +:UK 6.0:UK =:UK
EXPR: 0 | POS | FRA | 22 | 50 | 25.2 | 6.0=(x/(4.0+0.2)) | 6.0 x 4.0 0.2 + / = | 6.0:UK x:UK 4.0:UK 0.2:UK +:UK /:UK =:UK
EXPR: 0 | POS | FRA | 22 | 50 | 22.8 | 6.0=(x/(4.0-0.2)) | 6.0 x 4.0 0.2 - / = | 6.0:UK x:UK 4.0:UK 0.2:UK -:UK /:UK =:UK
EXPR: 0 | POS | INT | 22 | 50 | 26 | (6.0/(4.0+x))=0.2 | 6.0 4.0 x + / 0.2 = | 6.0:UK 4.0:UK x:UK +:UK /:UK 0.2:UK =:UK
EXPR: 0 | POS | FRA | 22 | 50 | 9.8 | ((6.0-x)+4.0)=0.2 | 6.0 x - 4.0 + 0.2 = | 6.0:UK x:UK -:UK 4.0:UK +:UK 0.2:UK =:UK
EXPR: 0 | POS | FRA | 22 | 50 | 6.05 | ((x-6.0)*4.0)=0.2 | x 6.0 - 4.0 * 0.2 = | x:UK 6.0:UK -:UK 4.0:UK *:UK 0.2:UK =:UK
EXPR: 0 | POS | FRA | 22 | 50 | 4.8 | (x/4.0)=(6.0*0.2) | x 4.0 / 6.0 0.2 * = | x:UK 4.0:UK /:UK 6.0:UK 0.2:UK *:UK =:UK
EXPR: 0 | POS | FRA | 22 | 50 | 9.8 | 4.0=(x+(0.2-6.0)) | 4.0 x 0.2 6.0 - + = | 4.0:UK x:UK 0.2:UK 6.0:UK -:UK +:UK =:UK
EXPR: 0 | POS | FRA | 22 | 50 | 6.8 | 4.0=((x-6.0)/0.2) | 4.0 x 6.0 - 0.2 / = | 4.0:UK x:UK 6.0:UK -:UK 0.2:UK /:UK =:UK
EXPR: 0 | POS | FRA | 22 | 50 | 2.2 | ((4.0-0.2)+x)=6.0 | 4.0 0.2 - x + 6.0 = | 4.0:UK 0.2:UK -:UK x:UK +:UK 6.0:UK =:UK
EXPR: 0 | POS | FRA | 22 | 50 | 0.7 | (x*6.0)=(4.0+0.2) | x 6.0 * 4.0 0.2 + = | x:UK 6.0:UK *:UK 4.0:UK 0.2:UK +:UK =:UK
EXPR: 0 | POS | FRA | 22 | 50 | 4.8 | (4.0*6.0)=(x/0.2) | 4.0 6.0 * x 0.2 / = | 4.0:UK 6.0:UK *:UK x:UK 0.2:UK /:UK =:UK
EXPR: 0 | POS | FRA | 22 | 50 | 9.8 | 4.0=((0.2-6.0)+x) | 4.0 0.2 6.0 - x + = | 4.0:UK 0.2:UK 6.0:UK -:UK x:UK +:UK =:UK
EXPR: 0 | POS | INT | 22 | 50 | 26 | 4.0=((6.0/0.2)-x) | 4.0 6.0 0.2 / x - = | 4.0:UK 6.0:UK 0.2:UK /:UK x:UK -:UK =:UK
EXPR: 0 | POS | FRA | 22 | 50 | 0.4 | 4.0=(6.0-(x/0.2)) | 4.0 6.0 x 0.2 / - = | 4.0:UK 6.0:UK x:UK 0.2:UK /:UK -:UK =:UK
EXPR: 0 | POS | INT | 22 | 50 | 34 | 4.0=(x-(6.0/0.2)) | 4.0 x 6.0 0.2 / - = | 4.0:UK x:UK 6.0:UK 0.2:UK /:UK -:UK =:UK
EXPR: 0 | POS | FRA | 22 | 50 | 5.95 | ((6.0-x)*4.0)=0.2 | 6.0 x - 4.0 * 0.2 = | 6.0:UK x:UK -:UK 4.0:UK *:UK 0.2:UK =:UK
EXPR: 0 | POS | FRA | 22 | 50 | 2.2 | (x+4.0)=(6.0+0.2) | x 4.0 + 6.0 0.2 + = | x:UK 4.0:UK +:UK 6.0:UK 0.2:UK +:UK =:UK
EXPR: 0 | POS | INT | 22 | 50 | 120 | (4.0*6.0)=(0.2*x) | 4.0 6.0 * 0.2 x * = | 4.0:UK 6.0:UK *:UK 0.2:UK x:UK *:UK =:UK
EXPR: 0 | POS | FRA | 22 | 50 | 2.8 | ((4.0-x)/6.0)=0.2 | 4.0 x - 6.0 / 0.2 = | 4.0:UK x:UK -:UK 6.0:UK /:UK 0.2:UK =:UK
EXPR: 0 | POS | FRA | 22 | 50 | 2.2 | 4.0=(0.2-(x-6.0)) | 4.0 0.2 x 6.0 - - = | 4.0:UK 0.2:UK x:UK 6.0:UK -:UK -:UK =:UK
EXPR: 0 | POS | FRA | 22 | 50 | 0.3 | (x*4.0)=(6.0*0.2) | x 4.0 * 6.0 0.2 * = | x:UK 4.0:UK *:UK 6.0:UK 0.2:UK *:UK =:UK
EXPR: 0 | POS | FRA | 22 | 50 | 0.633333333333333 | (x*6.0)=(4.0-0.2) | x 6.0 * 4.0 0.2 - = | x:UK 6.0:UK *:UK 4.0:UK 0.2:UK -:UK =:UK
EXPR: 0 | POS | FRA | 22 | 50 | 9.8 | 4.0=(0.2-(6.0-x)) | 4.0 0.2 6.0 x - - = | 4.0:UK 0.2:UK 6.0:UK x:UK -:UK -:UK =:UK
EXPR: 0 | POS | FRA | 22 | 50 | 2.2 | 4.0=(0.2+(6.0-x)) | 4.0 0.2 6.0 x - + = | 4.0:UK 0.2:UK 6.0:UK x:UK -:UK +:UK =:UK
EXPR: 0 | POS | FRA | 22 | 50 | 7.5 | (x*4.0)=(6.0/0.2) | x 4.0 * 6.0 0.2 / = | x:UK 4.0:UK *:UK 6.0:UK 0.2:UK /:UK =:UK
EXPR: 0 | POS | FRA | 22 | 50 | 2.2 | 4.0=((0.2-x)+6.0) | 4.0 0.2 x - 6.0 + = | 4.0:UK 0.2:UK x:UK -:UK 6.0:UK +:UK =:UK
EXPR: 0 | POS | FRA | 22 | 50 | 0.466666666666667 | 4.0=((0.2+x)*6.0) | 4.0 0.2 x + 6.0 * = | 4.0:UK 0.2:UK x:UK +:UK 6.0:UK *:UK =:UK
EXPR: 0 | POS | FRA | 22 | 50 | 2.2 | (x-(6.0-4.0))=0.2 | x 6.0 4.0 - - 0.2 = | x:UK 6.0:UK 4.0:UK -:UK -:UK 0.2:UK =:UK
EXPR: 0 | POS | INT | 22 | 50 | 26 | ((4.0+x)*0.2)=6.0 | 4.0 x + 0.2 * 6.0 = | 4.0:UK x:UK +:UK 0.2:UK *:UK 6.0:UK =:UK
EXPR: 0 | POS | FRA | 22 | 50 | 10.2 | (x-4.0)=(6.0+0.2) | x 4.0 - 6.0 0.2 + = | x:UK 4.0:UK -:UK 6.0:UK 0.2:UK +:UK =:UK
EXPR: 0 | POS | FRA | 22 | 50 | 3.33333333333333 | (4.0/x)=(6.0*0.2) | 4.0 x / 6.0 0.2 * = | 4.0:UK x:UK /:UK 6.0:UK 0.2:UK *:UK =:UK
EXPR: 0 | POS | FRA | 22 | 50 | 1.8 | (4.0+(0.2+x))=6.0 | 4.0 0.2 x + + 6.0 = | 4.0:UK 0.2:UK x:UK +:UK +:UK 6.0:UK =:UK
EXPR: 0 | POS | FRA | 22 | 50 | 9.8 | 6.0=((x-4.0)+0.2) | 6.0 x 4.0 - 0.2 + = | 6.0:UK x:UK 4.0:UK -:UK 0.2:UK +:UK =:UK
EXPR: 0 | POS | FRA | 22 | 50 | 9.8 | (4.0+6.0)=(x+0.2) | 4.0 6.0 + x 0.2 + = | 4.0:UK 6.0:UK +:UK x:UK 0.2:UK +:UK =:UK
EXPR: 0 | POS | FRA | 22 | 50 | 10.2 | (4.0+6.0)=(x-0.2) | 4.0 6.0 + x 0.2 - = | 4.0:UK 6.0:UK +:UK x:UK 0.2:UK -:UK =:UK
EXPR: 0 | POS | FRA | 22 | 50 | 1.8 | (x+4.0)=(6.0-0.2) | x 4.0 + 6.0 0.2 - = | x:UK 4.0:UK +:UK 6.0:UK 0.2:UK -:UK =:UK
EXPR: 0 | POS | FRA | 22 | 50 | 7.5 | (4.0*x)=(6.0/0.2) | 4.0 x * 6.0 0.2 / = | 4.0:UK x:UK *:UK 6.0:UK 0.2:UK /:UK =:UK
EXPR: 0 | POS | FRA | 22 | 50 | 10.2 | 4.0=((x-0.2)-6.0) | 4.0 x 0.2 - 6.0 - = | 4.0:UK x:UK 0.2:UK -:UK 6.0:UK -:UK =:UK
EXPR: 0 | POS | FRA | 22 | 50 | 2.2 | (4.0+x)=(6.0+0.2) | 4.0 x + 6.0 0.2 + = | 4.0:UK x:UK +:UK 6.0:UK 0.2:UK +:UK =:UK
EXPR: 0 | POS | FRA | 22 | 50 | 2.2 | (4.0-6.0)=(0.2-x) | 4.0 6.0 - 0.2 x - = | 4.0:UK 6.0:UK -:UK 0.2:UK x:UK -:UK =:UK
EXPR: 0 | POS | FRA | 22 | 50 | 9.8 | (4.0+6.0)=(0.2+x) | 4.0 6.0 + 0.2 x + = | 4.0:UK 6.0:UK +:UK 0.2:UK x:UK +:UK =:UK
EXPR: 0 | POS | FRA | 22 | 50 | 4.03333333333333 | (6.0*(x-4.0))=0.2 | 6.0 x 4.0 - * 0.2 = | 6.0:UK x:UK 4.0:UK -:UK *:UK 0.2:UK =:UK
EXPR: 0 | POS | INT | 22 | 50 | 34 | (6.0/(x-4.0))=0.2 | 6.0 x 4.0 - / 0.2 = | 6.0:UK x:UK 4.0:UK -:UK /:UK 0.2:UK =:UK
EXPR: 0 | POS | FRA | 22 | 50 | 0.00833333333333333 | (4.0*6.0)=(0.2/x) | 4.0 6.0 * 0.2 x / = | 4.0:UK 6.0:UK *:UK 0.2:UK x:UK /:UK =:UK
EXPR: 0 | POS | FRA | 22 | 50 | 1.8 | (4.0+x)=(6.0-0.2) | 4.0 x + 6.0 0.2 - = | 4.0:UK x:UK +:UK 6.0:UK 0.2:UK -:UK =:UK
EXPR: 0 | POS | FRA | 22 | 50 | 9.8 | 4.0=(0.2+(x-6.0)) | 4.0 0.2 x 6.0 - + = | 4.0:UK 0.2:UK x:UK 6.0:UK -:UK +:UK =:UK
EXPR: 0 | POS | FRA | 22 | 50 | 1.8 | (6.0-(x+4.0))=0.2 | 6.0 x 4.0 + - 0.2 = | 6.0:UK x:UK 4.0:UK +:UK -:UK 0.2:UK =:UK
EXPR: 0 | POS | FRA | 22 | 50 | 0.133333333333333 | (4.0/6.0)=(x/0.2) | 4.0 6.0 / x 0.2 / = | 4.0:UK 6.0:UK /:UK x:UK 0.2:UK /:UK =:UK
EXPR: 0 | POS | FRA | 22 | 50 | 0.7 | (4.0+0.2)=(x*6.0) | 4.0 0.2 + x 6.0 * = | 4.0:UK 0.2:UK +:UK x:UK 6.0:UK *:UK =:UK
EXPR: 0 | POS | FRA | 22 | 50 | 3.33333333333333 | (4.0/6.0)=(x*0.2) | 4.0 6.0 / x 0.2 * = | 4.0:UK 6.0:UK /:UK x:UK 0.2:UK *:UK =:UK
EXPR: 0 | POS | FRA | 22 | 50 | 2.2 | 6.0=((4.0+x)-0.2) | 6.0 4.0 x + 0.2 - = | 6.0:UK 4.0:UK x:UK +:UK 0.2:UK -:UK =:UK
EXPR: 0 | POS | FRA | 22 | 50 | 0.633333333333333 | (4.0-0.2)=(x*6.0) | 4.0 0.2 - x 6.0 * = | 4.0:UK 0.2:UK -:UK x:UK 6.0:UK *:UK =:UK
EXPR: 0 | POS | INT | 22 | 50 | 26 | (6.0/(x+4.0))=0.2 | 6.0 x 4.0 + / 0.2 = | 6.0:UK x:UK 4.0:UK +:UK /:UK 0.2:UK =:UK
EXPR: 0 | POS | INT | 22 | 50 | 120 | (x/4.0)=(6.0/0.2) | x 4.0 / 6.0 0.2 / = | x:UK 4.0:UK /:UK 6.0:UK 0.2:UK /:UK =:UK
EXPR: 0 | POS | FRA | 22 | 50 | 10.2 | ((x-6.0)-4.0)=0.2 | x 6.0 - 4.0 - 0.2 = | x:UK 6.0:UK -:UK 4.0:UK -:UK 0.2:UK =:UK
EXPR: 0 | POS | FRA | 22 | 50 | 1.57894736842105 | (4.0-0.2)=(6.0/x) | 4.0 0.2 - 6.0 x / = | 4.0:UK 0.2:UK -:UK 6.0:UK x:UK /:UK =:UK
EXPR: 0 | POS | FRA | 22 | 50 | 1.42857142857143 | (4.0+0.2)=(6.0/x) | 4.0 0.2 + 6.0 x / = | 4.0:UK 0.2:UK +:UK 6.0:UK x:UK /:UK =:UK
EXPR: 0 | POS | FRA | 22 | 50 | 22.8 | 4.0=((x/6.0)+0.2) | 4.0 x 6.0 / 0.2 + = | 4.0:UK x:UK 6.0:UK /:UK 0.2:UK +:UK =:UK
EXPR: 0 | POS | FRA | 22 | 50 | 1.8 | 6.0=((4.0+x)+0.2) | 6.0 4.0 x + 0.2 + = | 6.0:UK 4.0:UK x:UK +:UK 0.2:UK +:UK =:UK
EXPR: 0 | POS | FRA | 22 | 50 | 25.2 | (x/(4.0+0.2))=6.0 | x 4.0 0.2 + / 6.0 = | x:UK 4.0:UK 0.2:UK +:UK /:UK 6.0:UK =:UK
EXPR: 0 | POS | FRA | 22 | 50 | 1.57894736842105 | (6.0/x)=(4.0-0.2) | 6.0 x / 4.0 0.2 - = | 6.0:UK x:UK /:UK 4.0:UK 0.2:UK -:UK =:UK
EXPR: 0 | POS | FRA | 22 | 50 | 1.42857142857143 | (6.0/x)=(4.0+0.2) | 6.0 x / 4.0 0.2 + = | 6.0:UK x:UK /:UK 4.0:UK 0.2:UK +:UK =:UK
EXPR: 0 | POS | FRA | 22 | 50 | 1.3 | (4.0*(0.2+x))=6.0 | 4.0 0.2 x + * 6.0 = | 4.0:UK 0.2:UK x:UK +:UK *:UK 6.0:UK =:UK
EXPR: 0 | POS | FRA | 22 | 50 | 0.466666666666667 | (4.0/(0.2+x))=6.0 | 4.0 0.2 x + / 6.0 = | 4.0:UK 0.2:UK x:UK +:UK /:UK 6.0:UK =:UK
EXPR: 0 | POS | FRA | 22 | 50 | 2.2 | ((x+4.0)-0.2)=6.0 | x 4.0 + 0.2 - 6.0 = | x:UK 4.0:UK +:UK 0.2:UK -:UK 6.0:UK =:UK
EXPR: 0 | POS | FRA | 22 | 50 | 1.8 | ((x+4.0)+0.2)=6.0 | x 4.0 + 0.2 + 6.0 = | x:UK 4.0:UK +:UK 0.2:UK +:UK 6.0:UK =:UK
EXPR: 0 | POS | INT | 22 | 50 | 26 | 6.0=((4.0+x)*0.2) | 6.0 4.0 x + 0.2 * = | 6.0:UK 4.0:UK x:UK +:UK 0.2:UK *:UK =:UK
EXPR: 0 | POS | FRA | 22 | 50 | 1.3 | 6.0=(4.0*(0.2+x)) | 6.0 4.0 0.2 x + * = | 6.0:UK 4.0:UK 0.2:UK x:UK +:UK *:UK =:UK
EXPR: 0 | POS | FRA | 22 | 50 | 1.8 | 6.0=((x+4.0)+0.2) | 6.0 x 4.0 + 0.2 + = | 6.0:UK x:UK 4.0:UK +:UK 0.2:UK +:UK =:UK
EXPR: 0 | POS | FRA | 22 | 50 | 0.633333333333333 | (6.0*x)=(4.0-0.2) | 6.0 x * 4.0 0.2 - = | 6.0:UK x:UK *:UK 4.0:UK 0.2:UK -:UK =:UK
EXPR: 0 | POS | FRA | 22 | 50 | 0.7 | (6.0*x)=(4.0+0.2) | 6.0 x * 4.0 0.2 + = | 6.0:UK x:UK *:UK 4.0:UK 0.2:UK +:UK =:UK
EXPR: 0 | POS | FRA | 22 | 50 | 0.3 | (4.0/6.0)=(0.2/x) | 4.0 6.0 / 0.2 x / = | 4.0:UK 6.0:UK /:UK 0.2:UK x:UK /:UK =:UK
EXPR: 0 | POS | FRA | 22 | 50 | 10.2 | 6.0=((x-4.0)-0.2) | 6.0 x 4.0 - 0.2 - = | 6.0:UK x:UK 4.0:UK -:UK 0.2:UK -:UK =:UK
EXPR: 0 | POS | FRA | 22 | 50 | 2.2 | (4.0-(0.2-x))=6.0 | 4.0 0.2 x - - 6.0 = | 4.0:UK 0.2:UK x:UK -:UK -:UK 6.0:UK =:UK
EXPR: 0 | POS | FRA | 22 | 50 | 3.33333333333333 | (4.0/6.0)=(0.2*x) | 4.0 6.0 / 0.2 x * = | 4.0:UK 6.0:UK /:UK 0.2:UK x:UK *:UK =:UK
EXPR: 0 | POS | FRA | 22 | 50 | 9.8 | (6.0-(x-4.0))=0.2 | 6.0 x 4.0 - - 0.2 = | 6.0:UK x:UK 4.0:UK -:UK -:UK 0.2:UK =:UK
EXPR: 0 | POS | FRA | 22 | 50 | 0.633333333333333 | (4.0-0.2)=(6.0*x) | 4.0 0.2 - 6.0 x * = | 4.0:UK 0.2:UK -:UK 6.0:UK x:UK *:UK =:UK
EXPR: 0 | POS | FRA | 22 | 50 | 0.7 | (4.0+0.2)=(6.0*x) | 4.0 0.2 + 6.0 x * = | 4.0:UK 0.2:UK +:UK 6.0:UK x:UK *:UK =:UK
EXPR: 0 | POS | FRA | 22 | 50 | 22.8 | (x/(4.0-0.2))=6.0 | x 4.0 0.2 - / 6.0 = | x:UK 4.0:UK 0.2:UK -:UK /:UK 6.0:UK =:UK
EXPR: 0 | POS | FRA | 22 | 50 | 2.2 | ((x-6.0)+4.0)=0.2 | x 6.0 - 4.0 + 0.2 = | x:UK 6.0:UK -:UK 4.0:UK +:UK 0.2:UK =:UK
EXPR: 0 | POS | FRA | 22 | 50 | 1.8 | ((6.0-x)-4.0)=0.2 | 6.0 x - 4.0 - 0.2 = | 6.0:UK x:UK -:UK 4.0:UK -:UK 0.2:UK =:UK
EXPR: 0 | POS | FRA | 22 | 50 | 24.8 | ((x/4.0)-6.0)=0.2 | x 4.0 / 6.0 - 0.2 = | x:UK 4.0:UK /:UK 6.0:UK -:UK 0.2:UK =:UK
EXPR: 0 | POS | FRA | 22 | 50 | 5.2 | ((x-4.0)/6.0)=0.2 | x 4.0 - 6.0 / 0.2 = | x:UK 4.0:UK -:UK 6.0:UK /:UK 0.2:UK =:UK
EXPR: 0 | POS | FRA | 22 | 50 | 0.466666666666667 | 6.0=(4.0/(x+0.2)) | 6.0 4.0 x 0.2 + / = | 6.0:UK 4.0:UK x:UK 0.2:UK +:UK /:UK =:UK
EXPR: 0 | POS | FRA | 22 | 50 | 10.2 | ((x-4.0)-0.2)=6.0 | x 4.0 - 0.2 - 6.0 = | x:UK 4.0:UK -:UK 0.2:UK -:UK 6.0:UK =:UK
EXPR: 0 | POS | INT | 22 | 50 | 10 | (6.0-4.0)=(x*0.2) | 6.0 4.0 - x 0.2 * = | 6.0:UK 4.0:UK -:UK x:UK 0.2:UK *:UK =:UK
EXPR: 0 | POS | FRA | 22 | 50 | 0.866666666666667 | 6.0=(4.0/(x-0.2)) | 6.0 4.0 x 0.2 - / = | 6.0:UK 4.0:UK x:UK 0.2:UK -:UK /:UK =:UK
EXPR: 0 | POS | FRA | 22 | 50 | 9.8 | ((x-4.0)+0.2)=6.0 | x 4.0 - 0.2 + 6.0 = | x:UK 4.0:UK -:UK 0.2:UK +:UK 6.0:UK =:UK
EXPR: 0 | POS | INT | 22 | 50 | 34 | 6.0=((x-4.0)*0.2) | 6.0 x 4.0 - 0.2 * = | 6.0:UK x:UK 4.0:UK -:UK 0.2:UK *:UK =:UK
EXPR: 0 | POS | FRA | 22 | 50 | 10.2 | (x-(4.0+0.2))=6.0 | x 4.0 0.2 + - 6.0 = | x:UK 4.0:UK 0.2:UK +:UK -:UK 6.0:UK =:UK
EXPR: 0 | POS | FRA | 22 | 50 | 2.2 | (x+(4.0-0.2))=6.0 | x 4.0 0.2 - + 6.0 = | x:UK 4.0:UK 0.2:UK -:UK +:UK 6.0:UK =:UK
EXPR: 0 | POS | FRA | 22 | 50 | 2.2 | 6.0=(4.0-(0.2-x)) | 6.0 4.0 0.2 x - - = | 6.0:UK 4.0:UK 0.2:UK x:UK -:UK -:UK =:UK
EXPR: 0 | POS | FRA | 22 | 50 | 2.2 | (4.0+(x-0.2))=6.0 | 4.0 x 0.2 - + 6.0 = | 4.0:UK x:UK 0.2:UK -:UK +:UK 6.0:UK =:UK
EXPR: 0 | POS | FRA | 22 | 50 | 9.8 | (x-(4.0-0.2))=6.0 | x 4.0 0.2 - - 6.0 = | x:UK 4.0:UK 0.2:UK -:UK -:UK 6.0:UK =:UK
EXPR: 0 | POS | FRA | 22 | 50 | 0.466666666666667 | ((4.0/6.0)-x)=0.2 | 4.0 6.0 / x - 0.2 = | 4.0:UK 6.0:UK /:UK x:UK -:UK 0.2:UK =:UK
EXPR: 0 | POS | FRA | 22 | 50 | 1.8 | (x+(4.0+0.2))=6.0 | x 4.0 0.2 + + 6.0 = | x:UK 4.0:UK 0.2:UK +:UK +:UK 6.0:UK =:UK
EXPR: 0 | POS | FRA | 22 | 50 | 2.2 | 6.0=(4.0+(x-0.2)) | 6.0 4.0 x 0.2 - + = | 6.0:UK 4.0:UK x:UK 0.2:UK -:UK +:UK =:UK
EXPR: 0 | POS | FRA | 22 | 50 | 1.8 | (4.0+(x+0.2))=6.0 | 4.0 x 0.2 + + 6.0 = | 4.0:UK x:UK 0.2:UK +:UK +:UK 6.0:UK =:UK
EXPR: 0 | POS | FRA | 22 | 50 | 1.8 | 6.0=(4.0+(0.2+x)) | 6.0 4.0 0.2 x + + = | 6.0:UK 4.0:UK 0.2:UK x:UK +:UK +:UK =:UK
EXPR: 0 | POS | FRA | 22 | 50 | 0.133333333333333 | (4.0/x)=(6.0/0.2) | 4.0 x / 6.0 0.2 / = | 4.0:UK x:UK /:UK 6.0:UK 0.2:UK /:UK =:UK
EXPR: 0 | POS | FRA | 22 | 50 | 0.1 | (6.0-4.0)=(0.2/x) | 6.0 4.0 - 0.2 x / = | 6.0:UK 4.0:UK -:UK 0.2:UK x:UK /:UK =:UK
EXPR: 0 | POS | INT | 22 | 50 | 26 | 6.0=((x+4.0)*0.2) | 6.0 x 4.0 + 0.2 * = | 6.0:UK x:UK 4.0:UK +:UK 0.2:UK *:UK =:UK
EXPR: 0 | POS | FRA | 22 | 50 | 2.2 | 6.0=((4.0-0.2)+x) | 6.0 4.0 0.2 - x + = | 6.0:UK 4.0:UK 0.2:UK -:UK x:UK +:UK =:UK
EXPR: 0 | POS | INT | 22 | 50 | 26 | ((x+4.0)*0.2)=6.0 | x 4.0 + 0.2 * 6.0 = | x:UK 4.0:UK +:UK 0.2:UK *:UK 6.0:UK =:UK
EXPR: 0 | POS | FRA | 22 | 50 | 0.466666666666667 | 6.0=(4.0/(0.2+x)) | 6.0 4.0 0.2 x + / = | 6.0:UK 4.0:UK 0.2:UK x:UK +:UK /:UK =:UK
EXPR: 0 | POS | FRA | 22 | 50 | 0.466666666666667 | 4.0=((x+0.2)*6.0) | 4.0 x 0.2 + 6.0 * = | 4.0:UK x:UK 0.2:UK +:UK 6.0:UK *:UK =:UK
EXPR: 0 | POS | FRA | 22 | 50 | 0.866666666666667 | 4.0=((x-0.2)*6.0) | 4.0 x 0.2 - 6.0 * = | 4.0:UK x:UK 0.2:UK -:UK 6.0:UK *:UK =:UK
EXPR: 0 | POS | FRA | 22 | 50 | 0.4 | (x/(6.0-4.0))=0.2 | x 6.0 4.0 - / 0.2 = | x:UK 6.0:UK 4.0:UK -:UK /:UK 0.2:UK =:UK
EXPR: 0 | POS | INT | 22 | 50 | 14 | 4.0=(0.2*(6.0+x)) | 4.0 0.2 6.0 x + * = | 4.0:UK 0.2:UK 6.0:UK x:UK +:UK *:UK =:UK
EXPR: 0 | POS | FRA | 22 | 50 | 1.8 | 6.0=(4.0+(x+0.2)) | 6.0 4.0 x 0.2 + + = | 6.0:UK 4.0:UK x:UK 0.2:UK +:UK +:UK =:UK
EXPR: 0 | POS | FRA | 22 | 50 | 0.866666666666667 | (x-(4.0/6.0))=0.2 | x 4.0 6.0 / - 0.2 = | x:UK 4.0:UK 6.0:UK /:UK -:UK 0.2:UK =:UK
EXPR: 0 | POS | FRA | 22 | 50 | 5.95 | 4.0=(0.2/(6.0-x)) | 4.0 0.2 6.0 x - / = | 4.0:UK 0.2:UK 6.0:UK x:UK -:UK /:UK =:UK
EXPR: 0 | POS | FRA | 22 | 50 | 10.2 | 6.0=(x-(4.0+0.2)) | 6.0 x 4.0 0.2 + - = | 6.0:UK x:UK 4.0:UK 0.2:UK +:UK -:UK =:UK
EXPR: 0 | POS | FRA | 22 | 50 | 2.2 | ((4.0+x)-0.2)=6.0 | 4.0 x + 0.2 - 6.0 = | 4.0:UK x:UK +:UK 0.2:UK -:UK 6.0:UK =:UK
EXPR: 0 | POS | FRA | 22 | 50 | 1.8 | ((4.0+x)+0.2)=6.0 | 4.0 x + 0.2 + 6.0 = | 4.0:UK x:UK +:UK 0.2:UK +:UK 6.0:UK =:UK
EXPR: 0 | POS | FRA | 22 | 50 | 1.8 | 6.0=((4.0+0.2)+x) | 6.0 4.0 0.2 + x + = | 6.0:UK 4.0:UK 0.2:UK +:UK x:UK +:UK =:UK
EXPR: 0 | POS | INT | 22 | 50 | 14 | 4.0=(0.2*(x+6.0)) | 4.0 0.2 x 6.0 + * = | 4.0:UK 0.2:UK x:UK 6.0:UK +:UK *:UK =:UK
EXPR: 0 | POS | FRA | 22 | 50 | 1.8 | 6.0=(x+(4.0+0.2)) | 6.0 x 4.0 0.2 + + = | 6.0:UK x:UK 4.0:UK 0.2:UK +:UK +:UK =:UK
EXPR: 0 | POS | FRA | 22 | 50 | 2.2 | 6.0=(x+(4.0-0.2)) | 6.0 x 4.0 0.2 - + = | 6.0:UK x:UK 4.0:UK 0.2:UK -:UK +:UK =:UK
EXPR: 0 | POS | FRA | 22 | 50 | 1.7 | (4.0*(x-0.2))=6.0 | 4.0 x 0.2 - * 6.0 = | 4.0:UK x:UK 0.2:UK -:UK *:UK 6.0:UK =:UK
EXPR: 0 | POS | FRA | 22 | 50 | 1.3 | (4.0*(x+0.2))=6.0 | 4.0 x 0.2 + * 6.0 = | 4.0:UK x:UK 0.2:UK +:UK *:UK 6.0:UK =:UK
EXPR: 0 | POS | FRA | 22 | 50 | 0.866666666666667 | (4.0/(x-0.2))=6.0 | 4.0 x 0.2 - / 6.0 = | 4.0:UK x:UK 0.2:UK -:UK /:UK 6.0:UK =:UK
EXPR: 0 | POS | FRA | 22 | 50 | 0.466666666666667 | (4.0/(x+0.2))=6.0 | 4.0 x 0.2 + / 6.0 = | 4.0:UK x:UK 0.2:UK +:UK /:UK 6.0:UK =:UK
EXPR: 0 | POS | FRA | 22 | 50 | 6.05 | 4.0=(0.2/(x-6.0)) | 4.0 0.2 x 6.0 - / = | 4.0:UK 0.2:UK x:UK 6.0:UK -:UK /:UK =:UK
EXPR: 0 | POS | FRA | 22 | 50 | 9.8 | 6.0=(x-(4.0-0.2)) | 6.0 x 4.0 0.2 - - = | 6.0:UK x:UK 4.0:UK 0.2:UK -:UK -:UK =:UK
EXPR: 0 | POS | INT | 22 | 50 | 26 | 4.0=(0.2*(x-6.0)) | 4.0 0.2 x 6.0 - * = | 4.0:UK 0.2:UK x:UK 6.0:UK -:UK *:UK =:UK
EXPR: 0 | POS | FRA | 22 | 50 | 9.8 | 4.0=((x+0.2)-6.0) | 4.0 x 0.2 + 6.0 - = | 4.0:UK x:UK 0.2:UK +:UK 6.0:UK -:UK =:UK
EXPR: 0 | POS | FRA | 22 | 50 | 2.2 | 6.0=((x+4.0)-0.2) | 6.0 x 4.0 + 0.2 - = | 6.0:UK x:UK 4.0:UK +:UK 0.2:UK -:UK =:UK
EXPR: 0 | POS | FRA | 22 | 50 | 9.8 | 4.0=((0.2+x)-6.0) | 4.0 0.2 x + 6.0 - = | 4.0:UK 0.2:UK x:UK +:UK 6.0:UK -:UK =:UK
EXPR: 0 | POS | INT | 22 | 50 | 10 | (6.0-4.0)=(0.2*x) | 6.0 4.0 - 0.2 x * = | 6.0:UK 4.0:UK -:UK 0.2:UK x:UK *:UK =:UK
EXPR: 0 | POS | FRA | 27 | 50 | 0.02 | 6.0=((0.2/x)-4.0) | 6.0 0.2 x / 4.0 - = | 6.0:UK 0.2:UK x:UK /:UK 4.0:UK -:UK =:UK
EXPR: 1 | POS | INT | 27 | 50 | 50 | ((x*0.2)-4.0)=6.0 | x 0.2 * 4.0 - 6.0 = | x:UK 0.2:UK *:UK 4.0:UK -:UK 6.0:UK =:UK
EXPR: 0 | POS | FRA | 27 | 50 | 0.633333333333333 | 0.2=(4.0-(6.0*x)) | 0.2 4.0 6.0 x * - = | 0.2:UK 4.0:UK 6.0:UK x:UK *:UK -:UK =:UK
EXPR: 0 | POS | FRA | 27 | 50 | 1.57894736842105 | 0.2=(4.0-(6.0/x)) | 0.2 4.0 6.0 x / - = | 0.2:UK 4.0:UK 6.0:UK x:UK /:UK -:UK =:UK
EXPR: 1 | POS | INT | 27 | 50 | 50 | 6.0=((0.2*x)-4.0) | 6.0 0.2 x * 4.0 - = | 6.0:UK 0.2:UK x:UK *:UK 4.0:UK -:UK =:UK
EXPR: 0 | POS | INT | 27 | 50 | 10 | ((x*0.2)+4.0)=6.0 | x 0.2 * 4.0 + 6.0 = | x:UK 0.2:UK *:UK 4.0:UK +:UK 6.0:UK =:UK
EXPR: 1 | POS | INT | 27 | 50 | 50 | 6.0=((x*0.2)-4.0) | 6.0 x 0.2 * 4.0 - = | 6.0:UK x:UK 0.2:UK *:UK 4.0:UK -:UK =:UK
EXPR: 0 | POS | FRA | 27 | 50 | 1.55 | 0.2=((x*4.0)-6.0) | 0.2 x 4.0 * 6.0 - = | 0.2:UK x:UK 4.0:UK *:UK 6.0:UK -:UK =:UK
EXPR: 0 | POS | INT | 27 | 50 | 10 | 6.0=((x*0.2)+4.0) | 6.0 x 0.2 * 4.0 + = | 6.0:UK x:UK 0.2:UK *:UK 4.0:UK +:UK =:UK
EXPR: 0 | POS | INT | 27 | 50 | 10 | (6.0-(x*0.2))=4.0 | 6.0 x 0.2 * - 4.0 = | 6.0:UK x:UK 0.2:UK *:UK -:UK 4.0:UK =:UK
EXPR: 0 | POS | FRA | 27 | 50 | 0.689655172413793 | 6.0=(0.2+(4.0/x)) | 6.0 0.2 4.0 x / + = | 6.0:UK 0.2:UK 4.0:UK x:UK /:UK +:UK =:UK
EXPR: 0 | POS | FRA | 27 | 50 | 1.45 | (0.2+(x*4.0))=6.0 | 0.2 x 4.0 * + 6.0 = | 0.2:UK x:UK 4.0:UK *:UK +:UK 6.0:UK =:UK
EXPR: 0 | POS | FRA | 27 | 50 | 0.689655172413793 | (0.2+(4.0/x))=6.0 | 0.2 4.0 x / + 6.0 = | 0.2:UK 4.0:UK x:UK /:UK +:UK 6.0:UK =:UK
EXPR: 0 | POS | FRA | 27 | 50 | 1.45 | 6.0=(0.2+(4.0*x)) | 6.0 0.2 4.0 x * + = | 6.0:UK 0.2:UK 4.0:UK x:UK *:UK +:UK =:UK
EXPR: 0 | POS | FRA | 27 | 50 | 1.45 | (0.2+(4.0*x))=6.0 | 0.2 4.0 x * + 6.0 = | 0.2:UK 4.0:UK x:UK *:UK +:UK 6.0:UK =:UK
EXPR: 0 | POS | FRA | 27 | 50 | 0.02 | 0.2=(x*(4.0+6.0)) | 0.2 x 4.0 6.0 + * = | 0.2:UK x:UK 4.0:UK 6.0:UK +:UK *:UK =:UK
EXPR: 0 | POS | FRA | 27 | 50 | 1.55 | 0.2=((4.0*x)-6.0) | 0.2 4.0 x * 6.0 - = | 0.2:UK 4.0:UK x:UK *:UK 6.0:UK -:UK =:UK
EXPR: 0 | POS | FRA | 27 | 50 | 0.1 | 6.0=((0.2/x)+4.0) | 6.0 0.2 x / 4.0 + = | 6.0:UK 0.2:UK x:UK /:UK 4.0:UK +:UK =:UK
EXPR: 0 | POS | INT | 27 | 50 | 10 | 6.0=((0.2*x)+4.0) | 6.0 0.2 x * 4.0 + = | 6.0:UK 0.2:UK x:UK *:UK 4.0:UK +:UK =:UK
EXPR: 0 | POS | FRA | 27 | 50 | 0.645161290322581 | 0.2=((4.0/x)-6.0) | 0.2 4.0 x / 6.0 - = | 0.2:UK 4.0:UK x:UK /:UK 6.0:UK -:UK =:UK
EXPR: 0 | POS | INT | 27 | 50 | 10 | (6.0-(0.2*x))=4.0 | 6.0 0.2 x * - 4.0 = | 6.0:UK 0.2:UK x:UK *:UK -:UK 4.0:UK =:UK
EXPR: 0 | POS | FRA | 27 | 50 | 0.02 | ((0.2/x)-4.0)=6.0 | 0.2 x / 4.0 - 6.0 = | 0.2:UK x:UK /:UK 4.0:UK -:UK 6.0:UK =:UK
EXPR: 0 | POS | FRA | 27 | 50 | 0.1 | ((0.2/x)+4.0)=6.0 | 0.2 x / 4.0 + 6.0 = | 0.2:UK x:UK /:UK 4.0:UK +:UK 6.0:UK =:UK
EXPR: 0 | POS | FRA | 27 | 50 | 1.42857142857143 | ((6.0/x)-0.2)=4.0 | 6.0 x / 0.2 - 4.0 = | 6.0:UK x:UK /:UK 0.2:UK -:UK 4.0:UK =:UK
EXPR: 0 | POS | FRA | 27 | 50 | 1.57894736842105 | ((6.0/x)+0.2)=4.0 | 6.0 x / 0.2 + 4.0 = | 6.0:UK x:UK /:UK 0.2:UK +:UK 4.0:UK =:UK
EXPR: 0 | POS | FRA | 27 | 50 | 0.7 | ((6.0*x)-0.2)=4.0 | 6.0 x * 0.2 - 4.0 = | 6.0:UK x:UK *:UK 0.2:UK -:UK 4.0:UK =:UK
EXPR: 0 | POS | FRA | 27 | 50 | 0.633333333333333 | ((6.0*x)+0.2)=4.0 | 6.0 x * 0.2 + 4.0 = | 6.0:UK x:UK *:UK 0.2:UK +:UK 4.0:UK =:UK
EXPR: 1 | POS | INT | 27 | 50 | 50 | ((0.2*x)-4.0)=6.0 | 0.2 x * 4.0 - 6.0 = | 0.2:UK x:UK *:UK 4.0:UK -:UK 6.0:UK =:UK
EXPR: 0 | POS | INT | 27 | 50 | 10 | ((0.2*x)+4.0)=6.0 | 0.2 x * 4.0 + 6.0 = | 0.2:UK x:UK *:UK 4.0:UK +:UK 6.0:UK =:UK
EXPR: 0 | POS | FRA | 27 | 50 | 0.7 | ((x*6.0)-0.2)=4.0 | x 6.0 * 0.2 - 4.0 = | x:UK 6.0:UK *:UK 0.2:UK -:UK 4.0:UK =:UK
EXPR: 0 | POS | FRA | 27 | 50 | 0.1 | (6.0-(0.2/x))=4.0 | 6.0 0.2 x / - 4.0 = | 6.0:UK 0.2:UK x:UK /:UK -:UK 4.0:UK =:UK
EXPR: 0 | POS | FRA | 27 | 50 | 0.02 | 0.2=((4.0+6.0)*x) | 0.2 4.0 6.0 + x * = | 0.2:UK 4.0:UK 6.0:UK +:UK x:UK *:UK =:UK
EXPR: 0 | POS | FRA | 27 | 50 | 0.689655172413793 | (x*(6.0-0.2))=4.0 | x 6.0 0.2 - * 4.0 = | x:UK 6.0:UK 0.2:UK -:UK *:UK 4.0:UK =:UK
EXPR: 0 | POS | FRA | 27 | 50 | 0.633333333333333 | ((x*6.0)+0.2)=4.0 | x 6.0 * 0.2 + 4.0 = | x:UK 6.0:UK *:UK 0.2:UK +:UK 4.0:UK =:UK
EXPR: 1 | POS | INT | 27 | 50 | 50 | 0.2=((4.0+6.0)/x) | 0.2 4.0 6.0 + x / = | 0.2:UK 4.0:UK 6.0:UK +:UK x:UK /:UK =:UK
EXPR: 0 | POS | FRA | 27 | 50 | 1.45 | 6.0=(0.2+(x*4.0)) | 6.0 0.2 x 4.0 * + = | 6.0:UK 0.2:UK x:UK 4.0:UK *:UK +:UK =:UK
EXPR: 0 | POS | FRA | 27 | 50 | 0.633333333333333 | 0.2=(4.0-(x*6.0)) | 0.2 4.0 x 6.0 * - = | 0.2:UK 4.0:UK x:UK 6.0:UK *:UK -:UK =:UK
EXPR: 0 | POS | FRA | 27 | 50 | 0.645161290322581 | ((6.0+0.2)*x)=4.0 | 6.0 0.2 + x * 4.0 = | 6.0:UK 0.2:UK +:UK x:UK *:UK 4.0:UK =:UK
EXPR: 0 | POS | FRA | 27 | 50 | 0.689655172413793 | ((6.0-0.2)*x)=4.0 | 6.0 0.2 - x * 4.0 = | 6.0:UK 0.2:UK -:UK x:UK *:UK 4.0:UK =:UK
EXPR: 0 | POS | FRA | 27 | 50 | 1.45 | ((6.0-0.2)/x)=4.0 | 6.0 0.2 - x / 4.0 = | 6.0:UK 0.2:UK -:UK x:UK /:UK 4.0:UK =:UK
EXPR: 0 | POS | FRA | 27 | 50 | 0.645161290322581 | (x*(6.0+0.2))=4.0 | x 6.0 0.2 + * 4.0 = | x:UK 6.0:UK 0.2:UK +:UK *:UK 4.0:UK =:UK
EXPR: 0 | POS | FRA | 27 | 50 | 1.55 | ((6.0+0.2)/x)=4.0 | 6.0 0.2 + x / 4.0 = | 6.0:UK 0.2:UK +:UK x:UK /:UK 4.0:UK =:UK
EXPR: 0 | POS | FRA | 30 | 50 | 6.8 | ((4.0*0.2)+6.0)=x | 4.0 0.2 * 6.0 + x = | 4.0:UK 0.2:UK *:UK 6.0:UK +:UK x:UK =:UK
EXPR: 0 | POS | FRA | 30 | 50 | 3.96666666666667 | (4.0-(0.2/6.0))=x | 4.0 0.2 6.0 / - x = | 4.0:UK 0.2:UK 6.0:UK /:UK -:UK x:UK =:UK
EXPR: 0 | POS | FRA | 30 | 50 | 4.03333333333333 | (4.0+(0.2/6.0))=x | 4.0 0.2 6.0 / + x = | 4.0:UK 0.2:UK 6.0:UK /:UK +:UK x:UK =:UK
EXPR: 0 | POS | FRA | 30 | 50 | 1.3 | ((6.0/4.0)-0.2)=x | 6.0 4.0 / 0.2 - x = | 6.0:UK 4.0:UK /:UK 0.2:UK -:UK x:UK =:UK
EXPR: 0 | POS | FRA | 30 | 50 | 1.7 | ((6.0/4.0)+0.2)=x | 6.0 4.0 / 0.2 + x = | 6.0:UK 4.0:UK /:UK 0.2:UK +:UK x:UK =:UK
EXPR: 0 | POS | INT | 30 | 50 | 14 | ((4.0/0.2)-6.0)=x | 4.0 0.2 / 6.0 - x = | 4.0:UK 0.2:UK /:UK 6.0:UK -:UK x:UK =:UK
EXPR: 0 | POS | INT | 30 | 50 | 26 | ((4.0/0.2)+6.0)=x | 4.0 0.2 / 6.0 + x = | 4.0:UK 0.2:UK /:UK 6.0:UK +:UK x:UK =:UK
EXPR: 0 | POS | INT | 30 | 50 | 10 | ((6.0-4.0)/0.2)=x | 6.0 4.0 - 0.2 / x = | 6.0:UK 4.0:UK -:UK 0.2:UK /:UK x:UK =:UK
EXPR: 0 | POS | FRA | 30 | 50 | 5.2 | (6.0-(4.0*0.2))=x | 6.0 4.0 0.2 * - x = | 6.0:UK 4.0:UK 0.2:UK *:UK -:UK x:UK =:UK
EXPR: 0 | POS | FRA | 30 | 50 | 6.8 | (6.0+(4.0*0.2))=x | 6.0 4.0 0.2 * + x = | 6.0:UK 4.0:UK 0.2:UK *:UK +:UK x:UK =:UK
EXPR: 0 | POS | FRA | 30 | 50 | 0.7 | ((4.0+0.2)/6.0)=x | 4.0 0.2 + 6.0 / x = | 4.0:UK 0.2:UK +:UK 6.0:UK /:UK x:UK =:UK
EXPR: 0 | POS | FRA | 30 | 50 | 0.7 | x=((4.0+0.2)/6.0) | x 4.0 0.2 + 6.0 / = | x:UK 4.0:UK 0.2:UK +:UK 6.0:UK /:UK =:UK
EXPR: 0 | POS | FRA | 30 | 50 | 6.8 | x=((4.0*0.2)+6.0) | x 4.0 0.2 * 6.0 + = | x:UK 4.0:UK 0.2:UK *:UK 6.0:UK +:UK =:UK
EXPR: 0 | POS | FRA | 30 | 50 | 0.633333333333333 | x=((4.0-0.2)/6.0) | x 4.0 0.2 - 6.0 / = | x:UK 4.0:UK 0.2:UK -:UK 6.0:UK /:UK =:UK
EXPR: 0 | POS | INT | 30 | 50 | 10 | x=((6.0-4.0)/0.2) | x 6.0 4.0 - 0.2 / = | x:UK 6.0:UK 4.0:UK -:UK 0.2:UK /:UK =:UK
EXPR: 0 | POS | FRA | 30 | 50 | 1.3 | x=((6.0/4.0)-0.2) | x 6.0 4.0 / 0.2 - = | x:UK 6.0:UK 4.0:UK /:UK 0.2:UK -:UK =:UK
EXPR: 0 | POS | FRA | 30 | 50 | 5.2 | x=(6.0-(4.0*0.2)) | x 6.0 4.0 0.2 * - = | x:UK 6.0:UK 4.0:UK 0.2:UK *:UK -:UK =:UK
EXPR: 0 | POS | INT | 30 | 50 | 26 | (6.0+(4.0/0.2))=x | 6.0 4.0 0.2 / + x = | 6.0:UK 4.0:UK 0.2:UK /:UK +:UK x:UK =:UK
EXPR: 0 | POS | INT | 30 | 50 | 26 | x=(6.0+(4.0/0.2)) | x 6.0 4.0 0.2 / + = | x:UK 6.0:UK 4.0:UK 0.2:UK /:UK +:UK =:UK
EXPR: 0 | POS | FRA | 30 | 50 | 3.96666666666667 | x=(4.0-(0.2/6.0)) | x 4.0 0.2 6.0 / - = | x:UK 4.0:UK 0.2:UK 6.0:UK /:UK -:UK =:UK
EXPR: 0 | POS | FRA | 30 | 50 | 4.03333333333333 | x=(4.0+(0.2/6.0)) | x 4.0 0.2 6.0 / + = | x:UK 4.0:UK 0.2:UK 6.0:UK /:UK +:UK =:UK
EXPR: 0 | POS | FRA | 30 | 50 | 0.633333333333333 | ((4.0-0.2)/6.0)=x | 4.0 0.2 - 6.0 / x = | 4.0:UK 0.2:UK -:UK 6.0:UK /:UK x:UK =:UK
EXPR: 0 | POS | FRA | 30 | 50 | 6.8 | x=(6.0+(4.0*0.2)) | x 6.0 4.0 0.2 * + = | x:UK 6.0:UK 4.0:UK 0.2:UK *:UK +:UK =:UK
EXPR: 0 | POS | INT | 30 | 50 | 14 | x=((4.0/0.2)-6.0) | x 4.0 0.2 / 6.0 - = | x:UK 4.0:UK 0.2:UK /:UK 6.0:UK -:UK =:UK
EXPR: 0 | POS | INT | 30 | 50 | 26 | x=((4.0/0.2)+6.0) | x 4.0 0.2 / 6.0 + = | x:UK 4.0:UK 0.2:UK /:UK 6.0:UK +:UK =:UK
NET 403 unique, non-negative solutions found out of 1000 total solutions
